      h_eth1      
 KB/s in  KB/s out
    0.00      0.00
    0.00      0.00
    0.00      0.00
    0.00      0.00
    0.00      0.00
    0.00      0.00
    0.00      0.00
    0.00      0.00
    0.00      0.00
    0.00      0.00
    0.00      0.00
    0.00      0.00
    0.00      0.00
    0.00      0.00
    1.37      0.00
    0.00      0.00
    0.00      0.00
    0.00      0.00
    0.00      0.00
    0.00      0.00
    0.00      0.00
    0.00      0.00
    0.00      0.00
    0.00      0.00
    0.00      0.00
    0.00      0.00
    0.00      0.00
    0.00      0.00
    0.00      0.00
    0.00      0.00
    0.00      0.00
    0.00      0.00
    0.00      0.00
    0.00      0.00
    0.00      0.00
    0.00      0.00
    0.00      0.00
    0.00      0.00
    0.00      0.00
    0.00      0.00
    0.00      0.00
    0.00      0.00
    0.00      0.00
    0.00      0.00
    0.00      0.00
    0.00      0.00
    0.00      0.00
    0.00      0.00
    0.00      0.00
    0.00      0.00
    0.00      0.00
    0.00      0.00
    0.00      0.00
    0.00      0.00
    0.00      0.00
    0.00      0.00
    0.00      0.00
    0.00      0.00
    0.00      0.00
    0.00      0.00
    0.00      0.00
    0.00      0.00
    0.00      0.00
    0.00      0.00
    0.00      0.00
    0.00      0.00
    0.00      0.00
    0.00      0.00
    0.00      0.00
    0.00      0.00
    0.00      0.00
    0.00      0.00
    0.00      0.00
    0.00      0.00
    0.00      0.00
    0.00      0.00
    0.00      0.00
    0.00      0.00
    0.00      0.00
    0.00      0.00
    0.00      0.00
    0.00      0.00
    0.00      0.00
    0.00      0.00
    0.00      0.00
    0.00      0.00
    0.00      0.00
    0.00      0.00
    0.00      0.00
    0.00      0.00
    0.00      0.00
    0.00      0.00
    0.00      0.00
    0.00      0.00
    0.00      0.00
    0.00      0.00
    0.00      0.00
    0.00      0.00
    0.00      0.00
    0.00      0.00
    0.00      0.00
    0.00      0.00
    0.00      0.00
    0.00      0.00
    0.00      0.00
    0.00      0.00
    0.00      0.00
    0.00      0.00
    0.00      0.00
    0.00      0.00
    1.23      0.00
    0.00      0.00
    0.00      0.00
    0.00      0.00
    0.00      0.00
    0.00      0.00
    0.00      0.00
    0.00      0.00
    0.00      0.00
    0.00      0.00
    0.00      0.00
    0.00      0.00
    0.00      0.00
    0.00      0.00
    0.00      0.00
    0.00      0.00
    0.00      0.00
    0.00      0.00
    0.00      0.00
    0.00      0.00
    0.00      0.00
    0.00      0.00
    0.00      0.00
    0.00      0.00
    0.00      0.00
    0.00      0.00
    0.00      0.68
    0.00      0.00
    0.00      0.00
    0.00      0.00
    0.00      0.00
    0.00      0.00
    0.00      0.00
    0.00      0.00
    0.00      0.00
    0.00      0.00
    0.00      0.00
    0.00      0.00
    0.00      0.00
    0.00      0.00
    0.00      0.00
    0.00      0.00
    0.00      0.00
    0.00      0.00
    0.00      0.00
    0.00      0.00
    0.00      0.00
    0.00      0.00
    0.00      0.00
    0.00      0.00
    0.00      0.00
    0.00      0.00
    0.00      0.00
    0.00      0.00
    0.00      0.00
    0.00      0.00
    0.00      0.00
    0.00      0.00
    0.00      0.00
    0.00      0.00
    0.00      0.00
    0.00      0.00
    0.00      0.00
    0.00      0.00
    0.00      0.00
    0.00      0.00
    0.00      0.00
    0.00      0.00
    0.00      0.00
    0.00      0.00
    0.00      0.00
    0.00      0.00
    0.00      0.00
    0.00      0.00
    0.00      0.00
    0.00      0.00
    0.00      0.00
    0.00      0.00
    0.00      0.00
    0.00      0.00
    0.00      0.00
    0.00      0.00
    0.00      0.00
    0.00      0.00
    0.00      0.00
    0.00      0.00
    0.00      0.00
    0.00      0.00
    0.00      0.00
    0.00      0.00
    0.00      0.00
    0.00      0.00
    0.00      0.00
    0.00      0.00
    0.00      0.00
    0.00      0.00
    0.00      0.00
    0.00      0.00
    0.00      0.00
    0.00      0.00
    0.41      0.00
    0.00      0.00
    0.00      0.00
    0.00      0.00
    0.00      0.00
    0.00      0.00
    0.00      0.00
    0.00      0.00
    0.68      0.00
    0.00      0.00
    0.00      0.00
    0.00      0.00
    0.00      0.00
    0.00      0.00
    0.00      0.00
    0.00      0.00
    0.00      0.00
    0.00      0.00
    0.00      0.00
    0.00      0.00
    0.00      0.00
    0.00      0.00
    0.00      0.00
    0.00      0.00
    0.00      0.00
    0.00      0.00
    0.00      0.00
    0.00      0.00
    0.00      0.00
    0.00      0.00
    0.00      0.00
    0.00      0.00
    0.00      0.00
    0.00      0.00
    0.00      0.00
    0.00      0.00
    0.00      0.00
    0.00      0.00
    0.00      0.00
    0.00      0.00
    0.00      0.00
    0.00      0.00
    0.00      0.00
    0.00      0.00
    0.00      0.00
    0.00      0.00
    0.00      0.00
    0.00      0.00
    0.00      0.00
    1.36      0.00
    0.00      0.00
    0.00      0.00
    0.00      0.00
    0.00      0.00
    0.00      0.00
    0.00      0.00
    0.00      0.00
    0.00      0.00
    0.00      0.00
    0.00      0.00
    0.00      0.00
    0.00      0.00
    0.00      0.00
    0.00      0.00
    0.00      0.00
    0.00      0.00
    0.00      0.00
    0.00      0.00
    0.00      0.00
    0.00      0.00
    0.00      0.00
    0.00      0.00
    0.00      0.00
    0.00      0.00
    0.00      0.00
    0.00      0.00
    0.00      0.00
    0.00      0.00
    0.00      0.00
    0.00      0.00
    0.00      0.00
    0.00      0.00
    0.00      0.00
    0.00      0.00
    0.00      0.00
    0.00      0.00
    0.00      0.00
    0.00      0.00
    0.00      0.00
    0.00      0.00
    0.00      0.00
    0.00      0.00
    0.00      0.00
    0.00      0.00
    0.00      0.00
    0.00      0.00
    0.00      0.00
    0.00      0.00
    0.00      0.00
    0.00      0.00
    0.41      0.00
    0.00      0.00
    0.00      0.00
    0.00      0.00
    0.00      0.00
    0.00      0.00
    0.00      0.00
    0.00      0.00
    0.00      0.00
    0.00      0.00
    0.00      0.00
    0.00      0.00
    0.00      0.00
    0.00      0.00
    0.00      0.00
    0.00      0.00
    0.00      0.00
    0.00      0.00
    0.00      0.00
    0.00      0.00
    0.00      0.00
    0.00      0.00
    0.00      0.00
    0.00      0.00
    0.00      0.00
    0.00      0.00
    0.00      0.00
    0.00      0.00
    0.00      0.00
    0.00      0.00
    0.00      0.00
    0.00      0.00
    0.00      0.00
    0.00      0.00
    0.00      0.00
    0.00      0.00
    0.00      0.00
    0.00      0.00
    0.00      0.00
    0.00      0.00
    0.00      0.00
    0.00      0.00
    0.00      0.00
    0.00      0.00
    0.00      0.00
    0.00      0.00
    0.00      0.00
    0.00      0.00
    0.00      0.00
    0.00      0.00
    0.00      0.00
    0.00      0.00
    0.00      0.00
    0.00      0.00
    0.00      0.00
    0.00      0.00
    0.00      0.00
    0.00      0.00
    0.00      0.00
    0.00      0.00
    0.00      0.00
    0.00      0.00
    0.00      0.00
    0.00      0.00
    0.00      0.00
    0.00      0.00
    0.00      0.00
    0.00      0.00
    0.00      0.00
    0.00      0.00
    0.00      0.00
    0.00      0.00
    0.00      0.00
    0.00      0.00
    0.00      0.00
    0.00      0.00
    0.00      0.00
    0.00      0.00
    0.00      0.00
    0.00      0.00
    0.00      0.00
    0.00      0.00
    0.00      0.00
    0.00      0.00
    0.00      0.00
    0.00      0.00
    0.00      0.00
    0.00      0.00
    0.00      0.00
    0.00      0.00
    0.00      0.00
    0.00      0.00
    0.00      0.00
    0.00      0.00
    0.00      0.00
    0.00      0.00
    0.00      0.00
    0.00      0.00
    0.00      0.00
    0.00      0.00
    0.00      0.00
    0.00      0.00
    0.00      0.00
    0.00      0.00
    0.00      0.00
    0.00      0.00
    0.00      0.00
    0.00      0.00
    0.00      0.00
    0.00      0.00
    0.00      0.00
    0.00      0.00
    0.00      0.00
    0.00      0.00
    0.00      0.00
    0.00      0.00
    0.00      0.00
    0.00      0.00
    0.00      0.00
    0.00      0.00
    0.00      0.00
    0.00      0.00
    0.00      0.00
    0.00      0.00
    0.00      0.00
    0.00      0.00
    0.00      0.00
    0.00      0.00
    0.00      0.00
    0.00      0.00
    0.00      0.00
    0.00      0.00
    0.00      0.00
    0.00      0.00
    0.00      0.00
    0.00      0.00
    0.00      0.00
    0.00      0.00
    0.00      0.00
    0.00      0.00
    0.00      0.00
    0.00      0.00
    0.00      0.00
    0.00      0.00
    0.00      0.00
    0.00      0.00
    0.00      0.00
    0.00      0.00
    0.00      0.00
    0.00      0.00
    0.00      0.00
    0.00      0.00
    0.00      0.00
    0.00      0.00
    0.00      0.00
    0.00      0.00
    0.00      0.00
    0.00      0.00
    0.00      0.00
    0.00      0.00
    0.00      0.00
    0.00      0.00
    0.00      0.00
    0.00      0.00
    0.00      0.00
    0.00      0.00
    0.00      0.00
    0.00      0.00
    0.00      0.00
    0.00      0.00
    0.00      0.00
    0.00      0.00
    0.00      0.00
    0.00      0.00
    0.00      0.00
    0.00      0.00
    0.00      0.00
    0.00      0.00
    0.00      0.00
    0.00      0.00
    0.00      0.00
    0.00      0.00
    0.00      0.00
    0.00      0.00
    0.00      0.00
    0.00      0.00
    0.00      0.00
    0.00      0.00
    0.00      0.00
    0.00      0.00
    0.00      0.00
    0.00      0.00
    0.00      0.00
    0.00      0.00
    0.00      0.00
    0.00      0.00
    0.00      0.00
    0.00      0.00
    0.00      0.00
    0.00      0.00
    0.00      0.00
    0.00      0.00
    0.00      0.00
    0.00      0.00
    0.00      0.00
    0.00      0.00
    0.00      0.00
    0.00      0.00
    0.00      0.00
    0.00      0.00
    0.00      0.00
    0.00      0.00
    0.00      0.00
    0.00      0.00
    0.00      0.00
    0.00      0.00
    0.00      0.00
    0.00      0.00
    0.00      0.00
    0.00      0.00
    0.00      0.00
    0.00      0.00
    0.00      0.00
    0.00      0.00
    0.00      0.00
    0.00      0.00
    0.00      0.00
    0.00      0.00
    0.00      0.00
    0.00      0.00
    0.00      0.00
    0.00      0.00
    0.00      0.00
    0.00      0.00
    0.00      0.00
    0.00      0.00
    0.00      0.00
    0.00      0.00
    0.00      0.00
    0.00      0.00
    0.00      0.00
    0.00      0.00
    0.00      0.00
    0.00      0.00
    0.00      0.00
    0.00      0.00
    0.00      0.00
    0.00      0.00
    0.00      0.00
    0.00      0.00
    0.00      0.00
    0.00      0.00
    0.00      0.00
    0.00      0.00
    0.00      0.00
    0.00      0.00
    0.00      0.00
    0.00      0.00
    0.00      0.00
    0.00      0.00
    0.00      0.00
    0.00      0.00
    0.00      0.00
    0.00      0.00
    0.00      0.00
    0.00      0.00
    0.00      0.00
    0.00      0.00
    0.00      0.00
    0.00      0.00
    0.00      0.00
    0.00      0.00
    0.00      0.00
    0.00      0.00
    0.00      0.00
    0.00      0.00
    0.00      0.00
    0.00      0.00
    0.00      0.00
    0.00      0.00
    0.00      0.00
    0.00      0.00
    0.00      0.00
    0.00      0.00
    0.00      0.00
    0.00      0.00
    0.00      0.00
    0.00      0.00
    0.00      0.00
    0.00      0.00
    0.00      0.00
    0.00      0.00
    0.00      0.00
    0.00      0.00
    0.00      0.00
    0.00      0.00
    0.00      0.00
    0.00      0.00
    0.00      0.00
    0.00      0.00
    0.00      0.00
    0.00      0.00
    0.00      0.00
    0.00      0.00
    0.00      0.00
    0.00      0.00
    0.00      0.00
    0.00      0.00
    0.00      0.00
    0.00      0.00
    0.00      0.00
    0.00      0.00
    0.00      0.00
    0.00      0.00
    0.00      0.00
    0.00      0.00
    0.00      0.00
    0.00      0.00
    0.00      0.00
    0.00      0.00
    0.00      0.00
    0.00      0.00
    0.00      0.00
    0.00      0.00
    0.00      0.00
    0.00      0.00
    0.00      0.00
    0.00      0.00
    0.00      0.00
    0.00      0.00
    0.00      0.00
    0.00      0.00
    0.00      0.00
    0.00      0.00
    0.00      0.00
    0.00      0.00
    0.00      0.00
    0.00      0.00
    0.00      0.00
    0.00      0.00
    0.00      0.00
    0.00      0.00
    0.00      0.00
    0.00      0.00
    0.00      0.00
    0.00      0.00
    0.00      0.00
    0.00      0.00
    0.00      0.00
    0.00      0.00
    0.00      0.00
    0.00      0.00
    0.00      0.00
    0.00      0.00
    0.00      0.00
    0.00      0.00
    0.00      0.00
    0.00      0.00
    0.00      0.00
    0.00      0.00
    0.00      0.00
    0.00      0.00
    0.00      0.00
    0.00      0.00
    0.00      0.00
    0.00      0.00
    0.00      0.00
    0.00      0.00
    0.00      0.00
    0.00      0.00
    0.00      0.00
    0.00      0.00
    0.00      0.00
    0.00      0.00
    0.00      0.00
    0.00      0.00
    0.00      0.00
    0.00      0.00
    0.00      0.00
    0.00      0.00
    0.00      0.00
    0.00      0.00
    0.00      0.00
    0.00      0.00
    0.00      0.00
    0.00      0.00
    0.00      0.00
    0.00      0.00
    0.00      0.00
    0.00      0.00
    0.00      0.00
    0.00      0.00
    0.00      0.00
    0.00      0.00
    0.00      0.00
    0.00      0.00
    0.00      0.00
    0.00      0.00
    0.00      0.00
    0.41      0.00
    0.00      0.00
    0.00      0.00
    0.00      0.00
    0.00      0.00
    0.00      0.00
    0.00      0.00
    0.00      0.00
    0.00      0.00
    0.00      0.00
    0.00      0.00
    0.00      0.00
    0.00      0.00
    0.00      0.00
    0.00      0.00
    0.00      0.00
    0.00      0.00
    0.00      0.00
    0.00      0.00
    0.00      0.00
    0.00      0.00
    0.00      0.00
    0.00      0.00
    0.00      0.00
    0.00      0.00
    0.00      0.00
    0.00      0.00
    0.00      0.00
    0.00      0.00
    0.00      0.00
    0.00      0.00
    0.00      0.00
    0.00      0.00
    0.00      0.00
    0.00      0.00
    0.00      0.00
    0.00      0.00
    0.00      0.00
    0.00      0.00
    0.00      0.00
    0.00      0.00
    0.00      0.00
    0.00      0.00
    0.00      0.00
    0.00      0.00
    0.00      0.00
    0.00      0.00
    0.00      0.00
    0.00      0.00
    0.00      0.00
    0.00      0.00
    0.00      0.00
    0.00      0.00
    0.00      0.00
    0.00      0.00
    0.00      0.00
    0.00      0.00
    0.00      0.00
    0.00      0.00
    0.00      0.00
    0.00      0.00
    0.00      0.00
    0.00      0.00
    0.00      0.00
    0.00      0.00
    0.00      0.00
    0.00      0.00
    0.00      0.00
    0.00      0.00
    0.00      0.00
    0.00      0.00
    0.00      0.00
    0.00      0.00
    0.00      0.00
    0.00      0.00
    0.00      0.00
    0.00      0.00
    0.00      0.00
    0.00      0.00
    0.00      0.00
    0.00      0.00
    0.00      0.00
    0.00      0.00
    0.00      0.00
    0.00      0.00
    0.00      0.00
    0.00      0.00
    0.00      0.00
    0.00      0.00
    0.00      0.00
    0.00      0.00
    0.00      0.00
    0.00      0.00
    0.00      0.00
    0.00      0.00
    0.00      0.00
    0.00      0.00
    0.00      0.00
    0.00      0.00
    0.41     26.15
    0.00      0.00
   25.75     46.30
   21.29     27.28
   47.19     39.82
   52.41     12.80
    9.61      0.00
    1.43      0.00
    0.00      0.00
    0.00      0.00
    0.00      1.11
    0.00      0.00
  170.43    115.96
 1649.84    947.97
  895.93    408.70
  904.79    366.59
  959.75    354.19
  477.88    715.99
  691.55   1675.58
 1054.39   1804.67
  700.30    835.25
  709.35    662.35
  355.62    162.53
  328.21    160.85
  208.71    104.13
  122.66     12.79
  105.96     34.35
   32.92      5.30
   44.85      1.44
    2.60      0.00
    3.47      0.00
    2.46      0.00
    1.74      0.00
    0.00      0.00
    0.00      0.00
    0.00      0.00
    0.00      0.00
    0.00      0.00
    0.00      0.00
    0.00      0.00
    0.00      0.00
    0.00      0.00
    0.00      0.00
    0.00      0.00
    0.00      0.00
    0.00      0.00
    0.00      0.00
    0.00      0.00
    0.00      0.00
    0.00      0.00
    0.00      0.00
    0.00      0.00
    0.00      0.00
    0.41      0.41
    0.00      0.00
    0.00      0.00
    0.00      0.00
    0.00      0.00
    0.00      0.00
    0.00      0.00
    0.00      0.00
    0.00      0.00
    0.00      0.00
    0.00      0.00
    0.00      0.00
    0.00      0.00
    0.00      0.00
    0.00      0.00
    0.00      0.00
  225.83    253.38
   48.29    118.14
  165.58    268.70
  339.12    250.06
  128.48     65.56
   80.58     60.17
   89.56     75.67
   20.15     15.81
   15.17      0.72
   33.07     44.61
    0.00      0.00
   14.37     14.43
   29.62      0.72
    2.15      0.72
    0.00      0.00
    0.00      0.00
    0.72      0.00
    0.00      0.00
    0.00      0.00
    0.00      0.00
    0.00      0.00
    0.00      0.00
    0.00      0.00
    0.00      0.00
    0.00      0.00
    0.00      0.00
    0.00      0.00
    0.00      0.00
    0.00      0.00
    0.00      0.00
    0.00      0.00
    0.00      0.00
    0.00      0.00
    0.00      0.00
    0.00      0.00
    0.00      0.00
    0.00      0.00
    0.00      0.00
    0.00      0.00
    0.00      0.00
    0.00      0.00
    0.00      0.00
    0.00      0.00
  145.93    220.25
   46.78    102.61
  167.13    212.70
   99.10     71.95
   88.85     35.55
  110.97     85.24
  106.85     39.95
  297.97    245.13
  120.12     79.90
  113.44    123.00
  220.82    287.68
  190.48    193.31
  301.11    166.99
   28.74     49.55
  118.89     80.89
   43.96     31.21
   82.55     62.28
   14.86      0.72
    2.16      0.00
    2.88     29.57
   29.58     31.75
    0.00      0.72
   15.60      0.72
   15.51     15.59
   16.31      0.72
    1.46      0.00
    0.72      0.00
    0.00      0.00
    0.00      0.00
    0.00      0.00
    0.00      0.00
    0.00      0.00
    0.00      0.00
    0.00      0.00
    0.00      0.00
    0.00      0.00
    0.00      0.00
    0.00      0.00
    0.00      0.00
    0.00      0.00
    0.00      0.00
    0.00      0.00
    0.00      0.00
    0.00      0.00
    0.00      0.00
    0.00      0.00
    0.00      0.00
    0.00      0.00
    0.00      0.00
    0.00      0.00
    0.00      0.00
    0.00      0.00
    0.00     15.11
   29.91     16.32
    1.43      0.00
    0.00      0.00
    0.00      0.00
  202.60    215.19
   63.31     76.83
   32.79     48.19
   75.48     76.76
  121.23    155.67
  108.38    150.44
  197.94    174.59
  113.67     95.79
   53.63     32.20
   78.79     79.41
   47.30     15.77
   32.79     47.31
   93.01     48.68
    1.46      0.00
    2.16      0.00
    2.89     15.00
    0.00      0.00
   29.99     45.85
    0.00      0.72
    0.00     14.99
   31.49      2.17
   16.52      0.72
    0.00      0.00
    0.00      0.00
    1.44      0.00
    0.00      0.00
    0.00      0.00
    0.00      0.00
    0.00      0.00
    0.00      0.00
    0.00      0.00
    0.82      0.00
    0.00      0.00
    0.00      0.00
    0.00      0.00
    0.00      0.00
    0.00      0.00
    0.00      0.00
    0.00      0.00
    0.00      0.00
    0.00      0.00
    0.00      0.00
    0.00      0.00
  195.98    296.42
  113.81     73.12
   62.07    174.21
  108.90    105.59
   60.80     17.41
  107.12     46.83
  104.00     71.54
  262.06    217.03
  120.86    145.67
  173.86    102.13
  105.73     47.49
   63.15     83.56
   87.94     96.84
   44.21    108.96
  154.68    157.76
  171.16    129.40
   67.75     17.97
   50.41     77.88
   62.25     35.27
   32.42     46.81
   46.06     17.33
   19.45     15.81
   64.63     48.37
    0.00      0.00
    0.72      0.00
    2.16      0.00
    0.00      0.00
    0.00     30.21
   30.20     32.37
    0.00      0.00
   14.46      0.00
   31.64     17.34
    2.88      0.72
    0.00      0.00
    0.00      0.00
    0.72      0.00
    0.00      0.00
    0.00      0.00
    0.00      0.00
    0.00      0.00
    0.00      0.00
    0.00      0.00
    0.00      0.00
    0.00      0.00
    0.00      0.00
    0.00      0.00
    0.00      0.00
    0.00      0.00
    0.00      0.00
    0.00      0.00
    0.00      0.00
    0.00      0.00
    0.00      0.00
   15.76     16.56
   15.09     14.43
    1.46      0.00
   15.03     15.75
   23.97     22.02
    5.05      6.01
   30.67     46.27
   60.41     91.06
   48.57     20.74
    2.74      3.54
   18.38     31.41
   16.46     19.82
   49.95     37.58
    5.95      8.45
   10.98      5.70
    2.03     18.55
    4.12      3.40
    2.03      2.75
   17.80      4.11
    1.37      2.03
    4.19      1.44
    1.31      1.44
    4.77      2.90
    0.41      0.41
    0.00      0.00
    0.00      0.00
    0.00      0.00
    0.00      0.00
    0.00      1.31
    0.65      2.03
    0.65      0.72
    0.00      0.00
    0.72      0.65
    2.75      1.44
    0.72      0.00
    0.00      0.00
    0.72      0.00
    0.00      0.00
    0.00      0.00
    0.00      0.00
    0.00      0.00
    0.00      0.00
    0.00      0.00
    0.00      0.00
    0.00      0.00
    0.00      0.00
   46.80     79.53
  136.64    207.02
  107.98    186.63
   34.47     99.50
  153.08    112.25
  113.32    103.49
  100.94     29.64
   70.44     35.78
  142.14    105.90
  128.63     59.28
   97.67     94.05
  103.60     89.11
   37.68     60.97
   98.39     59.60
   94.92     48.23
   12.56     19.16
   74.11     85.70
   41.71     21.24
   42.42     26.33
   26.12      5.79
    7.73      3.40
    2.10      2.82
    4.19     17.20
    2.75      2.09
    1.96      3.40
   17.27      4.05
    1.45      2.68
    2.75      1.44
    0.72      0.00
    4.26      0.72
    0.72      0.00
    0.00      0.00
    0.00      0.00
    0.41      0.41
    0.00      0.00
    0.00      0.00
    0.65      1.37
    0.65      0.65
    0.65      2.10
    0.00      0.00
    0.00      0.65
    2.75      1.44
    0.00      0.00
    0.72      0.00
    0.00      0.00
    0.72      0.00
    0.00      0.00
    0.00      0.00
    0.00      0.00
    0.00      0.00
    0.00      0.00
    0.00      0.65
    0.00      0.00
    0.00      0.00
    0.74      0.65
   31.29     30.57
    0.72      0.72
    0.00      1.96
   23.23     21.33
    5.05     18.96
   60.29     78.95
   48.57     45.14
   17.91      2.88
   18.26     21.29
   17.83     32.82
   18.52      2.88
   15.74     18.56
   17.80     34.02
   19.08      4.84
    8.31      5.05
   34.06     21.01
    5.29      5.57
    5.56      2.82
    2.03      4.19
    2.16      1.31
    3.40      2.02
    0.00      1.44
    3.40      2.03
    2.68      1.44
    2.84      4.19
    0.65      0.72
    0.00      0.00
    1.37      0.72
    0.72      0.00
    0.00      0.00
    0.00      0.00
    0.00      0.65
    0.00      0.00
    0.82      0.00
    0.00      0.00
    0.72      0.00
    0.00      1.31
    1.31      2.10
    0.00      0.00
    0.00      0.65
    1.37      0.72
    0.65      0.72
    1.44      0.00
    0.00      0.00
   16.31     26.46
  114.46    120.87
   62.65    178.53
   47.05    150.73
  103.15    156.46
   61.26     11.06
  149.34     94.77
   49.08     22.20
  129.56     75.09
  119.00     72.40
  104.24     63.89
   75.09     51.19
  101.61     86.85
   51.66     41.23
   44.92     39.36
  132.38     92.79
   29.82     36.55
   59.21     32.43
   48.97     36.78
   17.20     33.96
   43.57     39.31
   19.36     19.37
    5.05      2.61
   33.27     18.41
   23.55      7.74
    3.47      2.10
    1.96      2.82
    4.19      2.16
    0.89      1.69
    1.31      5.43
    3.46      0.72
    1.44      0.72
    2.88      0.65
    0.65      0.65
    0.00      0.72
    0.72      0.00
    1.37      0.72
    0.00      0.00
    0.00      0.00
    0.00      0.00
    0.65      0.65
    0.00      0.72
    0.00      0.00
    0.00      0.00
    0.00      0.00
    0.00      0.65
    0.72      0.00
    1.31      2.75
    0.00      0.00
    0.65      1.37
    0.72      0.00
    2.09      1.37
    0.00      0.00
    0.00      0.00
    1.46      0.65
    0.72      0.00
   15.81     16.54
    0.00     14.37
   37.62     19.86
   34.15     39.44
    1.44      1.30
   17.76     45.78
   15.75     31.31
   47.92     20.69
   17.55      4.23
    3.45     32.07
   32.13     19.96
    2.02     17.70
    1.38      2.03
   33.77      3.39
    6.08     21.06
   21.66     20.50
   19.76     17.21
   16.15     18.45
    2.75      3.98
   19.88     19.42
    4.19      3.33
   14.28      2.84
    4.18      2.74
    1.44      0.65
    2.03      2.09
    2.68      2.10
    3.40      3.54
    0.00      0.00
    0.72      0.65
    0.72      0.00
    0.65      1.37
    0.72      0.00
    0.41      0.00
    1.37      0.72
    0.00      0.00
    0.00      0.00
    0.00      0.00
    0.00      0.00
    0.65      0.00
    0.00      0.72
    0.00      0.00
    0.00      0.00
    0.00      0.00
   31.26     53.69
  128.54    168.74
   17.08    106.65
  161.31    204.42
   97.38    111.00
   59.93     70.49
   92.86     22.71
   78.47     21.53
   90.07     64.32
   98.18     49.25
  127.80     99.86
  102.70     76.80
   51.34     38.59
  116.39     95.01
   42.45     75.24
   30.15      4.48
   54.22     25.01
    4.92     16.23
   17.01      2.10
    3.33     17.27
   15.76     19.94
    1.31      5.29
    8.37     20.35
   20.01     17.74
   57.68     40.42
   68.93     50.77
   48.61     18.50
    9.04      4.26
    4.74     15.83
    3.04      1.38
    3.34      4.20
   15.90      2.75
    5.55      4.04
    0.72      1.37
    2.09      0.72
    3.46      2.74
    0.72      0.00
    0.00      0.00
    1.44      0.65
    0.00      0.00
    0.65      1.37
    0.72      0.00
    0.00      0.00
    1.37      0.72
    0.00      0.00
    0.00      0.65
    0.00      0.00
    0.00      0.00
    0.00      0.00
    0.72      0.00
    0.00      0.00
    0.00      0.65
    0.00      0.00
    0.00      0.00
    0.74      1.31
    2.03      2.75
    1.96      2.16
    0.00     14.37
   20.69     18.32
   50.61     39.02
   34.20     32.25
    2.82     30.45
   46.89     19.31
    2.89     15.02
    2.01      1.43
   31.29     63.50
   18.51      4.18
   32.20     19.17
   19.24      2.82
    1.37      2.68
    0.72      0.65
    2.88      1.96
    5.22      7.52
    5.49      5.70
    4.19      2.10
    4.05     17.26
   17.14     33.77
   16.53     32.11
   46.60      7.60
    4.05      3.54
    5.06      0.65
    0.72      1.31
    3.98      5.49
    3.47      2.81
    2.75      1.37
    4.12      3.54
    1.31      1.44
    0.72      0.65
    2.03      2.09
    0.00      0.00
    0.72      0.00
    0.72      0.65
    0.00      0.00
    0.65      1.37
    0.72      0.00
    0.00      0.00
    1.37      0.72
    0.00      0.00
    0.00      0.65
    0.65      0.72
  118.07    151.16
   59.98    126.62
   87.16    232.25
  109.79    147.10
  100.95    109.59
  120.56     21.87
  108.41     46.06
   41.67     15.17
   56.63     47.28
   73.16     62.85
   22.44     21.27
   68.62     44.70
   38.37     19.80
   90.27     69.73
    2.15      1.96
   39.71      5.22
   35.57     77.09
   58.85     48.50
   70.26     79.52
   77.42     31.74
   67.46     46.42
   54.69     23.53
   96.76     63.48
   79.59     69.20
    9.87     10.94
   18.26      7.31
    4.26      2.75
    2.03     16.82
   22.16     11.28
    2.03      4.78
    4.06     18.01
    3.54      2.10
   15.11      4.07
    2.61      2.10
    4.19      6.15
    3.47      1.44
    2.16      0.65
    1.44      0.65
    1.37      0.72
    0.65      0.65
    2.03      2.09
    0.72      0.72
    0.72      0.00
    0.72      0.65
    0.00      0.00
    0.65      0.72
    0.72      0.65
    0.00      0.00
    0.65      0.72
    0.72      0.00
    0.00      0.00
    0.00      0.00
    0.00      0.65
    1.30      2.11
    0.00      0.65
    2.77     14.37
    0.72      1.44
   20.08     19.01
   49.71     38.51
    5.04      4.63
    1.44      1.31
   31.57     60.24
    4.19      4.84
   46.62     17.88
    3.33      3.53
    4.76     17.87
    2.75      2.09
   16.39      4.78
    2.88     17.02
   17.08     17.81
   16.36     18.40
   19.33     31.98
    3.55      3.26
   48.60     21.90
    6.29     16.12
   17.12     18.57
    3.33      4.19
   19.03     19.18
   15.04     16.13
   17.03      3.47
    3.23      4.46
    4.12      0.65
    3.54      2.88
    1.44      0.65
    0.72      2.61
    3.26      4.19
    4.12      4.19
    3.33      2.16
    2.88      0.72
    0.00      0.65
    0.65      0.65
    0.00      1.37
    1.37      0.72
    1.30      1.37
    0.72      0.72
    0.72      0.00
    0.72      0.65
    0.00      0.00
    0.65      0.72
  108.26    104.30
   46.79    155.39
    0.65    102.80
   53.62    194.24
   69.86     81.90
   98.47     92.21
   63.06     69.44
  123.88     53.47
   64.02     56.26
   96.24     76.86
  144.88     75.36
  165.83     99.87
   56.88     21.18
   48.29    113.27
   73.57     49.04
   57.25     62.64
   68.50     29.62
   45.83     28.12
   50.99     44.11
    6.97      5.13
   20.57      4.25
    3.40      0.72
   42.20     54.35
   15.75     18.49
   45.18     49.03
   22.32     20.72
   36.41      3.47
   16.99     30.09
    4.78      5.36
    2.82     17.27
   33.78     17.86
   18.81      3.40
    2.68      2.89
    1.44      3.34
    4.71      3.61
    4.19      2.10
    0.00      1.31
    0.72      2.61
    2.61      3.47
    4.26      4.64
    2.11      1.44
    4.85      1.43
    1.44      0.72
    0.00      0.65
    1.37      0.72
    1.37      2.03
    0.00      0.00
    0.65      1.37
    1.78      0.41
    0.00      0.72
    1.44      0.65
    0.00      0.65
    0.65      0.72
    1.46      0.65
    0.00      0.00
    1.37      0.65
    2.03      2.16
    0.00      3.26
    5.56      2.09
    6.66     22.79
   33.02     48.42
   32.02     30.80
   18.56     17.18
   34.15      5.50
    1.44     15.10
    1.37     30.09
    5.22     18.62
   60.21      6.35
    3.55      4.91
    3.54      2.03
   18.40     33.12
   17.11     18.48
   17.90      2.10
    3.59      0.00
    2.09      3.91
    3.92     19.28
   21.32     36.53
   18.42     16.55
   33.69      2.81
   13.81     26.21
    4.13      4.20
    1.44      1.96
   18.66      2.75
    0.65      2.10
    2.16      2.61
    1.38      2.03
    4.77      2.88
    3.54      2.03
    1.71      1.44
    1.37      2.68
    3.33      2.16
    2.82      4.05
    0.65      0.72
    1.39      1.37
    3.47      1.44
    0.00      0.65
    0.65      0.72
    0.65      0.65
    1.44      0.72
   15.61     27.14
  129.30    146.25
   40.82    157.28
   95.67    157.05
   62.59    108.31
    8.33      1.44
   72.08     49.61
   30.62     27.82
   50.34     16.81
   89.19     69.08
   75.63     50.35
  140.25    156.64
  158.83    113.42
  103.59    138.19
  117.55     41.17
   45.73     39.09
   31.83     11.69
    5.56     19.88
   13.13      4.42
   17.26     45.82
   44.91     25.23
   17.55      5.64
   64.82     43.73
   42.59     48.90
    2.82      1.37
   49.01     19.60
    1.31     19.50
   21.58      4.91
    2.88      4.77
   18.53     17.92
    3.54      1.96
   34.38     19.37
    2.75      3.47
    2.75     18.52
    2.75      0.72
    4.20      2.16
    1.37      0.72
    0.00      1.96
    2.61      4.12
    2.81      2.09
    1.37      2.03
    2.75      4.05
    1.44      0.65
    2.68      2.16
    2.88      1.31
    2.03      2.75
    0.72      0.00
    1.44      0.00
    1.37      2.03
    0.65      0.72
    0.65      1.37
    1.37      2.03
    0.00      0.00
    1.44      0.00
    1.46      0.65
    0.00      0.65
    2.03      0.00
    0.00      2.10
    6.22      5.43
    6.67      7.14
    2.82      5.30
   17.98     16.39
   18.26     29.85
   17.90     19.28
   31.22     74.26
   47.92     32.92
   61.53     18.40
    4.70     17.18
    2.09      3.54
    2.68      2.75
   14.43      4.05
    4.11      4.11
    3.54     17.67
   31.31     21.22
    4.98     31.39
   36.54     32.28
    1.37      2.61
   18.33     19.91
   38.66      3.59
    2.03      4.12
    3.53      4.23
    4.78      4.84
    5.50      4.20
    2.82      2.75
    2.75      2.75
    2.75      4.78
    1.37      1.37
    3.61      0.00
    0.00      0.00
    0.72      2.60
    1.96      2.16
    4.85      3.40
    0.65      2.09
    2.02      2.02
    4.12      2.82
    1.31      2.16
    2.82      0.72
    1.30      2.03
    0.00      1.37
   32.30     52.40
  118.60    156.36
   16.99    105.20
   46.35    178.51
   49.60    110.13
  113.34    140.33
   55.60     68.42
  107.20     75.83
   17.76     35.32
   27.81     26.36
   91.98     74.87
   19.10      5.78
   76.15     75.35
  175.72     90.04
   34.38     23.52
   31.46     60.51
   76.30     39.74
   47.81     61.64
  110.75     55.70
   39.87     19.27
   72.74     76.79
    2.75      2.16
   13.02      5.27
   15.57      1.37
    1.31      1.37
   46.19     42.81
   24.95     30.32
   19.33      4.86
    2.61     21.26
    6.85     49.24
   33.96      3.48
   33.37      5.50
    5.80      1.37
    5.57      6.15
    4.78      4.85
    3.61      1.37
    1.96      3.47
    2.68      2.82
    4.12      2.82
    1.38      0.72
    1.44      0.00
    0.00      1.31
    1.31      1.96
    2.75      3.54
    2.10      2.61
    2.75      2.81
    0.72      2.61
    2.75      0.72
    4.19      2.16
    1.44      0.65
    1.31      1.37
    0.00      1.37
    0.72      0.65
    0.72      0.00
    1.39      1.31
    1.37      1.44
    1.37      2.03
    2.75      2.09
    5.56      4.71
    3.40     16.47
    3.98      6.35
   17.31      3.98
   17.89     30.74
   48.36     48.21
   32.26     19.28
   32.24     30.81
   16.40     32.96
   18.58      3.48
    2.73     19.18
   33.93     34.44
   19.21     32.10
   16.88      3.48
   17.21      3.33
   16.23     30.49
    2.81      1.31
    1.36      3.33
   19.33      4.12
    3.40      2.82
    2.09      3.26
   18.42     17.90
    5.42      5.36
    2.75     17.16
    3.33      4.12
    5.19      5.25
   21.25      7.02
    5.43      5.50
    2.82      1.37
    2.82      4.71
    2.10      0.72
    3.54      2.03
    2.68      2.10
    1.44      0.72
    0.72      0.00
    0.72      2.61
    2.61      2.81
    4.19      2.82
    0.65      0.00
    2.75      2.75
    1.30      3.46
   16.89     27.81
   99.25     70.17
   62.33    208.17
   29.30     79.94
   47.87    215.57
   87.30    108.53
   36.42      9.49
   48.53     95.00
   60.99    146.67
  109.85     95.39
   26.54     16.78
   84.43     33.54
  113.02     83.15
   96.61     45.61
  114.93     87.08
  115.29     93.85
  157.40    114.99
   71.32     23.70
  109.19    116.33
   44.01     12.52
   28.84     27.25
   18.73      3.47
    3.40     32.22
   32.74     17.89
    4.13      3.61
   24.54     15.09
    3.33     17.86
    1.37      2.10
    3.48      2.17
   17.78      6.87
   18.47     20.78
    5.71      2.82
    2.89      2.61
    2.03      2.03
    4.06     21.33
    3.40      3.40
    4.91      2.75
   20.75      2.81
    2.68      4.78
   28.39     24.84
   30.77     13.82
    0.65      1.44
    6.96      4.92
    1.38      1.31
    0.72      0.72
    0.65      2.68
    2.03      1.96
    4.99      3.54
    3.54      2.68
    0.72      0.72
    0.00      0.00
    2.81      3.33
    1.30      2.75
    2.75      0.72
    2.90      0.72
    0.00      1.30
    1.31      2.10
    2.75     16.46
    3.54      3.92
   17.17      3.47
    6.66      6.42
    2.81      4.70
    4.98      3.33
    2.75      2.03
    2.09     17.08
   47.25     62.93
   17.87     30.77
   61.88     47.96
   20.06     33.00
   17.83     17.60
   18.88      6.93
   47.17     19.97
    2.82      2.74
    2.16     16.27
   17.99     18.43
   17.31      2.02
    2.02      2.68
    2.82      2.09
   17.99     17.86
    1.37      1.31
    3.46      4.64
   18.26     22.08
    6.36      2.16
    2.82      2.03
    3.40      3.47
    2.75      4.05
    5.36      4.19
    3.40      4.85
    2.03      3.40
    3.60      2.68
    3.40      3.47
    2.16      0.65
    3.47      3.40
   15.82     15.09
    2.74      1.37
    0.65      1.44
    2.10      1.37
    0.72      3.27
    3.99      2.75
    3.42      3.56
   32.68     53.71
  114.19    189.34
    0.00     52.15
   42.41    211.22
   62.56     53.74
   63.81     74.62
   55.32     72.08
   47.89     93.23
   31.72      8.63
   67.36     71.49
   98.42     62.03
  141.53     59.84
   68.37     50.41
  125.41     80.12
   87.09     40.03
   51.35     87.32
   79.94     62.32
   52.61     77.06
  131.33    111.72
   96.92     42.30
   84.35     94.70
   44.71     27.47
   30.83     22.14
   49.11     39.15
   42.85     30.31
   45.61     25.63
    4.17      4.12
   12.99      3.90
    1.37      0.72
    1.96      2.09
    2.03      4.05
    3.33      4.12
   20.60     20.80
    4.19      2.75
    2.10      2.61
    2.82      2.75
    3.40      4.78
    0.65      0.65
    5.63      3.40
    5.36      6.22
    3.33      3.61
    3.47      2.16
    3.47      2.75
   16.09     16.89
    1.43      1.44
    1.44      0.00
    0.65      2.68
    0.00      0.65
    2.03      2.75
    0.65      3.27
    7.59      5.63
    2.82      1.37
    0.00      0.65
    3.40      0.65
    0.72      2.18
    1.46      1.31
    3.40      4.12
    3.40      2.82
    5.63      5.36
    6.60      2.75
    2.89      7.01
    2.09     17.66
    4.26      1.96
    2.82     16.46
   45.34     20.27
   20.02     17.93
    1.31     16.16
   32.51     19.96
    4.90     17.73
   17.73     17.11
   34.65     66.45
   35.73     21.93
   49.01     36.36
   17.97     32.10
   16.93      2.63
   16.82     16.05
   21.36     18.97
    3.41      6.15
   15.73      1.44
    6.42      2.75
    0.72      0.65
    3.54      3.26
    5.29      6.15
    4.84      5.04
    2.82      1.31
    3.40      4.12
    3.54      2.75
    4.12      0.00
    1.31      4.91
    2.10      3.33
    2.03      3.33
    3.40      4.84
    4.84      2.75
    2.09      2.09
   18.46     17.08
    3.55      1.37
    1.44      0.72
    0.72      0.00
    0.65      1.38
   31.01     52.73
  121.73    138.81
   18.07    132.68
   28.35    158.17
   45.90    133.34
   50.07     64.87
   93.01     68.96
   69.48     70.88
   78.80     92.23
   35.30     34.93
   59.90     19.83
   72.47     45.19
   71.66     32.20
   84.06     51.94
   72.88     62.46
   41.32     41.80
   48.85     18.63
   73.63     45.30
   38.88     53.13
   21.22     13.48
    5.57     19.17
   35.07     35.86
   45.88     24.56
   32.83     32.30
   62.89     54.85
   29.91     53.83
   45.17     43.96
  118.46     63.03
   43.97     37.08
   32.88      6.35
   15.86     19.64
    4.23     18.86
    3.03      2.68
    2.75      3.99
   21.98      5.62
    4.27      2.75
    2.68      3.40
    4.05      2.88
    4.19      4.77
    0.65      2.03
    2.82      0.65
    3.54      2.68
    2.03      2.75
    3.98      5.64
    2.68      2.82
    2.82      1.37
   16.48     17.12
    2.67      3.54
    1.37      0.72
    2.88      0.00
    0.00      0.00
    0.65      3.33
    0.00      0.65
    0.72      1.96
    5.45      6.24
    4.19      2.10
    1.44      1.31
    4.84      1.37
    3.47      4.71
    2.82      4.05
   20.39     22.25
    4.19      2.75
    3.46     19.74
   20.55     18.42
    2.68     16.23
   31.34     34.09
   49.66     17.89
    2.68      3.54
   17.68     16.48
   18.36     18.57
   18.42     18.56
   18.40     19.91
   18.27     34.37
    7.58      4.84
    4.20     18.51
   34.46     19.94
    2.75      2.68
    1.44      1.37
    3.54     17.02
    2.75      5.36
   31.26     32.03
   18.60      4.06
   18.56     17.91
   20.50     17.46
    5.36      6.94
    6.22      4.19
    2.88      2.68
    2.82      2.03
    3.32      4.11
    2.10      2.10
    6.87      3.54
    1.31      3.47
    2.82      2.03
    2.03      3.33
    2.75      3.40
    3.40      3.47
    2.88      1.37
    1.37      1.37
    3.47      1.44
    1.37      3.33
   47.94     80.64
  110.10    182.81
   20.32     95.46
    8.93    130.48
   48.23     49.97
   70.38     60.06
   44.77     82.60
  101.55     91.41
   78.01      9.52
   40.38     26.36
   50.10     30.94
   58.38     45.20
   94.17     74.64
  112.61     99.75
   42.38     24.80
   49.24     53.94
   49.85     28.37
   59.93     47.64
   16.44     16.16
   45.43     18.73
   63.21     27.57
   23.24     18.92
   55.02     51.88
   72.78     55.89
   67.26     57.92
  135.36     90.51
   50.02     18.64
   20.74     31.35
    4.05      4.91
    1.44      2.10
    6.37      2.75
    1.31      3.54
    0.65     30.90
   34.22     21.41
   16.89     19.65
   37.78     22.67
    6.35      2.89
    4.71      4.91
    2.82      1.37
    2.03      2.68
    2.75      4.71
    0.72      1.37
    4.13      3.47
    5.57      3.47
    2.75      3.40
    3.33      3.54
    2.75      2.10
    2.03      2.10
    3.47      2.03
    1.38      1.44
    0.72      0.65
    1.96      2.75
    0.72      1.37
    2.09      2.03
    0.74      1.31
    0.72      0.00
    2.75      4.06
    4.79      4.12
    8.32      7.53
    4.78      4.85
    6.81      5.70
    1.44      0.65
    2.06     17.71
   19.92     34.13
   34.47     17.91
   19.84     52.65
   47.56      4.93
   16.81     31.20
   34.40     18.52
    3.54     16.95
    2.61      4.19
   19.80     18.59
   35.67     19.97
    2.75      4.19
    4.68      4.74
    1.44     17.78
    3.54     17.70
   19.90     19.71
   32.65      6.05
   21.15     16.30
   17.54     18.91
    0.00      0.65
    4.99      0.00
    1.31      5.43
    1.44      1.31
    5.36      8.24
   19.70     19.89
    7.07      4.77
   17.85     18.56
    5.57      2.03
    1.37      2.16
    4.91      1.44
    1.31      2.03
    1.96      4.84
    3.47      4.06
    2.03      2.61
    6.24      4.96
    1.46      1.37
    4.19      2.03
   16.95     28.54
  116.51     86.78
    0.00    155.34
    0.65    130.88
   29.11    134.14
   63.73     61.53
   43.29     66.63
   59.97    143.94
   86.88    112.32
   78.94     53.55
   53.10     40.55
   83.75     35.21
   10.45      1.44
   42.03     25.93
   98.57     96.60
   55.16     67.33
   59.20     88.49
   76.80     29.87
   69.55    100.76
   55.81     54.04
   46.89     23.80
   42.12     13.30
   26.12     27.44
   89.11     99.16
   53.41     14.46
   58.47     52.38
   36.72     11.98
    2.03     18.00
   27.44     33.33
   18.20      5.57
   19.50      7.65
   15.71      1.53
   33.39     39.86
   28.64     17.21
   41.51     40.41
   23.41      7.52
   13.01      2.75
    7.02      6.95
    4.91     17.13
   19.88     19.38
    1.96      4.19
    6.96      3.54
    1.44      2.61
    3.40      3.42
    2.13      1.38
    2.75      2.10
    5.59      3.49
    3.35      4.08
    3.42      3.56
    2.75      2.10
    2.05      2.18
    2.68      4.12
    0.72      0.00
    0.72      0.00
    2.11      2.05
    1.71      1.71
    0.00      3.40
    4.58      1.31
    6.95     20.55
    2.75      3.47
   23.88     10.48
    2.10      3.33
    3.51      3.44
    7.70      6.26
    4.85      3.41
    1.96      4.13
   19.75     32.52
   20.01     33.56
   32.27     34.26
   18.54     17.78
   34.57     32.75
   16.88      4.19
    4.06      2.82
   18.44      2.82
    4.06     37.72
   16.48      4.19
   19.20     19.81
   17.78      4.12
    3.54      2.68
   19.42     33.62
   17.23     17.69
    5.50      3.48
    2.03      5.43
   20.08      2.10
   16.55     15.82
   17.90     17.86
    2.75      3.41
    6.14      4.78
    4.77      4.91
    4.98      3.34
    2.75      2.82
   18.19     20.23
    1.37      2.10
    4.05      2.82
    4.19      2.88
    2.75      2.68
    3.33      5.51
    2.11      3.44
    6.31      4.06
    2.70      3.58
   85.79     48.00
   65.44      6.07
    2.03    261.23
    3.58      2.12
   50.76    257.25
   29.27     28.07
    0.65      0.00
   22.35     31.97
   51.36    182.94
    5.37     23.06
  113.96     98.02
   29.10      3.46
   96.79     84.81
  134.34     53.87
   15.81     30.17
   61.54     55.22
   44.24     66.93
   96.73    113.37
  111.47    102.92
  101.98     59.34
  108.18    105.97
   83.68     26.07
   98.77     83.76
   28.79     34.59
  106.44     69.39
   93.06     29.46
   60.92     46.35
   59.74      9.86
   46.53     25.23
   17.71     18.82
   19.88     20.09
   16.90     18.33
    4.12     17.85
    4.06      3.58
   16.61      2.10
    3.49      2.09
    2.61      8.18
    2.03      3.40
    8.18      5.63
    5.64      2.82
    2.75      3.40
    3.47      3.40
    2.03      2.10
   18.48     17.16
    0.72      1.96
    1.37      3.99
    3.40      0.72
    4.85      6.81
    3.42      4.23
    4.78      3.58
    4.16      0.74
    2.18      2.09
    1.37      0.00
    3.35      5.58
    2.03      3.40
    0.65      0.00
    2.86      2.05
    4.87      4.15
    4.85      4.78
    3.39      5.52
    6.03      6.36
    2.82      0.72
    4.12     18.99
    3.54      4.05
    2.68      3.40
   20.65      7.57
   21.42     20.76
    4.14      2.68
    3.54      5.45
    6.23      5.52
    2.10     17.05
   20.73     75.01
   78.25     24.31
   21.24      4.94
    4.73     20.04
    3.99     19.78
   51.57     49.16
    2.75     19.71
   16.50     16.10
   32.67     19.07
   17.05      4.64
    7.03      2.03
   18.19     21.08
    0.74      1.31
   18.46     17.09
    4.20      4.12
    1.37      2.05
    3.56      2.77
    4.79      7.45
    8.18      6.22
    3.54      2.82
    4.13      2.75
    2.75      2.68
    2.68      4.91
    3.54      0.72
    2.03      0.72
   15.85     16.65
    2.03      4.71
    2.03      1.30
   19.70     31.30
  111.59    163.38
   25.59     84.15
    2.89    181.76
    3.45     27.73
   62.48     49.33
   43.46     81.31
   39.34    134.57
   29.11     98.31
   35.55     18.23
   61.54     58.92
   80.69     48.39
   39.08     52.14
   49.50     26.01
   43.89      7.22
   69.44     29.28
   11.08      6.94
   45.77     25.23
   58.74     10.47
   83.50     76.72
   87.44     49.36
   58.94     92.34
  106.98    122.45
  118.83     68.90
   92.61     64.93
   96.43     90.31
   29.23     53.77
   79.41     50.64
   23.68      2.89
    4.20     44.68
   17.21     33.54
   20.29      3.56
   35.19      8.45
    0.72      0.00
    3.33      3.49
   16.31     19.27
    0.74      0.65
   17.77     18.63
    6.29      6.82
    3.99      4.78
    5.52      4.98
    5.57      2.68
    4.21      3.42
    1.38      2.75
    4.01      5.59
    3.54      2.10
    2.09      1.37
    2.10      2.03
    1.44      0.65
    1.31      2.09
    2.75      4.06
    1.39      2.05
    3.40      3.49
    4.89      2.12
    2.10      2.68
    3.33      2.16
    0.65      3.49
    3.47      1.37
    7.75     20.55
   17.12      2.82
    6.03      8.38
    1.38      2.68
   28.15     24.98
   33.96     13.70
    4.93      7.60
    7.82      7.60
    4.20      1.31
   15.77     19.30
    3.40      6.76
    7.05      4.82
   24.32     18.68
    0.74      2.61
   18.48     31.17
   22.45     36.56
   18.44     21.50
   36.87     21.80
   20.89     20.38
   18.42     33.46
    6.95     34.85
   19.31      4.86
   34.19     19.10
    2.17     21.09
   17.30     17.78
   25.83      2.89
    2.12      2.68
    2.16      0.65
    0.00      0.65
    3.40      2.77
   17.07     19.94
    4.58      6.43
    3.99      5.50
   10.57      5.59
    4.20      2.18
    1.39      2.03
    1.37      2.03
    3.34      2.68
    3.49      4.26
    3.42      2.12
    2.03      1.96
   33.20     55.12
  112.97     95.95
   31.56    176.04
    3.42    107.20
   41.21    133.61
   55.18     35.41
   21.94     65.09
   12.39     86.63
   12.25    137.77
   53.82     48.36
   47.30     20.48
   94.72     92.29
   51.70     56.27
   40.96     35.46
   60.24     81.13
   51.20     30.68
   54.58     54.84
   43.91     35.51
  133.93     75.16
    7.63     15.53
   91.07     94.17
   52.87     30.99
   38.85      7.22
   72.21     67.75
   64.65     55.76
   77.73     10.56
   70.55     79.12
   42.32     22.97
   56.85     26.76
   19.95     12.48
   17.83     34.39
   16.67     20.32
   16.45     17.19
   47.79     29.67
   24.96     15.74
    6.16      4.98
    5.58      2.16
    2.92      1.38
    0.00      2.03
    0.00      0.65
    2.68      4.14
   31.79     28.69
   29.58     24.33
    7.86      2.09
    3.47      1.39
    4.87      4.80
    2.05      3.40
    2.19      1.37
    2.85      2.68
    3.40      2.10
    2.97      2.03
    2.05      2.18
    2.10      0.65
    2.03      4.12
    2.05      3.44
    0.00      3.92
    6.24      2.93
    4.14      3.47
    9.79      6.16
    2.68      3.47
    6.08      1.37
    1.37      6.29
   17.08     16.55
    2.03      3.51
    7.12      6.09
   17.12     17.91
    1.37      2.03
   17.56     18.23
    6.23      3.46
    3.99      7.48
   20.55     21.71
    5.57     16.53
    3.63      3.33
   17.75     36.18
    7.39     35.28
    8.32     19.34
   51.76     34.49
    6.08      8.47
   34.01     38.45
    5.07     17.75
   19.71      4.12
   18.64     19.96
   17.90      3.47
    4.15     21.80
   20.74     19.24
   22.89      3.40
   18.59     19.93
    4.19      2.68
    1.78      1.46
    2.82      1.38
    0.72      0.65
    3.42      6.73
    4.05      6.10
    7.52     19.28
   20.03      3.60
    4.19      4.71
    1.31      1.96
    3.40      2.91
    4.86      2.83
   32.74     54.20
   41.29     47.57
  110.09     55.52
    3.17    194.90
   15.84     81.51
   26.44    144.92
   26.53     29.26
   51.64     90.96
   21.36     58.42
   38.95    164.47
   15.85     13.78
   99.44     99.80
   11.25      1.38
  127.23     53.72
    3.30     11.99
  104.25     46.30
   51.73     53.63
   41.74     26.89
   91.06     61.49
  121.61     54.18
   89.66     89.27
   23.35     25.09
   71.48     45.48
   46.19     43.27
   32.03     68.19
   61.72     50.31
    5.47     59.89
   70.40     60.31
   53.93     60.14
  115.87     33.13
   48.41     27.06
   11.14     17.22
   31.94     17.35
   28.37     37.02
   29.39     39.46
   32.53     33.87
   21.33      7.59
   37.29     19.23
    3.62      0.65
    3.48      4.84
    1.37      0.72
    1.37      1.31
    3.40      4.86
    4.57      5.49
    6.88      7.67
   19.65     20.39
    2.82      1.37
    4.28      2.68
    1.96      4.77
    2.68      3.49
    4.26      2.11
    3.58      0.72
    1.37      1.31
    1.30      2.81
    0.00      1.31
    2.75      1.39
    2.77      6.73
    2.79      2.77
    8.34      8.04
    4.84      4.21
    4.93      3.47
    8.11     20.72
    1.37      2.10
   17.90      2.09
    4.84      4.77
    3.54      2.03
    1.31      2.75
   17.76     19.31
    1.39      2.68
    2.03      2.12
   47.38     48.61
   21.52     21.18
    6.24     19.15
    4.06      4.90
   18.02      3.47
    4.66      5.64
    7.60      2.75
   21.56     25.42
    5.45     34.27
    7.57     38.92
   37.27     37.39
   50.32      7.02
   19.37     19.24
    2.75      3.40
   31.72     31.47
    7.11     19.68
   18.08      2.68
    7.39      9.71
   17.84     30.78
    5.79      2.03
    0.65      1.31
   17.84      3.55
    2.10      3.35
    2.16      4.57
    4.06      5.50
    8.25      4.33
   19.26     17.10
    4.70      5.50
    0.65      3.42
    3.47      2.03
  114.67     39.08
    1.35    157.10
    4.71    110.22
    5.38    131.10
   26.23    105.64
   28.63     29.31
   23.10     29.42
    2.61    114.82
   13.56     82.77
   73.93     86.94
    5.64      9.59
   51.07     58.72
   93.88     66.30
   72.32     58.26
   35.13     25.37
  135.84     62.20
   49.44     11.89
   57.75     66.61
  126.74     46.24
   77.72    102.21
   66.35     38.73
   62.54     78.22
   52.56     53.43
   53.81     62.60
   55.18     14.67
   49.08     15.00
   40.13     27.08
    6.22      5.43
   21.95     24.64
   47.70     43.41
    9.46     79.63
   86.35     53.78
   27.64     19.98
   29.81     48.71
   89.62     70.60
    6.99     34.94
   44.82     30.65
   27.13     18.03
   21.26     20.03
   33.81     17.48
    4.84      2.84
    2.75      1.37
    2.68     17.28
    1.31      4.05
   19.69      8.96
    4.86      4.93
    6.36     17.86
   18.02      2.11
    2.68      3.40
    4.12      4.14
    4.19      1.46
    1.39      2.03
    0.00      1.40
    4.14      4.75
    2.68      4.14
    2.75      2.12
    3.51      4.82
    8.99      5.95
    4.20      6.29
    3.59      3.41
    6.78      7.67
    4.21      2.77
    4.80      1.46
    3.47      6.15
    4.92     20.38
    4.13      2.10
    3.47      2.75
   16.37      2.89
    2.03      0.74
    4.19      3.34
    2.10      4.80
    4.87      4.71
    4.28      2.03
    1.96     19.07
   20.42     35.80
   34.77     50.69
   22.67     21.17
   47.38      7.03
   23.24     19.82
    4.77     53.24
   18.53      8.89
   28.05     35.60
   21.93     11.17
   34.94     17.63
    4.90      4.05
   20.50     19.20
   17.99     49.24
   35.74      4.79
    3.99      6.94
    5.62      3.49
    4.21     17.12
    2.05      3.42
    1.37      1.96
   15.92      3.40
    6.38      3.99
    4.78      4.21
    6.22      5.57
    1.37      1.31
   20.60     30.05
   77.72     52.90
   65.85    213.01
    1.98     52.28
    2.02    175.72
    3.45      4.03
   93.09    103.20
   10.45     18.86
   30.55    144.39
   23.25     33.45
   37.37     57.39
   86.27     95.15
   46.94     27.42
   62.03      6.52
   48.74     16.57
   10.12      5.52
   36.73     28.37
   36.13      7.07
   70.98     51.36
   80.89     45.48
  123.62    113.14
   55.92     34.40
   75.93    115.43
   17.77     21.26
   17.43     44.52
   36.29     48.18
   84.03     15.07
   71.27     56.06
   22.95     38.15
   45.58     36.19
   37.72     49.73
  142.61     63.57
   40.45      7.29
   37.59     37.81
   24.22     24.95
   71.76     42.86
   50.19     25.39
   23.45     22.91
   29.80     30.13
   46.25     60.28
   45.10     26.11
   48.08     35.56
   60.20     59.20
    4.19      2.10
   11.68     16.18
    8.84      4.37
    0.65      6.82
   20.87      7.59
    3.56      2.16
    5.65      2.10
    1.37      2.68
    2.75      2.75
    3.62      3.42
    0.72      0.65
    2.77      2.68
    3.43      4.85
    2.82      2.70
    4.06      4.13
    3.56      4.75
    9.04      6.22
    4.86      2.68
    2.03      5.54
    7.45      7.73
    2.18      2.61
    3.42      5.43
    5.57      4.80
    7.74      2.77
    3.50      3.47
    2.79      3.40
    2.75      2.10
    2.12      2.05
    4.06      4.86
    2.82      2.61
    2.10      4.06
    6.79      1.78
    3.27      7.48
    2.75      3.56
   34.74     33.93
   23.85     49.93
   21.22     21.94
    4.12     21.15
   20.73      6.31
   22.02      6.84
   32.28     36.16
    7.04     32.19
   25.55     25.51
   50.80     53.53
    6.39      6.91
   22.76      6.22
    7.80      5.50
   18.41     21.90
    7.68      4.20
    3.47     15.86
    3.40      4.08
    4.16      3.54
   16.62     19.67
    2.10      0.65
   20.11     21.04
    4.05      3.56
    8.32      7.67
   65.17      2.28
   89.13    222.32
    4.80     30.62
    3.46    231.84
    0.70     26.44
    1.31      4.08
    2.69      2.74
    2.10    261.87
   32.12     33.56
   26.80     34.26
   47.08     67.71
  119.07    117.82
   78.98     60.30
   76.47      8.54
   88.36     24.72
   53.94      9.83
   55.30     34.04
   10.33      4.21
    2.75     15.54
   28.50     23.29
    3.40      2.02
    4.12     29.18
   72.77     23.87
   43.95     37.05
   48.23     34.52
   59.90     54.18
   66.16     67.75
   83.49     50.57
   82.30    111.10
   45.39     87.79
  150.21    113.15
   47.32     45.23
   46.75     28.42
   27.55     20.36
   87.95     44.81
   46.78     57.70
   46.58      6.11
   60.42     76.88
   49.55     19.44
   19.23     43.21
   64.28     41.25
   54.27     40.32
    7.99      2.03
   16.15      7.49
    4.77     17.62
    2.10      2.10
    4.64     18.99
   17.71      5.51
    5.97      6.98
   19.88     19.96
    4.19      0.65
    1.38      2.75
   18.01      4.12
    4.14      3.40
    2.03      1.46
    3.56      1.48
    0.72      0.65
    1.31      4.64
   11.66     11.06
    3.40      5.50
    6.40      4.80
    6.43      6.12
    1.37      0.65
    2.92      2.68
    4.05      4.71
    8.96     10.96
    2.82      3.40
    4.08      4.16
    5.66      2.82
    2.75     15.78
    3.51      3.40
   17.90      4.85
    3.47      1.96
    2.10      4.80
    4.21      2.10
    3.33      3.49
    4.28     17.14
    3.40      5.50
    8.06      7.70
   19.88     35.93
    6.17     35.05
   21.69     36.78
   34.27     23.08
   35.74      5.56
    3.62      3.33
    5.70     31.93
    6.07     39.54
    4.93     19.10
   41.08     11.76
   18.49     19.88
   24.73      7.62
    7.54      6.87
    4.91     16.78
    4.78      4.79
   16.90     18.38
   17.51      3.47
    4.21      2.70
    3.56     18.40
    4.06      6.04
   32.33     67.48
   70.21     56.61
   96.74    135.50
    4.07    132.38
   17.20     81.55
    2.00     78.16
   30.26     74.81
   14.86     49.97
   58.34     77.30
   90.54    189.69
   65.77     44.49
   59.16     79.83
   55.79     14.07
   68.67      3.55
   13.78      4.87
   16.60      6.99
   12.20      6.96
   29.19     23.15
   84.80     34.57
    4.28      4.27
   54.46     42.84
   67.20     46.41
   38.45     58.57
   82.02     72.97
   25.36     32.52
   27.91     35.94
    4.85      3.62
    7.61      2.82
   74.94     23.73
   12.66     24.20
    5.57      6.02
   34.84     26.25
    5.52     21.62
   58.62     30.16
   33.85     57.00
   51.76     44.56
   86.48     48.28
   49.79     68.78
   15.83     50.93
   56.90     61.93
   43.49     28.69
   62.09     59.30
   38.54     15.55
   51.43     35.32
   24.28      8.23
    4.99     25.84
   11.57      2.12
   37.19     22.12
    4.15      4.21
    0.72      2.68
    8.17     21.48
    4.84      4.78
    2.10     18.44
   19.54      5.52
   18.66      3.49
    4.21      1.37
    4.30      2.10
    0.72      1.31
    4.06      5.97
    6.97      4.96
    4.87      7.57
    6.69      4.11
    4.06      7.82
    4.98      3.33
    3.42      2.84
    5.66      5.36
    4.26      3.35
    2.70      3.47
    4.87      6.74
    2.75      2.70
    3.40      3.51
    6.31      4.21
    4.91      3.40
    2.70     19.14
    4.87      4.71
   19.99      3.56
   31.68     34.52
    4.92      1.38
    2.75     15.77
    8.13     22.73
   33.15     21.22
    3.98      8.90
    8.33      4.80
    2.82      6.17
    7.69     17.71
   18.00     37.68
   17.98     18.44
   37.25     18.60
    5.66      5.45
    5.43     36.95
   22.68      8.24
   18.68     20.59
   10.36     23.73
   21.05     38.65
   28.46      7.93
    4.30      2.68
   34.18      4.13
    1.37     19.02
    8.96      7.14
    0.00      0.00
    0.00      0.00
    0.00      0.00
    0.00      0.00
    0.00      0.00
    0.00      0.00
    0.00      0.00
    0.00      0.00
    0.00      0.00
    0.00      0.00
    0.00      0.00
    0.00      0.00
    0.00      0.00
    0.00      0.00
    0.00      0.00
    0.00      0.00
    0.00      0.00
    0.00      0.00
    0.00      0.00
    0.00      0.00
    0.00      0.00
    0.00      0.00
    0.00      0.00
    0.00      0.00
    0.00      0.00
    0.00      0.00
    0.00      0.00
    0.00      0.00
    0.00      0.00
    0.00      0.00
    0.00      0.00
    0.00      0.00
    0.00      0.00
    0.00      0.00
    0.00      0.00
