      h_eth1      
 KB/s in  KB/s out
    0.00      0.00
    0.00      0.00
    0.00      0.00
    0.00      0.00
    0.00      0.00
    0.00      0.00
    0.00      0.00
    0.00      0.00
    0.00      0.00
    0.00      0.00
    0.00      0.00
    0.00      0.00
    0.00      0.00
    0.68      0.00
    0.00      0.00
    0.00      0.00
    0.00      0.00
    0.00      0.00
    0.00      0.00
    0.00      0.00
    0.00      0.00
    0.00      0.00
    0.00      0.00
    0.00      0.00
    0.00      0.00
    0.00      0.00
    0.00      0.00
    0.00      0.00
    0.00      0.00
    0.00      0.00
    0.00      0.00
    0.00      0.00
    0.00      0.00
    0.00      0.00
    0.00      0.00
    0.00      0.00
    0.00      0.00
    0.00      0.00
    0.00      0.00
    0.00      0.00
    0.00      0.00
    0.00      0.00
    0.00      0.00
    0.00      0.00
    0.00      0.00
    0.00      0.00
    0.00      0.00
    0.00      0.00
    0.00      0.00
    0.00      0.00
    0.00      0.00
    0.00      0.00
    0.00      0.00
    0.00      0.00
    0.68      0.00
    0.00      0.00
    0.00      0.00
    0.00      0.00
    0.00      0.00
    0.00      0.00
    0.00      0.00
    0.00      0.00
    0.00      0.00
    0.00      0.00
    0.00      0.00
    0.00      0.00
    0.00      0.00
    0.00      0.00
    0.00      0.00
    0.00      0.00
    0.00      0.00
    0.00      0.00
    0.00      0.00
    0.00      0.00
    0.00      0.00
    0.00      0.00
    0.00      0.00
    0.00      0.00
    0.00      0.00
    0.00      0.00
    0.00      0.00
    0.00      0.00
    0.00      0.00
    0.00      0.00
    0.00      0.00
    0.00      0.00
    0.00      0.00
    0.00      0.00
    0.00      0.00
    0.00      0.00
    0.00      0.00
    0.00      0.00
    0.00      0.00
    0.00      0.00
    0.00      0.00
    0.68      0.00
    0.00      0.00
    0.00      0.00
    0.00      0.00
    0.00      0.00
    0.00      0.00
    0.00      0.00
    0.00      0.00
    0.00      0.00
    0.00      0.00
    0.00      0.00
    0.00      0.00
    0.00      0.00
    0.00      0.00
    0.00      0.00
    0.00      0.00
    0.00      0.00
    0.00      0.00
    0.00      0.00
    0.00      0.00
    0.00      0.00
    0.00      0.00
    0.00      0.00
    0.00      0.00
    0.00      0.00
    0.00      0.00
    0.00      0.00
    0.00      0.00
    0.00      0.00
    0.00      0.00
    0.00      0.00
    0.00      0.00
    0.00      0.00
    0.00      0.00
    0.00      0.00
    0.00      0.00
    0.00      0.00
    0.00      0.00
    0.00      0.00
    0.00      0.00
    0.00      0.00
    0.00      0.00
    0.00      0.00
    0.00      0.00
    0.00      0.00
    0.00      0.00
    0.00      0.00
    0.00      0.00
    0.00      0.00
    0.00      0.00
    0.00      0.00
    0.00      0.00
    0.00      0.00
    0.00      0.00
    0.00      0.00
    0.00      0.00
    0.00      0.00
    0.00      0.00
    0.00      0.00
    0.00      0.00
    0.00      0.00
    0.00      0.00
    0.00      0.00
    0.00      0.00
    0.00      0.00
    0.00      0.00
    0.00      0.00
    0.00      0.00
    0.00      0.00
    0.00      0.00
    0.00      0.00
    0.00      0.00
    0.00      0.00
    0.00      0.00
    0.00      0.00
    0.00      0.00
    0.00      0.00
    0.00      0.00
    0.00      0.00
    0.00      0.00
    0.00      0.00
    0.00      0.00
    0.00      0.00
    0.00      0.00
    0.00      0.00
    0.00      0.00
    0.00      0.00
    0.00      0.00
    0.00      0.00
    0.00      0.00
    0.00      0.00
    0.00      0.00
    0.00      0.00
    0.00      0.00
    0.00      0.00
    0.00      0.00
    0.00      0.00
    0.00      0.00
    0.00      0.00
    0.00      0.00
    0.00      0.00
    0.00      0.00
    0.00      0.00
    0.00      0.00
    0.00      0.00
    0.00      0.00
    0.00      0.00
    0.00      0.00
    0.00      0.00
    0.00      0.00
    0.00      0.00
    0.00      0.00
    0.00      0.00
    0.00      0.00
    0.00      0.00
    0.00      0.00
    0.00      0.00
    0.00      0.00
    0.00      0.00
    0.00      0.00
    0.00      0.00
    0.00      0.00
    0.00      0.00
    0.00      0.00
    0.00      0.00
    0.00      0.00
    0.00      0.00
    0.00      0.00
    0.00      0.00
    0.00      0.00
    0.00      0.00
    0.00      0.00
    0.00      0.00
    0.00      0.00
    0.00      0.00
    0.00      0.00
    0.00      0.00
    0.00      0.00
    0.00      0.00
    0.00      0.00
    0.00      0.00
    0.00      0.00
    0.00      0.00
    0.00      0.00
    0.00      0.00
    0.00      0.00
    0.00      0.00
    0.00      0.00
    0.00      0.00
    0.00      0.00
    0.00      0.00
    0.00      0.00
    0.00      0.00
    0.00      0.00
    0.00      0.00
    0.00      0.00
    0.00      0.00
    0.00      0.00
    0.00      0.00
    0.00      0.00
    0.00      0.00
    0.00      0.00
    0.00      0.00
    0.00      0.00
    0.00      0.00
    0.00      0.00
    0.00      0.00
    0.00      0.00
    0.00      0.00
    0.00      0.00
    0.00      0.00
    0.00      0.00
    0.00      0.00
    0.00      0.00
    0.00      0.00
    0.00      0.00
    0.00      0.00
    0.00      0.00
    0.00      0.00
    0.00      0.00
    0.00      0.00
    0.00      0.00
    0.00      0.00
    0.00      0.00
    0.00      0.00
    0.00      0.00
    0.00      0.00
    0.00      0.00
    0.00      0.00
    0.00      0.00
    0.00      0.00
    0.00      0.00
    0.00      0.00
    0.00      0.00
    0.00      0.00
    0.00      0.00
    0.00      0.00
    0.00      0.00
    0.00      0.00
    0.00      0.00
    0.00      0.00
    0.00      0.00
    0.00      0.00
    0.00      0.00
    0.00      0.00
    0.00      0.00
    0.00      0.00
    0.00      0.00
    0.00      0.00
    0.00      0.00
    0.00      0.00
    0.00      0.00
    0.00      0.00
    0.00      0.00
    0.00      0.00
    0.00      0.00
    0.00      0.00
    0.00      0.00
    0.00      0.00
    0.00      0.00
    0.00      0.00
    0.00      0.00
    0.00      0.00
    0.00      0.00
    0.00      0.00
    0.00      0.00
    0.00      0.00
    0.00      0.00
    0.00      0.00
    0.00      0.00
    0.00      0.00
    0.00      0.00
    0.00      0.00
    0.00      0.00
    0.00      0.00
    0.00      0.00
    0.00      0.00
    0.00      0.00
    0.00      0.00
    0.00      0.00
    0.00      0.00
    0.00      0.00
    0.00      0.00
    0.00      0.00
    0.00      0.00
    0.00      0.00
    0.00      0.00
    0.00      0.00
    0.00      0.00
    0.00      0.00
    0.00      0.00
    0.00      0.00
    0.00      0.00
    0.00      0.00
    0.00      0.00
    0.00      0.00
    0.00      0.00
    0.00      0.00
    0.00      0.00
    0.00      0.00
    0.00      0.00
    0.00      0.00
    0.00      0.00
    0.00      0.00
    0.00      0.00
    0.00      0.00
    0.00      0.00
    0.00      0.00
    0.00      0.00
    0.00      0.00
    0.00      0.00
    0.00      0.00
    0.00      0.00
    0.00      0.00
    0.00      0.00
    0.00      0.00
    0.00      0.00
    0.00      0.00
    0.00      0.00
    0.00      0.00
    0.00      0.00
    0.00      0.00
    0.00      0.00
    0.00      0.00
    0.00      0.00
    0.00      0.00
    0.00      0.00
    0.00      0.00
    0.00      0.00
    0.00      0.00
    0.00      0.00
    0.00      0.00
    0.00      0.00
    0.00      0.00
    0.00      0.00
    0.00      0.00
    0.00      0.00
    0.00      0.00
    0.00      0.00
    0.00      0.00
    0.00      0.00
    0.00      0.00
    0.00      0.00
    0.00      0.00
    0.00      0.00
    0.00      0.00
    0.00      0.00
    0.00      0.00
    0.00      0.00
    0.00      0.00
    0.00      0.00
    0.00      0.00
    0.00      0.00
    0.00      0.00
    0.00      0.00
    0.00      0.00
    0.00      0.00
    0.00      0.00
    0.00      0.00
    0.00      0.00
    0.00      0.00
    0.00      0.00
    0.00      0.00
    0.00      0.00
    0.00      0.00
    0.00      0.00
    0.00      0.00
    0.00      0.00
    0.00      0.00
    0.00      0.00
    0.00      0.00
    0.00      0.00
    0.00      0.00
    0.00      0.00
    0.00      0.00
    0.00      0.00
    0.00      0.00
    0.00      0.00
    0.00      0.00
    0.00      0.00
    0.00      0.00
    0.00      0.00
    0.00      0.00
    0.00      0.00
    0.00      0.00
    0.00      0.00
    0.00      0.00
    0.00      0.00
    0.00      0.00
    0.00      0.00
    0.00      0.00
    0.00      0.00
    0.00      0.00
    0.00      0.00
    0.00      0.00
    0.00      0.00
    0.00      0.00
    0.00      0.00
    0.00      0.00
    0.00      0.00
    0.00      0.00
    0.00      0.00
    0.00      0.00
    0.00      0.00
    0.00      0.00
    0.00      0.00
    0.00      0.00
    0.00      0.00
    0.00      0.00
    0.00      0.00
    0.00      0.00
    0.00      0.00
    0.00      0.00
    0.00      0.00
    0.00      0.00
    0.00      0.00
    0.00      0.00
    0.00      0.00
    0.00      0.00
    0.00      0.00
    0.00      0.00
    0.00      0.00
    0.00      0.00
    0.00      0.00
    0.00      0.00
    0.00      0.00
    0.00      0.00
    0.00      0.00
    0.00      0.00
    0.00      0.00
    0.00      0.00
    0.00      0.00
    0.00      0.00
    0.00      0.00
    0.00      0.00
    0.00      0.00
    0.00      0.00
    0.00      0.00
    0.00      0.00
    0.00      0.00
    0.00      0.00
    0.00      0.00
    0.00      0.00
    0.00      0.00
    0.00      0.00
    0.00      0.00
    0.00      0.00
    0.00      0.00
    0.00      0.00
    0.00      0.00
    0.00      0.00
    0.00      0.00
    0.00      0.00
    0.00      0.00
    0.82      0.00
    0.00      0.00
    0.00      0.00
    0.00      0.00
    0.00      0.00
    0.00      0.00
    0.00      0.00
    0.00      0.00
    0.00      0.00
    0.00      0.00
    0.00      0.00
    0.00      0.00
    0.00      0.00
    0.00      0.00
    0.00      0.00
    0.00      0.00
    0.00      0.00
    0.00      0.00
    0.00      0.00
    0.00      0.00
    0.00      0.00
    0.00      0.00
    0.00      0.00
    0.00      0.00
    0.00      0.00
    0.00      0.00
    0.00      0.00
    0.00      0.00
    0.00      0.00
    0.00      0.00
    0.00      0.00
    0.00      0.00
    0.00      0.00
    0.00      0.00
    0.00      0.00
    0.00      0.00
    0.00      0.00
    0.00      0.00
    0.00      0.00
    0.00      0.00
    0.00      0.00
    0.00      0.00
    0.00      0.00
    0.00      0.00
    0.00      0.00
    0.00      0.00
    0.00      0.00
    0.00      0.00
    0.00      0.00
    0.00      0.00
    0.00      0.00
    0.00      0.00
    0.00      0.00
    0.00      0.00
    0.00      0.00
    0.00      0.00
    0.00      0.00
    0.00      0.00
    0.00      0.00
    0.00      0.00
    0.00      0.00
    0.00      0.00
    0.00      0.00
    0.00      0.00
    0.00      0.00
    0.00      0.00
    0.00      0.00
    0.00      0.00
    0.00      0.00
    0.00      0.00
    0.00      0.00
    0.00      0.00
    0.00      0.00
    0.00      0.00
    0.00      0.00
    0.00      0.00
    0.00      0.00
    0.00      0.00
    0.00      0.00
    0.00      0.00
    0.00      0.00
    0.00      0.00
    0.00      0.00
    0.00      0.00
    0.00      0.00
    0.00      0.00
    0.00      0.00
    0.00      0.00
    0.00      0.00
    0.00      0.00
    0.00      0.00
    0.00      0.00
    0.00      0.00
    0.00      0.00
    0.00      0.00
    0.00      0.00
    0.00      0.00
    0.00      0.00
    0.00      0.00
    0.82      0.00
    0.00      0.00
    0.00      0.00
    0.00      0.00
    0.00      0.00
    0.00      0.00
    0.00      0.00
    0.00      0.00
    0.00      0.00
    0.00      0.00
    0.00      0.00
    0.00      0.00
    0.00      0.00
    0.00      0.00
    0.00      0.00
    0.00      0.00
    0.00      0.00
    0.00      0.00
    0.00      0.00
    0.00      0.00
    0.00      0.00
    0.00      0.00
    0.00      0.00
    0.00      0.00
    0.00      0.00
    0.00      0.00
    0.00      0.00
    0.00      0.00
    0.00      0.00
    0.00      0.00
    0.00      0.00
    0.00      0.00
    0.00      0.00
    0.00      0.00
    0.00      0.00
    0.00      0.00
    0.00      0.00
    0.00      0.00
    0.00      0.00
    0.00      0.00
    0.00      0.00
    0.00      0.00
    0.00      0.00
    0.00      0.00
    0.00      0.00
    0.00      0.00
    0.00      0.00
    0.00      0.00
    0.00      0.00
    0.00      0.00
    0.00      0.00
    0.00      0.00
    0.00      0.00
    0.00      0.00
    0.00      0.00
    0.00      0.00
    0.00      0.00
    0.00      0.00
    0.00      0.00
    0.00      0.00
    0.00      0.00
    0.00      0.00
    0.00      0.00
    0.00      0.00
    0.00      0.00
    0.00      0.00
    0.00      0.00
    0.00      0.00
    0.00      0.00
    0.00      0.00
    0.00      0.00
    0.00      0.00
    0.00      0.00
    0.00      0.00
    0.00      0.00
    0.00      0.00
    0.00      0.00
    0.00      0.00
    0.00      0.00
    0.00      0.00
    0.00      0.00
    0.00      0.00
    0.00      0.00
    0.00      0.00
    0.00      0.00
    0.00      0.00
    0.00      0.00
    0.00      0.00
    0.00      0.00
    0.00      0.00
    0.00      0.00
    0.00      0.00
    0.00      0.00
    0.00      0.00
    0.00      0.00
    0.00      0.00
    0.00      0.00
    0.00      0.00
    0.00      0.00
    0.00      0.00
    0.00      0.00
    0.00      0.00
    0.00      0.00
    0.00      0.00
    0.00      0.00
    0.00      0.00
    0.00      0.00
    0.00      0.00
    0.00      0.00
    0.00      0.00
    0.00      0.00
    0.00      0.00
    0.00      0.00
    0.00      0.00
    0.00      0.00
    0.00      0.00
    0.00      0.00
    0.00      0.00
    0.00      0.00
    0.00      0.00
    0.00      0.00
    0.00      0.00
    0.00      0.00
    0.00      0.00
    0.00      0.00
    0.00      0.00
    0.00      0.00
    0.00      0.00
    0.00      0.00
    0.00      0.00
    0.00      0.00
    0.00      0.00
    0.00      0.00
    0.00      0.00
    0.00      0.00
    0.00      0.00
    0.00      0.00
    0.00      0.00
    0.00      0.00
    0.00      0.00
    0.00      0.00
    0.00      0.00
    0.00      0.00
    0.00      0.00
    0.00      0.00
    0.00      0.00
    0.00      0.00
    0.00      0.00
    0.00      0.00
    0.00      0.00
    0.00      0.00
    0.00      0.00
    0.00      0.00
    0.00      0.00
    0.00      0.00
    0.00      0.00
    0.00      0.00
    0.00      0.00
    0.00      0.00
    0.00      0.00
    0.00      0.00
    0.00      0.00
    0.00      0.00
    0.00      0.00
    0.00      0.00
    0.00      0.00
    0.00      0.00
    0.00      0.00
    0.00      0.00
    0.00      0.00
    0.00      0.00
    0.00      0.00
    0.00      0.00
    0.00      0.00
    0.00      0.00
    0.00      0.00
    0.00      0.00
    0.00      0.00
    0.00      0.00
    0.00      0.00
    0.00      0.00
    0.00      0.00
    0.00      0.00
    0.00      0.00
    0.00      0.00
    0.00      0.00
    0.00      0.00
    0.00      0.00
    0.00      0.00
    0.00      0.00
    0.00      0.00
    0.00      0.00
    0.00      0.00
    0.00      0.00
    0.00      0.00
    0.00      0.00
    0.00      0.00
    0.00      0.00
    0.00      0.00
    0.00      0.00
    0.00      0.00
    0.00      0.00
    0.00      0.00
    0.00      0.00
    0.00      0.00
    0.00      0.00
    0.00      0.00
    0.00      0.00
    0.00      0.00
    0.00      0.00
    0.00      0.00
    0.00      0.00
    0.00      0.00
    0.00      0.00
    0.00      0.00
    0.00      0.00
    0.00      0.00
    0.00      0.00
    0.00      0.00
    0.00      0.00
    0.00      0.00
    0.00      0.00
    0.00      0.00
    0.00      0.00
    0.00      0.00
    0.00      0.00
    0.00      0.00
    0.00      0.00
    0.00      0.00
    0.00      0.00
    0.00      0.00
    0.00      0.00
    0.00      0.00
    0.00      0.00
    0.00      0.00
    0.00      0.00
    0.00      0.00
    0.00      0.00
    0.00      0.00
    0.00      0.00
    0.00      0.00
    0.00      0.00
    0.00      0.00
    0.00      0.00
    0.00      0.00
    0.00      0.00
    0.00      0.00
    0.00      0.00
    0.00      0.00
    0.00      0.00
    0.00      0.00
    0.00      0.00
    0.00      0.00
    0.00      0.00
    0.00      0.00
    0.00      0.00
    0.00      0.00
    0.00      0.00
    0.00      0.00
    0.00      0.00
    0.00      0.00
    0.00      0.00
    0.00      0.00
    0.00      0.00
    0.00      0.00
    0.00      0.00
    0.00      0.00
    0.00      0.00
    0.00      0.00
    0.00      0.00
    0.00      0.00
    0.00      0.00
    0.00      0.00
    0.00      0.00
    0.00      0.00
    0.00      0.00
    0.00      0.00
    0.00      0.00
    0.00      0.00
    0.00      0.00
    0.00      0.00
    0.00      0.00
    0.00      0.00
    0.00      0.00
    0.00      0.00
    0.00      0.00
    0.00      0.00
    0.00      0.00
    0.00      0.00
    0.00      0.00
    0.00      0.00
    0.00      0.00
    0.00      0.00
    0.00      0.00
    0.00      0.00
    0.00      0.00
    0.00      0.00
    0.00      0.00
    0.00      0.00
    0.00      0.00
    0.00      0.00
    0.00      0.00
    0.00      0.00
    0.00      0.00
    0.00      0.00
    0.00      0.00
    0.00      0.00
    0.00      0.00
    0.00      0.00
    0.00      0.00
    0.00      0.00
    0.00      0.00
    0.00      0.00
    0.00      0.00
    0.00      0.00
    0.00      0.00
    0.00      0.00
    0.00      0.00
    0.00      0.00
    0.00      0.00
    0.00      0.00
    0.00      0.00
    0.00      0.00
    0.00      0.00
    0.00      0.00
    0.00      0.00
    0.00      0.00
    0.00      0.00
    0.00      0.00
    0.00      0.00
    0.00      0.00
    0.00      0.00
    0.00      0.00
    0.00      0.00
    0.00      0.00
    0.00      0.00
    0.00      0.00
    0.00      0.00
    0.00      0.00
    0.00      0.00
    0.00      0.00
    0.00      0.00
    0.00      0.00
    0.00      0.00
    0.00      0.00
    0.00      0.00
    0.00      0.00
    0.00      0.00
    0.00      0.00
    0.00      0.00
    0.00      0.00
    0.00      0.00
    0.00      0.00
    0.00      0.00
    0.00      0.00
    0.00      0.00
    0.00      0.00
    0.00      0.00
    0.00      0.00
    0.00      0.00
    0.00      0.00
    0.00      0.00
    0.00      0.00
    0.00      0.00
    0.00      0.00
    0.00      0.00
    0.00      0.00
    0.00      0.00
    0.00      0.00
    0.00      0.00
    0.00      0.00
    0.00      0.00
    0.00      0.00
    0.00      0.00
    0.00      0.00
    0.00      0.00
    0.00      0.00
    0.00      0.00
    0.00      0.00
    0.00      0.00
    0.00      0.00
    0.00      0.00
    0.00      0.00
    0.00      0.00
    0.00      0.00
    0.00      0.00
    0.00      0.00
    0.00      0.00
    0.00      0.00
    0.00      0.00
    0.00      0.00
    0.00      0.00
    0.00      0.00
    0.00      0.00
    0.00      0.00
    0.00      0.00
    0.00      0.00
    0.00      0.00
    0.00      0.00
    0.00      0.00
    0.00      0.00
    0.00      0.00
    0.00      0.00
    0.00      0.00
    0.00      0.00
    0.00      0.00
    0.00      0.00
    0.00      0.00
    0.00      0.00
    0.00      0.00
    0.00      0.00
    0.00      0.00
    0.00      0.00
    0.00      0.00
    0.00      0.00
    0.00      0.00
    0.00      0.00
    0.00      0.00
    0.00      0.00
    0.00      0.00
    0.00      0.00
    0.00      0.00
    0.00      0.00
    0.00      0.00
    0.00      0.00
    0.00      0.00
    0.00      0.00
    0.00      0.00
    0.00      0.00
    0.00      0.00
    0.00      0.00
    0.00      0.00
    0.00      0.00
    0.00      0.00
    0.00      0.00
    0.00      0.00
    0.00      0.00
    0.00      0.00
    0.00      0.00
    0.00      0.00
    0.00      0.00
    0.00      0.00
    0.00      0.00
    0.00      0.00
    0.00      0.00
    0.00      0.00
    0.00      0.00
    0.00      0.00
    0.00      0.00
    0.00      0.00
    0.00      0.00
    0.00      0.00
    0.00      0.00
    0.00      0.00
    0.00      0.00
    0.00      0.00
    0.00      0.00
    0.00      0.00
    0.00      0.00
    0.00      0.00
    0.00      0.00
    0.00      0.00
    0.00      0.00
    0.00      0.00
    0.00      0.00
    0.00      0.00
    0.00      0.00
    0.00      0.00
    0.00      0.00
    0.00      0.00
    0.00      0.00
    0.00      0.00
    0.00      0.00
    0.00      0.00
    0.00      0.00
    0.00      0.00
    0.00      0.00
    0.00      0.00
    0.00      0.00
    0.00      0.00
    0.00      0.00
    0.00      0.00
    0.00      0.00
    0.00      0.00
    0.00      0.00
    0.00      0.00
    0.00      0.00
    0.00      0.00
    0.00      0.00
    0.00      0.00
    0.00      0.00
    0.00      0.00
    0.00      0.00
    0.00      0.00
    0.00      0.00
    0.00      0.00
    0.00      0.00
    0.00      0.00
    0.00      0.00
    0.00      0.00
    0.00      0.00
    0.00      0.00
    0.00      0.00
    0.00      0.00
    0.00      0.00
    0.00      0.00
    0.00      0.00
    0.00      0.00
    0.00      0.00
    0.00      0.00
    0.00      0.00
    0.00      0.00
    0.00      0.00
    0.00      0.00
    0.00      0.00
    0.00      0.00
    0.00      0.00
    0.00      0.00
    0.00      0.00
    0.00      0.00
    0.00      0.00
    0.00      0.00
    0.00      0.00
    0.00      0.00
    0.00      0.00
    0.00      0.00
    0.00      0.00
    0.00      0.00
    0.00      0.00
    0.00      0.00
    0.00      0.00
    0.00      0.00
    0.00      0.00
    0.00      0.00
    0.00      0.00
    0.00      0.00
    0.00      0.00
    0.00      0.00
    0.00      0.00
    0.00      0.00
    0.00      0.00
    0.00      0.00
    0.00      0.00
    0.00      0.00
    0.00      0.00
    0.00      0.00
    0.00      0.00
    0.00      0.00
    0.00      0.00
    0.00      0.00
    0.00      0.00
    0.00      0.00
    0.00      0.00
    0.00      0.00
    0.00      0.00
    0.00      0.00
    0.00      0.00
    0.00      0.00
    0.00      0.00
    0.00      0.00
    0.00      0.00
    0.00      0.00
    0.00      0.00
    0.00      0.00
    0.00      0.00
    0.00      0.00
    0.00      0.00
    0.00      0.00
    0.00      0.00
    0.00      0.00
    0.00      0.00
    0.00      0.00
    0.00      0.00
    0.00      0.00
    0.00      0.00
    0.00      0.00
    0.00      0.00
    0.00      0.00
    0.00      0.00
    0.00      0.00
    0.00      0.00
    0.00      0.00
    0.00      0.00
    0.00      0.00
    0.00      0.00
    0.00      0.00
    0.00      0.00
    0.00      0.00
    0.00      0.00
    0.00      0.00
    0.00      0.00
    0.00      0.00
    0.00      0.00
    0.00      0.00
    0.00      0.00
    0.00      0.00
    0.00      0.00
    0.00      0.00
    0.00      0.00
    0.00      0.00
    0.00      0.00
    0.00      0.00
    0.00      0.00
    0.00      0.00
    0.00      0.00
    0.00      0.00
    0.00      0.00
    0.00      0.00
    0.00      0.00
    0.00      0.00
    0.00      0.00
    0.00      0.00
    0.00      0.00
    0.00      0.00
    0.00      0.00
    0.00      0.00
    0.00      0.00
    0.00      0.00
    0.00      0.00
    0.00      0.00
    0.00      0.00
    0.00      0.00
    0.00      0.00
    0.00      0.00
    0.00      0.00
    0.00      0.00
    0.00      0.00
    0.00      0.00
    0.00      0.00
    0.00      0.00
    0.00      0.00
    0.00      0.00
    0.00      0.00
    0.00      0.00
    0.00      0.00
    0.00      0.00
    0.00      0.00
    0.00      0.00
    0.00      0.00
    0.00      0.00
    0.00      0.00
    0.00      0.00
    0.00      0.00
    0.00      0.00
    0.00      0.00
    0.00      0.00
    0.00      0.00
    0.00      0.00
    0.00      0.00
    0.00      0.00
    0.00      0.00
    0.00      0.00
    0.00      0.00
    0.00      0.00
    0.00      0.00
    0.00      0.00
    0.00      0.00
    0.00      0.00
    0.00      0.00
    0.00      0.00
    0.00      0.00
    0.00      0.00
    0.00      0.00
    0.00      0.00
    0.00      0.00
    0.00      0.00
    0.00      0.00
    0.00      0.00
    0.00      0.00
    0.00      0.00
    0.00      0.00
    0.00      0.00
    0.00      0.00
    0.00      0.00
    0.00      0.00
    0.00      0.00
    0.00      0.00
    0.00      0.00
    0.00      0.00
    0.00      0.00
    0.00      0.00
    0.00      0.00
    0.00      0.00
    0.00      0.00
    0.00      0.00
    0.00      0.00
    0.00      0.00
    0.00      0.00
    0.00      0.00
    0.00      0.00
    0.00      0.00
    0.00      0.00
    0.00      0.00
    0.00      0.00
    0.00      0.00
    0.00      0.00
    0.00      0.00
    0.00      0.00
    0.00      0.00
    0.00      0.00
    0.00      0.00
    0.00      0.00
    0.00      0.00
    0.00      0.00
    0.00      0.00
    0.00      0.00
    0.00      0.00
    0.00      0.00
    0.00      0.00
    0.00      0.00
    0.00      0.00
    0.00      0.00
    0.00      0.00
    0.00      0.00
    0.00      0.00
    0.00      0.00
    0.00      0.00
    0.00      0.00
    0.00      0.00
    0.00      0.00
    0.00      0.00
    0.00      0.00
    0.00      0.00
    0.00      0.00
    0.00      0.00
    0.00      0.00
    0.00      0.00
    0.00      0.00
    0.00      0.00
    0.00      0.00
    0.00      0.00
    0.00      0.00
    0.00      0.00
    0.00      0.00
    0.00      0.00
    0.00      0.00
    0.00      0.00
    0.00      0.00
    0.00      0.00
    0.00      0.00
    0.00      0.00
    0.00      0.00
    0.00      0.00
    0.00      0.00
    0.00      0.00
    0.00      0.00
    0.00      0.00
    0.00      0.00
    0.00      0.00
    0.00      0.00
    0.00      0.00
    0.00      0.00
    0.00      0.00
    0.00      0.00
    0.00      0.00
    0.00      0.00
    0.00      0.00
    0.00      0.00
    0.00      0.00
    0.00      0.00
    0.00      0.00
    0.00      0.00
    0.00      0.00
    0.00      0.00
    0.00      0.00
    0.00      0.00
    0.00      0.00
    0.00      0.00
    0.00      0.00
    0.00      0.00
    0.00      0.00
    0.00      0.00
    0.00      0.00
    0.00      0.00
    0.00      0.00
    0.00      0.00
    0.00      0.00
    0.00      0.00
    0.00      0.00
    0.00      0.00
    0.00      0.00
    0.00      0.00
    0.00      0.00
    0.00      0.00
    0.00      0.00
    0.00      0.00
    0.00      0.00
    0.00      0.00
    0.00      0.00
    0.00      0.00
    0.00      0.00
    0.00      0.00
    0.00      0.00
    0.00      0.00
    0.00      0.00
    0.00      0.00
    0.00      0.00
    0.41      0.00
    0.00      0.00
    0.00      0.00
    0.00      0.00
    0.00      0.00
    0.00      0.00
    0.00      0.00
    0.00      0.00
    0.00      0.00
    0.00      0.00
    0.00      0.00
    0.00      0.00
    0.00      0.00
    0.00      0.00
    0.00      0.00
    0.00      0.00
    0.00      0.00
    0.00      0.00
    0.00      0.00
    0.00      0.00
    0.00      0.00
    0.00      0.00
    0.00      0.00
    0.00      0.00
    0.00      0.00
    0.00      0.00
    0.00      0.00
    0.00      0.00
    0.00      0.00
    0.00      0.00
    0.00      0.00
    0.00      0.00
    0.00      0.00
    0.00      0.00
    0.00      0.00
    0.00      0.00
    0.00      0.00
    0.00      0.00
    0.00      0.00
    0.00      0.00
    0.00      0.00
    0.00      0.00
    0.00      0.00
    0.00      0.00
    0.00      0.00
    0.00      0.00
    0.00      0.00
    0.00      0.00
    0.00      0.00
    0.00      0.00
    0.00      0.00
    0.00      0.00
    0.00      0.00
    0.00      0.00
    0.00      0.00
    0.00      0.00
    0.00      0.00
    0.00      0.00
    0.00      0.00
    0.00      0.00
    0.00      0.00
    0.00      0.00
    0.00      0.00
    0.00      0.00
    0.00      0.00
    0.00      0.00
    0.00      0.00
    0.00      0.00
    0.00      0.00
    0.00      0.00
    0.00      0.00
    0.00      0.00
    0.00      0.00
    0.00      0.00
    0.00      0.00
    0.00      0.00
    0.00      0.00
    0.00      0.00
    0.00      0.00
    0.00      0.00
    0.00      0.00
    0.00      0.00
    0.00      0.00
    0.00      0.00
    0.00      0.00
    0.00      0.00
    0.00      0.00
    0.00      0.00
    0.00      0.00
    0.00      0.00
    0.00      0.00
    0.00      0.00
    0.00      0.00
    0.00      0.00
    0.00      0.00
    0.00      0.00
    0.00      0.00
    0.00      0.00
    0.00      0.00
    0.41      0.00
    0.00      0.00
    0.00      0.00
    0.00      0.00
    0.00      0.00
    0.00      0.00
    0.00      0.00
    0.00      0.00
    0.00      0.00
    0.00      0.00
    0.00      0.00
    0.00      0.00
    0.00      0.00
    0.00      0.00
    0.00      0.00
    0.00      0.00
    0.00      0.00
    0.00      0.00
    0.00      0.00
    0.00      0.00
    0.00      0.00
    0.00      0.00
    0.00      0.00
    0.00      0.00
    0.00      0.00
    0.00      0.00
    0.00      0.00
    0.00      0.00
    0.00      0.00
    0.00      0.00
    0.00      0.00
    0.00      0.00
    0.00      0.00
    0.00      0.00
    0.00      0.00
    0.00      0.00
    0.00      0.00
    0.00      0.00
    0.00      0.00
    0.00      0.00
    0.00      0.00
    0.00      0.00
    0.00      0.00
    0.00      0.00
    0.00      0.00
    0.00      0.00
    0.00      0.00
    0.00      0.00
    0.00      0.00
    0.00      0.00
    0.00      0.00
    0.00      0.00
    0.00      0.00
    0.00      0.00
    0.00      0.00
    0.00      0.00
    0.00      0.00
    0.00      0.00
    0.00      0.00
    0.00      0.00
    0.00      0.00
    0.00      0.00
    0.00      0.00
    0.00      0.00
    0.00      0.00
    0.00      0.00
    0.00      0.00
    0.00      0.00
    0.00      0.00
    0.00      0.00
    0.00      0.00
    0.00      0.00
    0.00      0.00
    0.00      0.00
    0.00      0.00
    0.00      0.00
    0.00      0.00
    0.00      0.00
    0.00      0.00
    0.00      0.00
    0.00      0.00
    0.00      0.00
    0.00      0.00
    0.00      0.00
    0.00      0.00
    0.00      0.00
    0.00      0.00
    0.00      0.00
    0.00      0.00
    0.00      0.00
    0.00      0.00
    0.00      0.00
    0.00      0.00
    0.00      0.00
    0.00      0.00
    0.00      0.00
    0.00      0.00
    0.00      0.00
    0.00      0.00
    0.00      0.00
    0.41      0.00
    0.00      0.00
    0.00      0.00
    0.00      0.00
    0.00      0.00
    0.00      0.00
    0.00      0.00
    0.00      0.00
    0.00      0.00
    0.00      0.00
    0.00      0.00
    0.00      0.00
    0.00      0.00
    0.00      0.00
    0.00      0.00
    0.00      0.00
    0.00      0.00
    0.00      0.00
    0.00      0.00
    0.00      0.00
    0.00      0.00
    0.00      0.00
    0.00      0.00
    0.00      0.00
    0.00      0.00
    0.00      0.00
    0.00      0.00
    0.00      0.00
    0.00      0.00
    0.00      0.00
    0.00      0.00
    0.00      0.00
    0.00      0.00
    0.00      0.00
    0.00      0.00
    0.00      0.00
    0.00      0.00
    0.00      0.00
    0.00      0.00
    0.00      0.00
    0.00      0.00
    0.00      0.00
    0.00      0.00
    0.00      0.00
    0.00      0.00
    0.00      0.00
    0.00      0.00
    0.00      0.00
    0.00      0.00
    0.00      0.00
    0.00      0.00
    0.00      0.00
    0.00      0.00
    0.00      0.00
    0.00      0.00
    0.00      0.00
    0.00      0.00
    0.00      0.00
    0.00      0.00
    0.00      0.00
    0.00      0.00
    0.00      0.00
    0.00      0.00
    0.00      0.00
    0.00      0.00
    0.00      0.00
    0.00      0.00
    0.00      0.00
    0.00      0.00
    0.00      0.00
    0.00      0.00
    0.00      0.00
    0.00      0.00
    0.00      0.00
    0.00      0.00
    0.00      0.00
    0.00      0.00
    0.00      0.00
    0.00      0.00
    0.00      0.00
    0.00      0.00
    0.00      0.00
    0.00      0.00
    0.00      0.00
    0.00      0.00
    0.00      0.00
    0.00      0.00
    0.00      0.00
    0.00      0.00
    0.00      0.00
    0.00      0.00
    0.00      0.00
    0.00      0.00
    0.00      0.00
    0.00      0.00
    0.00      0.00
    0.00      0.00
    0.00      0.00
    0.00      0.00
    0.00      0.00
    0.00      0.00
    0.00      0.00
    0.00      0.00
    0.00      0.00
    0.00      0.00
    0.00      0.00
    0.00      0.00
    0.00      0.00
    0.00      0.00
    0.00      0.00
    0.00      0.00
    0.00      0.00
    0.00      0.00
    0.00      0.00
    0.00      0.00
    0.00      0.00
    0.00      0.00
    0.00      0.00
    0.00      0.00
    0.00      0.00
    0.00      0.00
    0.00      0.00
    0.00      0.00
    0.00      0.00
    0.00      0.00
    0.00      0.00
    0.00      0.00
    0.00      0.00
    0.00      0.00
    0.00      0.00
    0.00      0.00
    0.00      0.00
    0.00      0.00
    0.00      0.00
    0.00      0.00
    0.00      0.00
    0.00      0.00
    0.00      0.00
    0.00      0.00
    0.00      0.00
    0.00      0.00
    0.00      0.00
    0.00      0.00
    0.00      0.00
    0.00      0.00
    0.00      0.00
    0.00      0.00
    0.00      0.00
    0.00      0.00
    0.00      0.00
    0.00      0.00
    0.00      0.00
    0.00      0.00
    0.00      0.00
    0.00      0.00
    0.00      0.00
    0.00      0.00
    0.00      0.00
    0.00      0.00
    0.00      0.00
    0.00      0.00
    0.00      0.00
    0.00      0.00
    0.00      0.00
    0.00      0.00
    0.00      0.00
    0.00      0.00
    0.00      0.00
    0.00      0.00
    0.00      0.00
    0.00      0.00
    0.00      0.00
    0.00      0.00
    0.00      0.00
    0.00      0.00
    0.00      0.00
    0.00      0.00
    0.00      0.00
    0.00      0.00
    0.00      0.00
    0.00      0.00
    0.00      0.00
    0.00      0.00
    0.00      0.00
    0.00      0.00
    0.00      0.00
    0.00      0.00
    0.00      0.00
    0.00      0.00
    0.00      0.00
    0.00      0.00
    0.00      0.00
    0.00      0.00
    0.00      0.00
    0.00      0.00
    0.00      0.00
    0.00      0.00
    0.00      0.00
    0.00      0.00
    0.00      0.00
    0.00      0.00
    0.00      0.00
    0.00      0.00
    0.00      0.00
    0.00      0.00
    0.00      0.00
    0.00      0.00
    0.00      0.00
    0.00      0.00
    0.00      0.00
    0.00      0.00
    0.00      0.00
    0.00      0.00
    0.00      0.00
    0.00      0.00
    0.00      0.00
    0.00      0.00
    0.00      0.00
    0.00      0.00
    0.00      0.00
    0.00      0.00
    0.00      0.00
    0.00      0.00
    0.00      0.00
    0.00      0.00
    0.00      0.00
    0.00      0.00
    0.00      0.00
    0.00      0.00
    0.00      0.00
    0.00      0.00
    0.00      0.00
    0.00      0.00
    0.00      0.00
    0.00      0.00
    0.00      0.00
    0.00      0.00
    0.00      0.00
    0.00      0.00
    0.00      0.00
    0.00      0.00
    0.00      0.00
    0.00      0.00
    0.00      0.00
    0.00      0.00
    0.00      0.00
    0.00      0.00
    0.00      0.00
    0.00      0.00
    0.00      0.00
    0.00      0.00
    0.00      0.00
    0.00      0.00
    0.00      0.00
    0.00      0.00
    0.00      0.00
    0.00      0.00
    0.00      0.00
    0.00      0.00
    0.00      0.00
    0.00      0.00
    0.00      0.00
    0.00      0.00
    0.00      0.00
    0.00      0.00
    0.00      0.00
    0.00      0.00
    0.00      0.00
    0.00      0.00
    0.00      0.00
    0.00      0.00
    0.00      0.00
    0.00      0.00
    0.00      0.00
    0.00      0.00
    0.00      0.00
    0.00      0.00
    0.00      0.00
    0.00      0.00
    0.00      0.00
    0.00      0.00
    0.00      0.00
    0.00      0.00
    0.00      0.00
    0.00      0.00
    0.00      0.00
    0.00      0.00
    0.00      0.00
    0.00      0.00
    0.00      0.00
    0.00      0.00
    0.00      0.00
    0.00      0.00
    0.00      0.00
    0.00      0.00
    0.00      0.00
    0.00      0.00
    0.00      0.00
    0.82      0.00
    0.00      0.00
    0.00      0.00
    0.00      0.00
    0.00      0.00
    0.00      0.00
    0.00      0.00
    0.00      0.00
    0.00      0.00
    0.00      0.00
    0.00      0.00
    0.00      0.00
    0.00      0.00
    0.00      0.00
    0.00      0.00
    0.00      0.00
    0.00      0.00
    0.00      0.00
    0.00      0.00
    0.00      0.00
    0.00      0.00
    0.00      0.00
    0.00      0.00
    0.00      0.00
    0.00      0.00
    0.00      0.00
    0.00      0.00
    0.00      0.00
    1.36      0.68
    0.00      0.00
    0.00      0.00
    0.00      0.00
    0.00      0.00
    0.00      0.00
    0.00      0.00
    0.00      0.00
    0.00      0.00
    0.00      0.00
    0.00      0.00
    0.00      0.00
    0.00      0.00
    0.00      0.00
    0.00      0.00
    0.00      0.00
    0.00      0.00
    0.00      0.00
    0.00      0.00
    0.00      0.00
    0.00      0.00
    0.00      0.00
    0.00      0.00
    0.00      0.00
    0.00      0.00
    0.00      0.00
    0.00      0.00
    0.00      0.00
    0.00      0.00
    0.00      0.00
    0.00      0.00
    0.00      0.00
    0.00      0.00
    0.00      0.00
    0.00      0.00
    0.00      0.00
    0.00      0.00
    0.00      0.00
    0.00      0.00
    0.00      0.00
    0.00      0.00
    0.68      0.00
    0.00      0.00
    0.00      0.00
    0.00      0.00
    0.00      0.00
    0.00      0.00
    0.00      0.00
    0.00      0.00
    0.00      0.00
    0.00      0.00
    0.00      0.00
    0.00      0.00
    0.00      0.00
    0.00      0.00
    0.00      0.00
    0.00      0.00
    0.00      0.00
    0.00      0.00
    0.00      0.00
    0.00      0.00
    0.00      0.00
    0.00      0.00
    0.00      0.00
    0.00      0.00
    0.00      0.00
    0.00      0.00
    0.00      0.00
    0.00      0.00
    0.00      0.00
    0.00      0.00
    0.00      0.00
    0.82     26.17
   25.76     20.44
   20.34     27.29
   21.44     12.44
   11.64      1.58
    0.71      0.00
    0.00      0.00
    0.00      0.00
    0.00      0.00
    0.00      0.00
    1.35      1.10
    0.00      0.00
 2037.38     19.41
 2332.02    374.29
 3046.00    353.15
 3199.68   1507.92
 2055.76   1461.92
 1114.40    243.63
  765.76    469.64
 1673.63    917.81
 1385.57    780.52
  840.20   3393.13
 1850.63   4297.10
 2290.20   2290.12
 1619.67   4490.91
 1973.54    780.03
 1329.71    387.34
  977.58    323.09
  294.61     68.87
  147.25     13.95
   40.06      0.72
   15.90      0.00
    2.60      0.00
   73.70     47.96
    2.29      0.00
   25.79     21.41
   32.62     37.10
   27.28      6.99
   14.44     26.49
   25.77      1.64
   32.82      9.11
    0.00      0.00
    9.58      1.73
    2.82      0.73
    0.00      0.00
    0.00      0.00
    0.00      0.00
   13.72      0.72
    0.00      0.00
    0.00      0.00
    0.00      0.00
    0.41      0.41
    0.00      0.00
    0.00      0.00
    0.00      0.00
    0.00      0.00
    0.00      0.00
    0.00      0.00
    0.00      0.00
    0.00      0.00
    0.00      0.00
    0.00      0.00
    0.00      0.00
    0.00      0.00
    0.00      0.00
    0.00      0.00
    0.00      0.00
    0.00      0.00
    0.00      0.00
    0.00      0.00
    0.00      0.00
    0.00      0.00
   59.39     92.11
  466.27    495.79
  486.86    870.68
  496.98    403.21
  521.12    413.28
  270.31    217.17
  244.70    152.67
  108.98     80.92
   77.06     61.63
  210.96    155.84
    3.52      0.71
    2.16      0.00
   19.84     14.85
    4.34      0.00
    0.00      0.00
    0.00      0.00
    0.00     14.80
    0.00      0.00
   14.86      0.72
    0.00      0.00
    1.37      0.00
    0.00      0.00
    0.00      0.00
    0.00      0.00
    0.00      0.00
    0.00     14.39
    0.00      0.00
    0.41      0.00
   14.85      0.72
    0.00      0.00
    0.00      0.00
    0.00      0.00
    0.00      0.00
    0.00      0.00
    0.00      0.00
    0.00      0.00
    0.00      0.00
    0.00      0.00
   57.75     87.88
   61.66    104.81
   59.12    141.77
   27.65    139.38
  117.11    152.08
   50.47     48.53
   41.68     58.68
   12.89      9.59
   22.89      9.10
    0.00      0.72
   13.07     11.03
   43.73     22.62
  123.47    123.72
  451.12    422.71
  507.16    668.25
  361.54    512.44
  259.44    267.27
  471.62    365.28
  305.06    264.67
  254.66    117.64
  165.45    165.98
  138.32    110.34
   95.52     58.01
  139.01     81.16
  241.94    196.85
    3.39     14.72
   50.14     58.04
   29.26     13.77
    6.37      2.82
    0.00      0.00
    0.72     15.00
   15.22      0.00
    0.71      0.72
    0.87      0.00
    0.00      0.00
    0.00      0.00
    0.00      0.00
    0.00      0.00
    0.00      0.00
    0.00     14.81
    0.00      0.00
    0.00      0.00
    0.00      0.00
   15.07      0.72
    0.00      0.00
    0.00      0.00
    0.00      0.00
    0.00      0.00
    0.00      0.00
    0.00      0.00
    0.00      0.00
    0.00      0.00
    0.00      0.65
    0.65      0.00
    0.72      0.74
    0.00      0.00
    0.00      0.00
    0.00      0.00
    0.00      0.00
    0.00      0.00
    0.00      0.00
   29.65     15.77
   76.19     64.72
  243.24    232.15
  434.65    586.07
  394.45    300.50
  249.31    267.06
  187.88    367.25
   97.20    167.29
  431.63    284.38
  246.35    194.15
   84.53     50.13
  156.67    127.63
  111.00    123.23
  109.27    110.77
   35.13     16.51
   37.16     46.62
  210.28    141.98
   62.83     49.57
    0.00      0.00
   19.44     14.44
    5.77     15.13
    0.72      0.00
   15.17      0.00
    0.00      0.72
    0.00      0.00
    0.00      0.00
    0.00      0.00
    0.00      0.00
    0.41      0.00
    0.00      0.00
    0.00      0.00
    0.00      0.00
    0.00     15.01
    0.00      0.00
    0.00      0.00
   15.16      0.72
    0.00      0.00
    0.00      0.00
    0.00      0.00
   41.05     47.42
  130.16     96.89
   20.42    202.59
   38.87    119.71
   62.59    148.94
   54.01     64.94
    8.36      1.44
   53.13    110.58
   27.47     47.84
   46.17     36.93
   41.66     50.56
   25.65     27.43
   98.96     27.96
  173.09     88.86
  496.61    199.11
  414.66    289.09
  248.49    106.80
  225.73    119.13
  182.64    140.33
  163.82    276.78
  139.78    252.75
  352.76    214.18
  316.36    179.51
   84.96     58.56
  135.69    131.68
  169.26    112.38
  125.88    113.02
   33.50     91.16
    7.96      0.00
   48.10     61.13
  167.38     97.95
  117.57    100.60
    0.00      0.00
   30.84     28.04
    6.47      0.00
   28.03     25.24
    0.00      0.00
    9.58      0.00
    1.62      0.00
    3.72      2.80
    0.00      0.00
    0.00      0.00
    0.72      0.00
    0.00      0.00
    0.68      0.00
    0.00      0.00
    0.00     15.11
    0.00      0.00
    0.00      0.00
    2.10      0.72
    0.00      0.00
    0.00      0.00
    0.00      0.00
    0.00      0.65
    0.00      0.00
    0.72      0.00
    0.00     14.38
    0.00      0.00
   15.17      0.00
    0.00      0.72
    0.00      0.00
    1.31      0.72
    3.61      3.99
    3.99      6.02
   13.82     18.31
   20.73     33.41
   46.72     46.12
    8.31     26.50
   27.72     48.64
   51.36     21.96
   19.55     22.03
    5.63     10.65
   51.29     68.49
   33.57     11.99
   12.36      8.53
    3.54     18.49
   34.26      4.90
    3.98      4.84
   35.59     39.27
    7.38      7.07
    1.37      2.68
   20.14     15.81
    1.37      0.00
   21.69     19.34
    7.46      9.18
    0.65      1.44
    1.44      0.00
    0.00      0.00
    2.98      0.00
    0.00      0.00
    0.00      0.00
    0.00      0.00
   14.37     15.82
    0.00      0.00
    0.00      0.00
    0.00      0.00
    0.72      0.00
    1.04      0.00
    0.00      0.00
    0.00      0.65
  114.48    154.08
    0.00     51.64
   63.14    276.62
   54.89    102.49
   33.37     38.35
   53.63     39.24
   20.82     72.71
   35.12     22.48
   37.67     37.87
    0.00      9.41
   53.27      2.08
   29.18      3.54
    1.96      2.89
   50.65     30.63
   77.86     41.16
   38.88     64.43
  115.16    120.82
   89.45     64.93
  167.65    173.17
   67.85     60.01
   99.33    121.16
  109.83     48.37
   65.55    113.19
  173.91    114.07
   62.73     45.99
   77.66     59.57
   32.40      7.06
   97.07     78.19
   43.07     27.61
    4.90      3.40
    5.36      5.50
    6.83      7.67
    3.47      4.77
    4.26      4.64
    2.16      1.96
   15.84     15.18
    5.64      1.38
    7.67      4.85
    0.00      0.72
    0.00      0.00
    0.72      0.00
    2.16      0.00
    0.00      0.00
    0.00      0.00
    0.00      0.00
   14.80     14.86
    0.00      0.00
    0.00      0.00
    0.00      0.00
    0.72      0.00
    0.00      0.65
    0.00      0.00
    0.74      0.00
    0.00      0.65
    0.00      0.00
    0.00      0.00
    1.78      1.13
    0.00      0.00
    0.00      0.00
    0.00     14.99
    1.31      0.72
   17.24      3.99
    2.82      1.37
    3.47      6.67
   11.79     13.41
   16.56     15.78
   11.14     26.67
   23.10      9.62
   24.23     20.47
   22.05     22.61
    5.56     18.32
   19.39     35.41
   35.43     25.90
   19.76     50.07
   47.42     26.78
    5.57     20.64
   23.16     22.73
   33.22     21.06
   37.40     34.86
    4.12      4.19
   17.62     16.89
   16.84     16.97
   18.40      4.77
    6.16      7.46
    5.36      5.64
    2.75      2.17
    8.97      5.70
    5.18      3.53
    0.00      0.00
    0.00      0.00
    2.68      3.47
    2.68      3.47
    0.00      0.00
    0.72      0.00
    1.44      0.00
    0.72      0.00
    0.00      0.00
    0.00      0.00
   13.86     14.49
  132.87    100.50
   15.31    153.52
   40.29    125.30
   76.10    191.33
   76.04     79.84
   76.78     40.66
   13.15      9.59
   21.12     74.75
   92.45     50.06
   39.49     19.90
   20.84     36.91
    8.20      2.74
   10.23     32.68
    1.36      1.36
   27.06      8.19
  108.67     39.38
  136.09     90.88
   22.37      9.92
  114.57    118.56
  109.51     73.39
  104.47    109.26
   95.27     69.30
   30.82     68.93
  104.30     56.88
   81.59     63.23
    7.96     12.63
   72.65     24.21
   32.23     36.22
   15.22     36.65
   39.45     37.71
   20.38      2.10
    4.90      5.57
   19.44     17.94
   16.39     17.10
   16.44     16.36
    2.68      3.47
   21.47      5.35
    6.60     15.64
    1.31      2.17
    4.33      0.00
    9.38      0.00
    2.16      0.65
    0.00      0.65
    0.00      0.00
    2.68      2.10
    2.68      3.47
    0.00      0.72
    0.00      0.00
    1.44      0.00
    1.41      0.00
    0.00      0.65
    0.00      0.00
   15.21     15.13
    0.65      0.71
    0.00      0.00
    0.00      0.00
    1.45     14.39
    0.00      0.00
   15.17      0.72
    0.00      0.00
    0.00      0.00
    2.03      2.75
    2.88      3.26
   32.66     24.59
   32.17     13.02
   11.20     25.65
   44.42     30.77
   13.16     11.72
    7.73     20.52
   21.64     25.25
   40.08     35.12
   33.85     19.88
    4.71      4.84
   21.38     49.08
   22.03     25.04
    2.10     19.75
   10.21      8.18
   25.23      9.25
    8.32      2.81
   18.96     22.13
   19.22     34.95
   19.86     22.51
    3.33      4.91
    5.63      2.09
   18.44      2.88
    2.75      2.02
   30.96     34.35
    1.38      1.38
    2.75      0.72
    4.77      4.19
   12.00     15.34
    3.27      4.33
    2.17      0.00
    5.06      0.00
    0.00      0.65
    0.00      1.31
    0.00      0.00
    0.00      0.00
    3.40      3.47
   59.01     74.86
  108.91    162.10
   46.71     68.90
   52.22    229.84
  103.92     70.19
    0.00     66.54
   25.11     62.14
   38.07    112.38
    0.00      0.00
   60.11    109.34
   95.68     54.38
   58.28     37.09
   19.34     22.73
   23.08     41.18
   75.97      2.10
   31.98     28.22
   48.92     43.29
   56.98     53.97
   95.16     73.98
   69.74     51.94
   25.80     12.97
   71.66     57.16
   77.99     58.67
   17.47     46.05
   42.92     64.31
   25.46     38.16
   71.31     16.38
   49.88     58.92
    7.48     10.42
    9.76      6.88
   38.09      4.25
    2.82      3.40
    2.10      4.64
   65.47     50.63
    8.23     22.78
    5.56      2.75
    3.54      3.47
    1.31      1.44
   19.37      1.37
    2.10      4.71
    2.68      6.81
   27.15     24.58
   29.48     13.77
    9.50      8.18
    7.88      7.08
    4.91      1.44
    4.33      0.00
    1.46      0.00
    0.00      0.65
    0.65      1.37
    0.00      0.00
    0.00      0.00
    3.55      2.75
    2.03      2.16
    0.00      0.65
    0.00      0.00
    2.84      0.76
    0.00      0.00
    0.00      0.00
    0.00      0.00
    0.65     15.75
    0.65     15.02
   18.04      4.71
   16.54      2.10
    1.44      1.96
    3.46      4.64
    8.97     11.44
   11.79     12.30
   11.14     25.40
    9.69      6.88
   50.92     41.66
   25.53     34.66
    7.58     36.55
    5.62     17.80
   21.23     36.98
    4.78     33.03
   21.29     19.80
   15.75     10.86
   33.67     19.87
   15.26      7.80
    5.57     21.80
    6.74      5.71
   20.08      2.16
    2.03      4.12
   15.75     18.44
   17.62     20.10
    7.01      4.78
    3.40      3.47
    4.12      3.47
    2.16      1.37
    1.37      2.68
    4.12      1.44
    2.03      3.47
   18.36     17.26
    4.06      4.98
    2.75      3.47
    3.92      5.37
    4.05      7.08
    2.75      1.44
   35.49     53.64
   26.56     19.97
  102.55    213.79
    0.72     26.44
   30.05    170.85
   53.87    106.24
  100.31    106.40
   59.07     56.26
   44.73     85.43
    6.18     36.10
   21.31      0.72
    5.51     10.42
   53.07     65.48
   24.51     45.73
   64.84     48.99
   22.96      4.98
   63.88     17.27
   55.29     32.48
   28.69     49.98
   81.03     59.39
   52.06     33.50
   69.07    101.53
  119.43     81.23
   81.63     89.33
   52.72     43.97
   21.36     61.84
   58.60     38.03
   93.43     65.31
   36.27     18.22
   88.74     72.39
  102.11     50.17
   55.70     31.67
   55.12     29.75
   15.18     13.53
    6.49     16.25
   19.91      4.12
    2.75      2.03
    1.31      3.47
   19.95      6.80
    4.77      3.47
    3.40      3.53
    4.92      2.10
    0.72      2.03
    1.38      2.03
   18.92     21.02
    2.75      4.64
    0.00      0.72
    2.89      1.31
    4.98      0.72
    2.10      3.27
    5.23      6.95
    3.40      3.61
    4.26      0.72
    2.89      0.72
    0.00      0.65
    0.00      0.00
    0.74      0.65
    0.65      1.37
    0.00      0.00
    0.00      0.00
    2.03      2.75
    1.38     15.11
    2.10      3.33
   17.31      1.96
    2.82     17.09
    1.37     16.30
   20.04      7.38
   24.00     10.19
   11.71     13.67
    8.97      7.53
    8.38      5.43
   19.80     23.98
    6.28     19.96
   11.12      6.87
    8.90      8.97
    4.77      4.91
    4.19      4.64
   19.21     32.99
    3.33      4.85
   18.87     51.02
   35.09     21.88
   54.91     23.30
   23.27     49.41
   32.20     18.73
   21.15     19.94
   32.22     19.97
    3.39      3.32
    2.75      0.72
    2.03      3.47
    2.09      3.98
    3.33      2.75
    5.56      6.87
    4.05      1.44
    4.26      3.47
    0.65      2.03
   17.82     16.44
    1.31      0.72
    6.08      4.33
    3.33      4.19
    0.65      1.44
   29.93     50.35
  102.22    128.04
    0.00    107.09
    7.32    161.67
   22.33     82.93
   52.10     49.47
   78.00     78.24
   33.28     78.86
   18.94     54.17
   28.42     28.76
   26.23     27.73
    8.04     10.66
   23.50     13.58
   35.65     45.71
    2.03      1.44
   95.16     64.53
   37.87     46.74
   50.49     37.82
   60.77     35.81
   26.16     37.58
   81.82     53.31
  142.79     57.82
   79.67    114.88
   52.46     59.59
   71.99     53.26
   76.74     64.53
   70.30     58.37
   28.45     41.04
   64.14     42.66
   83.84     49.68
  105.25    113.57
   58.07     31.09
   82.90     64.60
   64.31     26.81
   14.74     81.05
   83.05     34.52
   18.27     17.03
   20.88     17.43
   22.79     12.46
    0.72      1.37
   22.97      6.08
   15.95      4.19
    6.14      4.12
    3.47      4.12
    5.58      2.89
   17.99     15.82
    0.65      4.64
    2.03      4.06
    1.31      2.03
    2.16      0.72
    4.26      1.37
    2.16      0.00
    0.72      0.00
    1.39      1.37
    0.00      3.26
    3.92      4.85
    2.68      4.91
    5.57      2.17
    2.16      0.00
    2.10      0.65
    0.00      0.72
    2.10      2.68
    2.89      1.96
    2.10      2.03
    0.72     16.30
    2.10      3.99
   22.01      6.02
    8.24     12.29
   12.57     10.92
    8.25      9.56
    7.01      3.47
    4.85      5.43
    5.43      7.53
   25.42     21.94
   36.63     38.29
    8.25      8.32
    7.74     19.24
    1.31      1.37
   20.49     18.34
   15.81     36.47
   19.65     21.92
   63.30     51.95
   56.13     65.17
   24.17     22.54
   17.61     17.82
   34.34      4.98
    3.40      2.16
    3.33      6.08
    4.53      3.47
   16.38     16.53
    2.75      3.47
    1.44      0.00
    2.03      3.92
    2.77      3.54
   20.23     19.87
    4.05      4.26
    4.92      3.47
    2.17      0.65
    0.72      0.65
   43.43     49.12
  105.08    148.01
    2.57    127.60
    1.46    129.52
   65.54    115.91
   27.29     28.03
   44.84    105.32
   64.79     58.98
   60.63     68.03
   25.65     32.09
    8.75     13.02
   24.49      3.69
   55.87     29.83
    2.72      3.51
   53.49     21.99
   25.78     20.46
   52.94     51.30
   56.84     50.81
   40.11     53.91
   58.26     32.66
   19.62     36.34
   79.40     36.17
   80.96     53.22
   60.13     45.08
  116.90    125.07
   40.92     44.85
   81.62     67.25
   51.62     35.87
   53.88     52.64
   95.32     65.00
   17.30     26.24
   79.05     60.59
   40.98     27.17
   81.09     88.88
   72.39     57.29
   47.96     61.76
   17.87      4.90
   51.46     29.45
   27.77     23.81
   32.89     19.27
   35.77     12.56
    4.19      2.17
    2.03      0.72
   17.26     17.18
    0.00      1.96
    2.61      4.70
    4.19      3.47
    7.01     18.91
   18.38      2.15
    2.16      2.09
    1.31      4.71
    0.71      3.26
    0.72      0.65
    3.47      0.74
    4.26      2.10
    2.16      0.00
    1.31      2.10
    0.72      0.00
    1.31      0.00
    0.72      2.10
    0.00      2.61
    3.33      3.40
    6.29      8.04
    5.50      4.26
    2.16      1.37
    3.48      2.03
    6.43      5.95
    6.16      8.91
    9.69      7.98
    7.74      8.25
    8.97      8.25
    6.22      4.77
    3.47      6.15
   19.57     21.59
   11.79      6.22
   20.36     37.20
   52.21     41.06
    7.74      2.17
    4.71      5.64
    2.02     15.84
    6.08     21.74
   35.81     34.29
    0.00     21.61
   79.31     66.50
   25.40     36.58
   24.20      8.38
   19.37      4.13
    4.71      3.54
    3.47      2.16
    1.30      2.03
    1.37      3.40
   32.28     36.63
    4.12      2.75
    2.83      2.82
    4.25      0.72
    2.75      1.31
    1.96      3.54
    3.33      5.49
    1.37      2.74
   34.84      3.29
  104.35    163.80
   17.28    107.36
    1.98    152.40
    5.41     80.56
   23.09     30.78
    7.41     51.72
    1.28    145.81
   62.79     74.48
    2.97     28.93
   48.43     47.22
  159.04    140.32
   32.84     14.88
  131.70     16.92
   39.23      4.67
   21.20     14.58
   17.63      7.01
   10.25      9.80
    9.42      4.68
   62.34     52.98
  102.79     75.72
   52.05     76.48
  115.15     85.03
  103.66     66.93
   37.12     42.42
   68.80     60.23
   79.01     46.56
   60.22     55.63
   23.96      8.42
   35.93     12.64
   48.43     12.00
    6.36     20.44
    6.51      2.78
   17.78     50.87
   51.34     41.46
   35.24     32.29
   20.35     18.97
   73.03     52.66
   30.63     24.70
   40.09     41.09
   84.58     66.71
   37.67     25.80
   35.95     13.36
   28.00     21.07
   16.54     20.29
   18.62      4.13
    0.65      2.68
    2.03      2.03
    3.62      1.38
    4.12      3.40
    3.23      2.44
    3.47      3.47
    1.39      1.96
    4.78      6.15
    2.03     18.51
    1.44      1.37
    0.72      0.00
    3.54      0.65
    4.92      1.37
    1.44      2.09
    0.00      0.00
    2.75      4.06
    5.63      3.40
    1.37      1.37
    1.44      0.65
    0.00      1.96
    3.47      6.02
    9.56      8.84
    5.43     10.07
   13.89     13.17
   11.13      8.83
    6.37      4.78
    6.94      4.91
    4.12      6.74
   21.25     21.24
   24.20     19.93
   34.39     51.53
    6.93      6.87
    5.57     60.77
   48.49      7.59
   34.40     18.56
    8.76      6.43
    3.33     22.71
   19.89      3.40
   33.84     37.61
    5.50     19.80
   11.00      9.04
    8.38      4.91
   32.53     19.92
    2.75      1.44
    5.57      2.89
    0.65      1.38
   17.41     18.33
    0.72     16.83
   16.17     19.51
   21.98     20.16
    2.82      0.72
    3.63      0.65
   32.68     19.32
   32.72     52.94
   42.42     38.31
   82.97    144.49
    2.10    157.57
   21.75     56.08
    2.84    105.34
   51.60     56.75
   10.93     88.34
   71.99     91.68
    9.59     65.56
   39.22     37.23
   58.66     54.98
   39.36     42.48
   40.38      5.56
   27.17     21.18
    8.16      1.44
    4.19     27.87
   37.06     30.77
   80.92     80.03
    7.59      8.32
  111.47     52.94
   48.39     15.57
   34.66     32.63
   33.27     29.55
   58.72     39.33
   45.94     34.21
   20.35     28.73
   62.49     91.76
   46.45     20.88
   48.79     66.22
   31.55     21.28
   59.76     57.81
   57.85     17.42
   33.55     20.67
    4.78      4.92
    3.47      5.43
   49.13     25.88
    7.82     12.95
   44.42     54.23
   58.70     40.52
    5.42     23.94
   64.27     83.20
   41.46     28.63
   64.43     46.49
   27.93     19.07
   34.63     30.14
   23.95     19.94
   15.84     22.10
    9.84     15.00
   15.72      4.10
    1.37      2.03
    2.17      0.65
   18.62      4.71
    3.47      2.10
    2.12      0.65
    3.47      4.12
    2.75      3.40
    1.96      3.99
    4.91      4.85
    0.72      0.65
    0.72      0.00
    4.26      1.37
    7.08      6.02
    2.75      2.75
    2.75      1.38
    2.11      2.10
    0.00      2.61
    3.54      4.64
    8.97      4.12
    4.13      8.84
   11.79     11.59
    7.60      5.57
    3.47      8.04
   10.35      4.85
   18.85     38.92
   39.11     24.94
    7.08      4.91
    9.62      9.62
    9.82      5.57
   18.48     34.66
   35.10     19.78
    3.60     19.10
   21.95     34.29
    6.08     37.53
   19.25      4.12
   34.13      6.88
   18.98     23.91
    4.25      5.22
    5.50      2.75
   27.51     10.62
   19.65     19.70
    3.40      3.47
    4.85      0.00
    4.12     18.61
    1.72      1.78
   15.03     16.60
   32.37     32.71
    0.65      2.61
    3.66      4.45
   33.88      1.44
    0.00      0.00
    0.97      0.00
    0.00      0.00
    0.00      0.00
    0.00      0.00
    0.00      0.00
    0.00      0.00
    0.00      0.00
    0.00      0.00
    0.00      0.00
    0.00      0.00
    0.00      0.00
    0.00      0.00
    0.00      0.00
    0.00      0.00
    0.00      0.00
    0.00      0.00
    0.00      0.00
    0.00      0.00
    0.00      0.00
    0.00      0.00
    0.00      0.00
    0.00      0.00
    0.00      0.00
    0.00      0.00
    0.00      0.00
    0.00      0.00
    0.00      0.00
    0.00      0.00
    0.00      0.00
    0.00      0.00
    0.00      0.00
    0.00      0.00
    0.00      0.00
    0.00      0.00
