      h_eth1      
 KB/s in  KB/s out
    0.00      0.00
    0.00      0.00
    0.00      0.00
    0.00      0.00
    0.00      0.00
    0.00      0.00
    0.00      0.00
    0.00      0.00
    0.00      0.00
    0.00      0.00
    0.00      0.00
    0.00      0.00
    0.00      0.00
    0.00      0.00
    0.00      0.00
    0.00      0.00
    0.00      0.00
    0.00      0.00
    0.00      0.00
    0.00      0.00
    2.73      0.00
    0.00      0.00
    0.00      0.00
    0.00      0.00
    0.00      0.00
    0.00      0.00
    0.00      0.00
    0.00      0.00
    0.00      0.00
    0.00      0.00
    0.00      0.00
    0.00      0.00
    0.00      0.00
    0.00      0.00
    0.00      0.00
    0.00      0.00
    0.00      0.00
    0.00      0.00
    0.00      0.00
    0.00      0.00
    0.00      0.00
    0.00      0.00
    0.00      0.00
    0.00      0.00
    0.00      0.00
    0.00      0.00
    0.00      0.00
    0.00      0.00
    0.00      0.00
    0.00      0.00
    0.00      0.00
    0.00      0.00
    0.00      0.00
    0.00      0.00
    0.00      0.00
    0.00      0.00
    0.00      0.00
    0.00      0.00
    0.00      0.00
    0.00      0.00
    0.00      0.00
    0.68      0.00
    0.00      0.00
    0.00      0.00
    0.00      0.00
    0.00      0.00
    0.00      0.00
    0.00      0.00
    0.00      0.00
    0.00      0.00
    0.00      0.00
    0.00      0.00
    0.00      0.00
    0.00      0.00
    0.00      0.00
    0.00      0.00
    0.00      0.00
    0.00      0.00
    0.00      0.00
    0.00      0.00
    0.00      0.00
    0.00      0.00
    0.00      0.00
    0.00      0.00
    0.00      0.00
    0.00      0.00
    0.00      0.00
    0.00      0.00
    0.00      0.00
    0.00      0.00
    0.00      0.00
    0.00      0.00
    0.00      0.00
    0.00      0.00
    0.00      0.00
    0.00      0.00
    0.00      0.00
    0.00      0.00
    0.00      0.00
    0.00      0.00
    0.00      0.00
    0.00      0.00
    0.00      0.00
    0.00      0.00
    0.00      0.00
    0.00      0.00
    0.00      0.00
    0.00      0.00
    0.00      0.00
    0.00      0.00
    2.05     26.18
    0.00      0.00
    0.00     25.75
   20.34     21.43
    1.62      0.00
   11.71      1.39
    0.00      0.00
    0.72      0.00
    0.00      0.00
    0.00      0.00
    0.00      1.10
    0.00      0.00
    0.72      0.00
    0.00      0.00
  458.16     85.66
  126.07     76.12
  374.22     94.02
   60.12    119.72
  775.35    133.20
  584.50    106.44
  182.55    410.14
  227.50      0.79
  261.22    457.86
  190.00     44.29
  258.82    486.84
  466.85     91.54
  269.58    760.00
  401.53    137.49
  272.92     86.88
  443.01     49.11
  374.76    347.01
  401.24    218.05
  357.20    316.84
  455.61    375.65
  389.55    620.09
  441.92     25.66
  720.17    315.11
  349.57    351.14
  593.35   1000.71
  289.98    657.77
  442.41    417.29
  477.58    713.74
  753.64    529.54
  391.43    676.22
  555.20    291.40
  560.20    467.54
  498.55    586.21
  376.65    946.16
  505.76     36.78
  423.33    515.33
  451.14    484.03
  405.20   1214.26
  448.25    245.79
  495.86   1057.73
  348.59    193.09
  398.01    393.35
  230.56    203.34
  343.29    124.14
  206.90    260.73
  264.43    151.61
  175.23     36.47
   17.97      3.61
    0.72      0.00
    1.59      0.00
    0.00      0.00
    0.00      0.00
    0.00      0.00
    0.00      0.00
    0.00      0.00
    0.00      0.00
    0.00      0.00
   14.79     14.87
    0.00      0.00
    0.72      0.00
    0.00      0.00
    0.00      0.00
    0.00      0.00
    0.00      0.00
    0.00      0.00
    0.00      0.00
    0.00      0.00
    0.00      0.00
    0.00      0.00
    0.00      0.00
    0.00      0.00
    0.00      0.00
    0.00      0.00
    0.00      0.00
    0.00      0.00
    0.00      0.00
    0.00      0.00
    0.00      0.00
    0.00      0.00
    0.00      0.00
   72.32     74.08
   30.17     43.30
   32.05     59.41
   88.62    134.59
  119.27     93.97
  160.77    122.39
  105.14     75.49
   33.90     73.30
   32.06     45.33
   76.72     75.61
  178.46    119.67
   59.70     60.57
   45.32    101.41
   58.31     74.11
  102.92     47.22
   16.58     43.83
   34.63     59.37
  116.24    105.77
   58.29     30.22
   32.46      2.16
    0.71      0.00
    0.72      0.00
    0.00      0.00
    0.00      0.00
    0.00      0.00
    0.00      0.00
    0.00      0.00
    0.00      0.00
   14.99     15.07
    0.00      0.00
    0.72      0.00
    0.00      0.00
    0.00      0.00
    0.00      0.00
    0.00      0.00
    0.00      0.00
    0.00      0.00
    0.00      0.00
    0.00      0.00
    0.00      0.00
    0.00      0.00
    0.00      0.00
    0.00      0.00
    0.00      0.00
    0.00      0.00
    0.00      0.00
    0.00      0.00
    0.00      0.00
    0.00      0.00
    0.00      0.00
    0.00      0.00
   44.58     45.49
   44.40     60.11
   17.88     45.39
   61.78     76.72
  120.57    138.52
  105.15    124.33
  109.63     47.67
   64.71     76.43
   92.80     80.75
  137.58    196.11
  110.60     63.58
  106.93     47.34
   31.87     31.01
   89.55    107.57
   45.88     46.60
   46.52     91.23
   92.71     48.70
   32.50     60.65
   74.79     61.45
   32.54     31.07
   45.20      2.15
    0.72      0.00
    1.43      0.00
    0.00      0.00
    0.00      0.00
    0.00      0.00
    0.00      0.00
    0.00      0.00
    0.00      0.00
   15.10     15.18
    0.00      0.00
    0.72      0.00
    0.00      0.00
    0.00      0.00
    0.00      0.00
    0.00      0.00
    0.00      0.00
    0.00      0.00
    0.00      0.00
    0.00      0.00
    0.00      0.00
    0.00      0.00
    0.00      0.00
    0.00      0.00
    0.00      0.00
    0.00      0.00
    0.00      0.00
    0.00      0.00
    0.00      0.00
    0.00      0.00
    0.00      0.00
   30.13     30.14
   59.97     75.31
   33.03     30.77
   62.43     76.93
   92.17     63.97
   32.26     91.15
   47.97     91.10
  136.94     65.28
  167.65    111.73
   97.97    138.90
  138.26    124.32
   48.60     63.65
   95.29     32.94
   47.94     47.92
   60.72     62.36
   18.66     75.80
   92.41     77.22
   78.14     49.41
   45.74     47.19
   48.70     45.76
   31.44     32.23
   45.82     16.43
    1.48      0.72
    1.43      0.00
    0.00      0.00
    0.00      0.00
    0.00      0.00
    0.00      0.00
    0.00      0.00
    0.00      0.00
    0.65      0.74
    0.00      0.00
    0.00      0.00
    0.00      0.00
    0.00      0.00
    0.00      0.00
    0.00      0.00
    0.00      0.00
    0.00      0.00
    0.00      0.00
    0.00      0.00
    0.00      0.00
    0.00      0.00
    0.00      0.00
    0.00      0.00
    0.00      0.00
    0.00      0.00
    0.00      0.00
    0.00      0.00
    0.00      0.00
    0.00      0.00
   15.10     15.16
   46.05     61.29
   46.67     62.08
   17.95     16.45
   95.58     64.26
   15.82     17.83
    3.54     15.82
   75.60     94.15
  112.18    125.16
   79.26    108.12
  155.45     84.74
   48.22    108.29
   82.82     49.68
   17.29     15.17
   93.42     79.89
   48.24     48.19
   50.49     62.69
   77.90     62.70
   46.07     63.26
   63.41     17.32
   32.42     46.79
   15.83     15.82
   45.39     31.71
   18.06      0.72
    2.88      0.00
    0.00      0.00
    0.00      0.00
    0.00      0.00
    0.00      0.00
    0.00      0.65
    0.00      0.00
    0.72      0.00
    0.00      0.00
    0.00      0.00
    0.00      0.00
    0.00      0.00
    0.00      0.00
    0.00      0.00
    0.00      0.00
    0.00      0.00
    0.00      0.00
    0.00      0.00
    0.00      0.00
    0.00      0.00
    0.00      0.00
    0.00      0.00
    0.00      0.00
    0.00      0.00
    0.00      0.00
    0.00      0.00
    0.00      0.00
    0.65      2.03
    2.68      0.00
    2.68      3.60
    3.32      6.21
    3.33      2.09
    2.82      2.82
    3.40      3.46
    3.33      4.12
    2.68      4.19
    3.33      5.50
    7.52     36.29
    4.12      4.12
    6.22      3.52
    4.05      5.49
    3.40      3.47
    6.94      4.84
    2.88     17.13
    1.37      2.03
   19.23      2.75
    3.47      2.75
    0.72      1.44
    2.09      1.37
    0.65      2.68
    1.96      2.82
    2.16      0.00
    0.72      0.00
    0.00      0.00
    0.72      0.00
    0.00      0.00
    0.65      0.00
    0.00      0.74
    0.00      0.00
    0.00      0.00
    0.00      0.00
    0.00      0.00
    0.00      0.00
    0.00      0.00
    0.00      0.00
    0.00      0.00
    0.00      0.00
    0.00      0.00
    0.00      0.00
    0.00      0.00
    0.00      0.00
    0.00      0.00
    0.00      0.00
    0.00      0.00
    0.00      0.00
    0.00      0.00
    0.00      0.00
    0.65      1.37
    0.72      2.61
    0.00      1.31
    4.91      2.67
    3.40      4.84
    4.84      2.09
    3.40      4.12
    1.44      3.98
    4.26      2.68
    4.78      4.06
    2.82      4.12
    4.80      3.47
    4.77     18.63
    1.37      2.68
    4.05     19.77
    4.11      5.43
    8.24      5.70
   17.81      2.09
    4.12      4.84
    2.68      2.75
    2.03      2.16
    2.88      1.31
    1.37      0.72
    0.65      1.37
    2.75      1.37
    1.37      1.37
    0.65      1.44
    0.72      0.00
    0.72      0.00
    0.00      0.65
    0.00      0.00
    0.72      0.00
    0.00      0.00
    0.00      0.00
    0.00      0.00
    0.00      0.00
    0.00      0.00
    0.00      0.00
    0.00      0.00
    0.00      0.00
    0.00      0.00
    0.00      0.00
    0.00      0.00
    0.00      0.00
    0.00      0.00
    0.00      0.00
    0.00      0.00
    0.00      0.00
    0.00      0.00
    0.00      0.00
    0.72      0.65
    0.65      0.72
    1.30      0.00
    2.61      4.91
    2.03      2.03
    4.06      5.63
    3.47      2.68
    3.40      3.54
    4.70      4.26
    3.33      4.77
    2.03      2.81
    4.84      3.47
    3.81      3.16
    2.03      1.44
    1.37      2.03
    2.61     18.58
    3.26      6.22
    7.39      6.80
    3.47      2.03
    4.84      4.77
   17.92      2.11
    5.43      4.98
    2.16      0.72
    0.65      1.37
    1.37      1.31
    0.65      1.44
    2.16      0.65
    0.65      1.37
    0.65      1.37
    1.44      0.00
    0.72      0.00
    0.65      0.74
    0.00      0.00
    0.00      0.00
    0.00      0.00
    0.00      0.00
    0.00      0.00
    0.00      0.00
    0.00      0.00
    0.00      0.00
    0.00      0.00
    0.00      0.00
    0.68      0.68
    0.00      0.00
    0.00      0.00
    0.00      0.00
    0.00      0.00
    0.00      0.00
    0.00      0.00
    0.00      0.00
    0.65      0.72
    0.00      0.65
    0.72      1.31
    0.00      1.96
    4.26      2.03
    1.96      2.68
    4.84      2.82
    2.16      3.40
    4.05      6.15
    2.81      3.98
    4.12      1.37
    5.49      4.84
    1.44      2.75
    2.82      2.03
    2.09      1.37
    1.37      2.03
    0.72      1.96
    5.29      4.19
    4.84      4.26
    3.33      4.19
    2.75      4.71
    2.61      4.91
    4.12      3.47
    4.26      1.37
    2.09      0.72
    1.37      0.65
    1.37      2.09
    1.37      0.72
    1.37      0.00
    0.00      1.37
    1.31      1.37
    0.00      1.37
    0.72      0.00
    2.12      0.00
    0.00      0.00
    0.00      0.00
    0.00      0.00
    0.00      0.00
    0.00      0.00
    0.00      0.00
    0.00      0.00
    0.00      0.00
    0.00      0.00
    0.00      0.00
    0.00      0.00
    0.00      0.00
    0.00      0.00
    0.00      0.00
    0.00      0.00
    0.00      0.00
    0.72      0.65
    0.00      0.00
    0.65      0.72
    0.65      1.37
    3.33      2.89
    0.72      2.61
    4.71      4.26
    2.68      2.16
    2.75      2.68
    6.73      3.54
    1.37      4.84
    2.61      6.21
    4.25      0.72
    1.31      2.10
    3.41      2.82
    1.31      1.44
    2.03      0.65
    0.65      4.12
    2.68      4.12
    2.82      3.33
    3.47      2.03
    3.54      3.40
    4.71      2.75
    4.77      7.00
    2.03      2.75
    2.82      1.37
    2.75      1.37
    1.37      1.44
    0.72      1.31
    1.37      0.72
    0.72      0.00
    0.65      0.72
    2.03      2.03
    0.65      1.46
    0.72      0.00
    0.72      0.00
    0.00      0.00
    0.00      0.00
    0.00      0.00
    0.00      0.00
    0.00      0.00
    0.00      0.00
    0.00      0.00
    0.00      0.00
    0.00      0.00
    0.00      0.00
    0.00      0.00
    0.00      0.00
    0.00      0.00
    0.00      0.00
    0.65      0.72
    0.00      0.00
    0.00      0.65
    1.37      1.31
    0.72      2.68
    3.47      0.72
    1.37      5.36
    2.09      2.03
    5.63      2.09
    2.68      6.08
    3.47      2.75
    5.49      4.12
    2.03      2.82
    2.88      1.96
    1.37      2.03
    2.10      1.31
    0.72      1.37
    2.09      1.31
    2.75      2.81
    4.05      2.09
    2.75      2.15
    1.31      3.47
    3.33      4.71
    1.31      2.82
    2.82      2.03
    3.88      5.18
    2.68      1.44
    2.82      2.03
    2.81      1.44
    1.37      0.72
    0.65      1.37
    1.37      0.72
    0.00      1.31
    0.72      0.00
    2.75      1.37
    0.65      2.09
    0.00      0.00
    1.44      0.00
    0.00      0.00
    0.00      0.00
    0.00      0.00
    0.00      0.00
    0.00      0.00
    0.00      0.00
    0.00      0.00
    0.00      0.00
    0.00      0.00
    0.00      0.00
    0.00      0.00
    0.00      0.00
    0.72      0.65
    0.00      0.00
    0.00      0.00
    1.37      1.37
    1.30      0.72
    2.68      4.12
    3.45      0.72
    4.64      2.75
    2.03      4.98
    2.75      2.75
    2.75      2.75
    4.64      6.22
    5.56      2.82
    2.03      2.82
    1.31      1.44
    1.31      2.09
    2.03      1.44
    1.37      0.65
    0.65      2.09
    3.33      4.77
    2.09      2.75
    0.72      0.00
    2.82      2.68
    2.75      1.37
    3.40      2.82
    2.68      4.19
    2.03      2.03
    2.03      2.75
    2.81      3.40
    1.31      1.44
    2.16      0.00
    2.09      0.65
    0.00      1.37
    1.31      1.44
    0.65      1.39
    1.44      0.00
    0.65      0.72
    1.37      0.65
    0.00      0.72
    0.00      0.00
    0.72      0.00
    0.00      0.00
    0.00      0.00
    0.00      0.00
    0.00      0.00
    0.00      0.00
    0.00      0.00
    0.00      0.00
    0.00      0.00
    0.00      0.00
    0.65      0.72
    0.00      0.00
    0.00      0.00
    0.65      1.37
    0.72      1.31
    2.03      3.40
    2.82      0.00
    0.72      5.94
    4.91      1.44
    3.47      3.40
    2.75      1.44
    2.03      3.98
    3.33      4.84
    4.91      3.47
    2.88      1.31
    0.72      1.31
    2.09      2.03
    0.65      1.37
    1.37      2.02
    1.44      1.31
    4.84      2.09
    2.03      1.44
    1.37      2.10
    1.31      1.37
    1.96      4.06
    2.75      4.19
    2.16      1.31
    2.82      1.37
    2.61      4.19
    3.39      1.37
    2.03      3.47
    2.10      1.37
    1.44      0.72
    1.44      0.00
    0.65      2.03
    0.65      0.65
    0.72      1.37
    0.65      0.65
    2.09      1.44
    1.44      0.00
    0.65      1.37
    0.00      0.00
    0.72      0.00
    0.00      0.00
    0.00      0.00
    0.00      0.00
    0.00      0.00
    0.00      0.00
    0.00      0.00
    0.00      0.65
    0.72      0.00
    0.00      0.00
    0.00      0.00
    1.37      0.65
    0.00      0.72
    2.74      2.74
    1.31      2.09
    1.96      0.72
    2.68      4.90
    3.93      4.14
   38.34     57.18
   42.84     49.03
   26.35     50.08
  108.72    121.25
    8.17      4.33
  146.54     73.53
   27.95     23.04
   53.74     48.48
   14.69      3.97
   13.32      5.42
    1.96      3.47
    2.09      1.37
    2.03      2.09
    0.00      0.65
    1.44      1.30
    2.09      1.31
    3.98      3.54
    3.40      5.56
    0.68      0.00
    2.81      1.96
    1.31      1.44
    3.40      3.54
    2.09      0.65
    0.65      2.75
    0.65      0.00
    1.44      0.72
    1.44      0.00
    1.31      0.72
    0.65      2.03
    0.00      1.37
    0.65      0.00
    0.72      0.72
    2.03      1.37
    0.72      0.72
    0.00      0.00
    0.72      0.00
    0.00      0.00
    0.00      0.00
    0.00      0.00
    0.65      0.00
    0.00      0.72
    0.00      0.00
    0.00      0.00
    0.65      1.37
    0.00      0.00
    2.03      3.40
    1.44      0.65
    2.09      3.98
    2.82      0.65
    2.82      3.99
    3.47      4.71
    3.54      0.72
    3.33      5.43
    4.19      2.18
    2.82     19.73
    3.47      1.37
   18.04      2.09
    0.00      0.65
   30.76     32.26
    0.65      2.75
    3.62      1.31
    4.12      2.10
    2.16      1.37
    0.00      0.00
    2.61      2.16
    1.37      2.09
    0.65      2.03
    1.37      1.96
    1.37      2.09
    4.77      2.09
    0.72      2.09
    2.03      2.68
    1.44      1.37
    2.75      0.72
    1.37      1.44
    0.65      1.31
    1.37      2.75
    2.09      1.37
    0.72      0.00
    1.37      0.72
    0.72      0.00
    0.65      1.37
    0.00      0.65
    0.72      0.65
    0.00      0.65
    1.96      1.45
    0.00      0.72
    2.16      0.00
    0.00      0.00
    0.72      0.65
    0.00      0.00
    0.00      0.00
    0.00      0.00
    0.72      0.65
    0.65      1.37
    1.44      0.65
    1.96      1.44
    0.65      2.09
    3.98      2.82
    4.76      4.26
   19.97     29.97
   80.74    100.68
   23.99     29.34
   63.07     44.10
   11.54      4.26
   63.18     24.07
    8.18     21.27
   71.37     30.53
    5.53      4.88
   44.50      8.40
   44.84     33.93
    2.61      4.84
    2.75      2.31
    3.60      0.00
    0.65      2.68
    0.65      2.03
    2.16      0.00
    2.09      0.72
    1.31      0.65
    1.31      3.54
    1.37      1.37
    0.72      1.31
    3.33      2.81
    0.65      1.44
    2.16      0.65
    0.65      0.65
    0.65      0.72
    1.37      2.75
    0.65      1.37
    2.03      0.65
    1.37      2.16
    1.44      0.00
    1.37      0.72
    0.65      1.37
    0.00      0.00
    0.72      0.00
    0.00      0.00
    0.65      2.68
    0.65      0.72
    2.03      1.46
    0.72      0.00
    0.72      0.00
    0.00      0.00
    0.65      0.72
    0.65      0.65
    1.37      1.44
    0.00      1.96
    1.44      0.65
    2.88      3.26
    2.75      3.98
    4.98      2.03
    0.65      3.99
    4.13      2.75
    4.19      3.56
    1.37     18.36
    2.82      2.03
   19.34      4.12
    2.82     30.75
    1.37      0.72
   31.59      2.82
    1.96      4.12
    0.72      1.31
   33.42     47.33
   16.50      2.16
    1.44      0.65
    2.82      0.72
    1.96      1.44
    2.03      2.82
    0.00      1.31
    0.72      1.31
    0.65      0.00
    2.81      1.44
    1.37      2.03
    0.65      0.65
    1.31      2.75
    4.19      2.16
    0.72      0.00
    0.00      0.65
    0.65      0.72
    0.65      2.03
    2.03      1.37
    0.00      2.03
    2.82      1.37
    1.37      0.72
    1.37      0.00
    1.37      2.09
    0.00      0.00
    0.72      0.00
    0.00      0.00
    1.37      1.31
    0.00      1.37
    0.65      1.37
    1.37      0.72
    1.44      0.65
    0.00      0.65
    2.82      1.37
    0.00      0.00
    1.96      2.16
    1.96      2.82
    7.77      2.10
   50.78     86.67
   42.74     43.15
   90.59     76.83
   57.43     19.53
   12.99      3.54
   34.71     26.21
    3.33     18.41
   45.60      9.10
    0.65      2.16
    2.03     31.36
   30.59      3.39
    2.15      0.72
    2.03      3.40
    2.68      2.16
   33.35     32.84
   15.09     16.54
    2.10      1.31
    2.16      1.37
    2.75      1.44
    0.72      0.00
    1.31      0.00
    0.65      3.47
    1.37      0.72
    0.65      0.65
    0.72      0.72
    1.31      3.40
    1.44      0.65
    1.96      1.44
    2.16      0.72
    0.00      0.00
    0.65      0.65
    0.65      2.10
    1.37      1.37
    0.65      1.37
    0.65      0.72
    2.09      1.37
    0.73      0.72
    1.96      2.10
    0.00      0.72
    2.09      0.72
    0.00      0.00
    0.00      0.00
    1.30      1.37
    0.00      1.37
    2.68      0.72
    0.65      2.75
    0.72      0.72
    0.72      1.96
    2.16      1.96
    3.54      4.64
    2.81      4.64
    6.42      0.72
    2.03      4.73
   17.05     17.25
    3.53     17.71
   18.63      2.82
    0.65      3.33
   17.26     31.38
    2.82      0.73
   17.86      2.03
    2.10      2.03
    2.09     16.43
   17.73      4.13
    1.31      2.75
    2.82      2.75
    2.16      0.00
   14.33     15.63
    3.98      3.59
    2.76      1.37
    1.37      0.72
    0.72      2.03
    0.00      0.65
    0.00      0.65
    2.75      0.72
    1.44      0.72
    1.31      0.65
    0.65      2.10
    0.72      1.37
    0.73      1.31
    0.65      0.72
    2.03      1.44
    1.44      0.65
    0.00      0.65
    0.65      0.73
    1.37      0.65
    0.72      2.03
    1.37      1.37
    1.44      0.00
    0.72      0.65
    2.09      2.04
    0.65      0.72
    0.65      0.72
    1.44      0.65
    1.44      0.00
    1.37      1.96
    0.72      0.72
    0.65      0.72
    0.72      0.65
    5.61    256.06
   30.86      3.54
  156.02     11.38
   48.50     24.10
   57.42     27.48
    1.44      0.72
   52.92     48.65
   27.96     21.01
   53.78     34.18
   11.85      0.72
   10.33      0.00
    0.72      0.00
    0.00      0.00
    0.00      0.00
    0.00      0.00
    0.00      0.00
    0.00      0.00
    0.00      0.00
    0.00      0.00
    0.00      0.00
    0.00      0.00
    0.00      0.00
    0.00      0.00
    0.00      0.00
    0.00      0.00
    0.00      0.00
    0.00      0.00
    0.00      0.00
    0.00      0.00
    0.00      0.00
    0.00      0.00
    0.00      0.00
    0.00      0.00
    0.00      0.00
    0.00      0.00
    0.00      0.00
    0.00      0.00
    0.00      0.00
    0.00      0.00
    0.00      0.00
    0.00      0.00
    0.00      0.00
    0.00      0.00
    0.00      0.00
    0.00      0.00
    0.00      0.00
    0.00      0.00
    0.00      0.00
    0.00      0.00
    0.00      0.00
    2.61      2.88
   21.54     33.67
   36.09     56.24
   31.59     26.19
   20.70      2.18
    2.17      2.03
   15.74     15.15
    2.16      0.65
    0.72      1.31
   15.09     14.43
    0.65      0.72
   15.82     15.09
    0.72      0.00
    0.71      0.00
    0.00      0.00
    0.00      0.00
    0.00      0.00
    0.00      0.00
    0.00      0.00
    0.00      0.00
    0.00      0.00
    0.00      0.00
    0.00      0.00
    0.00      0.00
    0.00      0.00
    0.00      0.00
    0.00      0.00
    0.00      0.00
    0.00      0.00
    0.00      0.00
    0.00      0.00
    0.00      0.00
    0.00      0.00
    0.00      0.00
    0.00      0.00
    0.00      0.00
    0.00      0.00
    0.00      0.00
    0.00      0.00
    0.00      0.00
    0.00      0.00
    0.00      0.00
    0.00      0.00
    0.00      0.00
    0.00      0.00
    0.00      0.00
    0.00      0.00
    0.00      0.00
    0.00      0.00
    0.00      0.00
    2.85      7.10
    9.32     17.73
   11.47     41.94
   28.38     37.39
   28.20      7.03
   35.72      5.63
   16.96     16.30
    2.66      1.33
    2.17      1.37
    0.65      0.00
    0.65      2.09
    1.37      0.72
   15.51     15.59
   15.51     16.23
    0.72      0.00
    1.44      0.00
    0.00      0.00
    0.00      0.00
    0.00      0.00
    0.00      0.00
    0.00      0.00
    0.00      0.00
    0.00      0.00
    0.00      0.00
    0.00      0.00
    0.00      0.00
    0.00      0.00
    0.00      0.00
    0.00      0.00
    0.00      0.00
    0.00      0.00
    0.00      0.00
    0.00      0.00
    0.00      0.00
    0.00      0.00
    0.00      0.00
    0.00      0.00
    0.00      0.00
    0.00      0.00
    0.00      0.00
    0.00      0.00
    0.00      0.00
    0.00      0.00
    0.00      0.00
    0.00      0.00
    0.00      0.00
    0.00      0.00
    0.00      0.00
    0.00      0.00
    0.00      0.00
    2.61      2.89
    7.84      8.59
   13.78     12.92
   11.81     11.33
    7.84     13.95
   16.79     19.28
    3.47      3.47
   17.09     17.08
    4.12      2.75
    2.10      1.44
    2.11      1.37
    0.00      0.65
    0.72      0.65
    2.75      2.09
   14.99     15.05
   15.72     15.71
    0.72      0.00
    2.16      0.00
    0.00      0.00
    0.00      0.00
    0.00      0.00
    0.00      0.00
    0.00      0.00
    0.00      0.00
    0.00      0.00
    0.00      0.00
    0.00      0.00
    0.00      0.00
    0.00      0.00
    0.00      0.00
    0.00      0.00
    0.00      0.00
    0.00      0.00
    0.00      0.00
    0.00      0.00
    0.00      0.00
    0.00      0.00
    0.00      0.00
    0.00      0.00
    0.00      0.00
    0.00      0.00
    0.00      0.00
    0.00      0.00
    0.00      0.00
    0.00      0.00
    0.00      0.00
    0.00      0.00
    0.00      0.00
    0.00      0.00
    0.00      0.00
    2.89      2.61
    4.30      7.14
    4.98     15.10
   13.09     13.79
    7.11      6.60
   17.69     13.94
    1.96      3.54
   17.83      1.44
    2.75      3.47
    2.03      1.44
    1.37      2.68
    2.03      1.44
    1.37      1.37
    2.77      1.44
    0.00      0.00
    1.37      1.37
    0.00      0.65
    0.72      0.00
    0.65      0.00
    0.00      0.72
    0.72      0.00
    0.00      0.00
    0.00      0.00
    0.00      0.00
    0.00      0.00
    0.00      0.00
    0.00      0.00
    0.00      0.00
    0.00      0.00
    0.00      0.00
    0.00      0.00
    0.00      0.00
    0.00      0.00
    0.00      0.00
    0.00      0.00
    0.00      0.00
    0.00      0.00
    0.00      0.00
    0.00      0.00
    0.00      0.00
    0.00      0.00
    0.00      0.00
    0.00      0.00
    0.00      0.00
    0.00      0.00
    0.00      0.00
    0.00      0.00
    0.00      0.00
    0.00      0.00
    0.00      0.00
    2.61      2.88
    7.59      4.73
    0.00      4.26
   13.78     12.19
    7.25      9.82
    8.56     14.15
    5.42      1.96
   15.29     17.19
    2.82      2.75
    1.44      1.37
    2.03      1.37
    2.03      2.10
    0.72      2.03
    2.75      2.68
    0.65      1.44
    2.91      0.65
    0.72      0.00
    1.31      0.72
    0.72      0.72
    0.00      0.00
    0.00      0.65
    0.00      0.00
    0.65      0.72
    0.72      0.00
    0.00      0.00
    0.00      0.00
    0.00      0.00
    0.00      0.00
    0.00      0.00
    0.00      0.00
    0.00      0.00
    0.00      0.00
    0.00      0.00
    0.00      0.00
    0.00      0.00
    0.00      0.00
    0.00      0.00
    0.00      0.00
    0.00      0.00
    0.00      0.00
    0.41      0.00
    0.00      0.00
    0.00      0.00
    0.00      0.00
    0.00      0.00
    0.00      0.00
    0.00      0.00
    0.00      0.00
    0.00      0.00
    0.00      0.00
    2.88      2.61
    0.00      7.18
    7.94      0.00
    0.72     13.06
   12.20      7.25
    5.57     10.01
    7.72      5.36
    9.96     12.61
    1.96      2.16
   15.60      2.82
    3.54      1.44
    1.37      0.65
    0.00      1.37
    1.96      2.82
    2.10      0.00
    1.31      3.40
    1.37      1.44
    0.65      1.37
    1.46      0.65
    0.00      0.00
    2.09      0.72
    0.72      0.00
    0.00      0.00
    0.00      0.65
    0.00      0.00
    0.65      0.72
    0.00      0.00
    0.72      0.00
    0.00      0.00
    0.00      0.00
    0.00      0.00
    0.00      0.00
    0.00      0.00
    0.00      0.00
    0.00      0.00
    0.00      0.00
    0.00      0.00
    0.00      0.00
    0.00      0.00
    0.00      0.00
    0.00      0.00
    0.00      0.00
    0.00      0.00
    0.00      0.00
    0.00      0.00
    0.00      0.00
    0.00      0.00
    0.00      0.00
    0.00      0.00
    1.96      0.00
    0.65      2.88
    3.92      4.33
    3.26      3.60
    0.65      0.72
   10.45     11.47
    4.64      6.28
    9.34      8.38
    5.94      9.30
    5.50      2.68
   10.45     13.52
    3.40      3.61
    3.54      1.36
    0.72      0.72
    0.65      1.37
    0.00      1.96
    1.96      2.10
    2.16      0.72
    1.44      0.00
    0.65      2.03
    1.31      1.44
    1.37      1.37
    0.74      0.65
    0.00      0.00
    0.72      0.00
    1.37      0.72
    0.00      0.00
    0.00      0.00
    0.00      0.65
    0.00      0.00
    1.37      0.72
    0.00      0.00
    0.00      0.00
    0.00      0.00
    0.00      0.00
    0.00      0.00
    0.00      0.00
    0.00      0.00
    0.00      0.00
    0.00      0.00
    0.41      0.00
    0.00      0.00
    0.00      0.00
    0.00      0.00
    0.00      0.00
    0.00      0.00
    0.00      0.00
    0.00      0.00
    0.00      0.00
    0.00      0.00
    0.00      2.61
    2.88      0.00
    0.00      3.92
    4.33      3.27
    3.61      5.22
    0.72      7.84
   12.20      4.64
    5.56      7.39
    5.63      5.94
    6.28      6.80
    6.42      9.14
    1.39      2.75
    6.28      2.16
   10.75      1.37
    1.37      0.72
    0.72      0.00
    1.31      2.10
    0.65      1.31
    1.96      2.16
    1.37      0.72
    1.44      1.37
    0.65      1.31
    0.72      0.72
    0.65      0.72
    2.12      0.65
    0.00      1.37
    0.00      0.00
    0.72      0.00
    0.00      0.00
    0.72      0.00
    0.00      0.65
    0.00      0.00
    0.00      0.00
    0.00      0.00
    0.72      0.00
    0.00      0.00
    0.00      0.00
    0.00      0.00
    0.00      0.00
    0.00      0.00
    0.00      0.00
    0.00      0.00
    0.00      0.00
    0.00      0.00
    0.00      0.00
    0.00      0.00
    0.00      0.00
    0.00      0.00
    0.00      0.00
    0.00      0.00
    2.61      0.00
    0.00      2.88
    3.92      0.00
    3.26      7.93
    0.65      0.72
    5.87      0.00
    3.92     11.46
    4.63      6.28
    7.39      7.08
    7.83      4.84
    2.16      7.07
    2.75      1.46
   11.23      7.72
    3.33      7.93
    3.40      2.75
    0.65      0.72
    1.44      1.37
    0.00      0.65
    0.65      1.37
    0.72      0.65
    1.37      2.03
    1.44      0.00
    2.68      2.16
    0.72      0.00
    0.65      2.03
    0.65      0.72
    0.72      0.00
    0.74      0.65
    1.31      1.44
    0.00      0.00
    0.00      0.00
    0.72      0.00
    0.00      0.00
    0.65      0.72
    0.00      0.00
    0.00      0.00
    0.00      0.00
    0.00      0.00
    0.00      0.00
    0.00      0.00
    0.00      0.00
    0.00      0.00
    0.00      0.00
    0.00      0.00
    0.00      0.00
    0.00      0.00
    0.00      0.00
    0.00      0.00
    0.68      0.00
    0.00      0.00
    2.84      2.58
    0.00      0.00
    0.00      3.92
    4.33      3.26
    3.61      0.65
    0.72      5.88
    0.71      5.88
   10.75      2.68
    6.28      7.38
    4.19      8.56
    4.19      1.44
    9.31      5.36
    1.31      9.93
    2.11      2.03
    3.54      1.37
   10.82      0.00
    2.03      2.75
    1.37      0.72
    1.37      0.00
    0.65      0.72
    1.31      2.16
    0.00      0.65
    0.65      2.68
    0.72      0.00
    0.72      0.00
    0.72      0.00
    0.72      0.65
    0.65      2.03
    0.65      0.74
    1.48      0.00
    0.00      0.00
    1.37      1.37
    0.00      0.65
    0.00      0.00
    0.72      0.00
    0.72      0.00
    0.00      0.00
    0.00      0.00
    0.00      0.00
    0.00      0.00
    0.00      0.00
    0.00      0.00
    0.00      0.00
    0.00      0.00
    0.00      0.00
    0.00      0.00
    0.00      0.00
    0.00      0.00
    0.00      0.00
    0.00      0.00
    2.61      2.88
    0.00      0.00
    0.00      0.00
    3.91      4.32
    3.92      3.61
    0.00      0.72
    6.53      5.05
    3.26      6.42
    4.64      6.29
    6.08      4.19
    3.92      4.19
    6.67      9.31
    2.10      1.31
    1.37      2.11
    9.92      4.26
    4.64     10.09
    1.37      0.00
    0.65      2.10
    1.31      2.03
    0.72      1.37
    0.72      0.65
    0.72      0.00
    1.37      0.72
    0.72      0.65
    1.96      1.44
    1.37      2.09
    0.00      0.00
    0.00      0.00
    0.72      0.00
    0.65      2.03
    0.00      0.00
    2.05      1.39
    0.74      0.74
    0.00      0.00
    0.65      0.72
    1.38      0.72
    0.00      0.00
    0.00      0.00
    0.00      0.00
    0.00      0.00
    0.00      0.00
    0.00      0.00
    0.00      0.00
    0.00      0.00
    0.00      0.00
    0.00      0.00
    0.00      0.00
    0.00      0.00
    0.00      0.00
    0.00      0.00
    2.89      2.61
    0.00      0.00
    0.00      3.92
    4.33      3.27
    3.61      0.65
    0.72      0.00
    0.00      7.84
    6.48      1.96
    4.98      3.91
    6.28      8.11
    0.00      2.61
    7.73      7.39
    4.19      2.10
    6.42      2.61
    2.05      8.62
    0.72      3.98
    3.54      1.37
   10.10      0.00
    1.37      0.00
    1.37      2.09
    1.37      2.06
    1.96      1.44
    0.65      0.72
    0.72      0.72
    0.65      2.03
    0.00      0.65
    0.65      0.72
    1.44      0.00
    1.37      0.72
    0.00      0.00
    0.00      0.00
    0.41      1.06
    0.65      1.37
    0.00      0.65
    1.48      0.00
    0.00      1.31
    1.37      0.74
    0.00      0.00
    1.46      0.00
    0.65      0.73
    0.00      0.00
    0.00      0.00
    0.00      0.00
    0.00      0.00
    0.00      0.00
    0.00      0.00
    0.00      0.00
    0.00      0.00
    0.00      0.00
    0.00      0.00
    2.61      2.88
    0.00      0.00
    0.00      0.00
    3.92      4.33
    3.27      3.61
    0.65      0.72
    0.00      0.00
    9.14      6.49
    0.65      4.33
    4.64      6.94
    4.78      1.31
    2.61      6.42
    9.28      4.19
    1.44      7.07
    1.37      1.39
    2.09      0.72
    3.99      3.54
    9.14     10.09
    0.65      1.44
    0.72      0.65
    0.65      1.37
    2.44      3.16
    0.72      0.65
    1.37      0.65
    0.72      0.72
    2.09      0.00
    0.65      0.72
    0.65      2.75
    0.65      0.72
    0.72      0.00
    0.72      0.00
    0.00      0.00
    0.00      0.00
    0.65      0.00
    0.65      2.11
    0.00      0.00
    0.65      0.72
    1.78      0.00
    0.65      0.74
    0.00      0.65
    0.00      0.00
    0.00      0.00
    0.00      0.00
    0.65      0.74
    0.72      0.00
    0.00      0.00
    0.00      0.00
    0.00      0.00
    0.00      0.00
    0.00      0.00
    2.88      2.61
    0.00      0.00
    0.68      0.00
    4.31      3.91
    0.00      3.92
    4.33      0.00
    0.00      0.00
    0.00      9.79
    6.49      0.00
    6.28      4.57
    4.26      5.49
    1.46      2.61
    4.19      9.27
    4.19      1.44
    9.31      1.37
    1.31      2.10
    1.39      5.94
    0.72      7.18
    2.89      0.65
    9.37      0.00
    2.10      0.72
    0.72      0.65
    0.65      1.37
    4.05      2.16
    0.00      0.72
    0.65      1.37
    0.65      2.03
    0.65      0.00
    0.72      0.72
    2.75      1.37
    0.65      1.44
    0.72      0.00
    0.00      0.00
    0.00      0.65
    0.00      0.00
    0.00      0.65
    0.74      0.00
    0.65      1.37
    0.00      0.65
    0.74      0.00
    0.74      0.00
    0.74      0.00
    0.00      0.00
    0.00      0.00
    0.00      0.65
    0.00      0.00
    0.00      0.00
    0.72      0.00
    0.00      0.00
    0.00      0.00
    2.61      2.88
    0.00      0.00
    0.00      0.00
    3.92      4.33
    3.26      0.00
    0.65      4.33
    0.00      0.00
    0.00      0.00
    9.79      6.49
    0.00      5.63
    4.64      4.98
    2.10      1.38
    5.94      7.73
    4.05      1.37
    5.95      8.59
    0.72      1.31
    1.37      1.39
    2.82      0.72
    3.27      2.89
    8.49     10.10
    0.65      0.72
    0.00      0.65
    0.00      0.00
    2.05      4.07
    0.65      1.37
    2.09      0.72
    1.44      0.00
    0.72      0.65
    0.65      0.72
    1.30      1.30
    0.72      2.09
    0.65      0.65
    1.44      0.72
    1.44      0.00
    0.68      0.00
    0.65      0.00
    0.00      0.74
    0.00      0.00
    0.65      0.74
    0.65      0.65
    0.00      0.72
    0.65      1.39
    0.74      0.00
    0.00      0.00
    0.00      0.00
    0.74      0.00
    0.65      0.74
    0.00      0.00
    0.00      0.00
    0.00      0.00
    2.88      2.61
    0.00      0.00
    0.00      0.00
    0.72      3.92
    3.60      3.26
    4.32      0.65
    0.00      0.00
    0.00      0.00
    0.00      9.79
    6.51      0.00
    5.63      3.92
    4.28      2.16
    1.37      6.59
    4.91      4.05
    4.19      5.94
    3.54      1.44
    5.77      0.65
    1.96      2.81
    0.74      3.26
    1.37      9.86
    2.88      0.00
    6.49      0.00
    4.32      0.00
    0.00      0.65
    0.65      0.00
    2.61      2.09
    1.46      2.85
    0.65      0.72
    1.37      0.72
    0.00      0.00
    0.00      0.65
    1.96      0.72
    1.37      3.49
    1.31      0.72
    0.72      0.72
    0.72      0.65
    0.00      0.00
    0.00      0.00
    0.74      0.65
    0.00      0.00
    0.00      0.00
    0.65      0.00
    0.65      2.11
    0.74      0.00
    0.00      0.00
    1.39      0.74
    0.00      0.65
    0.00      0.00
    0.00      0.00
    3.35      0.00
    0.00      2.88
    0.00      0.00
    0.00      0.00
    3.92      4.33
    0.00      0.00
    3.92      4.33
    0.00      0.00
    0.00      0.00
    0.00      0.00
    9.79     10.11
    0.00      2.03
    4.64      4.28
    1.46      0.72
    3.26      5.56
    4.04      4.19
    3.33      3.54
    6.67      6.42
    1.37      2.05
    0.72      0.00
    1.44      0.65
    2.61      2.90
   10.51     10.09
    0.65      1.44
    0.00      0.00
    0.00      0.00
    0.00      1.31
    0.65      2.03
    2.03      1.39
    2.18      1.39
    0.72      0.00
    1.37      0.00
    0.00      1.37
    0.00      1.31
    1.31      0.72
    0.65      2.77
    2.11      0.00
    2.13      1.44
    0.72      0.00
    0.65      0.74
    0.00      0.00
    0.00      0.00
    0.00      0.00
    0.00      0.00
    0.00      0.65
    0.65      0.00
    0.00      2.03
    0.65      0.74
    1.48      0.00
    1.39      0.00
    0.00      0.66
    0.00      0.00
    0.00      0.00
    0.00      0.00
    0.00      0.00
    0.00      0.00
    0.00      0.00
    0.00      0.00
    0.00      0.00
    0.00      0.00
    0.00      0.00
    0.00      0.00
    0.41      0.41
    0.00      0.00
    0.00      0.00
    0.00      0.00
    0.00      0.00
    0.00      0.00
    0.00      0.00
    0.00      0.00
    0.00      0.00
    0.00      0.00
    0.00      0.00
    0.00      0.00
    0.00      0.00
