      h_eth1      
 KB/s in  KB/s out
    0.00      0.00
    0.00      0.00
    0.00      0.00
    0.00      0.00
    0.00      0.00
    0.00      0.00
    0.00      0.00
    0.00      0.00
    0.00      0.00
    0.00      0.00
    0.00      0.00
    0.00      0.00
    0.00      0.00
    0.00      0.00
    0.00      0.00
    0.00      0.00
    0.00      0.00
    0.00      0.00
    0.00      0.00
    0.00      0.00
    2.73      0.00
    0.00      0.00
    0.00      0.00
    0.00      0.00
    0.00      0.00
    0.00      0.00
    0.00      0.00
    0.00      0.00
    0.00      0.00
    0.00      0.00
    0.00      0.00
    0.00      0.00
    0.00      0.00
    0.00      0.00
    0.00      0.00
    0.00      0.00
    0.00      0.00
    0.00      0.00
    0.00      0.00
    0.00      0.00
    0.00      0.00
    0.00      0.00
    0.00      0.00
    0.00      0.00
    0.00      0.00
    0.00      0.00
    0.00      0.00
    0.00      0.00
    0.00      0.00
    0.00      0.00
    0.00      0.00
    0.00      0.00
    0.00      0.00
    0.00      0.00
    0.00      0.00
    0.00      0.00
    0.00      0.00
    0.00      0.00
    0.00      0.00
    0.00      0.00
    0.00      0.00
    0.68      0.00
    0.00      0.00
    0.00      0.00
    0.00      0.00
    0.00      0.00
    0.00      0.00
    0.00      0.00
    0.00      0.00
    0.00      0.00
    0.00      0.00
    0.00      0.00
    0.00      0.00
    0.00      0.00
    0.00      0.00
    0.00      0.00
    0.00      0.00
    0.00      0.00
    0.00      0.00
    0.00      0.00
    0.00      0.00
    0.00      0.00
    0.00      0.00
    0.00      0.00
    0.00      0.00
    0.00      0.00
    0.00      0.00
    0.00      0.00
    0.00      0.00
    0.00      0.00
    0.00      0.00
    0.00      0.00
    0.00      0.00
    0.00      0.00
    0.00      0.00
    0.00      0.00
    0.00      0.00
    0.00      0.00
    0.00      0.00
    0.00      0.00
    0.00      0.00
    0.00      0.00
    0.00      0.00
    0.00      0.00
    0.00      0.00
    0.00      0.00
    0.00      0.00
    0.00      0.00
    0.00      0.00
    0.00      0.00
    4.50     26.16
   21.29     27.30
   11.66      1.39
    0.72      0.00
    0.00      0.00
    0.00      0.00
    0.00      0.00
    0.00      0.00
    0.00      0.00
    0.00      0.00
   14.36     14.75
  495.76     61.61
  571.29    175.92
  449.33    256.16
  936.84    204.38
  312.35    398.83
  387.61    299.59
  360.87    480.99
  312.28     89.29
  365.00    413.71
  511.30    562.62
  599.66   1042.57
  543.09    476.67
  513.41     66.07
  468.96    982.94
  389.64    452.39
  393.40    301.11
  366.99    697.71
  329.44    544.40
  497.02    119.34
  292.09    260.33
  376.38    932.60
  423.03    539.38
  334.46    416.57
  242.33    308.47
  191.88    278.83
  353.71    189.17
  264.42    929.16
  298.19    896.37
  206.70    303.20
  392.58    761.30
  253.92     54.32
  175.91    557.65
  268.46    205.19
  240.43    779.14
  127.22    107.83
  359.70    290.53
  269.05    197.64
  318.04    297.67
  169.76    206.64
  152.94     62.40
  199.34    341.99
  140.64     85.19
  190.42    256.28
  229.31     90.04
  288.22    188.85
  163.66     46.81
  109.05     98.48
  157.23    105.20
   80.76     16.42
  178.62     69.04
  103.89     14.09
   25.47     13.72
   10.47      2.45
    0.72      0.00
    1.44      0.00
    0.00      0.00
    0.00      0.00
    0.00      0.00
    0.00      0.00
    0.00      0.00
   44.67     45.33
   14.79     16.32
   16.29     14.78
    0.00      0.72
    0.00      0.00
   14.37     15.78
    0.72      0.00
   29.16     29.28
   16.23     75.17
   61.99     17.27
   30.26     14.43
  102.97    103.78
   61.20     59.88
   17.25     28.80
   57.54     45.91
   31.33     29.60
   15.57     58.53
  103.77     89.76
   59.78     59.77
   29.95      2.16
    2.87     15.10
   43.84     72.46
   61.71     30.96
   15.16      0.00
   43.12     60.49
   60.26     75.13
   15.15     29.46
   30.23     15.80
   43.99     30.68
   16.31     15.09
   14.37     14.43
   43.17     31.90
    1.44     14.37
   45.05     15.86
   28.74     30.24
    0.00     43.53
   31.46     73.27
   46.13     16.61
   44.06     44.59
   29.52     31.62
   30.02     15.11
   58.83     18.05
   14.43      0.00
   28.75     30.32
   15.51     14.85
    0.00      0.00
    1.44      0.00
    0.72      0.00
    0.00      0.00
    0.00      0.00
    0.00     30.10
   45.20     17.24
   15.71     30.77
   15.77      0.72
    0.00      0.00
   14.79     15.90
    0.00      0.00
   30.50     29.89
    1.44     60.09
   76.16     18.79
   15.51     14.85
   46.11     59.92
   74.78     77.00
   78.49     62.33
    0.72     14.79
   75.65     61.77
   16.48     15.09
  107.67    106.40
    2.16     30.31
   46.61     31.83
   30.35     45.87
   62.45     31.90
   45.36     75.00
   30.45     15.52
    0.72      0.72
   60.01     92.60
   62.40     31.16
   15.58     31.03
   31.46     31.02
   59.31     45.74
   16.49      0.00
   14.79     31.10
   30.38     15.05
   16.23     30.55
    0.72      0.00
   29.84     15.15
   14.80     60.19
   59.48     45.88
    0.72     45.82
   46.67     31.80
   31.18     44.41
   30.35     46.16
   45.48     16.23
   32.75      2.89
   29.65     15.57
   30.38     15.57
   29.79     30.63
    0.73      0.00
    0.72      0.00
    0.72      0.00
    0.72     15.10
   15.89      1.37
   30.92     31.04
    1.44     15.10
   15.15      0.72
    0.00      0.00
   15.00      0.71
   14.99     15.05
   15.82     15.16
    0.72     45.96
   63.33     17.21
   45.22     46.49
   61.48     75.88
   47.21     46.55
   46.54     31.57
   16.51     14.99
   75.96     63.15
   79.48     91.14
   32.31     17.22
    0.00     29.99
   16.51     15.00
  105.10     93.07
   49.58     32.93
   15.70     45.85
   15.05      0.72
   46.65     17.09
   16.37     61.59
   45.83     16.51
   46.69     32.95
   16.50     45.71
   76.41     32.31
    0.72      0.72
   30.91     31.64
   14.99     15.05
   32.22     15.88
    0.00     15.00
   15.88      0.72
   14.99     31.53
    0.00     14.99
   61.68     48.68
   60.82     61.54
    1.47     14.99
   16.43     45.68
   62.40     31.43
   15.15     17.15
   45.21     16.43
    0.71      0.72
   30.03     16.42
   45.18     31.70
    0.00      0.00
   15.72     15.79
    1.44      0.65
    1.37      0.74
    2.03      1.44
    0.00      0.65
    0.72      0.00
    0.00      0.65
   15.17      0.72
   15.82     15.16
    0.65      0.72
   17.13     18.56
   33.12     32.36
   16.48     45.44
   77.72     76.46
   17.33      0.72
    0.65     30.93
   62.70     32.43
   50.20     76.44
   47.53     32.43
   16.56     15.90
    0.00     15.10
   32.37     60.53
   77.73     92.98
   31.08      1.44
    3.61     15.10
   44.71     33.02
   31.78      2.82
   15.10     16.56
   45.45     46.10
   17.98     30.96
   31.82     45.33
   47.52     18.07
   31.02     16.96
   16.55      0.71
   15.12     31.04
   30.30      1.43
    0.72     15.11
    0.71      0.00
    0.00      0.00
   14.46     29.91
   16.54     31.65
   46.88     16.53
   30.92     31.77
   16.56     75.58
   15.82     30.68
   46.22     47.47
   18.04      0.72
    1.36     30.92
   31.06      1.44
    0.00      0.00
   45.43     17.26
   16.41     17.27
    0.00      1.37
   18.70     15.81
    1.37      0.00
    0.00      0.72
    0.72      0.00
    0.00      0.65
    2.03      1.44
    0.00      0.65
    2.68      2.03
    3.54      3.40
    0.00      0.72
    4.05      3.54
    1.31      2.09
    0.00      0.00
    2.03      1.96
    6.08      7.07
    2.03      1.44
    2.03      1.44
    0.00      0.00
    1.96      2.16
    2.03      3.40
    2.68      1.37
    2.03      4.19
    2.16      1.31
    2.09      2.03
    0.72      0.00
    1.37      1.37
    1.96      2.75
    1.44      2.03
    1.37      2.68
    2.09      0.72
   17.91      2.81
    0.00      0.00
    1.37      1.31
    0.00      0.72
    2.09      0.00
    0.00      0.72
    0.00      0.00
    0.65      1.37
    0.00      1.31
    1.37      0.72
    2.75      1.37
    0.65      1.44
    0.65     17.01
    2.75      2.75
    2.16      0.65
    0.72      1.31
    0.72      0.00
    0.72      1.31
    1.44      1.31
    1.37      0.74
    4.12      2.09
    0.65      2.10
    0.72      0.00
    0.65      0.72
    0.71      0.00
    0.72      1.30
    1.37      0.00
    2.68      2.68
    2.09      3.54
    0.72      0.65
    2.09      3.33
    2.81      1.37
    1.37      0.00
    0.72      2.68
    2.75      4.05
    2.75      2.75
    2.88      1.31
    0.00      0.65
    2.88      1.31
    2.82      2.03
    0.65      2.03
    0.65      2.03
    4.19      2.09
    3.40      2.82
    1.31      1.44
    0.00      0.65
    1.37      1.31
    0.72      0.72
    3.33      2.75
    1.44      2.09
    2.03      2.75
    0.65      0.72
    2.09     15.71
    1.31      0.00
    1.43      2.10
    0.68      0.68
    0.72      0.00
    0.00      0.65
    1.37      0.00
    0.65      0.72
    0.65      2.09
    0.65     14.99
    0.72      0.72
    1.31      2.75
    3.40     16.61
    2.03      1.37
    1.44      0.72
    2.02      0.72
    0.65      1.44
    1.31      1.37
    2.03      4.12
    1.44      0.00
    0.65      0.72
    0.72      0.65
    0.65      1.37
    0.65      0.72
    2.02      1.37
    1.44      2.68
    4.84      2.82
    0.65      0.00
    1.37      2.10
    2.61      3.54
    0.72      0.65
    2.68      0.72
    1.37      3.47
    4.71      2.03
    0.72      2.88
    1.31      0.72
    1.31      2.16
    1.96      2.81
    0.72      0.65
    0.00      0.65
    3.40      3.47
    1.37      1.96
    3.47      3.47
    1.44      0.00
    2.05      1.37
    0.65      0.72
    0.72      1.96
    1.96      2.75
    2.82      2.09
    2.09      2.03
    1.44      0.00
    0.72      1.31
    2.35     15.90
    1.44      0.00
    1.37      0.72
    0.00      0.00
    0.65      1.37
    0.00      0.65
    0.72      0.65
    2.10      0.72
    0.00      0.00
    0.00      0.65
    1.31     17.19
    1.37      1.31
    3.40      2.82
    0.72      1.37
    1.44      0.65
    1.44      1.31
    1.37      2.05
    2.03      1.44
    1.44      0.65
    2.09      0.72
    0.00      0.00
    0.72      0.65
    0.65      2.03
    3.40      2.16
    2.68      4.12
    1.44      0.65
    1.37      2.03
    1.44      1.31
    1.44      0.65
    2.82      2.68
    2.75      1.37
    0.65      4.71
    3.50      0.72
    1.44      1.31
    1.44      1.31
    2.16      1.31
    2.10      1.37
    0.65      1.37
    1.31      2.03
    1.44      0.72
    2.75      3.39
    3.34      2.17
    0.72      1.37
    1.78      1.06
    0.72      0.72
    1.31      1.31
    0.00      2.10
    4.12      3.47
    2.03      1.44
    0.72      1.31
    0.00      0.00
    3.40      1.44
    0.00      1.37
    0.72      0.00
    0.00      0.65
    0.65      0.00
    0.72      0.72
    1.31      2.09
    0.00      0.00
    0.72      0.65
    0.65      0.00
    0.00      0.72
    2.68      2.75
    0.00      0.72
    2.68      2.82
    2.03      1.44
    1.37      1.37
    1.37      2.03
    3.40      2.09
    0.65      1.44
    0.00      0.00
    1.37      0.72
    1.31      0.65
    2.77      3.40
    2.09      2.68
    4.12      2.16
    2.10      1.37
    0.65      0.72
    1.96      1.44
    1.96      3.54
    2.09      2.03
    1.44      1.31
    2.61      2.16
    2.03      2.16
    2.61      2.16
    0.65      1.44
    2.03      2.09
    0.00      0.65
    1.44      1.31
    1.96      2.16
    2.09      2.03
    0.72      1.96
    1.37      1.37
    3.47      2.09
    1.37      0.72
    0.00      1.31
    2.03      0.00
    0.72      2.75
    2.68      1.96
    1.44      2.16
    1.44      0.00
    0.65      2.68
    2.16      0.00
    1.31      1.44
    0.00      0.00
    0.65      0.65
    0.00      1.37
    0.72      0.65
    1.37      0.00
    0.72      0.72
    0.00      0.65
    0.00      0.00
    1.37      2.03
    0.00      0.00
    2.70      2.03
    3.40      2.09
    2.03      2.03
    2.09      2.83
    0.65      2.68
    2.16      0.65
    1.44      0.00
    2.09      1.37
    1.44      1.31
    2.68      0.72
    2.03      3.40
    2.82      2.82
    1.30      2.09
    0.72      1.31
    1.44      1.31
    2.88      1.96
    2.75      2.03
    1.31      2.16
    1.44      2.61
    1.44      1.96
    3.60      2.61
    0.72      0.00
    2.81      2.03
    0.72      0.00
    1.30      1.44
    0.00      1.96
    2.75      1.37
    2.10      1.44
    0.65      0.72
    1.31      2.75
    2.09      1.37
    0.72      0.00
    1.31      2.03
    0.00      0.72
    2.09      1.37
    0.65      1.37
    3.40      2.82
    0.00      0.65
    2.75      2.09
    0.00      0.65
    0.72      0.00
    2.06      1.37
    0.00      0.00
    1.37      0.72
    1.31      2.09
    0.00      0.00
    0.72      0.00
    0.00      0.00
    0.65      1.37
    0.00      0.00
    1.31      1.37
    1.78      1.78
    1.37      2.10
    2.68      2.09
    2.10      1.37
    2.03      2.82
    1.96      1.44
    1.37      2.10
    1.31      1.44
    1.37      2.68
    2.82      2.03
    3.40      2.82
    0.72      1.31
    1.31      1.44
    2.03      1.44
    3.33      3.47
    2.09      1.44
    0.72      1.31
    3.33      2.09
    2.03      1.44
    2.61      3.61
    0.65      0.72
    1.31      2.10
    1.36      2.09
    0.72      0.65
    0.72      0.65
    1.96      2.82
    2.09      1.37
    0.00      1.31
    0.72      0.65
    3.47      2.09
    1.37      0.72
    2.73      1.31
    1.37      0.72
    1.37      1.37
    0.00      0.65
    2.09      2.03
    1.31      0.65
    2.09      3.47
    1.44      0.00
    1.37      1.37
    0.72      0.00
    0.65      0.00
    0.65      2.09
    0.72      1.31
    0.72      0.00
    2.03      1.44
    0.00      0.00
    0.00      0.65
    0.72      0.00
    0.65      1.31
    0.00      1.37
    1.37      1.37
    2.09      1.39
    1.96      2.82
    2.10      1.37
    1.37      2.68
    1.37      1.31
    2.16      2.03
    3.40      1.37
    2.82      2.82
    2.75      3.40
    2.10      1.37
    0.72      0.65
    1.37      2.03
    4.91      2.68
    1.37      2.03
    0.65      1.44
    1.37      2.68
    3.54      2.03
    1.44      2.61
    1.44      0.65
    0.72      0.65
    3.46      2.03
    0.00      0.72
    1.37      0.72
    0.00      1.96
    3.47      2.09
    1.37      0.00
    0.65      0.72
    1.31      4.12
    1.37      0.72
    1.44      0.00
    1.31      1.37
    0.72      1.37
    0.65      0.65
    1.37      1.44
    0.72      0.00
    0.65      2.03
    4.05      2.81
    0.00      1.37
    0.72      0.65
    0.72      0.65
    0.72      0.00
    1.37      0.72
    1.31      1.44
    0.00      1.31
    1.37      0.00
    0.72      0.72
    0.65      0.72
    0.00      0.65
    0.00      0.00
    1.96      1.37
    0.72      2.10
    1.44      1.96
    2.75      1.44
    0.65      0.72
    2.68      2.16
    1.96      1.44
    2.75      4.12
    1.96      3.47
    2.03      2.75
    4.91      2.09
    0.65      1.37
    2.64      1.44
    2.68      4.19
    0.65      0.72
    1.44      0.65
    2.03      2.68
    4.12      2.88
    1.96      1.44
    1.31      2.16
    0.00      0.00
    2.68      3.47
    1.37      0.72
    0.00      0.65
    0.00      0.00
    4.06      3.47
    0.72      1.37
    0.00      0.65
    1.44      1.31
    3.40      1.37
    0.72      1.44
    0.00      1.31
    1.37      0.72
    3.07      0.65
   68.97    109.61
   56.96     44.17
   54.72     31.10
   38.19     27.46
   61.46     29.58
   10.36      3.57
   22.16      7.72
    2.07      1.37
    1.37      1.37
    0.72      0.65
    1.37      0.00
    0.65      2.09
    0.00      0.00
    1.37      1.37
    0.00      0.00
    0.72      0.00
    0.00      1.31
    0.65      0.72
    0.65      0.65
    2.09      2.75
    0.72      0.00
    2.10      2.03
    2.10      1.31
    1.31      3.47
    1.44      0.65
    3.47      2.75
    3.99      4.84
    1.44      2.03
    2.16      1.96
    4.26      2.03
    1.44      0.65
    1.31      1.44
    1.30      1.37
    2.09      3.98
    3.61      3.33
    1.44      0.65
    1.44      0.65
    1.31      2.03
    2.16      1.37
    0.00      0.00
    1.37      0.00
    0.65      3.33
    1.37      1.44
    2.82      0.00
    1.31      1.37
    0.65      4.12
    2.09      0.72
    1.44      0.00
    1.31      1.37
    0.72      2.03
    2.03      1.31
    1.44      2.75
   15.81     14.43
    0.72      0.65
    2.03     15.81
    1.37      2.02
   17.85      3.55
    0.72     14.37
    0.72      1.31
   16.53      1.44
    1.37      0.72
    0.00      0.65
    0.65      0.72
    0.72      0.65
    0.65      0.72
    1.37      0.72
    0.00      0.00
    0.00      0.65
    0.65      0.65
    1.38      2.09
    2.09      0.72
    1.96      2.82
    0.65      1.37
    2.75      1.37
    2.68      2.82
    2.03      3.47
    3.47      2.75
    1.31      1.44
    3.92      2.16
    2.75      4.19
    0.65      2.09
    1.44      0.65
    0.00      1.31
    2.68      1.44
    3.33      3.54
    2.03      2.10
    2.75      1.44
    0.65      2.03
    2.75      2.16
    0.65      0.00
    0.00      1.37
    0.00      0.00
    3.40      2.75
    1.37      2.09
    0.00      0.65
    1.37      0.65
    2.75      2.81
    1.37      0.72
    0.00      1.31
   22.07     28.69
   52.88     77.22
   88.63     58.42
   38.82     43.63
    6.89      0.72
    7.48      3.40
   33.19     25.43
   29.48     22.46
   43.39     21.98
   36.91     12.02
    1.37     16.17
   15.57      1.31
    0.72      0.72
    2.09      0.72
    0.00      0.00
    0.65      1.37
    0.00      0.65
    1.37      0.72
    0.72      0.00
    0.00      1.31
    1.96      1.37
    0.74      2.09
    2.16      1.96
    1.37      0.71
    1.37      2.03
    2.09      2.68
    2.09      1.37
    3.33      4.19
    2.16      0.65
    2.82      4.64
    3.54      1.37
    2.09      1.37
    2.03      1.37
    0.00      0.72
    1.37      2.68
    2.82      2.03
    2.09      0.72
    0.65      3.33
    2.75      0.00
    2.09      4.12
    2.16      0.65
    0.00      0.00
    1.37      0.00
    1.37      4.05
    0.65      0.72
    2.16      0.00
    0.65      1.37
    1.31      2.75
    2.82      1.37
    1.37      0.00
    2.09      3.33
    2.17      2.03
   16.39     17.12
    2.08      2.09
   15.00     15.71
    2.16      0.65
    0.65      0.00
    2.03     15.81
   15.81     17.09
   16.43      2.10
   15.74     17.19
    1.37     15.72
    2.09      0.65
   15.05      2.09
    0.72      0.00
    0.72      0.00
    0.65      0.00
    0.65      2.10
    0.00      0.00
    1.37      0.72
    0.00      1.31
    1.37      1.37
    3.33      2.16
    1.37      1.37
    3.40      2.82
    0.65      1.37
    0.65      2.09
    2.03      2.68
    4.19      2.16
    4.57      4.98
    1.37      2.09
    1.31      1.44
    2.09      1.37
    0.65      0.72
    0.65      2.03
    3.33      3.54
    0.65      1.37
    0.72      0.00
    2.68      2.74
    3.54      2.75
    1.96      2.16
    1.37      0.00
    0.00      1.37
    1.06      1.06
    2.75      1.37
    1.37      2.82
    0.00      0.65
    0.72      1.31
    2.68      2.16
    2.09      1.37
   35.84     56.52
   74.11     73.74
   32.02     23.33
  137.31    127.33
   18.59     16.62
   28.13      9.62
   19.76      2.18
   19.04     24.58
   27.13     17.12
   43.44     50.02
    5.63      1.44
   26.80      4.56
   15.44     17.61
    1.44     15.10
    1.44      0.65
   15.81      1.44
    0.72      0.65
    0.00      0.00
    1.37      0.00
    0.00      1.37
    0.00      0.00
    2.03      2.10
    0.65      2.68
    2.75      1.37
    3.54      3.39
    0.00      0.65
    0.72      0.65
    3.47      2.75
    1.96      3.47
    4.33      2.61
    2.82      1.37
    1.37      2.03
    2.03      2.09
    0.00      0.00
    0.00      0.65
    2.09      2.03
    2.82      1.37
    1.31      0.65
    0.65      2.75
    1.31      2.75
    3.54      2.75
    2.09      2.03
    1.44      0.00
    0.72      0.65
    2.03      3.40
    0.65      0.72
    2.16      0.00
    0.65      0.72
    1.96      2.68
    2.82      2.82
    2.82      2.61
    2.09      3.98
    3.54      1.46
   44.84     48.43
    4.24      2.03
    1.38      0.72
    1.44      0.65
    0.00      0.00
    2.03      2.09
    0.65     30.01
   14.99      2.08
    2.88      1.31
   17.18      1.44
    2.03      1.37
   14.99     17.87
    1.44      0.65
    0.72      0.65
    1.45      0.72
    0.65      0.72
    0.00      0.00
    0.65      0.00
    0.00      2.03
    3.40      2.09
    0.72      2.03
    4.05      3.53
    1.37      0.72
    0.65      0.72
    1.31      2.75
    2.09      1.96
    6.01      4.32
    1.37      2.82
    2.03      1.37
    0.65      1.37
    0.72      0.73
    1.37      0.65
    2.03      2.16
    1.37      1.37
    0.65      1.37
    1.37      1.38
    2.44      1.37
    2.03      3.47
    3.41      1.37
    2.82      2.16
    0.65      0.72
    1.37      2.03
    1.37      0.65
    1.31      2.16
    0.72      0.65
    0.72      1.96
    3.33      2.10
   81.99    106.71
   15.69      2.82
   92.40     80.09
   54.49     41.02
   67.19     40.63
   38.22     24.57
   22.00      1.44
    0.72      7.69
    0.65      1.37
    0.72      0.65
    1.37      0.00
   16.41     17.97
    2.08     16.82
    0.00      0.65
   17.68      1.44
   16.47     17.27
    2.03      0.72
    0.72      0.72
    0.00      0.65
    0.72      0.00
    0.00      0.00
    0.65      0.00
    1.31      3.41
    2.10      0.72
    4.19      4.76
    1.37      1.37
    1.44      0.65
    0.65      1.31
    2.03      1.37
    4.26      6.01
    2.16      1.37
    2.10      2.03
    2.82      0.72
    0.00      0.00
    1.31      2.09
    2.09      2.03
    0.00      0.65
    0.72      0.00
    2.03      2.09
    0.00      1.31
    2.75      1.37
    2.09      2.75
    1.31      2.68
    3.47      2.09
    2.82      2.09
    1.37      1.37
    0.00      1.31
    2.82      0.72
    0.65      0.72
    1.31      3.33
    3.54      6.01
    4.19      3.42
   17.97     15.09
   16.43     16.42
   17.85     18.57
    2.03     16.46
   15.87      1.37
   15.09     14.43
    0.72      0.65
    2.75      0.72
    0.00      2.03
    0.00      0.65
    2.03      2.75
    1.44      0.00
    2.09     16.37
    2.03      1.44
   16.44      1.96
    1.37      2.16
    1.44      0.00
    0.65      0.72
    0.00      0.00
    0.00      0.65
    1.37      0.65
    1.37      2.09
    2.75      2.75
    1.31      1.37
    2.03      2.16
    0.65      0.65
    2.10      2.03
    5.36      4.98
    2.03      2.09
    0.65      1.44
    1.96      2.82
    0.72      0.00
    1.37      0.65
    0.65      2.09
    2.03      1.44
    0.72      0.00
    1.37      1.37
    0.00      0.00
    1.96      2.68
    2.09      2.16
    0.65      0.65
    1.31      2.82
    3.33      2.75
    2.82      3.47
    0.72      0.65
    3.81      1.85
    0.72      1.37
    1.31      2.68
   59.42     78.05
   93.29     89.60
   86.46     54.18
   21.97     41.04
   46.83     40.19
    7.46      3.40
   30.03     25.83
   23.07      1.44
    0.00      1.44
   41.24     37.34
    6.23      2.12
   27.20     28.04
    1.31      0.72
   30.67      9.78
    1.37      2.16
   11.05      3.04
    0.72     15.10
    2.03      2.10
    2.03      2.10
   15.16      1.37
    0.72      0.00
    0.72      0.00
    0.65      1.37
    2.03      1.44
    1.37      1.37
    0.72      0.65
    0.65      2.68
    2.03      1.37
    2.82      2.10
    4.12      4.71
    1.44      2.68
    2.16      1.31
    1.37      0.65
    0.72      0.72
    2.09      1.37
    1.44      0.65
    1.31      1.37
    0.72      0.72
    1.31      2.09
    0.00      0.00
    0.00      1.31
    1.37      1.37
    2.81      2.03
    0.65      0.00
    1.44      1.37
    4.05      3.47
    2.03      2.16
    0.65      2.61
    2.09      1.44
    2.81      2.68
    2.10      4.64
    4.26      4.64
   34.96     34.91
    4.98      0.00
    0.65      2.09
   16.40     16.54
    3.48      4.77
    0.00     15.65
    1.44      0.00
   16.49      1.37
    0.65      0.72
   16.37     17.16
    0.00      0.65
    1.44     15.67
    1.37      1.37
    2.03      1.44
   15.80      1.45
    0.72      1.31
    2.03      2.09
    0.72      1.31
    2.03      0.72
    1.44      0.72
    0.00      0.65
    2.09      2.03
    2.09      1.37
    0.65      0.72
    0.00      0.00
    0.65      1.96
    3.33      2.88
    4.05      4.84
    3.47      2.16
    1.31      1.44
    0.65      1.37
    1.37      1.37
    1.96      1.44
    0.65      1.44
    0.00      1.31
    2.09      0.72
    0.72      0.65
    1.37      0.00
    0.00      1.37
    1.37      0.72
    2.03      2.10
    0.65      0.65
    0.65      1.44
    2.03      3.40
    0.00      1.31
    2.09      0.72
    4.77      2.82
   21.04     30.78
  137.21    141.15
   16.51      5.84
   77.96     94.30
   38.81     33.58
    2.79      0.69
   35.54     12.35
   32.67     39.51
   16.87      2.17
   55.12     64.96
    3.47      1.45
   25.39      3.83
    1.52      0.65
   15.82     15.16
    0.65      0.72
    1.37      1.37
    0.00      0.65
    2.75     16.81
    2.09      1.44
    0.65      1.31
   15.50      1.44
    2.10      2.10
    1.31      2.09
    0.72      0.65
    3.40      2.09
    0.72      0.72
    0.72      0.65
    0.00      0.00
    0.65      0.00
    0.00      3.33
    4.77      4.05
    3.47      3.47
    3.60      1.37
    0.65      0.65
    0.00      1.37
    0.72      1.96
    2.16      0.65
    1.37      0.00
    1.37      2.09
    1.37      0.72
    0.65      0.72
    0.65      0.65
    0.65      2.09
    0.65      1.31
    1.44      2.03
    1.44      0.00
    2.09      1.31
    2.75      1.44
    1.31      1.44
    0.65      3.40
    4.98      3.98
    1.37      2.61
    4.13     19.17
   35.20     21.20
   19.97     18.46
    3.53      1.37
    2.75      1.37
    2.09      2.16
    1.31     17.74
   17.17     17.14
    1.44      0.65
    0.00      1.31
   17.98      1.44
    1.37      0.72
    0.00      1.31
    1.37      0.72
    0.72      0.00
    1.31      2.09
    0.65      1.31
    0.00      1.37
    2.10     15.65
    1.44      1.37
    1.37      1.37
   16.42      1.37
    4.12      4.12
    1.44      0.72
    0.65      0.72
    0.00      0.00
    0.00      0.65
    2.03      0.72
    1.37      3.40
    5.36      3.54
    1.31      3.54
    1.37      1.37
    2.09      0.72
    1.31      1.44
    0.65      0.72
    1.31      2.03
    1.37      0.72
    0.72      1.37
    0.41      0.65
    0.72      0.65
    0.72      0.00
    0.72      0.00
    1.96      2.16
    1.31      2.09
    2.03      1.44
    2.03      3.40
    0.72      1.31
    0.72      0.65
   76.85     79.18
   96.21    111.98
   84.82     66.52
   26.53     36.80
   19.77     18.57
   18.56      4.26
   27.08     23.97
   35.59     16.68
    4.92      2.11
    2.09     16.48
    3.40      2.17
   15.18      0.74
    2.61      2.82
    0.00      1.37
    0.72      0.00
    1.37      1.37
    0.65      0.72
    0.72      1.31
    0.00      0.00
    1.44      0.00
    1.96      2.75
    1.37      1.44
    0.72      1.31
    0.00     15.11
    5.50      4.19
    1.31      2.75
   15.88      0.00
    0.72      0.72
    0.00      0.00
    1.37      2.68
    1.37      0.72
    2.03      5.36
    2.88      0.65
    2.03      0.65
    2.09      2.82
    2.82      2.03
    0.72      0.65
    0.00      1.31
    1.37      1.37
    2.09      0.72
    1.37      0.00
    0.65      0.72
    0.65      0.72
    0.00      0.72
    0.00      1.96
    0.72      0.65
    2.03      2.10
    2.82      2.68
    1.37      0.72
    3.16      1.13
    3.54      5.95
    0.65      2.03
   33.65     34.88
   36.49     49.88
   19.90      2.75
    2.82      4.77
    3.53      0.00
    1.96      2.82
    2.09     16.40
   17.77      2.82
    1.44      2.75
    1.44      1.31
    2.09      2.68
    2.09      0.00
    2.09      0.72
    0.00      1.37
    0.65      0.65
    1.44      0.72
    0.65      0.72
    0.65      1.37
    0.00      0.65
    1.37      2.03
    2.09      0.72
    0.00      0.00
    3.40      4.77
    2.03      1.37
    2.16      1.37
    0.65      1.37
    0.72      0.65
    2.03      1.44
    2.09      1.37
    1.31      2.03
    3.40      2.16
    1.31      2.75
    0.72      0.72
    1.30      2.09
    2.68      1.44
    0.72      0.72
    0.65      1.37
    2.75      2.09
    0.65      1.37
    0.00      0.65
    0.72      0.65
    0.00      0.00
    0.72      0.00
    2.03      1.44
    0.00      0.65
    3.42      2.81
    1.96      2.09
   19.79      2.75
   19.06     45.91
   87.30    102.14
   73.44     56.22
   45.37     50.06
   11.63     20.67
   33.02     16.62
   29.17     24.86
   32.83      9.78
   39.64     24.77
   41.67     36.72
   17.61      4.33
    4.12      3.54
    0.72      0.65
    2.69      2.82
    2.03      2.09
    0.72      0.00
    1.37      0.65
    0.65      1.44
    0.72      0.65
    0.00      0.65
    0.72      0.00
    0.65      0.72
    1.37      2.03
    1.31      0.72
    3.54      3.40
    2.09      1.37
    1.31      2.09
    1.37      0.72
    0.65      0.65
    2.75      2.75
    1.37      2.09
    2.03      1.96
    2.16      2.75
    1.44      1.30
    0.65      0.72
    0.72      1.31
    3.54      1.37
    0.65      1.31
    1.37      1.44
    1.31      2.75
    1.44      0.65
    1.37      0.72
    0.00      0.00
    1.37      0.00
    0.00      0.72
    0.65      2.03
    0.00      0.00
    2.09      2.61
    1.44      1.37
    1.31      3.33
    6.37      2.75
    2.09      4.70
   17.83     33.44
   19.40      4.70
   20.62     18.45
    5.57      4.12
    2.84      3.36
    2.75      0.00
    2.03      4.19
    0.72      0.00
   29.87     46.30
   19.24      4.12
    2.02      1.44
    1.37      2.61
    1.31      2.12
    2.16      0.72
    1.39      1.37
    0.72      0.65
    2.09      0.72
    0.65      0.00
    0.00      0.72
    0.65      1.37
    0.72      0.65
    0.65      1.31
    3.40      3.54
    2.03      2.75
    1.44      0.65
    0.72      0.65
    1.37      0.65
    2.75      3.47
    1.37      1.37
    2.70      2.03
    2.75      2.88
    1.37      1.37
    0.72      0.00
    2.61      0.72
    0.65      3.54
    0.00      0.00
    0.00      0.65
    3.16      2.03
    2.09      1.44
    0.65      1.37
    1.37      0.72
    0.00      0.65
    0.00      0.00
    0.00      0.65
    1.31      0.72
    0.72      0.72
    2.03      1.44
    6.27      3.47
  104.23    148.43
   31.32     32.74
  143.46    128.43
   51.83     34.07
   58.54     44.95
    4.12      4.19
   31.42      9.18
    3.40      3.47
    0.72      0.65
    2.09      1.37
    1.37      1.37
   30.44     48.44
   20.18      2.10
    1.36      1.44
    1.30      1.30
    2.03      2.88
    2.03      1.39
    0.00      0.72
    2.05      2.09
    0.00      0.65
    0.72      0.00
    0.72      0.65
    0.65      0.72
    1.31      1.36
    1.44      1.37
    2.75      2.68
    2.03      1.44
    0.72      0.72
    0.65      0.72
    2.75      2.68
    1.37      1.44
    0.65      2.61
    4.12      3.49
    2.90      1.37
    0.65      0.72
    0.72      2.61
    1.44      0.65
    0.00      0.00
    2.09      0.72
    1.31      1.37
    1.37      2.09
    1.31      2.10
    0.00      0.65
    0.72      0.00
    0.72      0.00
    0.72      0.00
    0.65      1.31
    0.65      1.44
    1.44      1.96
    4.91      4.57
    3.56      4.77
    2.84      0.74
   18.51     19.03
   17.11     34.13
   21.42      7.46
    4.19      4.04
    6.28     16.39
    1.44      2.75
   17.84      1.43
    2.09      2.09
    1.37      1.37
    0.00      0.00
   17.78     20.52
   17.86     16.51
    2.16      0.65
    0.65      1.96
    2.82      2.10
    1.37      0.72
    0.65      1.96
    1.44      0.74
    2.03      0.72
    0.74      0.72
    0.00      0.65
    1.37      1.31
    1.37      1.44
    2.03      2.09
    1.37      1.96
    1.37      1.44
    1.37      0.65
    1.37      2.75
    1.44      0.65
    2.68      0.72
    2.03      4.12
    3.41      3.56
    0.72      0.65
    1.39      0.72
    2.03      1.44
    0.65      0.00
    0.65      2.09
    0.72      1.96
    1.37      0.72
    2.16      0.65
    0.65      0.00
    1.31      2.16
    0.00      0.00
    0.65      0.72
    0.00      0.65
    1.31      0.65
    0.00      1.44
    6.92      4.98
   72.44    111.83
   85.07     53.70
   84.69     75.04
   62.47     22.09
   26.37     29.90
    5.36      4.19
    5.36      6.34
    2.03      1.44
    2.75     18.26
    0.00      0.00
   17.59      2.74
    0.00      0.00
   27.13     21.81
   51.95     32.51
   18.77     17.35
    1.37      0.00
    2.03      2.75
    2.10      1.44
    0.00      0.00
    3.29      2.88
    0.00      1.31
    0.65      1.39
    1.44      0.00
    2.05      2.09
    1.37      0.65
    0.72      2.03
    2.10      1.37
    0.65      0.72
    1.37      2.03
    4.12      2.09
    1.06      1.85
    0.72      1.31
    1.44      1.96
    3.40      3.47
    2.77      1.37
    1.37      1.39
    1.46      2.03
    0.72      1.31
    0.00      0.00
    0.65      0.72
    2.09      1.37
    2.68      2.16
    0.00      0.65
    0.00      0.65
    0.65      0.00
    0.72      1.37
    0.72      0.00
    0.72      1.31
    0.00      0.00
    6.35      5.88
    2.11      4.77
    4.14      4.13
    4.91      2.05
   32.19     34.27
   17.91     20.37
    5.63      5.38
    6.34      3.98
    6.42      2.75
    1.31      2.75
    1.37      0.00
    2.82     17.09
   16.43      0.71
    0.65      2.03
    0.65      2.03
   16.71     17.62
    2.09      1.37
    2.16      2.03
    2.09      1.37
    0.72      0.00
    0.72      1.96
    0.00      0.00
    2.09      0.00
    2.03      2.16
    1.37      1.96
    0.65      2.11
    1.37      0.72
    2.77      2.09
    0.72      0.65
    2.03      0.72
    3.79      4.05
    0.00      1.37
    1.37      0.72
    1.31      1.44
    2.75      2.03
    2.75      2.75
    2.09      2.09
    1.96      2.11
    0.00      0.72
    0.74      0.00
    1.44      0.65
    1.31      2.09
    2.10      2.68
    0.72      0.00
    0.72      0.00
    0.00      0.00
    1.31      0.72
    0.65      0.72
    0.65      1.44
    0.00      0.00
    5.22      7.00
    2.68      2.18
    2.70      2.03
    6.82      5.63
   19.99     17.91
    2.75      4.21
   19.35     19.84
   18.91     20.50
    6.00      7.07
    1.31      1.37
    3.47      1.37
    1.31      2.81
    1.44     15.82
    0.00      0.65
   17.19      1.36
    2.75      2.09
   16.60     17.15
    0.65      2.09
    3.47      2.09
    2.03      1.44
    0.00      0.00
    1.31      0.72
    0.65      1.37
    0.00      1.37
    2.09      0.72
    2.03      1.37
    0.72      2.03
    1.96      2.77
    0.65      1.44
    2.90      1.96
    2.75      1.44
    0.00      0.00
    1.37      2.03
    2.03      1.31
    2.82      3.47
    2.03      0.72
    0.72      2.68
    2.09      1.37
    0.72      0.00
    1.31      1.39
    1.39      2.09
    0.00      1.31
    2.03      1.44
    2.78      0.72
    0.65      0.72
    0.00      0.00
    0.00      1.31
    0.00      0.00
    0.00      0.65
    2.09      1.37
    4.26      4.57
    2.90      2.68
    0.72      0.65
    6.21      5.44
    2.81      4.70
    4.14      4.14
    2.91      4.57
   18.47     19.70
   21.44     19.78
    6.35      1.37
    2.10      2.75
    2.03      1.37
    2.82      2.10
    0.00      0.00
    0.72      1.31
    1.31      2.10
    2.75      3.40
    1.44      0.00
   17.64     19.31
    2.82      2.03
    1.44      0.00
    0.72      1.31
    0.00      0.65
    1.45      0.00
    2.03      2.09
    2.03      1.37
    0.00      0.72
    0.72      1.31
    2.75      1.37
    3.33      2.82
    2.09      3.49
    0.00      0.00
    1.39      0.72
    1.31      3.39
    3.39      2.09
    2.09      2.03
    2.09      0.72
    1.37      1.37
    1.31      0.72
    0.72      1.37
    1.37      2.06
    0.00      0.00
    2.13      2.02
    2.75      2.09
    0.41      1.06
    0.74      0.00
    0.00      0.00
    0.72      0.00
    1.31      0.00
    0.00      1.44
    3.92      5.00
    3.98      2.88
    1.31      0.72
    3.33      6.22
    2.05      2.16
    3.33      4.14
    3.42      3.54
    7.41      4.28
   18.44     21.53
    3.35     20.04
   19.26      2.81
    3.55      1.37
    1.31      2.10
    2.09      1.44
    0.65      0.72
    0.65      2.03
    0.00      0.65
    3.40      2.09
    2.75      2.81
   18.38      4.19
    1.37      1.44
    0.72      0.72
    1.31      0.00
    0.00      1.44
    0.65      2.03
    2.79      2.03
    1.44      0.00
    0.65      0.72
    1.31      2.09
    1.37      2.68
    3.40      2.82
    0.72      0.00
    2.10      2.05
    0.00      0.65
    1.46      1.96
    4.12      2.82
    3.40      2.75
    0.72      0.72
    0.00      0.65
    0.72      0.65
    2.03      1.44
    0.65      0.00
    1.96      2.11
    0.72      2.75
    0.65      0.00
    1.44      0.72
    0.00      0.00
    0.65      0.72
    0.00      1.31
    0.00      1.96
    5.00      3.33
    1.44      1.96
    1.44      1.96
    4.84      3.40
    2.89      2.05
    2.75      3.99
    4.84      3.33
    3.69      8.06
    3.47      3.42
    6.38      3.33
    4.85      3.39
    3.47      4.86
    2.11      0.00
    2.81      2.10
    0.72      0.65
    0.65      1.37
    1.37      0.72
    2.03      2.68
    1.44      2.03
    0.65      3.33
    6.22      4.18
    2.16      0.00
    0.72      1.31
    0.00      0.00
    2.18      0.65
    2.61      3.47
    0.00      1.37
    0.74      0.00
    1.44      1.31
    2.03      2.09
    3.54      2.03
    1.31      1.44
    0.65      0.72
    0.65      0.72
    2.61      1.37
    1.37      4.86
    2.68      3.40
    2.18      0.72
    0.72      0.00
    0.65      1.37
    1.44      0.65
    0.00      0.65
    2.11      2.68
    2.11      0.72
    0.00      0.65
    1.31      1.44
    1.46      0.65
    0.00      0.00
    0.00      0.00
    0.72      0.00
    0.00      0.00
    0.00      0.00
    0.00      0.00
    0.00      0.00
    0.00      0.00
    0.00      0.00
    0.68      0.00
    0.00      0.00
    0.00      0.00
    0.00      0.00
    0.00      0.00
    0.00      0.00
    0.00      0.00
    0.00      0.00
    0.00      0.00
    0.00      0.00
    0.00      0.00
    0.00      0.00
    0.00      0.00
    0.00      0.00
    0.00      0.00
    0.00      0.00
    0.00      0.00
    0.00      0.00
