      h_eth1      
 KB/s in  KB/s out
    0.00      0.00
    0.00      0.00
    1.33      0.00
    0.00      0.00
    0.00      0.00
    0.00      0.00
    0.00      0.00
    0.00      0.00
    0.00      0.00
    0.00      0.00
    0.00      0.00
    0.00      0.00
    0.00      0.00
    0.00      0.00
    0.00      0.00
    0.00      0.00
    0.00      0.00
    0.00      0.00
    0.00      0.00
    0.00      0.00
    0.00      0.00
    0.00      0.00
    0.00      0.00
    0.00      0.00
    0.00      0.00
    0.00      0.00
    0.00      0.00
    0.00      0.00
    0.00      0.00
    0.00      0.00
    0.00      0.00
    0.00      0.00
    0.00      0.00
    0.00      0.00
    0.00      0.00
    0.00      0.00
    0.00      0.00
    0.00      0.00
    0.00      0.00
    0.00      0.00
    0.00      0.00
    0.00      0.00
    0.00      0.00
    0.68      0.68
    0.00      0.00
    0.00      0.00
    0.00      0.00
    0.00      0.00
    0.00      0.00
    0.00      0.00
    0.00      0.00
    0.00      0.00
    0.00      0.00
    0.00      0.00
    0.00      0.00
    0.00      0.00
    0.00      0.00
    0.00      0.00
    0.00      0.00
    0.00      0.00
    0.00      0.00
    0.00      0.00
    0.00      0.00
    0.00      0.00
    0.00      0.00
    0.00      0.00
    0.00      0.00
    0.00      0.00
    0.00      0.00
    0.00      0.00
    0.00      0.00
    0.00      0.00
    0.00      0.00
    0.00      0.00
    0.00      0.00
    0.00      0.00
    0.00      0.00
    0.00      0.00
    0.00      0.00
    0.00      0.00
    0.00      0.00
    0.00      0.00
    0.00      0.00
    0.00      0.00
    0.00      0.00
    0.00      0.00
    0.00      0.00
    0.00      0.00
    0.00      0.00
    0.00      0.00
    0.00      0.00
    0.00      0.00
    0.00      0.00
    0.00      0.00
    0.00      0.00
    0.00      0.00
    0.00      0.00
    0.00      0.00
    0.00      0.00
    0.00      0.00
    0.00      0.00
    0.00      0.00
    0.00      0.00
    0.00      0.00
    0.00      0.00
    0.00      0.00
    0.00      0.00
    0.00      0.00
    0.00      0.00
    0.00      0.00
    0.00      0.00
    0.41      0.00
    0.00      0.00
    0.00      0.00
    0.00      0.00
    0.00      0.00
    0.00      0.00
    0.00      0.00
    0.00      0.00
    0.00      0.00
    0.00      0.00
    0.00      0.00
    0.00      0.00
    0.00      0.00
    1.36      0.00
    0.00      0.00
    0.00      0.00
    0.00      0.00
    0.00      0.00
    0.00      0.00
    0.00      0.00
    0.00      0.00
    0.00      0.00
    0.00      0.00
    0.00      0.00
    0.00      0.00
    0.00      0.00
    0.00      0.00
    0.00      0.00
    0.00      0.00
    0.00      0.00
    0.00      0.00
    0.00      0.00
    0.00      0.00
    0.00      0.00
    0.00      0.00
    0.00      0.00
    0.00      0.00
    0.00      0.00
    0.00      0.00
    0.00      0.00
    0.00      0.00
    0.00      0.00
    0.00      0.00
    0.00      0.00
    0.00      0.00
    0.00      0.00
    0.00      0.00
    0.00      0.00
    0.00      0.00
    0.00      0.00
    0.00      0.00
    0.00      0.00
    0.00      0.00
    0.00      0.00
    2.04      0.00
    0.00      0.00
    0.00      0.00
    0.00      0.00
    0.00      0.00
    0.00      0.00
    0.00      0.00
    0.00      0.00
    0.00      0.00
    0.00      0.00
    0.00      0.00
    0.00      0.00
    0.00      0.00
    0.00      0.00
    0.00      0.00
    0.00      0.00
    0.00      0.00
    0.00      0.00
    0.00      0.00
    0.00      0.00
    0.00      0.00
    0.00      0.00
    0.00      0.00
    0.00      0.00
    0.00      0.00
    0.00      0.00
    0.00      0.00
    0.00      0.00
    0.00      0.00
    0.00      0.00
    0.00      0.00
    0.00      0.00
    0.00      0.00
    0.00      0.00
    0.00      0.00
    0.00      0.00
    0.00      0.00
    0.00      0.00
    0.00      0.00
    0.00      0.00
    0.00      0.00
    0.68      0.00
    0.00      0.00
    0.00      0.00
    0.00      0.00
    0.00      0.00
    0.00      0.00
    0.00      0.00
    0.00      0.00
    0.00      0.00
    0.00      0.00
    0.00      0.00
    0.00      0.00
    0.00      0.00
    0.00      0.00
    0.41      0.00
    0.00      0.00
    0.00      0.00
    0.00      0.00
    0.00      0.00
    0.00      0.00
    0.00      0.00
    0.00      0.00
    0.00      0.00
    0.00      0.00
    0.00      0.00
    0.00      0.00
    0.00      0.00
    0.00      0.00
    0.00      0.00
    0.00      0.00
    0.00      0.00
    0.00      0.00
    0.00      0.00
    0.00      0.00
    0.00      0.00
    0.00      0.00
    0.00      0.00
    0.00      0.00
    0.00      0.00
    0.00      0.00
    0.00      0.00
    0.00      0.00
    0.00      0.00
    0.00      0.00
    0.00      0.00
    0.00      0.00
    0.00      0.00
    0.00      0.00
    0.00      0.00
    0.00      0.00
    0.00      0.00
    0.00      0.00
    0.00      0.00
    0.00      0.00
    0.00      0.00
    0.00      0.00
    0.00      0.00
    0.00      0.00
    0.00      0.00
    0.00      0.00
    0.00      0.00
    0.00      0.00
    0.00      0.00
    0.00      0.00
    0.00      0.00
    0.00      0.00
    0.00      0.00
    0.00      0.00
    0.00      0.00
    0.00      0.00
    0.00      0.00
    0.00      0.00
    0.00      0.00
    0.00      0.00
    0.00      0.00
    0.00      0.00
    0.00      0.00
    0.00      0.00
    0.00      0.00
    0.00      0.00
    0.00      0.00
    0.00      0.00
    0.00      0.00
    0.00      0.00
    0.00      0.00
    0.00      0.00
    0.00      0.00
    0.00      0.00
    0.00      0.00
    0.00      0.00
    0.00      0.00
    0.00      0.00
    0.00      0.00
    0.00      0.00
    0.00      0.00
    0.00      0.00
    0.00      0.00
    0.00      0.00
    0.00      0.00
    0.00      0.00
    0.00      0.00
    0.00      0.00
    0.00      0.00
    0.00      0.00
    0.00      0.00
    0.00      0.00
    0.00      0.00
    0.00      0.00
    0.00      0.00
    0.00      0.00
    0.00      0.00
    0.00      0.00
    0.00      0.00
    0.00      0.00
    0.00      0.00
    0.00      0.00
    0.00      0.00
    0.00      0.00
    0.00      0.00
    0.00      0.00
    0.00      0.00
    0.00      0.00
    0.00      0.00
    2.73      0.00
    0.00      0.00
    0.00      0.00
    0.00      0.00
    0.00      0.00
    0.00      0.00
    0.00      0.00
    0.00      0.00
    0.00      0.00
    0.00      0.00
    0.00      0.00
    0.00      0.00
    0.00      0.00
    0.00      0.00
    0.00      0.00
    0.00      0.00
    0.00      0.00
    0.00      0.00
    0.00      0.00
    0.00      0.00
    0.00      0.00
    0.00      0.00
    0.00      0.00
    0.00      0.00
    0.00      0.00
    0.00      0.00
    0.00      0.00
    0.00      0.00
    0.00      0.00
    0.00      0.00
    0.00      0.00
    0.00      0.00
    0.00      0.00
    0.00      0.00
    0.00      0.00
    0.00      0.00
    0.00      0.00
    0.00      0.00
    0.00      0.00
    0.00      0.00
    0.68      0.00
    0.00      0.00
    0.00      0.00
    0.00      0.00
    0.00      0.00
    0.00      0.00
    0.00      0.00
    0.00      0.00
    0.00      0.00
    0.00      0.00
    0.00      0.00
    0.00      0.00
    0.00      0.00
    0.00      0.00
    0.00      0.00
    0.00      0.00
    0.00      0.00
    0.00      0.00
    0.00      0.00
    0.00      0.00
    0.00      0.00
    0.00      0.00
    0.00      0.00
    0.00      0.00
    0.00      0.00
    0.00      0.00
    0.00      0.00
    0.00      0.00
    0.00      0.00
    0.00      0.00
    0.00      0.00
    0.00      0.00
    0.00      0.00
    0.00      0.00
    0.00      0.00
    0.00      0.00
    0.00      0.00
    0.00      0.00
    0.00      0.00
    0.00      0.00
    0.00      0.00
    0.68      0.00
    0.00      0.00
    0.00      0.00
    0.00      0.00
    0.00      0.00
    0.00      0.00
    0.00      0.00
    0.00      0.00
    0.00      0.00
    0.00      0.00
    0.00      0.00
    0.00      0.00
    0.00      0.00
    0.00      0.00
    0.00      0.00
    0.00      0.00
    0.00      0.00
    0.00      0.00
    0.00      0.00
    0.00      0.00
    0.00      0.00
    0.00      0.00
    0.00      0.00
    0.00      0.00
    0.00      0.00
    0.00      0.00
    0.00      0.00
    0.00      0.00
    0.00      0.00
    0.00      0.00
    0.00      0.00
    0.00      0.00
    0.00      0.00
    0.00      0.00
    0.00      0.00
    0.00      0.00
    0.00      0.00
    0.00      0.00
    0.00      0.00
    0.00      0.00
    0.00      0.00
    0.00      0.00
    0.00      0.00
    0.00      0.00
    0.00      0.00
    0.00      0.00
    0.00      0.00
    0.00      0.00
    0.00      0.00
    0.00      0.00
    0.00      0.00
    0.00      0.00
    0.00      0.00
    0.00      0.00
    0.00      0.00
    0.00      0.00
    0.00      0.00
    0.00      0.00
    0.00      0.00
    0.00      0.00
    0.00      0.00
    0.00      0.00
    0.00      0.00
    0.00      0.00
    0.00      0.00
    0.00      0.00
    0.00      0.00
    0.00      0.00
    0.00      0.00
    0.00      0.00
    0.00      0.00
    0.00      0.00
    0.00      0.00
    0.00      0.00
    0.00      0.00
    0.00      0.00
    0.00      0.00
    0.00      0.00
    0.00      0.00
    0.00      0.00
    0.00      0.00
    0.00      0.00
    0.00      0.00
    0.00      0.00
    0.00      0.00
    0.00      0.00
    0.00      0.00
    0.00      0.00
    0.00      0.00
    0.00      0.00
    0.00      0.00
    0.00      0.00
    0.00      0.00
    0.00      0.00
    0.00      0.00
    0.00      0.00
    0.00      0.00
    0.00      0.00
    0.00      0.00
    0.00      0.00
    0.00      0.00
    0.00      0.00
    0.00      0.00
    0.00      0.00
    0.00      0.00
    0.00      0.00
    0.00      0.00
    0.00      0.00
    0.00      0.00
    0.41      0.00
    0.00      0.00
    0.00      0.00
    0.00      0.00
    0.00      0.00
    0.00      0.00
    0.00      0.00
    0.00      0.00
    0.00      0.00
    0.00      0.00
    0.00      0.00
    0.00      0.00
    0.00      0.00
    0.00      0.00
    0.00      0.00
    0.00      0.00
    0.00      0.00
    0.00      0.00
    0.00      0.00
    0.00      0.00
    0.00      0.00
    0.00      0.00
    0.00      0.00
    0.00      0.00
    0.00      0.00
    0.00      0.00
    0.00      0.00
    0.00      0.00
    0.00      0.00
    0.00      0.00
    0.00      0.00
    0.00      0.00
    0.00      0.00
    0.00      0.00
    0.00      0.00
    0.00      0.00
    0.00      0.00
    0.00      0.00
    0.00      0.00
    0.00      0.00
    0.00      0.00
    0.00      0.00
    0.00      0.00
    0.00      0.00
    0.00      0.00
    0.00      0.00
    0.00      0.00
    0.00      0.00
    0.00      0.00
    0.00      0.00
    0.00      0.00
    0.00      0.00
    0.00      0.00
    0.00      0.00
    0.00      0.00
    0.00      0.00
    0.00      0.00
    0.00      0.00
    0.00      0.00
    0.00      0.00
    0.00      0.00
    0.00      0.00
    0.00      0.00
    0.00      0.00
    0.00      0.00
    0.00      0.00
    0.00      0.00
    0.00      0.00
    0.00      0.00
    0.00      0.00
    0.00      0.00
    0.00      0.00
    0.00      0.00
    0.00      0.00
    0.00      0.00
    0.00      0.00
    0.00      0.00
    0.00      0.00
    0.00      0.00
    0.00      0.00
    0.00      0.00
    0.00      0.00
    0.00      0.00
    0.00      0.00
    0.00      0.00
    0.00      0.00
    0.00      0.00
    0.00      0.00
    0.00      0.00
    0.00      0.00
    0.00      0.00
    0.00      0.00
    0.00      0.00
    0.00      0.00
    0.00      0.00
    0.00      0.00
    0.00      0.00
    0.00      0.00
    0.00      0.00
    0.00      0.00
    0.41      0.00
    0.00      0.00
    0.00      0.00
    0.00      0.00
    0.00      0.00
    0.00      0.00
    0.00      0.00
    0.00      0.00
    0.00      0.00
    0.00      0.00
    0.00      0.00
    0.00      0.00
    0.00      0.00
    0.00      0.00
    0.00      0.00
    0.00      0.00
    0.00      0.00
    0.00      0.00
    0.00      0.00
    0.00      0.00
    0.00      0.00
    0.00      0.00
    0.00      0.00
    0.00      0.00
    0.00      0.00
    0.00      0.00
    0.00      0.00
    0.00      0.00
    0.00      0.00
    0.00      0.00
    0.00      0.00
    0.00      0.00
    0.00      0.00
    0.00      0.00
    0.00      0.00
    0.00      0.00
    0.00      0.00
    0.00      0.00
    0.00      0.00
    0.00      0.00
    0.00      0.00
    0.00      0.00
    0.00      0.00
    0.00      0.00
    0.00      0.00
    0.00      0.00
    0.00      0.00
    0.00      0.00
    0.00      0.00
    0.00      0.00
    0.00      0.00
    0.00      0.00
    0.00      0.00
    0.00      0.00
    0.00      0.00
    0.00      0.00
    0.00      0.00
    0.00      0.00
    0.00      0.00
    0.00      0.00
    0.00      0.00
    0.00      0.00
    0.00      0.00
    0.00      0.00
    0.00      0.00
    0.00      0.00
    0.00      0.00
    0.00      0.00
    0.00      0.00
    0.00      0.00
    0.00      0.00
    0.00      0.00
    0.00      0.00
    0.00      0.00
    0.00      0.00
    0.00      0.00
    0.00      0.00
    0.00      0.00
    0.00      0.00
    0.00      0.00
    0.00      0.00
    0.00      0.00
    0.00      0.00
    0.00      0.00
    0.00      0.00
    0.00      0.00
    0.00      0.00
    0.00      0.00
    0.00      0.00
    0.00      0.00
    0.00      0.00
    0.00      0.00
    0.00      0.00
    0.00      0.00
    0.00      0.00
    0.00      0.00
    0.00      0.00
    0.00      0.00
    0.00      0.00
    0.00      0.00
    0.00      0.00
    0.00      0.00
    0.00      0.00
    0.00      0.00
    0.00      0.00
    0.00      0.00
    0.00      0.00
    0.00      0.00
    0.00      0.00
    0.00      0.00
    0.00      0.00
    0.00      0.00
    0.00      0.00
    0.00      0.00
    0.00      0.00
    0.00      0.00
    0.00      0.00
    0.00      0.00
    0.00      0.00
    0.00      0.00
    0.00      0.00
    0.00      0.00
    0.00      0.00
    0.00      0.00
    0.00      0.00
    0.00      0.00
    0.00      0.00
    0.00      0.00
    0.00      0.00
    0.00      0.00
    0.00      0.00
    0.00      0.00
    0.00      0.00
    0.00      0.00
    0.00      0.00
    0.00      0.00
    0.00      0.00
    0.00      0.00
    0.00      0.00
    0.00      0.00
    0.00      0.00
    0.00      0.00
    0.00      0.00
    0.00      0.00
    0.00      0.00
    0.00      0.00
    0.00      0.00
    0.00      0.00
    0.00      0.00
    0.00      0.00
    0.00      0.00
    0.00      0.00
    0.00      0.00
    0.00      0.00
    0.00      0.00
    0.00      0.00
    0.00      0.00
    0.00      0.00
    0.00      0.00
    0.00      0.00
    0.00      0.00
    0.00      0.00
    0.00      0.00
    0.00      0.00
    0.00      0.00
    0.00      0.00
    0.00      0.00
    0.00      0.00
    0.00      0.00
    0.00      0.00
    0.00      0.00
    0.00      0.00
    0.00      0.00
    0.00      0.00
    0.00      0.00
    0.00      0.00
    0.00      0.00
    0.00      0.00
    0.00      0.00
    0.00      0.00
    0.00      0.00
    0.00      0.00
    0.00      0.00
    0.00      0.00
    0.00      0.00
    0.00      0.00
    0.00      0.00
    0.00      0.00
    0.00      0.00
    0.00      0.00
    0.00      0.00
    0.00      0.00
    0.00      0.00
    0.00      0.00
    0.00      0.00
    0.00      0.00
    0.00      0.00
    0.00      0.00
    0.00      0.00
    0.41      0.00
    0.00      0.00
    0.00      0.00
    0.00      0.00
    0.00      0.00
    0.00      0.00
    0.00      0.00
    0.00      0.00
    0.00      0.00
    0.00      0.00
    0.00      0.00
    0.00      0.00
    0.00      0.00
    0.00      0.00
    0.00      0.00
    0.00      0.00
    0.00      0.00
    0.00      0.00
    0.00      0.00
    0.00      0.00
    0.00      0.00
    0.00      0.00
    0.00      0.00
    0.00      0.00
    0.00      0.00
    0.00      0.00
    0.00      0.00
    0.00      0.00
    0.00      0.00
    0.00      0.00
    0.00      0.00
    0.00      0.00
    0.00      0.00
    0.00      0.00
    0.00      0.00
    0.00      0.00
    0.00      0.00
    0.00      0.00
    0.00      0.00
    0.00      0.00
    0.00      0.00
    0.00      0.00
    0.00      0.00
    0.00      0.00
    0.00      0.00
    0.00      0.00
    0.00      0.00
    0.00      0.00
    0.00      0.00
    0.00      0.00
    0.00      0.00
    0.00      0.00
    0.00      0.00
    0.00      0.00
    0.00      0.00
    0.00      0.00
    0.00      0.00
    0.00      0.00
    0.00      0.00
    0.00      0.00
    0.00      0.00
    0.00      0.00
    0.00      0.00
    0.00      0.00
    0.00      0.00
    0.00      0.00
    0.00      0.00
    0.00      0.00
    0.00      0.00
    0.00      0.00
    0.00      0.00
    0.00      0.00
    0.00      0.00
    0.00      0.00
    0.00      0.00
    0.00      0.00
    0.00      0.00
    0.00      0.00
    0.00      0.00
    0.00      0.00
    0.00      0.00
    0.00      0.00
    0.00      0.00
    0.00      0.00
    0.00      0.00
    0.00      0.00
    0.00      0.00
    0.00      0.00
    0.00      0.00
    0.00      0.00
    0.00      0.00
    0.00      0.00
    0.00      0.00
    0.00      0.00
    0.00      0.00
    0.00      0.00
    0.00      0.00
    0.00      0.00
    0.00      0.00
    0.00      0.00
    0.41      0.00
    0.00      0.00
    0.00      0.00
    0.00      0.00
    0.00      0.00
    0.00      0.00
    0.00      0.00
    0.00      0.00
    0.00      0.00
    0.00      0.00
    0.00      0.00
    0.00      0.00
    0.00      0.00
    0.00      0.00
    0.00      0.00
    0.00      0.00
    0.00      0.00
    0.00      0.00
    0.00      0.00
    0.00      0.00
    0.00      0.00
    0.00      0.00
    0.00      0.00
    0.00      0.00
    0.00      0.00
    0.00      0.00
    0.00      0.00
    0.00      0.00
    0.00      0.00
    0.00      0.00
    0.00      0.00
    0.00      0.00
    0.00      0.00
    0.00      0.00
    0.00      0.00
    0.00      0.00
    0.00      0.00
    0.00      0.00
    0.00      0.00
    0.00      0.00
    0.00      0.00
    0.00      0.00
    0.00      0.00
    0.00      0.00
    0.00      0.00
    0.00      0.00
    0.00      0.00
    0.00      0.00
    0.00      0.00
    0.00      0.00
    0.00      0.00
    0.00      0.00
    0.00      0.00
    0.00      0.00
    0.00      0.00
    0.00      0.00
    0.00      0.00
    0.00      0.00
    0.00      0.00
    0.00      0.00
    0.00      0.00
    0.00      0.00
    0.00      0.00
    0.00      0.00
    0.00      0.00
    0.00      0.00
    0.00      0.00
    0.00      0.00
    0.00      0.00
    0.00      0.00
    0.00      0.00
    0.00      0.00
    0.00      0.00
    0.00      0.00
    0.00      0.00
    0.00      0.00
    0.00      0.00
    0.00      0.00
    0.00      0.00
    0.00      0.00
    0.00      0.00
    0.00      0.00
    0.00      0.00
    0.00      0.00
    0.00      0.00
    0.00      0.00
    0.00      0.00
    0.00      0.00
    0.00      0.00
    0.00      0.00
    0.00      0.00
    0.00      0.00
    0.00      0.00
    0.00      0.00
    0.00      0.00
    0.00      0.00
    0.00      0.00
    0.00      0.00
    0.00      0.00
    0.82      0.00
    0.00      0.00
    0.00      0.00
    0.00      0.00
    0.00      0.00
    0.00      0.00
    0.00      0.00
    0.00      0.00
    0.00      0.00
    0.00      0.00
    0.00      0.00
    0.00      0.00
    0.00      0.00
    0.00      0.00
    0.00      0.00
    0.00      0.00
    0.00      0.00
    0.00      0.00
    0.00      0.00
    0.00      0.00
    0.00      0.00
    0.00      0.00
    0.00      0.00
    0.00      0.00
    0.00      0.00
    0.00      0.00
    0.00      0.00
    0.00      0.00
    0.00      0.00
    0.00      0.00
    0.00      0.00
    0.00      0.00
    0.00      0.00
    0.00      0.00
    0.00      0.00
    0.00      0.00
    0.00      0.00
    0.00      0.00
    0.00      0.00
    0.00      0.00
    0.00      0.00
    0.00      0.00
    0.00      0.00
    0.00      0.00
    0.00      0.00
    0.00      0.00
    0.00      0.00
    0.00      0.00
    0.00      0.00
    0.00      0.00
    0.00      0.00
    0.00      0.00
    0.00      0.00
    0.00      0.00
    0.00      0.00
    0.00      0.00
    0.00      0.00
    0.00      0.00
    0.00      0.00
    0.00      0.00
    0.00      0.00
    0.00      0.00
    0.00      0.00
    0.00      0.00
    0.00      0.00
    0.00      0.00
    0.00      0.00
    0.00      0.00
    0.00      0.00
    0.00      0.00
    0.00      0.00
    0.00      0.00
    0.00      0.00
    0.00      0.00
    0.00      0.00
    0.00      0.00
    0.00      0.00
    0.00      0.00
    0.00      0.00
    0.00      0.00
    0.00      0.00
    0.00      0.00
    0.00      0.00
    0.00      0.00
    0.00      0.00
    0.00      0.00
    0.00      0.00
    0.00      0.00
    0.00      0.00
    0.00      0.00
   81.64     80.05
    0.00      0.00
    0.00      0.00
    0.00      0.00
    0.00      0.00
    0.00      0.00
    0.00      0.00
    0.00      0.00
    0.00      0.00
    0.00      0.00
 2118.10   1549.78
 2132.76   1268.87
 1232.56   1334.39
 3509.47   2952.57
 2133.65   2162.43
 1756.96   1120.33
 1145.18    949.94
  728.51    241.02
  604.61    205.07
  225.06     82.27
  159.05    108.40
  113.40     31.16
   60.94     37.66
    1.44      0.87
    0.00      0.00
    0.00      0.00
    0.00      0.00
    0.00      0.00
    0.00      0.00
    0.00      0.00
    0.00      0.00
    0.00      0.00
    0.00      0.00
    0.00      0.00
    0.00      0.00
    0.00      0.00
    0.00      0.00
    0.00      0.00
    0.00      0.00
    0.00      0.00
    0.00      0.00
    0.00      0.00
    0.00      0.00
    0.00      0.00
    0.00      0.00
    0.00      0.00
    0.00      0.00
    0.00      0.00
    0.00      0.00
    0.00      0.00
    0.00      0.00
    0.00      0.00
    0.00      0.00
    0.00      0.00
    0.00      0.00
    0.00      0.00
    0.00      0.00
    0.00      0.00
    0.00      0.00
    0.00      0.00
    1.36     15.00
    0.72     15.19
   45.03     45.98
  106.92    123.92
   91.88    149.41
  291.55    412.60
  319.70    147.22
   65.43     74.22
   43.15    101.61
   89.87    164.22
  204.43    223.22
  152.72     62.02
  105.82     79.19
   48.01     17.01
    2.88      0.00
   16.60      0.00
   15.87      1.44
    0.00      0.00
    0.00      0.00
    0.00      0.00
    0.00      0.00
    0.00      0.00
    0.00      0.00
    0.00      0.00
    0.00      0.00
    0.00      0.00
    0.00      0.00
    0.00      0.00
    0.00      0.00
    0.00      0.00
    0.00      0.00
    0.00      0.00
    0.00      0.00
    0.00      0.00
    0.00      0.00
    0.00      0.00
    0.00      0.00
    0.00      0.00
    0.00      0.00
    0.00      0.00
    0.00      0.00
    0.00      0.00
    0.00      0.00
    0.00      0.00
    0.00      0.00
    0.00      0.00
    0.00      0.00
    0.00      0.00
    0.00      0.00
    0.00      0.00
  254.58    279.21
  182.12    224.08
   44.20     46.26
   91.46    195.93
  172.96    187.11
  173.45    238.15
  568.95    429.99
  282.81    158.94
   81.20     39.05
   67.43     81.91
  105.09    134.37
  184.35    223.85
  203.86    193.72
  182.76    136.64
  125.91     35.46
   84.26     65.54
   33.34     16.23
    1.44      0.00
    2.17      0.00
   31.89      1.44
   25.75     21.28
    0.00      0.00
   38.66     40.76
   14.44     13.77
   24.05     16.18
   10.72      6.06
    0.00      0.72
    0.00      0.00
    0.72      0.00
   25.78     21.21
    0.00      0.00
   25.77     27.41
   14.43     11.74
   32.85     15.91
    0.00      0.00
   11.90      0.00
    0.00      0.00
    0.00      0.00
    0.00      0.00
    0.00      0.00
    0.00      0.00
    0.00      0.00
    0.00      0.00
    0.00      0.00
    0.00      0.00
    0.00      0.00
    0.00      0.00
    0.00      0.00
    0.00      0.00
    0.00      0.00
    0.00      0.00
    0.72      0.65
   16.48      2.10
   32.67     34.38
   65.75     78.64
   62.30     76.54
  165.85    322.54
  403.24    287.03
  102.46     51.74
   32.54     31.31
   45.56     45.55
   30.76     76.46
   92.25    108.08
   95.98    137.65
  183.26    172.45
   47.26     76.57
  157.46     98.17
   34.46      2.89
   48.70     32.90
   62.26     63.01
    0.72      0.00
    0.72      0.00
   17.23      0.00
   17.25      1.44
    0.00      0.00
    0.00      0.00
    0.00      0.00
    0.00      0.00
   14.37     15.83
    0.00      0.00
    0.71      0.00
    0.00      0.00
    0.00      0.00
    0.00      0.00
    0.00      0.00
    0.65     15.54
   14.14      0.72
    0.73      0.00
    0.72      0.00
    0.00      0.00
    0.00      0.00
    0.00      0.00
    0.00      0.00
    0.00      0.00
    0.00      0.00
    0.00      0.00
    0.00      0.00
    0.00      0.00
    0.00      0.00
   46.77     78.70
  308.24    315.92
   69.81     72.06
  116.14    219.51
  140.34    127.42
  143.45    107.47
   72.06     83.89
   84.95     63.42
  234.11    395.88
  466.60    278.05
  141.35     83.59
   74.68     63.61
  190.31    141.17
  104.15     87.24
  118.43    114.35
  115.23    101.40
   65.49     48.01
   88.72    172.13
   89.49     64.92
   82.11     95.13
  124.12     49.87
   33.95     17.36
   46.88     16.61
   33.12     46.12
   15.11     31.67
    0.00      0.00
    1.43      0.00
   33.81      1.45
    0.00      0.00
    0.00      0.00
    0.00      0.00
   14.80     15.51
    0.00      0.00
    0.00      0.00
    0.71      0.00
    0.00      0.00
    0.00      0.00
    0.00      0.00
    0.00      0.00
   14.99     15.71
    0.00      0.72
    1.45      0.00
    0.00      0.00
    0.00      0.00
    0.00      0.00
    0.00      0.00
    0.00      0.00
    0.00      0.00
    0.00      0.00
    0.00      0.00
    0.00      0.00
    0.00      0.00
    0.72      0.65
    1.96      2.16
   34.11     47.83
    4.71      4.12
    2.75      3.54
    2.10      3.99
    5.50      4.06
   23.80     30.16
   17.99     29.07
   35.99     17.35
   46.03     45.65
   14.38     61.41
   47.65      4.17
    6.34     33.55
   17.15      4.04
   17.83      3.46
    3.40     16.44
    2.75     18.98
   33.25      8.88
    3.41      4.19
    7.07      4.19
    5.57      3.54
    2.10      0.72
    1.44      0.00
    2.68      2.10
    0.65      2.68
    0.00      0.72
    0.00      0.00
    1.37      0.00
    2.16      0.72
    0.00      0.00
    0.00      0.00
   14.99     15.70
    0.00      0.00
    1.45      0.00
    0.00      0.00
    0.00      0.00
    0.00      0.00
    0.00      0.00
    0.00     15.10
   15.11      1.45
    0.72      0.00
    0.72      0.00
    0.00      0.00
    0.00      0.00
    0.00      0.00
    0.00      0.00
    0.00      0.00
   46.79     53.70
  119.45    203.99
   96.52    133.71
   22.71    105.09
  142.10    143.84
   11.51     47.92
  136.70    104.20
  114.94     42.16
   75.57     53.65
  115.47     84.77
   45.40     26.40
   76.08     75.87
   70.00     60.51
   42.21     21.87
   51.74     63.47
  112.80     90.16
   49.04     40.69
   65.80     51.00
   38.48     24.94
   17.53      3.55
   13.15      3.11
    2.09     17.05
   35.09     25.82
    5.44      5.43
    3.46      2.88
   43.57     24.12
   17.80     23.19
   51.57     41.41
   28.02     40.31
   37.62     12.38
   12.73      8.88
    6.18      1.31
    3.20      2.16
    1.44      0.00
    0.65      0.72
    2.16      0.00
   15.10     15.90
    0.00      0.00
    0.00      0.00
    0.72      0.00
    0.00      0.00
    0.00      0.00
    0.00      0.00
    0.00      0.00
    0.00      0.65
    0.65      0.72
    0.72      0.00
    0.00      0.00
    0.00      0.00
    0.00      0.00
    0.00      0.00
    0.41      0.41
    1.37      0.65
    3.27      2.82
    3.47     18.71
    3.33      3.54
   16.11     17.63
    2.82      2.75
    4.12      4.05
   19.13     39.26
   29.38      9.10
    6.73      8.38
   37.41     36.86
   34.58     17.90
    0.72      0.65
    2.03     16.47
   16.53     17.74
   48.47     67.11
   19.82      2.87
   20.07      2.74
   15.03     32.26
    2.75      2.10
   16.43      4.05
    0.65      2.03
    3.47      4.05
    5.43      5.52
    5.43      5.63
    2.82      0.72
    4.98      0.65
    1.31      2.16
    0.65      1.37
    0.72      0.00
    0.00      0.00
   15.04     15.10
   15.09     15.82
    1.37      2.10
    0.00      0.00
    1.44      0.00
    2.03      0.72
    0.72      0.72
    0.00      0.00
    0.00      0.00
    0.00      0.00
    0.00      0.00
    0.00      0.00
    0.00      0.00
    0.00      0.65
    0.65      0.72
    0.00      0.00
    0.72      0.00
  154.73    193.01
  194.68    228.79
   79.06     68.39
   33.90    151.86
   75.26     46.12
   56.18    111.06
  153.06     87.56
  100.87     22.05
   21.02     33.58
  107.39     73.23
   55.18     36.80
   47.93     46.92
   90.80     57.54
   61.81     41.78
   83.79     57.86
   34.05     31.59
   69.69     52.63
   31.43     26.23
   26.81     20.95
   59.67     50.68
    4.11      1.37
   17.02      2.09
    2.15     17.14
   14.76     16.21
   21.17      5.63
    1.37      3.33
    1.37      2.75
    4.77      2.03
    5.56      7.59
    2.75      1.37
    0.72      0.72
    3.54      1.37
    0.72      0.00
    1.37      0.72
    0.72      0.00
   14.80     15.60
   25.76     21.30
   28.35     17.73
   13.61     29.28
   41.58     28.68
   14.32     20.47
   11.84      0.00
   57.96     48.29
    0.00      8.28
    9.59      0.00
    5.89      6.78
    1.73      0.00
    0.00      0.00
    0.72      0.65
    0.65      0.00
    0.00      0.72
    1.44      0.65
    1.96      0.72
   18.49     19.91
    1.44      2.75
    3.33      2.16
   31.26     31.45
    1.44      2.61
    3.47      2.68
    3.47      5.43
   23.68     55.22
   43.89      9.09
   33.13     34.15
    6.80     37.11
   34.26     19.92
    2.81      1.37
   16.53      2.83
    1.96      3.40
   17.90     17.91
   15.68     18.57
    2.68      5.42
    4.12     17.16
   19.19     17.89
    2.81      0.65
   16.50      5.36
    0.65      1.37
    4.05      2.16
   19.90     18.54
    2.03      3.47
    0.65      2.03
    4.12      2.82
    4.78      4.85
    2.75      1.44
    1.37      1.37
    2.09      1.37
    0.00      0.00
    0.00      0.00
   16.44     15.05
    0.00      0.00
    0.00      0.00
   17.03     16.45
    0.00      2.09
    1.37     15.75
    0.00      0.00
   16.54      0.72
    0.72      0.00
    0.72      0.00
   14.37     14.43
    0.00      0.00
    0.00      0.00
   95.08    156.63
  172.20    255.21
   23.53      4.84
   24.77    123.04
   22.70     30.15
   42.43     37.84
  103.79     94.89
   47.89     48.91
  139.25     88.10
   96.97    106.64
   72.70     39.16
  158.96    174.06
   20.53     19.13
   80.36     39.84
   56.09     57.26
   20.01      4.91
   59.82     67.54
   55.17     30.09
    7.63     29.40
   87.21     32.43
    7.91      2.83
   50.15     46.74
   46.88     41.29
    2.75      2.82
   29.08     34.08
    0.72      0.65
   21.47      5.71
    1.37      3.40
    2.09      2.09
    2.10      0.72
   17.86     17.92
    2.10      2.68
    2.68      2.68
    2.03      3.40
    4.19      2.16
    1.44      0.72
    4.19      0.72
    0.00      0.72
    0.00      0.00
    0.00      0.00
   15.11     16.55
   25.76     21.28
   15.82     15.82
   26.49     27.39
    0.65     16.16
   29.45     26.47
   15.53      1.44
   10.33      0.00
   22.15     16.53
    3.11      0.00
   14.81     15.61
    1.40      0.65
    3.48      2.82
    6.14      5.57
    2.03      2.03
   17.79     17.33
    0.65      2.09
    2.16      1.31
    2.10      3.27
   19.63     19.03
   18.50     23.47
   15.85     23.62
   35.95     23.30
   19.28     63.24
   47.68     19.85
   19.85      6.87
    5.63      2.16
    1.37      2.03
    3.40      2.82
    0.72     30.01
   16.79     18.22
   17.16      0.72
    0.65      3.40
   33.00     17.28
   32.76     35.65
    3.33      2.16
    3.55      5.29
    2.81      2.10
    1.37      1.37
    5.63      1.44
    4.05      4.12
    0.65      0.72
    0.72      1.37
    3.40      2.10
    0.65      2.75
    2.68      2.82
    3.33      4.84
    2.10      0.72
    1.44      0.00
    0.72      0.00
    0.72      0.00
    0.00      0.00
    1.31      0.72
    0.00      0.72
    0.00      0.00
    0.65      1.37
    0.00      0.00
    0.65     15.65
    0.00      0.72
  109.24    159.46
   69.33    120.25
  124.29    150.21
   73.11    163.38
   58.45     57.64
   48.75     39.83
   39.84     13.79
   28.22     13.05
   46.81     23.44
   28.39     23.25
   92.43    102.61
   34.24     38.44
   99.26    109.57
  100.23     76.59
  206.61    210.46
   25.03     70.03
  165.28    122.64
  108.50     77.16
   63.29     19.86
   31.36      5.78
   13.26      3.32
    1.37      1.31
    1.37     17.21
    1.37     16.17
   31.43     16.82
    2.03      2.82
    1.37      2.03
   49.03     32.69
   42.88     41.22
    4.71      1.37
   15.63     32.21
   22.98     21.99
    9.29      5.60
    5.00      3.47
   25.23     17.93
    0.65      0.72
    7.63      4.06
    1.49      1.96
    3.33      2.03
    2.16      2.82
    4.91      1.44
    1.37      0.72
    0.72      0.00
    0.00      1.31
    0.00      0.00
    0.72      0.65
    0.72      0.00
    0.00      0.00
    0.72      0.00
    0.65      0.72
    0.00      0.00
    0.00     15.10
   17.80      4.20
    4.05      4.91
    4.12      2.75
   16.47     17.25
   18.39     17.14
    0.65      1.44
    2.88      1.31
    0.00      3.26
    6.29      3.40
   17.85     35.69
   38.98     26.88
   12.45      6.35
   18.39     20.70
   22.61     37.18
   32.12     76.90
   78.88     21.87
    6.74     20.30
   19.05     34.80
   19.99      2.82
   15.56      0.72
    0.65      2.03
    2.10      1.37
    0.65      1.37
    1.37      2.03
    1.31      0.72
   17.15     32.06
    1.31      2.09
    1.37      5.22
   19.85      5.64
   17.04     17.82
    7.07      0.72
    1.37      3.40
    2.74      1.44
    1.37      0.72
    2.09      1.37
    0.00     13.95
    1.31      2.10
   18.00      4.25
    0.65      3.33
    3.40      2.82
    1.37      0.65
    2.09      0.72
    1.44      0.72
    1.37      0.72
    0.65      0.72
    0.65      0.00
    0.00      0.72
   14.97     26.14
  200.26    182.02
  118.14    134.00
   85.83    133.12
   16.92    117.11
   63.36     70.41
    2.92      4.12
   61.57     45.58
   31.94     68.78
  108.00     71.56
  110.20     49.65
   54.81     90.13
   53.32     19.81
  126.33     86.89
   86.42     36.34
   47.83     41.36
   85.27     60.03
   65.20     51.59
   32.18     48.69
  111.95     71.60
   34.84     44.62
   87.43     53.65
   24.20     21.48
   54.46     49.63
   16.43      2.10
   38.30      9.39
    3.55      2.10
   12.56      3.25
    2.03      2.16
    1.44      1.31
   13.73     30.22
   16.48     18.49
    5.29      4.85
   19.94      5.70
    4.97      3.33
   15.82     16.53
    1.37      1.31
    2.75      1.44
    2.87      1.37
    0.72      1.31
    0.00     16.54
    1.31      1.37
   17.53      2.09
    2.09      2.68
    4.12      1.37
    0.65      2.82
    2.10      2.03
    2.10      0.72
    1.44      0.65
    0.72      0.00
    0.65      0.00
    0.72      0.71
    0.74      0.65
    2.61      2.16
    4.71      5.56
    3.46     16.54
    0.00      1.37
    2.68      2.82
    1.31      1.37
    1.44     16.40
    1.37      3.98
   20.79      3.47
    3.41     18.84
   19.15     24.41
   44.41     41.02
   47.45     29.63
   13.77      7.06
   15.64     59.50
   76.69     72.10
   35.21      4.20
   45.47     23.06
    9.05     38.03
    4.25     15.82
   15.12      2.09
    2.16     15.66
   17.86      3.55
   30.94     15.81
    1.38      2.68
    0.65      0.72
    2.11      1.44
    2.16      0.00
    0.65      1.37
    0.65      4.57
   16.17     18.27
    2.61      4.11
    7.73      2.88
    2.82      2.03
    4.05      2.09
    1.37      3.47
    2.10      0.72
    1.37      0.72
    0.72      0.00
    2.68      2.82
    0.65     15.61
    2.61      4.85
   17.06      2.09
    0.65      0.65
    2.75      2.82
    2.75      1.37
    2.03      1.44
  119.93    179.71
   99.09    121.66
   97.89    159.37
   89.61    105.21
   57.48     74.96
   28.69     30.07
   52.35     59.69
   24.93     41.09
   99.81     97.71
   67.19     22.14
   48.30     83.72
   85.60     45.86
    2.16     30.65
  106.17     78.32
   97.44    100.60
   89.21     92.75
   54.64     39.07
   66.53     61.79
   21.68      4.98
   68.01     53.59
   53.79     49.75
  125.90     40.82
   90.54    102.79
   45.15     28.79
   24.14     19.72
   23.80      9.91
    3.54     17.19
   10.96      3.11
   17.68      2.10
   30.53     16.89
    1.38      2.89
    0.72      0.65
    0.00      0.00
    1.43      1.96
    3.26      3.40
    3.99      4.98
    4.19      4.12
   16.38     17.82
    2.82      1.31
    2.03      2.16
    2.82      1.31
    2.76      2.03
    0.72      2.75
    0.71      0.65
    0.72      1.31
    2.16     15.05
   16.43      3.40
    3.43      2.16
    2.10      2.68
    3.40      1.37
    0.72      2.09
    3.54      1.37
    2.68      2.18
    4.64      3.47
    3.47      4.91
    2.03      2.09
    1.44      0.65
    2.61      2.89
    0.65      1.37
    1.44      0.65
    0.00      1.96
   19.34     19.15
    3.40     16.54
    2.74      6.67
   25.93     24.61
   24.11     21.51
   36.91     52.57
   20.94      5.63
    3.40     19.86
   34.90     21.02
    4.05      5.57
    2.10     33.13
   22.25     21.31
   33.86     35.46
   21.37     17.25
    1.43      0.65
   31.67      3.55
    2.75      2.10
    1.31     16.45
    1.37     16.40
    0.65      1.38
   17.11      2.16
    2.16      0.00
   31.24     17.24
    0.00      3.27
    0.65      3.27
    2.68      3.54
    7.08      0.72
    3.47      2.75
    1.96      3.47
   16.48     17.34
    1.37      1.37
    2.10      1.38
    0.65      0.00
    3.40      2.89
    2.05      2.10
    0.65      0.72
    0.65      2.03
    0.65      0.65
    2.68      2.82
   78.04    129.59
   43.11     57.41
  142.16    239.44
   15.85      4.70
   24.21    132.79
   23.78     29.21
   46.69     56.97
   51.40     59.67
   99.43     49.39
    7.45     37.58
  125.68     81.94
   89.85     37.14
   90.35     92.93
   11.74      6.32
   37.92     69.49
   68.80     37.68
   16.25      8.55
   50.17     78.22
   62.65     38.19
   31.26     58.16
   69.37     34.26
   58.70     56.10
   37.57     28.21
   32.30      8.26
   29.68     36.22
   17.47     30.57
   31.68     18.35
    3.55      1.96
   32.80      3.53
   54.38     23.49
    1.44     21.78
  106.70     80.60
   27.17     28.81
   37.65     65.61
   41.70     15.23
   31.62     18.58
   44.19     19.31
   24.24     20.27
    8.40      4.20
    2.10      2.68
    2.08      1.31
    2.68      2.09
    2.16      1.44
    1.44      0.65
    1.37      3.98
    1.31      0.00
    1.44      2.09
    1.44      0.65
    1.44      0.00
    0.65      2.68
    1.44      1.96
    3.33      3.47
    4.86      2.82
    6.15      4.84
    2.75      4.84
    3.40      3.47
    2.82      2.03
    3.99      2.90
    1.37      2.10
    2.16      0.65
    1.31      2.03
    2.82      3.33
    4.12      2.16
   15.51     20.88
    8.19     34.86
   26.24     11.34
   20.93     33.84
   22.32      7.72
    2.84     19.25
   19.11     18.52
   19.86     20.73
    5.49      7.53
    3.54      2.03
   18.43     33.02
   19.28     20.58
    4.05      3.54
    2.88      1.31
   31.15     17.27
    2.61     32.75
    3.47      2.10
   17.25      2.88
   17.92      2.74
    0.65      1.38
    2.10      0.72
    0.00     15.03
    1.37      0.65
   13.72     18.32
    2.17      2.68
    3.33     19.23
   35.59     16.96
    3.47      3.47
    2.03      2.75
   18.61      3.47
    2.75      2.89
    2.16      0.65
    0.72      0.00
    1.31      1.37
    0.65      2.09
    2.75      2.10
   75.73    102.17
  140.01    174.91
   74.85     71.58
   34.63    181.71
  109.60    165.57
   26.74     45.87
   59.49     45.11
   54.04     99.16
   47.85     15.18
   39.38      2.47
    9.45      4.17
    4.08      2.11
   29.75     26.19
   60.88     25.50
  102.18     68.87
   55.67     54.81
   63.40    115.07
  149.56     93.53
   20.77     32.47
   45.77     51.76
   53.43     50.61
  109.49     89.90
   62.49     40.73
   31.80     54.37
   99.17     43.57
   61.43     41.73
   56.50     47.69
   28.31     33.07
   23.59     17.48
    0.71      1.31
   32.20      5.51
    2.68     33.61
    4.19      2.82
    2.17      0.65
    4.13      2.16
    2.82      0.72
    0.00      0.00
    0.00     14.79
    0.65      2.03
    1.30      2.68
   18.83     20.80
    2.75      2.75
    3.47     18.19
   17.08     15.70
    2.09      2.03
    2.68      4.19
   18.31      2.82
    2.16      0.65
    1.37      1.37
    0.72      0.65
    2.03      2.03
    0.72      1.37
    2.53      1.72
    5.43      2.82
    4.12      6.93
    2.68      3.47
    3.47      3.40
    4.05      1.37
    1.31      4.26
    2.82      3.33
    2.88      0.65
    1.96      4.12
    5.63      4.65
    5.43      3.61
    2.10      2.75
   17.86     22.44
   16.43     26.87
   36.01     20.56
   20.54     35.91
   19.99      5.63
    2.75     18.77
   34.33     48.94
   35.71      5.43
   34.73     36.17
    6.14      4.85
    2.75     18.98
    3.40      2.09
   18.93      6.22
    2.82     16.48
   16.37     16.36
   31.37     33.36
    2.74      2.10
   17.19      2.75
    3.48      2.75
    1.96      3.40
    4.12      4.91
    2.81      0.00
    1.44      0.72
    0.00      0.00
    0.72      1.96
    0.00     18.27
    2.61      3.47
   20.78      2.82
    4.15      1.31
    2.75      3.47
    2.68      2.10
   18.51     33.80
    1.37      1.31
    2.75      3.47
   29.86     27.20
  167.56    195.30
   41.71     94.62
   97.41    219.18
   44.85     65.73
   49.79     94.20
   96.85    110.94
   58.29     83.88
  103.07     13.76
   29.62     24.84
   21.76      4.29
   12.31      6.89
   29.53      3.67
   25.03      6.28
    3.34     24.53
    8.93      2.74
    6.60      7.52
   10.26     13.73
   26.26     39.07
   50.17     26.51
   77.50     62.94
   97.23     60.74
   49.65     53.89
   37.95     51.50
  102.17     83.23
   85.40     32.14
   60.03     71.15
  116.35     25.58
   45.16     66.55
   47.14     29.05
   54.84     17.62
    6.59     31.32
   30.85      4.13
   33.36     35.21
    2.13      0.65
    2.17      1.96
    4.05      3.47
    2.96      2.10
    3.47      1.44
    1.31      0.65
    0.72      1.44
    0.00      0.65
    2.61      2.68
    3.34     19.45
    2.75      2.10
   29.34      3.54
   13.55     24.49
   40.95     15.36
   15.44     37.55
   23.63      1.52
    4.83     19.88
   11.65      3.18
    2.10      2.68
    4.80      3.54
   21.34      6.87
    3.33      4.19
    3.61      1.37
    1.44      1.31
    1.37      0.72
    4.71      2.82
    1.38      4.06
   17.87      2.81
    1.31      5.43
    4.85      3.34
    5.57      4.26
    2.89      1.31
    1.31      5.88
   12.38     10.35
   11.51      9.11
   21.92     24.29
    6.94      6.29
    5.50     18.28
   32.69     19.28
   34.84     35.73
   37.11     54.54
    6.35      3.99
    6.15      4.19
    3.54     30.95
   16.84      2.03
    3.47      4.91
   17.54     19.31
   16.90     30.62
   18.59     17.94
   16.47     17.75
   18.46      2.81
    2.74     17.19
   31.25      6.30
    1.37      1.37
    4.94      2.68
    1.44      0.72
    2.03      1.37
    1.44      0.72
    0.65      3.99
    2.03      2.61
    0.65      3.47
    7.07      2.09
    0.00      0.00
    2.82      2.03
    2.03      3.40
    3.33      2.16
   87.70    163.25
   88.82    126.09
   85.31    128.77
   19.90     71.73
   88.05    158.70
    9.64      3.44
   71.67    117.47
   42.52     29.91
    2.82     79.61
   34.70      4.81
   72.23     35.62
   14.18      4.09
   10.36     11.06
    9.25      5.54
   50.63     30.43
    3.09     22.83
   35.21      5.65
   34.92     62.84
   27.80     37.16
   56.05     50.59
  121.61     96.19
   34.16     38.45
   95.75    128.77
   98.53     57.22
  101.02     65.74
   53.20     47.31
   57.58     31.68
   38.14      9.14
   73.59     39.27
   18.79     19.48
    2.75      3.40
   30.69     23.48
   36.41     22.35
   57.03     43.74
   30.80     38.38
    4.92      2.11
   28.42     18.55
    1.45      2.89
    3.99      3.61
   17.15      2.10
    2.77      2.10
    0.72      0.65
    0.65      1.37
    2.10      1.38
    3.27      2.68
    3.34      6.43
    2.10      2.03
    4.12      2.82
    0.00      2.61
    0.65      0.00
    3.47      2.82
    4.19      1.44
    2.77      2.68
    4.64     20.66
    2.75      4.78
   19.79      4.91
   17.88     16.48
    1.37      2.03
    1.37      2.03
    4.72      4.19
    2.10      2.75
    5.57      2.16
    0.65      3.33
    3.54      1.96
    4.78      4.92
    1.44      0.00
    0.00      5.23
    8.90      9.56
   13.61      9.85
    6.81      8.45
    6.16      7.53
   23.05     20.44
    4.06     21.33
   21.46      4.19
   18.27     36.62
   34.70     36.52
   22.94      2.68
   18.77     20.95
    6.16     33.46
   31.47     32.21
   31.99      2.82
    3.40      4.12
    2.75     18.48
    0.72     16.39
   33.00      3.47
    4.05     17.19
   16.48     18.72
    2.10      1.38
   18.94      4.12
    2.44     16.39
    3.47      2.75
    0.72      1.37
   17.92      1.43
    1.44      1.31
    0.65      3.99
    1.31      1.96
    2.10      2.82
    8.35      4.12
    0.72      0.72
   16.98     27.24
  120.91    190.22
   52.66     78.29
   33.90    154.68
  119.53    168.46
   38.33     52.79
   62.63     67.87
   23.35     14.16
   71.06     30.80
    4.25      2.61
    8.95     13.07
   29.88      4.77
    3.33      2.82
    7.58     16.49
   77.49     74.90
   54.71     27.62
   79.49     74.35
   41.91     70.16
   47.49     69.79
   78.54     78.32
   81.72     58.19
  107.30     97.96
   36.68     37.46
   32.67     49.93
   69.71     11.84
   34.85     36.85
  102.89     68.31
   83.65     97.45
   54.46     69.23
  105.18     49.26
   49.87     44.77
   34.29     33.37
   50.21     25.65
   13.88      5.14
    4.26     17.14
   15.90     17.14
   27.15     24.70
    4.92      2.11
   27.22     28.72
    0.72     16.10
   49.90     13.97
   20.52      4.32
   11.76      2.39
    4.86     17.86
    2.03      2.16
    1.44      0.00
    0.72      0.65
    4.63      4.71
    1.96      5.70
    4.19      1.44
    3.34      2.10
    1.44      2.10
    0.00      2.61
    3.43      2.82
    8.12      7.01
    4.85      4.78
    2.75      2.82
    2.10      1.31
    1.44      1.38
    2.68      4.78
    3.98      2.88
    3.40      5.49
    2.88      1.31
    0.65      3.33
    4.91      3.99
    6.87      4.98
    2.10      0.72
    1.44      1.96
    4.71      7.90
   13.02      8.52
    8.11      9.18
    4.12      4.84
   34.77     36.49
    6.15      6.15
    4.84      4.78
   35.85     53.38
   21.53      6.74
    7.00     18.35
   34.12     21.46
   35.84     46.76
    5.51     35.30
   35.88     33.67
   32.34     32.85
   33.80      4.26
   17.46     18.26
    4.84      2.82
    0.72      2.03
    3.40      3.47
    3.40      2.18
    1.38      0.72
    0.65      1.96
    0.65     19.06
    0.65      0.72
    4.84     17.19
   18.70      1.44
    0.72      1.31
    1.96      2.10
   15.58      4.71
    0.72      1.96
    2.03      3.40
  107.76    127.35
   70.41     84.81
   76.78    186.99
   40.40     85.09
   18.61     95.54
   84.03     62.12
   57.46     78.09
   46.22     63.65
   72.25     58.10
    1.35     12.71
  115.89     65.49
    6.24      6.82
   28.07     64.95
   85.14     38.38
   36.46      6.33
   45.71     64.48
    4.76      2.86
   27.80     36.43
   63.28     62.78
   62.78     11.18
    9.81     39.69
   39.38     48.44
   57.77     42.38
   31.34     39.94
   61.06     49.29
  101.42     82.99
   46.91     21.43
   42.92     63.67
   65.45     15.99
   30.69     41.32
   60.17     44.37
   56.22     83.67
   78.17     35.72
   72.15     38.61
    3.57      2.05
   39.58     30.82
   18.50     18.55
   11.70      3.98
    5.07      1.40
    7.19      4.26
    1.44      0.65
    0.72      1.31
    3.41      2.10
    2.03      2.75
    1.37     15.82
    2.75      2.16
    1.37     14.79
    2.10      2.03
    0.65      2.75
    4.64      2.75
   17.83      5.70
    2.82      0.72
    5.38      4.79
    4.71     10.34
    4.78      4.84
    4.13      2.82
    5.63      3.40
    2.82      2.03
   16.54     17.74
    4.06      2.12
    2.68      2.89
    2.82      3.43
    1.37      1.37
    1.31      4.64
    2.82      4.71
    6.87      4.91
    2.82      2.68
    1.44      1.96
    6.96      6.69
   10.93     24.20
   26.29      9.88
   18.70     20.73
    7.66      4.19
   19.09      4.85
    2.75      6.22
    8.18     33.95
   48.76     24.71
    4.12     34.25
   22.98      4.12
    3.47      3.35
    3.33     32.22
   34.00     23.34
    8.96      5.56
   17.67     19.20
   19.93      4.93
   18.31     16.57
    4.14      4.16
    3.49      2.75
   17.14     18.66
    3.40      2.12
    2.77      1.44
    0.72      0.72
   15.70     19.25
    2.03      2.03
    1.44      0.72
    1.38      2.68
    2.17      0.00
    3.47      1.37
    0.72      0.72
   16.89      5.30
   62.51    144.51
   63.78     27.48
   40.40    215.98
   72.33    131.89
   25.48     80.91
   59.00     65.95
   46.83     60.80
   52.33     57.28
   76.91     54.30
   42.79     40.09
   48.41      3.95
   18.45     13.19
    0.74     11.71
    7.55      0.72
   64.33     48.13
   31.47     11.70
   28.88     49.03
   89.51     39.45
   74.89     54.14
    8.90     27.17
   53.78     43.82
   65.89     50.06
   61.57     36.61
   19.21     35.18
   80.62     25.36
   14.39     32.75
   74.02     25.50
   78.44     36.67
   49.90     28.78
    4.86     10.58
    3.58     18.26
   31.99     25.28
    6.73     37.90
   45.91     45.99
   60.86     15.14
   18.49      4.31
   15.11      6.10
   30.02     24.03
   22.05     20.44
   26.50     30.08
   31.46     16.61
    2.89      0.65
   15.28      2.04
    0.72      0.65
    3.33      2.16
   16.96     16.90
    1.31      1.36
    0.65      2.10
    1.37      0.00
    2.30      1.37
    0.72      0.65
    2.61      4.05
    7.40      7.72
    4.70     22.10
    6.87      2.09
    2.10      4.84
    1.44      1.31
    4.06      4.86
    3.47      4.05
    5.43      2.83
    5.40     20.66
    4.26      4.14
    2.10      0.74
   17.28      3.40
   27.20     23.20
    5.50      3.54
   53.86     41.77
    9.58      7.59
   12.37      5.95
   13.36      7.59
   28.01     26.27
    6.22      8.31
   23.37     20.04
   18.34      5.63
   18.27     20.53
   23.30     19.11
   18.20     50.15
   37.59     38.14
    7.08      3.47
   19.70      4.87
    2.75      1.46
   16.35     21.34
    4.29      3.27
    9.51      9.17
    2.88     31.29
   17.80     19.28
    5.60      6.12
   36.48      4.16
    4.23      4.88
    3.44      3.47
    2.75      3.42
   19.91     18.79
   17.85     16.49
    1.37     15.03
    0.65      3.40
   17.92      2.09
    1.44      1.31
    2.75      1.44
    0.72      0.00
  113.50    158.69
   53.01    107.56
   54.00    199.35
   51.40     71.73
   73.63     96.14
   76.20     90.21
   24.82     37.15
   34.34     21.38
   65.24     23.81
    5.15      5.79
   30.54      6.89
   24.96      5.45
    2.73      2.80
    2.03      2.12
   10.99      4.26
    5.31      5.51
    2.10      3.47
    1.44      0.00
   31.09     24.32
   49.73     32.10
   22.65     38.38
   34.19     56.81
   31.35     39.61
   33.22     55.56
   55.76      8.31
   91.88    145.43
   98.61     37.28
   58.53     72.08
  108.26    100.65
   64.20     69.47
  125.45    103.78
   30.28      5.10
   92.84     48.62
   20.84      8.64
   33.38     28.35
   23.43      9.36
   30.59     38.67
    5.65     21.30
    3.44     18.66
    4.82      4.81
    6.25      4.16
   17.29      4.71
    4.90      4.21
    2.03      1.39
    3.56      2.03
   16.88     46.19
    2.03      2.17
   16.90      2.83
   28.61     22.62
   22.74     15.81
   52.88     51.53
    3.46     15.77
   69.19     40.14
   22.62     21.47
   35.69     15.61
    3.34      4.91
   14.59      4.48
    2.09      2.03
    2.10      2.68
    1.44      1.96
    6.66      7.72
    3.47      3.33
    4.32      2.03
    0.72      1.31
    2.75      4.64
    8.33      4.14
    7.68      4.28
    1.39      1.38
    0.72      1.96
    4.05      6.17
    7.46      7.46
   12.23     11.13
    6.23      8.33
   22.52     37.73
    3.64      3.33
    6.73      6.24
   24.80     22.81
    6.88     19.38
    4.78     24.57
   25.51     20.56
   35.20     21.47
   17.03     45.33
   62.13     35.38
    3.61     32.50
   34.92     19.07
    3.33      4.80
   20.05      2.82
   15.45     17.61
    2.68      2.05
    3.58      4.14
    5.36      7.58
    4.16      4.06
    1.48      4.06
    6.17      2.95
    6.24      2.75
    1.46      2.16
    1.96      2.77
    1.39      2.68
   17.84     32.28
  123.04    198.54
   32.70     38.20
   67.82    190.22
   40.53     69.55
   97.27    147.41
   49.78     87.13
   25.17     27.88
   36.82     31.46
   34.55     28.27
   30.11     12.22
    0.00      1.31
   58.25     43.99
    5.45      4.85
    2.61     28.65
   42.20      8.41
   27.34     31.67
   12.56      7.78
   27.86      4.71
   29.20     21.96
   63.26     46.02
   47.76     34.76
  123.45    114.16
  103.90    105.77
   58.65     48.51
    9.60     24.51
   44.87     24.64
   88.09     82.99
   61.58     17.97
   43.55     58.78
   89.38     94.32
   33.06     66.34
   55.28     75.39
   50.10     43.84
  107.88     90.44
   26.40     32.12
   37.37     47.42
   48.68     48.67
   48.01     11.72
   33.08     17.38
    2.03      2.68
    4.16      3.58
    2.68      3.35
    3.60      3.51
    2.61      4.14
    5.45      5.52
    2.86      5.45
    2.03      2.14
    2.91      1.31
    6.00      2.51
    1.38      2.12
    2.77      0.72
    0.00     17.12
   19.12     17.99
   19.17      6.93
    4.18      2.82
    3.40      2.16
    2.16      3.27
   18.34     20.00
    3.33      3.47
   19.26     17.81
    4.71      0.72
    2.68      7.67
    2.90      3.92
    1.37      1.37
   27.85     23.27
    4.98      4.71
   31.35     31.47
   17.15     14.86
   16.46     13.74
    2.75     18.35
   13.08      4.80
   12.64     11.74
   42.71     23.17
    4.05      9.68
    9.68     19.93
   19.11      4.19
    5.60      6.81
    8.90      8.49
    2.70      4.71
    6.29      8.11
   11.65      9.71
   40.18     39.90
   19.31     32.07
   35.70     37.23
   50.03     35.32
   19.71     32.79
    3.39      4.12
   17.89     30.61
   19.09     20.71
   19.47     16.54
    1.37      1.31
    3.51      2.14
    2.61      4.08
    2.95      3.51
    1.96      4.08
    3.49      3.40
    4.21      2.84
    3.33      3.56
    3.35      5.43
   64.95    107.37
   30.62     42.75
   74.10    195.39
    4.84     91.68
   53.87    130.36
   42.55     57.96
   47.00     13.75
   48.38     68.91
   22.44    105.95
    4.87     11.65
   57.95     52.12
   66.09     47.81
   47.62     35.34
   77.65     18.23
   22.23     13.33
   23.07      4.85
   35.64     18.33
    5.43      4.19
   52.91     43.60
   28.19     22.24
   78.93     61.08
   79.07     70.40
   22.39     37.53
   18.31     68.70
  114.31     45.72
  107.66     80.91
   18.47     51.19
   95.53     29.11
   75.04     29.75
    9.71      4.88
   61.34     51.26
   57.32     70.93
   33.35     57.09
   71.27     53.46
   50.89     70.90
   37.41     22.42
   45.02     34.64
   60.76     19.69
   18.58     34.10
   44.94     12.73
   56.48     31.76
   49.54     50.73
   13.13      3.22
   81.53     78.16
   51.54     45.52
   11.57      4.14
   16.85      5.85
    3.61      4.14
    1.37      1.96
    3.47      2.10
    2.75      2.70
    4.14      3.56
    4.80      2.91
    6.20      6.22
    1.37      2.75
    3.27      3.61
    2.09      3.35
    2.82      0.65
    2.07      2.10
    4.71      6.11
    3.33      4.26
    3.36      5.64
    4.92      4.06
    4.19      1.44
    2.75      4.06
    2.10      3.27
    2.75      4.71
    7.67      3.47
    2.16      2.75
    2.82      3.33
    4.19      1.37
    0.65      3.99
   10.87     10.42
   12.31     10.44
    6.17      6.94
   20.66     20.07
   17.35     18.34
    7.39      8.39
   22.42     35.55
   18.43     22.65
   19.06     20.80
   40.90     11.15
   24.90     34.29
    4.78     17.97
    8.21     22.04
   32.68      8.27
    7.70      4.78
   18.59     18.00
   33.35     33.32
    2.03     32.86
   20.48      6.92
    5.75     15.82
    2.82     16.40
    2.79      1.48
   33.02      5.44
    3.68      2.20
    2.03      4.08
   17.57     16.05
    2.11      4.07
   74.82    100.63
   49.03     69.44
   94.32    132.96
   22.86    135.36
   29.82    108.09
   37.50    103.92
   76.39     39.22
   31.47     65.39
   72.22     62.31
   70.17     97.30
   46.63     39.50
   67.03     43.11
   28.69     57.76
   32.89     15.26
   37.71     36.95
   49.75      4.95
   26.76     28.44
    6.33     14.16
   13.00     20.26
    2.75      2.17
   51.25     35.78
   29.81     24.57
   48.74      6.90
   34.70     52.65
    6.22     32.02
   78.95     20.64
   24.68     38.55
   30.50     46.47
   29.02     28.67
   71.50     76.82
   55.06     24.23
   56.52     66.53
   90.75     55.99
   64.03     72.04
   43.25     26.82
   27.80     39.99
  104.13     23.65
   12.33     30.85
   49.50     10.12
   54.86     22.92
   30.26     36.55
   39.30      7.80
   65.05     59.23
    1.46      1.31
   28.57     28.90
   32.23     23.81
   17.71     20.43
   24.60      3.76
   32.09      4.29
    4.96      3.42
   15.01     18.00
    2.03      3.40
    4.87      3.40
    8.82      7.07
    3.54      2.75
    5.30      3.63
    1.44      4.06
    3.42      2.79
   27.15     22.74
    1.46      1.96
   28.53     41.81
   31.30     32.75
    3.27      7.61
   27.57      1.31
    3.49      2.75
    6.38      4.87
    2.75      3.33
    6.81      8.95
    6.29      4.86
    1.44      1.96
    6.21     19.16
    5.13      2.82
    0.72      3.92
    9.55      7.59
   11.58      7.68
    4.85      8.38
    5.50      5.43
    5.43      4.86
    5.45      6.22
    6.82      5.72
   17.90     21.02
   21.93     24.10
   11.65     27.44
   22.81     20.29
   23.14     20.67
    5.43      4.93
   48.56     51.89
    9.01      6.82
    9.11     33.70
   16.12     17.55
   16.96      1.46
   47.90     52.82
   21.47      7.14
    9.81      2.12
    2.18      2.03
    3.44     17.66
    0.65      2.61
    2.70      4.25
   17.60     17.75
    2.90      0.78
    1.99      0.00
   14.80      0.00
    0.00      0.00
    0.00      0.00
    0.00      0.00
    0.00      0.00
    0.00      0.00
    0.00      0.00
    0.00      0.00
    0.00      0.00
    0.00      0.00
    0.00      0.00
    0.00      0.00
    0.00      0.00
    0.00      0.00
    0.00      0.00
    0.00      0.00
    0.00      0.00
    0.41      0.41
    0.00      0.00
    0.00      0.00
    0.00      0.00
    0.00      0.00
    0.00      0.00
    0.00      0.00
    0.00      0.00
    0.00      0.00
    0.00      0.00
    0.00      0.00
    0.00      0.00
    0.00      0.00
    0.00      0.00
    0.00      0.00
    0.00      0.00
    0.00      0.00
    0.00      0.00
    0.00      0.00
    0.00      0.00
