      h_eth1      
 KB/s in  KB/s out
    0.00      0.00
    0.00      0.00
    0.00      0.00
    0.67      0.00
    0.00      0.00
    0.00      0.00
    0.00      0.00
    0.00      0.00
    0.00      0.00
    0.00      0.00
    0.00      0.00
    0.00      0.00
    0.00      0.00
    0.00      0.00
    0.00      0.00
    0.00      0.00
    0.00      0.00
    0.00      0.00
    0.00      0.00
    0.00      0.00
    0.00      0.00
    0.00      0.00
    0.00      0.00
    0.00      0.00
    0.00      0.00
    0.00      0.00
    0.00      0.00
    0.00      0.00
    0.00      0.00
    0.00      0.00
    0.00      0.00
    0.00      0.00
    0.00      0.00
    0.00      0.00
    0.00      0.00
    0.00      0.00
    0.00      0.00
    0.00      0.00
    0.00      0.00
    0.00      0.00
    0.00      0.00
    0.00      0.00
    0.00      0.00
    0.00      0.00
    0.00      0.00
    0.00      0.00
    0.00      0.00
    0.00      0.00
    0.00      0.00
    0.00      0.00
    0.00      0.00
    0.00      0.00
    0.00      0.00
    0.00      0.00
    0.00      0.00
    0.00      0.00
    0.00      0.00
    0.00      0.00
    0.00      0.00
    0.00      0.00
    0.00      0.00
    0.00      0.00
    0.00      0.00
    0.00      0.00
    0.00      0.00
    0.00      0.00
    0.00      0.00
    0.00      0.00
    0.00      0.00
    0.00      0.00
    0.00      0.00
    0.00      0.00
    0.00      0.00
    0.00      0.00
    0.00      0.00
    0.00      0.00
    0.00      0.00
    0.00      0.00
    0.00      0.00
    0.00      0.00
    0.00      0.00
    0.00      0.00
    0.00      0.00
    0.00      0.00
    2.05      0.00
    0.00      0.00
    0.00      0.00
    0.00      0.00
    0.00      0.00
    0.00      0.00
    0.00      0.00
    0.00      0.00
    0.00      0.00
    0.00      0.00
    0.00      0.00
    0.00      0.00
    0.00      0.00
    0.00      0.00
    0.00      0.00
    0.00      0.00
    0.00      0.00
    0.00      0.00
    0.00      0.00
    0.00      0.00
    0.00      0.00
    0.00      0.00
    0.00      0.00
    0.00      0.00
    0.00      0.00
    0.00      0.00
    0.00      0.00
    0.41     26.16
    0.00      0.00
    0.00     25.76
    0.00      0.00
   21.26     27.29
    1.62      0.00
    0.00      0.00
   45.28      3.03
    6.11      0.72
    0.00      0.00
    0.72      1.11
    0.00      0.00
  197.55    271.72
  276.47    167.82
  238.34    218.13
  103.93     83.22
   80.54     77.99
  147.83    104.33
   38.13     11.18
   27.67      1.45
    0.72      0.72
    0.00      0.00
    0.00      0.00
    0.00      0.00
    0.00      0.00
    0.00      0.00
    0.00      0.00
    0.00      0.00
    0.00      0.00
    0.00      0.00
    0.00      0.00
    0.00      0.00
    0.00      0.00
    0.00      0.00
    0.00      0.00
    0.00      0.00
    0.00      0.00
    0.00      0.00
    0.00      0.00
    0.00      0.00
    0.00      0.00
    0.00      0.00
    0.00      0.00
    0.00      0.00
    0.00      0.00
    0.00      0.00
    0.00      0.00
    0.00      0.00
    0.00      0.00
    0.00      0.00
    0.00      0.00
    0.00      0.00
    0.00      0.00
    0.00      0.00
    0.00      0.00
    0.41      0.41
    0.00      0.00
    0.00      0.00
    0.00      0.00
    0.00      0.00
    0.00      0.00
    0.00      0.00
    0.00     14.36
    0.00     14.37
   28.12     15.80
   30.89     30.97
    0.72      0.00
   14.41      0.72
   14.36     15.16
    0.00     43.09
    0.72      0.00
   28.84      0.00
   15.07      2.15
    0.00      0.00
    0.00      0.00
    0.00      0.00
    0.00      0.00
    0.00      0.00
    0.00      0.00
    0.00      0.00
    0.00      0.00
    0.00      0.00
    0.00      0.00
    0.00      0.00
    0.00      0.00
    0.00      0.00
    0.00      0.00
    0.00      0.00
    0.00      0.00
    0.00      0.00
    0.00      0.00
    0.00      0.00
    0.00      0.00
    0.00      0.00
    0.00      0.00
    0.00      0.00
    0.00      0.00
    0.00      0.00
    0.00      0.00
    0.41      0.00
    0.00      0.00
    0.00      0.00
    0.00      0.00
    0.00      0.00
    0.00      0.00
    0.00      0.00
    0.00      0.00
    0.00      0.00
    0.00      0.00
    0.00      0.00
   12.88      0.81
  201.43    262.68
  194.72    218.71
  264.77    363.43
  279.33    255.49
  118.73     95.02
  289.33    177.53
  151.80     58.22
   89.69     12.50
   43.95     16.31
    0.71      0.00
    0.72     29.57
    0.00     14.78
    0.00      0.00
   45.20      2.15
    0.00      0.00
    0.00      0.00
    0.00      0.00
    0.00      0.00
    0.00      0.00
    0.00      0.00
    0.00      0.00
    0.00      0.00
    0.00      0.00
    0.00      0.00
    0.00      0.00
    0.68      0.00
    0.00      0.00
    0.00      0.00
    0.00      0.00
    0.00      0.00
    0.00      0.00
    0.00      0.00
    0.00      0.00
    0.00      0.00
    0.00      0.00
    0.00      0.00
    0.00      0.00
    0.00      0.00
    0.00      0.00
    0.00      0.00
    0.00      0.00
    0.00      0.00
    0.00      0.00
    0.00      0.00
    0.00      0.00
    0.00      0.00
    0.00      0.00
    0.00      0.00
    0.00      0.00
    0.00      0.00
    0.00      0.00
    0.00      0.00
   15.10     15.73
   45.25     31.50
    0.00     15.00
    0.00     14.99
   45.02     30.84
   44.59     46.57
   45.17     46.05
    1.43     14.37
   48.07     17.94
    1.43      0.00
    0.72     29.98
    0.00     14.99
    0.00      0.00
   46.53      2.15
    1.40      0.00
    0.00      0.00
    0.00      0.00
    0.00      0.00
    0.00      0.00
    0.00      0.00
    0.00      0.00
    0.00      0.00
    0.00      0.00
    0.00      0.00
    0.00      0.00
    0.00      0.00
    0.00      0.00
    0.00      0.00
    0.00      0.00
    0.00      0.00
    0.00      0.00
    0.00      0.00
    0.00      0.00
    0.00      0.00
    0.00      0.00
    0.00      0.00
    0.00      0.00
    0.00      0.00
    0.00      0.00
    0.00      0.00
    0.00      0.00
    0.00      0.00
    0.00      0.00
    0.00      0.00
    0.00      0.00
    0.00      0.00
    0.00      0.00
   62.37     17.46
  131.05    258.70
  236.38    213.07
  333.56    226.04
  228.76    249.67
  241.28    111.20
  211.90    113.26
   63.01     55.59
   74.81     42.58
   38.64     38.35
   30.63     37.97
   46.64     47.35
   38.20     32.84
   32.60      2.90
    4.44      0.72
    0.71      0.00
    0.00     45.31
    0.00      0.00
   30.31      1.44
   16.54      0.71
    0.00      0.00
    0.00      0.00
    0.00      0.00
    0.00      0.00
    0.00      0.00
    0.00      0.00
    0.00      0.00
    0.00      0.00
    0.00      0.00
    0.00      0.00
    0.00      0.00
    0.00      0.00
    0.00      0.00
    0.00      0.00
    0.00      0.00
    0.00      0.00
    0.00      0.00
    0.00      0.00
    0.00      0.00
    0.00      0.00
    0.00      0.00
    0.00      0.00
    0.00      0.00
    0.00      0.00
    0.00      0.00
    0.00      0.00
    0.00      0.00
    0.00      0.00
    0.00      0.00
    0.00      0.00
    0.00      0.00
    0.00      0.00
    0.00      0.00
    0.72      0.65
   14.37     30.08
   30.87     44.53
   30.19     15.90
   29.53     29.53
   43.85     44.61
   17.83      2.15
   15.03      2.13
   17.88     15.71
    0.72     15.00
   31.44     60.15
   16.38     31.43
   32.16      2.17
   17.87      0.71
   16.47      2.20
    0.72      1.31
    0.00      0.65
    1.37      0.00
    1.37      1.44
    0.72      0.00
    0.00      0.00
    0.00      0.00
    0.00      0.00
    0.00      0.00
    0.00      0.00
    0.00      0.00
    0.00      0.00
    0.00      0.00
    0.00      0.00
    0.00      0.00
    0.00      0.00
    0.00      0.00
    0.00      0.00
    0.00      0.00
    0.00      0.00
    0.00      0.00
    0.00      0.00
    0.00      0.00
    0.00      0.00
    0.00      0.00
    0.00      0.00
    0.00      0.00
    0.00      0.00
    0.00      0.00
    0.00      0.00
    0.00      0.00
    0.00      0.00
   61.09      2.32
  175.63    262.58
  262.09    217.69
  137.26    115.18
  181.89    133.49
  229.80    232.54
   95.64    108.15
   89.71     27.38
  128.30    118.15
    0.00     16.10
   65.95     27.25
   45.14     31.18
    2.47      0.72
   17.99     15.16
    0.00      0.65
   15.82     16.55
   30.90     61.14
   15.84     15.83
   18.78      1.44
   15.91      0.72
    1.31     16.24
    0.72      0.00
    0.00      0.65
    0.65      0.00
   15.59      0.72
    0.72      0.72
    0.00      0.00
    0.00      0.00
    0.00      0.00
    0.00      0.00
    0.00      0.00
    0.00      0.00
    0.00      0.00
    0.00      0.00
    0.00      0.00
    0.00      0.00
    0.00      0.00
    0.00      0.00
    0.00      0.00
    0.00      0.00
    0.00      0.00
    0.00      0.00
    0.00      0.00
    0.00      0.00
    0.00      0.00
    0.00      0.00
    0.00      0.00
    0.00      0.00
    0.00      0.00
    0.00      0.00
    0.00      0.00
    0.00      0.00
    0.00      0.00
    0.72     15.03
   29.54     43.17
   15.83     31.58
   60.51     17.96
    1.44     43.78
   15.72     31.44
   77.35     32.29
   17.29      3.53
    1.37      0.65
    1.44     15.72
   74.48     60.29
    2.14      0.71
    3.54      0.72
    1.37      0.72
    0.00      0.00
    1.31      3.40
    0.65      1.37
    1.37      2.68
    2.16      0.00
    1.37      0.72
    1.44      0.00
    0.00     15.65
    0.00      0.00
    0.65      0.72
    0.72      0.00
   15.06      0.00
    0.00      0.72
    0.00      0.00
    0.00      0.00
    0.00      0.00
    0.00      0.00
    0.00      0.00
    0.00      0.00
    0.00      0.00
    0.00      0.00
    0.00      0.00
    0.41      0.00
    0.00      0.00
    0.00      0.00
    0.00      0.00
    0.00      0.00
    0.00      0.00
    0.00      0.00
    0.00      0.00
    0.00      0.00
    0.00      0.00
    0.00      0.00
   85.60    123.70
  112.23     89.57
  185.51    137.16
  181.75    148.16
  151.48    112.39
  195.17    259.25
  199.43    160.52
  105.65     79.38
  158.12     45.64
   24.41     61.93
   18.85     16.25
   63.53     32.52
   32.56      2.09
    3.16      1.85
    0.00     15.77
   59.46     59.64
   16.48      3.55
    1.43      0.00
    2.88      0.65
    0.00      0.00
    1.37      0.65
    1.31      3.47
    1.96      0.72
    1.44      2.09
    1.37      0.00
    0.72      0.72
    0.00      0.00
    0.00      0.65
    0.00     15.11
    1.38      0.72
    0.73      0.00
   15.18      0.72
    0.00      0.00
    0.00      0.00
    0.00      0.00
    0.00      0.00
    0.00      0.00
    0.00      0.00
    0.00      0.00
    0.00      0.00
    0.00      0.00
    0.00      0.00
    0.00      0.00
    0.00      0.00
    0.00      0.00
    0.00      0.00
    0.00      0.00
    0.00      0.00
    0.00      0.00
    0.00      0.00
    0.00      0.00
    0.00      0.00
    0.00      0.00
    0.72      0.65
    0.00     57.49
   61.16     33.54
   45.99     31.53
   30.17     32.25
   45.87     60.18
   17.12     33.09
   32.32     16.44
    1.38      2.75
   17.82     32.08
    1.37      1.37
   34.28      2.89
    1.45      0.00
    0.65      0.72
   16.96     16.43
    1.31      2.10
    1.44      1.44
    1.37      1.37
    0.00      0.00
    0.00      1.31
    1.37      1.31
    1.37      2.10
    1.37      1.37
    2.16      0.00
    0.65      0.00
    0.72      0.72
    0.00      0.65
    0.00      0.00
    0.65      1.37
    0.72      0.00
    0.00      0.00
    0.00      0.00
    0.72      0.00
    0.00      0.00
    0.00      0.00
    0.00      0.00
    0.00      0.00
    0.00      0.00
    0.00      0.00
    0.00      0.00
    0.00      0.00
    0.00      0.00
    0.00      0.00
    0.00      0.00
    0.00      0.00
    0.00      0.00
    0.00      0.00
   71.36     75.15
   77.33     42.40
  209.67    250.42
  154.71    142.27
  132.66     71.26
  135.95    224.07
  167.79    173.82
  123.17     94.20
  179.95    156.71
   95.98     47.32
   63.38     43.90
   50.36     32.45
   21.59     18.64
   18.00      1.36
    3.55     31.58
    2.10      0.72
   15.88      0.65
   15.82      4.13
    0.72      0.00
   15.82     15.81
    1.44      1.31
    1.31      1.44
    2.16      0.00
    1.37      0.72
    1.31      0.72
    0.00      1.37
    1.31      2.03
    0.00      0.72
    2.10      1.37
    0.72      0.00
    0.65      0.00
    0.72      0.72
    0.00      0.65
    0.00      0.00
    1.37      0.72
    0.65      1.37
    0.00      0.00
    0.00      0.00
    0.00      0.00
    0.00      0.00
    0.72      0.00
    0.00      0.00
    0.00      0.00
    0.00      0.00
    0.00      0.00
    0.00      0.00
    0.00      0.00
    0.00      0.00
    0.00      0.00
    0.00      0.00
    0.00      0.00
    0.00      0.00
    0.00      0.00
    0.72      0.65
   14.38     29.46
   15.88      2.03
   44.62     89.63
   49.39     32.78
   31.53     19.91
   17.16     17.82
   16.47     30.09
   30.89     18.53
    1.39     15.75
   17.08      2.83
   46.52     33.52
   16.46     17.26
    2.82      1.37
    2.09      0.65
    0.72      0.72
    4.05      1.44
    0.00      1.44
    0.65      0.72
    0.65      2.03
    0.65      0.65
    1.37      2.75
    1.44      0.00
    0.72      0.00
    0.72      0.00
    0.65      2.03
    0.65      1.37
    0.65      0.72
    2.16      0.65
    0.00      0.00
    0.72      0.00
    0.00      0.65
    0.00      0.00
    0.65      0.72
    0.72      0.00
    0.65      0.00
    0.00      0.72
    0.00      0.00
    0.00      0.00
    0.00      0.00
    0.00      0.00
    0.00      0.00
    0.00      0.00
    0.00      0.00
    0.00      0.00
    0.00      0.00
   30.84     51.68
   40.16     21.11
   82.79     64.17
  153.71    181.64
  134.08    104.33
  201.19    212.40
  109.51     54.06
  241.71    248.99
   93.17     82.17
  221.59    157.87
   40.74     57.32
   67.24     25.02
   28.48     35.37
   17.77      1.37
   16.16     17.20
   16.55     17.62
    2.10      1.37
   30.72     32.31
   18.51     17.70
   15.58      1.44
    2.82      3.33
    1.44      0.00
    0.00      0.65
    3.23      1.78
    0.74      0.00
    1.44      0.65
    0.65      1.37
    1.96      2.16
    2.09      0.72
    0.00      0.00
    0.00      0.00
    0.00      0.00
    1.31      2.68
    0.65      1.44
    2.09      0.72
    0.72      0.00
    0.00      0.00
    0.00      0.00
    0.00      0.65
    0.00      0.65
    0.65      0.72
    0.72      0.00
    0.00      0.00
    0.72      0.00
    0.00      0.00
    0.00      0.00
    0.00      0.00
    0.00      0.00
    0.00      0.00
    0.00      0.00
    0.00      0.00
    0.00      0.00
    0.00      0.00
    0.00      0.65
    0.72      0.00
   14.37      0.00
   14.37     59.51
   63.15     46.72
   33.76     32.11
   17.09     19.76
   46.61     30.86
   15.91     15.10
   17.12     33.65
   17.20     31.45
   20.05     17.75
   31.44      3.62
    1.44      1.31
    2.03     16.44
    0.72      0.65
   15.00      2.76
    6.16      3.54
    0.65      1.44
    1.44      0.00
   16.30     17.88
    0.65      0.72
    1.31      1.44
    0.72      0.65
    0.74      1.31
    0.72      1.31
    1.37      0.72
    1.37      0.72
    1.44      0.00
    0.00      0.00
    0.00      0.00
    0.65      1.96
    1.30      2.09
    0.72      0.72
    2.16      0.00
    0.00      0.00
    0.41      0.00
    0.00      0.00
    0.00      0.65
    1.30      0.72
    0.72      0.72
    0.00      0.00
    0.00      0.00
    0.00      0.00
    0.00      0.00
    0.00      0.00
    0.00      0.00
   89.70     80.33
   12.90     47.87
   99.50    148.03
  163.99    191.72
  118.61    166.12
  271.20    276.70
   94.35     57.78
  127.17    141.91
  201.37    156.94
   31.11      5.13
  264.12    209.50
   46.47     37.62
   90.87     44.16
   18.32     18.23
   17.61     47.58
   19.42     31.58
   19.06      2.90
   31.64      4.20
    0.72      0.00
    2.09      0.72
    0.00     17.71
    1.38      1.38
   19.94      4.93
    1.44      0.65
    0.00      0.65
    1.44      0.65
    0.72      0.65
   16.55     16.56
    2.03      1.44
    0.65      0.72
    0.65      1.37
    0.71      0.65
    1.30      1.44
    1.44      0.00
    0.00      0.00
    0.00      0.00
    0.65      1.37
    1.31      2.03
    0.65      1.44
    0.72      0.00
    1.44      0.00
    0.00      0.00
    0.00      0.65
    0.00      0.65
    0.00      0.00
    1.31      1.44
    1.44      0.00
    0.00      0.00
    0.00      0.00
    0.00      0.00
    0.00      0.00
    0.00      0.00
    0.00      0.00
    0.72      0.65
    0.00      0.00
    0.00     14.37
   14.43     29.39
    1.44      1.37
   62.44     62.86
   32.73     62.87
   62.42     21.38
   23.29     32.58
   16.54     15.81
   16.45      1.37
   17.05     17.90
   32.14     32.86
   17.02     34.18
    4.98      1.37
   17.22      1.37
    1.31      2.09
    0.00      0.00
    2.75      1.37
    1.37      3.40
    1.96      2.09
    2.09      1.44
    2.68      2.16
    1.37      0.00
    0.65      1.44
    0.00      1.30
    0.00      0.65
    0.65      0.65
    2.16      1.37
    1.37      0.72
    0.00      1.31
    0.65      0.72
    2.09      0.72
    0.72      0.65
    0.00      0.00
    0.72      0.00
    0.00      0.65
    1.96      3.47
    0.72      0.00
    1.44      0.00
    0.00      0.00
    0.00      0.00
    0.00      0.00
    0.00      1.30
    0.00      0.00
    1.37      0.72
    0.65      0.72
   72.09     74.36
    0.00      0.00
  118.30     76.70
  132.81    207.69
  180.58    125.66
  109.02    137.52
  170.05    190.76
  114.34     62.78
  187.80    179.36
  102.44     69.31
   91.20    112.12
  160.26     99.72
   47.22     18.49
   44.72     20.30
   32.07     15.51
    3.47      2.82
   31.35     32.05
   18.59     17.27
   17.87     33.77
    2.17      0.00
   17.36      0.72
    0.00      1.96
    1.30      2.02
    3.54      1.44
    1.37      2.03
    1.31      3.40
    1.37      1.37
    2.89      0.65
    0.00      0.00
    1.44      0.00
    0.65      1.37
    0.65      0.72
    1.06      1.13
    1.37      0.72
    0.00      0.00
    0.00      1.96
    1.31      0.72
    1.31      1.44
    2.16      0.72
    0.00      0.00
    0.00      0.00
    0.00      0.65
    1.31      1.31
    1.37      2.16
    0.00      0.00
    1.44      0.00
    0.00      0.00
    0.00      0.00
    0.00      0.65
    0.00      0.00
    0.65      1.37
    1.37      0.00
    0.00      0.72
    0.72      0.65
    0.72      0.00
   14.37     14.43
    0.00     29.39
   31.75     16.36
   30.07     60.78
   32.85     49.10
   30.92      3.33
   21.22      4.92
   20.60      4.91
   16.52     75.88
   31.29     18.45
   49.36      5.71
   19.27     16.44
    3.47      3.47
    1.31      2.75
   18.52     15.70
    2.03      2.75
    0.72      0.72
    2.09      0.00
    1.37      3.40
    2.68      2.09
    1.37      2.09
    1.44      0.65
    2.61      3.54
    2.75      1.44
    0.65      0.72
    0.72      0.65
    0.00      0.65
    0.00      0.65
    1.44      0.65
    0.72      0.00
    0.65      0.00
    0.72      0.72
    0.00      0.65
    1.71      2.02
    0.65      0.72
    2.81      1.44
    0.00      0.00
    0.00      0.00
    0.00      0.65
    0.00      0.00
    1.96      3.47
    0.72      0.00
    1.44      0.00
    0.00      0.00
   15.61     26.51
   68.14     28.64
   22.79     80.38
   93.06    121.16
   72.65    105.83
  160.99    177.89
  122.87    103.18
  153.70    115.39
   97.65    109.59
   70.44     44.85
  124.79     49.46
   43.37     69.06
   25.75      5.61
   79.57     49.37
   32.15     17.32
   41.20     33.24
    0.72     32.23
   32.61     31.78
   65.08     22.04
    4.11      3.54
   20.01     17.32
    0.73      0.65
   15.82     15.16
   79.41     50.80
   31.60     31.94
    0.00      2.02
    4.19      2.09
    2.75      2.75
    2.03      2.61
    0.00      2.09
    3.54      2.03
    2.96      0.00
    1.44      0.72
    1.37      0.72
    0.65      0.72
    0.65      0.72
    0.00      0.00
    0.00      0.65
    0.00      0.00
    1.37      1.37
    0.00      0.00
    0.00      1.96
    1.37      0.72
    2.03      0.72
    1.44      0.72
    0.00      0.00
    0.00      0.65
    0.00      0.00
    1.37      1.31
    1.31      2.16
    0.00      0.00
    1.44      0.00
    0.00      0.00
    0.00      0.00
    0.72      1.31
    0.00      0.00
    0.65      0.72
   14.44     28.74
   15.75     19.22
   46.62     77.99
   49.68     33.60
   36.52     33.01
   33.79     19.04
   17.22      3.40
   17.71     32.18
   19.18     35.00
    2.03      1.44
   33.69      4.12
    1.37      3.40
   17.76     32.83
    3.98      5.49
   20.78      2.16
    2.09      0.72
    1.37      0.72
    2.02     15.82
    0.65      1.37
    1.96      4.12
    0.65      1.37
    2.88      1.37
    2.10      0.72
    1.96      2.75
    1.96      2.82
    2.76      2.16
    0.65      1.31
    0.72      1.37
    0.72      0.65
    1.44      0.00
    0.72      0.00
    0.00      0.00
    0.00      0.65
    0.00      0.00
    0.65      0.00
    1.37      2.10
    0.00      0.65
    0.65      1.31
    0.65      0.72
    2.84      1.44
    0.72      0.00
    0.00      0.65
    0.00      0.00
   70.01     74.30
   43.13     48.16
   31.15     80.23
  108.24    187.46
  131.58    115.69
  126.00    186.04
  111.95    124.46
  212.17    158.44
  160.40    161.65
  167.34    139.79
  197.52    165.04
  147.90     53.17
   90.57     53.08
   29.40     18.57
   37.74      5.64
   17.48     17.60
    3.47     32.00
   33.50     19.23
    3.39      4.26
   18.00      3.40
    2.03      2.68
   19.23     33.82
   15.83      1.37
    4.12      3.46
    2.88      0.65
    0.00      0.65
    1.44      0.65
    0.72      0.65
    3.33      3.40
    1.37      3.47
    2.10      1.31
    1.44      2.03
    1.44      1.31
    2.10      0.72
    3.47      1.44
    0.65      1.37
    1.31      1.44
    0.65      0.72
    0.72      0.00
    0.00      0.00
    0.00      0.00
    0.00      0.65
    0.41      0.41
    0.00      0.00
    1.37      0.72
    0.00      1.31
    1.31      2.75
    0.00      0.00
    2.75      1.44
    0.72      0.00
    1.37      0.72
    0.00      0.00
    0.00      0.00
    0.72      1.96
    1.31      1.44
    0.72      0.65
    0.72      0.00
    0.00      0.65
    2.12     30.14
   45.20     34.89
   33.85     32.96
   20.81     19.16
   20.56     92.26
   59.97     20.08
   37.96     49.89
   49.30      5.79
   32.93     18.48
    2.68     17.82
    2.82      3.99
   18.47      4.91
    5.49      2.82
    2.10      3.41
    2.82      1.37
    3.47      2.68
    1.96      2.16
    1.31      2.17
    4.12      2.10
    0.00      0.72
    0.65      1.37
    1.37      0.65
    2.03      2.03
    1.37      2.82
    3.33      2.16
    2.75      2.09
    0.00      2.03
    1.37      1.37
    0.00      0.65
    2.10      2.03
    2.51      0.72
    0.72      0.00
    0.72      0.00
    0.00      0.00
    0.00      0.00
    0.00      0.00
    0.00      0.65
    0.00      0.00
    0.65      0.72
    0.72      0.65
    0.65      0.65
    0.64      2.07
   91.09    107.46
   14.34     21.99
   97.61    207.52
  110.01     81.82
   70.01    115.40
  108.03    124.97
   98.72     53.53
  150.36    179.32
  126.59     63.31
  162.66     57.92
   54.09     56.96
   69.92     83.44
   56.20     23.98
   45.68     29.40
   19.65     81.42
   51.29     80.29
   60.77     25.45
   52.17      7.04
   84.96     53.80
    2.89     18.57
   18.56      5.49
    4.12      2.03
    3.40      2.16
    2.03      4.85
    2.88      1.31
    0.72      1.31
    1.44      1.96
   50.66     36.95
    4.91      1.44
    0.72      0.00
    0.00      1.31
    2.03      1.44
    1.52      2.61
    1.37      4.06
    2.10      0.72
    3.61      0.65
    0.72      1.31
    2.03      1.44
    0.65      0.72
    1.37      1.37
    1.37      0.72
    0.00      0.00
    0.72      0.00
    0.00      0.00
    0.00      0.00
    0.00      0.00
    0.00      0.65
    0.00      0.00
    0.00      0.00
    1.37      1.37
    0.65      0.65
    0.65      2.09
    1.37      0.72
    2.82      1.37
    0.00      0.00
    0.00      0.00
    0.00      0.00
    0.00     15.03
   15.10     17.80
   18.58     46.57
   47.16     17.83
   18.70     20.50
   32.22     47.20
   17.79     48.38
   46.60      4.26
   20.66     21.17
    6.15     18.54
    2.88     18.33
   48.52     49.37
   35.03      7.02
    4.18      3.47
   19.82      4.77
    2.75      4.12
    3.54      1.44
    3.47      2.75
    2.68      0.72
    0.65      2.16
   15.17     15.11
    1.31      4.05
    1.31      0.72
    2.68      2.16
    2.16      2.03
    1.37      0.72
    0.65      0.72
    2.03      2.10
    1.96      3.47
    1.96      2.16
    2.10      1.37
    0.72      0.65
    1.31      2.10
    1.44      0.00
    0.72      0.00
    0.00      0.65
    0.65      0.72
    0.72      0.00
    0.00      0.00
    0.00      0.00
    0.00      0.00
    0.00      0.00
   30.52     27.33
   82.77    102.29
   55.27     67.48
   62.22    133.36
   89.11     84.89
  121.13     89.01
   30.23     51.34
   76.29    104.65
  129.07     79.07
   96.78    108.03
  112.99    119.58
  165.73    214.77
  212.73    129.07
  173.61    181.46
   90.01     34.01
   84.75     59.66
   26.62     15.38
   18.42     34.37
   16.94      4.84
   20.81     17.93
   18.91     36.46
   19.81     49.57
   35.19      6.94
    8.39      3.54
   34.13      4.91
    4.12      2.82
    0.65      3.33
    1.44      0.00
   16.29     16.82
    0.72      0.65
    0.65      1.37
    2.16      0.65
    0.72      1.96
    1.96      2.75
    4.84      2.88
    0.72      1.96
    0.72      1.31
    0.72      0.65
    2.82      1.37
    2.75      1.37
    1.37      2.03
    0.65      1.44
    2.10      0.72
    1.37      0.72
    0.00      0.00
    0.00      0.65
    0.65      0.72
    0.72      0.00
    0.00      0.00
    0.00      0.00
    0.00      0.00
    0.00      0.00
    0.00      1.31
    0.41      0.41
    1.37      1.37
    2.03      2.09
    1.37      0.00
    0.72      1.37
    0.65     14.38
    0.72     30.78
   30.90      3.55
   18.57     62.13
   34.48     19.90
   46.07     32.80
   17.15     33.37
   49.23     52.14
   19.93      4.92
   35.24      4.20
   18.51     32.28
    2.75      4.12
   33.60     19.12
    2.03      3.47
    4.84      6.73
    7.52      7.66
    5.57     19.07
    6.15      6.29
   16.51      0.00
    5.65      1.39
   17.74     33.06
    0.72      0.72
    0.65      0.00
    0.65      2.10
    1.31      0.73
    0.72      1.37
    0.00      3.26
    3.33      1.44
    2.03      2.88
    4.19      1.44
    1.31      2.10
    1.71      1.37
    0.00      1.37
    2.75      2.03
    0.65      2.10
    1.44      0.65
    1.44      0.00
    0.65      0.72
    0.72      0.00
    0.00      0.65
    0.00      0.00
    1.37      0.72
   14.78      0.71
   29.26     51.74
   14.32      0.74
   58.42    106.32
    0.65     22.08
   58.89     86.00
   75.92     84.08
  132.96    114.49
   65.52     25.67
  157.54    181.66
  181.61    128.98
  176.21    174.10
   40.75    144.16
  165.13     64.27
  126.57     31.53
    2.75     18.51
   21.68     21.74
   66.65     66.65
    2.03      4.19
   20.47      2.08
   17.73     47.05
   31.26      4.27
   20.10      5.29
   60.52     40.88
   37.02     28.34
    6.80      5.63
   75.18     64.94
    3.33     20.22
   28.34      5.78
    0.72      0.72
    4.27      2.04
   16.76      1.37
    0.72      0.00
    2.10      1.39
    0.65      0.00
    0.00      2.03
    2.75      3.40
    0.00      2.61
    3.40      3.47
    2.10      1.37
    4.26      0.72
    1.44      1.31
    1.31      0.00
    1.37      2.16
    2.68      2.09
    0.00      0.72
    0.00      0.65
    1.37      0.72
    0.00      0.00
    0.00      0.65
    0.72      0.00
    0.65      0.72
    0.72      0.00
    0.00      0.65
    0.72      0.00
    0.00      0.65
    0.65      0.72
    0.65      0.72
    0.00      0.65
   15.09     17.04
    4.91      1.44
    2.03     60.73
   48.22      5.56
   30.89     18.65
    3.49     63.39
   34.40     32.73
   77.99     22.79
    7.00     19.04
   20.61     17.72
   18.41     20.49
    5.50     19.99
   18.63      2.11
   17.81     19.05
   32.53     19.94
    6.88      6.22
    6.22      5.50
    3.47      5.43
    4.85      2.75
   19.78     18.92
    4.12      1.36
    3.99      4.98
    2.16      1.37
    0.65      0.72
    1.37      1.37
    0.65      0.72
    2.10      0.72
    0.00      1.96
    1.96      0.00
    1.46      2.81
    2.44      2.03
    2.61      4.19
    3.33      2.89
    2.15      1.37
    0.72      1.31
    0.65      1.31
    2.16      0.72
    1.44      0.00
    0.65      1.37
    0.00      0.00
    1.29      0.68
   56.02     72.91
   50.13     66.32
   43.71     77.03
   54.01     82.08
   29.32     65.55
   59.98     79.55
   95.29    161.11
   93.10     86.05
  118.11     94.29
  167.09    142.88
  115.33    102.17
   92.62    130.57
  112.88     91.21
  143.18    118.84
  131.80     50.88
   92.81     92.09
   34.43     35.13
   90.25     56.10
    8.98      7.08
   19.23     19.22
   36.60     18.70
    2.88     34.25
   19.03     17.66
   16.45      4.04
   22.76     22.64
    4.77      5.50
   20.60      6.42
    5.62      2.03
    3.26      5.63
    3.40      3.40
   17.74     19.12
    2.82      1.37
    2.82      1.37
   29.31     21.84
   17.03     15.81
    0.72      0.65
    0.65      0.72
   27.87     23.32
   26.30     16.54
    1.39      1.96
    0.72      3.33
    2.09      1.31
    3.54      2.75
    2.75      0.72
    4.99      2.09
    0.72      1.44
    3.55      2.82
    0.00      0.00
    0.72      0.00
    0.00      1.30
    0.65      0.72
    0.00      0.00
    1.44      0.00
    0.72      0.65
    0.00      0.65
    0.65      0.72
    0.00      0.00
    0.72      0.65
    1.31      0.72
    0.00      2.03
    2.82     15.09
    3.47     31.99
   62.83     51.20
   31.63     32.72
   50.24     18.57
    1.45     17.02
    3.47     32.72
   31.83     20.90
   36.55     36.31
   36.31     20.49
   22.07      6.24
    6.80      5.05
   17.97     16.38
    1.37      3.40
    3.33      5.36
    5.36      5.64
    5.56      6.80
    6.29      6.15
    4.84      3.47
    2.88      1.31
    3.40      3.40
    5.50      3.54
   17.14     17.99
   17.92     17.14
    1.31      0.72
    2.09      2.16
    0.72      0.00
    0.00      1.31
    1.31     17.77
   16.46      1.44
    0.74      0.74
    2.75      1.37
    3.99      3.61
    0.65      1.37
    1.37      4.05
    0.72      0.65
    1.96      2.75
    2.88      0.72
    3.47      1.37
    0.00      0.69
   45.63     53.80
    0.70      0.63
   31.90     77.46
   40.35     52.68
  132.23    169.12
   14.38      9.51
   57.23    180.55
  101.10     30.89
  119.84    180.34
  144.67    152.49
   71.82     95.89
   83.90     30.26
  113.89     81.10
  106.43     91.01
   74.42     61.81
  102.20     62.33
   88.40     61.67
    9.91     25.63
   40.63     50.12
   22.27     36.44
   77.95     38.43
    6.93      5.49
   22.17     18.64
    4.77      4.21
    3.54      2.68
    1.37      2.75
    5.49      6.08
    6.66      7.69
    4.77      4.26
    4.28      2.75
    3.33      4.19
    2.10      2.68
    4.12      4.12
   18.97     19.64
    3.54      1.37
    1.37      2.05
    2.11      0.00
    0.65      0.72
    2.10     16.24
   41.35     23.30
   28.55     13.02
    4.87      6.89
    0.65      2.03
    2.16      1.31
    3.61      0.00
    0.65      1.37
    3.40      2.75
    0.72      1.37
    2.17      2.09
    3.40      1.44
    1.44      0.72
    0.65      1.37
    0.00      0.00
    0.72      0.65
    1.37      0.65
    0.00      0.72
    0.72      0.00
    0.00      0.00
    0.00      0.00
   14.37     31.41
   19.93      4.91
    2.82     16.99
   17.30     15.80
   15.80     32.70
   34.36      4.28
    2.70     19.05
   31.54     61.60
   34.23     22.51
   35.13      2.74
   18.53     33.58
    3.47     33.99
   23.40      7.66
   36.18     20.63
   18.52      6.94
    2.68      2.68
    6.87      4.26
    4.26      4.77
    2.75      3.40
    3.47      3.98
    5.50      4.78
    3.47      4.23
    2.82      2.02
    4.81      4.12
   18.52     32.18
    6.08      6.35
    2.88      1.37
    2.03      2.09
    0.00      0.00
    2.52      2.70
   16.43     16.43
    2.10      2.03
    1.37      1.37
   15.76     15.16
    3.40      2.09
    2.68      2.88
    1.31      1.45
    0.00      1.96
    0.72      0.65
    2.03      2.09
   45.87     28.17
   17.04     53.54
   33.03     55.20
   20.04     80.93
   37.71     54.96
   38.51     79.58
  113.48     98.99
   86.42     86.08
  104.13     48.28
   85.86    149.47
   56.18     61.91
  130.51     84.35
   53.83     84.83
   61.50    154.00
  151.08    119.70
  124.85     87.08
  192.91     95.08
   65.67     93.15
  118.57     31.81
   56.14     48.79
   43.92     34.66
   17.98     32.32
   21.24     22.04
   35.20     37.86
    6.30      3.40
   35.16     18.64
   81.03     40.45
    4.77      4.84
    7.61      4.93
    4.05      4.19
    3.62      2.75
    4.05      3.54
    0.72      3.33
    3.40      3.51
   18.50      3.46
    2.93      5.30
    5.29      4.26
    7.14      2.82
    0.00      0.00
    0.72      1.31
   16.46     16.54
    0.65      3.42
    2.12      0.72
    2.61      4.22
   19.02     18.87
    0.00      1.37
    2.16      0.65
    3.61      0.00
    0.72      0.65
    1.96      2.11
    0.00      0.72
    2.03      1.44
    0.00      1.31
    0.72      1.31
    4.06      2.75
    2.09      2.16
    1.37      0.00
    0.72      0.72
    0.00      0.00
    0.00      0.00
    0.00      1.31
    3.47     32.73
   32.93      3.32
   17.12     17.24
    0.71     17.60
   19.30     44.42
   31.21     33.87
   33.64      7.58
   19.32     29.50
   47.63     49.78
   20.72      4.79
   49.51     34.26
    3.16      3.74
    6.80     21.95
   20.56      4.91
    6.15     19.87
   18.33     19.88
   17.02      4.77
    8.31      7.59
    3.33      3.33
    7.10      5.57
    2.16      1.96
    5.56      2.09
    2.09      3.40
    2.82      2.03
    2.03      2.68
    3.33      4.23
    4.05      7.52
    5.95      2.16
    4.91      2.16
    0.72      1.31
    0.72      0.00
    0.72      0.65
    0.65      1.31
    1.39      3.42
    2.05      1.46
   19.05     17.21
    4.12      3.54
    0.65      0.65
   16.21     28.53
   30.24     28.18
   26.50     48.27
   60.22     77.97
   45.97    106.60
   44.05     92.50
   78.07    181.82
  116.01     93.99
   81.02    139.18
   68.59     29.25
  102.12     78.15
   47.21      4.13
  117.95     77.02
   89.26     85.57
   67.87      8.01
  116.93    113.25
   45.80     48.10
   89.15     82.44
   75.56     49.14
   73.46     64.52
  108.39     38.21
   37.10     42.53
   38.13     48.40
    2.68      2.75
   65.23     38.29
    4.98     18.43
   19.71     20.30
   19.41      4.11
    9.62      6.24
    2.75      4.27
    4.19     18.50
    3.92      5.58
    3.40      2.82
   20.03      5.59
    4.71      3.61
    2.68      4.06
    2.10      1.44
    2.82      2.03
    0.72      3.27
    4.71      4.87
    4.19      5.45
    6.19      2.88
    2.82      1.44
    2.10      0.72
    0.00      0.65
    0.00      0.65
    1.37      2.03
    2.70      4.81
   17.22     17.84
    2.09      0.72
    4.33      0.00
    0.00      0.65
    1.31      2.09
    0.65      1.37
    3.47      2.75
    1.31      2.10
    0.72      0.00
    1.37      0.72
   15.16     16.41
    0.00      1.31
   14.38     15.75
    4.80      4.91
    4.26      1.31
   46.31     51.24
   74.67     47.16
    3.61     17.76
   33.00     18.53
   17.34     15.68
    1.44      2.03
   32.96     65.09
   35.87     20.51
   33.31     36.58
   36.96     19.29
   34.19     18.52
    2.82     33.40
    5.43      4.26
   47.99     19.12
   21.88     35.76
    2.82      8.77
    6.22      4.19
    6.80      5.56
    6.30      4.16
    3.40      3.47
    2.82      3.99
    4.86      6.17
    4.12      0.65
    4.26      4.19
    3.40      3.47
    0.65      1.37
    4.85      2.82
    2.03      3.41
    2.77      5.36
    4.12      2.86
    3.47      3.40
    3.51      0.72
    1.44      0.72
    0.72      1.96
    0.65      1.37
    2.05      2.11
    3.40      1.44
   32.29     30.51
   16.26     27.24
    0.65     27.78
   33.45     53.74
    2.03      3.40
   42.51     47.71
   53.81    125.52
   50.71    108.46
   82.30    107.34
   20.71     48.75
   83.36     49.43
  119.90     83.47
  173.54    245.54
  134.56     29.68
  131.42    219.41
  104.58     58.78
  158.83    117.42
   66.78     55.92
   37.73     29.87
   18.99     18.49
   66.07     53.40
   81.84     58.54
   66.41     58.16
   54.12     23.63
    2.08      3.33
   34.49     18.71
    6.21     32.93
    2.10      4.12
   19.24      4.19
   34.30     22.01
    6.22      6.15
    5.63      4.70
    5.43      4.84
    3.54      1.46
    4.80      2.82
    2.68      5.43
    3.27      3.54
    2.18      3.40
    4.13      2.75
    2.75      3.47
    1.44      1.31
    4.14      1.37
    5.45      4.14
    0.72      5.50
    4.12      2.20
    2.75      2.75
    2.82      0.72
    0.65      0.72
    2.10      1.31
    2.70      4.86
    1.44      2.61
    0.72      0.00
    3.54      0.74
    0.74      1.31
    2.68      2.10
    1.37      1.44
    2.03      2.03
    0.00      0.72
    0.65      2.70
    1.37      0.72
    1.44      0.65
    2.10      1.37
    2.16      1.31
    1.38      2.03
   15.75     31.51
    4.92     33.50
   31.54     19.16
   47.88     34.36
    6.28     46.57
   34.58      3.49
   16.60     18.99
   20.53     21.24
   36.64     62.96
   65.80     55.72
   20.59      4.26
   22.11      6.28
    2.10     17.03
    2.68      2.09
   19.26      5.45
    3.33      4.78
    4.19      4.84
    8.11      8.38
    1.85      3.02
    6.08      4.91
    4.85      5.43
    3.54      2.68
    4.28      2.14
    2.03      1.31
    4.19      4.84
    3.34      4.19
    2.68      2.10
    4.84      4.12
    2.75      3.40
    0.72      1.39
    4.80      3.40
    2.16      2.75
    2.10      1.31
    3.40      2.92
    0.65      2.03
    2.07      1.90
   47.60     55.23
    3.45      1.45
   50.33    134.77
   20.47     27.99
   41.50     73.29
   54.55     58.10
   48.03     49.70
   68.13     53.33
  165.64    168.73
   63.40     85.46
   87.07     51.23
   93.74     70.56
   82.62     74.76
   89.48     94.93
   90.34     29.72
   34.57     82.39
   73.57     23.87
   63.79     56.15
   78.95     70.61
    4.91     33.52
   89.26     53.48
   33.07     21.38
   59.38     54.21
    4.12     34.08
   37.57     38.23
   33.81      4.78
   23.17      5.62
   82.93     56.84
   32.81     33.71
   29.96     23.35
   33.42     18.69
    6.23      8.09
   22.21      2.82
    4.78      4.71
    4.27      3.61
    5.93      4.12
    3.33      4.84
    2.68      3.47
    4.95      3.42
    2.05      1.39
    3.54      3.40
    1.96      4.05
    3.39      3.54
    5.56      1.37
    2.75      2.84
    2.05      3.40
    2.77      1.44
    1.44      2.03
    1.31      3.40
    2.75      2.79
    2.03      1.37
    4.23      4.12
    0.74      1.96
    1.44      0.65
    3.61      0.00
    0.00      0.65
    0.65      0.72
    1.31      0.72
    1.39      2.77
    0.65      0.74
    2.03      3.40
    2.03      2.75
    2.82      1.39
    3.49     15.74
   16.20     17.76
    2.75     15.74
   31.25     22.37
   34.50     16.54
   31.88     47.58
   34.88     19.17
   18.45     35.53
   18.53      6.08
   21.26     34.72
   26.27      5.50
   34.65     53.83
   19.27      4.22
    6.94     21.86
    6.29      4.77
   32.77     18.69
    3.54     15.03
    2.75      5.43
   18.58      2.82
   20.39     23.34
    4.19      4.12
    5.70      2.75
    4.85      4.12
    3.40      3.47
    1.44      1.96
    2.10      4.01
    3.33      3.47
    6.89      4.93
    2.84      3.42
    3.47      2.10
    3.40      6.73
    2.68      2.82
    4.19      2.77
    3.56      1.37
    2.10      2.05
    1.39      1.37
   33.37      1.38
   31.14     78.51
    3.32      4.84
   34.09    108.39
   43.14     49.02
   63.14    106.44
   13.61     52.35
   58.88    221.68
   65.93     27.90
   29.69    126.46
  132.62    147.09
   68.60     66.88
   31.68     22.20
  111.01     46.34
   68.64     51.96
   35.91     38.10
  104.21     52.12
   80.76     97.86
  121.51     88.61
   93.75     69.79
  161.56     87.85
   38.21     81.57
   87.16     66.12
   32.89     33.51
   49.92     56.27
   40.63     17.25
   42.95     35.36
   37.79     24.10
    8.39     22.12
   21.75     18.97
   19.41      2.15
    4.23     18.11
    1.30      4.12
   21.80      5.52
   16.81     18.90
    6.87      5.56
    6.22      4.26
    3.47      1.31
    1.37      2.09
    3.33      4.26
    1.37      1.37
    2.11      4.63
    4.00      4.14
    5.49      3.54
    4.21      4.21
    2.09      1.37
    3.99      7.46
    4.12      1.46
    4.21      2.16
    2.75      2.84
    2.05      2.03
    0.68      0.72
    1.44      1.96
    3.49      3.33
    1.37      4.71
    3.40      2.77
    2.09      2.11
    3.64      0.00
    1.44      0.65
    0.65      0.72
    1.39      0.72
    1.96      1.37
   15.10     18.59
    1.44      0.65
    1.46      1.31
    1.44      1.31
    6.08     34.29
   31.79      4.77
    3.54     16.47
   17.90      2.16
   15.75     60.90
   47.44     47.70
   35.92     24.33
   37.09     22.62
    8.32     21.32
    5.57      5.50
   49.62     22.33
    7.63      6.17
   10.40      7.09
   33.48     37.02
    5.49      4.12
    5.62      4.19
    3.47     17.03
    3.40      5.50
   19.83      3.54
   19.11     20.48
    4.84      4.79
    6.29      4.84
    1.31      0.72
    4.02      3.33
    1.37      1.37
    2.75      2.70
    3.81      3.16
    2.84      4.14
    2.77      4.06
    1.96      2.68
    6.87      5.00
    4.93      2.75
    2.68      5.52
    3.01      2.37
   47.35     54.61
    2.15      1.38
   17.87     80.31
   60.61     76.29
    1.31     27.14
   73.57    107.01
    2.66     53.25
   38.28     71.28
   16.42     52.89
   52.13     59.63
   19.78     74.10
  126.52    131.92
   80.61     90.78
   50.91     77.54
   66.58     73.23
  121.19     70.30
   54.24     74.08
   97.10     32.11
   72.05     41.92
   50.48     27.56
   45.54     47.13
   81.87     29.93
   98.95    134.07
  111.00     35.71
   78.40     62.16
   56.23     10.15
   69.19     56.20
   36.52     39.13
   50.59     31.57
   23.43     21.55
   44.61     32.81
   48.00     26.06
    5.57      4.06
   11.81     20.97
   20.74      4.06
    4.78      6.94
   19.89     19.32
    3.40      3.54
    6.31      3.49
    1.38      1.44
    2.68      2.10
    2.03      1.44
   44.79     37.68
   29.91     33.47
   33.75     17.98
    3.40      3.34
    1.37      4.06
    2.03      4.12
    8.48      4.80
    3.47      2.91
    4.28      1.37
    1.96      3.40
    1.37      4.07
    2.18      1.31
    4.28      2.03
    2.03      3.40
    2.76      2.75
    0.72      0.65
    1.44      0.00
    2.16      1.31
    1.96      2.12
    4.14      4.12
    2.12      1.37
    3.49      3.51
    0.65      1.96
    2.90     16.43
    1.37     15.72
   32.22     34.87
   20.64      2.75
   15.90      2.82
    4.06     19.83
    2.89     16.38
   17.20     32.87
   33.38      6.49
   40.81     57.07
   24.88     35.77
   19.12     18.07
   18.28     21.19
   21.94     23.25
   50.26     20.77
   22.22      6.29
    7.49     35.59
    3.60      4.70
   23.11      4.19
   21.29      8.39
    2.04      3.40
    4.19      4.71
    2.68      3.48
    6.94      4.78
    3.47      2.16
    2.03      2.70
    2.12      2.68
    1.44      2.03
    4.84      2.10
    2.81     17.86
    3.51      2.77
    0.65      2.03
    2.75      1.38
    4.12      4.84
   33.13      5.46
   36.73     87.34
    4.12     25.53
   18.49     52.96
   32.56     53.56
   26.50      4.28
   47.89     75.18
   46.33    213.59
   51.99     47.25
   27.84    148.22
  100.22    160.53
   52.77     55.04
  128.16     62.44
   52.12     53.51
  107.72     59.52
   64.10     52.74
   69.76    122.68
   80.22     46.25
   51.15     31.62
   57.88     75.01
   78.07     66.36
   57.24     43.35
   21.70      4.41
   68.08     70.33
   11.33     25.15
   30.71     32.81
  110.07     90.92
   33.75     21.85
   87.94     88.34
   38.34     10.63
   64.32     76.96
   49.60     25.60
   21.02      6.96
   18.86      5.64
    6.10     20.97
    8.40      7.66
   20.65     19.24
   18.59      4.19
    5.43      4.78
    5.58      5.64
    2.75      2.75
    2.82      1.38
    0.72      0.00
    3.99      3.47
    1.39      3.42
    2.75      4.12
    5.36      5.07
    4.28      1.39
    1.96      2.75
    0.65      2.75
    2.82      2.68
    3.79      2.68
    3.40      5.52
    8.22      4.98
    1.44      3.36
    2.84      1.40
    1.44      0.65
    2.77      3.40
    1.96      4.78
    4.28      3.34
    0.65      0.65
    4.28      1.44
    2.89      1.31
    1.37      1.31
    2.10      0.72
    1.31      4.73
    3.47      4.14
    1.96     15.91
   16.66      3.34
    4.92      0.72
   15.78     17.85
    2.82     31.44
   15.73     17.68
   20.75     17.20
   34.22      8.11
   21.68     19.65
   19.23     38.38
   39.63     36.87
   20.07      4.21
    5.43     19.06
    2.10     36.29
   53.01     40.65
   35.04     22.72
    7.76      2.68
   20.10      5.45
    6.15     21.81
    8.90     20.66
    4.87      6.30
   17.83      4.71
   19.95      6.29
    6.22      2.77
    4.19      3.47
    3.47      2.82
    1.44      1.31
    0.72      0.65
    2.75      3.40
    1.37      2.68
    4.81      4.81
    3.51      2.70
    2.83      1.84
   73.73    100.72
    1.78      3.88
   33.78    109.86
   20.46     31.86
   19.63      2.23
   53.28    135.82
    2.85    105.06
   60.09    160.56
   26.42     51.28
   32.27     64.72
   85.76     94.32
   64.55     83.22
  114.12     57.78
   62.71     39.11
   28.67     32.32
   86.07     60.01
    7.52     24.93
   70.34     79.45
  139.30     74.44
   84.87     62.64
  105.88    108.76
   75.90     43.12
  110.28     85.38
   39.04     51.66
   88.42     78.13
   64.23     47.84
  143.86     63.92
   41.20     36.73
   64.57     36.11
   63.95     23.79
   39.25     16.27
   19.30     33.65
    6.81     21.31
   47.69     43.98
   33.48     35.23
   19.90      5.51
   22.31      8.18
   10.22      7.82
    5.20     17.74
    5.45      3.47
    5.49     20.69
   17.86      4.85
    4.87      1.44
    2.11      1.44
    2.75      1.37
    2.09      2.09
    1.31      3.40
    1.37      2.03
    3.47      2.03
    2.77      2.77
    1.39      2.09
    2.11      1.37
    1.44      3.27
    5.29      6.17
    3.49      5.52
    6.31      2.10
    3.54      2.86
    2.75      1.31
    1.38      3.40
    0.65      1.46
    3.56      2.68
    3.49      4.64
    2.10      1.46
    2.18      2.61
    3.54      0.74
    2.84      2.68
    2.75      2.11
    1.31      2.75
    0.72      1.96
    3.40     17.85
    4.78     17.06
   15.84     19.30
   19.30      4.14
   48.03     33.04
    2.16     17.68
   21.48     20.38
    5.57      8.18
   53.08     36.59
   34.94     34.26
   20.02     64.11
   39.24     21.98
   35.01     21.80
   20.83     20.63
   19.10      4.63
    7.83      6.96
   20.78     21.29
    6.09     18.63
   22.06      8.99
    4.85      5.50
    8.27      6.87
    2.75      4.08
    6.24      4.19
    4.85      5.52
    4.21      1.37
    2.77      2.75
    2.10      1.37
    0.72      1.37
    1.38      1.38
    1.97      2.67
   31.27     29.86
    4.86      2.86
   33.65     27.92
   43.89    101.54
   16.92      3.50
   78.57    238.66
   15.67     31.68
   19.12    172.93
   52.58     96.88
    9.04     80.16
    8.23     12.38
   36.58    121.77
  100.21     51.40
   40.78     73.30
  109.27    109.68
   48.97     28.38
   27.22     19.55
   83.59     90.60
   37.64     33.49
   63.75     88.80
   53.57     25.61
   56.66     69.47
   88.67     50.27
   83.46     60.47
   63.25      9.37
  101.04     90.94
  154.13     66.69
   15.88     24.16
   24.67     40.33
   37.80     33.84
   36.41     24.09
   33.45     57.51
   56.16     39.24
   51.45     26.81
   21.17     21.97
   20.24      8.34
    6.15      4.85
    6.33     22.34
    4.14      4.06
   22.34      6.44
    5.73      4.73
    6.80      6.87
    4.05      6.89
    6.74      3.47
    5.02      4.94
    4.87      3.49
    2.75      0.72
    0.00      1.37
    1.37      1.37
    1.38      2.03
    0.65      2.03
    3.33      4.12
    3.49      2.12
    2.84      2.75
    1.46      1.31
    2.09      2.05
    1.31      3.26
    5.67      2.90
    2.03      3.92
    2.77      4.21
    4.12      3.42
    4.89      4.23
    5.60      4.06
    1.38     16.42
    2.10      4.06
    4.33      1.96
   17.91      4.14
    3.49      1.31
    2.68      4.30
    2.84     16.41
    4.12      2.75
   15.79      2.16
    1.37      3.33
    4.19     30.84
   16.16     17.85
   32.41      3.33
   15.74     62.21
   24.93     13.05
   55.00     36.42
   19.31     33.46
   34.52     20.63
   22.34      7.01
    4.98     22.33
   23.99     35.58
   20.42      6.99
   20.85     19.64
    4.71      6.82
   37.90     21.41
    7.60     21.34
    5.59      4.15
   20.59      6.95
    5.36      6.17
    6.33      5.59
    5.49      5.43
    4.12      4.78
    5.50      4.88
    5.67      4.14
    2.70      2.10
    1.45      0.72
   30.60      2.88
   33.24     80.21
    1.32      1.32
   48.10    109.17
    4.70      2.06
    1.99     27.91
   32.46      2.76
    2.61     78.76
   35.50     56.77
   48.67     86.68
   27.87     78.69
   52.43     43.15
   63.30     63.31
   72.41     85.54
   58.94     77.37
   90.72     43.30
   82.01     69.64
   60.42     32.47
   73.58     54.10
  108.75     35.95
   68.10    107.96
   32.09     34.52
  118.84    143.52
   53.58     20.66
   82.80    106.41
   59.75     27.51
   57.22     44.37
   92.88     38.95
   74.17     90.85
   26.84     25.51
   23.37     21.77
   32.44     21.34
   38.31     22.11
   23.36     21.37
    8.13      7.74
   44.50     40.42
   49.14     21.45
    6.90      6.94
    7.02     22.01
    7.48      7.46
   21.41     22.07
   20.06      5.66
    5.66      5.30
    4.14      6.15
    7.49      6.31
    7.09      4.84
    4.78      5.52
    3.42      2.05
    4.21      3.56
    2.18      1.96
    1.31      2.10
    2.95      2.61
    2.75      2.10
    1.96      2.86
    2.16      2.61
    4.17      2.75
    2.79      3.51
    2.18      2.61
    2.12      2.03
    5.52      2.84
    1.46      1.39
    0.72      1.31
    3.49      4.73
   58.66     36.38
    4.24      4.78
   18.62     18.47
    3.56      5.45
    3.54      1.38
    2.75      3.40
    4.80     19.12
    4.77      4.16
    5.58      4.30
   20.67     17.32
   15.77     34.93
   33.78      2.16
   31.63     49.51
   18.71      2.12
    2.84     20.30
   50.68     35.46
    7.60      7.60
   19.92     63.35
   50.06      5.43
    8.19     40.84
   19.83      8.26
   22.67     21.19
   10.55      5.60
   19.36     19.32
   34.45     20.53
    4.86      4.77
    7.38      7.68
    6.29      8.13
    6.15      5.58
    6.17      5.59
    5.58      3.40
    5.43      6.19
    6.30      5.38
    5.50      6.29
    5.52      4.95
    3.47      2.55
   34.92     28.28
   15.51     29.09
    2.11     27.12
   80.71     84.59
    0.63     75.29
   48.51    132.92
   19.16     81.53
   25.61     55.81
   35.56     57.68
    3.41    111.31
   49.18    130.32
   66.62     73.10
   31.53     38.86
  113.41     66.01
   54.05     32.37
  116.18     94.01
    3.40     15.17
   36.91    117.56
   65.15     25.85
   54.85     48.38
   60.50     53.46
   34.62     35.08
   54.68     62.37
  102.34     76.17
   46.34     18.35
   73.00     73.88
   74.75     64.77
  110.73     61.06
   38.89     26.79
   59.16     49.71
   68.06     59.85
   66.06     84.51
   36.97     38.60
   40.45     41.08
   19.01     23.70
   24.14     10.89
    6.24      5.82
   38.31     21.97
    5.38      5.50
    3.49      5.52
    6.24      5.36
    3.33      5.57
    7.54      7.59
    8.98      6.96
    4.84      2.09
    4.72      7.60
    4.14      5.43
   31.24     25.46
   59.30     39.84
    3.40      3.51
   35.83     15.78
    4.94      4.14
    2.97      2.05
    4.12      1.44
    5.03      2.77
    0.65      2.18
    0.65      1.39
    1.37      1.31
    0.65      3.40
    5.47      6.12
    2.87      3.49
    2.16      0.00
    5.65      4.08
    2.79      2.70
   15.52     16.25
    5.63      1.96
    4.25      3.40
    1.37      1.96
    3.50      4.14
    3.26      4.14
    4.39      2.77
    4.12      2.11
    2.09      2.03
    2.61      4.19
    5.36      6.30
    2.82      3.40
    3.35      4.80
   20.05     49.36
   36.40     35.12
   34.76     33.63
   50.97     23.52
   21.74     34.90
    4.26      4.06
   21.15     34.87
   20.95     23.12
   36.38     38.53
    7.82      4.71
   36.88     36.93
    8.34      7.06
   20.72      4.84
    8.36      8.27
    4.14      2.75
    5.56      5.52
    6.24      8.14
    7.47      6.95
    3.47      5.50
    6.36      3.42
    5.50      4.06
    4.80      5.54
   28.51     25.58
    5.34     18.87
   19.19     29.88
   63.91     95.27
    3.38      2.01
   15.21     99.51
   19.74     29.06
    3.56     26.35
   33.03     29.29
    1.29     77.67
   51.23     71.65
   23.28     88.82
   30.38     58.81
   39.88    119.39
   16.28     38.20
  108.36    139.14
   25.58      6.46
   85.87    100.79
   66.05     23.18
   28.17     13.92
   74.93     52.86
   49.13     37.83
  109.79     95.60
   15.71     50.53
   62.09     78.13
   72.79    101.49
   80.25     71.29
   49.25     30.71
   60.34    100.65
  146.43     86.55
   86.90     99.76
  128.84     72.67
   62.19     76.79
  169.05     50.10
   37.68     26.46
   68.04     36.37
   42.65     40.13
   42.70     43.34
   34.34     23.94
   10.46      5.50
   21.88      9.63
    3.40      5.53
   10.44      6.39
    3.99      6.22
    5.59      6.15
    6.80      4.12
    8.26      8.33
    3.40      3.54
    3.47      4.12
    3.41      3.99
    6.15      5.65
    5.52      4.21
    2.12     18.87
   19.73      3.44
   17.68     19.74
    4.86      1.44
    2.85      2.79
    1.31      2.77
    1.31      1.44
    2.84      2.68
    2.12      1.38
    0.65      2.68
   29.98     25.93
   30.89     14.49
    5.44      4.15
    5.63      7.67
   20.95     32.24
    0.65      1.38
   18.76      1.38
    1.31      2.17
    1.37      3.99
    0.74      2.61
    6.31      4.14
    4.71      4.23
    6.32      4.92
    4.15      3.49
    1.37      0.72
    4.71      5.66
   17.84     34.11
    3.47      4.12
   21.35     21.92
   22.52     37.75
   22.96     19.15
   65.74     37.65
    2.75     19.16
   26.17     35.80
   32.24     22.57
   18.98     21.99
   25.21     37.65
   20.62      6.80
    5.63     19.82
    9.06      4.34
   35.84     10.07
    3.41      5.63
    8.34      5.53
    8.30      5.57
    3.54      7.41
    4.05      4.84
    7.03      4.14
    6.16      3.46
   39.37     48.09
    2.76      5.42
   36.75     84.12
   10.95     45.78
    5.43     29.12
   79.44    124.65
   17.80     56.39
   33.81    133.23
   22.99     53.92
   36.15    101.29
   27.40     66.20
   82.50    128.92
   24.98     66.82
   61.96     31.83
   70.26     32.87
   75.05     49.25
   34.34     47.49
   93.18     80.44
   86.78     97.79
   50.28     29.19
   91.42     70.56
   88.42     47.18
   52.40     57.41
   96.33     63.97
   58.35     47.67
   38.78    102.07
   54.52     38.72
   86.24    110.39
   75.34     61.70
   84.33     27.26
   36.01     37.17
   86.32    130.33
   58.67     74.80
   40.21     76.00
   67.46     26.10
   69.57     29.31
    6.43     38.63
   33.42     22.88
   45.16     10.22
   43.29     64.87
   24.01     21.99
   20.97      9.77
    4.95      0.74
   23.00     23.51
    7.47      7.54
    5.45      7.71
    6.46      2.70
    6.82      6.94
    4.71      6.36
    3.47      3.42
    3.49      4.06
    3.40      1.38
    4.71      7.61
    7.63      6.33
    2.84     17.78
   19.98     18.03
   18.01      1.46
    2.77      3.42
    0.65      3.42
    3.42      2.77
    2.13      2.09
    3.56      3.26
    4.17      4.22
    2.18      0.65
    1.44      2.61
    4.06      4.09
   20.41     20.38
    2.82      4.18
    3.59      1.37
    2.77      2.09
    2.11      1.37
    1.37      4.64
    2.75      0.72
    4.72      4.14
    3.40      4.34
    2.84      2.05
    1.37      3.33
    4.19      5.40
    5.45      5.52
   50.51     51.50
    4.19     19.50
   25.97      7.58
    6.16      6.26
   33.31     34.06
    8.36     34.19
   34.19     37.92
   34.10     23.50
   27.45     24.10
   21.21     34.85
    6.31     19.16
   48.74     23.91
   19.64      8.25
   26.32     20.13
    6.31      6.17
    4.19     21.04
   22.70      4.93
   22.41     22.59
    2.75      5.47
   34.90     55.36
   33.48     28.74
   17.69     56.65
   51.58     57.22
   44.34    101.26
   21.58     84.89
   53.77    132.61
   22.07     59.81
   44.35     88.53
    2.13     93.94
   31.79     80.29
   40.88     12.31
   30.55     58.05
   30.45     51.58
   71.38    103.74
    2.03      2.11
   54.99     21.30
   46.44    103.44
   21.78     18.06
  114.33     67.18
   39.48    102.69
   58.12     50.83
   84.19     77.28
   12.50     38.84
  105.21     54.50
  104.50     53.77
   38.75     32.57
   42.12     29.55
   17.16     43.33
   42.11     16.36
   37.67     35.20
   28.14     37.80
  101.11     96.61
   97.64    119.40
   89.00     41.02
   67.95     90.66
   92.13     94.72
    4.94     38.44
  107.19     44.66
   79.81     46.84
   34.60     23.47
   50.99     52.25
   27.16     54.30
   38.61     21.33
   32.35     12.68
   23.41      5.02
    7.41      9.13
    4.08      7.48
    5.66      2.75
   20.04     17.92
    3.49     17.73
   19.10      5.79
    5.60      4.89
    2.70      2.10
    3.49      4.71
    8.13      6.22
    1.37      5.59
   29.65     24.26
    4.30      3.44
   54.92     34.01
    4.94      4.23
    1.96      2.77
    3.60      2.77
    2.86      3.33
    2.05      4.07
    2.09      1.37
    3.42      4.14
    5.83      2.61
    4.08      4.16
    2.10      4.06
   19.92     17.29
    3.66      3.44
    1.48      0.65
    1.37      3.33
    4.87      4.15
    3.33      3.49
    3.42      2.09
    3.56      2.84
    2.10      3.34
    2.18      2.61
   17.74      7.01
    2.86      2.03
    6.15      6.91
   23.25     20.70
    4.08     20.42
   51.21     41.89
    8.36      5.64
    6.26      5.71
   25.26     36.89
   34.33     22.03
   54.06     69.93
   19.19     49.23
   22.31      4.78
   54.67     24.72
    4.20      6.17
   23.20     38.00
    7.72      6.85
   25.00      5.52
    7.36      6.23
    5.05      0.53
    0.00      0.00
    0.00      0.00
    0.00      0.00
    0.00      0.00
    0.00      0.00
    0.00      0.00
    0.00      0.00
    0.00      0.00
    0.00      0.00
    0.00      0.00
    0.00      0.00
    0.00      0.00
    0.00      0.00
    0.00      0.00
    0.00      0.00
    0.00      0.00
    0.00      0.00
    0.00      0.00
    0.00      0.00
    0.00      0.00
    0.00      0.00
    0.00      0.00
    0.00      0.00
    0.00      0.00
    0.00      0.00
    0.00      0.00
    0.00      0.00
    0.00      0.00
    0.00      0.00
    0.00      0.00
    0.00      0.00
    0.00      0.00
    0.00      0.00
    0.00      0.00
    0.00      0.00
    0.00      0.00
    0.00      0.00
    0.00      0.00
