      h_eth1      
 KB/s in  KB/s out
    0.00      0.00
    0.00      0.00
    1.35      0.00
    0.00      0.00
    0.00      0.00
    0.00      0.00
    0.00      0.00
    0.00      0.00
    0.00      0.00
    0.00      0.00
    0.00      0.00
    0.00      0.00
    0.00      0.00
    0.00      0.00
    0.00      0.00
    0.00      0.00
    0.00      0.00
    0.00      0.00
    0.00      0.00
    0.00      0.00
    0.00      0.00
    0.00      0.00
    0.00      0.00
    0.00      0.00
    0.00      0.00
    0.00      0.00
    0.00      0.00
    0.00      0.00
    0.00      0.00
    0.00      0.00
    0.00      0.00
    0.00      0.00
    0.00      0.00
    0.00      0.00
    0.00      0.00
    0.00      0.00
    0.00      0.00
    0.00      0.00
    0.00      0.00
    0.00      0.00
    0.00      0.00
    0.00      0.00
    0.00      0.00
    1.36      0.00
    0.00      0.00
    0.00      0.00
    0.00      0.00
    0.00      0.00
    0.00      0.00
    0.00      0.00
    0.00      0.00
    0.00      0.00
    0.00      0.00
    0.00      0.00
    0.00      0.00
    0.00      0.00
    0.00      0.00
    0.00      0.00
    0.00      0.00
    0.00      0.00
    0.00      0.00
    0.00      0.00
    0.00      0.00
    0.00      0.00
    0.00      0.00
    0.00      0.00
    0.00      0.00
    0.00      0.00
    0.00      0.00
    0.00      0.00
    0.00      0.00
    0.00      0.00
    0.00      0.00
    0.00      0.00
    0.00      0.00
    0.00      0.00
    0.00      0.00
    0.00      0.00
    0.00      0.00
    0.00      0.00
    0.00      0.00
    0.00      0.00
    0.00      0.00
    0.00      0.00
    0.00      0.00
    0.00      0.00
    0.00      0.00
    0.00      0.00
    0.00      0.00
    0.00      0.00
    0.00      0.00
    0.00      0.00
    0.00      0.00
    0.00      0.00
    0.00      0.00
    0.00      0.00
    0.00      0.00
    0.00      0.00
    0.00      0.00
    0.00      0.00
    0.00      0.00
    0.00      0.00
    0.00      0.00
    0.00      0.00
    0.00      0.00
    0.00      0.00
    0.00      0.00
    0.00      0.00
    0.00      0.00
    0.00      0.00
    0.82      0.00
    0.00      0.00
    0.00      0.00
    0.00      0.00
    0.00      0.00
    0.00      0.00
    0.00      0.00
    0.00      0.00
    0.00      0.00
    0.00      0.00
    0.00      0.00
    0.00      0.00
    0.00      0.00
    0.00      0.00
    0.00      0.00
    0.00      0.00
    0.00      0.00
    0.00      0.00
    0.00      0.00
    0.00      0.00
    0.00      0.00
    0.00      0.00
    0.00      0.00
    0.00      0.00
    0.00      0.00
    0.00      0.00
    0.00      0.00
    0.00      0.00
    0.00      0.00
    0.00      0.00
    0.00      0.00
    0.00      0.00
    0.00      0.00
    0.00      0.00
    0.00      0.00
    0.00      0.00
    0.00      0.00
    0.00      0.00
    0.00      0.00
    0.00      0.00
    0.00      0.00
    0.00      0.00
    0.00      0.00
    0.00      0.00
    0.00      0.00
    0.00      0.00
    0.00      0.00
    0.00      0.00
    0.00      0.00
    0.00      0.00
    0.00      0.00
    0.00      0.00
    0.00      0.00
    0.00      0.00
    0.00      0.00
    0.00      0.00
    2.04      0.68
    0.00      0.00
    0.00      0.00
    0.00      0.00
    0.00      0.00
    0.00      0.00
    0.00      0.00
    0.00      0.00
    0.00      0.00
    0.00      0.00
    0.00      0.00
    0.00      0.00
    0.00      0.00
    0.00      0.00
    0.00      0.00
    0.00      0.00
    0.00      0.00
    0.00      0.00
    0.00      0.00
    0.00      0.00
    0.00      0.00
    0.00      0.00
    0.00      0.00
    0.00      0.00
    0.00      0.00
    0.00      0.00
    0.00      0.00
    0.00      0.00
    0.00      0.00
    0.00      0.00
    0.00      0.00
    0.00      0.00
    0.00      0.00
    0.00      0.00
    0.00      0.00
    0.00      0.00
    0.00      0.00
    0.00      0.00
    0.00      0.00
    0.00      0.00
    2.04      0.00
    0.00      0.00
    0.00      0.00
    0.00      0.00
    0.41      0.00
    0.00      0.00
    0.00      0.00
    0.00      0.00
    0.00      0.00
    0.00      0.00
    0.00      0.00
    0.00      0.00
    0.00      0.00
    0.00      0.00
    0.00      0.00
    0.00      0.00
    0.00      0.00
    0.00      0.00
    0.00      0.00
    0.00      0.00
    0.00      0.00
    0.00      0.00
    0.00      0.00
    0.00      0.00
    0.00      0.00
    0.00      0.00
    0.00      0.00
    0.00      0.00
    0.00      0.00
    0.00      0.00
    0.00      0.00
    0.00      0.00
    0.00      0.00
    0.00      0.00
    0.00      0.00
    0.00      0.00
    0.00      0.00
    0.00      0.00
    0.00      0.00
    0.00      0.00
    0.00      0.00
    0.68      0.00
    0.00      0.00
    0.00      0.00
    0.00      0.00
    0.00      0.00
    0.00      0.00
    0.00      0.00
    0.00      0.00
    0.00      0.00
    0.00      0.00
    0.00      0.00
    0.00      0.00
    0.00      0.00
    0.00      0.00
    0.00      0.00
    0.00      0.00
    0.00      0.00
    0.00      0.00
    0.00      0.00
    0.00      0.00
    0.00      0.00
    0.00      0.00
    0.00      0.00
    0.00      0.00
    0.00      0.00
    0.00      0.00
    0.00      0.00
    0.00      0.00
    0.00      0.00
    0.00      0.00
    0.00      0.00
    0.00      0.00
    0.00      0.00
    0.00      0.00
    0.00      0.00
    0.00      0.00
    0.00      0.00
    0.00      0.00
    0.00      0.00
    0.00      0.00
    0.00      0.00
    0.68      0.00
    0.00      0.00
    0.00      0.00
    0.00      0.00
    0.00      0.00
    0.00      0.00
    0.00      0.00
    0.00      0.00
    0.00      0.00
    0.00      0.00
    0.00      0.00
    0.00      0.00
    0.00      0.00
    0.00      0.00
    0.00      0.00
    0.00      0.00
    0.00      0.00
    0.00      0.00
    0.00      0.00
    0.00      0.00
    0.00      0.00
    0.00      0.00
    0.41      0.00
    0.00      0.00
    0.00      0.00
    0.00      0.00
    0.00      0.00
    0.00      0.00
    0.00      0.00
    0.00      0.00
    0.00      0.00
    0.00      0.00
    0.00      0.00
    0.00      0.00
    0.00      0.00
    0.00      0.00
    0.00      0.00
    0.00      0.00
    0.00      0.00
    0.00      0.00
    0.00      0.00
    3.41      0.00
    0.00      0.00
    0.00      0.00
    0.00      0.00
    0.00      0.00
    0.00      0.00
    0.00      0.00
    0.00      0.00
    0.00      0.00
    0.00      0.00
    0.00      0.00
    0.00      0.00
    0.00      0.00
    0.00      0.00
    0.00      0.00
    0.00      0.00
    0.00      0.00
    0.00      0.00
    0.00      0.00
    0.00      0.00
    0.00      0.00
    0.00      0.00
    0.00      0.00
    0.00      0.00
    0.00      0.00
    0.00      0.00
    0.00      0.00
    0.00      0.00
    0.00      0.00
    0.00      0.00
    0.00      0.00
    0.00      0.00
    0.00      0.00
    0.00      0.00
    0.00      0.00
    0.00      0.00
    0.00      0.00
    0.00      0.00
    0.00      0.00
    0.00      0.00
    0.00      0.00
    2.05      0.00
    0.00      0.00
    0.00      0.00
    0.00      0.00
    0.00      0.00
    0.00      0.00
    0.00      0.00
    0.00      0.00
    0.00      0.00
    0.00      0.00
    0.00      0.00
    0.00      0.00
    0.00      0.00
    0.00      0.00
    0.00      0.00
    0.00      0.00
    0.00      0.00
    0.00      0.00
    0.00      0.00
    0.00      0.00
    0.00      0.00
    0.00      0.00
    0.00      0.00
    0.00      0.00
    0.00      0.00
    0.00      0.00
    0.00      0.00
    0.00      0.00
    0.00      0.00
    0.00      0.00
    0.00      0.00
    0.00      0.00
    0.00      0.00
    0.00      0.00
    0.00      0.00
    0.00      0.00
    0.00      0.00
    0.00      0.00
    0.00      0.00
    0.00      0.00
    0.82      0.00
    0.68      0.00
    0.00      0.00
    0.00      0.00
    0.00      0.00
    0.00      0.00
    0.00      0.00
    0.00      0.00
    0.00      0.00
    0.00      0.00
    0.00      0.00
    0.00      0.00
    0.00      0.00
    0.00      0.00
    0.00      0.00
    0.00      0.00
    0.00      0.00
    0.00      0.00
    0.00      0.00
    0.00      0.00
    0.00      0.00
    0.00      0.00
    0.00      0.00
    0.00      0.00
    0.00      0.00
    0.00      0.00
    0.00      0.00
    0.00      0.00
    0.00      0.00
    0.00      0.00
    0.00      0.00
    0.00      0.00
    0.00      0.00
    0.00      0.00
    0.00      0.00
    0.00      0.00
    0.00      0.00
    0.00      0.00
    0.00      0.00
    0.00      0.00
    0.00      0.00
    0.00      0.00
    0.68      0.00
    0.00      0.00
    0.00      0.00
    0.00      0.00
    0.00      0.00
    0.00      0.00
    0.00      0.00
    0.00      0.00
    0.00      0.00
    0.00      0.00
    0.00      0.00
    0.00      0.00
    0.00      0.00
    0.00      0.00
    0.00      0.00
    0.00      0.00
    0.00      0.00
    0.00      0.00
    0.00      0.00
    0.00      0.00
    0.00      0.00
    0.00      0.00
    0.00      0.00
    0.00      0.00
    0.00      0.00
    0.00      0.00
    0.00      0.00
    0.00      0.00
    0.00      0.00
    0.00      0.00
    0.00      0.00
    0.00      0.00
    0.00      0.00
    0.00      0.00
    0.00      0.00
    0.00      0.00
    0.00      0.00
    0.00      0.00
    0.00      0.00
    0.00      0.00
    0.68      0.00
    0.00      0.00
    0.00      0.00
    0.00      0.00
    0.00      0.00
    0.00      0.00
    0.00      0.00
    0.00      0.00
    0.00      0.00
    0.00      0.00
    0.00      0.00
    0.00      0.00
    0.00      0.00
    0.00      0.00
    0.00      0.00
    0.00      0.00
    0.00      0.00
    1.23      0.00
    0.00      0.00
    0.00      0.00
    0.00      0.00
    0.00      0.00
    0.00      0.00
    0.00      0.00
    0.00      0.00
    0.00      0.00
    0.00      0.00
    0.00      0.00
    0.00      0.00
    0.00      0.00
    0.00      0.00
    0.00      0.00
    0.00      0.00
    0.00      0.00
    0.00      0.00
    0.00      0.00
    0.00      0.00
    0.00      0.00
    0.00      0.00
    0.00      0.00
    0.00      0.00
    0.00      0.00
    0.00      0.00
    0.00      0.00
    0.00      0.00
    0.00      0.00
    0.00      0.00
    0.00      0.00
    0.00      0.00
    0.00      0.00
    0.00      0.00
    0.00      0.00
    0.00      0.00
    0.00      0.00
    0.00      0.00
    0.00      0.00
    0.00      0.00
    0.00      0.00
    0.00      0.00
    0.00      0.00
    0.00      0.00
    0.00      0.00
    0.00      0.00
    0.00      0.00
    0.00      0.00
    0.00      0.00
    0.00      0.00
    0.00      0.00
    0.00      0.00
    0.00      0.00
    0.00      0.00
    0.00      0.00
    0.00      0.00
    0.00      0.00
    0.00      0.00
    0.00      0.00
    0.00      0.00
    0.00      0.00
    0.00      0.00
    0.00      0.00
    0.00      0.00
    0.00      0.00
    0.00      0.00
    0.00      0.00
    0.00      0.00
    0.00      0.00
    0.00      0.00
    0.00      0.00
    0.00      0.00
    0.00      0.00
    0.00      0.00
    0.00      0.00
    0.00      0.00
    0.00      0.00
    0.00      0.00
    0.00      0.00
    0.00      0.00
    0.00      0.00
    0.00      0.00
    0.00      0.00
    0.00      0.00
    0.00      0.00
    0.00      0.00
    0.00      0.00
    0.00      0.00
    0.00      0.00
    0.00      0.00
    0.00      0.00
    0.00      0.00
    0.00      0.00
    0.00      0.00
    0.00      0.00
    0.00      0.00
    0.00      0.00
    0.00      0.00
    0.00      0.00
    0.00      0.00
    0.82     26.17
   55.61     48.55
   26.06     13.99
    0.00      0.00
    0.00      0.00
    0.00      0.00
    0.00      0.00
    0.00      0.00
    0.00      0.00
    0.00      0.00
    0.00     14.83
 1168.58    511.91
 1223.07    742.34
 1410.12   2518.05
  987.59    996.69
  684.56    533.71
  333.00    209.32
  304.19    130.15
  171.91     66.74
  110.49     16.49
  100.64     48.07
    0.00      0.00
   78.84     74.19
   33.63      9.29
    9.59      1.73
   11.19      2.60
    0.00      0.00
    0.00      0.00
    0.00      0.00
    0.00      0.00
    0.00      0.00
    0.00      0.00
    0.00      0.00
    0.00      0.00
    0.00      0.00
    0.00      0.00
    0.00      0.00
    0.00      0.00
    0.00      0.00
    0.00      0.00
    0.00      0.00
    0.00      0.00
    0.00      0.00
    0.00      0.00
    0.00      0.00
    0.00      0.00
    0.00      0.00
    0.00      0.00
    0.00      0.00
    0.00      0.00
    0.00      0.00
    0.00      0.00
    0.41      0.41
    0.00      0.00
    0.00      0.00
    0.00      0.00
    0.00      0.00
    0.00      0.00
    0.00      0.00
    0.00      0.00
    0.00      0.00
    0.00      0.00
    0.00      0.00
  119.27    194.53
  224.64    138.09
   33.06    131.62
  177.02    152.61
  121.15     90.09
   48.27     30.89
    1.44     30.19
   43.88     30.90
   29.50      2.88
   30.21     43.23
   14.43     15.10
    0.00      0.00
   14.43      0.72
   15.88      0.72
    0.00      0.00
    0.00      0.00
    0.00      0.00
    0.00      0.00
    0.00      0.00
    0.00      0.00
    0.00      0.00
    0.00      0.00
    0.00      0.00
    0.00      0.00
    0.00      0.00
    0.00      0.00
    0.00      0.00
    0.00      0.00
    0.00      0.00
    0.00      0.00
    0.00      0.00
    0.00      0.00
    0.00      0.00
    0.00      0.00
    0.00      0.00
    0.00      0.00
    0.00      0.00
    0.00      0.00
    0.00      0.00
    0.00      0.00
    0.00      0.00
    0.00      0.00
    0.00      0.00
    0.00      0.00
    0.00      0.00
    0.00      0.00
    0.00      0.00
    0.00      0.00
  195.99    259.72
  214.57    188.53
  310.04    300.33
  197.92    224.39
  173.55    109.57
   96.53    154.41
  258.11    199.09
  142.76    141.16
  186.62     49.31
   81.59     70.17
    5.52     15.66
   77.01     45.07
   59.15     37.98
    2.16      0.00
   39.20     47.69
   16.45     15.66
   15.59      1.44
   16.30      0.00
    0.72      0.72
    0.00      0.00
    0.00      0.00
    0.00      0.00
    0.00      0.00
    0.00      0.00
    0.00      0.00
    0.00      0.00
    0.00      0.00
    0.00      0.00
    0.00      0.00
    0.00      0.00
    0.00      0.00
    0.00      0.00
    0.00      0.00
    0.00      0.00
    0.00      0.00
    0.00      0.00
    0.00      0.00
    0.00      0.00
    0.00      0.00
    0.00      0.00
    0.00      0.00
    0.00      0.00
    0.00      0.00
    0.00      0.00
    0.00      0.00
    0.00      0.00
    0.00      0.00
    0.00      0.00
    0.00      0.00
    0.00      0.00
    0.00      0.00
   14.45     15.75
  122.39     94.84
   78.32     93.86
   93.80    123.17
  109.51     50.93
   16.44    105.07
   60.84     92.87
  168.95    126.71
   95.97    108.08
   63.21     19.31
   31.55     31.43
   15.72     15.72
   30.07     30.91
   30.77      2.17
    0.00     15.01
   15.15     15.72
   15.00     30.06
   45.14     15.79
    0.00      0.72
   15.05      0.72
    1.44      0.00
    0.00      0.00
    0.00      0.00
    0.00      0.00
    0.00      0.00
    0.00      0.00
    0.00      0.00
    0.00      0.00
    0.00      0.00
    0.00      0.00
    0.00      0.00
    0.00      0.00
    0.00      0.00
    0.00      0.00
    0.00      0.00
    0.00      0.00
    0.00      0.00
    0.00      0.00
    0.41      0.00
    0.00      0.00
    0.00      0.00
    0.00      0.00
    0.00      0.00
    0.00      0.00
    0.00      0.00
    0.00      0.00
    0.00      0.00
    0.00      0.00
  139.24    179.65
  170.62    202.04
  145.39    147.50
  153.45    141.67
  180.28    217.97
  174.96    161.41
  132.10    151.82
  122.70     53.31
   79.27     48.30
   65.07    144.34
  189.26    149.21
  182.76    160.33
   87.39     85.93
  100.74     34.86
   49.93     17.98
   34.38     33.69
   15.11     15.89
   31.74     16.98
    0.00      0.00
   15.58     30.22
    0.00      0.72
   31.01     30.26
   30.27     15.88
   15.89      0.72
    0.00      0.72
    1.44      0.00
    0.00      0.00
    0.00      0.00
    0.00      0.00
    0.00      0.00
    0.00      0.00
    0.00      0.00
    0.00      0.00
    0.00      0.00
    0.00      0.00
    0.00      0.00
    0.00      0.00
    0.00      0.00
    0.00      0.00
    0.00      0.00
    0.00      0.00
    0.00      0.00
    0.00      0.00
    0.00      0.00
    0.00      0.00
    0.00      0.00
    0.00      0.00
    0.00      0.00
    0.00      0.00
    0.00      0.00
    0.00      0.00
    0.41      0.41
    0.65     15.03
   21.89      9.12
   48.01     48.15
   17.87     17.02
   48.80     65.38
    3.40      3.47
   33.72     32.27
   15.79      1.37
    1.31      7.39
    5.43     17.73
   21.36     36.44
   20.02     47.84
   60.97     33.07
   18.69      0.65
    2.10      1.44
    2.16      1.31
    0.00      0.00
    1.31     15.71
    1.44      0.72
    0.00      0.65
   15.06      1.37
    0.00      0.65
    1.37      0.00
    0.65      1.44
    1.44      0.00
    0.00      0.00
    0.00      0.00
    0.00      0.00
    0.00      0.00
    0.00      0.00
    0.00      0.00
    0.00      0.00
    0.00      0.00
    0.00      0.00
    0.00      0.00
    0.00      0.00
    0.00      0.00
    0.41      0.00
    0.00      0.00
    0.00      0.00
    0.00      0.00
    0.00      0.00
    0.00      0.00
    0.00      0.00
    0.00      0.00
    0.00      0.00
    0.00      0.00
    0.00      0.00
  161.26    225.87
  175.47    204.84
  104.67     97.58
  171.01    187.84
  126.13     61.73
   64.03     84.18
  140.11     77.63
  111.45     58.26
   55.41     32.25
   83.75     76.03
   49.63     23.97
   70.91     29.31
   34.74     32.08
   26.20     12.71
   17.26     46.01
   57.43     35.23
   17.60     16.95
   17.53     16.29
   14.45      1.37
    1.37      1.37
    0.72      0.00
    0.72      0.00
    1.37     15.83
    0.65      0.00
   15.17      2.03
    0.65      0.72
    0.65      1.44
    0.00      0.00
    1.44      0.00
    0.00      0.00
    0.00      0.00
    0.00      0.00
    0.00      0.00
    0.00      0.00
    0.00      0.00
    0.00      0.00
    0.00      0.00
    0.00      0.00
    0.00      0.00
    0.00      0.00
    0.00      0.00
    0.00      0.00
    0.00      0.00
    0.00      0.00
    0.00      0.00
    0.00      0.00
    0.00      0.00
    0.00      0.00
    0.00      0.00
    0.00      0.00
    0.00      0.00
    0.00      0.00
    1.96     17.18
   20.74      6.15
   17.76     32.24
   46.73     33.22
   19.15     17.90
   18.63     47.96
   19.05      4.26
   31.37     32.86
    4.27     17.09
   30.77      4.05
   18.41     36.88
    5.63      4.12
   36.54     16.52
    3.47      5.50
   14.99     17.09
    4.32      1.96
    2.09      0.72
   16.37     16.43
   15.71     15.78
    0.65      0.72
    0.72      0.65
    1.44      0.65
    0.00      0.65
    0.72      0.65
    0.72      0.65
    2.03      0.00
    0.72      1.44
    0.72      0.00
    0.00      0.00
    0.00      0.00
    0.00      0.00
    0.00      0.00
    0.00      0.00
    0.00      0.00
    0.00      0.00
    0.00      0.00
    0.00      0.00
    0.41      0.00
    0.00      0.00
    0.00      0.00
    0.00      0.00
    0.00      0.00
    0.00      0.00
    0.00      0.00
    0.00      0.00
    0.00      0.00
    0.00      0.00
   30.76     26.12
  176.41    216.97
  157.34    183.91
   51.59     59.86
  140.61    251.49
  139.63     83.78
  133.62    104.29
   58.93     13.09
   67.29     50.09
   56.82     44.59
  103.28     65.14
   37.63     34.61
   50.49     53.84
   34.29      4.98
   77.88     85.22
   24.94     11.92
   72.18     58.61
   21.32      4.76
   41.59     32.82
    5.68      2.10
    0.65      1.37
    2.75      1.38
    1.37      1.44
   15.12     15.18
   41.59     36.41
   22.10     14.49
    2.81      0.71
    2.16      0.72
    0.65      2.03
    1.31      1.44
    0.87      0.00
    0.72      0.00
    0.72      0.00
    0.00      0.00
    0.00      0.00
    0.00      0.00
    0.00      0.00
    0.00      0.00
    0.00      0.00
    0.00      0.00
    0.00      0.00
    0.00      0.00
    0.00      0.00
    0.00      0.00
    0.00      0.00
    0.00      0.00
    0.00      0.00
    0.00      0.00
    0.00      0.00
    0.00      0.00
    0.00      0.00
    0.00      0.00
    0.00      0.65
    4.00     19.30
   35.11     18.56
    2.03     32.15
   61.67     35.09
   20.01     32.93
    4.05      4.12
   17.91     18.54
   16.47     16.54
    2.73     30.68
   18.46      4.27
   29.23     20.23
    2.75      4.70
    8.32      4.77
   21.48     32.79
   17.75     19.21
    2.75      2.03
    4.26     17.12
   15.89      1.37
   31.54     17.15
    0.65      2.03
    2.82      0.72
    1.38      0.72
    0.72      0.65
    0.65      1.37
   15.03     15.80
    1.43      0.65
    0.72      1.31
    0.72      0.00
    1.31      0.72
    1.44      0.72
    0.00      0.00
    0.00      0.00
    0.00      0.00
    0.00      0.00
    0.00      0.00
    0.00      0.00
    0.00      0.00
    0.82      0.00
    0.00      0.00
    0.00      0.00
    0.00      0.00
    0.00      0.00
    0.00      0.00
    0.00      0.00
    0.00      0.00
    0.00      0.00
    0.00      0.00
   61.79    104.17
  160.25    201.84
  109.02    154.23
  127.22    248.79
  104.02    138.85
   70.22     41.67
  180.18    124.41
   95.62     50.57
  101.21     72.50
  110.97     74.82
   29.30     24.35
  129.02     69.40
   15.81     24.80
   17.93     17.61
    5.35      3.54
   33.83     20.71
    5.35      7.73
   17.27     32.95
   17.91      1.37
    4.84      4.26
    1.96     16.89
    1.44     15.51
   14.86      0.65
   16.90      2.81
   17.14     17.27
    1.37      0.72
    0.72      0.65
    1.37     16.17
   15.50      0.71
    1.37      0.72
    1.37      0.72
    0.65      1.31
    0.65      1.44
    0.00      0.00
    0.72      0.00
    0.72      0.00
    0.00      0.00
    0.00      0.00
    0.00      0.00
    0.00      0.00
    0.00      0.00
    0.00      0.00
    0.00      0.00
    0.00      0.00
    0.00      0.00
    0.00      0.00
    0.00      0.00
    0.00      0.00
    0.00      0.00
    0.00      0.00
    0.00      0.00
    0.00      0.65
    1.39      0.74
    5.11      5.25
    2.82     17.12
   31.40     18.61
   32.88     35.53
   19.70     32.17
   34.70     19.32
    4.12     17.04
   32.24     32.76
   32.35     46.44
   31.47     17.16
   15.74      4.12
    3.55      5.36
    3.47     19.06
   20.02     19.24
   20.00      4.13
    5.49      4.19
    2.75      4.77
    2.10      1.37
    4.19      2.03
    2.16     16.37
    0.00     15.00
    0.00      1.31
   32.88      2.09
    2.03      2.16
    2.10      1.37
    0.00     15.65
   16.37      1.43
    1.37      1.37
    0.72      0.65
    0.00      0.65
    0.72      0.00
    2.03      0.72
    0.72      0.72
    0.00      0.00
    0.00      0.00
    0.00      0.00
    0.00      0.00
    0.00      0.00
    0.00      0.00
    0.00      0.00
    0.00      0.00
    0.00      0.00
    0.00      0.00
    0.00      0.00
    0.00      0.00
    0.00      0.00
    0.00      0.00
  116.21    175.43
  118.73     99.11
   54.44    228.84
  156.96    159.86
   81.38     14.78
    1.48     61.51
  103.35     58.35
   54.51     52.66
   81.77     74.68
   87.09     54.94
   93.85     66.62
   51.62     53.92
  112.01     60.82
   35.81     25.53
   22.75     29.43
   21.98      6.35
    3.98      2.81
    4.05     20.80
    2.09      2.61
   44.91     26.10
   33.59     15.86
   19.89     17.45
    4.86      3.48
    1.37      0.72
    0.72      0.00
    0.65     31.59
    0.65      2.03
   33.01      2.08
   28.56     22.74
   27.94     23.25
   38.49     22.83
    2.29      0.72
    1.37      0.72
    0.72      0.00
    0.65      2.03
    0.65      0.72
    0.00      0.00
    1.44      0.00
    0.00      0.00
    0.00      0.00
    0.00      0.00
    0.00      0.00
    0.00      0.00
    0.00      0.00
    0.00      0.00
    0.00      0.00
    0.00      0.00
    0.00      0.00
    0.00      0.00
    0.00      0.00
    0.00      0.00
    0.00      0.65
    2.70      0.74
    4.84      6.87
   15.75     15.15
    1.37      1.37
    3.54     18.98
   65.63     52.14
    7.00     19.22
   49.69     48.71
    2.09      1.37
    2.75     30.91
   32.19     31.49
   15.71     16.44
    0.72     16.31
   61.88     52.57
   20.49      5.43
    6.35      3.40
    5.63      2.16
    2.03      2.68
    2.61      7.52
    3.54      2.03
    4.98     15.09
   16.46      1.36
    1.37      2.03
    0.00      0.72
    0.72      0.65
    0.72      1.31
    0.65      2.03
    2.75      1.37
    3.47      3.47
   16.17     15.57
    2.03      1.37
    1.44      0.72
    0.00      0.65
    0.72      0.65
    0.72      0.00
    1.31      1.44
    0.72      0.00
    0.00      0.00
    0.00      0.00
    0.00      0.00
    0.00      0.00
    0.00      0.00
    0.00      0.00
    0.00      0.00
    0.00      0.00
    0.00      0.00
    0.00      0.00
   46.36     26.24
  112.65    193.77
   61.81    178.90
   70.12    146.95
   94.36    182.72
  107.01     69.96
  119.64    105.67
   72.05     24.96
   40.78     19.24
   47.20     57.37
  151.85    136.77
   84.54     23.49
  141.16    161.90
   55.81     33.36
  113.95     75.27
   26.24      3.11
   10.95     32.56
   52.11     38.97
   20.28     19.78
   20.48      6.35
    2.10      2.03
    2.75      1.96
    2.68      3.54
    5.49      4.91
    1.37     15.51
   17.54      2.08
    1.44      1.37
    0.65      0.72
    1.37      0.72
    0.65      1.37
    0.00      1.31
    2.03      2.03
    2.75      2.82
   17.74     17.80
    2.10      0.72
    0.00      0.00
    1.37      0.72
    1.37      0.72
    0.41      1.71
    0.65      0.72
    0.00      0.00
    1.44      0.00
    0.00      0.00
    0.00      0.00
    0.00      0.00
    0.00      0.00
    0.00      0.00
    0.00      0.00
    0.00      0.00
    0.00      0.00
    0.00      0.00
    0.00      0.00
    0.00      0.65
    3.35      3.54
    4.91      3.33
    0.00      0.72
   44.47     45.97
    4.98      4.05
   18.42     18.50
    6.86      7.59
   38.49     53.39
   17.96     32.19
   32.58     17.66
   15.88     29.48
   15.75     45.84
   32.20      3.54
   30.23      2.82
    2.03      6.73
    4.12     21.71
   38.54     35.00
   20.16      2.82
    3.47      2.03
    2.68      2.10
    2.75      6.15
    2.89      1.31
    2.10     15.72
    1.44      1.31
   16.45      1.44
    2.75      2.03
    0.00      1.37
    1.44      0.00
    0.65      1.37
    0.72      1.96
    1.37      1.96
   18.51     18.79
    2.16      0.65
    3.40      1.44
    0.00      1.37
    0.72      0.00
    0.00      0.65
    1.13      0.00
    1.31      1.44
    0.72      0.00
    0.00      0.00
    0.00      0.00
    0.00      0.00
    0.00      0.00
    0.00      0.00
    0.00      0.00
    0.00      0.00
   60.68     77.28
  134.98    145.79
   70.33    153.80
   31.59     71.50
   61.96    157.35
  102.39     82.29
   29.95     58.92
  136.24     61.37
   83.13     58.79
   57.08     65.15
  103.09     67.43
   67.20     84.75
   68.20     39.09
   47.05     37.87
   20.48      2.76
   48.15     76.65
   38.98     38.26
   34.30      2.76
   31.18      8.02
    2.68     19.94
   21.83     23.69
    5.08      1.31
    2.75      2.61
    2.10      2.82
   57.64     46.75
   23.57     13.10
   30.73     31.02
    4.21      3.47
   16.56      2.11
    2.31      0.65
    2.68      2.82
    2.24      0.72
    0.00      0.00
    1.37      2.03
    0.65      2.03
    4.71      3.54
    0.72      2.03
    0.72      0.00
    2.03      1.44
    2.09      0.72
    0.00      0.65
    0.65      0.65
    0.00      0.72
    0.00      0.00
    1.44      0.00
    0.00      0.00
    0.00      0.00
    0.00      0.00
    0.00      0.00
    0.00      0.00
    0.00      0.00
    0.00      0.00
    0.65      0.65
    5.45      4.93
    2.82      3.40
    0.00      0.00
    0.65      2.68
   18.54     46.56
   34.71     20.01
   17.67     34.83
   53.40     21.64
   22.60     23.39
    4.31     32.89
   15.80      0.72
   15.81     46.62
   32.93      4.26
    1.37     15.65
   29.36     47.15
   20.56     21.82
    2.75      3.26
   22.13      6.15
   21.27      5.63
    4.19      2.75
    1.36      1.37
    3.40      4.06
    4.12      4.84
    3.54      0.73
   16.41     17.23
    1.44      2.03
   17.12     17.26
    0.72      0.65
    1.38      2.03
    0.72      0.00
    2.75      2.10
    0.72      0.65
    0.00      3.26
    2.82      0.72
    4.12      2.16
    1.37      1.31
    0.65      2.10
    0.65      0.00
    1.44      1.37
    0.72      0.00
    0.65      0.00
    0.65      1.44
    0.72      0.00
    0.00      0.00
    0.00      0.00
    0.00      0.00
    0.00      0.00
  102.12    150.00
   90.35    128.70
   87.05    252.50
   41.11    108.68
  108.96     98.34
   76.03     35.60
   75.86     87.17
    8.12      4.98
   56.43     70.47
  101.08     28.19
  137.43    112.54
   52.59     35.71
   84.47     51.15
   50.83     39.87
   59.80     44.36
   30.13     32.00
   76.34     58.87
   44.22      9.20
   28.66     39.96
   43.80     23.11
   32.74     22.21
    6.01     21.39
   18.73      4.12
   20.80      4.12
    2.03      2.10
    2.82      1.37
    3.92      4.91
    2.16      1.37
   15.53     15.52
    2.11      2.03
   16.81     16.96
    1.44      0.72
    2.03      2.03
    0.65      2.09
    0.72      0.00
   27.78     21.27
   29.33     14.47
    3.41      4.77
   29.87     23.22
    0.72      1.37
   28.67     15.06
    3.46      0.00
    1.44      1.44
    2.24      2.03
    1.52      0.00
    0.00      0.72
    0.00      0.00
    1.44      0.00
    0.00      0.00
    0.00      0.00
    0.00      0.00
    0.00      0.65
    2.70      0.74
    3.40      6.87
    2.82      0.72
    0.00     14.37
   16.55      4.07
    2.82     15.09
   17.04     18.46
   18.58      6.21
   22.08     34.36
   34.86     36.21
   35.73     34.89
   21.11      5.49
    2.89     17.68
   15.45     31.47
   17.80      2.03
   30.59     32.22
   17.07      2.08
   17.11     19.13
    2.75      4.64
    6.22      7.52
    8.45      3.47
   19.52     20.91
    2.68      2.10
    5.63      3.54
    1.44      2.61
    2.68      2.03
    4.26      2.16
   15.72     15.71
    0.71      0.65
    1.31      3.40
   17.81     15.77
    0.00      0.65
    2.09      1.37
    0.65      2.68
    1.44      0.65
    0.72      0.65
   17.11     16.45
    2.91      1.37
    3.47      2.82
    1.37     15.02
    0.65      1.44
   15.89      1.37
    0.72      0.65
    0.65      0.00
    1.37      0.72
    0.65      1.44
    0.72      0.00
    0.00      0.00
  139.08    198.22
  136.12    155.22
   32.77     57.12
    6.81     80.12
   21.40     53.02
  137.26     98.24
  121.17    108.23
   83.83     78.61
  173.51    118.76
  173.97     89.33
  102.43     55.35
   37.72     34.73
   84.01     44.34
   52.81     57.66
   60.13     34.83
   62.22     23.40
   68.77     84.26
   37.55     31.60
  101.91     50.11
   30.82      3.46
   68.53     53.71
   20.01     21.41
   31.65     22.87
    5.04      3.54
    3.47      2.68
   17.71     20.72
    5.56      2.10
    2.75      2.10
    3.40      4.12
    3.88     17.67
   16.54      0.71
    0.73      0.00
    1.31      3.40
   15.84     15.17
    2.09      0.72
    2.03      2.03
    0.65      1.44
    1.44      0.00
    1.31      2.09
   15.45     16.16
   29.22     24.62
    0.65      0.65
   41.40     44.27
   15.14     27.50
   16.25      1.44
   34.78     17.56
    0.00      1.31
    0.65      0.72
    1.37      0.72
    0.00      0.00
    1.44      0.00
    0.00      0.65
    3.36      3.54
    4.91      3.33
    0.00      0.72
    0.00      0.00
    1.37     18.33
   18.62      1.44
   16.46     31.87
   19.10      5.49
   36.30     38.43
    6.21     19.23
   34.22     32.30
    2.75     20.48
   21.22     18.25
   19.70      5.58
    2.82      0.72
   16.41     19.28
   16.46     32.83
   17.19      3.47
   19.27     19.13
    4.18      3.40
    4.84      4.71
   19.90     19.82
   19.44     19.77
   16.45     16.37
    6.86      4.06
    4.12      4.12
    2.16      2.82
    4.26      1.96
    1.96      3.47
    3.54      1.44
    0.72      0.00
    1.31      1.96
    1.37      2.16
    1.37      1.37
    0.72      0.65
    2.03      2.75
    1.44      0.65
    0.41      0.65
   15.71     16.35
    2.82      0.72
    1.37      1.96
    2.09      1.44
    2.03     17.09
   16.43     15.81
    0.00      0.00
   15.89      1.37
    0.00      0.65
   85.87     48.58
   69.26    205.31
   36.14    105.39
  113.27    208.49
   84.46    142.80
   28.06     28.03
   32.46     21.47
   58.46     47.88
   74.99     70.33
  100.62     98.60
   40.73     59.29
   69.55     77.39
   62.02     62.49
  113.12     79.96
   57.16     23.22
   84.28    136.28
   78.54     37.35
  120.85    129.34
   68.65     12.55
   31.41     11.99
    2.75     16.54
   16.16     19.64
    6.08      4.19
    2.68      4.84
   21.58     18.45
    2.10      3.47
    2.10      2.61
   59.44     56.32
   31.49     15.11
   21.26     19.33
    6.95      4.98
    2.89      0.65
    1.37      4.12
    4.19      1.44
    0.72      0.65
    0.65      0.65
    2.75      2.75
    1.44      1.37
    1.31      1.44
    0.65      0.65
    0.72      0.72
    2.03      1.44
   15.76     16.56
    2.75      2.82
    0.00      0.65
    0.65      1.31
    2.75     17.92
   16.54      1.44
    0.72     14.79
    0.72      0.00
   14.85      1.37
    0.65      1.37
    0.00      0.65
    5.45      4.19
    4.26      4.05
    0.00      0.00
    0.00      0.65
    2.82      2.68
    2.75      1.44
    1.37     17.15
    5.43      4.79
    6.73      9.76
   20.43     19.65
    4.84     34.35
   19.04     16.22
    4.06     30.88
   47.28     35.29
    5.57      2.03
   18.92     64.08
   47.42      5.54
    3.53      3.40
    2.82      2.03
    4.12      5.36
    1.46      3.33
   21.27     21.06
    7.01      2.82
    2.82      2.09
   15.71     17.67
    3.40      3.40
    4.12      4.19
   32.65     35.75
    4.90      2.82
    4.91      2.03
    2.75      3.47
    2.75      2.10
    2.09      0.00
    0.65      2.03
    1.37      2.10
    0.65      2.03
    2.57      0.00
    0.65      0.72
    1.37      2.68
    0.72      0.65
    1.37      2.03
    2.10      0.72
    0.72      0.00
    1.37      2.03
    1.37      2.68
    1.31      1.44
    2.81      0.72
   97.68    166.33
   98.32    122.43
   80.60    137.95
   47.94    132.23
   93.39    152.45
  106.75    106.60
   80.82     66.52
   83.98     51.87
  151.91     32.61
   19.93     32.38
   10.39     10.35
   44.20     30.41
   66.45     50.01
   20.42     11.06
   56.79     57.86
   43.06     24.87
   75.37     54.88
   57.24     59.72
   39.08      7.68
  111.78    120.68
   95.87     44.90
   27.08      4.77
   58.05     42.51
    4.64      3.54
   13.67      4.91
    7.61      8.38
    4.12     17.86
   17.92      2.88
    2.03      3.40
    2.76      2.03
   19.22     18.63
   20.14     21.87
   18.50      4.11
    3.54      2.09
    2.03      2.75
    2.82      2.68
    2.81      0.72
    0.72      1.31
    0.65      0.72
    3.40      2.09
    1.37      2.10
    0.00      0.00
    1.37      0.65
    1.31      2.82
    1.44      0.65
    1.96      1.44
    0.72      1.37
    0.00      0.65
    1.31      2.68
    2.75      1.44
    1.37      1.44
    0.72      0.00
    2.03     15.10
    4.06     22.58
   18.64      2.16
   15.90      1.44
    2.16     15.02
   15.80      4.05
    3.40      1.44
    0.00      2.03
    4.84      3.39
   22.12     24.05
   19.96     33.69
   33.82     21.25
   30.69     22.52
   45.26     30.33
   22.15     33.51
   16.11     17.12
    2.75     17.09
   48.21     20.76
    4.11     18.43
   34.28     50.04
   18.64     17.83
   21.15      4.70
    1.37      2.03
   20.80      4.78
    4.19      2.75
   17.85     17.92
    2.10      2.75
    2.75      2.03
    2.03      4.12
    0.65      3.99
   19.90     19.12
    8.33      4.26
    2.10      1.44
    4.05      4.12
    2.09      2.75
    2.75      1.44
    0.72      1.31
    2.12      2.09
    1.44      1.31
    1.37      0.72
    2.24      0.72
    1.37      1.31
    0.65      2.75
    0.72      1.31
    2.09      0.72
    1.44      0.00
    0.72      1.31
   31.84     54.98
  120.90    152.23
   33.33    132.59
  130.89    263.81
   76.64     98.27
   24.42     48.32
   71.59     13.88
   34.76     58.86
   53.85     28.90
   55.00     34.87
   41.34     20.49
   71.01     66.27
   21.91     19.41
   97.14    100.60
  121.60     55.25
   72.87    104.98
   77.63     83.84
   57.33     84.62
  133.66     62.26
  122.72     66.23
   53.33     56.11
   52.41     32.19
   28.26     27.80
   42.73     27.07
   15.18     33.81
   16.48     20.16
   18.54      6.43
   18.50      5.63
   18.33      2.82
    1.37      1.37
   16.10     17.60
    1.37      1.37
    4.84      2.81
    2.61      4.12
   17.78     21.32
    5.49      3.47
    1.37      2.81
    4.84      4.77
    2.82      1.37
    2.88      1.31
    2.03      2.09
    2.03      0.72
    0.72      1.37
    1.31      1.38
    0.72      1.37
    1.44      0.00
    1.96      1.37
    1.37      2.10
    1.31      2.16
    0.72      0.00
    0.65      0.65
    0.65      1.37
    0.00      2.68
    6.10      5.63
    5.56      4.05
    1.44      0.72
    0.72     15.66
   16.52      2.03
    2.68      4.13
    4.13      2.17
    1.44      1.96
    4.12     17.05
   21.18      7.07
    4.05      5.43
   20.74     22.12
    4.19      4.05
    4.19     17.13
   47.69     46.79
   16.61     31.27
   32.66     33.43
   33.31      3.47
   17.74     33.27
    3.42     33.88
   49.08     10.25
    6.29      3.54
    6.35      5.30
    1.37     17.09
    7.01     19.56
   20.71     19.83
   19.04      2.82
   15.77      1.31
    2.09      1.37
   16.95     20.63
    0.72      2.61
    2.16      0.65
    4.12      4.71
    5.56      2.09
    3.40      4.19
    4.73      4.19
    5.66      3.47
    0.72      2.03
    2.75      2.09
    1.37      1.37
    0.72      0.65
    0.72      0.65
    1.96      2.16
    1.44      1.31
    0.00      1.31
    1.37      1.39
    2.11      0.65
   75.77     51.19
   63.40    148.90
   81.34    128.99
   52.38     84.30
  121.64    232.80
   61.00     59.54
   67.69     30.29
   52.65     27.18
   41.49      5.57
    2.17      2.10
   28.48     21.84
   51.50     43.16
  104.04    109.05
   75.40     68.97
  136.93    107.37
   57.28     43.01
   86.94     51.93
   64.81     25.83
   83.58    100.12
   57.38     25.43
   17.20     19.20
   49.51     19.98
    2.03     17.85
    4.06     19.71
   37.65     23.93
   18.90      3.55
    6.73      4.92
    2.74      4.84
   56.20     60.99
   57.13     45.27
   55.72     48.17
   47.95     70.17
   91.16     48.22
   25.03      2.89
   28.37     16.61
    4.78      4.19
    1.96      3.47
    3.47      2.68
    2.03      5.43
    4.05      4.23
    6.39      3.40
    2.10      1.37
    2.81      1.37
    2.03      0.72
    0.72      1.37
    0.65      1.37
    1.37      1.37
    1.44      0.00
    1.31      1.37
    1.72      3.25
    2.05      1.44
    1.37      1.37
    1.31      0.65
    4.80      6.87
    2.82      2.75
    0.65      1.37
    2.83      2.05
    1.31      1.31
    5.58      4.14
    2.09      2.75
    2.81      2.09
    4.05      4.84
    5.43     19.85
   19.75      6.87
   20.06     21.20
    2.81      2.03
   20.73     33.95
   18.34     46.35
   32.67     31.42
   17.61     32.18
   33.50     34.14
    4.26     32.22
   31.98      4.83
    4.19      3.40
    4.05     20.40
   22.20      5.59
    3.54     22.40
   19.06      4.18
    6.36      4.80
    5.71      2.68
    3.49      4.05
    2.09     15.82
   16.88     16.87
    2.68      2.82
   17.34      2.68
   32.39     33.03
    2.10      1.37
    5.63      3.40
    3.40      2.75
    3.57      1.44
    4.71      6.26
    4.16      4.12
    4.13      3.54
    0.72      1.31
    2.03      2.11
    2.10      0.65
    1.37      0.72
    0.72      1.37
    0.65      2.03
   31.94     53.64
  107.75    164.07
   57.83    120.46
   32.36    173.36
  114.19    148.76
   42.59     27.58
   63.15    105.92
   56.00     56.66
   43.47     32.49
   47.36     16.59
   48.56     23.85
   27.27      4.95
  121.03     76.18
   43.27     26.18
   19.61     34.27
   75.18     25.39
   44.09     59.28
   43.90     26.73
   66.84     62.92
  174.27    139.23
   64.84     42.66
  134.75    125.65
  126.49     88.73
   89.61     40.34
   23.22     21.60
   23.10      6.29
   60.75     42.95
    4.12      4.12
   15.69      7.81
    5.42     19.29
   21.25      5.71
    1.37      2.84
    4.13      1.37
    2.09      3.47
   15.64     17.08
    2.75      1.37
    2.82      2.09
    3.26      3.54
   32.76     34.33
    1.37      2.03
    4.85      4.05
    2.16      1.37
    3.33      6.19
    5.60      2.75
    3.47      3.47
    1.37      1.31
    2.75      2.84
    2.88      0.65
    0.65      0.72
    0.72      0.00
    1.31      1.39
    1.39      1.37
    1.99      2.09
    5.96      7.85
    6.38      3.33
    0.00      0.72
    0.00      0.65
    1.37      1.37
    2.03      4.71
    4.84     17.84
   16.54      3.42
    2.09      1.31
    6.83      6.31
    4.85      4.85
    6.66      8.25
    5.57      4.84
   18.37     20.20
    5.63     17.11
    3.53     18.86
    2.82      1.37
   16.55     30.90
    1.96     17.22
   19.94     19.24
   33.10     48.25
   16.23     31.83
   50.43     21.70
   20.54     36.08
   21.08      4.78
   21.15      7.53
    3.40      6.02
    5.49      6.73
    7.26      2.16
    4.19      2.68
    0.00      2.03
    3.54      1.37
   19.17     19.45
    0.00      1.96
    2.09      2.68
    2.09      2.68
    5.63      1.44
   31.62     34.52
    2.68      2.03
    3.54      2.82
    5.46      4.81
    4.09      2.82
    3.47      2.82
    0.65      2.75
    3.33      4.79
    2.17      0.72
    1.37      0.72
   95.19    133.30
   31.84     80.14
   51.04    214.21
   59.48     47.42
   94.00    137.95
   45.59     52.97
   93.38     99.22
   66.53     69.50
   41.45     40.99
   48.38     68.95
   43.38     11.71
   23.91     13.09
   14.36     25.45
   18.80      4.09
   40.08     29.03
   55.80     43.09
   46.99      5.16
   29.82     53.95
   73.49     76.70
   66.28     40.97
   18.53     35.35
   24.04     11.42
   57.00     60.79
   41.75     18.76
   50.02     75.77
   17.07     80.27
  109.85     41.75
   28.27     35.08
   47.97     24.62
   42.46     25.44
   51.18     17.95
   24.62      8.03
    5.57      4.26
    2.75      0.72
    0.65      2.68
    2.03      4.13
    2.68      0.00
    2.89      2.82
    3.27      2.10
    0.65      4.85
    3.47      1.37
    3.40      4.25
    2.75      4.06
    2.61      4.19
   29.92     24.70
   30.61     15.61
    7.13      4.18
    1.31      2.10
    3.62      2.12
    4.15      2.03
    0.00      1.44
    0.72      0.00
    2.03      0.65
    5.45      8.34
    5.52      3.54
    1.31      2.03
    2.10      2.12
    0.74      0.00
    2.03      1.37
    2.75      5.43
    2.82     16.38
   17.04      4.06
    4.78      4.92
    4.14     19.90
   23.93      5.65
   19.96     24.05
    6.45      6.16
    3.46      3.40
    7.59     34.98
   18.00      0.72
    0.72     17.54
   16.97     16.91
   18.20      4.91
    4.83      3.47
    4.11     17.54
    0.72      0.65
   19.95     80.98
   51.05      7.61
   36.00     35.07
   19.11      7.66
    7.81     34.66
    2.08      4.64
   22.27     16.46
   35.16      5.56
    0.41      1.13
    2.17      1.31
    3.40      2.03
    0.65      3.47
    2.09      3.26
    2.09      1.37
    2.82      1.44
    2.10      2.03
    4.13      3.47
    0.72      1.31
    3.40      4.12
    5.43      4.24
    2.05     17.80
   19.25      3.53
    2.10      2.75
   62.47    105.60
   48.74     26.27
  102.35    172.82
   29.10    109.94
   73.86     84.00
   33.07    122.70
   29.43     90.95
   23.44     21.36
   71.60     78.15
   53.75    104.57
   32.62     16.62
   67.28     40.44
   53.01     37.90
   96.77     44.73
   36.94     29.74
   17.86     49.57
   88.90     60.37
   99.08     50.43
   90.43     95.46
   36.64      5.71
   46.45    134.09
  108.76     61.64
   37.22     34.42
  115.29     48.60
   61.08     32.18
    4.34      4.69
   11.11     17.77
   17.85     18.26
   67.21     45.69
   20.57      6.94
   54.28     65.53
   47.35      6.42
   46.56     28.23
   12.30     34.19
    1.38     19.30
   21.02      3.61
   18.34      4.12
    2.24      3.40
    2.75      0.00
    2.16      1.44
    1.31      3.40
    3.27      4.19
    2.75      1.46
    1.44      2.68
    3.40      2.10
    2.10      1.44
    1.96      4.05
    3.47      4.17
    2.77     18.13
   19.71      3.53
    2.82      0.72
    2.03      2.77
    1.38      2.03
    6.04      5.74
    6.38      3.33
    0.65      1.44
    2.64      2.75
    2.68      2.84
    0.74      1.37
    2.75      4.06
    5.59      4.15
   16.47     14.44
    2.03      4.78
    4.78      3.54
    2.03      3.40
    6.80      5.43
    5.36     23.39
   21.37      6.89
    5.05      3.27
    5.64      4.71
    4.15      1.39
   16.41     33.64
   18.21      0.00
   31.95     47.78
   49.99     37.65
    4.77      3.54
   19.34     19.97
    2.75      1.37
   20.64     50.48
   19.19     21.08
   37.71     20.81
    2.75     19.81
    7.68      9.42
    2.70      4.05
    8.59      0.72
   31.95     34.84
   15.80     16.31
    4.85      2.83
   19.85      4.13
    2.51      2.89
    1.44      0.65
    0.00      2.61
    1.37      2.61
    3.40      2.88
    4.21      2.10
    2.82      2.68
    2.10      1.37
    2.71      2.75
    2.70      3.51
    4.21     17.73
   97.16    110.88
   63.55    130.56
   19.20    133.02
    6.39    132.22
   45.25     85.40
   55.93     55.05
   63.53    141.44
   88.75    153.97
   41.26     14.97
   82.62     40.37
   52.75     21.97
   16.17     19.26
   34.97      5.92
   57.13     43.66
    2.78      4.85
   54.75     52.74
    5.71     20.55
   87.51     60.30
   11.54      9.18
   87.49     53.27
   52.73     47.09
  132.90    100.03
   78.14     96.43
   61.15     59.43
   98.72     51.47
  116.98     52.36
   51.65     48.48
   31.67     54.70
   38.79     50.12
  108.30     30.67
   58.89     44.73
   37.86     23.71
    5.50      6.33
   10.23      7.73
   28.40     39.63
    2.89      1.44
   74.27     81.36
   30.89     17.86
   29.53     22.35
    5.02      2.96
   20.09      2.88
    2.82      1.44
    1.31      2.75
    1.96      3.40
    1.31      2.12
    4.19      2.16
    2.03      2.68
    2.75      1.38
    2.10      3.49
    2.68     19.27
   18.75      2.75
    0.65      2.05
    6.10      2.03
    4.12      9.69
    4.92      0.72
    2.03      2.03
    1.44      2.12
    2.77      1.44
    2.68      1.38
    3.27      6.24
    3.63      2.75
    2.68      2.82
   17.11     18.50
    4.08      4.21
    4.78      2.75
    4.13      4.78
    6.74      8.38
    4.19      7.33
    6.42      4.73
   18.92     17.68
    2.17      2.03
    3.54      2.03
   16.38     31.47
   22.56     19.94
   18.51     18.00
   17.54     16.94
   19.10     37.66
   21.88      3.63
   17.85     33.58
   22.06     36.34
   33.41     34.21
    7.61      6.17
   19.57      5.57
   21.96     27.26
    5.72      2.75
    6.36      2.03
    2.82      3.40
    2.16     15.66
    0.72     15.45
    2.44      2.68
   33.44      4.77
    4.19      4.21
    1.40      2.03
    2.16      1.96
    2.82      0.65
    3.36      4.21
    2.82      1.38
    2.75      3.40
    1.37      2.75
   78.04     51.98
   31.98    133.59
   34.73    105.81
   38.96    153.68
   51.69     81.17
   29.43     87.20
   85.99    151.04
  150.82     81.63
   49.04     41.20
   53.87     44.74
   69.55     29.85
   35.18     15.45
   16.31     18.27
   78.31     65.90
   36.07      6.84
   26.72     25.10
   37.43     10.48
   46.53     29.82
   40.93     40.85
   84.82     73.39
   97.52     59.11
   53.51     28.60
   40.34     37.26
   56.91      4.47
   72.55    111.25
  109.50     43.50
   20.76     31.02
   77.93     51.37
    6.25     24.15
   49.78     48.13
   94.12     87.55
   36.40     30.27
   53.83     23.50
   45.64     27.40
   20.77      7.03
   50.89     51.12
   32.28     28.58
    2.10      2.03
   16.60      5.05
    2.10      0.72
    1.37      3.40
    2.24     31.45
    3.40      2.10
   17.80      2.83
    4.05      3.60
    1.30      4.05
    3.33      4.21
    2.11      0.72
    2.17      0.65
    3.33      4.14
    1.44      2.68
    2.75      1.44
    4.71      6.26
    6.78      7.71
    6.38      3.33
    2.03      1.37
    1.37      4.14
    3.49      1.37
    0.72      1.37
    4.78     17.85
   18.50      6.24
    5.59      2.12
    3.35      4.91
    2.16      1.37
    2.61      4.19
    4.71      4.93
    4.12      3.40
    6.73      4.19
    2.09      8.76
    7.15      4.71
    3.47      2.68
   32.94     34.86
   19.27     32.10
    1.44      2.03
   19.24     16.81
    2.09     17.74
   20.60      4.91
   18.44     21.48
    2.77      4.77
    5.58     31.91
   34.88     22.57
   21.26      9.62
   18.94     32.69
   22.80      7.48
    2.70     19.90
   20.86      8.62
   21.26     20.05
    7.11      2.75
    1.44      1.31
    4.35      2.68
   17.19     16.46
    1.37      1.37
    2.03      2.74
    3.56     17.13
    0.00      2.61
    2.10      0.72
   17.35      3.34
    2.03      2.03
    6.17      4.28
    0.72      2.03
   80.69    133.16
   78.55    106.71
   49.73    129.12
   50.39    136.74
    6.20      7.64
   94.25    120.21
   43.61     80.21
   65.39     31.99
   31.77     39.43
   67.49      6.29
   10.91     19.58
   22.77      6.07
    6.67      4.49
   49.30     36.28
   32.51     43.01
    6.35      5.37
    5.47      4.63
    3.55      4.12
    5.44      2.75
   56.80     48.77
  113.35     55.01
  111.88    138.67
   60.68    110.63
   69.47     74.98
   26.90     68.10
   57.18     24.57
  109.21     58.09
   46.67     27.24
   47.31     27.66
   53.96     48.51
   27.13     41.16
   21.22     20.94
   19.96      7.45
   18.29     22.09
    7.54      3.42
   18.05     35.88
   33.20     29.58
    6.84      4.30
   31.45     30.66
   18.92      3.60
    2.03      2.03
    2.11      3.40
   17.54     18.32
    4.84      2.18
    0.65      0.00
    0.71      2.03
    3.33      3.54
    1.31      2.75
    4.27      2.68
    0.65      2.18
    3.49      2.12
    3.40      3.40
    2.82      2.68
    6.67      8.31
    6.40      4.21
    3.40     18.45
    2.05      3.40
   17.26      1.46
    2.76      3.40
    2.03      2.83
    6.31     19.72
   18.45      3.54
    4.06      4.89
   28.61     23.35
   32.00     15.99
    4.71      7.01
    9.85      7.68
    2.68      4.13
    6.28      6.08
    4.26      3.33
    2.82      2.68
    3.47      3.40
   18.34     47.02
   19.84      6.15
    3.47     17.78
    5.02     17.19
   31.74     16.30
    4.12     32.22
   20.28      8.25
   21.68     18.93
   16.80      5.59
    5.52     20.70
   18.58     24.29
    6.29     17.18
   38.82      9.63
    2.05      3.47
    7.72      8.03
   18.36     19.22
    7.77      3.51
    3.64     16.41
    2.82      2.03
   30.16     17.09
    2.75      2.68
    3.40      4.12
    2.90      1.38
   17.10     16.43
    0.72      1.96
    0.72      1.31
    4.85      3.47
   72.40     73.21
   33.81    107.86
   48.54    105.80
   39.97    190.41
   52.59     66.32
   72.12    121.82
   86.66    104.58
   52.09     71.48
   91.51      5.45
   76.97     13.10
    2.77      4.19
   31.74      8.61
   29.31     18.53
   76.20     39.14
   47.81     28.78
   24.51     35.33
   54.26     14.90
    8.29      6.87
   44.15     38.24
   83.22     46.56
   35.97     10.53
   30.44     29.07
   46.12     36.76
   45.27     65.45
   67.85     33.01
   57.54     77.45
  103.01     37.25
   24.56     70.51
   58.98     69.06
   38.70     36.32
   84.17     74.99
   42.81     15.58
   20.14     32.80
   46.76     40.98
   53.49     45.51
   25.00      5.94
    4.85      6.29
   23.21      7.83
    4.05      4.12
    4.16      4.29
   16.99     16.94
    1.37      2.09
   16.88      2.09
   17.13     19.86
    4.12      2.90
    2.09      1.37
    2.11      0.72
   43.39     39.05
    0.65      2.10
   53.03     49.40
   50.53     27.63
   55.16     41.84
   12.21      3.83
   21.56     10.29
    6.20      6.30
    2.53      2.51
    2.82      2.03
    2.68      2.75
    4.78     19.97
    3.49      2.70
   20.04      5.43
    4.06      4.98
    4.19      4.07
    4.23      2.70
    4.70      4.28
    8.05      7.03
    6.21      6.21
    4.79      5.49
    5.71      4.23
   16.91     21.47
    7.81      3.47
    2.81      1.31
   17.27     17.84
    3.47      4.71
    3.61      1.31
    1.96      2.75
    2.83     17.76
    2.75      2.03
    3.99     34.96
   35.75     38.88
   38.01     19.87
   18.65     49.13
   34.17     34.23
   36.13     23.83
   22.13     19.75
    8.29     10.23
   18.30      4.91
    8.45     21.78
    4.62      4.14
   22.19      5.43
    3.58      2.79
    1.44      1.31
    2.82     16.36
   17.19      2.03
    2.03      4.77
    4.86      3.49
    3.40      1.37
    1.44      3.40
    0.00      0.65
   90.31     74.99
   31.74    133.93
   17.00    105.91
   23.63    172.64
    5.90     32.05
   45.35     83.06
   17.07     80.14
   37.98    140.57
   68.96     58.67
   64.38     78.47
   86.89     90.48
   30.96      9.07
   36.99     14.96
   17.06      4.14
   29.06     28.95
   24.06      4.03
   53.80     54.88
   20.49      8.38
   53.27     54.05
   48.80     42.91
   39.24     37.91
  107.24    111.95
   56.51      7.47
   34.03     65.21
   57.35     78.34
   55.44     83.18
   69.57     40.61
   91.26    105.85
   46.38     21.56
   63.64     66.57
   37.90     44.96
   86.09     68.72
   55.19    106.23
   82.12     36.55
   63.96     62.19
   44.80     26.59
   52.46     29.66
   19.88      8.05
   22.05      5.13
    8.70      7.10
    2.84      4.19
    3.33      3.49
    3.44      2.18
    2.03      2.82
    1.31     16.49
   17.94      3.47
    2.75      3.49
    2.86      2.68
    1.38      0.72
    4.71      4.85
    0.00      0.72
    1.37      1.37
    2.84      2.05
    7.41      8.91
    6.22      6.29
    2.75      2.03
    4.14     18.50
    2.17      1.38
    1.96     15.76
   31.98     18.42
    2.82      3.92
   20.51      5.00
    4.93      4.21
   27.63     27.36
    4.14      2.75
   57.96     56.52
   14.24     11.14
   19.75      6.29
    7.67      4.77
    6.17      4.97
    2.11      5.36
   22.39     19.11
   19.38     21.21
    3.53      2.03
    3.56      3.27
    2.88      1.37
    2.68      2.09
    1.37      3.40
   18.22     16.97
    4.78      4.92
    3.49      4.78
   21.09     50.65
   36.42     22.55
   32.79     19.96
   36.33     47.56
    4.85     26.98
   38.80     20.66
   24.58     39.70
    4.21      6.30
   25.12      8.77
    6.29      4.14
    4.28      1.38
    4.19      3.35
    2.92      2.70
    0.00      0.65
    2.82      2.68
    4.12      2.82
    2.03      3.42
    3.42      1.39
   59.83     28.69
   30.72    118.25
   63.84    157.46
    3.26    110.31
   48.65    109.17
   29.33     86.50
   45.64     74.95
   18.07     76.16
   90.07     98.04
   30.75     37.01
   60.61     20.45
   50.05     37.62
   61.56     38.07
   48.24     12.68
   55.31     26.61
    8.32      6.26
   79.29     56.83
    6.21      7.63
   44.43     46.12
   84.68     43.83
   32.11     68.13
   70.47     53.44
   88.72     55.63
   61.86     68.08
   84.43     76.92
   49.72     59.13
   27.49     80.09
   56.78     24.70
   83.41     33.04
   33.45     58.60
   73.24     50.28
   99.07     23.13
   59.23     48.32
   39.14     23.06
   19.97     49.69
   87.12     36.41
   84.65     63.93
   47.22     53.29
   30.11     32.25
   76.38     56.39
    7.39     33.20
   48.22     31.26
   28.43      9.16
   28.26      5.93
    3.51      2.35
    0.65      0.72
    1.96      4.06
    0.00      2.10
    4.87      3.47
    2.77      1.37
    2.68      2.10
    2.03      2.89
    0.72      1.31
    5.38      5.59
    4.91      4.71
    3.49      4.01
    2.61      4.85
    3.49      3.56
    6.88      2.10
    2.68      4.91
    2.88      2.70
    4.06      3.40
    2.75      4.21
    1.38      0.72
   17.21     19.16
    4.71      5.50
    8.87      9.08
    6.89      5.50
    6.40      4.78
    5.50      4.86
    3.49      1.38
   32.87     39.00
    9.62      6.91
    4.93      3.49
    4.28      4.06
    4.19      2.61
    2.16      2.75
    4.78     32.00
   30.59      2.74
   19.74     20.35
   18.35     18.97
   21.22     18.73
    3.48      5.59
    4.73      5.58
    6.74     37.07
    4.21     19.95
   36.92      7.60
   22.05     19.87
    4.91     20.60
   10.91     41.63
    8.38      6.02
    4.55      5.91
   53.30     24.10
   21.13     33.86
    2.10      1.96
    5.02      2.13
   17.01      1.96
    2.03      2.18
    2.82      2.68
   46.42     54.01
   64.07    133.04
   72.13    172.49
   38.31     79.50
   13.19     54.97
   17.15     31.42
   64.22    123.78
   23.07     56.35
   57.07    104.93
  113.74     49.40
    4.12     36.57
   17.90      5.71
   45.41     19.23
   35.16     38.89
   43.83     33.94
   28.64     15.05
   40.28     13.10
   22.76      7.89
   34.71     29.49
   31.89     22.73
   13.13      7.67
   60.27     47.06
   32.74      7.77
   69.13     91.50
   73.97     32.63
   32.07     70.05
   13.76      4.35
   18.46     41.40
  125.03     38.64
   24.12     36.23
  113.04     46.46
   69.45     52.55
   26.86     11.11
   40.92     61.03
   48.81     33.60
   34.51     30.05
   79.71     56.23
   34.14     40.72
   96.41     29.48
   22.77     50.75
   42.84     19.92
    8.88     21.72
   57.41     40.05
   27.19     26.86
    4.81      5.82
   56.01     20.86
   37.64     20.75
    0.65      2.03
    2.68      2.82
    2.18      0.00
   16.43      2.75
    1.96      2.10
    2.10      2.12
    6.03      8.32
    8.34      5.50
    0.72      2.05
    1.37      1.39
    2.82      2.68
   28.49     24.03
    3.49      2.82
   56.51     58.49
    3.40      4.73
   16.40      5.71
    9.28      3.55
    2.03      4.07
    3.40      2.82
    4.05      4.84
    6.31     19.89
    5.43      8.18
    7.05      6.08
   18.60      4.87
    4.86      2.03
    3.54      8.00
    8.39      3.56
    6.45      4.80
    4.19      5.43
    4.06     18.55
   19.41      4.19
    2.75     15.84
    5.43      6.94
    4.25     33.46
   17.14      2.12
    7.01     19.36
   34.18     48.98
   36.08      7.02
    5.55      4.85
    5.43      7.62
   19.87     18.84
    4.86     20.54
   20.60     19.81
   23.83      9.04
   19.32     34.37
   22.28     11.55
   13.18      8.34
    4.13     17.76
    5.72     18.89
    2.75     20.49
   19.33      3.60
   18.67     17.87
   30.66      0.68
    0.63      0.00
    0.00      0.00
    0.00      0.00
    0.41      0.41
    0.00      0.00
    0.00      0.00
    0.00      0.00
    0.00      0.00
    0.00      0.00
    0.00      0.00
    0.00      0.00
    0.00      0.00
    0.00      0.00
    0.00      0.00
    0.00      0.00
    0.00      0.00
    0.00      0.00
    0.00      0.00
    0.00      0.00
    0.00      0.00
    0.00      0.00
    0.00      0.00
    0.00      0.00
    0.00      0.00
    0.00      0.00
    0.00      0.00
    0.00      0.00
    0.00      0.00
    0.00      0.00
    0.00      0.00
    0.00      0.00
    0.00      0.00
    0.00      0.00
    0.00      0.00
    0.00      0.00
    0.00      0.00
    0.00      0.00
    0.00      0.00
    0.00      0.00
