      h_eth1      
 KB/s in  KB/s out
    0.00      0.00
    0.00      0.00
    1.34      0.00
    0.00      0.00
    0.00      0.00
    0.00      0.00
    0.00      0.00
    0.00      0.00
    0.00      0.00
    0.00      0.00
    0.00      0.00
    0.00      0.00
    0.00      0.00
    0.00      0.00
    0.00      0.00
    0.00      0.00
    0.00      0.00
    0.00      0.00
    0.00      0.00
    0.00      0.00
    0.00      0.00
    0.00      0.00
    0.00      0.00
    0.00      0.00
    0.00      0.00
    0.00      0.00
    0.00      0.00
    0.00      0.00
    0.00      0.00
    0.00      0.00
    0.00      0.00
    0.00      0.00
    0.00      0.00
    0.00      0.00
    0.00      0.00
    0.00      0.00
    0.00      0.00
    0.00      0.00
    0.00      0.00
    0.00      0.00
    0.00      0.00
    0.00      0.00
    2.04      0.00
    0.00      0.00
    0.00      0.00
    0.00      0.00
    0.00      0.00
    0.00      0.00
    0.00      0.00
    0.00      0.00
    0.00      0.00
    0.00      0.00
    0.00      0.00
    0.00      0.00
    0.00      0.00
    0.00      0.00
    0.00      0.00
    0.00      0.00
    0.00      0.00
    0.00      0.00
    0.00      0.00
    0.00      0.00
    0.00      0.00
    0.00      0.00
    0.00      0.00
    0.00      0.00
    0.00      0.00
    0.00      0.00
    0.00      0.00
    0.00      0.00
    0.00      0.00
    0.00      0.00
    0.00      0.00
    0.00      0.00
    0.00      0.00
    0.00      0.00
    0.00      0.00
    0.00      0.00
    0.00      0.00
    0.00      0.00
    0.00      0.00
    0.00      0.00
    0.00      0.00
    0.00      0.00
    0.00      0.00
    0.00      0.00
    0.00      0.00
    0.00      0.00
    0.00      0.00
    0.00      0.00
    0.00      0.00
    0.00      0.00
    0.00      0.00
    0.00      0.00
    0.00      0.00
    0.00      0.00
    0.00      0.00
    0.00      0.00
    0.00      0.00
    0.00      0.00
    0.00      0.00
    0.00      0.00
    0.00      0.00
    0.00      0.00
    0.00      0.00
    0.00      0.00
    0.00      0.00
    0.00      0.00
    0.00      0.00
    0.00      0.00
    0.82      0.00
    0.00      0.00
    0.00      0.00
    0.00      0.00
    0.00      0.00
    0.00      0.00
    0.00      0.00
    0.00      0.00
    0.00      0.00
    0.00      0.00
    0.00      0.00
    0.00      0.00
    0.00      0.00
    0.00      0.00
    0.00      0.00
    0.00      0.00
    0.00      0.00
    0.00      0.00
    0.00      0.00
    0.00      0.00
    0.00      0.00
    0.00      0.00
    0.00      0.00
    0.00      0.00
    0.00      0.00
    0.00      0.00
    0.00      0.00
    0.00      0.00
    0.00      0.00
    0.00      0.00
    0.00      0.00
    0.00      0.00
    0.00      0.00
    0.00      0.00
    0.00      0.00
    0.00      0.00
    0.00      0.00
    0.00      0.00
    0.00      0.00
    0.00      0.00
    0.00      0.00
    0.00      0.00
    0.00      0.00
    0.00      0.00
    0.00      0.00
    0.00      0.00
    0.00      0.00
    0.00      0.00
    0.00      0.00
    0.00      0.00
    0.00      0.00
    0.00      0.00
    0.00      0.00
    0.00      0.00
    0.00      0.00
    2.73      0.00
    0.00      0.00
    0.00      0.00
    0.00      0.00
    0.00      0.00
    0.00      0.00
    0.00      0.00
    0.00      0.00
    0.00      0.00
    0.00      0.00
    0.00      0.00
    0.00      0.00
    0.00      0.00
    0.00      0.00
    0.00      0.00
    0.00      0.00
    0.00      0.00
    0.00      0.00
    0.00      0.00
    0.00      0.00
    0.00      0.00
    0.00      0.00
    0.00      0.00
    0.00      0.00
    0.00      0.00
    0.00      0.00
    0.00      0.00
    0.00      0.00
    0.00      0.00
    0.00      0.00
    0.00      0.00
    0.00      0.00
    0.00      0.00
    0.00      0.00
    0.00      0.00
    0.00      0.00
    0.00      0.00
    0.00      0.00
    0.00      0.00
    0.00      0.00
    0.00      0.00
    1.36      0.00
    0.00      0.00
    0.00      0.00
    0.00      0.00
    0.41      0.00
    0.00      0.00
    0.00      0.00
    0.00      0.00
    0.00      0.00
    0.00      0.00
    0.00      0.00
    0.00      0.00
    0.00      0.00
    0.00      0.00
    0.00      0.00
    0.00      0.00
    0.00      0.00
    0.00      0.00
    0.00      0.00
    0.00      0.00
    0.00      0.00
    0.00      0.00
    0.00      0.00
    0.00      0.00
    0.00      0.00
    0.00      0.00
    0.00      0.00
    0.00      0.00
    0.00      0.00
    0.00      0.00
    0.00      0.00
    0.00      0.00
    0.00      0.00
    0.00      0.00
    0.00      0.00
    0.00      0.00
    0.00      0.00
    0.00      0.00
    0.00      0.00
    0.00      0.00
    0.00      0.00
    0.68      0.00
    0.00      0.00
    0.00      0.00
    0.00      0.00
    0.00      0.00
    0.00      0.00
    0.00      0.00
    0.00      0.00
    0.00      0.00
    0.00      0.00
    0.00      0.00
    0.00      0.00
    0.00      0.00
    0.00      0.00
    0.00      0.00
    0.00      0.00
    0.00      0.00
    0.00      0.00
    0.00      0.00
    0.00      0.00
    0.00      0.00
    0.00      0.00
    0.00      0.00
    0.00      0.00
    0.00      0.00
    0.00      0.00
    0.00      0.00
    0.00      0.00
    0.00      0.00
    0.00      0.00
    0.00      0.00
    0.00      0.00
    0.00      0.00
    0.00      0.00
    0.00      0.00
    0.00      0.00
    0.00      0.00
    0.00      0.00
    0.00      0.00
    0.00      0.00
    0.00      0.00
    0.68      0.00
    0.00      0.00
    0.00      0.00
    0.00      0.00
    0.00      0.00
    0.00      0.00
    0.00      0.00
    0.00      0.00
    0.00      0.00
    0.00      0.00
    0.00      0.00
    0.00      0.00
    0.00      0.00
    0.00      0.00
    0.00      0.00
    0.00      0.00
    0.00      0.00
    0.00      0.00
    0.00      0.00
    0.00      0.00
    0.00      0.00
    0.41      0.00
    0.00      0.00
    0.00      0.00
    0.00      0.00
    0.00      0.00
    0.00      0.00
    0.00      0.00
    0.00      0.00
    0.00      0.00
    0.00      0.00
    0.00      0.00
    0.00      0.00
    0.00      0.00
    0.00      0.00
    0.00      0.00
    0.00      0.00
    0.00      0.00
    0.00      0.00
    0.00      0.00
    3.41      0.00
    0.00      0.00
    0.00      0.00
    0.00      0.00
    0.00      0.00
    0.00      0.00
    0.00      0.00
    0.00      0.00
    0.00      0.00
    0.00      0.00
    0.00      0.00
    0.00      0.00
    0.00      0.00
    0.00      0.00
    0.00      0.00
    0.00      0.00
    0.00      0.00
    0.00      0.00
    0.00      0.00
    0.00      0.00
    0.00      0.00
    0.00      0.00
    0.00      0.00
    0.00      0.00
    0.00      0.00
    0.00      0.00
    0.00      0.00
    0.00      0.00
    0.00      0.00
    0.00      0.00
    0.00      0.00
    0.00      0.00
    0.00      0.00
    0.00      0.00
    0.00      0.00
    0.00      0.00
    0.00      0.00
    0.00      0.00
    0.00      0.00
    0.00      0.00
    0.00      0.00
    2.04      0.00
    0.00      0.00
    0.00      0.00
    0.00      0.00
    0.00      0.00
    0.00      0.00
    0.00      0.00
    0.00      0.00
    0.00      0.00
    0.00      0.00
    0.00      0.00
    0.00      0.00
    0.00      0.00
    0.00      0.00
    0.00      0.00
    0.00      0.00
    0.00      0.00
    0.00      0.00
    0.00      0.00
    0.00      0.00
    0.00      0.00
    0.00      0.00
    0.00      0.00
    0.00      0.00
    0.00      0.00
    0.00      0.00
    0.00      0.00
    0.00      0.00
    0.00      0.00
    0.00      0.00
    0.00      0.00
    0.00      0.00
    0.00      0.00
    0.00      0.00
    0.00      0.00
    0.00      0.00
    0.00      0.00
    0.00      0.00
    0.00      0.00
    0.00      0.00
    0.82      0.00
    0.68      0.00
    0.00      0.00
    0.00      0.00
    0.00      0.00
    0.00      0.00
    0.00      0.00
    0.00      0.00
    0.00      0.00
    0.00      0.00
    0.00      0.00
    0.00      0.00
    0.00      0.00
    0.00      0.00
    0.00      0.00
    0.00      0.00
    0.00      0.00
    0.00      0.00
    0.00      0.00
    0.00      0.00
    0.00      0.00
    0.00      0.00
    0.00      0.00
    0.00      0.00
    0.00      0.00
    0.00      0.00
    0.00      0.00
    0.00      0.00
    0.00      0.00
    0.00      0.00
    0.00      0.00
    0.00      0.00
    0.00      0.00
    0.00      0.00
    0.00      0.00
    0.00      0.00
    0.00      0.00
    0.00      0.00
    0.00      0.00
    0.00      0.00
    0.00      0.00
    0.00      0.00
    0.00      0.68
    0.00      0.00
    0.00      0.00
    0.00      0.00
    0.00      0.00
    0.00      0.00
    0.00      0.00
    0.00      0.00
    0.00      0.00
    0.00      0.00
    0.00      0.00
    0.00      0.00
    0.00      0.00
    0.00      0.00
    0.00      0.00
    0.00      0.00
    0.00      0.00
    0.00      0.00
    0.00      0.00
    0.00      0.00
    0.00      0.00
    0.00      0.00
    0.00      0.00
    0.00      0.00
    0.00      0.00
    0.00      0.00
    0.00      0.00
    0.00      0.00
    0.00      0.00
    0.00      0.00
    0.00      0.00
    0.00      0.00
    0.00      0.00
    0.00      0.00
    0.00      0.00
    0.00      0.00
    0.00      0.00
    0.00      0.00
    0.00      0.00
    0.00      0.00
    0.00      0.00
    0.68      0.00
    0.00      0.00
    0.00      0.00
    0.00      0.00
    0.00      0.00
    0.00      0.00
    0.00      0.00
    0.00      0.00
    0.00      0.00
    0.00      0.00
    0.00      0.00
    0.00      0.00
    0.00      0.00
    0.00      0.00
    0.00      0.00
    0.00      0.00
    0.00      0.00
    1.23      0.00
    0.00      0.00
    0.00      0.00
    0.00      0.00
    0.00      0.00
    0.00      0.00
    0.00      0.00
    0.00      0.00
    0.00      0.00
    0.00      0.00
    0.00      0.00
    0.00      0.00
    0.00      0.00
    0.00      0.00
    0.00      0.00
    0.00      0.00
    0.00      0.00
    0.00      0.00
    0.00      0.00
    0.00      0.00
    0.00      0.00
    0.00      0.00
    0.00      0.00
    0.00      0.00
    0.00      0.00
    0.00      0.00
    0.00      0.00
    0.00      0.00
    0.00      0.00
    0.00      0.00
    0.00      0.00
    0.00      0.00
    0.00      0.00
    0.00      0.00
    0.00      0.00
    0.00      0.00
    0.00      0.00
    0.00      0.00
    0.00      0.00
    0.00      0.00
    0.00      0.00
    0.00      0.00
    0.00      0.00
    0.00      0.00
    0.00      0.00
    0.00      0.00
    0.00      0.00
    0.00      0.00
    0.00      0.00
    0.00      0.00
    0.00      0.00
    0.00      0.00
    0.00      0.00
    0.00      0.00
    0.00      0.00
    0.00      0.00
    0.00      0.00
    0.00      0.00
    0.00      0.00
    0.00      0.00
    0.00      0.00
    0.00      0.00
    0.00      0.00
    0.00      0.00
    0.00      0.00
    0.00      0.00
    0.00      0.00
    0.00      0.00
    0.00      0.00
    0.00      0.00
    0.00      0.00
    0.00      0.00
    0.00      0.00
    0.00      0.00
    0.00      0.00
    0.00      0.00
    0.00      0.00
    0.00      0.00
    0.00      0.00
    0.00      0.00
    0.00      0.00
    0.00      0.00
    0.00      0.00
    0.00      0.00
    0.00      0.00
    0.00      0.00
    0.00      0.00
    0.00      0.00
    0.00      0.00
    0.00      0.00
    0.00      0.00
    0.00      0.00
    0.00      0.00
    0.00      0.00
    0.00      0.00
    0.00      0.00
    0.00      0.00
    0.00      0.00
    0.00      0.00
    0.00      0.00
    0.82      0.00
    0.00      0.00
    0.00      0.00
    0.00      0.00
    0.00      0.00
    0.00      0.00
    0.00      0.00
    0.00      0.00
    0.00      0.00
    0.00      0.00
    0.00      0.00
    0.00      0.00
    0.00      0.00
    0.00      0.00
    0.00      0.00
    0.00      0.00
    0.00      0.00
    0.00      0.00
    0.00      0.00
    0.00      0.00
    0.00      0.00
    0.00      0.00
    0.00      0.00
    0.00      0.00
    0.00      0.00
    0.00      0.00
    0.00      0.00
    0.00      0.00
    0.00      0.00
    0.00      0.00
    0.00      0.00
    0.00      0.00
    0.00      0.00
    0.00      0.00
    0.00      0.00
    0.00      0.00
    0.00      0.00
    0.00      0.00
    0.00      0.00
    0.00      0.00
    0.00      0.00
    0.00      0.00
    0.00      0.00
    0.00      0.00
    0.00      0.00
    0.00      0.00
    0.00      0.00
    0.00      0.00
    0.00      0.00
    0.00      0.00
    0.00      0.00
    0.00      0.00
    0.00      0.00
    0.00      0.00
    0.00      0.00
    0.00      0.00
    0.00      0.00
    0.00      0.00
    0.00      0.00
    0.00      0.00
    0.00      0.00
    0.00      0.00
    0.00      0.00
    0.00      0.00
    0.00      0.00
    0.00      0.00
    0.00      0.00
    0.00      0.00
    0.00      0.00
    0.00      0.00
    0.00      0.00
    0.00      0.00
    0.00      0.00
    0.00      0.00
    0.00      0.00
    0.00      0.00
    0.00      0.00
    0.00      0.00
    0.00      0.00
    0.00      0.00
    0.00      0.00
    0.00      0.00
    0.00      0.00
    0.00      0.00
    0.00      0.00
    0.00      0.00
    0.00      0.00
    0.00      0.00
    0.00      0.00
    0.00      0.00
    0.00      0.00
    0.00      0.00
    0.00      0.00
    0.00      0.00
    0.00      0.00
    0.00      0.00
    0.00      0.00
    0.00      0.00
    0.00      0.00
    0.00      0.00
    0.00      0.00
    0.00      0.00
    0.00      0.00
    0.00      0.00
    0.00      0.00
    0.00      0.00
    0.00      0.00
    0.00      0.00
    0.00      0.00
    0.00      0.00
    0.00      0.00
    0.00      0.00
    0.00      0.00
    0.00      0.00
    0.00      0.00
    0.00      0.00
    0.00      0.00
    0.00      0.00
    0.00      0.00
    0.00      0.00
    0.00      0.00
    0.00      0.00
    0.00      0.00
    0.00      0.00
    0.00      0.00
    0.00      0.00
    0.00      0.00
    0.00      0.00
    0.00      0.00
    0.00      0.00
    0.00      0.00
    0.00      0.00
    0.00      0.00
    0.00      0.00
    0.00      0.00
    0.00      0.00
    0.00      0.00
    0.00      0.00
    0.00      0.00
    0.00      0.00
    0.00      0.00
    0.00      0.00
    0.00      0.00
    0.00      0.00
    0.00      0.00
    0.00      0.00
    0.00      0.00
    0.00      0.00
    0.00      0.00
    0.00      0.00
    0.00      0.00
    0.00      0.00
    0.00      0.00
    0.00      0.00
    0.00      0.00
    0.00      0.00
    0.00      0.00
    0.00      0.00
    0.00      0.00
    0.00      0.00
    0.00      0.00
    0.00      0.00
    0.00      0.00
    0.00      0.00
    0.00      0.00
    0.00      0.00
    0.00      0.00
    0.00      0.00
    0.00      0.00
    0.00      0.00
    0.00      0.00
    0.00      0.00
    0.00      0.00
    0.00      0.00
    0.00      0.00
    0.00      0.00
    0.00      0.00
    0.00      0.00
    0.00      0.00
    0.00      0.00
    0.00      0.00
    0.00      0.00
    0.00      0.00
    0.00      0.00
    0.00      0.00
    0.00      0.00
    0.00      0.00
    0.00      0.00
    0.00      0.00
    0.00      0.00
    0.00      0.00
    0.00      0.00
    0.00      0.00
    0.00      0.00
    0.00      0.00
    0.00      0.00
    0.00      0.00
    0.00      0.00
    0.00      0.00
    0.41      0.00
    0.00      0.00
    0.00      0.00
    0.00      0.00
    0.00      0.00
    0.00      0.00
    0.00      0.00
    0.00      0.00
    0.00      0.00
    0.00      0.00
    0.00      0.00
    0.00      0.00
    0.00      0.00
    0.00      0.00
    0.00      0.00
    0.00      0.00
    0.00      0.00
    0.00      0.00
    0.00      0.00
    0.00      0.00
    0.00      0.00
    0.00      0.00
    0.00      0.00
    0.00      0.00
    0.00      0.00
    0.00      0.00
    0.00      0.00
    0.00      0.00
    0.00      0.00
    0.00      0.00
    0.00      0.00
    0.00      0.00
    0.00      0.00
    0.00      0.00
    0.00      0.00
    0.00      0.00
    0.00      0.00
    0.00      0.00
    0.00      0.00
    0.00      0.00
    0.00      0.00
    0.00      0.00
    0.00      0.00
    0.00      0.00
    0.00      0.00
    0.00      0.00
    0.00      0.00
    0.00      0.00
    0.00      0.00
    0.00      0.00
    0.00      0.00
    0.00      0.00
    0.00      0.00
    0.00      0.00
    0.00      0.00
    0.00      0.00
    0.00      0.00
    0.00      0.00
    0.00      0.00
    0.00      0.00
    0.00      0.00
    0.00      0.00
    0.00      0.00
    0.00      0.00
    0.00      0.00
    0.00      0.00
    0.00      0.00
    0.00      0.00
    0.00      0.00
    0.00      0.00
    0.00      0.00
    0.00      0.00
    0.00      0.00
    0.00      0.00
    0.00      0.00
    0.00      0.00
    0.00      0.00
    0.00      0.00
    0.00      0.00
    0.00      0.00
    0.00      0.00
    0.00      0.00
    0.00      0.00
    0.00      0.00
    0.00      0.00
    0.00      0.00
    0.00      0.00
    0.00      0.00
    0.00      0.00
    0.00      0.00
    0.00      0.00
    0.00      0.00
    0.00      0.00
    0.00      0.00
    0.00      0.00
    0.00      0.00
    0.00      0.00
    0.00      0.00
    0.00      0.00
    0.00      0.00
    0.41      0.00
    0.00      0.00
    0.00      0.00
    0.00      0.00
    0.00      0.00
    0.00      0.00
    0.00      0.00
    0.00      0.00
    0.00      0.00
    0.00      0.00
    0.00      0.00
    0.00      0.00
    0.00      0.00
    0.00      0.00
    0.00      0.00
    0.00      0.00
    0.00      0.00
    0.00      0.00
    0.00      0.00
    0.00      0.00
    0.00      0.00
    0.00      0.00
    0.00      0.00
    0.00      0.00
    0.00      0.00
    0.00      0.00
    0.00      0.00
    0.00      0.00
    0.00      0.00
    0.00      0.00
    0.00      0.00
    0.00      0.00
    0.00      0.00
    0.00      0.00
    0.00      0.00
    0.00      0.00
    0.00      0.00
    0.00      0.00
    0.00      0.00
    0.00      0.00
    0.00      0.00
    0.00      0.00
    0.00      0.00
    0.00      0.00
    0.00      0.00
    0.00      0.00
    0.00      0.00
    0.00      0.00
    0.00      0.00
    0.00      0.00
    0.00      0.00
    0.00      0.00
    0.00      0.00
    0.00      0.00
    0.00      0.00
    0.00      0.00
    0.00      0.00
    0.00      0.00
    0.00      0.00
    0.00      0.00
    0.00      0.00
    0.00      0.00
    0.00      0.00
    0.00      0.00
    0.00      0.00
    0.00      0.00
    0.00      0.00
    0.00      0.00
    0.00      0.00
    0.00      0.00
    0.00      0.00
    0.00      0.00
    0.00      0.00
    0.00      0.00
    0.00      0.00
    0.00      0.00
    0.00      0.00
    0.00      0.00
    0.00      0.00
    0.00      0.00
    0.00      0.00
    0.00      0.00
    0.00      0.00
    0.00      0.00
    0.00      0.00
    0.00      0.00
    0.00      0.00
    0.00      0.00
    0.00      0.00
    0.00      0.00
    0.00      0.00
    0.00      0.00
    0.00      0.00
    0.00      0.00
    0.00      0.00
    0.00      0.00
    0.00      0.00
    0.00      0.00
    0.00      0.00
    0.41      0.00
    0.00      0.00
    0.00      0.00
    0.00      0.00
    0.00      0.00
    0.00      0.00
    0.00      0.00
    0.00      0.00
    0.00      0.00
    0.00      0.00
    0.00      0.00
    0.00      0.00
    0.00      0.00
    0.00      0.00
    0.00      0.00
    0.00      0.00
    0.00      0.00
    0.00      0.00
    0.00      0.00
    0.00      0.00
    0.00      0.00
    0.00      0.00
    0.00      0.00
    0.00      0.00
    0.00      0.00
    0.00      0.00
    0.00      0.00
    0.00      0.00
    0.00      0.00
    0.00      0.00
    0.00      0.00
    0.00      0.00
    0.00      0.00
    0.00      0.00
    0.00      0.00
    0.00      0.00
    0.00      0.00
    0.00      0.00
    0.00      0.00
    0.00      0.00
    0.00      0.00
    0.00      0.00
    0.00      0.00
    0.00      0.00
    0.00      0.00
    0.00      0.00
    0.00      0.00
    0.00      0.00
    0.00      0.00
    0.00      0.00
    0.00      0.00
    0.00      0.00
    0.00      0.00
    0.00      0.00
    0.00      0.00
    0.00      0.00
    0.00      0.00
    0.00      0.00
    0.00      0.00
    0.00      0.00
    0.00      0.00
    0.00      0.00
    0.00      0.00
    0.00      0.00
    0.00      0.00
    0.00      0.00
    0.00      0.00
    0.00      0.00
    0.00      0.00
    0.00      0.00
    0.00      0.00
    0.00      0.00
    0.00      0.00
    0.00      0.00
    0.00      0.00
    0.00      0.00
    0.00      0.00
    0.00      0.00
    0.00      0.00
    0.00      0.00
    0.00      0.00
    0.00      0.00
    0.00      0.00
    0.00      0.00
    0.00      0.00
    0.00      0.00
    0.00      0.00
    0.00      0.00
    0.00      0.00
    0.00      0.00
    0.00      0.00
    0.00      0.00
    0.00      0.00
    0.00      0.00
    0.00      0.00
    0.00      0.00
    0.00      0.00
    0.00      0.00
    0.00      0.00
    0.00      0.00
    0.82      0.00
    0.00      0.00
    0.00      0.00
    0.00      0.00
    0.00      0.00
    0.00      0.00
    0.00      0.00
    0.00      0.00
    0.00      0.00
    0.00      0.00
    0.00      0.00
    0.00      0.00
    0.00      0.00
    0.00      0.00
    0.00      0.00
    0.00      0.00
    0.00      0.00
    0.00      0.00
    0.00      0.00
    0.00      0.00
    0.00      0.00
    0.00      0.00
    0.00      0.00
    0.00      0.00
    0.00      0.00
    0.00      0.00
    0.00      0.00
    0.00      0.00
    0.00      0.00
    0.00      0.00
    0.00      0.00
    0.00      0.00
    0.00      0.00
    0.00      0.00
    0.00      0.00
    0.00      0.00
    0.00      0.00
    0.00      0.00
    0.00      0.00
    0.00      0.00
    0.00      0.00
    0.00      0.00
    0.00      0.00
    0.00      0.00
    0.00      0.00
    0.00      0.00
    0.00      0.00
    0.00      0.00
    0.00      0.00
    0.00      0.00
    0.00      0.00
    0.00      0.00
    0.00      0.00
    0.00      0.00
    0.00      0.00
    0.00      0.00
    0.00      0.00
    0.00      0.00
    0.00      0.00
    0.00      0.00
    0.00      0.00
    0.00      0.00
    0.00      0.00
    0.00      0.00
    0.00      0.00
    0.00      0.00
    0.00      0.00
    0.00      0.00
    0.00      0.00
    0.00      0.00
    0.00      0.00
    0.00      0.00
    0.00      0.00
    0.00      0.00
    0.00      0.00
    0.00      0.00
    0.00      0.00
    0.00      0.00
    0.00      0.00
    0.00      0.00
    0.00      0.00
    0.00      0.00
    0.00      0.00
    0.00      0.00
    0.00      0.00
    0.00      0.00
    0.00      0.00
    0.00      0.00
    0.00      0.00
    0.00      0.00
    0.00      0.00
    0.00      0.00
    0.00      0.00
    0.00      0.00
    0.00      0.00
    0.00      0.00
    0.00      0.00
    0.00      0.00
    0.00      0.00
    0.00      0.00
    0.00      0.00
    0.00      0.00
    0.00      0.00
    0.00      0.00
    0.00      0.00
    0.00      0.00
    0.00      0.00
    0.00      0.00
    0.00      0.00
    0.00      0.00
    0.00      0.00
    0.00      0.00
    0.00      0.00
    0.00      0.00
    0.00      0.00
    0.00      0.00
    0.00      0.00
    0.00      0.00
    0.00      0.00
    0.00      0.00
    0.00      0.00
    0.00      0.00
    0.00      0.00
    0.00      0.00
    0.00      0.00
    0.00      0.00
    0.00      0.00
    0.00      0.00
    0.00      0.00
    0.00      0.00
    0.00      0.00
    0.00      0.00
    0.00      0.00
    0.00      0.00
    0.00      0.00
    0.00      0.00
    0.00      0.00
    0.00      0.00
    0.00      0.00
    0.00      0.00
    0.00      0.00
    0.00      0.00
    0.00      0.00
    0.00      0.00
    0.00      0.00
    0.00      0.00
    0.00      0.00
    0.00      0.00
    0.00      0.00
    0.00      0.00
    0.00      0.00
    0.00      0.00
    0.00      0.00
    0.00      0.00
    0.00      0.00
    0.00      0.00
    0.00      0.00
    0.00      0.00
    0.00      0.00
    0.00      0.00
    0.00      0.00
    0.00      0.00
    0.00      0.00
    0.00      0.00
    0.00      0.00
    0.00      0.00
    0.00      0.00
    0.00      0.00
    0.00      0.00
    0.00      0.00
    0.00      0.00
    0.00      0.00
    0.00      0.00
    0.00      0.00
    0.00      0.00
    0.00      0.00
    0.00      0.00
    0.00      0.00
    0.00      0.00
    0.00      0.00
    0.00      0.00
    0.00      0.00
    0.00      0.00
    0.00      0.00
    0.00      0.00
    0.00      0.00
    0.00      0.00
    0.00      0.00
    0.00      0.00
    0.00      0.00
    0.00      0.00
    0.00      0.00
    0.00      0.00
    0.00      0.00
    0.00      0.00
    0.00      0.00
    0.00      0.00
    0.00      0.00
    0.00      0.00
    0.00      0.00
    0.00      0.00
    0.00      0.00
    0.00      0.00
    0.00      0.00
    0.00      0.00
    0.00      0.00
    0.00      0.00
    0.00      0.00
    0.00      0.00
    0.00      0.00
    0.00      0.00
    0.00      0.00
    0.00      0.00
    0.00      0.00
    0.00      0.00
    0.00      0.00
    0.00      0.00
    0.00      0.00
    0.00      0.00
    0.00      0.00
    0.00      0.00
    0.00      0.00
    0.00      0.00
    0.00      0.00
    0.00      0.00
    0.00      0.00
    0.00      0.00
    0.00      0.00
    0.00      0.00
    0.00      0.00
    0.00      0.00
    0.00      0.00
    0.00      0.00
    0.00      0.00
    0.00      0.00
    0.00      0.00
    0.00      0.00
    0.00      0.00
    0.00      0.00
    0.00      0.00
    0.00      0.00
    0.00      0.00
    0.00      0.00
    0.00      0.00
    0.00      0.00
    0.00      0.00
    0.00      0.00
    0.00      0.00
    0.00      0.00
    0.00      0.00
    0.00      0.00
    0.00      0.00
    0.00      0.00
    0.00      0.00
    0.00      0.00
    0.00      0.00
    0.00      0.00
    0.00      0.00
    0.00      0.00
    0.00      0.00
    0.00      0.00
    0.00      0.00
    0.00      0.00
    0.00      0.00
    0.00      0.00
    0.00      0.00
    0.00      0.00
    0.00      0.00
    0.00      0.00
    0.00      0.00
    0.00      0.00
    0.00      0.00
    0.00      0.00
    0.00      0.00
    0.00      0.00
    0.00      0.00
    0.00      0.00
    0.00      0.00
    0.00      0.00
    0.00      0.00
    0.00      0.00
    0.00      0.00
    0.00      0.00
    0.00      0.00
    0.00      0.00
    0.00      0.00
    0.00      0.00
    0.00      0.00
    0.00      0.00
    0.00      0.00
    0.00      0.00
    0.00      0.00
    0.00      0.00
    0.00      0.00
    0.00      0.00
    0.00      0.00
    0.00      0.00
    0.00      0.00
    0.00      0.00
    0.41      0.00
    0.00      0.00
    0.00      0.00
    0.00      0.00
    0.00      0.00
    0.00      0.00
    0.00      0.00
    0.00      0.00
    0.00      0.00
    0.00      0.00
    0.00      0.00
    0.00      0.00
    0.00      0.00
    0.00      0.00
    0.00      0.00
    0.00      0.00
    0.00      0.00
    0.00      0.00
    0.00      0.00
    0.00      0.00
    0.00      0.00
    0.00      0.00
    0.00      0.00
    0.00      0.00
    0.00      0.00
    0.00      0.00
    0.00      0.00
    0.00      0.00
    0.00      0.00
    0.00      0.00
    0.00      0.00
    0.00      0.00
    0.00      0.00
    0.00      0.00
    0.00      0.00
    0.00      0.00
    0.00      0.00
    0.00      0.00
    0.00      0.00
    0.00      0.00
    0.00      0.00
    0.00      0.00
    0.00      0.00
    0.00      0.00
    0.00      0.00
    0.00      0.00
    0.00      0.00
    0.00      0.00
    0.00      0.00
    0.00      0.00
    0.00      0.00
    0.00      0.00
    0.00      0.00
    0.00      0.00
    0.00      0.00
    0.00      0.00
    0.00      0.00
    0.00      0.00
    0.00      0.00
    0.00      0.00
    0.00      0.00
    0.00      0.00
    0.00      0.00
    0.00      0.00
    0.00      0.00
    0.00      0.00
    0.00      0.00
    0.00      0.00
    0.00      0.00
    0.00      0.00
    0.00      0.00
    0.00      0.00
    0.00      0.00
    0.00      0.00
    0.00      0.00
    0.00      0.00
    0.00      0.00
    0.00      0.00
    0.00      0.00
    0.00      0.00
    0.00      0.00
    0.00      0.00
    0.00      0.00
    0.00      0.00
    0.00      0.00
    0.00      0.00
    0.00      0.00
    0.00      0.00
    0.00      0.00
    0.00      0.00
    0.00      0.00
    0.00      0.00
    0.00      0.00
    0.00      0.00
    0.00      0.00
    0.00      0.00
    0.00      0.00
    0.00      0.00
    0.00      0.00
    0.00      0.00
    0.00      0.00
    0.00      0.00
    0.00      0.00
    0.00      0.00
    0.00      0.00
    0.00      0.00
    0.00      0.00
    0.00      0.00
    0.00      0.00
    0.00      0.00
    0.00      0.00
    0.00      0.00
    0.00      0.00
    0.00      0.00
    0.00      0.00
    0.00      0.00
    0.00      0.00
    0.00      0.00
    0.00      0.00
    0.00      0.00
    0.00      0.00
    0.00      0.00
    0.00      0.00
    0.00      0.00
    0.00      0.00
    0.00      0.00
    0.00      0.00
    0.00      0.00
    0.00      0.00
    0.00      0.00
    0.00      0.00
    0.00      0.00
    0.00      0.00
    0.00      0.00
    0.00      0.00
    0.00      0.00
    0.00      0.00
    0.00      0.00
    0.00      0.00
    0.00      0.00
    0.00      0.00
    0.00      0.00
    0.00      0.00
    0.00      0.00
    0.00      0.00
    0.00      0.00
    0.00      0.00
    0.00      0.00
    0.00      0.00
    0.00      0.00
    0.00      0.00
    0.00      0.00
    0.00      0.00
    0.00      0.00
    0.00      0.00
    0.00      0.00
    0.00      0.00
    0.00      0.00
    0.00      0.00
    0.00      0.00
    0.00      0.00
    0.00      0.00
    0.00      0.00
    0.00      0.00
    0.00      0.00
    0.00      0.00
    0.00      0.00
    0.00      0.00
    0.00      0.00
    0.00      0.00
    0.00      0.00
    0.00      0.00
    0.00      0.00
    0.00      0.00
    0.00      0.00
    0.00      0.00
    0.00      0.00
    0.00      0.00
    0.00      0.00
    0.00      0.00
    0.00      0.00
    0.00      0.00
    0.00      0.00
    0.00      0.00
    0.00      0.00
    0.00      0.00
    0.00      0.00
    0.00      0.00
    0.00      0.00
    0.00      0.00
    0.00      0.00
    0.00      0.00
    0.00      0.00
    0.00      0.00
    0.00      0.00
    0.00      0.00
    0.00      0.00
    0.00      0.00
    0.00      0.00
    0.82      0.00
    0.00      0.00
    0.00      0.00
    0.00      0.00
    0.00      0.00
    0.00      0.00
    0.00      0.00
    0.00      0.00
    0.00      0.00
    0.00      0.00
    0.00      0.00
    0.00      0.00
    0.00      0.00
    0.00      0.00
    0.00      0.00
    0.00      0.00
    0.00      0.00
    0.00      0.00
    0.00      0.00
    0.00      0.00
    0.00      0.00
    0.00      0.00
    0.00      0.00
    0.00      0.00
    0.00      0.00
    0.00      0.00
    0.00      0.00
    0.00      0.00
    0.00      0.00
    0.00      0.00
    0.00      0.00
    0.00      0.00
    0.00      0.00
    0.00      0.00
    0.00      0.00
    0.00      0.00
    0.00      0.00
    0.00      0.00
    0.00      0.00
    0.00      0.00
    0.00      0.00
    0.00      0.00
    0.00      0.00
    0.00      0.00
    0.00      0.00
    0.00      0.00
    0.00      0.00
    0.00      0.00
    0.00      0.00
    0.00      0.00
    0.00      0.00
    0.00      0.00
    0.00      0.00
    0.00      0.00
    0.00      0.00
    0.00      0.00
    0.00      0.00
    0.00      0.00
    0.00      0.00
    0.00      0.00
    0.00      0.00
    0.00      0.00
    0.00      0.00
    0.00      0.00
    0.00      0.00
    0.00      0.00
    0.00      0.00
    0.00      0.00
    0.00      0.00
    0.00      0.00
    0.00      0.00
    0.00      0.00
    0.00      0.00
    0.00      0.00
    0.00      0.00
    0.00      0.00
    0.00      0.00
    0.00      0.00
    0.00      0.00
    0.00      0.00
    0.00      0.00
    0.00      0.00
    0.00      0.00
    0.00      0.00
    0.00      0.00
    0.00      0.00
    0.00      0.00
    0.00      0.00
    0.00      0.00
    0.00      0.00
    0.00      0.00
    0.00      0.00
    0.00      0.00
    0.00      0.00
    0.00      0.00
    0.00      0.00
    0.00      0.00
    0.00      0.00
    0.00      0.00
    0.00      0.00
   26.17     47.51
   47.64     33.90
   12.43      1.58
    0.72      0.00
    0.00      0.00
    0.00      0.00
    0.00      0.00
    0.00      0.00
    0.00      0.00
    0.00      0.00
    0.00     14.45
 2254.71    229.99
 1800.75    469.68
 2803.96    720.18
 2442.86    520.75
 1389.68    193.67
  629.90    775.25
  516.83    358.37
 1158.99   2240.21
 1851.79    819.59
 1601.44   2034.64
  923.63   1100.82
 1498.36   1659.09
 1020.19   2145.26
 1772.56   2336.52
 1219.05   1042.64
 1465.98   2714.47
 1032.97    227.06
  595.63    283.19
  218.37     90.27
   54.60     29.53
   25.58      2.16
    6.21      0.00
    0.00      0.00
    0.00      0.00
    0.00      0.00
    0.00      0.00
   25.79     21.41
   40.72     17.23
    2.92      7.72
    0.00      0.00
    0.00      0.00
    0.00      0.00
    0.00      0.00
    0.00      0.00
    0.00      0.00
    0.00      0.00
    0.00      0.00
    0.00      0.00
    0.00      0.00
    0.00      0.00
    0.00      0.00
    0.41      0.41
    0.00      0.00
    0.00      0.00
    0.00      0.00
    0.00      0.00
    0.00      0.00
    0.00      0.00
    0.00      0.00
    0.00      0.00
    0.00      0.00
    0.00      0.00
    0.00      0.00
    0.00      0.00
    0.00      0.00
    0.00     15.00
   15.79      0.75
    0.00      0.00
    0.00      0.00
    0.00      0.00
    0.00      0.00
    0.00      0.00
    0.00      0.00
   14.79      0.71
  407.29    393.10
  627.85    961.43
  705.30    509.58
  235.04    231.06
  168.60    123.03
  184.19    125.84
   47.49     16.51
  134.46     76.44
    2.89      0.00
    1.43      0.00
    2.88      0.00
    0.00      0.00
    0.00      0.00
    0.00      0.00
    0.00     13.95
   14.86      0.72
    0.00      0.00
    0.00      0.00
    0.00      0.00
    0.00      0.00
    0.00      0.00
    0.00      0.00
    0.00      0.00
    0.00      0.00
    0.00      0.00
    0.41      0.00
    0.00      0.00
    0.00      0.00
    0.00      0.00
    0.00      0.00
    0.00      0.00
    0.00      0.00
    0.00      0.00
    0.00      0.00
    0.00      0.00
   90.37     92.61
   85.63    117.15
   53.05    154.93
  112.36    194.21
   33.34    112.39
   57.12     67.50
  110.23     37.18
    6.88     29.83
   97.24     16.16
   31.85     19.91
   58.40     43.32
   32.84      8.43
  108.67    106.42
   58.78     32.25
   60.79     10.32
  287.70    210.99
  519.34    678.05
  603.38    658.01
  460.71    359.30
  267.18    215.15
  185.03    179.01
  195.91    144.86
  175.44     99.90
  107.73     80.85
   41.41      2.45
   94.50     62.28
    1.46      0.00
    0.00      0.00
    2.89      0.00
    0.00     14.58
   15.80      0.00
    0.00      0.72
    0.00      0.00
    0.00      0.00
    0.00      0.00
    0.00      0.00
    0.00      0.00
    0.00      0.00
    0.00      0.00
    0.00      0.00
    0.00      0.00
    0.00      0.00
    0.00      0.00
    0.00      0.00
    0.00      0.00
    0.00      0.00
    0.00      0.00
    0.00      0.00
    0.00      0.00
    0.00      0.00
    0.00      0.00
    0.00      0.00
    0.00      0.65
    0.72      0.00
    0.00      0.00
    0.00     14.37
   14.44     15.10
   15.19      0.72
    0.00      0.00
    0.00      0.00
    0.00      0.00
    0.00      0.00
    0.00     14.80
   30.58     31.35
   62.83     26.17
  162.68     93.32
  261.98    167.26
  233.45    359.16
  630.33    578.63
  284.56    310.84
  243.41    146.45
  113.00    112.59
  111.64    169.07
  123.28     81.67
   80.52     63.67
  138.91    110.22
   31.44     16.42
   32.27      0.72
   94.27     63.82
    0.71      0.00
    0.00     14.89
   18.06      0.00
    0.00      0.72
    0.00      0.00
    0.00      0.00
    0.00      0.00
    0.00      0.00
    0.00      0.00
    0.00      0.00
    0.82      0.00
    0.00      0.00
    0.00      0.00
    0.00      0.00
    0.00      0.00
    0.00      0.00
    0.00      0.00
    0.00      0.00
    0.00      0.00
    0.00      0.00
    0.00      0.00
  120.65    169.22
   53.06    105.31
   73.08    184.33
   69.58    160.83
   53.61     43.28
   89.82     38.65
   63.86    132.79
   90.69     21.06
   18.59     29.73
   62.43     84.64
   79.11     57.33
   82.16     50.33
   86.00     61.09
  116.52     79.66
   66.44     65.60
  177.45     97.45
   71.32    103.94
   81.75     86.88
  222.06    212.12
  390.32    341.01
  182.69    234.88
  286.38    215.36
  192.78     57.92
  116.19    122.07
   45.25     98.13
   92.95     93.62
  117.60     35.69
  112.30     98.21
   47.49     61.97
    1.44      0.00
   33.95      0.72
   94.24     79.32
    0.71      0.00
    0.00      0.00
    2.89      0.00
    0.00      0.00
    0.00      0.00
    0.00      0.00
    0.00      0.00
    0.00      0.00
    0.00      0.00
    0.00      0.00
    0.00      0.00
    0.00      0.00
    0.00      0.00
    0.00      0.00
    0.00      0.00
    0.00      0.00
    0.00      0.00
    0.00      0.00
    0.00      0.00
    0.00      0.65
    0.72      0.00
    0.00      0.00
    0.00      0.00
    0.00      0.00
    0.00     15.01
   15.80      0.72
    0.00      0.00
    0.00      0.00
    0.00      0.00
   14.37     15.83
    1.42     15.11
    0.00     15.76
   47.14     30.79
   10.91     11.77
   35.49     37.81
   12.24     26.88
   56.82     72.25
   31.23     18.73
   36.13     31.17
   23.78     19.54
   16.35     28.92
    8.19     22.06
   39.76      7.15
    6.21      6.28
    0.72     32.62
    3.26     33.46
   20.10      3.54
   36.19      5.04
   19.31      4.78
    2.03      2.82
    0.65      1.37
    2.15      0.00
    6.08      4.33
    0.00      0.00
    0.00      0.00
    0.68      0.00
    0.00      0.00
    0.82      0.00
    0.00      0.00
    0.00      0.00
    0.00      0.00
    0.00      0.00
    0.00      0.00
    0.00      0.00
    0.00      0.00
    0.00      0.00
    0.00      0.00
   15.62     26.50
  148.96    151.38
  117.57    155.91
   35.90     79.49
  104.34    207.97
   34.36     37.47
   59.99     42.83
   58.54     27.21
   69.11     28.24
   31.02     35.38
   58.37     43.84
   89.92     62.81
   63.83     50.70
   65.44     63.31
   18.11     31.63
   67.68     80.07
  138.93     59.11
   22.72     21.69
   76.74     74.94
  101.15     59.62
   16.05     29.34
   46.22     45.64
   31.24     25.39
   32.22     15.04
   12.35     10.85
    8.45     38.47
   23.25      4.19
   24.09      5.70
   53.58     44.52
    3.43     33.96
   80.24     82.44
   34.29     33.71
   76.01     41.81
   16.64      2.89
   14.51      3.54
    4.24      4.64
    0.87      0.00
    0.72      0.00
    4.91      1.44
    0.72      0.00
    0.00      0.00
    0.00      0.00
    0.00      0.00
    0.00      0.00
    0.00      0.00
    0.00      0.00
    0.00      0.00
    0.00      0.00
    0.00      0.00
    0.00      0.00
    0.00      0.00
    0.00      0.00
    0.00      0.00
    0.65      0.65
    0.72      0.74
    0.00      0.00
    0.00      0.00
    0.00      0.00
    0.00      0.00
    0.00      0.65
    0.72      0.00
    0.00      0.00
    1.37     15.18
    0.72      0.65
   17.17     16.36
    3.33     17.12
   24.05     41.55
   81.59     38.37
    6.73      6.80
    7.66     52.63
   42.43     16.73
   11.70     24.21
   13.33     26.15
   23.84     16.83
   28.76     11.92
    6.15     10.27
   10.20     22.07
    5.63     21.00
   19.12      4.26
    8.31      7.00
   17.27      0.72
    2.75     17.11
    2.03     19.06
   19.74     19.28
    3.54      5.49
   35.84     17.97
    1.37      1.44
   17.28      1.37
    3.33      4.91
    0.82      0.00
    0.72      0.00
    1.37      0.72
    1.37      0.72
    0.00      0.00
    0.00      0.00
    0.00      0.00
    0.00      0.00
    0.00      0.00
    0.00      0.00
    0.00      0.00
  108.82    132.79
   69.23     99.81
   47.57    192.06
    0.00     46.21
   20.47     64.21
  137.17    130.83
   54.64     93.96
   33.47     40.40
   34.51     28.05
   80.42     33.59
   18.70      3.31
   30.26      2.27
    0.72     21.28
   46.42     23.38
   46.87     45.87
  108.74    116.80
   75.48    101.58
   97.04     93.83
  117.66    104.67
  106.43     78.88
   57.47    112.65
   83.47     39.99
   49.56     42.92
   52.88     55.55
   19.51     13.96
   55.83     11.18
   19.90     27.31
   39.47     23.03
   48.06     54.11
   19.32     19.17
   18.50      8.09
    2.82      2.10
    2.88     16.81
   17.61      3.39
    1.37     19.03
    2.68     17.61
    3.54      2.10
   21.79     20.93
    2.75      1.44
   17.68      1.37
    0.00      1.44
    2.88      1.31
    0.72      0.00
    0.00      0.00
    1.37      0.72
    1.37      0.72
    0.00      0.00
    0.00      0.00
    0.00      0.00
    0.00      0.00
    0.00      0.00
    0.68      0.65
    0.72      0.00
    0.00      0.00
    0.00      0.00
    0.00      0.00
    0.00      0.00
    0.00      0.00
    0.00      0.00
    0.00      0.65
    0.72     14.36
   14.85      0.00
    0.65      2.09
    0.72      0.00
    0.72      0.65
   26.29     39.13
    6.87      7.73
    4.71      5.56
   19.31     37.96
   37.84     20.44
   23.01     27.83
    8.83     34.63
   49.88     54.91
   41.55     12.57
   11.08     30.00
   26.17     40.58
   41.90      9.17
    6.94      6.94
    2.75      3.98
    6.80      6.37
   18.99     21.70
    4.06      4.85
    7.52      4.91
    3.54     17.10
    2.10      1.37
   18.41      2.17
    2.10      4.06
    1.96     19.77
    2.03      2.82
    3.47     16.30
   21.91      2.16
   16.44      3.60
    2.78      2.82
    0.00      0.00
    0.00      0.65
    0.72      0.65
    0.00      0.00
    0.00      0.00
    2.75      1.44
   45.85     52.59
   58.94    123.76
   40.96     97.63
   72.90    182.77
   38.69     66.84
   29.37     87.45
   19.30     62.96
   93.03    116.71
  100.35     61.18
   89.34     94.22
   13.11     36.99
   38.23     19.39
   38.87     34.12
   30.87      4.26
   34.53     22.03
    0.65      1.31
   61.48     39.79
    4.18      6.13
   39.47      9.06
   81.25     64.19
   58.49     73.67
  111.91     66.45
   67.12     62.72
   47.72     81.40
   86.58     50.78
   69.61     62.38
   64.33     36.83
   48.33     66.31
   76.01     17.13
   33.52     26.87
   51.31     17.40
   14.30      9.11
    7.94      4.15
   17.69     19.84
    4.78      6.22
    4.85     18.59
    4.19      2.75
   18.01      1.37
    0.72      0.65
    2.10      0.72
    2.03     18.46
    3.34      6.16
    2.10     16.50
   18.73      2.82
   44.51     21.97
   28.71     15.91
   24.19     16.76
    0.00      0.00
    0.72      0.65
    0.00      0.65
    0.00      0.00
    0.00      0.00
    2.75      1.44
    0.00      0.65
    0.74      0.00
    0.00      0.00
    0.00      0.00
    0.00      0.00
    0.00      0.00
    0.00      0.00
    0.00      0.00
    0.00      0.65
    1.38      0.00
    0.72     16.38
   16.63     15.75
   17.86      2.10
   24.60     11.12
    3.40      4.91
    5.36      6.94
   19.04     34.88
   37.30     20.82
    7.39     21.46
   20.23     22.93
   23.02     22.13
    6.21      4.84
   12.68     41.98
   51.86     42.50
   12.92     10.55
   22.41     39.74
   40.63     22.88
    6.29     16.47
    2.08      4.02
    5.43      4.64
   34.18     20.89
    4.98      3.34
   19.12     20.76
    4.84      4.84
    4.78      3.47
    4.91      2.16
    1.96      2.10
    0.72      2.68
    1.37      0.72
    0.00      1.96
    2.03      1.96
    4.71      5.70
    4.92      2.10
    0.72     15.03
   16.54      1.44
    2.03      1.37
    0.72      0.72
   62.33    106.02
   58.47     96.10
   31.19    157.47
   47.20    157.62
   42.21     80.81
  103.61     77.02
   32.34     72.42
   47.99     75.11
   56.94     13.79
   54.39     73.11
   49.31     27.03
   36.69     19.71
   85.59     25.69
   24.69     18.75
   55.74     44.54
   61.38     37.76
   55.03     52.70
   56.47     51.46
   55.53     29.64
   71.45     59.65
   54.85     66.47
   25.25     61.81
  109.59     46.12
    7.44     31.74
   72.80     43.09
   29.78     27.16
   69.03     51.43
   60.50     46.83
   48.29     49.21
   34.62     16.88
   15.84      4.13
   20.37     20.85
    3.91     18.28
   18.72     21.88
   21.38      2.68
    4.27      4.78
    4.71      3.47
    4.21      6.88
    2.75      2.75
    3.47      2.10
    2.10      1.38
    1.44      0.00
    2.03      0.72
    1.37      4.06
    0.65      3.33
    1.31      2.10
    2.75     16.25
   21.97      2.82
    0.00      0.65
    0.65      0.72
    2.03      1.38
    0.72      1.37
    0.74      0.00
    0.72      0.00
    0.65      0.65
    0.68      0.72
    0.00      0.00
    0.65      0.00
    0.72      0.71
    0.00      0.00
    0.00      0.65
    0.65      0.00
    1.44     15.75
   15.90      1.37
    3.99     17.75
   25.34     11.13
    2.68      3.54
    4.06      4.12
    2.03      6.15
    9.70      7.60
    5.36      3.61
   33.08     36.05
   38.77     54.12
   37.08     21.18
   20.50     35.16
   40.80     23.35
    7.39     40.92
   22.48      9.17
   26.18     26.96
   20.53     22.03
   24.22     19.94
    4.85      6.74
   20.60      4.32
    2.88      1.96
   17.04     49.15
   21.15      7.02
    4.19      3.41
   18.01      4.06
    5.84      3.61
    3.54      2.68
    3.99      4.26
    2.82      2.10
    1.37      2.03
    0.65      1.38
    0.72      0.65
    0.72      0.00
    5.46      4.12
    0.65     17.69
   17.60      2.85
  128.98    106.77
   45.58    129.53
   16.27    130.97
   13.39    140.88
   72.66    110.49
  102.50    105.51
   64.59     46.44
   73.58     73.13
    1.03      0.00
   27.36     38.29
    7.42      9.80
    0.00     19.07
   34.69     23.39
    6.84     16.24
   41.23     27.92
  102.06     75.78
   15.19     44.60
  119.90    115.29
  131.42     69.95
   91.89     86.24
   58.14     75.72
   71.72     78.65
   76.94     64.18
  130.23    153.08
  103.29     17.25
  140.74     84.71
   81.22     55.31
   94.81     91.17
   11.34     29.83
   57.16     37.28
   54.56     25.39
   57.69     28.09
    7.48      4.82
    4.78      6.08
   32.06     40.46
    3.47      0.72
   61.19     49.93
   49.93     26.73
   20.66     33.78
   14.73     19.08
    4.12      4.12
    5.63      5.43
    0.72      0.65
    5.49      2.88
    1.44      0.65
    2.03      2.10
    1.31      0.72
    2.09      4.05
    0.00      0.00
    0.65     17.13
   18.07      2.03
    1.96      2.75
    2.18      0.72
    2.10      1.37
    0.72      0.65
    0.65      0.72
    1.37      0.72
    1.37      0.72
    0.65      0.72
    0.00      0.00
    0.00      0.00
    0.00      0.00
    0.65      2.68
    1.44      0.00
    0.72     15.65
   26.52      8.38
    6.29      8.31
    1.31      2.09
    5.50      4.84
    1.31      4.71
    7.00      5.49
    5.36      3.47
    4.71     20.01
    4.71      8.25
   36.82     52.55
   70.54     96.77
    5.57     18.59
   43.42     37.65
   20.56     12.65
   21.82     21.54
   25.29     28.17
    6.80     20.60
   36.79     21.34
    7.66      4.78
    4.12      5.50
    6.81      6.22
    2.89      0.72
    2.75     18.99
    2.61      3.40
   20.99      6.28
    5.56      4.20
   16.83     18.26
    2.03      2.10
    7.60      4.78
    2.68      2.16
    3.54      2.82
    0.00      1.31
    1.31      2.03
    0.72      0.72
   70.79     95.06
   34.77     55.04
   52.12    180.76
   62.93    152.21
   32.64     52.66
   52.01     79.31
   86.34    140.06
   69.02     65.65
    9.61     14.42
   54.00     37.43
   21.40     48.40
   34.90      0.72
   58.48     49.23
   22.46     27.91
   31.93     27.47
   20.80     26.08
   42.32     49.31
   70.51     50.91
   78.53     27.53
   61.70     99.49
   75.71     14.03
  101.86     98.55
   39.88     19.11
   54.24     55.60
   35.87     48.22
  102.78     83.89
   94.90     54.66
   72.04     71.83
   44.15     34.38
   48.30      9.33
   51.30     35.16
   52.89     35.28
   36.19      9.62
   69.32     42.41
   20.04     22.01
   61.41     39.38
    4.91      3.33
   15.03      8.02
    4.19      2.75
    1.37      2.68
    2.68      3.40
    4.12     21.26
    4.12      2.16
   17.92      3.39
   18.40     19.05
    3.47      4.19
    4.90      2.03
    4.19      2.82
    2.10      0.72
    0.65      0.00
    1.96      5.43
    2.03      0.72
    0.00      2.10
    0.72      0.65
    3.63      0.00
    0.72      1.31
    1.31      1.38
    0.65      2.10
    2.16      0.00
   15.76     16.56
    1.38      0.72
    0.65      1.38
    2.68      1.44
    1.44      2.03
    1.44      0.65
    3.34      2.03
    9.56     11.07
    4.13      4.26
    2.03      2.68
    4.78      4.20
    2.82      4.71
    5.43     19.89
   19.94      2.89
   34.18     34.12
   19.27     24.00
    9.69      4.77
    6.22     38.95
   35.92     20.01
    7.59     36.68
    9.40     22.14
   36.25     38.76
   12.17     10.68
   37.21      8.97
    7.52     23.41
    7.01      3.61
   32.20     34.94
    6.08      5.63
   18.99      4.76
    4.90      4.71
    5.53      4.26
    3.60      1.37
    0.65      3.33
    3.99      3.47
    4.85      4.12
    2.82      2.82
    2.10      2.68
   20.40     20.67
    4.13      4.98
    4.26      2.68
    2.03      2.09
   77.10    102.81
   76.85    104.85
   17.72    129.63
   36.68    130.28
   62.15    110.64
   62.00     77.98
   51.05     68.80
  118.10    173.94
    2.44      1.29
   75.19     41.28
   13.80     16.16
   87.24      2.89
    8.35      1.96
   27.16      2.10
    1.96      2.16
   20.30      6.07
   35.44     30.81
   76.27     57.59
  136.81     93.10
  111.83     85.99
   56.40     90.55
   40.25     73.32
   70.44    118.25
  165.28     82.41
   74.84     51.82
   98.28     59.58
   54.97     42.03
   44.99     50.55
   27.78     16.52
   37.35     39.70
   37.95     30.35
    7.66     10.09
   10.62     35.33
    8.97      8.25
   21.96     19.72
   19.04      3.34
   44.65     42.66
   34.91     31.46
    4.13      2.75
   22.53      9.14
    3.47      3.47
    2.89      1.37
    1.37      2.68
    2.61      4.12
    7.09      4.12
    2.82      2.16
    0.72      2.61
    2.75      2.61
    3.33      5.64
    6.28      4.12
    2.03      1.37
    3.47      2.16
    2.02      2.74
    3.42      4.79
    0.00      0.65
    0.72      0.00
    2.88     14.38
   15.89      0.72
    0.00      0.00
    0.00      0.00
   14.99     17.75
    2.03      2.09
    4.12      2.82
   27.17     23.30
    2.82      0.00
   42.31     40.71
    9.02      6.80
    2.68      2.82
    3.40      4.12
    5.50      4.85
    2.89      2.68
    4.71      5.57
   18.50     30.16
   17.73     19.43
   20.36      8.11
    5.70     21.91
    8.90      4.19
   19.14     21.88
   22.33     22.71
   39.78     38.85
   24.41     25.08
   21.97     20.29
    9.42      9.24
    3.99      8.25
   21.00     37.77
    9.04      5.63
    2.10     16.38
   50.12      9.61
    7.04      2.10
    3.54     19.71
   18.40     19.31
    3.54      2.03
   19.96      4.27
    1.85      1.06
    2.03      4.64
    5.43      5.63
    2.82      0.72
    4.12      2.82
    1.30      2.02
  102.74    150.44
   34.30     77.59
   38.68    173.11
   21.21    105.08
   57.50     67.75
   84.83     79.59
  106.39    113.70
   28.73     14.35
   57.88     20.93
    0.00      0.70
   40.42      1.43
   40.88     36.30
   19.71      2.78
   42.10      9.63
   42.69     39.23
    5.43      6.81
   13.95     34.68
   29.25     39.53
   88.05     61.92
  111.03     74.63
   37.95     31.46
   40.48     48.82
   36.46     38.27
   66.82    100.75
   45.22     43.47
   57.89     34.68
   33.76     30.29
   98.82     98.45
   22.96     58.74
   64.25     89.69
  101.35     29.36
   66.19     83.24
   43.75     14.37
   16.24      9.05
   10.56      3.38
   10.27     22.60
    4.12      6.94
   22.09     18.57
    2.68     16.48
   19.16      6.29
    5.62      4.12
    3.33      4.19
   17.55     34.83
    2.82      2.03
    5.49      2.10
    2.10      2.75
    0.65      3.33
    4.71      5.64
   50.02     37.72
   28.59     24.16
   54.43     36.44
   52.77     48.01
   15.83     13.52
   13.75      3.54
    5.79      2.68
    2.03      2.82
    4.06      5.50
    1.44     15.03
    0.72      0.00
   15.84      0.71
    3.61      0.00
    0.00      0.00
    1.31      1.44
    0.72      0.65
    1.59      1.31
    8.06      7.52
   10.34      8.97
    2.61      4.97
    4.13     17.55
   21.71      5.56
    2.75      5.50
    3.54      2.68
    3.34      5.50
    6.09      2.89
    2.03      3.54
    4.71      4.71
   21.95     25.28
    9.75     17.62
    3.40      6.22
   18.48     22.46
   25.80     23.32
    6.15     34.13
   53.59     69.31
   56.24     24.92
    9.41      9.97
    3.40     21.61
   18.80      4.85
    6.95     21.41
    5.57      3.40
    3.23      2.68
   17.86      6.23
    6.15      4.85
    2.75      2.82
   19.85     17.74
    2.03      4.20
    2.16      1.96
    3.40      2.17
    2.10      3.33
    3.34      3.47
   75.58    125.12
   48.40     55.05
   75.82    169.10
   29.61    107.35
   17.38     55.56
   39.57     78.79
    9.63     92.80
   43.92     64.48
   98.66    100.82
    2.13     29.58
   88.57     37.69
   47.62     57.89
   12.86     10.88
   28.02     10.39
    1.37      0.72
    0.65      0.65
   36.21     26.15
    3.47      6.29
   39.50     24.58
    8.91      6.17
   44.29     49.15
   71.69     45.09
   70.78     62.72
   83.03     51.51
   20.79     71.12
   80.39     48.10
   50.46     68.80
   42.92     51.51
   75.90     76.92
  117.01     50.10
   51.21     53.61
   82.21     48.69
   64.29      8.46
   18.40    111.50
  103.27     79.26
   13.45     10.04
   69.70     54.56
   25.44     10.25
   45.52     11.78
   10.27     22.25
    5.65      4.78
    1.37      2.68
    2.68      3.40
    9.03      5.63
    2.75      2.10
   17.18     17.83
    2.03      2.10
    4.12      3.40
    2.75      2.82
    1.38      2.68
    4.06      3.47
    3.54      2.68
    0.72      2.68
    3.99      2.16
   18.57     17.84
    0.72      3.34
    4.64      2.89
    3.61     31.28
    1.38      2.68
   32.01      1.44
    3.54      6.15
    0.00      0.65
    1.37      0.00
   30.70     23.44
    0.72      1.38
   57.13     58.08
    8.90     11.00
   19.42      2.31
    7.09      3.48
    1.96      3.41
    6.15      5.64
    2.10     20.41
   20.04      3.47
    6.02      6.29
   21.26     33.66
   15.52      2.82
    5.50      4.71
    5.50      8.76
   12.50     37.20
    3.33      4.12
    5.57      6.22
    7.39      8.33
   24.05     19.70
    4.57      7.08
   36.08     53.56
   39.02     39.47
   26.40     28.36
    6.95      6.87
    5.57     18.59
   21.27      4.78
    4.71     21.74
   18.93      3.47
    4.34      2.10
    4.71      6.74
    4.19      3.54
    4.07      2.10
    3.47      2.82
    1.96      4.78
    1.44      2.68
   19.26     28.64
   65.41    105.02
   46.64     54.74
   33.33    210.40
   24.69     82.77
   54.88     98.78
   31.70     23.62
   15.76    104.77
  125.68    176.63
    4.15     18.36
   74.47     36.00
   37.07     43.45
   91.18     21.88
   29.98     12.44
   20.06     41.40
   28.67     22.51
    6.08     16.55
   34.89      9.98
   19.35     37.47
   58.75     22.50
   28.46     53.18
   48.24      6.31
   56.23     63.14
   27.51     25.51
   87.85     59.61
    6.37     31.89
   52.62     48.10
   91.51     59.46
   65.06     86.11
   44.90     36.11
   50.56     41.87
   94.39     62.20
   33.35     57.73
   47.77     55.67
  113.47     73.31
   69.88     37.26
   42.41     82.69
   44.22     51.38
   82.91     35.54
   14.03     10.98
   77.49     21.71
   33.26     14.56
   21.29     21.44
   12.94      7.23
    2.89      2.68
    4.78      5.50
    4.26      2.03
    4.88      2.75
    1.44      2.03
    4.64      4.19
    2.82      2.75
    1.31      2.68
    4.19      2.16
    2.10      2.77
    1.31      4.06
    4.78      4.85
    2.68      1.44
    2.16      1.37
    1.44      1.31
    1.96      3.40
    4.78      4.19
    2.82      1.44
    0.00     17.07
    4.12      5.43
   17.86      3.54
    4.12      0.65
    8.83     11.06
    7.07      3.47
    0.72      2.03
    2.10      1.37
    6.01      6.94
    3.40     19.00
   19.07      3.39
    2.74      1.38
    4.64      5.57
    4.13      3.61
    0.65      3.34
   19.24     50.01
   23.77     12.45
   39.19     19.95
   23.12     21.75
    4.78      3.47
    5.50      6.94
    4.71     21.27
    6.94      6.87
   24.48     23.45
    7.46      6.88
   40.26     40.83
   21.33     22.18
   51.62     38.62
   22.13     20.76
    8.18     37.07
    4.85      5.45
   50.33     34.87
   20.50      2.75
    4.20      4.19
    4.71      3.54
    4.12      4.19
    1.37      1.37
   17.52     29.80
   63.38     87.61
   43.58    142.42
   53.68     82.14
   33.27     81.05
    1.44     78.64
   62.61     97.49
   25.53     22.92
   41.45     64.59
   20.37     57.18
   21.69     28.60
   42.24     46.18
   55.08     12.19
   86.45     93.57
   11.53      7.25
   64.14     47.61
   29.69     21.88
   60.64     64.10
   15.03     10.05
   67.02     67.48
   52.59     45.06
   32.27     39.94
   30.33     57.10
   86.13     86.06
   56.06     42.09
   73.42     69.81
   21.39     38.09
   52.05     23.02
   11.33     23.26
   86.71     45.19
  109.40     49.13
   15.08     33.89
  208.89    119.22
   21.47     19.92
   47.68     25.42
    4.79     40.59
   58.47      8.53
   32.46     30.16
   41.69     34.96
   14.81      8.06
   20.50     46.91
   35.25     24.13
   36.49      4.20
   28.04     14.65
    4.85     35.16
   27.42     19.49
   19.91      5.50
   18.46      3.33
    6.36      4.28
    1.44      0.65
    0.72      0.65
    2.75      2.75
    1.96      4.12
    1.39      2.68
    4.21      2.03
    4.12      2.88
    2.75      1.96
    1.96      5.50
   29.24     24.08
    0.74      1.31
   55.19     55.85
    3.47     15.11
   11.62      3.40
    7.88      5.51
   17.92      3.47
    6.15      2.75
   11.57     15.69
    3.47      3.54
    2.75      2.82
    2.96      0.65
    7.59      5.57
    3.40      4.85
    3.54      2.68
    3.40      1.37
    2.68      4.19
    4.71     20.02
    0.72      0.72
   18.51      4.70
   10.20      9.03
    3.47      6.80
   25.59     51.96
    4.12      4.78
   20.68     21.92
   23.75     25.02
   19.12     19.07
    5.64      3.40
   22.24     10.34
   20.37     19.24
   25.12      8.59
   19.30     40.17
    6.08      6.87
    7.60     20.37
   39.14     37.66
    9.59      7.03
   21.41     20.71
    5.00      3.47
   18.85      4.19
    4.19     32.82
   19.17     20.67
   15.85      0.00
    0.00      0.00
    0.60      0.00
    0.00      0.00
    0.00      0.00
    0.00      0.00
    0.00      0.00
    0.00      0.00
    0.00      0.00
    0.00      0.00
    0.00      0.00
    0.00      0.00
    0.00      0.00
    0.00      0.00
    0.00      0.00
    0.00      0.00
    0.00      0.00
    0.00      0.00
    0.00      0.00
    0.00      0.00
    0.00      0.00
    0.00      0.00
    0.00      0.00
    0.00      0.00
    0.00      0.00
    0.00      0.00
    0.00      0.00
    0.00      0.00
    0.00      0.00
    0.00      0.00
    0.00      0.00
    0.00      0.00
    0.00      0.00
    0.00      0.00
    0.00      0.00
    0.00      0.00
    0.00      0.00
    0.00      0.00
    0.00      0.00
    0.00      0.00
