      h_eth1      
 KB/s in  KB/s out
    0.00      0.00
    0.00      0.00
    0.00      0.00
    0.00      0.00
    0.00      0.00
    0.00      0.00
    0.00      0.00
    0.00      0.00
    0.00      0.00
    0.00      0.00
    0.00      0.00
    0.00      0.00
    0.00      0.00
    0.00      0.00
    0.00      0.00
    0.00      0.00
    0.00      0.00
    0.00      0.00
    0.00      0.00
    0.00      0.00
    1.36      0.00
    0.00      0.00
    0.00      0.00
    0.00      0.00
    0.00      0.00
    0.00      0.00
    0.00      0.00
    0.00      0.00
    0.00      0.00
    0.00      0.00
    0.00      0.00
    0.00      0.00
    0.00      0.00
    0.00      0.00
    0.00      0.00
    0.00      0.00
    0.00      0.00
    0.00      0.00
    0.00      0.00
    0.00      0.00
    0.00      0.00
    0.00      0.00
    0.00      0.00
    0.00      0.00
    0.00      0.00
    0.00      0.00
    0.00      0.00
    0.00      0.00
    0.00      0.00
    0.00      0.00
    0.00      0.00
    0.00      0.00
    0.00      0.00
    0.00      0.00
    0.00      0.00
    0.00      0.00
    0.00      0.00
    0.00      0.00
    0.00      0.00
    0.00      0.00
    0.00      0.00
    1.36      0.00
    0.00      0.00
    0.00      0.00
    0.00      0.00
    0.00      0.00
    0.00      0.00
    0.00      0.00
    0.00      0.00
    0.00      0.00
    0.00      0.00
    0.00      0.00
    0.00      0.00
    0.00      0.00
    0.00      0.00
    0.00      0.00
    0.00      0.00
    0.00      0.00
    0.00      0.00
    0.00      0.00
    0.00      0.00
    0.00      0.00
    0.00      0.00
    0.00      0.00
    0.00      0.00
    0.00      0.00
    0.00      0.00
    0.00      0.00
    0.00      0.00
    0.00      0.00
    0.00      0.00
    0.00      0.00
    0.00      0.00
    0.00      0.00
    0.00      0.00
    0.00      0.00
    0.00      0.00
    0.00      0.00
    0.00      0.00
    0.00      0.00
    0.00      0.00
    0.00      0.00
    2.05      0.00
    0.00      0.00
    0.00      0.00
    0.00      0.00
    0.00      0.00
    0.00      0.00
    0.00      0.00
    0.00      0.00
    2.45     26.14
    0.00      0.00
    0.00     25.75
    0.00      0.00
   22.85     27.32
    0.00      0.00
   12.34      1.43
    0.00      0.00
    0.00      0.00
    0.00      0.00
    0.00      1.11
    0.00      0.00
  523.82    128.67
   37.87      0.70
  883.00    202.06
  466.63     31.67
  299.23    132.03
  108.09    151.05
  125.16    380.31
  140.71    154.55
  202.07    378.33
  179.78    310.51
  362.51     78.47
  489.29   1003.33
  610.08    153.52
  463.46    203.11
  755.32    943.79
  583.71    233.30
  489.82    143.79
  650.43   1311.07
  543.88    471.64
  802.38    472.23
  554.01    447.39
  528.80   1601.63
  625.97      0.00
  623.78    323.69
  584.68     61.87
  573.01   1035.64
  297.82      0.00
  488.00     25.63
  456.77      0.00
  572.56      0.00
  577.38     86.26
  372.03    111.98
  387.85    736.78
  336.04    609.99
  511.53      0.00
  464.86      0.00
  273.98    767.78
  513.37   2119.01
  465.42    166.65
  488.77    636.31
  408.28   1231.75
  336.80    724.25
  373.54    199.54
  208.05    142.73
  222.71    221.16
  177.02    121.87
  200.18     83.66
  161.89     81.03
   62.50     62.95
  107.59     18.21
   23.06      3.77
    2.31      0.00
    2.32      0.00
    0.00      0.00
    0.00      0.00
    0.00      0.00
    0.00      0.00
    0.00      0.00
    0.00      0.00
    0.00      0.00
   14.79     15.62
    0.00     14.37
   15.09     15.16
   15.09      1.44
    0.73      0.00
    0.00     14.37
    0.00      0.00
   14.45      0.72
   28.73     30.00
    0.00     28.74
   14.38     15.17
   45.85     15.58
    0.72      0.72
   15.09     14.43
    0.00      0.00
    0.72      0.00
    0.00      0.00
   14.37     15.17
    0.00      0.00
    0.72      0.00
    0.00      0.00
    0.00      0.00
    0.00     28.74
    0.00      0.00
   87.47     59.77
   58.91     88.64
    0.72      0.00
   31.02      1.44
   30.19     43.96
    0.00      0.00
   46.09     74.10
   61.16     61.23
   30.18     45.56
  276.75    196.87
   88.86    117.11
   80.00     47.53
   77.00     75.56
   46.73     44.68
  116.58     73.52
   46.82     32.36
   30.99     73.42
   15.16     15.10
   59.79     46.08
   15.86      0.72
   14.43      0.00
   15.86      1.44
    0.72      0.00
    0.00      0.00
    0.00      0.00
    0.00      0.00
    0.00      0.00
    0.00      0.00
   14.99     15.82
    0.00     14.78
   15.51     15.57
   16.22      0.71
    0.72      0.00
    0.00     14.77
    0.00      0.00
   14.84      0.72
   29.57     29.89
    0.00     29.58
   15.51     15.59
   31.31     15.78
   15.56      0.72
   15.51     15.58
    0.00      0.00
    0.72      0.00
    0.00      0.00
   14.78     14.84
    0.00      0.00
    0.72      0.00
    0.00      0.00
    0.00      0.00
    0.00     29.59
   29.79     30.02
   60.01     31.14
   45.08     74.11
   15.51     14.84
   45.96     16.30
   19.04     46.10
   47.15     60.38
   45.47     45.64
   76.69     60.36
  135.90    163.92
  137.23    153.12
  109.14    106.04
   95.28     63.64
   47.29     74.16
  106.38     89.91
   61.47     31.09
   33.92     59.96
   32.63     45.13
   16.31     31.02
   31.81     16.22
   44.43     59.58
   30.03      1.44
   31.10     15.50
   31.49      2.18
    0.00      0.00
    0.71      0.00
    0.00      0.00
    0.00      0.00
   15.10     15.17
    0.00      0.00
    0.72     14.99
   29.98     16.50
    0.71      0.00
    0.72      0.00
    0.00     14.99
   15.77      0.73
    0.00      0.00
   30.00     45.22
    0.00     15.00
   31.51     15.05
   15.83     16.63
   16.51      0.72
   15.71     15.78
    0.00      0.00
    0.72      0.00
    0.00      0.00
   15.00     15.05
    0.00      0.00
    0.72      0.00
    0.00      0.00
    0.00      0.00
   30.09     46.48
   14.99     15.05
   46.54     16.51
   45.69     77.32
   15.70     30.88
   77.45     33.08
   48.68     45.25
   31.42     46.38
    0.72     15.10
   77.89     64.63
  150.99    124.64
   93.06     96.71
  111.69     61.66
   48.57     75.85
   47.85     76.61
  122.90     65.28
   47.93     46.47
   32.14     46.34
   17.21     30.70
   32.31     30.71
   31.50     17.89
    0.72     14.99
   30.04     45.75
   17.24      0.72
   15.07      0.72
   32.20      1.43
    0.00      0.00
    0.00     15.00
   14.99      1.44
    1.36      0.74
    0.00      0.00
    0.00     15.10
   30.22     15.88
    1.44      0.00
    0.72     15.10
    0.00      0.00
   15.80      0.71
    0.00      0.00
   30.19     32.43
   15.10     31.00
   17.28      0.00
    0.00      1.44
   15.88      0.72
   15.10     15.16
    0.00      0.00
    0.72      0.00
    0.00      0.00
   15.11     15.17
    0.00      0.00
    0.72      0.00
    0.00      0.65
   15.83     15.91
    0.00     30.21
   15.83     30.70
   47.18     33.82
   47.46     47.59
   91.46     62.09
   18.64     16.29
   33.09     30.21
    0.72     15.75
    0.72     16.40
  140.78     95.38
   63.14    137.81
   81.30     64.48
   80.26     49.01
   64.06     91.65
   62.54     91.98
   92.90     61.77
   48.25     31.70
   18.71     45.96
   32.42     46.82
   31.75      0.72
   31.71     33.09
    0.00     15.10
    0.72     30.21
   46.16     30.99
   14.86      1.44
   29.31      0.72
   17.74      1.85
   15.10     31.33
    0.00      0.00
   17.34      0.00
    0.00      1.37
    0.65      0.00
    0.65      1.44
    0.72      0.00
    0.00      0.65
    0.00      0.00
    1.37      1.37
    0.00      0.00
    1.37      2.03
    0.65      0.00
    0.72      1.37
    0.72      0.00
    0.72      0.00
    0.65      0.72
    0.00      0.00
    0.00      0.00
    0.00      0.00
    0.65      0.72
    0.65      0.00
    0.00      0.72
    0.00      0.00
    0.65      1.37
    2.03      1.31
    0.72      2.09
    1.31      2.03
    3.40      2.82
    4.12      3.54
    0.65     15.17
    2.10      0.72
    0.65      3.92
    1.96      2.09
    8.24      5.70
    5.36      6.94
    2.61      3.54
    5.50      4.26
    1.96      3.47
    4.06     18.55
    4.05      2.16
    2.68      3.54
    2.09     16.45
    0.72      1.31
    2.09      0.00
    2.09      1.44
    0.72      1.31
    0.00      0.65
    0.00      1.31
    1.37      1.37
   15.78      0.72
    0.72      0.00
    2.75      2.11
    0.00      0.00
    0.00      0.65
    0.72      0.65
    0.72      0.00
    0.65      0.72
    0.72      0.00
    0.00      0.65
    0.65      0.00
    1.37      2.08
    0.00      0.65
    2.03      1.44
    0.00      0.00
    1.37      0.72
    0.41      1.06
    0.00      0.00
   15.71     15.78
    0.72      0.65
    0.00      0.00
    0.00      0.65
    1.44      0.00
    0.00      0.65
    0.65      0.00
    2.09      2.03
    0.00      0.72
    2.03      1.37
    2.68     18.46
    2.03      2.82
    0.72      0.00
    3.47      2.75
    0.00      0.65
    2.03      2.75
    4.06      4.71
    4.77     34.24
    4.19     17.80
    6.28     18.39
   17.74     19.10
    6.87      6.28
    2.09      2.75
    6.28     18.57
    2.68     16.44
    1.43      0.72
    5.48      3.54
    0.72      0.65
    0.65      0.72
    2.10      0.72
    0.00      0.00
    1.31      2.09
    0.00      0.65
    0.65      0.72
    1.37      2.03
   15.17      0.71
    2.03     15.06
   15.06      1.44
    1.36      0.72
    0.00      0.65
    0.00      0.00
    0.65      0.72
    0.72      0.65
    0.00      0.65
    0.72      0.00
    1.37      2.03
    0.65      1.37
    1.44      0.00
    0.00      0.00
    0.72      0.00
    0.65      0.72
    0.00      0.00
    0.00      0.00
    0.65      0.00
    0.65      1.44
    0.00      0.00
    0.00      0.65
    2.03      2.10
    0.72      0.00
    1.31      1.37
    1.37     17.21
    1.37      2.03
    2.75      0.72
    2.75      2.16
    0.65      0.72
    0.65      3.33
    2.03      2.75
    2.68      2.75
    5.49      3.54
    4.71     19.36
    2.03      2.82
    4.77     19.87
   17.79      4.98
    7.59     19.95
    2.03      2.82
    6.14      3.54
    2.03      4.12
    1.44      0.65
    2.82      1.37
    1.31      2.10
    0.72      0.65
    1.37      1.37
    0.72      0.00
    0.00      0.65
    2.09      1.37
    0.65      0.65
   15.81     17.28
    0.72      0.65
    2.09      1.37
    0.72      0.00
    1.44      0.00
    0.00      0.65
    0.00      0.00
    0.65      0.72
    1.37      0.72
    0.65      1.37
    0.00      0.65
    2.03      1.44
    0.72      0.00
    0.65      0.72
    0.00      0.65
    0.00      0.00
    0.72      0.00
    0.00      0.65
    0.00      0.65
    1.44      0.00
    0.65      0.72
    1.37      2.03
    0.72      0.00
    0.00      0.65
    1.30      0.72
    2.03      3.47
    2.03      2.03
    0.65      2.09
    0.72      0.00
    2.82      1.37
    1.31      2.09
    1.37      1.96
    3.40      5.49
    2.75      2.03
    3.54      3.41
    4.06     33.11
    4.25      2.68
    4.05      5.50
    3.47      2.09
    5.43      4.78
    2.75      3.47
    3.33     17.99
    4.91      2.82
    1.43      0.65
    1.37      1.37
    1.31      1.37
    0.72      0.72
    2.03      0.72
    1.37      2.09
    0.00      0.65
    0.65      0.72
    2.09      0.72
    0.65      0.65
    0.00      0.72
    1.31     16.54
    0.00      0.00
    1.44      0.00
   15.18      1.37
    0.00      0.65
    0.65      1.37
    1.44      0.00
    1.37      2.03
    0.65      1.37
    1.44      0.00
    0.00      0.00
    0.72      0.00
    0.65      0.72
    0.00      0.00
    0.00      0.00
    1.30      1.44
    0.72      0.65
    1.37      1.37
    0.65      0.72
    0.00      0.00
    1.96      0.72
    0.00      2.75
    1.37      2.68
    0.00      0.00
    4.19      0.72
    1.30      2.16
    1.31      2.75
    2.03      2.75
    2.03      2.75
    2.03      0.72
    3.40      3.47
    2.68      3.54
    4.05      3.40
    2.03      3.54
    4.12      3.47
    3.33      4.06
    2.09      2.82
    4.84      2.75
    3.98      6.28
    3.40      2.82
    2.09      1.37
    1.44      0.65
    1.31      1.44
    0.72      1.31
    1.37      2.03
    1.37      0.72
    2.09      0.65
    1.37      2.11
    0.00      0.65
    0.72      0.00
    0.72      0.65
    0.72      0.00
    1.37      1.37
    0.00      0.65
    0.00      0.00
    0.72      0.65
    2.03      1.37
    0.65      1.44
    1.37      0.65
    1.37      1.44
    1.37      0.00
    0.00      0.72
    0.00      0.65
    0.00      0.00
    0.72      0.00
    0.00      1.31
    1.37      0.72
    2.09      1.37
    0.00      0.65
    0.72      0.00
    0.65      1.37
    0.65      0.72
    1.78      1.78
    1.37      1.37
    1.96      3.47
    0.00      0.65
    1.37      0.00
    3.47      2.75
    0.00      2.03
    3.40      2.68
    1.44      2.75
    2.09      1.37
    3.47      2.75
    2.10      2.68
    4.64      4.84
    2.09      3.47
    3.54      1.37
    2.68      4.78
    2.75      3.40
    4.12      2.16
    3.40      3.47
    4.05      3.54
    1.37      1.37
    1.44      0.65
    1.31      1.44
    1.44      0.65
    0.65      2.03
    1.96      2.09
    1.44      0.72
    2.68      0.72
    1.37      1.44
    0.65      0.72
    0.00      0.72
    0.00      0.00
    0.65      0.72
    0.00      0.65
    0.00      1.96
    0.00      0.00
    2.81      1.30
    1.37      2.10
    2.09      1.37
    0.72      0.00
    0.00      0.00
    0.72      0.00
    0.65      0.72
    0.65      0.00
    0.72      1.37
    2.03      2.09
    0.00      0.00
    0.65      0.72
    0.65      0.72
    0.65      0.72
    0.65      1.37
    1.37      1.37
    0.00      1.96
    0.65      0.00
    2.82      1.37
    2.75      2.82
    0.65      0.72
    2.68      3.40
    2.03      1.44
    1.31      2.82
    2.75      2.09
    1.37      1.37
    2.03      2.75
    2.68      2.82
    4.71      5.56
    1.37      1.37
    3.47      3.40
    2.44      3.81
    3.47      2.75
    4.77      2.88
    2.75      2.03
    2.61      4.91
    0.65      0.72
    2.81      1.37
    0.65      1.37
    1.44      0.65
    0.00      1.96
    2.68      1.39
    2.09      2.82
    0.72      0.65
    0.72      0.00
    2.16      0.00
    0.00      0.00
    0.00      0.00
    0.65      0.72
    0.65      0.00
    0.65      2.75
    0.00      0.65
    1.37      2.03
    2.03      1.44
    2.09      0.00
    0.72      0.72
    0.00      0.65
    0.00      0.65
    2.75      0.72
    1.37      2.75
    0.00      0.00
    0.72      0.65
    1.37      0.72
    0.65      0.72
    0.00      0.65
    0.65      1.37
    1.44      0.00
    0.65      1.37
    1.96      3.47
    0.65      1.37
    1.37      1.31
    2.82      2.75
    1.37      1.37
    3.47      1.96
    0.72      2.09
    2.09      1.37
    2.09      2.03
    2.03      2.03
    2.09      2.09
    4.05      2.75
    2.03      4.13
    2.09      2.09
    2.68      3.40
    4.12      4.12
    2.03      2.09
    3.54      1.44
    3.40      2.10
    1.96      4.84
    2.03      0.72
    0.72      1.37
    2.09      0.00
    1.37      2.75
    0.65      1.37
    1.37      0.65
    3.40      2.16
    1.30      2.16
    0.72      0.00
    0.00      0.00
    0.00      0.00
    0.00      0.65
    0.65      1.37
    0.72      0.00
    1.37      2.03
    0.00      0.65
    1.37      2.68
    1.37      0.72
    1.44      0.00
    0.72      0.00
    3.40      2.09
    0.72      1.37
    0.00      0.00
    0.65      0.72
    1.31      0.72
    0.65      1.44
    1.70      0.65
   31.54     32.28
  165.97    259.66
   20.22     47.99
  141.22    348.19
   72.25     69.20
  149.47     83.41
   66.53     29.82
  115.92     41.18
   43.26     35.92
   81.90     59.88
   57.83     44.01
   53.65     48.62
   72.42     26.19
   65.73     32.39
   13.11      3.18
   24.19     13.77
   22.56     18.70
    2.88      2.75
    2.81      3.33
    3.40      2.10
    4.84      2.82
   27.79     24.04
    0.72      0.00
   29.33     13.76
    1.31      2.10
    4.78      5.63
    1.44      1.96
    1.44      0.00
    1.37      1.37
    1.59      1.96
    0.72      0.65
    2.09      1.37
    2.82      0.00
    0.72      0.72
    0.00      0.00
    0.00      0.00
    0.65      0.72
    1.31      2.09
    0.00      0.65
    1.37      0.72
    0.00      0.65
    1.37      0.65
    1.30      1.44
    1.37      2.68
    2.16      0.72
    0.72      0.00
    0.00      0.00
    0.65      0.65
    1.37      1.44
    0.00      0.65
    0.65      4.57
    0.72      2.03
    5.63      1.44
    2.16      0.00
    3.02      3.95
    1.31      2.03
    0.65     15.75
    0.72     16.40
   17.90     16.47
   16.53      2.74
   31.55     32.88
   15.87      2.09
   17.85     17.26
    2.17     15.67
    0.65     15.75
   34.04      3.53
    1.37      1.37
    1.37      1.37
   18.14     18.41
    0.71      2.75
    3.40      4.77
    2.03      2.09
    2.10      2.03
    3.47      1.44
    2.82      0.65
    0.65      1.37
    0.65     16.46
   17.05      3.53
    2.17      0.65
    2.74      0.72
    1.37      1.44
    1.31      1.37
    1.31      2.16
    0.65      1.37
    0.72      0.00
    0.65      0.72
    0.72      0.65
    0.00      0.65
    0.72      0.00
    2.03      2.10
    0.65      0.00
    0.72      1.37
    0.00      1.31
    1.37      1.37
    2.75      2.10
    1.37      0.72
    0.00      0.00
    0.72      0.00
    1.94      1.43
    8.49      0.72
   99.52    162.64
   87.66    134.08
   80.65    204.45
   94.83    176.99
  140.98     90.63
   80.13     36.07
   78.92     49.17
   92.16     54.22
   34.72     54.87
  150.23    100.97
   89.19     25.25
   86.85     46.56
   67.79     45.01
   44.05     33.34
   12.47     17.18
   16.89     32.44
   16.44      2.10
   17.59      2.09
    1.36      2.09
   17.67     16.44
    0.72      2.09
    1.42      0.65
    2.75      0.00
    2.68      4.19
    0.65      1.37
    1.37      1.44
    2.10      1.37
    0.65      1.38
   14.79     16.16
    2.75      2.09
    0.71      0.65
    0.00      1.96
    2.82      1.37
    0.72      0.65
    1.44      0.00
    1.37      0.72
    0.72      0.65
    0.65      0.00
    1.31      2.16
    0.72      0.65
    1.99      1.37
    0.72      0.72
    1.37      0.72
    2.03      2.75
    0.72      1.31
    0.00      0.00
    0.65      0.72
    1.44      0.65
    1.31      1.37
    0.72      5.29
    0.00      1.96
    4.98      5.29
    3.63      0.65
    4.32      0.65
    1.44      0.00
    0.65      0.00
    2.68     18.55
   31.34     32.24
    0.71      2.75
   16.51     30.76
   17.91     47.84
   47.40     47.93
   17.90     16.47
   46.65     32.89
   17.83      3.55
   46.58     17.15
    2.03     17.83
   15.81     16.30
   16.44     17.89
   18.52      2.83
    0.65      0.72
   19.23     17.26
    1.37      2.09
    1.43      1.31
    0.00      0.00
    3.40      2.75
    1.78      1.78
    1.37      1.44
    2.09      0.72
    1.31     17.09
   14.99      1.45
    2.74      1.40
    0.65      2.75
    1.31      1.44
    2.03      1.44
    1.37      0.72
    0.00      0.65
    0.65      0.65
    1.13      1.37
    0.72      0.65
    1.37      0.65
    0.65      1.44
    3.47      1.37
    1.37      2.75
    0.65      0.72
    0.72      0.00
    0.65      0.65
    0.00      0.72
    3.00      1.44
   89.08    102.40
  197.43    247.59
   31.69    103.97
  136.71    246.12
   27.96     90.59
   91.52     50.18
  104.26     57.87
  166.55     93.19
   46.91     41.05
  169.60    109.29
   90.87     77.24
   42.08     26.60
   63.28     71.66
   78.81     43.43
   73.59     64.46
   39.32     33.65
   36.41     19.80
    2.09      1.37
   14.37     45.38
   31.42     17.20
    2.74      2.82
   16.59      0.65
   15.82     17.84
    2.71      0.72
    1.37      1.44
    2.17      0.00
    0.65      1.37
    1.31      0.72
    2.03      2.03
    1.31      3.54
    2.10      0.65
    0.72      0.72
   15.77     17.86
    1.45      0.00
    2.10      1.37
    1.37      2.68
    0.72      0.00
    2.09      0.72
    0.72      0.00
    0.00      0.65
    0.65      0.72
    2.03      2.09
    0.00      0.65
    2.02      2.10
    1.37      0.65
    2.10      2.10
    1.37      0.72
    0.00      0.65
    0.00      0.00
    1.37      2.03
    1.37      4.64
    2.75      3.40
   33.53     33.44
    2.83      3.33
    3.61      4.57
    2.88     15.02
    5.05      0.65
   46.48     32.12
    1.37     15.09
    2.44      2.50
   32.77     46.49
    2.09     32.89
   75.43     36.46
    3.52     17.67
   34.26     34.11
   18.51      3.47
   17.88     31.48
   20.59      4.27
   17.27      0.72
    0.00     16.37
   15.45     16.88
    1.31      3.40
   18.58      1.44
    1.37      1.37
    2.03      1.44
    1.31      2.75
    1.37      0.72
    0.00      0.65
    1.44      0.65
    0.65      0.73
    2.09      1.31
    1.96      3.55
    2.75      0.72
    0.72      1.37
    2.03      2.09
    1.37      0.72
    2.02      1.44
    1.31      2.03
    0.00      0.72
    1.06      0.72
    1.44      0.65
    0.00      1.31
    0.72      0.00
    4.12      3.40
    0.00      0.72
    2.09      1.37
    0.65      1.37
    1.31      1.45
    1.44      0.00
   23.56     17.23
   83.41     93.06
  152.51    241.10
   69.21    112.27
  152.37    261.37
   60.23     25.78
   54.32      7.22
  197.14    134.00
   63.87     47.36
  129.02     48.99
   54.31     89.76
   83.87     29.33
  128.65     80.39
    4.78     33.19
   81.97     55.25
   33.69     35.21
   19.95     33.66
   32.46      4.26
   34.51     35.40
    2.03      1.37
   17.02      2.11
    1.44      0.00
    1.37      0.65
   16.30     34.30
    0.72      0.72
    2.09      2.68
   16.53      1.44
    1.44      0.00
    2.03      1.44
    1.31      1.44
    0.65      0.00
    0.00      1.37
    0.65      0.72
    1.37      2.03
    1.31      1.37
    1.37      1.45
    1.37      0.65
    2.10      2.75
    0.72      0.65
    2.10      0.73
    0.65      1.31
    1.44      0.72
    1.31      0.00
    2.75      2.16
    0.72      2.03
    0.65      1.37
    2.05      2.02
    0.00      0.00
    2.16      0.00
    0.65      1.37
   17.85     20.52
    1.31      3.40
    3.60      3.26
   16.50     14.34
    6.22      7.47
    2.09     17.05
    6.30      5.43
   16.59      3.33
   33.48     31.98
    2.16     30.10
   17.97     30.09
   46.59     15.78
   30.83     49.36
    2.75     17.05
   48.52      3.59
   15.65     48.38
   18.99     18.18
   34.46      4.06
    6.15      6.29
    4.84      2.10
    2.82     17.10
    2.03      1.37
   17.08      4.20
    0.00      0.00
    1.37      0.65
   17.20     18.00
    1.37      2.03
    2.76      2.10
    0.65      1.37
    2.10      0.65
    1.37      2.10
    0.00      0.00
    2.16      0.00
    0.00      0.65
    1.37      0.72
    2.03      1.37
    1.31      1.44
    1.37      2.10
    0.65      1.37
    2.44      2.10
    0.72      0.00
    2.03      1.44
    0.00      0.65
    0.65      3.33
    2.10      0.72
    3.47      1.37
    0.00      0.72
    2.03      1.44
    0.65      1.37
    0.00      0.65
   33.51     32.26
   91.21    154.28
  102.12    151.93
   43.62    159.18
  158.71    261.38
  105.36     69.90
  122.74     63.40
  184.48    119.11
   69.11     36.26
  145.17     94.32
   43.04     28.52
  114.97     88.77
   24.36     23.19
   89.21     90.09
   47.61     25.96
   60.87     23.48
   11.68     33.07
   90.55     94.05
    9.83     10.40
   35.19      7.01
    6.15      4.98
    2.16      1.31
    0.72     15.75
   17.91      1.43
    1.37      2.03
    0.00      0.65
    0.72      0.65
    1.37      1.37
    2.03      0.00
    1.44      1.44
    0.65      0.65
    1.96      2.16
    0.00      0.72
    0.72      0.00
    0.00      0.00
    0.00      0.65
    0.65      2.03
    2.03      1.44
    1.78      1.13
    1.37      1.96
    1.31      2.10
    1.44      1.37
    2.09      0.65
    0.65      1.44
    2.82      1.37
    1.31      3.40
    0.00      0.00
    2.10      1.37
    1.44      0.00
    0.00      1.31
    2.75      6.01
    2.68      3.47
    4.98      3.98
    0.72      2.61
    6.37      4.72
    3.47      2.77
    2.75      2.68
   19.34     19.08
   18.70     21.25
   16.40     45.24
   20.16     46.50
   32.23      2.17
   46.71     32.25
   45.22     63.52
   18.84     18.25
   34.97     35.46
   17.97      2.81
   19.35      3.47
   17.20     34.14
   32.53     20.20
    6.94      4.12
    7.75      3.54
    4.12      2.16
    2.09      2.75
    0.00      0.65
    2.75      1.44
    0.65      0.72
    1.37      0.65
    0.65      2.03
    0.65      2.09
    0.72      0.00
    1.44      1.31
    0.72      0.00
    1.31      2.09
    1.44      0.00
    0.00      0.00
    0.72      0.00
    0.00      0.65
    0.65      1.37
    2.68      2.16
    1.37      0.72
    0.65      1.37
    1.96      2.75
    1.44      1.37
    3.40      2.75
    0.00      1.37
    1.44      0.00
    2.68      2.75
    0.65      1.44
    3.72      1.44
   88.10     96.48
  125.81    210.17
  115.49    158.21
   48.65    210.78
  132.94    138.70
   68.40     35.97
   42.25     16.03
   58.06     20.46
   84.86     52.78
   30.44     25.60
  135.29    100.39
   53.25     27.99
   63.49     61.24
   93.23     65.63
  117.29    108.00
   56.19     34.04
   40.60     33.30
   62.94     56.22
   42.91      8.30
    3.39     10.39
   23.91      7.72
   18.32     35.08
   19.94      4.18
    2.17      0.65
    3.55      0.00
    0.72      2.03
    0.65      1.37
    2.75      2.10
    0.72      0.00
    0.72      0.00
    0.00      0.65
    1.96      2.82
    0.00      0.00
    2.10      0.00
    1.31      2.16
    0.00      0.00
    0.65      0.72
    0.00      0.00
    0.00      0.00
    0.00      1.31
    0.65      1.37
    2.03      2.09
    2.09      0.72
    1.37      0.72
    1.37      1.96
    0.00      0.72
    2.68      2.02
    0.72      2.09
    1.44      0.00
    2.16      2.61
    2.67      5.94
    2.75      4.77
    6.43      3.27
    3.56      2.75
    3.61     16.99
    2.03      1.96
   18.76      4.12
   18.52     19.04
    2.09      3.40
    5.57      4.06
   32.20     47.27
   17.18     31.51
   33.75      4.12
    3.47     15.74
   17.17     46.54
   30.32     46.01
   95.83     53.30
    5.49      4.84
   20.14      2.68
    3.54      4.12
   16.54     32.73
    4.19      4.64
    4.84      3.61
   35.70     18.63
    4.05      2.82
    0.71      1.44
    0.72      0.65
    0.65      2.03
    1.31      0.72
    3.47      2.16
    0.00      0.00
    0.00      1.31
    0.00      0.00
    1.37      2.68
    0.72      0.65
    0.72      0.00
    2.10      1.37
    0.72      0.00
    0.72      0.00
    0.41      0.00
    0.00      0.00
    0.68      0.65
    1.96      2.11
    3.40      2.82
    1.37      1.44
    0.00      0.65
    0.65      1.31
    0.65      1.44
    3.47      0.65
    1.96      3.61
  106.98     92.56
  150.51    271.48
   86.58     78.73
  105.45    173.16
   37.56     33.08
   58.00     26.62
   61.41     49.48
  144.24     80.18
  103.14     69.33
   36.96     27.80
  149.28     88.09
   62.78     30.87
   95.09     87.06
   79.31     40.32
   56.01     31.45
   21.31     38.98
   35.01     50.44
   30.79     33.53
   35.76     18.98
    7.01      4.33
   17.59     18.25
   19.48      6.35
    2.68      3.47
    2.61      3.54
    4.19      4.77
    2.75      1.44
    0.72      0.65
    2.09      0.72
    0.65      2.03
    1.37      2.03
    2.75      0.72
    1.44      0.72
    0.00      0.00
    0.65      0.72
    0.65      0.72
    0.00      0.00
    0.65      1.37
    0.00      0.00
    0.65      0.72
    0.72      0.00
    0.00      0.00
    0.00      0.65
    0.00      0.00
    0.65      3.33
    2.03      1.46
    4.19      1.44
    0.00      0.65
    0.65      0.72
    1.31      2.09
    1.44      2.61
    2.09      4.57
    4.06      6.08
    4.32      4.70
   19.98     18.37
    5.56      3.33
    3.54      4.78
    4.98      3.33
   19.10     47.57
   17.98     16.37
   18.62      6.08
   31.50     16.51
   17.84     33.27
   17.59     18.51
    5.63     18.40
   32.08     31.47
   61.21     33.98
   33.81     33.01
   19.78     15.50
   21.01     21.78
    3.47      5.29
    3.47     19.11
    6.35     19.70
   33.66      3.42
    8.96      4.78
    2.88      2.82
    3.47      1.37
    2.75      2.82
    2.03      1.44
    0.00      0.65
    1.37      0.65
    1.37      2.75
    1.31      1.44
    3.48      1.44
    0.00      0.65
    0.00      0.65
    0.00      0.00
    0.72      0.65
    0.72      0.00
    0.00      0.00
    1.37      1.37
    0.00      0.00
    0.00      0.00
    0.00      0.65
    2.09      0.00
    0.65      1.44
    0.65      2.03
    1.31      1.46
    2.77      2.09
    2.10      1.06
   23.79     18.65
  102.02    153.04
   81.11    135.26
   47.13    161.00
  161.63    255.66
   52.51     79.60
  259.43    119.14
  133.57     74.74
  129.24    127.23
   66.49     54.54
  154.91    131.74
   29.13      5.93
   90.49     40.17
   46.05     54.70
   47.12     30.12
   32.07     23.24
   19.22     33.81
   41.91     33.50
   33.58     19.85
    4.84      5.50
   30.62     17.96
   43.45     45.16
    4.06     20.61
   99.77    114.85
   38.49      9.11
   11.89      4.98
    2.09      2.09
    2.82      2.03
    1.37      0.72
    0.72      0.00
    2.03      2.75
    0.00      0.00
    0.72      0.65
    1.37      1.96
    2.03      0.72
    1.44      1.44
    1.37      0.00
    0.00      0.72
    0.65      0.72
    0.65      0.72
    0.00      0.00
    0.00      0.00
    0.65      0.72
    0.65      0.65
    0.72      1.37
    0.00      0.65
    0.00      0.65
    0.72      0.00
    1.44      1.31
    1.96      2.11
    4.93      8.04
    1.37      2.03
   16.47     18.48
    7.00      4.70
   19.98     22.44
    4.27      3.26
    3.56      3.33
    7.73      2.03
   33.80     36.44
    2.89     30.69
    4.19     47.78
   47.27     34.72
   51.70      4.97
   20.59      5.49
   15.09     47.85
   47.95     18.59
    6.35     16.40
    4.19      2.81
    1.37      1.37
   32.12     20.48
    4.91      2.10
    3.40      5.43
   17.26     17.12
    4.21      4.07
    2.68      7.99
   36.40     35.79
   10.48      5.69
    6.35      1.31
    0.72      1.44
    2.75      0.65
    0.00      1.44
    0.72      0.00
    1.96      2.81
    0.65      0.00
    0.72      0.72
    0.65      1.37
    1.30      2.03
    1.37      1.44
    0.72      0.65
    0.72      0.65
    0.00      0.00
    0.72      0.00
    0.72      0.00
    0.72      0.65
    1.31      1.44
    0.00      0.00
    0.00      0.00
    0.00      0.65
    1.30      1.44
    5.35      2.16
   44.46     62.09
   97.29    163.35
   63.16    128.03
  131.66    265.50
  119.49    144.87
   82.17     90.10
  180.48     44.46
  113.08     77.50
  109.86     82.56
   75.14     35.70
  118.62     87.75
   32.04     53.92
   53.13     52.38
   62.57     30.95
   33.82      2.88
   18.93      4.25
   52.37     50.72
   15.11     17.34
    4.83      1.37
   17.85     33.51
   28.44     24.77
    2.82      2.03
   64.70     33.26
    3.99      2.82
   31.39     25.01
    6.03      4.93
   31.88     19.99
   31.67     35.70
   34.79     25.51
    4.19      2.75
    0.73     26.47
   23.69     13.10
    0.72      0.65
   22.92     17.19
    2.03      2.75
    0.73      0.00
    2.16      0.00
    0.00      0.00
    0.00      0.65
    1.96      2.16
    0.65      0.00
    0.72      0.72
    0.65      0.72
    0.00      0.00
    0.72      0.65
    0.65      0.72
    0.00      0.00
    0.00      0.00
    0.00      1.31
    2.10      3.27
    2.16      5.29
    2.82      1.96
    5.57      6.10
    4.86      5.45
    2.83      4.72
    5.70      2.68
    3.56      4.64
    4.93     18.38
    3.54      4.05
   48.80     35.04
    6.93     19.22
   35.13     47.83
   17.90     19.03
   20.71     19.10
   19.32     31.34
   34.80      6.28
   17.23     20.87
    4.21      2.16
   50.40     34.01
    2.75      2.68
    6.94      3.47
    2.03      3.54
    3.54     17.67
    1.78      3.74
    1.44     15.67
   20.69      6.73
   16.55      4.06
    5.65      2.77
    8.24      7.58
   32.09     33.75
    4.26     15.10
   17.82      2.11
    0.71      1.44
    1.37      1.37
    1.37     15.51
   15.45      2.16
    1.96      2.16
    0.71      0.00
    0.00      0.00
    0.41      0.65
    0.00      0.65
    0.65      0.65
    1.37      2.09
    0.00      0.00
    2.81      0.73
    0.00      0.00
    0.00      0.00
    0.65      0.72
    0.00      0.00
    6.15    428.32
   85.68     12.45
  348.46     23.58
   41.17      5.70
   59.11     24.42
    3.27      2.18
   51.25     39.20
   81.15     66.57
   43.51      8.09
  117.27     98.88
   22.11     10.39
   61.70     39.16
   14.29      3.63
    2.75      1.44
    3.40      3.47
    1.31      1.44
    2.03      2.75
    1.37      0.00
   27.86     22.73
    3.27      3.61
   28.62      9.60
    0.00      0.00
   27.17     21.23
    3.33      2.16
   28.03      7.58
    0.00      0.00
    2.03      1.44
    0.00      0.65
    0.00      0.00
    1.30      0.72
    0.72      1.37
    0.65      0.00
    0.72      0.72
    0.00      0.00
    0.00      0.00
    0.00      0.00
    0.00      0.00
    0.00      0.00
    0.00      0.00
    0.65      0.72
    0.00      0.00
    0.00      0.00
    0.00      0.00
    0.00      0.00
    0.00      0.00
    0.65      0.72
    0.00      0.00
    0.00      0.00
    0.00      0.00
    0.00      0.00
    5.49      5.49
   16.32     39.94
   41.26    168.01
   38.99     14.08
  119.12      8.38
    7.08      5.43
    2.90      4.00
    4.21      5.38
   34.54     31.49
    2.90      3.98
    3.61      1.31
    4.74      3.02
   29.48     34.18
   19.21     15.82
    6.41      4.77
    3.54      1.96
    3.54      0.72
    2.03      2.03
    0.72      1.44
    0.72      3.26
    0.72      0.65
    3.54      0.72
   15.03     15.82
    2.18      1.37
    0.65      1.37
   15.75     17.19
    0.72      0.65
    2.83      0.72
    0.00      0.00
    1.44      0.65
    0.00      0.65
    0.00      0.00
    2.10      1.37
    0.65      0.72
    0.72      0.00
    0.00      0.00
    0.00      0.00
    0.00      0.00
    0.00      0.00
    0.00      0.00
    0.00      0.00
    0.65      0.72
    0.00      0.00
    0.00      0.00
    0.00      0.00
    0.00      0.00
    0.00      0.00
    0.65      0.72
    0.00      0.00
    0.00      0.00
    5.49      6.15
    0.65     20.96
    9.24     34.19
   27.74     20.59
   44.09    103.05
   12.29     10.61
   71.96      6.35
   37.79      5.72
   19.50     22.61
    4.71      4.35
   17.55     18.40
    3.27      3.61
    1.31      0.72
    5.94      4.21
   17.47     21.95
   30.23     32.54
    4.76      4.27
    4.19      2.75
    0.00      0.00
    2.75      1.44
    0.72      0.00
    2.61      2.89
    0.65      0.65
   16.10     17.02
    0.00      0.00
    2.75      1.44
    0.65      0.72
   15.44     16.96
    1.31      0.00
    0.74      1.44
    1.37      0.72
    0.65      0.00
    0.00      1.37
    0.00      0.00
    1.31      1.37
    0.72      0.72
    0.72      0.00
    0.00      0.00
    0.00      0.00
    0.00      0.00
    0.00      0.00
    0.00      0.00
    0.00      0.00
    0.65      0.72
    0.00      0.00
    0.00      0.00
    0.00      0.00
    0.00      0.00
    0.00      0.00
    0.65      0.00
    5.50      6.22
    3.26      2.88
    4.57      7.08
   18.35     18.42
   13.92     20.43
    6.08     11.05
   10.41     10.13
    6.15     10.79
   22.84     21.07
    8.47      5.43
    9.28      3.42
    3.54      4.01
   17.19     17.74
    4.33      5.22
    0.72      0.65
    7.14      2.05
   32.73     34.80
   19.19     18.52
    3.59      0.00
    3.40      2.75
    0.72      0.72
    1.44      2.61
    0.00      1.31
    2.88      0.00
    0.65      0.00
   16.37     18.54
    1.37      0.00
    0.72      0.72
    1.13      1.71
   16.36     17.16
    0.72      0.65
    0.00      0.65
    1.44      0.00
    1.37      0.72
    0.00      0.00
    0.72      0.65
    0.65      1.37
    1.37      0.72
    0.72      0.00
    0.00      0.00
    0.00      0.00
    0.00      0.00
    0.00      0.00
    0.00      0.00
    0.00      0.00
    0.65      0.72
    0.00      0.00
    0.00      0.00
    0.00      0.00
    0.65      2.61
    4.84      2.88
    0.65      3.99
    3.54      5.29
    3.63     20.38
    9.96     11.23
   17.73      6.08
   18.71      7.14
    6.80      4.19
    9.65      9.69
   10.72      8.60
    8.17      9.84
    3.99      4.33
    7.54      4.95
    2.05      2.89
    2.61      1.44
    3.91      5.78
    3.33      3.49
    2.61      3.40
    1.54      2.18
    4.19      4.12
    1.37      0.00
    2.09      1.44
    2.26      0.00
    1.96      2.88
    0.00      0.00
    1.31      1.37
    0.65      1.44
    0.00      0.00
    2.68      1.44
    0.00      0.72
    0.00      0.00
    1.96      1.44
    0.00      0.72
    0.00      0.65
    0.65      0.00
    0.00      0.72
    1.37      0.72
    0.65      1.37
    0.00      0.65
    0.65      0.00
    1.45      1.44
    0.00      0.00
    0.00      0.00
    0.00      0.00
    0.00      0.00
    0.00      0.00
    0.00      0.00
    0.65      0.72
    0.00      0.00
    2.61      1.31
    2.89      4.19
    0.65      0.72
    3.27      3.61
    3.92      5.64
    8.55      8.45
   15.87     17.02
    9.21     15.43
    6.87      6.21
    7.66      6.80
    2.10      8.70
    6.29      8.76
    8.33      4.84
   10.77      8.63
    3.47      1.37
    7.02      5.53
    3.62      3.92
    2.16      1.96
    4.98      3.35
    2.11      0.72
    6.29      4.12
    2.03      2.03
    2.10      2.10
    1.37      2.03
    1.44      1.31
    0.00      0.00
    2.88      1.31
    0.00      0.00
    0.65      1.37
    2.10      1.37
    0.65      0.73
    0.72      0.00
    1.44      1.31
    0.00      0.00
    0.65      0.72
    1.44      0.65
    0.00      0.00
    0.00      0.65
    0.72      0.00
    0.00      0.00
    1.31      1.44
    0.72      1.31
    0.00      0.00
    2.10      0.72
    0.00      0.00
    0.00      0.00
    0.00      0.00
    0.00      0.00
    0.00      0.00
    0.00      0.00
    0.53      0.59
    0.00      0.00
    0.00      0.00
    0.00      0.00
    0.00      0.00
    0.00      0.00
    0.00      0.00
    0.00      0.00
    0.00      0.00
    0.00      0.00
    0.00      0.00
    0.00      0.00
    0.00      0.00
    0.00      0.00
    0.00      0.00
    0.00      0.00
    0.00      0.00
    0.00      0.00
    0.00      0.00
    0.00      0.00
    0.00      0.00
    0.00      0.00
    0.41      0.41
    0.00      0.00
    0.00      0.00
    0.00      0.00
    0.00      0.00
    0.00      0.00
    0.00      0.00
    0.00      0.00
