      h_eth1      
 KB/s in  KB/s out
    0.00      0.00
    0.00      0.00
    0.00      0.00
    0.00      0.00
    0.00      0.00
    0.00      0.00
    0.00      0.00
    0.00      0.00
    0.00      0.00
    0.00      0.00
    0.00      0.00
    0.00      0.00
    0.00      0.00
    0.00      0.00
    0.00      0.00
    0.00      0.00
    0.00      0.00
    0.00      0.00
    0.00      0.00
    0.00      0.00
    0.00      0.00
    0.00      0.00
    0.00      0.00
    0.00      0.00
    0.00      0.00
    0.00      0.00
    0.00      0.00
    0.00      0.00
    1.36      0.00
    0.00      0.00
    0.00      0.00
    0.00      0.00
    0.00      0.00
    0.00      0.00
    0.00      0.00
    0.00      0.00
    0.00      0.00
    0.00      0.00
    0.00      0.00
    0.00      0.00
    0.00      0.00
    0.00      0.00
    0.00      0.00
    0.00      0.00
    0.00      0.00
    0.00      0.00
    0.00      0.00
    0.00      0.00
    0.00      0.00
    0.00      0.00
    0.00      0.00
    0.00      0.00
    0.00      0.00
    0.00      0.00
    0.00      0.00
    0.00      0.00
    0.00      0.00
    0.00      0.00
    0.00      0.00
    0.00      0.00
    0.00      0.00
    0.00      0.00
    0.00      0.00
    0.00      0.00
    0.00      0.00
    0.00      0.00
    0.00      0.00
    0.00      0.00
    2.05      0.00
    0.00      0.00
    0.00      0.00
    0.00      0.00
    0.00      0.00
    0.00      0.00
    0.00      0.00
    0.00      0.00
    0.00      0.00
    0.00      0.00
    0.00      0.00
    0.00      0.00
    0.00      0.00
    0.00      0.00
    0.00      0.00
    0.00      0.00
    0.00      0.00
    0.00      0.00
    0.00      0.00
    0.00      0.00
    0.00      0.00
    0.00      0.00
    0.00      0.00
    0.00      0.00
    0.00      0.00
    0.00      0.00
    0.00      0.00
    0.00      0.00
    0.00      0.00
    0.00      0.00
    0.00      0.00
    0.00      0.00
    0.00      0.00
    0.00      0.00
    0.00      0.00
    0.00      0.00
    0.00      0.00
    0.00      0.00
    0.00      0.00
    0.00      0.00
    0.00      0.00
    0.00      0.00
    2.45     26.15
   32.08     22.77
    0.72      0.00
    0.00      0.00
    0.00      0.00
    0.00      0.00
    0.00      0.00
    0.00      0.00
    0.00      0.00
    0.00      0.00
  888.94    351.95
  958.99    877.17
  766.65    581.99
  675.02    623.82
  492.70    584.59
  556.59    892.23
  593.40    374.53
  603.84   1071.22
  663.35    385.25
  659.73    157.48
  579.74   1438.91
  711.39    164.87
  641.23    532.10
  418.07    405.55
  583.94    873.71
  432.54    576.11
  446.90    500.83
  310.77    164.99
  323.12    289.49
  163.01     94.38
  212.64    283.23
  238.80     53.77
  240.47    257.64
  134.13     62.01
  127.07    241.11
  169.20     45.81
  185.62    108.26
  102.65     58.55
  117.28     94.04
  139.41     47.63
  226.49    110.70
  133.26    113.87
   80.02     59.45
   61.75    104.82
   97.25     33.29
  162.36     83.50
   70.60     35.81
  137.04    103.89
  132.32     93.15
  148.67    131.41
  119.04     93.65
  110.71    114.60
   46.49     70.67
   67.02     87.15
  253.27    196.70
  156.52    127.57
  134.12     95.14
   73.16     65.85
  100.23     50.18
   70.61     27.98
   75.05     36.88
   17.32     16.54
   30.84     31.06
    0.87      0.00
   42.78     41.84
    1.59      0.00
   36.24     35.58
   78.96     54.03
   70.54     73.04
   47.07     44.62
   85.49     57.42
   48.46    148.01
  156.01     39.26
   32.00     45.56
   17.03      1.44
   29.16     29.60
   30.19     44.70
   15.88     14.38
   59.50     90.85
   43.28     30.90
   46.47     59.38
   14.85     15.10
   71.10     52.45
   43.86     60.90
  114.93     72.47
   43.85     30.05
    0.00     11.70
   25.40     14.42
   66.24     77.26
   19.50     15.09
   16.53      0.71
   29.93     44.52
   45.96     45.95
   44.34     43.68
   15.16      1.44
   29.61     44.27
   14.86     16.24
   31.15      1.46
   15.50      1.44
    0.00     14.79
    0.00     14.79
   45.43     32.04
   15.50     31.01
    0.72     14.79
   30.35      1.44
    0.00     58.72
   15.59      0.74
   59.59     47.31
   15.56     28.74
   45.57     31.73
   14.79      1.43
   29.64     30.60
   45.80     14.43
    0.00      1.44
   30.08     30.21
    0.72      0.00
    0.72      0.00
   29.63     44.92
   15.77     30.09
   30.56     17.03
   30.19     16.60
   46.93     61.41
  107.59    139.01
   45.41     32.14
   33.46     16.96
   30.75     15.56
   30.30     30.43
   16.23     29.63
   46.88     45.55
   30.36     61.40
   75.80     32.73
   15.51     30.35
   15.07     15.53
   31.82     31.22
   29.58     75.01
   61.76     30.62
   45.96     16.50
   15.50     15.57
   15.52     15.59
   16.23     29.84
   45.30     45.50
   45.39     46.95
   15.77     30.29
   34.31     31.41
   31.22     44.99
   14.85     30.30
   31.09     30.58
   15.77     30.30
   14.85     14.99
   31.57      2.16
   15.73      1.45
    1.45     30.00
   15.16     15.82
   29.99     17.23
   16.49     30.71
    0.72      0.00
   28.97     15.71
    1.45     30.51
   31.46     31.41
   30.57     61.26
   48.01      1.45
   30.64     17.89
   15.05     60.29
   14.99      1.45
   60.47     31.44
   16.97     14.86
   16.48      0.72
   15.77     14.99
   15.71     16.53
   45.31     32.32
    1.37     15.51
   16.54     17.11
   64.44     91.88
   32.92     45.91
   45.76     65.25
   17.34     15.71
   45.09     33.03
   31.42     15.78
   32.26     76.02
   48.77      1.44
   60.20     91.64
   31.53      2.16
   14.99     31.51
   30.15     32.26
   31.49     15.88
   16.37     59.51
   31.50     32.23
    1.44     14.99
   45.10     16.60
   46.40     32.30
   15.07     15.89
   31.54     45.95
   45.17     30.77
   17.97     31.42
   44.93     17.90
   15.82     30.87
    0.00     29.99
   31.51     16.54
   46.52     32.15
    0.00     14.99
   30.15     15.77
    0.00     15.10
   45.34     17.26
    2.55     16.17
   15.10      0.71
   15.82     30.99
   15.16      0.72
   15.15     15.82
    0.72     30.19
   15.68     15.70
   29.60     46.01
   45.29     61.76
   46.84      2.87
   15.78      0.72
    0.65     15.71
   15.16     15.71
   45.15     48.15
   30.10     30.87
   30.98      1.43
   35.27     18.65
    2.16      0.65
    2.61      2.18
   16.45     33.65
   48.19     33.78
   30.31     17.08
    1.37     16.47
    2.82     14.45
   46.63     47.59
   17.19     15.16
   30.99     48.85
   31.05     31.64
   61.87     49.74
   31.77     15.82
    2.15      0.72
   30.92     32.35
   46.78     17.31
   30.98     30.26
    0.65      2.09
    1.43     30.20
   30.94     31.71
   30.27      1.43
   46.17     17.35
   15.10     30.99
   15.75     32.06
   19.43     46.10
   30.93      0.72
    0.65      0.72
    0.72     16.46
   31.72     46.01
   15.10     16.29
   30.96     15.82
    1.49     15.81
    2.82     15.10
   15.11     16.54
    2.10      0.72
   17.27      2.09
    1.44      0.65
    0.65      0.65
    0.72      0.72
    0.72      0.65
    0.00      1.31
   15.12     15.76
    2.10      2.68
    1.37     16.55
   33.15      1.37
    0.72      2.09
    0.00     15.10
   30.26     15.81
    1.44     16.48
   17.19     17.83
    3.33      2.88
    3.54      3.33
    2.88      1.31
    5.65      4.71
    2.09      1.30
    1.44      0.72
    2.03      2.75
    1.37     16.47
    2.03      2.09
    1.37      1.37
   15.81      2.03
    4.92      3.32
    2.09      2.68
    1.37      1.44
    2.75      1.37
    1.37      2.75
    3.47      2.09
    1.37      0.72
    0.65      1.37
    0.72      1.31
    2.03      2.03
    2.09      2.08
    0.00      0.00
    2.03      1.37
    2.68      2.81
   15.82     17.08
    2.16      1.36
    1.37      0.72
    1.37      1.37
    0.00      0.00
    0.00      1.31
   15.83      1.37
    2.03     17.82
    1.44      0.00
    1.37      1.37
    1.44      1.31
    0.65      1.37
    2.03      2.09
    2.82      0.72
    0.65      0.72
    0.72      0.00
    0.65      1.37
    0.65      1.37
    0.00      0.65
    4.05      4.19
    0.00      0.65
    2.82      0.72
    1.37      1.37
    1.96      2.16
    1.37      2.68
    3.47      0.65
    2.68      3.62
    1.96      2.75
    4.57      4.91
    2.10      3.54
    2.76      2.12
    1.37      0.65
    1.37      2.10
    1.37      2.68
    2.81      1.37
    2.03      2.03
    2.03      2.82
    2.68      1.44
    0.00      1.37
    2.75      2.09
    1.31      2.03
    2.09      3.40
    2.75      1.37
    1.44      0.72
    1.37      1.37
    0.71      1.31
    1.37      1.37
    1.44      0.00
    1.31      2.03
    0.65      2.03
    2.16      0.72
    2.03     16.56
    2.03      1.37
    0.71      1.37
    1.44      0.00
    0.65      0.72
    0.00      0.65
    0.65      0.00
    1.37      1.44
    0.65      1.37
    1.31     16.54
    1.37      0.65
    0.00      1.37
    2.74      2.75
    2.09      1.37
    1.37      0.72
    2.16      1.31
    0.00      0.00
    0.00      0.00
    2.09      3.33
    0.00      0.00
    4.15      2.09
    0.00      0.65
    2.09      2.68
    3.33      1.37
    1.38      4.19
    4.26      2.68
    2.16      1.96
    1.44      2.61
    5.56      4.05
    0.72      1.37
    1.44      0.65
    1.31      2.75
    3.33      2.10
    2.82      2.82
    2.10      2.03
    2.10      2.03
    2.10      2.68
    2.16      0.65
    0.65      1.37
    0.72      0.65
    2.03      1.44
    1.96      2.10
    2.09      2.09
    0.65      0.65
    0.65      1.44
    1.96      2.82
    1.37      0.72
    1.44      1.30
    0.65      1.37
    1.31      1.44
    2.82      2.03
    0.65      1.31
    2.16      0.72
    2.03      1.44
    0.00      0.65
    0.00      0.00
    0.72      0.65
    0.00      1.31
    0.72      0.00
    2.09      0.65
    0.00      1.37
    2.48      0.41
    1.31      2.74
    2.03      2.03
    1.96      1.37
    2.09      2.16
    2.16      0.72
    0.65      0.72
    0.65      1.37
    1.31      0.00
    1.37      3.47
    0.00      0.00
    2.75      1.37
    0.72      2.68
    2.09      1.31
    4.71      4.26
    4.37      2.90
    2.03      2.16
    1.96      3.40
    4.78      3.61
    0.00      0.00
    0.00      0.00
    1.31      3.33
    3.54      2.10
    2.03      2.68
    3.98      2.82
    2.75      4.26
    2.09      0.72
    0.00      0.65
    1.37      0.72
    0.65      2.68
    2.16      0.65
    1.37      2.03
    0.72      0.00
    0.00      0.65
    2.09      2.03
    0.72      1.31
    2.75      2.09
    0.00      0.65
    2.03      2.68
    2.75      2.16
    1.44      0.00
    3.39      2.10
    2.03      2.75
    0.72      0.00
    0.72      0.00
    0.65      0.72
    0.00      0.00
    1.31      0.72
    0.00      1.37
    0.00      0.00
    1.37      0.65
    0.41      1.13
    1.37      1.37
    0.65      2.68
    2.03      2.10
    2.75      2.75
    1.44      0.65
    1.37      1.37
    2.17      1.31
    0.65      1.37
    1.44      0.00
    1.31      2.75
    2.82      0.72
    1.31      2.10
    2.75      3.99
    1.44      2.68
    2.82      3.33
    3.60      0.65
    4.77      6.15
    2.16      0.00
    0.00      0.00
    0.72      0.00
    3.33      4.12
    2.75      2.10
    0.72      2.68
    3.54      3.33
    2.09      2.03
    2.03      0.72
    0.65      2.10
    2.10      0.65
    3.40      2.16
    0.65      1.37
    1.40      0.72
    0.65      0.00
    0.00      1.37
    1.96      0.72
    0.00      2.09
    0.00      0.00
    3.40      2.68
    0.65      3.47
    0.65      0.72
    3.47      3.40
    2.10      1.37
    3.54      0.00
    0.65      1.44
    0.00      0.65
    0.72      0.65
    0.72      0.65
    0.00      0.00
    0.00      0.00
    0.72      0.65
    0.00      0.00
    1.37      1.37
    0.65      0.00
    0.72      1.37
    1.96      2.75
    2.03      2.16
    2.10      0.72
    1.31      2.68
    0.65      2.10
    2.75      1.44
    2.03      2.03
    2.09      2.75
    3.54      0.65
    0.65      2.75
    2.68      1.46
    2.68      2.81
    1.96      2.88
    2.03      3.33
    4.78      3.61
    0.65      0.72
    1.37      0.72
    0.65      2.03
    3.47      2.68
    2.75      2.09
    2.68      2.81
    2.03      2.82
    1.37      1.37
    0.72      0.00
    0.65      2.03
    1.37      3.33
    4.12      2.10
    0.72      0.72
    0.72      0.65
    1.44      0.65
    0.00      1.31
    1.44      0.00
    1.37      0.00
    0.00      2.68
    0.72      0.65
    2.03      0.65
    2.03      2.16
    2.03      3.47
    2.75      2.03
    0.72      1.37
    2.02      1.44
    1.37      0.72
    1.37      0.72
    0.00      0.00
    0.65      0.00
    0.00      0.72
    0.00      0.00
    0.00      1.31
    0.72      0.65
    2.10      0.72
    0.00      1.96
    0.00      1.31
    3.40      2.16
    1.44      0.00
    1.37      0.72
    1.31      2.68
    0.65      2.03
    5.56      4.19
    2.68      3.47
    1.44      0.65
    2.03      2.03
    2.16      2.68
    2.88      2.61
    1.37      0.72
    2.03      3.99
    3.61      0.72
    0.65      1.31
    2.03      1.37
    2.75      2.82
    2.75      3.40
    2.10      2.75
    4.19      3.33
    2.16      0.72
    0.65      0.72
    0.00      0.65
    1.37      1.37
    2.68      2.82
    1.37      1.37
    0.00      0.65
    1.31      1.44
    1.31      1.44
    2.03      0.72
    0.73      1.37
    0.00      0.00
    2.03      0.72
    0.65      2.03
    0.00      2.03
    0.72      1.96
    2.75      1.44
    2.16      0.65
    2.10      1.37
    1.31      2.10
    0.65      2.03
    2.09      0.00
    0.72      1.37
    0.72      0.00
    0.00      0.00
    0.72      0.00
    0.65      0.72
    1.74      2.44
    0.68      0.00
    2.09      0.73
    0.65      2.03
    1.96      2.82
    0.72      0.00
    1.44      1.31
    1.31      0.00
    4.12      5.57
    2.03      2.68
    2.75      2.82
    3.47      2.11
    1.96      2.82
    2.68      2.16
    2.03      1.37
    2.03      1.37
    2.68      3.61
    0.00      0.00
    0.65      2.68
    1.44      0.65
    2.03      2.75
    4.05      3.54
    4.05      3.40
    3.47      2.88
    0.00      0.65
    0.72      0.00
    1.31      1.37
    0.72      2.68
    2.82      1.37
    0.72      0.00
    0.00      0.65
    0.72      0.65
    0.72      1.96
    0.72      0.65
    1.37      0.72
    1.31      2.75
    2.16      0.65
    0.72      0.00
    1.37      0.72
    1.31      2.75
    2.68      2.16
    0.72      1.31
    0.72      0.65
    0.00      0.00
    2.68      2.16
    1.37      1.37
    0.00      0.65
    0.65      0.72
    2.04      1.44
    0.72      0.65
    0.72      0.65
    0.00      0.00
    2.75      2.77
    0.00      0.65
    0.72      1.31
    1.37      1.37
    2.03      1.44
    1.38      1.96
    3.47      2.82
    2.75      2.68
    2.09      1.44
    2.68      4.12
    2.82      1.96
    2.82      2.75
    1.37      2.03
    2.09      3.33
    3.54      1.31
    0.72      0.72
    0.00      0.65
    3.47      1.44
    1.31      2.03
    1.37      2.75
    2.10      3.99
    6.29      4.12
    3.47      0.72
    0.00      0.72
    0.65      1.31
    2.09      1.44
    1.31      2.09
    1.37      0.72
    0.00      0.00
    0.65      0.72
    2.67      0.72
    0.65      0.72
    0.00      0.72
    0.00      0.65
    1.72      2.03
    2.03      0.72
    0.65      2.75
    1.37      2.03
    2.16      2.03
    2.09      0.72
    1.44      0.65
    0.72      0.00
    0.65      2.03
    1.37      1.37
    4.11      0.00
   89.50    117.60
  133.24    133.58
   71.51     68.51
   56.17     31.01
   34.20     14.57
    4.81      3.47
    0.72      0.72
    1.37      1.37
    0.72      0.65
    1.37      1.37
    1.31      2.03
    3.47      3.47
    3.33      4.19
    2.88      0.65
    0.72      1.31
    2.68      1.44
    2.03      3.47
    1.31      1.37
    2.75      2.16
    3.33      2.88
    1.37      1.37
    0.00      0.00
    1.31      3.40
    1.44      1.31
    1.37      0.72
    2.68      2.09
    5.39      6.21
    4.19      3.47
    0.72      0.00
    0.65      1.37
    2.75      2.09
    1.37      1.31
    1.44      1.37
    0.72      0.00
    0.00      0.65
    0.72      1.31
    1.44      0.65
    0.00      0.00
    0.72      0.65
    0.65      0.65
    0.72      1.37
    0.72      0.00
    0.72      1.31
    2.03      2.09
    2.61      2.82
    1.31      2.16
    1.44      0.65
    1.44      0.65
    0.65      0.00
    1.37      2.68
    2.82      2.11
    1.37      0.72
    1.44      1.31
   15.03     15.16
    0.72      0.65
   14.44     15.04
    2.09      2.75
    1.31      1.37
    0.65      1.44
    1.44      1.30
    1.37      1.31
    3.47      2.75
    5.43      5.50
    0.72      1.44
    3.47      1.37
    0.00      2.03
    2.82      2.03
    2.75      0.65
    0.00      2.75
    2.82      2.61
    2.75      2.09
    2.16      0.72
    0.65      1.37
    0.65      0.72
    1.37      1.37
    1.31      2.68
    3.54      4.05
    4.05      4.77
    3.54      1.44
    0.72      0.00
    1.37      2.68
    2.75      1.37
    2.68      2.16
    0.72      0.72
    0.00      0.00
    0.65      0.72
    1.30      1.44
    0.00      0.00
    0.65      0.72
    0.65      1.37
    0.00      0.00
    2.03      0.72
    0.00      1.37
    0.65      1.37
    1.44      1.96
    0.72      0.65
    2.10      1.37
    0.00      1.31
    2.75      1.37
    4.04      1.44
   76.24     83.88
   30.23     55.86
    2.03      2.88
   20.44     47.82
   14.75     14.81
   60.90     46.93
  108.36     58.46
    3.53      0.65
    1.28      1.78
   26.43     21.21
    6.89      4.09
   28.46     30.15
   24.14     11.81
    6.36      2.10
   13.81      5.21
    1.37      0.00
    2.68      2.82
    0.65      2.75
    1.37      0.00
    2.74      2.16
    1.96      1.44
    1.37      2.75
    0.65      0.65
    2.09      2.09
    1.37      1.37
    1.38      1.38
    1.31      1.44
    1.96      3.48
    4.12      4.12
    3.47      1.37
    0.00      1.37
    2.03      2.75
    2.09      2.03
    2.16      0.65
    0.65      1.37
    0.72      0.00
    0.72      0.65
    0.72      0.65
    0.00      0.00
    0.72      0.65
    0.72      0.65
    0.65      1.37
    0.72      0.00
    0.72      0.65
    2.03      1.44
    0.65      0.72
    1.31      2.09
    0.00      0.00
    1.37      1.37
    0.00      2.61
    4.26      3.98
    2.81      0.65
    2.75      2.75
    0.72      0.72
    2.09      0.72
   15.64     15.77
    1.37     16.36
   29.83     29.93
   15.87      0.72
    0.41      1.06
    1.31      0.72
    1.44      2.68
    2.82      2.61
    1.31     17.19
    4.71      5.50
    0.65      1.37
   19.41      4.12
    3.54      0.65
    0.65      2.10
    2.09      3.33
    2.16      0.65
    0.72      0.65
    2.10      0.72
    1.31      2.09
    0.72      0.65
    1.96      3.47
    0.72      1.96
    4.19      1.37
    1.37      1.37
    3.40      4.84
    2.09      1.37
    0.65      0.65
    2.09      2.09
    3.40      2.81
    0.00      0.00
    0.65      0.65
    0.72      0.72
    1.31      1.44
    0.72      0.00
    0.65      0.72
    0.65      0.72
    0.00      0.65
    1.31      0.72
    0.72      0.72
    0.65      2.02
    0.72      0.65
    1.44      1.31
    0.00      0.65
    2.09      0.72
   18.95     28.59
   48.80     57.34
   39.57     69.55
   34.90     23.61
  101.54     66.52
   35.55     11.92
   16.48     17.19
    1.37      0.72
   18.69     15.10
   14.99     31.29
   15.57      1.37
    1.37      0.65
    1.96      1.44
    1.37      3.47
    2.09      1.31
    0.00      2.68
    3.40      0.65
    4.78     20.44
    1.37      2.75
   16.94      1.37
    3.33      4.26
    1.31      1.44
    2.82      0.72
    2.03      2.75
    0.72      0.65
    1.37      1.37
    0.00      0.00
    0.72      0.65
    2.61      3.47
   29.16     23.33
   22.83     13.03
    5.51      5.48
    3.54      0.65
    2.68      2.10
    0.72      2.75
    1.44      0.00
    0.00      0.65
    1.37      2.03
    0.00      0.65
    0.72      0.65
    0.65      0.72
    3.03      0.65
    0.72      0.65
    0.00      0.65
    1.37      1.37
    1.44      0.00
    0.65      0.72
    1.31      1.44
    0.00      0.00
    1.31      2.09
    0.00      1.31
    4.26      4.64
    3.47      3.35
    2.89      2.09
   14.14     14.79
    2.15      1.37
   15.68     15.90
    1.37      1.44
    2.09      3.33
   16.47     15.89
   17.15     15.71
    1.37      2.82
    1.44      1.96
    3.54      1.37
    1.31      2.09
    0.65      0.00
    1.31      4.12
    2.82      3.98
    3.54      1.37
    2.76     17.15
    0.00      2.61
    2.82      1.31
   19.25      4.19
    0.00      1.31
    4.12      2.16
    2.09      1.37
    1.37      0.72
    0.00      0.00
    0.00      1.96
    2.82      2.68
    2.09      0.65
   16.39     16.52
    2.68      4.19
    3.54      2.68
    2.09      0.72
    1.31      1.44
    0.00      0.00
    1.37      0.72
    0.65      0.72
    0.00      0.00
    0.00      0.00
    1.96      2.75
    0.00      0.72
    0.65      1.37
    2.09      0.72
    2.03      1.44
    0.00      1.31
    0.72      0.65
    1.44      0.65
    0.00      0.65
   21.40     27.20
   38.60     57.10
    8.12      3.54
    0.65     26.48
   17.72     42.23
   36.95     22.86
   41.29     63.35
   78.80     51.36
   10.51      2.82
   28.03     10.31
   21.49     18.14
   16.60      2.74
   27.07     22.58
    2.37      3.88
   27.87     27.95
    6.96      2.78
   29.42      8.34
    1.96      2.82
   15.80      6.65
    1.44      0.65
    3.33      0.72
    0.72      3.47
    1.96     17.27
    0.65      0.72
    2.09      2.68
   17.91      3.47
    1.37      1.37
    1.37      0.72
    1.37      0.72
    2.68      2.09
    1.37      2.09
    0.00      1.31
   16.82     16.22
    4.12      4.19
    3.47      2.74
    1.37      2.03
    1.37      0.00
    1.44      1.37
    0.72      0.65
    0.72      0.00
    0.00      0.65
    0.00      0.65
    1.44      0.00
    0.00      1.31
    0.65      1.31
    2.03      2.10
    2.16      0.72
    0.65      0.72
    2.03      1.44
    0.00      0.00
    0.65      2.68
    2.10      4.64
    5.05      1.96
    2.88      1.31
    2.68      2.84
   41.66     37.75
    1.37      0.72
   40.78     42.39
   43.80     42.80
    1.37      1.37
   10.98      2.03
    2.09     15.74
    7.31      3.34
    2.16      0.00
   16.39      2.16
    1.31      1.37
    0.00      2.68
    2.90      2.03
    5.71     19.21
    2.09      0.72
    2.09      2.68
   16.52      2.09
    0.72      1.96
    2.75      2.09
    1.37      1.31
    3.47      2.75
    0.72      0.72
    1.37      1.37
    0.72      0.65
    1.37      2.61
    2.82      2.10
    2.10      0.72
    0.65      1.37
   17.68     18.46
    3.47      3.40
    3.47      0.72
    2.10      2.82
    0.00      0.65
    1.31      1.44
    1.06      0.72
    1.44      0.00
    0.00      0.00
    1.31      1.44
    0.00      0.00
    0.00      0.00
    0.65      1.37
    1.31      2.10
    0.72      0.65
    2.03      3.40
   17.05      0.73
  122.24    131.69
  100.62     40.40
    6.09      4.33
    2.03      3.54
   15.58     27.16
    0.65      0.65
    3.54     27.85
   21.31     27.29
   15.76     16.54
   44.35     24.44
    1.31      1.37
   22.88      5.15
    3.33     16.54
    0.65      2.16
    0.72      1.31
   15.81      2.76
    0.72      0.00
    1.96      1.44
    1.37      4.05
    2.68      2.03
    2.82      2.82
    1.96     16.96
    3.40      2.10
    0.72      2.03
   16.88      0.72
    2.68      3.47
    2.82      2.16
    0.65      1.37
    0.72      0.00
    1.31      0.72
    1.31      2.10
    0.72      1.37
    0.00      0.65
    1.37      2.68
   17.13     17.84
    6.94      4.27
    1.44      1.31
   25.77     21.26
    1.37      1.37
   27.86     28.05
   28.01     20.78
    0.65      8.35
    9.61      1.31
    2.16      0.00
    4.43      0.73
    0.00      1.31
    0.72      0.65
    2.09      0.72
    1.52      0.72
    0.65      2.03
    2.03      2.75
   32.04     34.16
    5.63      5.36
    3.54      2.03
    3.54      1.39
    2.10      0.00
    2.68      4.19
    0.00      0.00
    0.65      0.65
   16.37     17.15
    1.44      0.65
    2.10      2.68
    2.75      2.68
    2.88      1.37
    2.03      1.44
    0.00     14.79
    0.65      0.72
    1.37      1.96
   18.41      3.48
    1.31      2.03
    1.31      2.82
    2.89      0.65
    1.37      2.68
    1.44      1.31
    1.31     17.74
    2.68      2.75
    4.19      3.47
    2.82      0.65
   15.78      1.44
    0.00      1.31
    2.82      1.31
    1.44      0.72
    0.65      0.00
    0.00      0.72
    0.65      1.37
    3.99      6.14
    2.75      2.10
    1.37      1.44
    2.03      1.37
    1.78      1.37
    1.37      1.44
    0.72      0.00
    0.00      0.00
    2.68      2.10
    0.00     15.10
    0.00      0.00
    2.03      1.44
   15.09      1.37
    0.00      1.38
   18.71     27.76
  103.74    116.77
   98.84     84.07
    3.98      4.98
    2.61      3.47
    2.82      2.16
  126.70     83.21
    8.43      3.40
    2.31      0.72
    0.65      1.37
    2.16      0.65
   16.48     16.63
    2.75      2.09
    1.96      2.82
    2.61      2.16
    1.37      2.75
    1.44      0.00
    0.72      0.65
    1.72      1.78
    1.31     17.17
    0.00      1.31
    1.44      1.31
    3.33      2.88
   17.17      2.09
    2.03      1.44
    0.72      0.00
    0.65      1.96
    2.61      4.05
    4.19     18.65
    2.75      2.16
    0.72      0.00
    2.68      2.16
   16.47      2.16
    0.00      0.65
    0.72      0.00
    0.00      1.30
    2.68      2.03
    3.47      3.47
    1.44      1.37
    0.65      1.31
    1.44      1.37
    1.37      1.37
    0.00      0.65
    1.37      0.72
    2.10      2.03
    1.44      0.00
    0.00      0.00
    0.65      1.96
    1.44     16.16
    1.37      0.72
    1.37      1.37
    1.39      3.99
   49.28     33.53
   18.59     18.31
    3.54      2.61
    2.16      2.03
    2.75      1.37
   31.37     31.32
    2.75      2.81
    0.00      0.65
    2.61      2.82
    1.31      2.09
    1.44      2.03
    2.88      2.61
    2.16      1.31
    1.31      1.37
    2.75      2.16
    0.65      0.72
    0.72      1.31
    2.16      1.31
    2.44      1.13
    0.00      0.72
    2.03      3.99
    1.37     15.83
    2.82      2.03
    1.44      0.72
   15.91      0.72
    2.02      2.61
    2.03      4.20
    2.75      2.10
    0.72      1.31
    1.44      3.26
    3.54      1.37
    0.65      0.72
    2.10      0.72
    1.44      0.00
    0.65      1.37
    2.68      3.40
    2.75      2.08
    2.09      1.37
    0.65      1.44
    0.65      0.72
    0.00      0.00
    0.72      0.65
    0.65      1.31
    1.31      2.16
    1.31      1.44
    1.44      0.00
    2.02      1.44
    0.65      1.37
   18.90     16.87
   37.31     50.02
   43.94     87.02
   41.68     46.06
    2.10     29.31
   43.60     30.18
   49.81     41.34
   71.65     48.43
   15.71      2.75
    8.91      2.16
    1.44      1.96
    1.37      2.03
    2.82      0.72
    3.33      2.82
    1.96      2.88
    1.31      1.96
    1.44      1.44
    2.10      1.38
    2.03      1.44
    1.96      1.44
    0.00      2.03
    0.72      0.00
    0.65      2.03
    1.37      1.37
    4.71      2.82
    0.00      1.44
    1.44      0.00
   26.41     22.58
    1.37      0.65
   29.17     30.72
   29.39     12.36
    2.68      2.16
   10.90      2.16
   22.85     16.61
    0.00      1.31
    1.37      2.03
    2.02      0.72
    2.10      1.44
    2.03      3.40
    2.82      1.31
    0.74      1.39
    1.44      0.65
    0.72      0.00
    0.65      0.72
    0.00      0.65
    0.72      0.65
    0.72      0.65
    0.00      0.65
    1.31      2.68
    2.16      1.37
   32.31     31.64
   28.54     24.47
    4.93      5.37
   32.91     18.47
    2.09      1.37
    4.25     32.16
    3.54      2.03
   32.07     32.59
   35.22     16.48
   16.53      3.54
    1.31      1.37
    2.03      2.10
    3.55      3.54
    2.16      1.96
    2.16      1.96
    2.09      1.31
    0.65      1.44
    2.03      2.09
    0.65      2.68
    3.54      2.03
    1.37      0.00
    1.44      0.72
    0.72      0.65
    1.31      1.37
    1.37      4.70
    1.44      0.00
    2.75      1.44
    1.44      0.65
    0.65      0.72
    2.69      3.40
    0.00      2.03
    2.03      3.40
    4.32      1.31
    0.72      0.65
    1.37      0.00
    0.00      1.37
   16.16     15.56
    0.00      1.31
    2.75      1.31
    1.31      2.82
    4.53      2.83
    2.77      1.44
    0.72      1.37
    0.00      0.00
    0.00      0.00
    0.65      0.72
    1.37      0.72
    0.00      0.00
    0.65      0.00
    0.65      2.09
   77.31    104.13
  101.29     92.31
   40.35     34.97
    4.71      4.98
    3.47      2.82
   77.13     66.16
   19.44      4.19
   16.37     31.53
   20.09      4.84
    0.72      1.31
    2.75      2.75
    2.16      1.31
    4.19      1.96
    1.96      2.17
    2.61      2.88
    1.44      2.75
    1.44      0.00
    0.65      1.37
    1.38      0.65
    2.61      2.89
   27.16     22.61
   29.30     13.79
    3.41      2.80
    1.14      2.40
    1.38      1.37
    4.05      2.09
    1.37      2.09
    1.52      1.44
    1.44      0.65
    1.37      1.96
    1.46      0.73
    1.37      1.37
    3.92      5.00
    2.11      0.72
    0.65      1.37
    0.72      0.00
    0.65      1.37
    1.37      0.00
    0.65      2.10
    0.65      0.00
   17.10     18.56
    0.65      3.36
    2.90      0.65
    1.37      0.72
    0.65      0.72
    1.45      0.00
    0.00      0.65
    0.72      0.00
    0.00      0.65
    0.72      0.65
    1.44      3.26
    3.55      2.70
   18.48     19.05
    7.01      4.78
    1.46      3.33
    2.82      3.99
   18.99     30.37
    2.05      2.10
   32.88     20.63
    3.46      2.10
    2.75      2.03
    4.12      2.16
    1.96      4.19
    2.89      1.96
    1.44      1.96
    2.09      1.37
    2.03      1.44
    2.02      1.39
    0.00      1.37
    2.16      2.61
    2.09      0.72
    1.31      1.37
    0.72      1.37
   15.09     14.43
    2.09      1.31
    2.03      4.79
    2.09      1.37
    1.44      0.65
    2.77      1.44
    1.37      0.72
    1.31      2.12
    1.39      1.37
    0.72      3.26
    3.47      2.03
    2.16      1.39
    1.39      0.72
    0.00      0.65
    1.37      1.37
    0.72      0.65
    1.37      1.37
    0.65      0.65
    2.82      0.74
    1.96      3.56
   15.84     15.89
    0.00      0.00
    0.00      1.31
    1.37      0.00
    1.31      2.18
    0.72      0.00
   19.23     15.88
   19.33     29.37
   54.29     77.34
   30.74     30.74
   23.89     32.19
   16.45      2.10
    4.09      4.26
   29.93     19.44
   20.54     23.82
   31.36     24.00
    4.12      5.06
   15.77      2.75
    4.14      6.09
    3.40      3.48
    4.93      1.44
   27.78     21.88
   21.27     19.24
   28.75      8.39
   28.59     23.22
   46.43     28.18
    3.32      2.16
    1.39      3.49
    0.72      0.00
    2.03      0.72
    0.65      1.44
   16.10     15.57
    0.72      2.03
    1.31      2.10
    3.40      2.82
    1.37      2.70
    0.65      0.72
    2.16      1.96
    2.85      0.74
    1.30      1.44
    2.68      2.09
    1.31      2.16
    0.65      2.05
    2.18      0.00
    0.65      1.37
    2.03      1.44
    0.00      0.65
    1.37      0.00
    1.31      4.14
    0.74      0.65
    2.82      1.39
    0.74      0.00
    0.00      0.00
    0.65      0.72
    0.00      0.65
    0.72      0.65
    0.65      2.61
    3.54      2.77
    2.83      4.66
    3.63      1.96
    4.28      2.61
    4.12      3.47
    0.72      2.03
   17.20     18.58
    2.82      0.72
    1.37     17.06
    3.42      3.40
   15.85     15.80
    2.75      3.40
   19.97      6.16
    4.05      4.26
    2.75      1.96
    3.56      3.49
    2.77      1.44
    2.03     15.52
   16.22      2.81
   16.23     16.80
    2.88      1.31
    0.65      0.72
    1.31      2.77
    1.46      0.00
   15.65     16.36
    1.44      2.03
    2.16      0.00
    1.96      4.13
    1.44      0.65
    2.75      1.44
    0.65      0.72
    2.68      2.77
    1.39      4.07
    0.72      1.31
    2.88      0.65
    2.05      1.44
    3.46      0.65
    0.65      1.39
    0.74      2.03
    0.72      0.00
    1.37      1.37
    0.72      0.65
    2.68      2.11
    1.39      1.44
    1.37      1.39
    0.74      0.00
    0.00      0.65
    0.00      0.00
    0.65      0.72
    2.09      1.37
   52.73     71.06
   18.94     28.66
   43.56     59.49
   29.59     30.36
   10.17     25.64
   30.19      2.18
   41.65     34.28
    1.96      3.54
   30.79      9.16
    0.72      1.96
   36.65     40.97
   29.97     25.20
   92.81     50.75
   27.01     19.44
   12.95      3.83
    2.10      2.82
    1.37      2.68
    1.37      2.70
    3.49     17.19
    1.96      1.44
   34.18     19.40
    1.44      0.65
    0.65      1.31
    0.00      0.72
    0.72      0.00
    2.70      2.18
    1.96      2.16
    2.40      2.44
    1.31      0.72
    1.44      2.75
    0.72      1.31
    1.37      0.72
    3.49      2.05
    1.31      2.17
    2.03      1.44
    0.65      2.70
    1.37      0.72
    0.00      1.31
    2.75      0.74
    1.48      0.72
    0.65      1.37
    2.03      0.72
    0.00      2.68
    2.09      1.39
    2.11      0.72
    0.65      1.39
    0.74      0.00
    0.00      0.00
    0.00      0.65
    2.75      2.75
    2.82      2.61
    1.46      3.98
    3.61      1.96
    2.16      3.26
    4.19      1.37
    2.75      2.68
    2.09      4.12
    2.09      2.70
    2.75     16.49
    1.46      0.00
   16.47      2.75
    2.03      4.77
    4.84     17.67
   19.15     33.81
   17.26      3.99
   19.27      2.81
    2.75      1.44
    1.44      0.65
    1.31      2.09
    0.72      1.96
   19.96     35.09
    1.38      1.44
   16.62      1.37
    2.18      0.00
    0.65      0.72
    0.00      1.96
    0.72      1.31
    2.75      2.77
    2.11      1.31
    1.37      1.44
    2.10      0.72
    2.03      2.10
    1.31      2.77
    2.18      1.31
    2.10      2.03
    0.72      0.00
    1.37      1.37
    0.65      0.00
    1.37      2.09
    2.03      2.79
    0.74      0.65
    0.65      2.03
    0.74      0.00
    3.79      1.44
    2.77      2.77
    0.00      0.00
    0.65      1.39
    1.46      0.00
    0.00      0.00
    2.03      2.75
    1.96      2.82
    1.31      1.46
    4.70      3.60
    3.92      2.16
    2.44      5.32
    1.31      2.75
    2.75      1.37
    3.40      2.16
    0.65      1.37
    0.00      1.37
    1.37     16.75
    2.10      2.12
   19.56      5.65
    6.31      6.08
    3.40     31.29
    2.03      4.22
   50.41     19.05
    2.10      1.44
    0.72      1.31
    2.03      0.72
    1.96      3.54
    2.68      2.03
    0.72      1.46
    2.75      2.75
    0.65      1.39
    0.65      0.00
    1.44      0.72
    2.05      1.44
    1.31      2.03
    0.65      2.09
    4.07      2.84
    1.44      2.03
    1.37      0.65
    2.77      2.84
    1.96      2.10
    1.37      0.72
    1.44      1.37
    0.00      0.65
    0.65      1.37
    1.37      0.72
    0.72      1.31
    0.65      0.74
    2.77      1.39
    1.31      3.40
    2.09      1.37
    1.46      0.74
    0.74      0.00
    1.31      2.11
    0.74      0.00
    1.37      2.68
    2.12      1.31
    2.81      2.03
    2.12      3.99
    1.44      3.92
    5.70      2.03
    2.82      1.31
    2.75      2.75
    2.82      3.40
    1.44      0.65
    0.72      0.00
    1.96      1.37
    0.00      1.44
    2.03     18.98
   19.11      4.77
    4.19      4.84
    4.19      3.51
    4.07     19.79
   19.19      2.81
   17.83     17.24
    0.72      1.96
    2.88      1.31
    2.75      2.68
    2.09      1.44
    2.09      1.37
    0.00      0.00
    0.74      0.65
    2.03      2.09
    0.65      3.35
    2.16      0.65
    0.72      0.00
    2.61      4.05
    0.74      1.44
    4.12      1.37
    2.12      2.77
    1.46      2.70
    3.47      1.37
    1.37      1.44
    0.72      0.00
    0.65      0.65
    0.65      1.37
    0.72      0.72
    1.37      0.00
    0.65      2.77
    0.74      1.31
    2.03      1.44
    1.31      2.11
    2.83      1.39
    0.00      0.65
    0.65      1.39
    3.51      1.37
    1.31      2.16
    2.68      2.83
    1.37      1.37
    3.92      2.88
    2.61      4.26
    3.40      2.82
    2.03      2.75
    2.03      2.82
    2.03      1.44
    1.37      0.72
    0.00      1.96
    1.44      0.00
    1.37      1.37
    1.31     17.85
    6.15      4.91
   17.18      2.09
    0.00      3.98
    4.19     18.50
   20.01      3.48
    2.68      2.18
    4.00      3.62
   17.24     16.47
    1.37      2.09
    1.31      2.09
    0.72      0.00
    2.82      0.74
    0.65      1.37
    1.31      0.00
    0.65      2.82
    1.37      0.72
    0.00      2.61
    3.43      0.74
    3.40      4.19
    2.03      1.37
    4.16      2.77
    1.96      4.28
    0.74      0.65
    2.82      0.72
    0.00      0.65
    0.72      0.65
    1.31      1.44
    0.00      0.65
    1.44      0.00
    0.65      0.65
    0.65      3.42
    2.18      0.00
    2.68      2.84
    0.74      0.00
    0.00      0.65
    3.42      3.42
    1.37      3.42
    1.44      1.96
    3.56      0.72
    0.74      4.57
    4.26      2.68
    3.54      2.68
    3.54      2.03
    3.47      2.03
    0.72      2.68
    2.82      0.72
    0.65      0.72
    1.31      1.44
    0.72      0.65
    2.03      2.61
    2.03      4.12
    2.82      3.40
    2.75      0.00
    3.47      4.19
    2.03      3.40
    2.75      2.68
    2.88      3.99
    2.82      1.31
    2.68      2.85
    2.85      2.05
    2.84      1.37
    2.03      2.16
    0.00      0.65
    0.72      1.31
    3.56      1.37
    0.00      0.00
    0.00      0.00
    1.31      2.03
    1.96      3.48
    1.39      2.75
    4.12      3.33
    2.18      3.44
    1.44      0.00
    2.68      2.82
    2.86      0.74
    1.37      0.72
    0.00      1.31
    0.72      0.00
    1.31      1.44
    0.72      0.65
    1.31      0.72
    1.37      2.12
    1.39      2.03
    0.65      1.39
    0.74      0.00
    0.71      0.00
    0.72      0.00
    0.00      0.00
    0.00      0.00
    0.00      0.00
    0.00      0.00
    0.00      0.00
    0.00      0.00
    0.00      0.00
    0.00      0.00
    0.00      0.00
    0.00      0.00
    0.00      0.00
    0.00      0.00
    0.68      0.00
    0.00      0.00
    0.00      0.00
    0.00      0.00
    0.00      0.00
    0.00      0.00
    0.00      0.00
    0.00      0.00
    0.00      0.00
    0.00      0.00
    0.00      0.00
