      h_eth1      
 KB/s in  KB/s out
    0.00      0.00
    0.00      0.00
    0.00      0.00
    0.00      0.00
    0.00      0.00
    0.00      0.00
    0.00      0.00
    0.00      0.00
    0.00      0.00
    0.00      0.00
    0.00      0.00
    0.00      0.00
    0.00      0.00
    0.00      0.00
    0.00      0.00
    0.00      0.00
    0.00      0.00
    0.00      0.00
    0.00      0.00
    0.00      0.00
    0.00      0.00
    0.00      0.00
    0.00      0.00
    0.00      0.00
    0.00      0.00
    0.00      0.00
    0.00      0.00
    0.00      0.00
    0.00      0.00
    0.00      0.00
    0.00      0.00
    0.00      0.00
    0.00      0.00
    0.00      0.00
    0.00      0.00
    0.00      0.00
    1.36      0.00
    0.00      0.00
    0.00      0.00
    0.00      0.00
    0.00      0.00
    0.00      0.00
    7.21      0.00
    0.00      0.00
    0.00      0.00
    0.00      0.00
    0.00      0.00
    0.00      0.00
    0.00      0.00
    0.00      0.00
    0.00      0.00
    0.00      0.00
    0.00      0.00
    0.00      0.00
    0.00      0.00
    0.00      0.00
    0.00      0.00
    0.00      0.00
    0.00      0.00
    0.00      0.00
    0.00      0.00
    0.00      0.00
    0.00      0.00
    0.00      0.00
    0.00      0.00
    0.00      0.00
    0.00      0.00
    0.00      0.00
    0.00      0.00
    0.00      0.00
    0.00      0.00
    0.00      0.00
    3.87      0.00
    2.78      0.00
    3.41      0.00
    0.00      0.00
    3.10      0.00
    3.11      0.00
    0.00      0.00
    0.00      0.00
    0.00      0.00
    0.00      0.00
    2.05      0.00
    0.00      0.00
    2.71      0.00
    2.34      0.00
    2.71      0.00
    2.47      0.00
    0.00      0.00
    0.00      0.00
    0.00      0.00
    0.00      0.00
    0.00      0.00
    0.00      0.00
    0.00      0.00
    0.00      0.00
    0.00      0.00
    0.00      0.00
    0.00      0.00
    0.00      0.00
    0.00      0.00
    0.00      0.00
    0.00      0.00
    0.00      0.00
    0.00      0.00
    0.00      0.00
    0.00      0.00
    0.00      0.00
    0.00      0.00
    0.00      0.00
    0.00      0.00
    0.00      0.00
    0.00      0.00
    0.00      0.00
    0.00      0.00
    0.00      0.00
    0.00      0.00
    0.00      0.00
    1.36      0.00
    0.00      0.00
    0.00      0.00
    0.00      0.00
    0.00      0.00
    0.00      0.00
    0.00      0.00
    0.00      0.00
    0.00      0.00
    0.00      0.00
    0.00      0.00
    0.00      0.00
    0.00      0.00
    0.00      0.00
    0.00      0.00
    0.00      0.00
    0.00      0.00
    0.00      0.00
    0.00      0.00
    0.00      0.00
    0.00      0.00
    0.00      0.00
    0.00      0.00
    0.00      0.00
    0.00      0.00
    0.00      0.00
    0.00      0.00
    0.00      0.00
    0.00      0.00
    0.00      0.00
    0.00      0.00
    0.00      0.00
    0.00      0.00
    0.00      0.00
    0.00      0.00
    0.00      0.00
    0.00      0.00
    0.00      0.00
    0.00      0.00
    0.00      0.00
    0.00      0.00
    0.00      0.00
    0.00      0.00
    0.00      0.00
    0.00      0.00
    0.00      0.00
    0.00      0.00
    0.00      0.00
    0.00      0.00
    0.00      0.00
    0.00      0.00
    0.00      0.00
    0.00      0.00
    0.00      0.00
    0.00      0.00
    0.00      0.00
    0.00      0.00
    0.00      0.00
    0.00      0.00
    0.00      0.00
    0.00      0.00
    0.00      0.00
    0.00      0.00
    0.00      0.00
    0.00      0.00
    0.00      0.00
    0.00      0.00
    0.00      0.00
    0.00      0.00
    0.00      0.00
    0.00      0.00
    0.00      0.00
    0.00      0.00
    0.00      0.00
    0.00      0.00
    0.00      0.00
    0.00      0.00
    0.00      0.00
    0.00      0.00
    0.00      0.00
    0.00      0.00
    0.00      0.00
    0.68      0.00
    0.00      0.00
    0.00      0.00
    0.00      0.00
    0.00      0.00
    0.00      0.00
    0.00      0.00
    0.00      0.00
    0.00      0.00
    0.00      0.00
    0.41      0.00
    0.00      0.00
    0.00      0.00
    0.00      0.00
    0.00      0.00
    0.00      0.00
    0.00      0.00
    0.00      0.00
    0.00      0.00
    0.00      0.00
    0.00      0.00
    0.00      0.00
    0.00      0.00
    0.00      0.00
    0.00      0.00
    0.00      0.00
    0.00      0.00
    0.00      0.00
    0.00      0.00
    0.00      0.00
    0.00      0.00
    0.00      0.00
    0.00      0.00
    0.00      0.00
    0.00      0.00
    0.00      0.00
    0.00      0.00
    0.00      0.00
    0.00      0.00
    0.00      0.00
    1.36      0.00
    0.00      0.00
    0.00      0.00
    0.00      0.00
    0.00      0.00
    0.00      0.00
    0.00      0.00
    0.00      0.00
    0.00      0.00
    0.00      0.00
    0.00      0.00
    0.00      0.00
    0.00      0.00
    0.00      0.00
    0.00      0.00
    0.00      0.00
    0.00      0.00
    0.00      0.00
    0.00      0.00
    0.00      0.00
    0.00      0.00
    0.00      0.00
    0.00      0.00
    0.00      0.00
    0.00      0.00
    0.00      0.00
    0.00      0.00
    0.00      0.00
    0.00      0.00
    0.00      0.00
    0.00      0.00
    0.00      0.00
    0.00      0.00
    0.00      0.00
    0.00      0.00
    0.00      0.00
    0.00      0.00
    0.00      0.00
    0.00      0.00
    0.00      0.00
    0.00      0.00
    0.00      0.00
    0.00      0.00
    0.00      0.00
    0.00      0.00
    0.00      0.00
    0.00      0.00
    0.00      0.00
    0.00      0.00
    0.00      0.00
    0.00      0.00
    0.00      0.00
    0.00      0.00
    0.00      0.00
    0.00      0.00
    0.00      0.00
    0.00      0.00
    0.00      0.00
    0.00      0.00
    0.00      0.00
    0.00      0.00
    0.00      0.00
    0.00      0.00
    0.00      0.00
    0.00      0.00
    0.00      0.00
    0.00      0.00
    0.00      0.00
    0.00      0.00
    0.00      0.00
    0.00      0.00
    0.00      0.00
    0.00      0.00
    0.00      0.00
    0.00      0.00
    0.00      0.00
    0.00      0.00
    0.00      0.00
    0.00      0.00
    0.00      0.00
    0.00      0.00
    0.00      0.00
    0.00      0.00
    0.00      0.00
    0.00      0.00
    0.00      0.00
    0.00      0.00
    0.00      0.00
    0.00      0.00
    0.00      0.00
    0.00      0.00
    0.00      0.00
    0.00      0.00
    0.00      0.00
    0.00      0.00
    0.00      0.00
    0.00      0.00
    0.00      0.00
    0.00      0.00
    0.00      0.00
    0.00      0.00
    0.00      0.00
    0.00      0.00
    0.00      0.00
    0.00      0.00
    0.00      0.00
    0.00      0.00
    0.00      0.00
    0.00      0.00
    0.00      0.00
    0.00      0.00
    0.00      0.00
    0.00      0.00
    0.00      0.00
    0.00      0.00
    0.00      0.00
    0.00      0.00
    0.00      0.00
    0.00      0.00
    0.00      0.00
    0.00      0.00
    0.00      0.00
    0.00      0.00
    0.68      0.00
    0.00      0.00
    0.00      0.00
    0.00      0.00
    0.00      0.00
    0.00      0.00
    0.00      0.00
    0.00      0.00
    0.00      0.00
    0.00      0.00
    0.00      0.00
    0.00      0.00
    0.00      0.00
    0.00      0.00
    0.00      0.00
    0.00      0.00
    0.00      0.00
    0.00      0.00
    0.00      0.00
    0.00      0.00
    0.00      0.00
    0.00      0.00
    0.00      0.00
    0.00      0.00
    0.00      0.00
    0.00      0.00
    0.00      0.00
    0.00      0.00
    0.00      0.00
    0.00      0.00
    0.00      0.00
    0.00      0.00
    0.00      0.00
    0.00      0.00
    0.00      0.00
    0.00      0.00
    0.00      0.00
    0.00      0.00
    0.00      0.00
    0.00      0.00
    0.00      0.00
    0.00      0.00
    0.00      0.00
    0.00      0.00
    0.00      0.00
    0.00      0.00
    0.00      0.00
    1.64      0.00
    0.00      0.00
    0.00      0.00
    0.00      0.00
    0.00      0.00
    0.00      0.00
    0.00      0.00
    0.00      0.00
    0.00      0.00
    0.00      0.00
    0.00      0.00
    0.00      0.00
    0.00      0.00
    0.00      0.00
    0.00      0.00
    0.00      0.00
    0.00      0.00
    0.00      0.00
    0.00      0.00
    0.00      0.00
    0.00      0.00
    0.00      0.00
    0.00      0.00
    0.00      0.00
    0.00      0.00
    0.00      0.00
    0.00      0.00
    0.00      0.00
    0.00      0.00
    0.00      0.00
    0.00      0.00
    0.00      0.00
    0.00      0.00
    0.00      0.00
    0.00      0.00
    0.68      0.00
    0.00      0.00
    0.00      0.00
    0.00      0.00
    0.00      0.00
    0.00      0.00
    0.00      0.00
    0.00      0.00
    0.00      0.00
    0.00      0.00
    0.00      0.00
    0.00      0.00
    0.00      0.00
    0.00      0.00
    0.00      0.00
    0.00      0.00
    0.00      0.00
    0.00      0.00
    0.00      0.00
    0.00      0.00
    0.00      0.00
    0.00      0.00
    0.00      0.00
    0.00      0.00
    0.00      0.00
    0.00      0.00
    0.00      0.00
    0.00      0.00
    0.00      0.00
    0.00      0.00
    0.00      0.00
    0.00      0.00
    0.00      0.00
    0.00      0.00
    0.00      0.00
    0.00      0.00
    0.00      0.00
    0.00      0.00
    0.00      0.00
    0.00      0.00
    0.00      0.00
    0.00      0.00
    0.00      0.00
    0.00      0.00
    0.00      0.00
    0.00      0.00
    0.00      0.00
    0.00      0.00
    0.00      0.00
    0.00      0.00
    0.00      0.00
    0.00      0.00
    0.00      0.00
    0.00      0.00
    0.00      0.00
    0.00      0.00
    0.00      0.00
    0.00      0.00
    0.00      0.00
    0.00      0.00
    0.00      0.00
    0.00      0.00
    0.00      0.00
    0.00      0.00
    0.41      0.00
    0.00      0.00
    0.00      0.00
    0.00      0.00
    0.00      0.00
    0.00      0.00
    0.00      0.00
    0.00      0.00
    0.00      0.00
    0.00      0.00
    0.00      0.00
    0.00      0.00
    0.00      0.00
    0.00      0.00
    0.00      0.00
    0.00      0.00
    0.00      0.00
    0.00      0.00
    0.00      0.00
    0.00      0.00
    0.00      0.00
    0.00      0.00
    0.00      0.00
    0.00      0.00
    0.00      0.00
    0.00      0.00
    0.00      0.00
    0.00      0.00
    0.00      0.00
    0.00      0.00
    0.00      0.00
    0.00      0.00
    0.00      0.00
    0.00      0.00
    0.00      0.00
    0.00      0.00
    0.00      0.00
    0.00      0.00
    0.00      0.00
    0.00      0.00
    0.00      0.00
    0.00      0.00
    0.00      0.00
    0.00      0.00
    0.00      0.00
    0.00      0.00
    0.00      0.00
    0.00      0.00
    0.00      0.00
    0.00      0.00
    0.00      0.00
    0.00      0.00
    0.00      0.00
    0.00      0.00
    0.00      0.00
    0.00      0.00
    0.00      0.00
    0.00      0.00
    0.00      0.00
    0.00      0.00
    0.00      0.00
    0.00      0.00
    0.00      0.00
    0.00      0.00
    0.00      0.00
    0.00      0.00
    0.00      0.00
    0.00      0.00
    0.00      0.00
    0.00      0.00
    0.00      0.00
    0.00      0.00
    0.00      0.00
    0.00      0.00
    0.00      0.00
    0.00      0.00
    0.00      0.00
    0.00      0.00
    0.00      0.00
    0.00      0.00
    0.00      0.00
    0.00      0.00
    0.00      0.00
    0.00      0.00
    0.00      0.00
    0.00      0.00
    0.00      0.00
    0.00      0.00
    0.00      0.00
    0.00      0.00
    0.00      0.00
    0.00      0.00
    0.00      0.00
    0.00      0.00
    0.00      0.00
    0.00      0.00
    0.00      0.00
    0.00      0.00
    0.00      0.00
    0.00      0.00
    0.00      0.00
    0.00      0.00
    0.00      0.00
    0.00      0.00
    0.00      0.00
    0.00      0.00
    0.00      0.00
    0.00      0.00
    0.00      0.00
    0.00      0.00
    0.00      0.00
    0.00      0.00
    0.00      0.00
    0.00      0.00
    0.00      0.00
    0.00      0.00
    0.00      0.00
    0.00      0.00
    0.00      0.00
    0.00      0.00
    0.00      0.00
    0.00      0.00
    0.00      0.00
    0.00      0.00
    0.00      0.00
    0.00      0.00
    0.00      0.00
    0.00      0.00
    0.00      0.00
    0.00      0.00
    0.00      0.00
    0.00      0.00
    0.00      0.00
    0.00      0.00
    0.00      0.00
    0.00      0.00
    0.00      0.00
    0.00      0.00
    0.00      0.00
    0.00      0.00
    0.00      0.00
    0.00      0.00
    0.00      0.00
    0.00      0.00
    0.00      0.00
    0.00      0.00
    0.00      0.00
    0.00      0.00
    0.00      0.00
    0.00      0.00
    0.00      0.00
    0.00      0.00
    0.00      0.00
    0.00      0.00
    0.00      0.00
    0.00      0.00
    0.00      0.00
    0.00      0.00
    0.00      0.00
    0.00      0.00
    0.00      0.00
    0.00      0.00
    0.00      0.00
    0.00      0.00
    0.00      0.00
    0.00      0.00
    0.00      0.00
    0.00      0.00
    0.00      0.00
    0.00      0.00
    0.00      0.00
    0.00      0.00
    0.00      0.00
    0.00      0.00
    0.00      0.00
    0.00      0.00
    0.00      0.00
    0.00      0.00
    0.00      0.00
    0.00      0.00
    0.00      0.00
    0.00      0.00
    0.00      0.00
    0.00      0.00
    0.00      0.00
    0.00      0.00
    0.00      0.00
    0.00      0.00
    0.00      0.00
    0.00      0.00
    0.00      0.00
    0.00      0.00
    0.00      0.00
    0.00      0.00
    0.00      0.00
    0.00      0.00
    0.00      0.00
    0.00      0.00
    0.00      0.00
    0.00      0.00
    0.41      0.00
    0.00      0.00
    0.00      0.00
    0.00      0.00
    0.00      0.00
    0.00      0.00
    0.00      0.00
    0.00      0.00
    0.00      0.00
    0.00      0.00
    0.00      0.00
    0.00      0.00
    0.00      0.00
    0.00      0.00
    0.00      0.00
    0.00      0.00
    0.00      0.00
    0.00      0.00
    0.00      0.00
    0.00      0.00
    0.00      0.00
    0.00      0.00
    0.00      0.00
    0.00      0.00
    0.00      0.00
    0.00      0.00
    0.00      0.00
    0.00      0.00
    0.00      0.00
    0.00      0.00
    0.00      0.00
    0.00      0.00
    0.00      0.00
    0.00      0.00
    0.00      0.00
    0.00      0.00
    0.00      0.00
    0.00      0.00
    0.00      0.00
    0.00      0.00
    0.00      0.00
    0.00      0.00
    0.00      0.00
    0.00      0.00
    0.00      0.00
    0.00      0.00
    0.00      0.00
    0.00      0.00
    0.00      0.00
    0.00      0.00
    0.00      0.00
    0.00      0.00
    0.00      0.00
    0.00      0.00
    0.00      0.00
    0.00      0.00
    0.00      0.00
    0.00      0.00
    0.00      0.00
    0.00      0.00
    0.00      0.00
    0.00      0.00
    0.00      0.00
    0.00      0.00
    0.00      0.00
    0.00      0.00
    0.00      0.00
    0.00      0.00
    0.00      0.00
    0.00      0.00
    0.00      0.00
    0.00      0.00
    0.00      0.00
    0.00      0.00
    0.00      0.00
    0.00      0.00
    0.00      0.00
    0.00      0.00
    0.00      0.00
    0.00      0.00
    0.00      0.00
    0.00      0.00
    0.00      0.00
    0.00      0.00
    0.00      0.00
    0.00      0.00
    0.00      0.00
    0.00      0.00
    0.00      0.00
    0.00      0.00
    0.00      0.00
    0.00      0.00
    0.00      0.00
    0.00      0.00
    0.00      0.00
    0.00      0.00
    0.00      0.00
    0.00      0.00
    0.00      0.00
    0.00      0.00
   47.01     68.10
   38.95     13.96
    0.71      0.00
    0.00      0.00
    0.00      0.00
    0.00      0.00
    0.00      0.00
    0.00      0.00
    0.00      0.00
    0.00      0.00
  458.52    176.50
 1914.88    627.41
 1196.83    669.74
 1133.57   1917.30
 1350.47   1880.68
 1178.46   1651.58
  580.10    750.90
  630.05    250.29
  680.64    235.84
  238.51     89.50
  159.35     69.18
   57.90     31.29
   99.21     37.44
    1.44      0.00
   19.19      3.47
    2.33      0.87
    0.00      0.00
    0.00      0.00
    0.00      0.00
    0.00      0.00
    0.00      0.00
    0.00      0.00
    0.00      0.00
    0.00      0.00
    0.00      0.00
    0.00      0.00
    0.00      0.00
    0.00      0.00
    0.00      0.00
    0.00      0.00
    0.00      0.00
    0.00      0.00
    0.00      0.00
    0.00      0.00
    0.00      0.00
    0.00      0.00
    0.00      0.00
    0.00      0.00
    0.00      0.00
    0.00      0.00
    0.00      0.00
    0.00      0.00
    0.00      0.00
    0.00      0.00
    0.41      0.41
    0.00      0.00
    0.00      0.00
    0.00      0.00
    0.00      0.00
    0.00      0.00
    0.00      0.00
    0.00      0.00
    0.00      0.00
    0.71     44.52
  222.84    223.31
  191.79    238.52
  201.15    229.71
  109.86     74.84
   30.17     17.25
   88.47    120.18
   58.97     88.52
   72.69     59.04
   47.50     45.40
   90.14     18.79
   16.62      1.44
   14.37     15.81
    1.44      0.00
    0.00      0.00
    0.71      0.00
    0.00      0.00
    0.00      0.00
    0.00      0.00
    0.00      0.00
    0.00      0.00
    0.00      0.00
    0.00      0.00
    0.00      0.00
    0.00      0.00
    0.00      0.00
    0.00      0.00
    0.00      0.00
    0.00      0.00
    0.00      0.00
    0.00      0.00
    0.00      0.00
    0.00      0.00
    0.00      0.00
    0.00      0.00
    0.00      0.00
    0.00      0.00
    0.00      0.00
    0.00      0.00
    0.00      0.00
    0.00      0.00
    0.00      0.00
    0.00      0.00
    0.00      0.00
    0.00      0.00
    0.00      0.00
    0.00      0.00
  154.20    221.13
  209.98    235.68
  143.70    103.74
   55.46    116.71
  139.30    217.51
  425.82    293.26
  109.95    195.04
  305.94    193.95
  145.71     56.64
   34.78     69.13
   45.83     32.47
  103.57    126.03
  153.73    121.85
  103.47    118.56
   76.66     67.14
  104.43      9.87
   71.04     33.59
   11.05      1.73
   14.79     14.79
    0.72      0.71
    0.72      0.00
    0.00      0.00
    0.71      0.00
    0.00      0.00
    0.00      0.00
    0.00      0.00
    0.00      0.00
    0.00      0.00
    0.00      0.00
    0.00      0.00
    0.00      0.00
    0.00      0.00
    0.00      0.00
    0.00      0.00
    0.00      0.00
    0.00      0.00
    0.00      0.00
    0.00      0.00
    0.00      0.00
    0.00      0.00
    0.00      0.00
    0.00      0.00
    0.00      0.00
    0.00      0.00
    0.00      0.00
    0.00      0.00
    0.00      0.00
    0.00      0.00
    0.00      0.00
    0.00      0.00
    0.00      0.00
    0.00      0.65
   15.74     15.17
   45.97     46.05
   32.88     33.45
   93.66    182.32
  229.54    157.21
   94.47    198.22
  187.38    129.59
   93.95     34.44
    1.43     15.71
    0.72     30.00
   76.59     49.36
   30.80     76.56
   91.52     93.15
   74.58    105.86
   52.31     47.93
   48.70     16.44
   65.28      2.88
   30.73     32.31
    0.00      0.00
    0.00      0.00
   15.72     15.72
    0.72      0.00
    0.00      0.00
    1.45      0.00
    0.00      0.00
    0.00      0.00
    0.00      0.00
    0.00      0.00
    0.00      0.00
    0.00      0.00
    0.00      0.00
    0.00      0.00
    0.00      0.00
    0.00      0.00
    0.00      0.00
    0.00      0.00
    0.00      0.00
    0.00      0.00
    0.00      0.00
    0.00      0.00
    0.00      0.00
    0.00      0.00
    0.00      0.00
    0.00      0.00
    0.00      0.00
    0.00      0.00
    0.00      0.00
   15.57     26.46
  125.72    165.62
  247.30    295.68
   42.71     40.39
  127.78    233.11
   98.97    100.93
  171.74    147.34
  279.05    190.24
  180.79    153.78
  132.23    171.70
  217.13    163.18
  133.56     61.90
   79.10     87.37
   79.56     90.37
  119.91     66.59
   57.84     27.48
   50.51     49.51
   91.83    111.34
   75.42     75.33
   63.74     96.19
   33.83     18.00
   65.73      0.72
   15.91      2.89
   30.92     31.06
    0.00      0.00
    0.00      0.00
   15.83     16.56
    0.72      0.00
    0.00      0.00
    0.71      0.00
    0.00      0.00
    0.00      0.00
    0.00      0.00
    0.00      0.00
    0.00      0.00
    0.00      0.00
    0.00      0.00
    0.00      0.00
    0.00      0.00
    0.00      0.00
    0.00      0.00
    0.00      0.00
    0.00      0.00
    0.00      0.00
    0.00      0.00
    0.00      0.00
    0.00      0.00
    0.00      0.00
    0.00      0.00
    0.00      0.00
    0.00      0.00
    0.00      0.00
    0.00     15.02
   15.81      1.46
    2.03      2.08
   47.25     63.14
   49.32     47.23
   36.24     23.62
   25.44     22.91
    2.61      4.77
   21.75     23.33
    6.35     34.88
   16.29      2.15
   20.05      1.44
   28.74     45.28
    0.00      1.31
    2.68     17.85
    3.54      0.65
   31.05      2.75
    1.96      4.12
   17.44     20.34
   19.13     36.15
   17.16      0.71
    1.37      1.37
    6.49      0.00
    0.73      0.00
    1.37      0.72
    0.65      0.72
    0.00      0.00
    0.65      0.65
    0.00      0.72
    0.00      0.00
    0.00      0.00
    0.72      0.00
    0.00      0.00
    0.00      0.00
    0.00      0.00
    0.00      0.00
    0.00      0.00
    0.00      0.00
    0.00      0.00
    0.00      0.00
    0.00      0.00
    0.00      0.00
    0.00      0.00
    0.00      0.00
    0.00      0.00
    0.00      0.00
    0.00      0.00
    0.00      0.00
   57.03     73.50
  214.37    304.36
   39.46     41.26
  118.29    224.30
   46.08      7.69
  148.42    119.22
  127.20    100.13
   93.47    103.09
  129.76     88.06
   87.09     42.52
   88.69     72.77
   41.79     22.80
   33.77     29.47
   29.90     48.54
   30.83     21.03
   42.39     21.17
   24.53      2.39
   45.62     47.83
    5.55     33.76
    1.37      1.31
   17.68      1.37
   19.92      6.22
    2.75      2.10
    4.05     16.55
   34.35     21.62
   15.10     16.54
    2.10      2.68
    0.71      0.00
    0.71      0.00
    1.44      0.00
    0.72      0.00
    0.00      0.00
    0.00      0.00
    0.65      1.37
    0.00      0.00
    0.00      0.00
    0.72      0.00
    0.00      0.00
    0.00      0.00
    0.00      0.00
    0.00      0.00
    0.00      0.00
    0.00      0.00
    0.00      0.00
    0.00      0.00
    0.00      0.00
    0.00      0.00
    0.00      0.00
    0.00      0.00
    0.00      0.00
    0.00      0.00
    0.00      0.65
    0.72      0.00
   14.38     14.44
    2.82     17.69
   18.52      3.47
   31.16     45.85
   51.00     52.53
   22.83     36.83
   37.74     20.71
   20.67      7.66
   20.94     20.50
   18.41     21.97
    4.25      1.44
    2.03     17.77
   30.74     17.23
    2.09      2.03
    0.00      0.00
    3.60     15.02
   15.75      2.09
   32.67     50.61
    1.31     16.37
    2.10      1.44
   17.81      4.78
   19.26      4.71
    2.09      1.44
    2.82      0.00
    3.54      2.10
    0.65      1.37
    1.31      2.10
    1.37      0.72
    0.72      0.00
    0.72      0.00
    0.00      0.00
    0.00      0.00
    0.00      0.00
    0.00      0.65
    0.65      0.72
    0.00      0.00
    0.41      0.00
    0.72      0.00
    0.00      0.00
    0.00      0.00
    0.00      0.00
    0.00      0.00
    0.00      0.00
    0.00      0.00
    0.00      0.00
    0.00      0.00
    0.00      0.00
  108.83    133.57
  125.18    203.88
  142.76    126.28
   46.32     74.66
   38.29     39.14
  128.44     81.67
   81.32     59.00
  140.53    103.21
   73.91     26.56
  122.43     76.50
  121.96     89.81
   59.70     43.54
  107.68     79.83
   44.98     40.85
   31.64      7.71
   10.98      3.76
   10.97      3.11
   15.82     15.16
   17.47     18.32
    0.00     14.79
   17.68      2.04
    3.41      3.33
    2.75     16.54
   17.92     19.37
   31.74     30.93
    2.03      2.81
    3.98      3.47
   18.71      2.88
    0.00      0.00
    1.44      1.31
    0.65      0.65
    1.31      3.47
    0.72      0.00
    0.72      0.00
    2.16      0.00
    0.00      0.00
    0.00      0.00
    0.00      0.00
    0.00      0.00
    0.00      0.00
    0.65      1.37
    0.00      0.00
    0.00      0.00
    0.72      0.00
    0.00      0.00
    0.00      0.00
    0.00      0.00
    0.00      0.00
    0.00      0.00
    0.00      0.00
    0.00      0.00
    0.00      0.65
    0.74      0.00
    1.37      1.37
   32.18     32.81
   17.67     15.75
   17.20     16.43
   18.42     19.92
   23.70     38.21
   67.06     51.86
    3.33     33.89
   36.08     22.73
    3.47     47.37
   63.17     22.01
   20.41     20.73
    3.53      0.72
    0.00      0.65
    0.65      2.68
   17.92      2.08
    1.44      0.00
    2.68     17.15
   31.43     17.10
    0.00      3.40
    3.26      3.47
    2.88      2.09
    3.47      3.40
    1.37      3.33
    2.75      2.75
    1.44      0.00
    4.19      2.10
    0.72      0.00
    1.44      0.00
    1.31      0.72
    0.00      0.72
    1.96      3.40
    0.00      0.72
    0.00      0.00
    1.44      0.00
    0.72      0.00
    0.41      0.00
    0.00      0.00
    0.00      0.00
    0.00      0.00
    0.00      0.65
    0.65      0.72
    0.00      0.00
    0.00      0.00
    0.72      0.00
    0.00      0.00
   31.22     52.99
   93.55    156.73
  113.83    130.43
   74.43    167.67
  104.75    140.65
  103.56     61.64
  128.79    108.52
  109.17     58.01
  109.24     92.59
  201.35    119.07
   75.22     66.77
   44.81     49.72
   92.47     82.15
   25.37      6.32
   69.10     82.74
   23.43     36.80
   92.22     40.06
   32.26      8.42
   10.30     16.52
   10.26      3.76
    2.68      2.82
    0.72      1.31
   16.26     17.22
   18.73      0.72
    1.37      3.33
   16.41     17.99
    2.68      4.12
    2.82      1.37
    3.47      2.82
    4.04      2.09
    0.65      2.16
    2.03      1.37
    1.37      1.37
    0.00      2.03
    0.00      0.00
    1.44      0.00
    0.72      0.00
    0.72      0.00
    1.31      2.03
    0.65      2.09
    0.00      0.00
    0.72      0.00
    1.44      0.00
    0.00      0.00
    0.00      0.00
    0.00      0.00
    0.00      0.00
    0.00      0.00
    0.65      1.37
    0.00      0.00
    0.00      0.00
    0.72      0.00
    0.00      0.65
    1.39      0.74
    1.37      2.03
    4.19      3.40
   29.53     30.80
   17.81     30.79
   18.50     18.56
   36.03     37.27
   52.19     67.85
   54.20     22.98
   18.84     34.25
   21.31     20.72
   17.88      2.82
   17.74     19.11
    2.75     19.15
    6.15     19.28
    2.17     15.01
   30.08      1.42
   15.80      2.68
    0.65      1.37
    2.88     15.71
    1.31      2.75
    0.65      1.37
   17.89      2.75
    1.96      2.75
    0.72      1.37
    4.77      5.49
    2.03      4.05
    2.88      0.65
    1.37      1.37
    3.54      0.72
    0.72      0.00
    0.72      0.65
    1.31      2.09
    1.31      0.72
    0.72      0.72
    0.00      0.00
    0.72      0.00
    0.00      0.00
    0.65      1.37
    1.31      2.75
    0.00      0.00
    0.72      0.00
    0.72      0.00
    0.72      0.00
    0.00      0.00
    0.00      0.00
    0.00      0.00
   61.97    105.24
  163.33    215.50
   94.28    103.47
   74.89    164.16
   32.12     64.18
   44.06     54.30
   88.49     95.75
  111.52     77.46
   89.42     78.53
  177.38     50.52
   46.58     49.15
   58.48     72.45
   73.00     73.96
   48.55     42.90
   77.18     50.68
   55.94     66.44
   75.93     42.12
   34.53     11.44
   17.18      7.37
   11.84     31.34
    0.00     15.11
   32.01      1.36
    2.10      4.20
   16.97      2.10
   27.85     21.96
    0.72     16.49
   28.70     15.71
    2.68      2.16
    4.93      4.11
   17.26      1.37
    4.06      4.26
    3.62      1.37
    3.33      4.19
    0.00      0.72
    0.65      0.72
    1.44      0.00
    0.72      1.31
    0.65      1.37
    0.00      0.00
    2.09      1.37
    0.72      0.00
    0.00      0.00
    0.72      0.00
    0.00      0.00
    0.65      1.37
    0.00      0.65
    1.31      2.10
    0.72      0.00
    0.00      0.00
    1.44      0.00
    0.00      0.00
    0.00      0.00
    0.65      0.74
   14.37     14.43
    2.82      2.68
    4.13      4.13
    1.37      1.37
   30.02     31.53
    6.15      4.19
   50.08     52.08
    6.21     20.59
   53.17     68.74
   37.04     21.17
   35.02     22.72
    4.60     18.22
    2.74     16.40
    2.09     17.11
    3.33      4.84
    3.47     17.76
   34.99      5.62
    1.44      0.00
   14.42     17.02
    0.00      0.65
    2.75     17.04
   17.07      3.54
    2.75      1.44
   16.52      1.37
    0.00      1.96
    1.96     17.12
    2.10      2.10
   18.48      5.57
    1.38      1.96
    4.26      2.75
    0.72      0.00
    2.75      1.37
    1.44      0.72
    0.65      1.37
    0.72      0.00
    0.00      0.00
    3.09      1.37
    0.00      1.44
    0.00      0.00
    1.37      1.37
    0.00      0.00
    0.00      0.00
    0.00      0.00
    1.37      0.65
    0.00      0.72
    0.00      0.00
    2.03      2.75
  111.19    175.03
  130.07    161.55
   53.46     93.76
   36.77     80.23
   89.56     89.93
   53.25     80.96
   53.05     50.40
   71.36     46.66
  164.87    118.78
  138.78    110.27
   89.04     69.24
   94.88     50.95
   81.84     39.36
   47.71     58.17
   67.16     42.17
   30.67     23.32
    6.89      4.87
   29.17     30.81
   30.03     24.26
    6.29     32.31
   39.44     27.93
    1.44     14.81
   60.03     14.05
   24.17     33.90
   16.24      2.10
    2.02      2.61
   43.79     38.40
    2.17      0.65
   27.98     13.71
   19.23      4.26
    2.75     18.91
   19.21      2.81
    3.40      2.82
    2.75      1.44
    2.68      3.47
    0.65      0.72
    0.00      0.00
    1.37      0.72
    0.72      0.00
    0.65      1.96
    0.00      0.72
    0.65      0.65
    0.72      0.72
    1.44      0.00
    0.72      0.00
    0.00      0.00
    0.65      1.37
    0.00      0.00
    0.00      0.00
    1.37      0.72
    0.00      0.00
    0.00      0.65
    1.39      1.31
    2.03      2.82
   17.09     17.01
    2.10      2.10
    3.29      1.06
    0.00      1.31
   20.36     19.26
    6.15      6.29
   17.85     19.28
   39.64     52.84
   39.78     54.11
   23.02     24.19
    7.00     20.69
    2.03     16.88
   33.38      3.55
    1.37      2.68
    4.05      2.09
    2.75     19.88
    2.75      2.03
    4.85      4.19
    1.44     29.99
   14.43      2.03
    0.00     15.65
   31.29     16.16
   17.82      4.20
   18.44      3.54
    2.10      0.65
    0.00      2.68
    2.68      3.47
   15.82     31.39
    3.33      4.12
   20.70      2.81
    1.44      2.61
    1.44      0.00
    2.09      0.72
    3.47      2.09
    0.00      0.00
    0.00      0.00
    0.72      0.00
    0.00      0.00
    1.31      0.72
    0.65      2.10
    0.65      1.37
    0.00      0.00
    1.44      0.00
    0.00      0.00
    0.00      0.00
   31.85     55.02
  119.08    192.06
   61.88     67.17
   20.46    175.87
  168.02    218.27
   55.42     35.17
   93.73     93.71
   34.74      4.26
   33.43      2.10
   51.86     21.90
   66.64     65.58
   59.24     33.89
  129.67    131.56
  120.33     76.64
  100.38     53.63
   40.02     51.49
  140.75    105.43
   28.36     39.47
   69.83     34.22
   41.21     13.00
   20.74      3.54
   12.36      5.20
    4.05      4.77
    3.54     16.23
    0.00      0.00
    1.31      1.44
    0.65     31.58
   31.22     17.79
    1.37     16.41
   33.19      1.44
    3.55      2.74
   16.46      2.75
    1.31      2.82
    4.19      4.06
   16.17     31.33
   22.68      3.59
    0.65      1.44
    1.31      2.03
    1.31      2.10
    0.72      0.72
    0.72      0.00
    1.37      0.72
    0.00      0.65
    0.00      0.65
    0.00      0.00
    0.00      0.00
    1.44      0.00
    1.31      2.75
    0.00      0.00
    0.72      0.00
    0.00      0.00
    0.72      0.65
    1.39      0.00
    0.65      0.72
    2.09      3.40
    3.47      2.75
    1.37      0.65
   14.37     15.15
    1.44      0.65
    3.27      4.12
    8.10     10.47
   19.61     18.24
    6.08     21.17
   40.19     67.90
    8.29     36.23
   19.93      5.56
   33.74     64.31
    2.82      1.37
   33.24     18.56
   16.62      2.75
    5.43     33.59
    2.03      2.75
   32.10      4.19
    4.78      4.05
    4.26      2.16
    0.00      1.31
    0.00     15.65
    2.16      0.65
    1.38      1.38
   15.75     18.58
   17.82      2.10
    1.44      2.03
    0.65      2.03
    3.40      4.12
    4.19      2.75
   17.67     21.86
    1.44      0.65
    6.35      2.75
    1.44      0.65
    1.13      0.65
    2.75      0.72
    2.10      2.10
    0.00      0.00
    0.00      0.00
    0.72      0.68
    0.65      0.00
    0.65      1.44
    0.00      0.00
    0.00      0.00
    0.65      0.65
   88.93    150.17
   83.62    134.01
   47.72    127.51
  123.84    240.03
   24.71     24.34
   45.34     50.68
    7.71     13.10
  107.14     58.70
    7.40      1.41
  105.94     97.53
   56.34     17.33
    5.48     44.86
   97.90     47.28
  166.96     87.95
   96.45     93.93
   93.08     59.89
  128.66    115.12
    7.73      3.54
   26.56     48.21
   33.68      2.68
    2.76      4.84
    4.91      2.09
    2.69     32.35
   27.80     23.93
   35.36      6.94
   30.21     13.13
    1.31      0.00
    4.13      5.63
    0.65      1.37
    1.44      0.65
    1.37     16.48
    1.52      1.37
   28.59     22.46
   16.47      3.47
   49.28     27.73
    4.92      2.03
    4.05      2.09
   19.96     21.46
    2.09      0.72
    4.05      2.16
    1.31      3.47
    0.00      0.65
    1.37      0.72
    0.72      0.00
    0.65      0.72
    0.72      0.65
    0.00      0.65
    0.00      0.00
    0.00      0.00
    1.44      0.00
    0.00      0.00
    0.00      1.31
    1.39      0.72
    0.65      0.65
    4.19      3.33
    2.75      3.54
    1.37      0.65
    0.65      1.44
   16.44     15.70
    4.05      4.05
   37.62     34.94
    0.72      6.15
   21.74     36.29
   41.10     25.38
   21.17     21.36
   22.31     39.13
   36.57     33.55
   46.44     35.07
    4.12      2.88
    2.07     31.45
    3.40     17.74
   48.86      5.64
    3.47      2.75
    4.15      2.75
    2.09     32.01
    4.05      4.84
   33.09      2.75
    0.65      2.75
    2.16      0.65
   15.73     16.52
    2.11      1.37
    0.72      0.00
    1.31      2.68
    1.37      3.40
    2.10      2.03
    2.68      2.82
    2.82     17.42
   18.98      4.92
    2.10      2.61
    2.10      3.40
    4.91      2.03
    2.82      1.44
    2.10      0.65
    1.44      1.37
    2.03      1.44
    0.00      0.00
    0.00      0.00
    0.72      0.00
    0.65      0.00
    0.65      1.44
  109.06    106.58
   87.88    205.80
    0.00     51.58
   34.84    183.44
   78.98     98.96
   57.91     70.84
  119.76     30.14
   89.16     80.68
   32.39      3.44
   68.81     69.92
  122.29     74.97
   88.07     61.81
   61.03     95.42
  104.69     83.31
  103.32     87.90
   60.14     52.62
   99.98     86.86
  101.70     51.61
  108.71     87.85
   80.18     43.24
   51.28     47.04
   88.22     76.65
    4.26     15.05
   37.86     22.13
    4.78      3.47
    2.82      2.68
    4.78     34.42
    1.44      0.72
   18.58      2.89
    0.65      1.37
   15.46     17.56
    0.72      1.37
    2.09      0.72
    0.00      0.00
    2.75      4.05
    2.03      2.03
    3.41      4.20
    4.13     17.11
    1.37      0.72
   18.04      2.89
    1.31      4.12
    0.00      1.31
    5.29      4.26
    2.82      1.43
    0.72      2.03
    0.72      0.00
    2.03      0.72
    0.00      0.72
    0.72      0.65
    0.00      0.65
    0.00      0.00
    0.00      0.65
    2.84      0.74
    1.37      1.37
    3.54      3.33
    0.65      0.72
    1.37      2.03
    1.31      0.72
    1.44      1.37
    3.33      4.78
    6.67     35.17
   48.55     21.75
    4.78      5.43
   24.75     39.16
   21.66     36.38
    6.73     36.20
   38.52     23.45
   77.58     48.84
    3.47     17.18
   18.55      3.47
    2.09      2.75
   17.67     18.54
   31.91     32.86
    2.03      3.40
   17.61     18.99
    6.14      4.19
    4.25      2.68
    3.33      4.19
    4.26      4.06
    0.72      0.65
    2.16      0.00
    1.37      0.72
   15.64     17.82
    0.71      0.00
    2.03      2.09
    0.00      1.96
    3.98      4.77
    1.37      4.12
    3.54      1.37
    2.44     18.50
   17.83      0.65
    1.44      1.37
    2.10      3.99
    0.72      1.96
    2.03      1.44
    4.98      0.72
    0.72      1.31
    2.03      1.44
    1.37      0.72
   54.84     71.32
   93.52    157.57
   53.18    157.67
   66.19    146.18
   89.78    129.85
   46.59     38.04
   51.01     59.09
   12.86     11.01
   53.16     28.70
    2.67      1.37
   46.52     29.71
   11.16      8.05
   57.62     39.84
   31.85     31.02
  124.47     98.90
  100.58     94.90
   59.38     64.65
  130.78     93.90
  119.39    111.57
   30.83     35.42
   73.90     19.92
    2.10      4.19
    3.48      3.40
    4.19      1.44
   15.82     15.16
   17.61     21.20
   33.92     33.46
    3.54      2.03
    2.75      3.33
    6.87      5.63
    3.40      1.44
    1.37      2.10
   26.46     21.85
   22.01     16.63
   43.13     23.46
    3.55      0.72
    0.00      0.65
    0.72      2.61
    4.64      5.56
    2.82      2.03
   31.92     24.17
    1.31      2.10
   45.18     15.24
    1.37      2.16
    4.95      1.37
    3.27      4.19
    1.38      2.10
    2.24      0.72
    0.72      2.68
    0.72      0.00
    1.31      1.44
    2.16      0.00
    0.00      1.96
    0.74      0.65
    3.47      2.68
    2.82      2.10
   15.83     15.10
    0.72      0.00
    0.65      0.00
    1.44      2.03
    3.27      4.19
    7.31      6.28
    3.40     21.46
   21.30     19.79
    7.53      9.63
   38.19     21.36
   19.51     36.75
    5.43      5.63
   21.35     34.61
   35.54     21.47
   30.24     76.88
   31.49      2.75
   34.82     19.90
   19.83      4.91
    2.15      1.44
    0.72      1.31
    1.96      4.12
   19.87     17.90
    2.82      2.82
   33.57     34.20
    4.12      5.49
    3.54      1.37
    2.82      0.65
    2.10      1.44
   14.62     16.33
    0.65      1.31
    2.12      0.72
    1.44      1.37
    1.31      1.96
    2.78      3.54
    3.47      4.71
    1.37      2.03
    2.75      4.12
    2.16      1.31
    2.16     14.37
    2.89      3.27
   15.09      2.10
    1.44      0.65
    4.19      0.72
    1.40      1.33
  145.88    130.98
   43.68    129.23
   16.81    201.92
   63.90     82.32
   72.60     68.19
   36.45     30.15
   52.45     72.29
   23.27     36.92
   61.59      1.98
   13.71      4.94
   29.24     25.24
   61.82     49.65
   97.97     57.97
   89.57     92.63
   65.68     40.26
   38.09     88.90
  116.42    108.59
  120.22     83.46
   94.25     94.62
   49.22     21.78
   83.44     63.85
   41.93     44.72
   71.14     57.74
   42.88     22.13
   20.81     19.58
   32.37      2.90
    3.55      1.96
    2.68      3.47
    3.47      2.82
    2.68      4.12
    4.77      5.43
    6.80      4.33
   15.82     17.27
    1.37      1.37
    0.72      0.00
    1.43      0.65
   15.88     17.08
    0.65      2.10
    0.71      1.31
    2.81      1.96
    2.68      3.54
    2.89      1.31
    3.33      2.82
    2.61      2.17
    4.12      3.61
    0.65     16.18
    1.31      1.44
   16.90      1.37
    1.96      3.54
    0.72      1.37
    2.10      0.00
    0.72      3.33
    1.39      0.65
    2.03      2.82
    7.73      4.06
    0.00      2.68
    0.72      0.00
   15.00     15.06
    1.44      0.00
    2.82      2.03
    1.96      3.47
    6.01      4.91
    6.11      6.29
    4.78      6.87
    6.15      5.43
    8.83     20.80
   33.28     35.42
    5.29      8.83
   54.91     67.08
    3.47     46.80
   61.54      4.26
   45.69     63.01
    1.85      1.78
   17.73     19.15
   20.60     34.80
   16.18      3.46
   19.06      4.12
    2.03      3.40
    4.85      2.82
    5.57      2.75
    1.37      3.40
    4.78      7.32
    4.19      2.89
    4.98      1.37
    0.65      0.73
    2.03      2.10
    0.00      0.65
    0.00      0.00
   14.90     15.82
    4.85      2.75
    1.31      2.75
    1.96      2.82
    2.10      3.40
    2.16      2.61
    2.68      4.77
    1.44      0.00
    3.62      1.31
    2.16     16.31
    0.72      1.31
   78.18    108.12
   74.19    121.86
   16.31    129.71
   89.53    223.32
   68.08     98.11
   95.99     99.21
   22.58      2.87
   30.86     11.75
   21.27     25.48
   21.57      2.87
    0.65      2.75
    3.47      2.68
   29.22     25.50
   31.00     10.33
  105.90     71.77
   45.74     59.17
   35.70     23.73
  124.43    142.42
   54.77     35.31
  119.77    160.08
   79.25     62.20
   96.83     99.08
   89.28     67.85
   75.44     44.49
   68.58     78.95
   59.15     49.36
   46.51     20.60
   29.40     62.60
   17.81      2.09
   26.06      5.14
    7.70      7.02
    4.85      3.54
    2.68      2.82
    8.04      6.80
    3.61      4.33
    0.72      0.65
    2.03      1.38
    1.44      0.74
    0.00      0.00
    1.31      1.38
   15.06      3.40
    0.00      0.65
    3.54      2.68
    2.03      2.75
    2.75      2.75
    3.40      1.44
    2.62      1.38
    4.78      6.42
    1.38      0.00
    0.00      0.72
    1.31     15.83
   17.93      3.47
    0.65      0.72
    1.39      2.75
    3.55      2.68
    3.47      3.40
    0.72      0.65
    1.31      2.75
    2.10      0.72
    2.75      3.41
    2.10      1.37
    2.68      3.47
    5.36      4.91
    6.16      3.54
    4.78      7.59
   18.21     19.65
   24.94     21.87
   35.67     37.18
    4.12     21.62
   40.47     23.44
   19.87     33.38
   34.60     51.32
   33.61     20.70
   16.56     45.74
   31.21     15.59
   16.10     16.88
   19.76      8.24
    3.54      2.03
   16.25     32.10
   17.27     16.37
    3.54      2.68
   19.94      4.84
    3.47      4.06
    3.40      6.15
    6.08      5.43
    7.14      2.86
    0.72      2.10
    2.10      1.37
    1.37      0.00
    1.13      2.03
    0.00      0.00
    0.65      0.00
    2.68      3.54
    2.03      2.03
    1.31      2.17
    2.10      2.61
    2.10      2.68
    2.03      4.06
    2.82      2.03
    2.17      0.72
  146.83    151.23
   48.55    167.74
   43.99     89.47
   27.92    131.74
  107.24    108.36
   17.23     15.70
   58.68     97.71
   37.28     50.48
   60.71     64.03
   33.86      3.38
   81.74     38.02
   30.67     25.92
   68.84     49.07
   55.75     35.40
  131.01    102.53
   61.43     45.72
   47.34     72.59
   92.25     67.77
   69.64     50.75
   46.63     61.96
   90.61     55.43
   97.04     88.40
  130.23     67.76
    3.45     14.58
  107.42    105.14
   70.12     39.82
   65.51     69.29
   64.53     26.30
    4.77      4.33
    2.80      1.38
   16.30     34.29
    3.35      3.50
    2.10      3.42
    7.74      2.75
    2.68      4.78
    8.80      9.25
    2.20      0.00
    2.75      2.68
    0.65      2.10
    1.44      0.00
    1.37      0.72
    1.37      2.68
    0.65      1.37
    1.44      1.96
    2.75      1.37
    2.10      1.44
    2.75      1.96
    2.05      2.90
    1.31      0.72
    3.40      2.16
    1.96      4.85
    0.65      1.37
    1.46      0.00
    4.64      4.91
    5.96      4.78
    2.03      0.72
    2.10      2.75
    0.00      0.00
    0.72      1.31
    1.38      1.31
    3.33      2.16
    3.47      5.50
    5.95      5.50
    4.15      5.64
    5.43      6.94
    6.41     17.60
   21.52     21.78
   24.66     22.25
   20.53     20.80
   22.50     38.25
    6.29     35.09
   50.13     21.41
   52.05     37.28
    3.47      3.47
   17.06     31.73
    2.16     14.38
    1.96     17.48
   62.23     51.15
    4.19      5.43
   20.16     16.27
    2.17      1.31
   16.32      2.03
   18.60     17.24
    4.71      7.61
    4.87      4.06
    3.54      3.99
    6.99      5.00
    2.14      1.37
    3.40      2.10
    0.65      2.10
    1.44      0.65
    1.38      2.03
    0.72      0.65
    3.33      2.16
    0.72      2.03
    1.96      2.10
    1.37      2.10
    2.16      1.96
    1.31      2.05
   81.49    114.40
   78.95     89.35
   15.05    181.83
   21.74    126.58
  111.93    153.28
   24.25     22.61
   64.17     95.03
   32.05     79.68
   83.39     66.32
   54.46     10.70
   74.91     23.28
   13.74      4.85
   72.94     60.07
  100.46     61.51
   40.53     78.76
   44.45     37.72
   31.14     37.67
   89.36     59.38
   55.05     42.67
   84.76     92.58
   60.21     73.00
   39.32     74.27
  100.36     44.68
   68.67     43.98
   81.65     34.57
   41.21      5.41
   98.05     70.43
   49.77     31.21
   27.88     30.02
  107.39     93.54
    4.79     15.91
   14.63     18.17
   17.61      1.44
   16.35      5.51
    3.42      4.79
    4.79      2.10
    4.05      4.19
    6.08      6.17
    3.68      3.60
    0.00      0.65
    1.37      1.37
    2.75      2.09
    0.65      0.72
    2.09      1.96
    0.00      2.03
    3.47      2.03
    1.37      2.03
    2.75      2.16
    1.44      0.65
    4.04      2.03
    2.05      2.91
    3.40      1.37
    1.39      2.16
    1.31      1.37
    4.85      5.43
    2.68      2.82
    3.40      4.20
    1.37      0.72
    0.00      0.65
    2.09     15.75
   15.80      1.37
    3.99      4.77
    4.06      4.28
    4.71      5.00
    3.33      4.19
    6.22      8.11
    4.84      3.40
   20.54     22.74
   10.92     22.09
   19.87      9.04
    8.31      6.14
    7.46      6.29
    3.54      4.06
   37.49     52.07
   32.06     48.40
   17.62     17.07
   18.66      2.16
   17.54     16.45
    2.75      2.17
    1.31      4.64
    5.56      6.15
   62.25     63.81
   15.52     31.90
    5.79     15.77
    2.83      2.70
   37.80      5.57
    1.39      4.71
    3.40      3.47
    8.24      5.44
    3.61      2.22
    2.71      2.10
    0.71      0.72
    0.00      0.65
    2.03      3.40
    1.37      0.00
    2.75      2.82
    2.03      1.37
    0.65      2.75
    1.96      2.09
   17.47     29.32
   95.27    137.20
   55.00    136.02
   44.27    156.84
   24.97    126.49
   12.62     14.38
   68.47     88.82
    4.33     43.27
   55.83     98.77
   32.50     28.38
   84.77     51.54
   50.90     23.47
   94.22     39.42
   38.96      6.79
   30.76     11.69
   86.23     35.56
   32.02     26.45
   38.49     30.83
   83.42     65.19
   40.21     53.93
   77.55     39.10
   90.32     40.59
   12.45     10.00
  103.39     76.69
   44.25     42.55
   52.05     56.81
   84.56     82.20
   90.05     75.42
   22.79     17.85
  108.72     53.18
    2.74     16.10
   39.95     47.03
   30.81      9.94
   39.39     11.62
   28.63     36.08
   16.96     18.48
    4.93     20.63
    6.33      2.84
    3.99      2.03
   17.21      6.29
    7.63      7.02
    2.14      1.37
    0.72      0.00
    2.10      0.72
    0.65      0.72
    0.00      1.96
    1.96      4.12
    2.16      0.65
    1.44      1.31
    3.40      2.82
    2.09      0.72
    2.03      0.65
    1.31      4.84
    2.05      1.46
    6.17      6.87
    3.47      2.10
    1.44      0.65
    2.68      2.10
    1.31      2.03
    2.03      4.19
    2.10      0.65
    2.10     16.38
   19.83      4.91
    5.43      4.98
    3.40      2.75
    2.61      6.89
    5.43      6.22
    5.90      4.53
    4.71      8.17
   27.91     21.85
    4.12     37.63
   37.65     21.65
   22.50      6.21
    2.68      6.15
   10.26      7.79
    3.40     18.58
    3.62      2.68
   17.87     17.36
   31.27     74.43
   19.20     19.84
   16.22      2.09
   17.26     18.91
   21.41      6.15
   34.61     20.47
    0.72      1.31
    2.16      1.31
   18.92     34.76
   35.11     21.46
    5.01      4.08
    4.87      2.75
    3.56      4.71
    6.93      5.65
    4.23      1.44
    2.10      1.37
    0.00      0.65
    0.72      0.00
    1.37      0.65
    1.31      2.17
    2.03      2.03
   16.80     30.42
   68.25     68.99
   45.55    100.38
   37.46    184.68
   16.94     55.05
   50.39    148.38
    9.17      2.82
  104.54    166.32
   59.57     68.99
   70.11     50.47
   27.85     36.71
   49.22     48.64
    9.23     17.31
   52.72     46.57
   10.43     13.76
   60.62     25.88
   31.34      5.43
   38.16     52.61
   32.17     13.09
  108.35    108.27
   83.28     50.60
  109.95     81.32
  115.20     85.61
   38.36     48.06
   75.23     40.98
    8.29     19.58
   26.27     10.37
   73.05     34.11
   39.33      6.21
   44.11     76.54
   26.24     12.74
   79.78     78.03
   37.62     39.05
   19.11     20.50
   19.48      5.37
    3.40      1.44
   17.67      4.27
   17.03     17.88
    2.70      3.49
   19.01     22.00
   29.79     24.76
    4.86      2.84
   34.88     19.26
    4.99      4.30
    4.20      3.54
    1.37      0.72
    2.10      0.72
    0.00      1.96
    0.65      0.72
    2.16      1.31
    1.52      2.03
    0.72      0.65
    3.47      2.10
    3.42      2.10
    4.71      5.43
    3.47      4.92
    5.44      3.49
    1.46      2.10
    0.00      0.00
    1.38      1.38
    2.03      2.77
    1.31      2.75
    4.71      3.47
    4.78      5.43
    7.30      7.49
    4.12      0.72
    1.96      4.85
    4.85      5.50
    4.78      4.78
   20.12     23.80
   26.61     25.72
    5.59      6.81
    8.39     35.84
   37.27     36.34
   36.64     33.07
   22.99      7.73
    2.10     17.26
    1.37      3.33
    6.15     19.88
    1.37      1.39
   17.18      4.05
   18.98     34.05
   32.76      2.81
   17.20     32.94
    4.71     19.09
   35.14     22.79
   16.95     17.86
    1.37      2.03
   19.44      3.41
    3.56      2.05
   19.26     20.01
    1.46      3.34
   21.28     22.08
    5.38      5.47
    7.90      3.60
    2.75      2.10
   16.55     15.82
    0.00      0.00
    2.82      0.65
   16.85      2.90
   83.42    158.36
   34.02     47.85
   49.54    159.13
   19.69     53.80
   40.15    110.14
   46.54     73.73
   44.60     85.09
   96.09     92.18
   48.79     84.77
   81.23     72.34
   35.21     17.11
    1.35     13.65
   32.58     26.76
   59.81     17.32
   49.89     43.76
   58.19     21.08
   23.99     34.55
    6.21      4.17
   17.77     17.03
   82.38     70.81
   19.42     22.05
   79.64     76.11
    5.45     22.78
   75.48     88.98
   45.96     65.29
  145.41     34.00
   53.02     35.83
   36.77     23.59
   51.77     36.77
   50.52     61.70
   35.74     37.61
   54.77     64.81
    5.79      4.07
  101.97     20.57
    2.03     20.42
   11.79      5.12
    2.12     15.52
    5.64      3.54
   17.79     19.45
   42.80     24.07
    4.73      5.61
   30.13     13.79
    3.40      4.94
    6.26      5.46
    8.82      9.92
    3.51      2.10
    3.75      0.65
   17.48     17.76
    0.72      1.96
    0.72      0.00
    2.82      1.38
    0.00      1.96
    2.12      0.74
    2.68      0.65
    4.91      5.50
    3.34      4.26
    2.68      4.12
    2.03      1.44
    3.40      2.75
    2.03      2.84
    1.39      0.72
    0.72      1.31
    2.03      2.75
    8.05      6.16
    6.15      9.17
    2.68      1.44
   18.47     19.84
    8.90      6.96
    3.40      3.47
   22.42     22.04
    7.48      8.97
   23.48     25.01
    5.66      4.80
    7.46     21.82
   37.30     37.31
    6.87     20.75
   47.78     36.34
    4.20     16.90
   16.98      2.75
    4.20      3.40
    1.44      0.65
    3.40     16.41
   17.55     19.13
   15.60     62.85
   19.38      3.49
   18.95     22.59
   55.19      6.48
    3.39      4.06
    2.26     17.70
    2.91      0.65
    4.26      3.36
   18.51      4.80
    4.23      2.75
    3.47     18.47
   16.51      5.44
    6.92      6.30
    5.62      2.75
    3.47      3.47
    0.72      0.65
   80.22    120.76
   48.02     80.60
   52.43    157.72
   22.50    132.61
   51.13     78.49
   36.09     60.75
   75.53     50.14
   51.28    107.91
    9.06     27.86
   44.65     24.61
   73.35     29.38
   54.70     19.89
   71.41     29.97
   13.82      4.06
   82.13     60.09
   48.26     24.02
   41.99     44.59
   64.69     44.56
   21.08     23.80
    6.10     15.36
   91.16     20.45
   21.57     35.53
   25.83      9.94
   70.73     50.26
   50.74     25.47
   51.23    106.79
   69.36     45.01
   45.77     87.91
   80.08     11.54
   84.39     70.82
   86.50     50.13
   11.46      2.85
   30.69     37.44
   29.43     81.55
   88.48     49.29
   36.53     21.87
   62.41     71.77
   20.49     51.02
   35.19     21.95
   21.10      5.72
   19.87      2.89
    1.37     17.20
    2.70      4.08
    4.18      2.86
    2.67      4.19
    4.14     17.57
   20.91      8.33
    7.75      5.01
    0.00      0.72
    4.71      2.75
    0.72      3.47
   16.49     16.55
    3.54      2.03
    1.38      2.05
    4.91      4.06
    2.75      1.37
    2.82      2.10
    1.31      2.10
    0.65      1.37
    3.99      4.26
    0.72      0.00
    3.33      4.12
    2.68      3.56
    4.14      4.78
    7.47      5.57
    3.47      2.82
    2.61      4.85
    5.43      6.88
    8.18      5.70
    3.27      7.53
    9.04      4.85
    6.74      8.32
   10.41     38.38
    2.17      4.06
   21.69     20.67
    7.55     23.34
   24.04      5.66
   34.23     22.22
   15.85     18.51
   21.15     16.95
    0.72      2.61
    2.82      1.37
   32.68     33.46
   34.67     32.83
    2.81      2.10
    2.10     15.66
   15.12     19.25
    2.70      2.77
   37.19     23.09
   20.48     36.85
   33.41     36.06
    4.28      0.72
   20.11      2.67
    4.20      4.75
    3.51      2.79
    3.47      2.75
    2.14      4.73
    6.83     21.79
   20.75      3.66
   63.76    105.91
   49.59     79.53
   20.58     41.62
   90.86    208.99
    8.76     50.23
   41.16     84.58
   37.61     68.71
   41.63     53.93
   53.31     28.97
   28.59     54.49
   30.54     57.26
   26.48     10.89
   35.48      2.75
    2.03      2.03
    6.87      6.08
   57.24     26.64
   30.70     52.02
  128.55     73.41
   38.35      7.78
   51.76     15.43
   10.48      5.80
   52.72     31.31
   50.39     42.66
   21.15      8.25
   45.51     62.38
   57.91     46.39
   53.23     43.42
   40.62     37.56
   40.12     32.51
   22.56     19.28
   33.31      5.79
   15.57     22.58
   14.28      2.18
   56.55     56.10
   33.73     33.71
   15.92      2.82
   27.80     23.97
    1.44      0.00
   29.38     45.09
   32.06     19.16
    9.02      3.65
   28.65     33.64
   20.37     17.95
   34.98     22.90
    5.03     16.58
    4.71      4.80
    2.85      3.56
    4.70      4.16
    1.39      4.14
    8.96     22.16
    3.44      4.20
   18.69      2.17
    2.03      1.31
   27.98     24.01
    2.75      5.36
   35.59     18.63
    2.17      2.75
    4.24      1.37
    1.38      0.72
    3.40      2.10
    1.38      2.10
    2.62      1.38
    1.38     17.22
   18.57      2.81
    5.43     21.32
    4.64      6.29
   19.22      5.00
    2.70      4.06
    3.47      4.06
    8.84      4.98
    6.23      9.63
   23.12     23.90
    6.81      6.88
    7.59      5.50
    6.94     21.68
   19.92      6.15
   38.69     36.60
   48.32     57.00
   47.18     17.34
   18.52     22.72
   22.12     33.60
    2.82      3.41
   17.98      2.03
   17.11     16.47
   17.86     18.59
   21.27     18.79
    2.18      2.10
    1.37      1.37
   15.69     17.19
    0.65      4.66
    6.91      5.40
    6.98      6.40
    3.54      4.64
   18.01     17.23
   16.56     17.79
   21.42     18.59
   17.84     17.22
    5.76      4.07
    2.24      2.05
   20.19     33.19
   53.06     84.32
   45.33     39.59
   73.28    120.87
   28.52    132.03
    6.08     30.63
    4.02    105.27
   25.82    102.12
   34.74     69.59
   42.83     52.15
   64.22    118.42
   27.01     19.11
   37.99     13.58
   84.16     78.79
   56.52     69.81
   57.26     44.47
   37.60     22.53
   36.34     17.69
   16.39      5.00
   60.16      6.40
    4.12      8.77
    7.70     22.45
   67.83     49.84
   16.06     11.80
   38.77     37.20
   28.48      7.16
   14.98     22.68
  115.39     81.31
   42.17     37.74
   74.65     91.86
   16.35      4.37
   91.48    111.69
  121.20     33.08
   89.79     99.06
   85.97     83.80
  115.70    113.94
   61.80     30.07
   89.76     53.40
   43.41      5.35
   65.08     34.33
   45.77     41.89
   16.82     34.48
   45.88     27.55
   10.49      5.20
   13.74      3.90
    4.93      5.85
    2.61      2.84
    4.00      6.23
    4.16      3.64
   16.10     17.46
    4.16      3.56
    4.79      6.86
    3.53      1.46
    3.40      4.21
    4.23      4.05
    6.94      6.15
    3.34      4.13
    3.54      1.37
    1.46      1.38
    0.65     16.76
    2.84      2.75
   19.66      3.61
    1.37      1.37
    3.40      2.77
    4.06      4.85
    5.43      4.26
    5.95      8.39
    4.05      4.26
    1.44      2.61
    6.63      5.21
    7.41      7.80
    4.12      4.71
    5.57     21.26
   42.21     26.72
    6.09      5.57
    5.57      6.87
    6.96     23.23
   41.34     37.30
    7.54      6.51
    5.43      4.19
    1.31      3.47
   17.81     18.41
    2.89     18.80
    2.82      1.39
   32.56     19.33
    2.03      2.61
    5.57      4.91
    4.78     17.71
   30.25     30.70
   16.66      2.83
    2.03     30.81
   34.56     21.07
   17.77     20.45
   22.52     23.09
   22.45     21.00
    3.61      1.96
   17.75      2.68
    4.27      4.00
    4.94      3.43
   35.18     54.56
   46.40     77.45
   20.25     82.91
   41.67    110.95
   50.45     96.66
   47.07     77.97
    6.02    105.60
   23.85     85.40
   49.63     77.77
   45.70     64.15
   54.34    124.02
  102.29     80.65
   28.66     38.26
   67.23     55.91
   89.28     21.27
   21.67     26.21
   81.61     27.40
   46.67     36.34
   63.50     24.62
   30.86     37.79
    5.66     46.68
   26.03      6.16
    9.63     19.63
   42.38     12.24
    6.17     11.08
   52.20     40.84
   59.13     45.18
    8.02     11.77
   38.48     90.89
  105.50     48.50
   31.31     19.66
   66.54     38.93
   91.61     75.04
   54.17     36.99
    6.89     70.64
  133.45     63.75
   18.97     32.66
   31.29     31.37
   24.27      9.70
   38.03     18.75
   19.87     20.52
   42.39     31.03
   51.38     69.41
   29.85     22.23
   54.67     27.33
   85.66     46.51
    5.43     17.89
   76.38     81.39
    4.06      4.19
   30.33      7.60
    2.70      4.23
    2.12      1.37
    3.40      2.75
    4.82      4.10
    4.01      7.02
    6.24      6.15
   21.23     19.80
    1.37      1.31
    3.42      4.86
    2.75      1.38
    4.28      3.40
    0.65      2.03
    2.68      1.44
    1.37     16.49
    3.63      2.68
   21.27      6.30
    7.98      8.47
    3.33      4.98
    6.08      6.24
    4.12      4.06
    6.08      6.36
   21.28     35.76
   19.21      6.89
    7.68      5.36
    8.90      7.08
   19.82     20.74
    5.52      6.80
    9.71      8.76
    8.18      9.69
    8.19      8.41
    7.61      3.61
    1.37      2.75
   19.18     18.43
    1.44      3.41
    4.19      2.10
    2.04     15.50
    0.65     17.79
   19.02     34.46
   34.37      4.98
   15.60      0.65
    2.75      3.49
    0.65      0.74
   16.82     17.70
   32.34     35.65
   18.22     36.04
   22.49     50.33
   53.88     22.81
   20.03      7.53
    3.47      3.42
   18.76     17.48
   19.44      0.00
    0.00      0.00
    0.00      0.00
    0.00      0.00
    0.00      0.00
    0.00      0.00
    0.00      0.00
    0.00      0.00
    0.00      0.00
    0.00      0.00
    0.00      0.00
    0.00      0.00
    0.00      0.00
    0.00      0.00
    0.00      0.00
    0.00      0.00
    0.00      0.00
    0.00      0.00
    0.00      0.00
    0.00      0.00
    0.00      0.00
    0.00      0.00
    0.00      0.00
    0.00      0.00
    0.00      0.00
    0.00      0.00
    0.00      0.00
    0.00      0.00
    0.00      0.00
    0.00      0.00
    0.00      0.00
    0.00      0.00
    0.00      0.00
    0.00      0.00
    0.00      0.00
    0.00      0.00
    0.00      0.00
    0.00      0.00
