      h_eth1      
 KB/s in  KB/s out
    0.00      0.00
    0.00      0.00
    0.00      0.00
    0.00      0.00
    0.00      0.00
    0.00      0.00
    0.00      0.00
    0.00      0.00
    0.00      0.00
    0.00      0.00
    0.00      0.00
    0.00      0.00
    0.00      0.00
    0.00      0.00
    0.00      0.68
    0.00      0.00
    0.00      0.00
    0.00      0.00
    0.00      0.00
    0.00      0.00
    0.00      0.00
    0.00      0.00
    0.00      0.00
    0.00      0.00
    0.00      0.00
    0.00      0.00
    0.00      0.00
    0.00      0.00
    0.00      0.00
    0.00      0.00
    1.04      0.00
    0.00      0.00
    0.00      0.00
    0.00      0.00
    0.00      0.00
    0.00      0.00
    0.00      0.00
    0.00      0.00
    0.00      0.00
    0.00      0.00
    0.00      0.00
    0.00      0.00
    0.00      0.00
    0.00      0.00
    0.00      0.00
    0.00      0.00
    0.00      0.00
    0.00      0.00
    0.00      0.00
    0.00      0.00
    0.00      0.00
    0.00      0.00
    0.00      0.00
    0.00      0.00
    0.00      0.00
    0.00      0.00
    0.00      0.00
    0.00      0.00
    0.00      0.00
    0.00      0.00
    1.36      0.00
    0.00      0.00
    0.00      0.00
    0.00      0.00
    0.00      0.00
    0.00      0.00
    0.00      0.00
    0.00      0.00
    0.00      0.00
    0.00      0.00
    0.68      0.00
    0.00      0.00
    0.00      0.00
    0.00      0.00
    0.00      0.00
    0.68      0.00
    0.00      0.00
    0.00      0.00
    0.00      0.00
    0.00      0.00
    0.00      0.00
    0.00      0.00
    0.00      0.00
    0.00      0.00
    0.00      0.00
    0.00      0.00
    0.00      0.00
    0.00      0.00
    0.00      0.00
    0.00      0.00
    0.00      0.00
    0.00      0.00
    0.00      0.00
    0.00      0.00
    0.00      0.00
    0.00      0.00
    0.00      0.00
    0.00      0.00
    0.00      0.00
    0.00      0.00
    0.00      0.00
    0.00      0.00
    0.00      0.00
    0.00      0.00
    0.00      0.00
    0.00      0.00
    0.00      0.00
    0.00      0.00
    0.00      0.00
    0.00      0.00
    2.05     26.17
    0.68      0.00
    0.00     25.75
    0.00      0.00
    0.00      0.00
   13.69     12.88
    9.15     14.41
    0.00      0.00
   38.96      1.60
   12.33      2.19
    0.00      1.11
    0.00      0.00
    0.00      0.00
  260.83     65.03
  180.10     24.80
  103.08    121.24
  322.31     54.66
  479.43    150.79
   84.08     70.02
   64.77    128.94
  396.44     24.50
  199.40     33.16
  153.28     36.78
  105.25      7.42
  361.02     22.39
   28.36     79.77
   98.72     24.51
  189.75    306.01
  114.10      0.00
  197.70    349.14
  150.25    101.85
  144.44     67.75
  314.63    566.38
  258.33    116.32
  225.65     88.53
  395.42   1129.06
  283.52     60.80
  424.80     83.17
  519.26      9.47
  510.55     25.79
  267.16   1118.08
  507.13    345.78
  453.94    358.46
  517.76    180.45
  585.27     84.71
  396.25     82.35
  624.20    254.81
  632.41    725.65
  518.65    242.90
  776.74    272.12
  599.25    445.15
  611.95    703.09
  723.37    259.63
  470.29    741.51
  749.06   1320.24
  794.97    936.64
  921.88    163.83
  994.81    864.12
  685.79    669.54
  943.33   1278.39
  853.85    334.55
  303.09    161.24
  156.71     68.69
  104.54     38.15
   31.85      4.54
   42.11     11.36
    3.17      0.72
   10.33      1.73
    0.00      0.00
    0.00      0.00
    0.00      0.00
    0.00      0.00
    0.00      0.00
    0.00      0.00
    0.00      0.00
    0.00      0.00
    0.00      0.00
    0.00      0.00
    0.00      0.00
    0.00      0.00
    0.00      0.00
    0.00      0.00
    0.68      0.00
    0.00      0.00
    0.00      0.00
    0.00      0.00
    0.00      0.00
    0.00      0.00
    0.00      0.00
    0.00      0.00
    0.00      0.00
    0.00      0.00
    0.00      0.00
    0.00      0.00
    0.00     14.37
    0.00      0.00
   14.43      0.00
    0.00      0.72
   14.37     15.17
    0.72      0.00
   15.00     15.08
    0.00      0.00
    0.00      0.00
    0.72      0.00
    0.00     14.80
    0.00     87.24
   44.43     16.95
   46.67     31.60
   29.62     44.29
  222.62    236.89
  254.16    307.96
  224.54    329.88
  254.83    176.18
  137.34    106.50
    6.46      0.00
   48.20     31.17
   63.29     17.31
   14.37     14.43
   15.06      0.72
    1.44      0.00
    0.00      0.00
    0.72      0.00
    0.00      0.00
    0.00      0.00
    0.00      0.00
    0.00      0.00
    0.00      0.00
    0.00      0.00
    0.00      0.00
    0.00      0.00
    0.00      0.00
    0.00      0.00
    0.00      0.00
    0.00      0.00
    0.00      0.00
    0.00      0.00
    0.00      0.00
    0.00      0.00
    0.00      0.00
    0.00      0.00
    0.00      0.00
    0.00      0.00
    0.00      0.00
    0.00      0.00
    0.00      0.00
    0.00      0.00
    0.00     14.79
    0.00      0.00
   14.86      0.72
   14.78     14.84
    0.00      0.00
    0.72      0.00
    0.00      0.00
   15.11     15.95
    0.00      0.00
    0.00      0.00
    0.72     44.70
   45.49     46.75
    0.00     14.99
  166.18    182.21
  228.26    243.89
  141.65    198.03
  185.22    184.35
  121.45    154.39
  237.59    146.10
  140.90    110.67
   62.75     90.57
    2.89      0.72
   33.24     17.06
   77.66     34.06
   30.97      2.17
   15.50     14.86
    0.72      0.00
    0.72      0.00
    0.00      0.00
    0.72      0.00
    0.00      0.00
    0.00      0.00
    0.00      0.00
    0.00      0.00
    0.00      0.00
    0.00      0.00
    0.00      0.00
    0.00      0.00
    0.00      0.00
    0.00      0.00
    0.00      0.00
    0.00      0.00
    0.00      0.00
    0.00      0.00
    0.00      0.00
    0.00      0.00
    0.00      0.00
    0.00      0.00
    0.00      0.00
    0.00      0.00
    0.00      0.00
    0.00      0.00
    0.00     14.99
    0.00      0.00
   15.79      0.72
   14.99     15.05
    0.00      0.00
    0.72      0.00
    0.00      0.00
    0.00      0.00
    0.65     17.04
   29.50     15.71
   17.22      1.44
  105.64    152.08
  202.71    199.33
   65.17    108.73
  138.30    137.53
   80.18     80.72
  107.50    230.57
  188.25    130.22
  140.18     97.24
   68.80     20.13
   47.19     78.10
   47.73     76.38
    2.89     14.99
   33.65     16.47
   62.92     17.92
   18.52     15.76
   15.71     15.04
    0.72      0.00
    0.72      0.00
    0.00      0.00
    0.72      0.00
    0.00      0.00
    0.00      0.00
    0.00      0.00
    0.00      0.00
    0.00      0.00
    0.00      0.00
    0.00      0.00
    0.00      0.00
    0.00      0.00
    0.00      0.00
    0.00      0.00
    0.00      0.00
    0.00      0.00
    0.00      0.00
    0.00      0.00
    0.00      0.00
    0.00      0.00
    0.00      0.00
    0.00      0.00
    0.00      0.00
    0.00      0.00
    0.00     15.10
    0.00      0.00
   31.00     15.88
    0.00      0.00
    0.72      0.00
    0.00      0.00
    0.00      0.00
    0.00     15.75
   31.04     16.47
   61.01     33.83
  158.35    199.72
   48.85     62.62
   93.99    125.95
   95.87     66.09
   33.08     33.17
  106.52    154.13
   46.75    110.69
  166.04    131.53
   93.53     35.30
   51.97     47.22
   48.06     33.85
   31.98     32.29
   15.82     46.75
   17.91     45.96
   31.71      1.45
   63.32     18.75
   16.48     15.88
   16.29      0.72
   15.82     15.16
    0.00      0.00
    0.72      0.00
    0.00      0.00
    0.72      0.00
    0.00      0.00
    0.00      0.00
    0.00      0.00
    0.00      0.00
    0.00      0.00
    0.00      0.00
    0.00      0.00
    0.00      0.00
    0.00      0.00
    0.00      0.00
    0.00      0.00
    0.00      0.00
    0.00      0.00
    0.00      0.00
    0.00      0.00
    0.00      0.00
    0.00      0.00
    0.00      0.00
    0.41      0.41
    0.00      0.65
    0.00      0.00
    1.37      0.72
    0.00      0.00
    0.00      0.00
    0.00      0.00
    0.65      2.03
    1.44      2.61
   10.06      8.58
    3.33      2.81
    2.61      7.54
    7.45      6.21
    5.63      3.47
    2.75      3.40
    2.09      0.72
    4.70     10.20
    6.59      6.87
    7.07      8.89
    6.08      4.26
    4.26      2.68
    3.40      1.44
   17.92      2.82
    2.16      2.75
    0.65      3.33
    2.03     15.82
    0.65      2.09
    5.56      2.16
    2.09      0.72
    2.10      0.72
    0.65      0.72
    0.00      0.00
    0.00      0.00
    0.00      0.00
    0.00      0.00
    0.00      0.00
    0.00      0.00
    0.00      0.00
    0.00      0.00
    0.00      0.00
    0.00      0.00
    0.00      0.00
    0.00      0.00
    0.00      0.00
    0.00      0.00
    0.00      0.00
    0.00      0.00
    0.00      0.00
    0.00      0.00
    0.00      0.00
    0.00      0.00
    0.00      0.00
    0.00      0.00
    0.65      1.37
    0.72      0.00
    0.00      0.00
    0.00      0.00
    0.65      0.65
    3.33      2.81
    7.07      9.99
    4.32      2.03
    0.72      1.31
    2.10      5.29
    7.59      6.15
    3.47      3.42
   17.10      2.10
    2.81      5.43
    2.81      2.68
    4.84      5.94
    8.18      8.31
    4.98      4.77
    5.43      4.05
   32.93      4.26
    3.47     17.74
    2.09      1.44
   16.44      2.03
    2.15      2.02
    1.30      4.05
    1.37      2.03
    1.37      1.31
    4.84      2.81
    2.81      1.44
    1.44      0.00
   15.05      0.71
    0.72      0.00
    0.00      0.00
    0.00      0.00
    0.00      0.00
    0.00      0.00
    0.00      0.00
    0.00      0.00
    0.00      0.00
    0.00      0.00
    0.00      0.00
    0.00      0.00
    0.00      0.00
    0.00      0.00
    0.00      0.00
    0.00      0.00
    0.00      0.00
    0.00      0.00
    0.00      0.00
    0.00      0.65
    0.00      0.00
    0.65      0.72
    0.72      0.00
    0.00      0.00
    0.00      0.65
    4.19      3.33
    5.94      6.42
    4.06      4.26
    1.96      0.72
    0.00      2.75
    4.71      4.78
    4.19      3.47
    2.75      4.72
    2.10      1.37
   18.43      4.93
    3.47      2.88
    2.77      3.33
    3.33      6.80
    8.10      6.28
    2.88      4.77
    4.12      3.40
   14.33      2.88
   17.27      2.75
    2.03      2.75
    1.37      0.72
    2.82      0.72
    0.65      0.72
    1.31      3.33
    1.31      3.47
    0.65      1.37
    2.75      1.37
    5.50      3.61
    0.72      0.00
    0.00      0.00
   15.18      0.72
    0.00      0.00
    0.00      0.00
    0.00      0.00
    0.00      0.00
    0.00      0.00
    0.00      0.00
    0.00      0.00
    0.00      0.00
    0.00      0.00
    0.00      0.00
    0.00      0.68
    0.00      0.00
    0.00      0.00
    0.00      0.00
    0.00      0.00
    0.00      0.00
    0.65      0.65
    0.00      0.72
    0.72      0.00
    0.65      0.00
    1.96      4.19
    7.07      6.60
    4.26      2.68
    0.72      2.68
    2.16      0.65
    0.65      3.33
    5.50      4.12
    2.16      2.68
    2.75      1.37
    3.47      5.38
    0.00      2.68
    4.19      3.42
    3.60      0.65
    2.75      3.92
    2.77      4.77
    8.89      7.07
    3.53      3.98
    2.75      3.40
   16.54      1.37
    4.26      2.09
    1.37      3.33
    2.68     17.18
    1.44      0.72
   16.61      0.72
    0.72      0.65
    1.44      1.31
    1.96      4.71
    0.00      1.37
    2.10      0.72
    6.22      2.82
    1.44      0.72
    0.00      0.00
    0.00      0.00
    0.72      0.00
    0.00      0.00
    0.00      0.00
    0.00      0.00
    0.00      0.00
    0.00      0.00
    0.00      0.00
    0.00      0.00
    0.00      0.00
    0.00      0.00
    0.00      0.00
    0.00      0.00
    0.00      0.00
    0.00      0.65
    0.00      0.00
    1.37      0.72
    0.00      0.65
    3.47      3.40
    5.94      5.63
    3.40      3.60
    2.02      1.37
    1.31      2.16
    1.30      1.30
    2.09      4.12
    4.05      2.81
    2.09      2.68
    2.09      3.40
    1.44      0.00
    4.05      3.54
    2.68      3.47
    2.03      1.44
    1.37      2.70
    2.03      5.36
    3.26      4.12
    7.68      5.63
    4.19      2.09
    2.75      3.33
    1.37      2.09
    3.54      0.65
    0.65      2.09
    2.03      2.68
    3.33      2.88
    1.44      0.72
    1.44      0.00
    0.65      0.00
    0.00      1.37
    1.96      4.71
    0.65      2.09
    0.65      0.00
    4.78      2.16
    2.88      2.09
    0.00      0.00
    0.00      0.00
    0.00      0.00
    0.72      0.00
    0.00      0.00
    0.00      0.00
    0.00      0.00
    0.00      0.00
    0.00      0.00
    0.00      0.00
    0.00      0.00
    0.00      0.00
    0.00      0.00
    0.00      0.65
    1.70      0.72
    1.37      0.72
    2.03      2.75
    5.70      5.94
    4.91      3.40
    0.65      1.37
    0.72      1.31
    2.09      2.68
    2.10      0.72
    0.72      2.61
    4.12      2.75
    2.10      2.10
    2.10      3.99
    2.75      2.10
    2.82      3.33
    2.77      1.31
    1.44      0.65
    2.82      1.37
    1.44      0.65
    2.68      7.41
    4.57      5.49
    7.07      4.91
    2.18      0.65
    2.09      2.61
    3.47      2.82
    2.57      1.72
    1.37      1.31
    1.37      2.76
    1.37      2.03
    2.03      2.10
    4.32      0.00
    0.00      0.65
    0.00      0.00
    0.72      0.00
    0.65      1.96
    2.03      4.77
    0.00      0.00
    4.05      2.16
    4.26      1.44
    0.00      0.65
    0.00      0.00
    0.00      0.00
    0.72      0.00
    0.00      0.00
    0.00      0.00
    0.00      0.00
    0.00      0.00
    0.00      0.00
    0.00      0.00
    0.00      0.00
    0.00      0.65
    1.78      1.78
    2.82      2.03
    5.87      7.00
    3.40      3.60
    0.72      0.65
    2.03      0.72
    0.65      2.10
    2.68      2.82
    0.72      0.65
    0.65      2.03
    4.12      2.75
    2.10      2.10
    1.37      3.33
    4.05      2.82
    2.10      1.44
    2.68      1.37
    0.65      2.09
    1.44      1.37
    0.65      1.37
    1.37      1.30
    1.31      4.71
    7.38      6.30
    4.91      4.26
    2.09      2.03
    1.39      2.61
    2.68      2.16
    2.88      0.72
    1.44      1.31
    1.31      0.72
    1.31      4.77
    2.03      0.72
    1.37      1.44
    3.54      0.72
    0.65      0.00
    0.00      0.72
    0.00      0.00
    0.00      1.96
    1.96      4.77
    0.00      0.00
    3.47      0.72
    4.19      2.16
    0.00      0.65
    0.00      0.00
    0.00      0.00
    0.00      0.00
    0.72      0.00
    0.00      0.00
    0.00      0.00
    0.00      0.00
    0.00      0.00
    0.65      1.37
    2.68      2.82
    4.98      6.60
    6.35      2.68
    0.65      0.72
    0.00      2.68
    2.16      0.00
    0.65      2.68
    2.82      0.72
    0.00      1.30
    2.75      2.68
    2.03      3.47
    2.88      0.00
    1.31      4.64
    2.75      2.75
    2.88      2.03
    1.44      0.65
    1.37      1.37
    1.44      0.65
    0.72      1.31
    0.72      0.00
    1.37      3.33
    1.31      5.36
    6.73      4.98
    6.42      2.11
    1.37      2.68
    0.74      1.96
    2.68      2.82
    2.16      1.31
    2.16      0.00
    0.00      1.31
    0.65      0.72
    2.10      3.99
    2.68      2.09
    1.44      0.72
    2.16      0.00
    0.72      0.00
    2.08      0.00
    0.00      0.00
    0.65      1.31
    1.31      4.05
    0.65      1.44
    0.65      0.72
    4.84      2.17
    1.44      0.00
    0.00      0.65
    0.00      0.00
    0.00      0.00
    0.00      0.00
    0.72      0.00
    2.42      0.65
   18.37     29.92
   27.10     27.17
   10.97      6.35
    0.72      0.65
    1.37      0.72
   27.06     21.93
   29.03     15.22
   18.69     17.26
    1.44      0.00
    0.65      2.03
    2.03      1.31
    3.47      4.18
    1.44      0.65
    1.96      3.33
    3.47      2.88
    2.75      1.44
    0.65      1.37
    1.37      1.37
    0.65      0.72
    1.37      1.37
    0.00      0.65
    0.65      0.72
    1.37      2.61
    3.33      5.49
    7.52      5.64
    2.16      0.72
    0.72      0.65
    1.38      2.68
    2.68      2.75
    1.44      0.72
    2.82      0.00
    0.65      2.09
    0.00      0.65
    0.65      1.37
    1.96      2.68
    2.75      2.17
    2.82      1.44
    0.72      0.00
    0.00      0.65
    0.00      0.00
    0.00      0.00
    1.37      1.37
    0.65      2.68
    0.65      1.38
    0.65      0.00
    4.12      2.18
    1.44      0.72
    0.00      0.00
    0.00      0.65
    1.96      1.37
    0.72      3.40
    2.81      5.87
    9.24      4.12
    3.42      1.46
    0.00      1.37
    0.72      1.31
    2.09      0.65
    0.65      2.03
   16.94     15.55
    0.72      0.65
    1.37      1.96
    2.09      2.09
    1.37      2.03
    2.16      1.96
    1.96      3.40
    4.26      2.75
    1.44      0.65
    1.37      1.37
    0.72      0.65
    0.00      1.31
    1.44      0.00
    1.44      0.65
    0.65      0.65
    0.00      2.03
    2.10      3.92
    3.98      4.12
    7.01      4.98
    2.82      0.72
    0.00      0.65
    0.00      1.31
    2.75      4.06
    1.37      1.37
    2.88      0.00
    0.00      0.00
    0.72      1.31
    0.72      0.65
    0.65      3.33
    1.96      2.10
    2.82      1.44
    2.16      0.00
    1.44      0.00
    0.00      0.65
    0.00      0.00
    0.00      0.00
    0.72      0.00
    0.65      1.96
    0.65      2.75
    0.00      0.00
    5.06      1.43
   19.14     30.63
   14.97      0.72
   16.79     51.22
   27.24     35.03
   27.21     29.41
   50.24     21.32
   28.44      5.21
   10.98      2.10
    4.26      1.37
    1.40      1.44
   16.37     15.05
    0.72      1.37
    0.65      2.03
    3.47      1.44
    0.65      2.03
    1.44      0.65
    3.26      4.84
    3.47      1.44
    1.37      2.09
    0.72      0.00
    0.00      0.00
    0.65      1.37
    2.03      1.44
    0.00      0.65
    0.65      0.00
    0.00      1.37
    2.03      1.44
    2.03      4.64
    3.27      5.50
    5.63      2.88
    2.82      0.00
    1.37      2.10
    0.00      0.65
    2.03      3.35
    2.03      2.16
    3.54      0.00
    0.00      0.72
    0.00      0.00
    0.00      0.00
    0.65      2.03
    1.31      2.68
    1.96      3.54
    2.09      0.72
    2.16      0.00
    0.72      0.00
    0.65      1.37
    0.00      0.00
    0.00      0.00
    0.72      0.00
    0.00      1.96
    3.26      4.71
    0.72      2.16
    2.75      5.94
   12.72      6.80
    3.47      1.44
    1.37      1.44
    0.72      1.96
    1.44      0.65
    1.37      2.68
    2.81      0.72
   15.09     15.08
   15.82     15.89
    0.72      0.65
    2.75      3.40
    1.44      0.00
    1.37      2.03
    1.44      2.61
    1.96      4.05
    4.33      2.09
    2.09      0.72
    0.72      0.00
    0.00      1.31
    0.00      1.31
    0.00      0.00
    2.16      0.65
    0.72      0.00
    0.65      2.03
    0.00      0.65
    0.72      1.31
    3.48      4.70
    5.36      6.28
    4.98      2.09
    0.72      0.00
    0.65      0.65
    2.10      2.75
    2.03      3.26
    0.65      2.16
    3.61      0.72
    0.72      0.00
    0.72      0.65
    0.00      0.65
    0.00      0.00
    0.72      1.96
    1.31      2.03
    2.03      2.83
    3.55      0.72
    2.57      0.41
    0.00      0.00
    0.65      1.37
    1.70      1.37
    2.82      1.31
   43.56     49.40
    4.57      5.65
    4.64      9.04
    2.68      2.75
    1.37      2.09
   54.09     34.21
    6.22      5.69
    0.87      0.65
    2.68      2.82
    0.72      0.65
    0.65      0.72
    1.31      0.72
   14.79     17.62
    2.10      0.72
    1.37      0.72
    1.37      2.03
    3.40      1.31
    1.31      4.91
    4.19      2.10
    0.65      0.72
    0.72      0.00
    0.00      0.00
    0.65      0.00
    1.31      2.09
    0.72      0.72
    0.00      0.65
    0.65      0.00
    0.65      0.72
    1.37      2.09
    0.00      1.31
    2.68      5.36
    4.70      4.98
    4.98      1.37
    0.72      0.65
    0.00      0.65
    0.72      0.00
    2.09      3.33
    1.96      2.81
    2.81      0.72
    1.44      0.00
    0.00      0.00
    0.65      0.72
    0.00      0.00
    0.65      0.72
    0.00      3.27
    1.31      2.10
    1.30      1.44
    4.27      0.72
    1.37      0.65
    2.75      2.82
    0.65      2.03
    0.00      5.22
    8.50      4.72
    3.54      1.37
    2.05      0.72
    2.03      6.08
   17.19     17.79
    0.72      0.00
    4.77      4.84
    5.63      1.44
    0.72      0.65
    0.72      1.31
    1.44      0.00
    0.65      1.96
    1.44      1.38
   14.99     15.79
    1.37      3.99
    2.82      1.31
    4.19      4.77
    3.54      0.72
    1.44      0.00
    0.00      0.00
    0.00      0.65
    0.00      1.31
    0.72      0.65
    0.00      0.00
    1.44      0.65
    1.37      2.03
    0.00      0.00
    0.72      0.00
    1.44      0.65
    0.65      1.96
    2.03      4.70
    6.80      4.98
    3.60      0.72
    1.31      0.72
    0.00      2.03
    0.00      0.00
    0.73      3.33
    2.68      2.75
    2.16      0.72
    1.45      1.37
    0.72      0.00
    0.00      0.65
    0.00      0.00
    0.72      0.00
    0.72      0.65
    0.00      2.61
    3.65      3.47
   19.72     30.68
   24.82     28.75
   10.80      0.72
    3.98      8.51
   28.43     24.64
   36.34     10.55
   15.09     15.81
   17.54     17.01
    2.10      1.38
    2.68      1.96
    1.96      6.29
    0.72      0.00
    4.71      1.44
    3.47      3.60
    0.00      0.65
    0.65      1.37
    1.45      0.72
    0.65      0.72
    0.65      3.33
   19.16     20.81
    2.68      3.47
    2.82      0.72
    1.44      0.00
    0.72      0.00
    0.00      0.00
    0.65      0.72
    0.65      0.65
    0.65      0.72
    0.73      2.10
    0.00      0.00
    0.65      0.72
    2.03      1.44
    0.00      0.00
    0.00      0.65
    0.65      3.26
    3.99      3.40
    4.91      5.63
    2.16      0.00
    0.00      0.00
    1.44      0.65
    0.65      0.72
    0.72      1.96
    2.61      2.75
    1.44      1.44
    2.16      0.00
    0.00      0.00
    0.65      0.72
    0.65      0.72
    0.00      0.00
    0.65      1.37
    2.03      5.36
    2.10      1.31
    1.31      6.73
   10.70      4.71
    4.19      2.75
    3.47      1.44
    0.65      2.03
   31.88     31.93
    2.82      1.37
    1.37      2.68
    2.82      0.65
    0.72      1.37
    0.00      2.61
    2.82      3.33
    1.37      0.72
    2.09      1.37
    5.49      4.19
    1.44      0.00
    0.00      0.65
    1.37      3.99
    3.16      3.16
    4.19      2.68
    3.54      2.10
    0.72      0.00
    0.00      0.00
    0.73      0.65
    0.00      1.37
    0.72      0.65
    0.00      0.65
    1.44      0.00
    0.65      0.65
    0.72      2.03
    0.00      0.00
    1.44      0.00
    0.72      0.00
    0.00      0.65
    0.65      3.99
    3.99      4.12
    4.91      2.88
    3.47      1.44
    0.00      0.65
    0.00      0.65
    0.00      0.65
    1.44      1.31
    1.31      3.40
    2.10      1.38
    2.88      0.00
    0.00      0.65
    0.00      0.00
    3.14      1.37
    2.75      2.03
   17.79     27.93
   23.76     21.44
   11.48     11.14
    1.31      3.47
    4.77      4.90
    4.27      2.10
    2.68      2.09
   32.86     31.67
    0.72      1.37
    4.05      2.82
    0.72      0.72
    1.31      0.00
    1.31      2.16
   25.76     21.94
   27.31     13.06
    4.72      6.87
    1.38      2.10
    2.75      0.00
    4.99      3.54
    5.43      3.47
    0.65      3.54
    4.05      4.12
    2.16      0.72
    0.00      0.00
    0.00      0.65
    0.72      0.00
    0.65      0.72
    0.00      0.00
    1.37      1.37
    0.65      1.37
    0.72      0.00
    0.00      0.00
    2.68      2.16
    0.00      0.00
    0.00      0.00
    0.00      0.00
    0.00      1.31
    0.65      4.64
    4.05      4.19
    4.91      1.44
    0.72      0.00
    1.44      0.00
    0.65      1.37
    0.00      0.00
    0.72      1.31
    1.96      3.40
    2.09      1.44
    2.16      0.00
    1.31      2.09
    2.75      2.75
    0.65      1.37
    1.44      3.92
    6.42      3.99
    1.44      0.65
    2.68      3.47
    1.46      3.27
    2.68      3.40
    2.75      3.47
   20.80     15.88
    2.03      3.33
    2.82      1.44
    0.72      1.31
    0.72      1.31
    2.16      0.00
    0.00      0.00
    0.72      1.31
   16.45     15.82
    0.72      2.03
    0.65      1.96
    1.37      6.01
    2.82      2.03
    7.52      4.84
    5.63      3.53
    1.44      0.00
    1.37      0.72
    0.00      0.00
    0.00      0.65
    0.00      0.00
    0.72      1.31
    0.00      0.65
    0.00      0.65
    1.44      0.00
    2.10      2.68
    0.00      0.00
    0.00      0.00
    2.16      0.00
    0.00      0.00
    0.00      0.00
    0.00      1.31
    1.31      4.64
    5.36      2.88
    4.98      2.88
    0.00      0.65
    0.00      0.00
    0.00      0.65
    0.72      0.65
    1.13      1.71
    0.65      1.96
    4.44      4.19
   43.12     57.19
    6.14      0.72
    3.91      1.44
    4.64      6.42
    1.44      1.44
   55.12     36.17
    5.63      2.16
    1.52      1.37
    2.10      2.10
    3.26      5.43
    1.30      2.81
    4.84      4.19
    2.16      0.00
    1.96      1.44
    2.03      2.16
    0.65      0.00
    0.00      0.72
    1.31     16.89
   15.50      1.47
    0.72      0.00
    1.31      1.44
    0.00      1.96
    3.98      6.22
    3.33      3.47
    2.75      3.47
    3.47      1.37
    3.54      1.44
    0.00      0.00
    0.65      0.00
    0.72      0.72
    0.00      0.00
    0.00      0.00
    0.65      1.37
    1.37      2.03
    0.00      0.00
    1.31      0.00
    1.37      2.16
    0.72      0.00
    0.00      0.00
    0.00      0.00
    0.00      0.00
    0.65      3.92
    1.31      4.05
    4.12      2.88
    5.70      0.72
    0.00      0.00
    0.65      0.72
    0.00      0.65
    0.00      0.00
    3.33      2.75
    0.72      6.01
    1.96      2.16
    4.26      4.57
   10.04      4.70
    2.10      0.72
    0.65      1.37
   17.17     17.84
    0.65      0.65
    2.09      2.74
    0.72      1.96
    2.82      1.31
    0.65      3.40
    4.19      2.75
    1.31      2.75
    2.88      1.96
    2.81      0.65
    1.37      0.72
    0.72      2.03
   15.72     15.73
    3.55      0.72
    0.00      1.31
    0.72      0.00
    0.72      3.27
    2.03      2.75
    4.19      2.75
    2.10      3.33
    2.10      2.03
    1.37      0.72
    2.03      2.09
    2.75      1.44
    2.16      0.00
    0.00      0.65
    0.00      0.00
    0.00      1.31
    0.00      0.00
    1.44      1.96
    1.37      0.72
    0.00      0.65
    2.16      0.00
    0.00      0.00
    0.73      0.00
    0.00      0.00
    0.00      0.00
    0.65      3.33
    3.26      4.84
    4.12      2.16
    2.88      1.37
    0.00      0.00
    1.69      0.72
    2.09      3.26
   17.05     27.23
    1.37      0.00
    0.65     31.12
   31.75     37.31
    2.88      2.09
   29.52     10.23
   67.57     43.22
    1.44      1.37
   29.14     29.48
   22.19      7.73
    4.13      3.54
   11.63      3.83
    1.31      2.75
    1.44      0.00
    1.31      3.40
    2.68      2.09
    0.65      2.75
    2.82      0.00
    2.03      1.44
   17.20     18.64
    1.45      0.00
    1.37      0.72
    0.65      0.72
    2.61      2.68
    2.68      2.88
    1.37      2.16
    1.37      1.37
    0.72      0.65
    0.72      1.96
    0.65      2.03
    1.31      2.09
    1.37      0.00
    3.47      1.44
    1.44      0.72
    0.65      0.72
    0.00      0.65
    1.37      1.37
    0.00      0.00
    1.96      2.16
    0.72      0.00
    0.00      0.65
    0.00      0.00
    0.00      0.00
    0.00      0.00
    0.74      1.96
    0.65      4.63
    3.40      1.37
    5.63      2.88
    1.44      0.65
    2.61      3.54
    1.44      0.65
    0.00      1.31
    0.65      4.67
    9.26      6.01
    2.16      1.96
    4.05      3.47
   18.54     18.48
    4.19      1.44
    1.30      4.12
    1.44      0.65
    1.44     15.69
    1.37      2.03
    2.82      0.65
   17.19      2.15
    0.00      1.96
    2.09      1.37
    0.72      0.00
    0.00      2.61
    2.75      3.40
    2.75      2.75
    2.75      1.44
    1.44      0.65
    2.16      0.65
    0.00      1.96
    1.37      2.61
    4.91      2.09
    1.44      0.72
    1.37      1.37
    0.72      0.65
    0.72      0.00
    0.00      0.65
    0.65      1.37
    1.37      1.31
    0.65      2.75
    0.72      0.65
    2.75      2.09
    2.09      1.37
    0.72      0.00
    0.72      1.96
    1.37      1.37
    1.44      0.00
    0.72      0.00
    0.72      0.00
    0.00      0.00
    0.00      0.65
    0.65      0.00
    1.31      2.82
    2.35      4.05
    3.42      4.12
    7.00      4.12
   17.69     27.20
    0.00      0.00
   21.26     27.96
   12.03      7.80
    2.68      2.88
    2.03      2.09
   27.84     39.57
   24.71      8.34
   29.39      8.37
    5.70      2.16
    2.03      1.44
    2.03      1.37
    2.03      3.47
    1.37     15.52
    0.00      0.00
    2.68      2.16
   16.23      1.44
    0.00      0.00
    1.31      2.09
    0.65      1.96
    0.65      2.75
    3.99      3.47
    4.98      2.16
    0.65      0.00
    0.72      0.72
    3.26      4.84
    2.75      2.16
    1.37      0.72
    0.65      1.39
    0.74      0.65
    0.72      0.00
    0.00      0.65
    0.65      0.72
    0.00      0.00
    0.72      0.65
    0.00      1.31
    0.65      2.03
    1.31      2.09
    2.75      1.44
    3.47      1.44
    2.68      1.44
    0.00      0.72
    0.65      0.72
    0.00      0.00
    0.00      0.00
    0.00      0.65
    0.00      1.31
    0.72      0.65
    1.37      1.31
    4.12      6.82
    3.40      4.14
    4.97      1.48
    2.77      2.68
    6.44      5.96
    2.16      2.03
    2.10      2.03
    1.37      2.03
    2.09      1.37
    2.82      2.68
    3.33     19.16
    2.81      3.44
   19.34      2.09
    0.72      2.68
    2.82      0.72
    1.37      0.65
    0.72      2.03
    1.44     14.99
    0.00      0.00
    0.00      0.65
   16.43      2.10
    0.00      0.00
    2.03      4.71
    2.03      3.40
    2.03      1.37
    2.09      1.37
    3.60      3.33
    1.31      2.68
    4.99      2.09
    2.16      0.00
    0.65      1.39
    0.74      0.65
    0.72      0.00
    0.00      0.65
    0.00      0.00
    1.37      0.72
    0.00      0.00
    0.00      0.00
    0.00      0.65
    0.00      1.96
    0.65      3.33
    2.09      2.68
    2.09      0.65
    2.75      1.44
    3.60      0.74
    0.00      0.00
    0.72      0.00
    0.00      0.00
    3.00      1.44
    0.72      1.37
    3.81      4.54
   42.67     50.62
    1.31      3.42
    4.88      4.16
    7.44      7.18
    3.31      1.40
   52.19     36.30
    0.65      2.09
    2.17      2.75
    2.75      2.10
    1.31      2.75
    2.16      1.31
    3.26     19.50
   19.01      2.94
    4.21      3.54
    1.46      1.37
    2.03      1.44
    1.37      0.72
    0.00      0.00
    0.65      0.72
    0.00     15.10
    0.65      0.00
    0.00      1.37
   17.19      3.47
    1.37      2.03
    3.40      2.17
    0.65      2.68
    3.99      4.93
    6.15      3.49
    2.13      2.18
    1.44      0.00
    0.65      1.39
    0.74      0.65
    0.72      0.00
    0.00      0.00
    0.65      1.37
    0.00      0.00
    0.00      0.00
    0.72      0.00
    0.00      0.00
    0.65      0.00
    0.00      1.37
    0.65      2.03
    2.68      1.37
    1.31      4.19
    1.37      0.72
    2.77      1.46
    2.12      0.74
    0.72      1.96
    2.11      1.37
    2.03      2.75
    0.00      0.00
    0.72      1.31
    2.70      3.42
    7.01      9.29
    7.06      4.25
   17.97     17.87
    2.16      2.03
    1.37      0.65
    2.10      2.03
    2.12      2.03
    2.10      2.10
    0.72      1.96
    2.82     18.33
    3.47      3.99
   19.85      4.39
    1.46      1.31
    3.56      1.37
    0.72      0.00
    0.00      0.65
    0.72      0.00
    0.00      0.65
    0.00      0.00
    0.72      1.31
    1.37      1.37
    1.31      2.10
    2.09      1.37
    0.65      3.26
    2.03      5.44
    4.91      2.70
    4.21      2.84
    4.30      0.00
    0.65      2.13
    1.48      0.65
    0.72      0.00
    0.00      0.65
    0.00      0.00
    0.72      0.68
    0.65      0.72
    0.00      0.00
    0.00      0.65
    0.00      0.00
    0.00      0.65
    0.72      1.96
    0.72      0.65
    0.72      1.31
    2.10      1.31
    1.78      2.45
    2.03      1.44
    5.82      3.58
   20.56     29.96
   27.39     27.27
    0.65      1.44
    0.65      0.00
    4.57      7.07
   55.72     39.18
   26.82     36.96
   19.40      4.24
    3.44      2.11
    2.89      1.44
    2.03      4.05
    0.65      0.72
    2.03      1.44
    0.65      2.03
    4.14      2.82
    2.03     19.16
   17.19      1.31
    2.68      5.69
    2.85      0.72
    2.90      0.00
    0.65      0.72
    0.00      0.00
    0.00      0.00
    1.31      0.72
    0.00      1.37
    0.00      1.31
    1.37      1.37
    1.44      0.00
    1.31      2.10
    4.71      3.61
    3.26      4.88
    1.39      4.07
    0.72      0.65
    2.77      2.13
    3.58      0.65
    0.72      0.74
    1.39      0.00
    0.00      0.72
    0.00      0.65
    0.00      0.00
    0.00      0.00
    0.72      0.00
    0.00      0.00
    0.65      0.72
    0.65      0.65
    0.72      0.72
    1.96      1.44
    0.00      0.72
    0.65      2.68
    2.09      2.68
    2.68      4.79
    1.39      0.72
    2.77      2.11
    3.53      2.13
    5.72      4.57
    3.60      2.03
   15.81     15.74
   15.70     21.09
    4.86      4.74
    6.95      5.04
    2.11      1.31
    3.54      1.37
    0.72      2.03
    1.37      0.65
    1.37      4.06
    2.83      1.96
    1.44      2.03
    2.82      2.68
    2.18      1.30
    3.98      4.88
    2.92      0.74
    1.46      0.00
    0.00      0.65
    0.00      0.65
    1.44      0.00
    0.00      0.00
    0.65      1.37
    1.30      1.46
    0.72      2.61
    0.65      3.33
    2.88      1.30
    2.75      1.39
    3.55      0.72
    1.37      3.42
    2.05      3.44
    0.65      1.39
    2.90      1.31
    2.13      0.74
    0.00      0.00
    1.46      0.00
    0.00      0.00
    0.65      0.72
    0.00      0.00
    0.00      0.65
    0.00      0.65
    0.00      0.65
    0.72      1.96
    1.44      0.65
    2.74      0.72
    0.72      2.68
    4.19      0.72
    0.00      0.74
    0.00      1.31
    1.31      2.79
    6.53      7.07
    4.05      3.61
    2.79     16.92
   32.20     17.28
    2.61      4.12
    1.31      4.07
    4.90      3.59
    5.47      6.27
    2.84      0.72
    2.03      2.10
    2.10      0.65
    1.31      2.82
    2.03      1.44
    1.31      2.75
    2.68      2.75
    0.72      2.03
    0.65      2.03
    2.75      2.78
    3.66      0.00
    1.46      0.00
    1.31      1.44
    0.00      0.65
    0.00      0.00
    0.72      1.31
    1.37      0.72
    0.65      0.65
    4.05      2.89
    1.96      2.82
    1.31      2.83
    1.46      0.65
    0.00      0.65
    1.39      0.74
    2.03      3.33
    1.37      2.79
    1.31      0.74
    2.92      1.37
    1.39      0.74
    0.00      0.65
    0.74      0.00
    0.00      0.00
    0.72      0.00
    0.00      0.00
    0.65      0.72
    0.65      1.37
    2.03      2.75
    4.05      2.09
    1.37      2.81
    0.00      0.00
    0.74      0.00
    0.00      0.65
    4.33      5.23
    2.81      3.33
    2.05      2.03
    2.03     19.14
   18.67      2.70
    4.16      2.13
    4.25      5.47
    3.33      3.26
    5.69      4.39
    3.53      3.44
    2.75      2.03
    1.44      2.03
    1.37      2.68
    2.10      1.37
    2.90      1.96
    1.44      0.65
    2.03      0.65
    2.09      2.09
    0.65      2.77
    1.31      2.70
    0.72      1.39
    3.64      0.00
    0.74      0.00
    0.65      0.72
    0.00      0.65
    0.65      1.37
    2.03      4.07
    0.72      1.96
    2.88      0.65
    2.75      2.11
    2.18      0.00
    0.00      0.65
    1.39      1.39
    0.00      0.65
    0.72      0.65
    2.03      4.07
    0.65      0.74
    1.37      0.74
    2.92      0.65
    0.65      0.74
    0.65      0.72
    0.74      0.00
    0.41      1.06
    0.00      0.65
    0.65      2.68
    4.19      3.33
    1.44      1.37
    1.44      0.00
    1.37      0.74
    0.72      0.00
    4.57      4.98
    2.68      2.16
    0.65      2.11
    2.03     16.54
   16.54      2.09
    0.65      2.68
    3.98      4.23
    1.30      3.46
    4.79      4.81
    4.81      4.92
    4.92      2.83
    5.62      2.86
    0.65      1.37
    3.40      2.09
    1.96      2.90
    1.30      1.44
    0.65      2.03
    0.72      2.02
    0.72      0.65
    0.72      0.00
    1.46      1.31
    1.96      3.40
    2.09      1.48
    2.50      0.65
    0.74      0.00
    1.46      1.31
    0.65      1.37
    2.75      0.72
    3.97      2.88
    2.05      2.75
    1.31      2.18
    1.46      0.00
    0.00      0.65
    0.65      0.74
    0.74      0.65
    0.72      0.65
    0.65      0.65
    0.00      0.72
    2.05      4.07
    1.37      0.00
    1.46      2.05
    1.46      0.00
    0.65      0.74
    1.46      0.00
    1.31      1.31
    3.47      4.19
    1.96      1.37
    0.72      1.44
    1.30      1.37
    0.72      0.72
    3.62      4.57
    4.26      2.68
    0.65      0.65
    0.00      2.03
    2.90      1.31
    0.72      1.31
    2.09      1.37
    1.46      1.96
    2.74      2.04
    2.05      5.45
    2.68      3.42
    5.53      6.93
    8.32      3.62
    3.68      4.72
    0.72      1.31
    2.16      1.30
    2.16      0.65
    2.84      0.72
    0.65      0.72
    1.33      1.39
    0.65      1.37
    2.09      0.65
    0.72      1.37
    0.65      1.31
    0.65      2.13
    2.11      1.37
    1.46      0.65
    1.31      4.05
    1.37      2.05
    3.62      1.31
    1.44      1.31
    3.49      1.46
    0.00      0.00
    0.72      0.65
    1.39      0.74
    0.00      0.65
    0.73      0.65
    0.00      0.72
    1.37      0.65
    0.00      0.74
    0.00      1.96
    0.65      1.39
    2.03      1.46
    3.32      0.94
    0.00      0.00
    1.01      0.00
    0.00      0.00
    0.00      0.00
    0.00      0.00
    0.00      0.00
    0.00      0.00
    0.00      0.00
    0.00      0.00
    0.00      0.00
    0.00      0.00
    0.00      0.00
    0.00      0.00
    0.00      0.00
    0.00      0.00
    0.00      0.00
    0.00      0.00
    0.00      0.00
    0.00      0.00
    0.00      0.00
    0.00      0.00
    0.00      0.00
    0.00      0.00
