1773723608358 E cd579388-3229-432f-86bd-361d6e3cee94
1773723608389 J 474a8e84-e75e-4d6f-85d5-543c8dfaec48
1773723609642 J 3cc0f6f4-2105-47f2-b874-bb52c3492859
1773723609642 J 808cde67-ba33-4217-8729-85f788b1b4b1
1773723609775 J d51595cb-1db6-4797-98e4-0de4c0be5bed
1773723609825 J 4a01cbbe-4fda-4305-b0a6-ddb93145077b
1773723609833 J 6bec8e5a-31bd-4303-8bbc-3958b24bc6ca
1773723609934 J c802c689-ec6c-46cf-8637-c961b95b77a0
1773723609946 J 49818ada-dd2a-45ee-9869-ff8bbd12a229
1773723609946 J dba9e6d0-a288-49db-a068-c665dbf6eb9c
1773723609948 J ae11fb7a-5cac-4e5f-8dae-5977e6c27c84
1773723609949 J 0197b08a-3785-4e06-8d42-137028bab421
1773723609957 J c15f8b69-d4e6-458c-b2fe-8c4222ab2d33
1773723609959 J edf3b7e2-9580-40e1-924f-f400dd12e9cb
1773723609961 J c3275ae4-d73e-4f67-8195-bc90bc15b8ee
1773723609970 J c4bdb52e-aed1-44c6-9770-27fc75d15151
1773723609970 J 929ccfb0-ba66-42e0-b43e-5fc612c1b73b
1773723609971 J f9c94819-886a-4f3e-ad22-744fdd667745
1773723609973 J b1c091e8-e625-410b-8cd4-9e3a39b54284
1773723609985 J 8ca2bec1-ef18-428c-ae33-e3a83fe54d09
1773723609998 J cf4bbd60-682d-400a-80e9-201730f322a2
1773723610036 J 6c212966-9561-49ca-85db-4e229510e58e
1773723610110 J cbd781ca-0b94-45f6-8e3e-10ec078f21e4
1773723610163 J 3f70731a-e9d2-4e13-a550-0e578618a9b6
1773723610313 J 9d7b3dbe-c37c-42d2-98bf-edaeedd0e5bf
1773723610320 J 813debfe-215f-4ae9-9c5a-29869e4fcf68
1773723610325 J c20a2b17-a2a8-4ef1-80bf-d73ee509a28b
1773723610325 J e855fedd-ab34-436a-a495-c4246d009ccc
1773723610366 J e5981045-ebad-4a37-ae38-4fee041a8f46
1773723610366 J af1315a6-d859-4c32-a93e-73e33d7855d0
1773723610394 J 72de0029-3299-45f4-9fd5-afc241d8f5a9
1773723610394 J f1eb9d1c-eb0e-47d2-bb1a-015995e6546f
1773723610394 J 980ea1be-91f2-4a68-8660-72691b9adb50
1773723610394 J 8303a853-71fd-4b5c-a9f7-02539066b068
1773723610396 J d8946b30-fc24-41cf-b504-eefd457cca6b
1773723610408 J 9aeb2eac-32ac-4e33-9758-52e278039396
1773723610433 J 492c93dd-50e9-42b6-945a-4f80b6e28f07
1773723610448 J 451754f5-a5ff-450d-b5f1-e5dc0e92a638
1773723610448 J 0988be6b-fd94-4c2c-adcb-81e9999fe926
1773723610452 J 50019768-1ff8-4662-b42c-91aac5c5993f
1773723610454 J 92bc9ead-0f93-4a53-aaeb-891c3ce59346
1773723610454 J d187d053-1512-48df-b6f9-4a46bca1b42f
1773723610490 J ecb7c815-41d1-4863-bc66-0573e2a084c0
1773723610524 J 7e77c783-00cb-487c-98d4-c8be3897a57b
1773723610529 J 18ebfc57-215e-41f2-a0cd-26b2f5836b44
1773723610591 J 98ba8dcc-38e8-4130-98be-a9713f1dda92
1773723610591 J b34a3983-ac27-4bae-9e53-0d8f778fc862
1773723610591 J 4369673f-3092-43a4-9b35-2e171dae8e28
1773723610591 J ff84d76d-d100-4224-84a6-9fe95e593f9d
1773723610598 J 887675f3-dfe6-4f95-8eee-27f35fd358b4
1773723610607 J 7e8dc836-560b-45a2-9758-8d36124c2851
1773723610631 J 8cb37baf-4345-41c9-83fa-696ea984a9f2
1773723610653 J 8e52b0d0-2189-4af7-9a57-8ce3089c5f6c
1773723610685 J b9708013-420a-47a5-8758-1e1f969dd9e1
1773723610703 J e3464cb4-92b5-4912-b7c9-c2d6dbced0d0
1773723610712 J 17357e3e-48e1-41b8-9c6d-100716cbc8b0
1773723610726 J 2c11a64c-0676-417b-a830-b42e311f37e7
1773723610736 J e4c1ee2f-0a48-4912-9527-0f0a84f2e695
1773723610752 J 31f50448-2e9f-4763-b65a-532b2f408799
1773723610765 J de46407f-96c9-461d-9eaa-edf6ac150bae
1773723610765 J 4ca6af9f-c386-4d5d-9fa2-191fd832b879
1773723610815 J cc9b49d1-e683-4871-8e81-2166da2c22c2
1773723610815 J 2ea047e3-202c-4c7c-b568-1fe962a50285
1773723610837 J 3d266f3b-25b7-4000-be42-f311c6a285c9
1773723610848 J 498576f8-da24-4a6e-bdc7-024dba4f9ef3
1773723610873 J 40488806-6bd7-4b79-a8f8-bc0203a9d0b1
1773723610873 J 1d6b16ff-1148-4f44-abfa-192343785d44
1773723610906 J 4eb1da17-7332-4e32-9544-195fa7ea735b
1773723610907 J 0d4e8711-6293-4d64-8b15-416c9c8e6528
1773723610930 J 49baae1b-f163-4f8b-ad4c-04201cab089a
1773723610981 J 22555c6c-1699-4efd-8f28-e4e6efe52c97
1773723611002 J b5bc08ca-fb8f-49b1-bdc9-38ae96d65b73
1773723611002 J 15a85d61-5e9c-4cbd-b01d-bad915928e9b
1773723611021 J 8b9b9514-462d-48a0-92bb-aad5770a0668
1773723611029 J f8f176a6-cf2d-474a-9e83-a021b1c7d12b
1773723611136 J a5efa153-f6ba-4ea4-bd73-4faa9407733a
1773723611159 J 7c5107f3-1a24-44ed-8ef7-c6101c94f2ee
1773723611160 J f7b42a55-f790-4089-a25d-ec0164129264
1773723611216 J db61b8f5-b4d4-4ee1-aaad-998694bba917
1773723611247 J 46c92a2e-8b83-4291-bedb-81f4cd7a2dfe
1773723611276 J 89705084-e566-4b2f-8a6f-169c443b95ac
1773723611316 J d3495389-d845-41a3-bfa0-99618d155765
1773723611343 J ff9126d1-50b6-4cb9-8692-2c84263f01ef
1773723611417 J fa57baab-2141-49a7-a889-ae95efb30190
1773723611417 J be7393f4-a688-44d6-a50f-50d2da77e536
1773723611442 J 24b46dfd-6678-4e1a-99d0-9ac166e07a8b
1773723611539 J 9db7ed2b-995a-4cb3-83c8-c68f50b4aed4
1773723611581 J f1eaba5b-55a2-468c-aa1e-576d71629ce8
1773723611643 J 827a48f4-b4d1-4d50-a4c2-a141d3f95ff4
1773723611688 J 820f5a47-1cbd-4683-b82a-bd4091361a50
1773723611729 J 54c25cf1-4edc-40e7-80a8-21ccee550e3e
1773723611766 J fb7e98fd-ecd5-45a5-ba0f-2f9b934c786c
1773723611784 J a0735d5d-a189-436c-863d-c215d04c4f8c
1773723612084 J 0ccde364-22ce-4519-baa3-af1fb87fcf23
1773723612126 J 50d47ffd-b019-4e36-b149-4a1bd747cd8d
1773723612511 J c31ed575-dd7b-4096-ba8d-532e57852e88
1773723612524 J 5b643ac3-3d29-4cf0-9b94-9d7adc78bc29
1773723612692 J b3130af2-b1b0-4206-a12e-8dee147f53f0
1773723612792 J 3e258a7a-9db8-4ae5-a09a-778c4a9e7ba1
1773723613212 J 4ebd18ab-d8d4-4c30-a954-03df3df1aaf1
1773723677077 L e5981045-ebad-4a37-ae38-4fee041a8f46
1773723677077 L 8ca2bec1-ef18-428c-ae33-e3a83fe54d09
1773723677077 L 18ebfc57-215e-41f2-a0cd-26b2f5836b44
1773723677080 L 827a48f4-b4d1-4d50-a4c2-a141d3f95ff4
1773723677087 L 451754f5-a5ff-450d-b5f1-e5dc0e92a638
1773723677091 L 46c92a2e-8b83-4291-bedb-81f4cd7a2dfe
1773723677092 L 820f5a47-1cbd-4683-b82a-bd4091361a50
1773723677093 L 0ccde364-22ce-4519-baa3-af1fb87fcf23
1773723677098 L f1eaba5b-55a2-468c-aa1e-576d71629ce8
1773723677099 L fb7e98fd-ecd5-45a5-ba0f-2f9b934c786c
1773723677102 L 4ebd18ab-d8d4-4c30-a954-03df3df1aaf1
1773723677106 L ff9126d1-50b6-4cb9-8692-2c84263f01ef
1773723677108 L be7393f4-a688-44d6-a50f-50d2da77e536
1773723677117 L 54c25cf1-4edc-40e7-80a8-21ccee550e3e
1773723677136 L ff84d76d-d100-4224-84a6-9fe95e593f9d
1773723677140 L c3275ae4-d73e-4f67-8195-bc90bc15b8ee
1773723677146 L 980ea1be-91f2-4a68-8660-72691b9adb50
1773723677147 L 8b9b9514-462d-48a0-92bb-aad5770a0668
1773723677148 L 7e77c783-00cb-487c-98d4-c8be3897a57b
1773723677148 L b3130af2-b1b0-4206-a12e-8dee147f53f0
1773723677150 L 3e258a7a-9db8-4ae5-a09a-778c4a9e7ba1
1773723677151 L 9d7b3dbe-c37c-42d2-98bf-edaeedd0e5bf
1773723677151 L 49818ada-dd2a-45ee-9869-ff8bbd12a229
1773723677151 L de46407f-96c9-461d-9eaa-edf6ac150bae
1773723677157 L f7b42a55-f790-4089-a25d-ec0164129264
1773723677157 L d3495389-d845-41a3-bfa0-99618d155765
1773723677164 L fa57baab-2141-49a7-a889-ae95efb30190
1773723677164 L c31ed575-dd7b-4096-ba8d-532e57852e88
1773723677165 L 4eb1da17-7332-4e32-9544-195fa7ea735b
1773723677165 L c15f8b69-d4e6-458c-b2fe-8c4222ab2d33
1773723677171 L 49baae1b-f163-4f8b-ad4c-04201cab089a
1773723677171 L c802c689-ec6c-46cf-8637-c961b95b77a0
1773723677177 L 4ca6af9f-c386-4d5d-9fa2-191fd832b879
1773723677181 L e4c1ee2f-0a48-4912-9527-0f0a84f2e695
1773723677181 L d187d053-1512-48df-b6f9-4a46bca1b42f
1773723677183 L 6bec8e5a-31bd-4303-8bbc-3958b24bc6ca
1773723677183 L b1c091e8-e625-410b-8cd4-9e3a39b54284
1773723677191 L 808cde67-ba33-4217-8729-85f788b1b4b1
1773723677191 L f8f176a6-cf2d-474a-9e83-a021b1c7d12b
1773723677192 L 8303a853-71fd-4b5c-a9f7-02539066b068
1773723677192 L d51595cb-1db6-4797-98e4-0de4c0be5bed
1773723677193 L dba9e6d0-a288-49db-a068-c665dbf6eb9c
1773723677195 L 3cc0f6f4-2105-47f2-b874-bb52c3492859
1773723677196 L 24b46dfd-6678-4e1a-99d0-9ac166e07a8b
1773723677197 L 813debfe-215f-4ae9-9c5a-29869e4fcf68
1773723677197 L cbd781ca-0b94-45f6-8e3e-10ec078f21e4
1773723677202 L 92bc9ead-0f93-4a53-aaeb-891c3ce59346
1773723677208 L 9aeb2eac-32ac-4e33-9758-52e278039396
1773723677208 L 22555c6c-1699-4efd-8f28-e4e6efe52c97
1773723677208 L 492c93dd-50e9-42b6-945a-4f80b6e28f07
1773723677249 L b5bc08ca-fb8f-49b1-bdc9-38ae96d65b73
1773723677251 L b34a3983-ac27-4bae-9e53-0d8f778fc862
1773723677251 L d8946b30-fc24-41cf-b504-eefd457cca6b
1773723677252 L 40488806-6bd7-4b79-a8f8-bc0203a9d0b1
1773723677252 L cc9b49d1-e683-4871-8e81-2166da2c22c2
1773723677254 L 2ea047e3-202c-4c7c-b568-1fe962a50285
1773723677254 L 498576f8-da24-4a6e-bdc7-024dba4f9ef3
1773723677256 L 887675f3-dfe6-4f95-8eee-27f35fd358b4
1773723677256 L 3d266f3b-25b7-4000-be42-f311c6a285c9
1773723677318 L 2c11a64c-0676-417b-a830-b42e311f37e7
1773723678379 J 28105138-c515-48ca-bcd6-86f201f9dc0f
1773723678573 J acc97ef2-b6c7-43d0-8d60-a3205001c163
1773723678620 J ed4e945f-cd49-444e-b506-7e6ccf1332fe
1773723678839 J be72ef7d-08f8-4495-ae23-69f513b8b1dd
1773723678845 J 9821e7b3-6cf0-4deb-a296-891e51477aca
1773723678918 J ad169ef0-dd24-40d0-95cb-9cca72b71700
1773723678922 J 37ba4d8b-4257-457b-a95a-6f53a917a719
1773723679076 J 64914c37-c42b-4eae-a985-bf499501ed59
1773723679178 J f552398f-7507-4324-a651-b9e56cd7ef25
1773723679178 J 4ca6007b-ccfb-4b19-b4d3-823f5e8219a7
1773723679218 J 548fb1b2-d0f9-4871-8f8d-40a2d9e7f134
1773723679238 J 45e3d37e-b2bf-4e76-8c74-32d1b31b3a5c
1773723679369 J 03986171-a191-46d3-8f14-055f2e0c23ff
1773723679389 J c9bcb23c-6948-4d86-b603-363b5ec747f9
1773723679458 J d9feaab2-27ee-411c-bd8c-d6f00cf6c993
1773723679688 J 03afdeac-620b-4818-a512-cf3904827e77
1773723679717 J d3bc2482-cf9c-4133-8ae2-ea9b5357e538
1773723679791 J 164f8e0c-6c38-407f-94b1-7a46e265b875
1773723679791 J a4227180-1131-45ac-bf46-0391eebec443
1773723679840 J 501c74b7-b5f6-43ce-a0d5-92e5f96cdbbd
1773723679852 J 9307f550-b750-4f5a-9f30-8743ea92cdb9
1773723679891 J 2ccf5f6e-c8b4-4c81-81bc-2201749205f0
1773723679978 J aab06aa4-128d-42bf-9386-4b299cc329b2
1773723680018 J 85d0588b-3d57-489c-89e6-a8e553042ffa
1773723680082 J 4285ee23-cb80-41d9-8523-3ac453e3654b
1773723680329 J 1b3fe243-6b69-4fc0-aa49-82a42b1c05c2
1773723680364 J aa44f4c0-40bf-40a0-b916-9d40cd2cead0
1773723680392 J 99299085-169c-410e-a390-425286a450fa
1773723680455 J 33ca1a95-8e6a-4aa9-88dd-d51972b551db
1773723680490 J 93a55f94-b6f5-4079-9a47-e31bddef2cf0
1773723680502 J 48ec8ab7-bab6-49bb-937c-884ff85caa5f
1773723680686 J 47d8c1f9-6fb4-4f84-a545-83b3b6567d84
1773723680737 J aaca73e5-cbba-4650-bd45-bb9376a9f711
1773723680805 J fb8fc503-2d07-4910-a1f4-c6005f860836
1773723680868 J 31c8ec01-86d9-4773-b5ff-5a1ff07d7a47
1773723681276 J e186d498-90fe-41f3-a88e-c36c28159553
1773723681284 J 6f08a1bf-76dc-4a33-a6be-2320e7305c2e
1773723681285 J f9ff0d61-6b6a-4ce7-9dda-d704f1d52a07
1773723681332 J 0c51767c-8a77-4675-a358-b73a7fb723b2
1773723681354 J 695d4fd8-e016-410d-9a99-5f484e9cfce2
1773723681447 J ed388914-c277-47b1-956e-c9fff6b764ac
1773723681551 J 672cf5c2-63d9-4e7f-aacd-7cdec8e75305
1773723681575 J 2b80eabb-22bf-493b-974a-6ab12b03cd6d
1773723681635 J 63e0a7f8-f848-418b-b1ae-321a7bd8b0f7
1773723681647 J 0437397e-135e-4b03-b234-e91dcf117d0f
1773723681735 J c01eb63b-81d4-49e2-b350-b03520519187
1773723681904 J 45319eaf-0882-4f81-9d2a-2b3dc9b55b3e
1773723682038 J a764cc5d-673b-4a3f-a158-566ad5fb21db
1773723682176 J 206c789e-7030-4186-acb0-a76027bbc8ba
1773723682183 J 1edb7d78-4d8d-4184-b4ff-182366265da9
1773723682220 J f4926a5e-d459-401f-a00e-5adc0f9d818a
1773723682239 J a03d5d83-4ff0-4138-ab26-847ceb8559af
1773723682263 J f06471e6-7032-4ba3-8810-8bbb994f8bd1
1773723682475 J da83d262-7b62-447f-8a23-6cc83f415296
1773723682539 J 39941871-8684-42f3-8508-d34cad9ba31b
1773723682546 J 8e0efd3d-6d21-4523-99e8-d4ed7a4763c7
1773723682734 J 5b568fec-ea83-45e3-9e62-a6e272addd30
1773723683060 J 2eb0d2cd-3501-4481-a98c-c9d5b645c242
1773723683093 J 34ad696e-8635-4c5b-ad53-933d713885ba
1773723683394 J 00fe930a-0681-4467-9620-2be50fe7898a
