      h_eth1      
 KB/s in  KB/s out
    0.00      0.00
    0.00      0.00
    0.00      0.00
    0.00      0.00
    0.00      0.00
    0.00      0.00
    0.00      0.00
    0.00      0.00
    0.00      0.00
    0.00      0.00
    0.00      0.00
    0.00      0.00
    0.00      0.00
    0.00      0.00
    0.00      0.00
    0.00      0.00
    0.00      0.00
    0.00      0.00
    0.00      0.00
    0.00      0.00
    0.00      0.00
    0.00      0.00
    0.00      0.00
    0.00      0.00
    0.00      0.00
    0.00      0.00
    0.00      0.00
    0.00      0.00
    0.00      0.00
    0.00      0.00
    0.00      0.00
    0.00      0.00
    0.00      0.00
    0.00      0.00
    0.00      0.00
    0.00      0.00
    0.00      0.00
    0.00      0.00
    0.00      0.00
    0.68      0.00
    0.00      0.00
    0.00      0.00
    0.00      0.00
    0.00      0.00
    0.00      0.00
    0.00      0.00
    0.00      0.00
    0.00      0.00
    0.00      0.00
    0.00      0.00
    0.00      0.00
    0.00      0.00
    0.00      0.00
    0.00      0.00
    0.00      0.00
    0.00      0.00
    0.00      0.00
    0.00      0.00
    0.00      0.00
    0.00      0.00
    0.00      0.00
    0.00      0.00
    0.00      0.00
    0.00      0.00
    0.00      0.00
    0.00      0.00
    0.00      0.00
    0.00      0.00
    0.00      0.00
    0.00      0.00
    0.00      0.00
    0.00      0.00
    0.00      0.00
    0.00      0.00
    0.00      0.00
    0.00      0.00
    0.00      0.00
    0.00      0.00
    0.00      0.00
    0.00      0.00
    0.68      0.00
    0.00      0.00
    0.00      0.00
    0.00      0.00
    0.00      0.00
    0.00      0.00
    0.00      0.00
    0.00      0.00
    0.00      0.00
    0.00      0.00
    0.00      0.00
    0.00      0.00
    0.00      0.00
    0.00      0.00
    0.00      0.00
    0.00      0.00
    0.00      0.00
    0.00      0.00
    0.00      0.00
    0.00      0.00
    0.00      0.00
    0.00      0.00
    0.00      0.00
    0.00      0.00
    0.00      0.00
    0.00      0.00
    0.00      0.00
    0.00      0.00
    0.00      0.00
    0.00      0.00
    0.00      0.00
    0.00      0.00
    0.00      0.00
    0.00      0.00
    0.00      0.00
    0.00      0.00
    0.00      0.00
    0.00      0.00
    0.00      0.00
    0.00      0.00
    0.00      0.00
    1.36      0.00
    0.00      0.00
    0.00      0.00
    0.00      0.00
    0.00      0.00
    0.00      0.00
    0.00      0.00
    0.00      0.00
    0.00      0.00
    0.00      0.00
    0.00      0.00
    0.00      0.00
    0.00      0.00
    0.00      0.00
    0.00      0.00
    0.00      0.00
    0.00      0.00
    0.00      0.00
    0.00      0.00
    0.00      0.00
    0.00      0.00
    0.00      0.00
    0.00      0.00
    0.00      0.00
    0.00      0.00
    0.00      0.00
    0.00      0.00
    0.00      0.00
    0.00      0.00
    0.00      0.00
    0.00      0.00
    0.00      0.00
    0.00      0.00
    0.00      0.00
    0.00      0.00
    0.00      0.00
    0.00      0.00
    0.00      0.00
    0.00      0.00
    0.00      0.00
    0.00      0.00
    0.00      0.68
    0.00      0.00
    0.00      0.00
    0.00      0.00
    0.00      0.00
    0.00      0.00
    0.00      0.00
    0.00      0.00
    0.00      0.00
    0.00      0.00
    0.00      0.00
    0.00      0.00
    0.00      0.00
    0.00      0.00
    0.00      0.00
    0.00      0.00
    0.00      0.00
    0.00      0.00
    0.00      0.00
    0.00      0.00
    0.00      0.00
    0.00      0.00
    0.00      0.00
    0.00      0.00
    0.00      0.00
    0.00      0.00
    0.00      0.00
    0.00      0.00
    0.00      0.00
    0.00      0.00
    0.00      0.00
    0.00      0.00
    0.00      0.00
    0.00      0.00
    0.00      0.00
    0.00      0.00
    0.00      0.00
    0.00      0.00
    0.00      0.00
    0.00      0.00
    0.00      0.00
    0.00      0.00
    0.00      0.00
    0.00      0.00
    0.00      0.00
    0.00      0.00
    0.00      0.00
    0.00      0.00
    0.00      0.00
    0.00      0.00
    0.00      0.00
    0.00      0.00
    0.00      0.00
    0.00      0.00
    0.00      0.00
    0.00      0.00
    0.00      0.00
    0.00      0.00
    0.00      0.00
    0.00      0.00
    0.00      0.00
    0.00      0.00
    0.00      0.00
    0.00      0.00
    0.00      0.00
    0.00      0.00
    0.00      0.00
    0.00      0.00
    0.00      0.00
    0.00      0.00
    0.00      0.00
    0.00      0.00
    0.00      0.00
    0.00      0.00
    0.00      0.00
    0.00      0.00
    0.00      0.00
    0.00      0.00
    0.00      0.00
    0.00      0.00
    0.00      0.00
    0.00      0.00
    0.00      0.00
    0.00      0.00
    0.00      0.00
    0.00      0.00
    0.00      0.00
    0.00      0.00
    0.00      0.00
    0.00      0.00
    0.00      0.00
    0.00      0.00
    0.00      0.00
    0.00      0.00
    0.00      0.00
    0.00      0.00
    0.00      0.00
    0.00      0.00
    0.00      0.00
    0.00      0.00
    0.00      0.00
    0.00      0.00
    0.00      0.00
    0.00      0.00
    0.00      0.00
    0.00      0.00
    0.00      0.00
    0.00      0.00
    0.00      0.00
    0.00      0.00
    0.00      0.00
    0.00      0.00
    0.00      0.00
    0.00      0.00
    0.00      0.00
    0.00      0.00
    0.00      0.00
    0.00      0.00
    0.00      0.00
    0.00      0.00
    0.00      0.00
    0.00      0.00
    0.00      0.00
    0.00      0.00
    0.00      0.00
    0.00      0.00
    0.00      0.00
    0.00      0.00
    0.00      0.00
    0.00      0.00
    0.00      0.00
    0.00      0.00
    0.00      0.00
    0.00      0.00
    0.00      0.00
    0.00      0.00
    0.00      0.00
    0.00      0.00
    0.00      0.00
    0.00      0.00
    0.00      0.00
    0.00      0.00
    0.00      0.00
    0.00      0.00
    0.00      0.00
    0.00      0.00
    0.00      0.00
    0.00      0.00
    0.00      0.00
    0.00      0.00
    0.00      0.00
    0.00      0.00
    0.00      0.00
    0.00      0.00
    0.00      0.00
    0.00      0.00
    0.00      0.00
    0.00      0.00
    0.00      0.00
    0.00      0.00
    0.00      0.00
    0.00      0.00
    0.00      0.00
    0.00      0.00
    0.00      0.00
    0.00      0.00
    0.00      0.00
    0.00      0.00
    0.00      0.00
    0.00      0.00
    0.00      0.00
    0.00      0.00
    0.00      0.00
    0.00      0.00
    0.00      0.00
    0.00      0.00
    0.00      0.00
    0.00      0.00
    0.00      0.00
    0.00      0.00
    0.00      0.00
    0.00      0.00
    0.00      0.00
    0.00      0.00
    0.00      0.00
    0.00      0.00
    0.00      0.00
    0.00      0.00
    0.00      0.00
    0.00      0.00
    0.00      0.00
    0.00      0.00
    0.00      0.00
    0.00      0.00
    0.00      0.00
    0.00      0.00
    0.00      0.00
    0.00      0.00
    0.00      0.00
    0.00      0.00
    0.00      0.00
    0.00      0.00
    0.00      0.00
    0.00      0.00
    0.00      0.00
    0.00      0.00
    0.00      0.00
    0.00      0.00
    0.00      0.00
    0.00      0.00
    0.00      0.00
    0.00      0.00
    0.00      0.00
    0.00      0.00
    0.00      0.00
    0.00      0.00
    0.00      0.00
    0.00      0.00
    0.00      0.00
    0.00      0.00
    0.00      0.00
    0.00      0.00
    0.00      0.00
    0.00      0.00
    0.00      0.00
    0.00      0.00
    0.00      0.00
    0.00      0.00
    0.00      0.00
    0.00      0.00
    0.00      0.00
    0.00      0.00
    0.00      0.00
    0.00      0.00
    0.00      0.00
    0.00      0.00
    0.00      0.00
    0.00      0.00
    0.00      0.00
    0.00      0.00
    0.00      0.00
    0.00      0.00
    0.00      0.00
    0.00      0.00
    0.00      0.00
    0.00      0.00
    0.00      0.00
    0.82      0.00
    0.00      0.00
    0.00      0.00
    0.00      0.00
    0.00      0.00
    0.00      0.00
    0.00      0.00
    0.00      0.00
    0.00      0.00
    0.00      0.00
    0.00      0.00
    0.00      0.00
    0.00      0.00
    0.00      0.00
    0.00      0.00
    0.00      0.00
    0.00      0.00
    0.00      0.00
    0.00      0.00
    0.00      0.00
    0.00      0.00
    0.00      0.00
    0.00      0.00
    0.00      0.00
    0.00      0.00
    0.00      0.00
    0.00      0.00
    0.00      0.00
    0.00      0.00
    0.00      0.00
    0.00      0.00
    0.00      0.00
    0.00      0.00
    0.00      0.00
    0.00      0.00
    0.00      0.00
    0.00      0.00
    0.00      0.00
    0.00      0.00
    0.00      0.00
    0.00      0.00
    0.00      0.00
    0.00      0.00
    0.00      0.00
    0.00      0.00
    0.00      0.00
    0.00      0.00
    0.00      0.00
    0.00      0.00
    0.00      0.00
    0.00      0.00
    0.00      0.00
    0.00      0.00
    0.00      0.00
    0.00      0.00
    0.00      0.00
    0.00      0.00
    0.00      0.00
    0.00      0.00
    0.00      0.00
    0.00      0.00
    0.00      0.00
    0.00      0.00
    0.00      0.00
    0.00      0.00
    0.00      0.00
    0.00      0.00
    0.00      0.00
    0.00      0.00
    0.00      0.00
    0.00      0.00
    0.00      0.00
    0.00      0.00
    0.00      0.00
    0.00      0.00
    0.00      0.00
    0.00      0.00
    0.00      0.00
    0.00      0.00
    0.00      0.00
    0.00      0.00
    0.00      0.00
    0.00      0.00
    0.00      0.00
    0.00      0.00
    0.00      0.00
    0.00      0.00
    0.00      0.00
    0.00      0.00
    0.00      0.00
    0.00      0.00
    0.00      0.00
    0.00      0.00
    0.00      0.00
    0.00      0.00
    0.00      0.00
    0.00      0.00
    0.00      0.00
    0.00      0.00
    0.00      0.00
    0.00      0.00
    0.00      0.00
    0.00      0.00
    0.00      0.00
    0.00      0.00
    0.00      0.00
    0.00      0.00
    0.00      0.00
    0.00      0.00
    0.00      0.00
    0.00      0.00
    0.00      0.00
    0.00      0.00
    0.00      0.00
    0.00      0.00
    0.00      0.00
    0.00      0.00
    0.00      0.00
    0.00      0.00
    0.00      0.00
    0.00      0.00
    0.00      0.00
    0.00      0.00
    0.00      0.00
    0.00      0.00
    0.00      0.00
    0.00      0.00
    0.00      0.00
    0.00      0.00
    0.00      0.00
    0.00      0.00
    0.00      0.00
    0.00      0.00
    0.00      0.00
    0.00      0.00
    0.00      0.00
    0.00      0.00
    0.00      0.00
    0.00      0.00
    0.00      0.00
    0.00      0.00
    0.00      0.00
    0.00      0.00
    0.00      0.00
    0.00      0.00
    0.00      0.00
    0.00      0.00
    0.00      0.00
    0.00      0.00
    0.00      0.00
    0.00      0.00
    0.00      0.00
    0.00      0.00
    0.00      0.00
    0.00      0.00
    0.00      0.00
    0.00      0.00
    0.00      0.00
    0.00      0.00
    0.00      0.00
    0.00      0.00
    0.00      0.00
    0.00      0.00
    0.00      0.00
    0.00      0.00
    0.00      0.00
    0.00      0.00
    0.00      0.00
    0.00      0.00
    0.00      0.00
    0.00      0.00
    0.00      0.00
    0.00      0.00
    0.00      0.00
    0.00      0.00
    0.00      0.00
    0.00      0.00
    0.00      0.00
    0.00      0.00
    0.00      0.00
    0.00      0.00
    0.00      0.00
    0.00      0.00
    0.00      0.00
    0.00      0.00
    0.00      0.00
    0.00      0.00
    0.00      0.00
    0.00      0.00
    0.00      0.00
    0.00      0.00
    0.00      0.00
    0.00      0.00
    0.00      0.00
    0.00      0.00
    0.00      0.00
    0.00      0.00
    0.00      0.00
    0.00      0.00
    0.82      0.00
    0.00      0.00
    0.00      0.00
    0.00      0.00
    0.00      0.00
    0.00      0.00
    0.00      0.00
    0.00      0.00
    0.00      0.00
    0.00      0.00
    0.00      0.00
    0.00      0.00
    0.00      0.00
    0.00      0.00
    0.00      0.00
    0.00      0.00
    0.00      0.00
    0.00      0.00
    0.00      0.00
    0.00      0.00
    0.00      0.00
    0.00      0.00
    0.00      0.00
    0.00      0.00
    0.00      0.00
    0.00      0.00
    0.00      0.00
    0.00      0.00
    0.00      0.00
    0.00      0.00
    0.00      0.00
    0.00      0.00
    0.00      0.00
    0.00      0.00
    0.00      0.00
    0.00      0.00
    0.00      0.00
    0.00      0.00
    0.00      0.00
    0.00      0.00
    0.00      0.00
    0.00      0.00
    0.00      0.00
    0.00      0.00
    0.00      0.00
    0.00      0.00
    0.00      0.00
    0.00      0.00
    0.00      0.00
    0.00      0.00
    0.00      0.00
    0.00      0.00
    0.00      0.00
    0.00      0.00
    0.00      0.00
    0.00      0.00
    0.00      0.00
    0.00      0.00
    0.00      0.00
    0.00      0.00
    0.00      0.00
    0.00      0.00
    0.00      0.00
    0.00      0.00
    0.00      0.00
    0.00      0.00
    0.00      0.00
    0.00      0.00
    0.00      0.00
    0.00      0.00
    0.00      0.00
    0.00      0.00
    0.00      0.00
    0.00      0.00
    0.00      0.00
    0.00      0.00
    0.00      0.00
    0.00      0.00
    0.00      0.00
    0.00      0.00
    0.00      0.00
    0.00      0.00
    0.00      0.00
    0.00      0.00
    0.00      0.00
    0.00      0.00
    0.00      0.00
    0.00      0.00
    0.00      0.00
    0.00      0.00
    0.00      0.00
    0.00      0.00
    0.00      0.00
    0.00      0.00
    0.00      0.00
    0.00      0.00
    0.00      0.00
    0.00      0.00
    0.00      0.00
    0.00      0.00
    0.00      0.00
    0.00      0.00
    0.00      0.00
    0.00      0.00
    0.00      0.00
    0.00      0.00
    0.00      0.00
    0.00      0.00
    0.00      0.00
    0.00      0.00
    0.00      0.00
    0.00      0.00
    0.00      0.00
    0.00      0.00
    0.00      0.00
    0.00      0.00
    0.00      0.00
    0.00      0.00
    0.00      0.00
    0.00      0.00
    0.00      0.00
    0.00      0.00
    0.00      0.00
    0.00      0.00
    0.00      0.00
    0.00      0.00
    0.00      0.00
    0.00      0.00
    0.00      0.00
    0.00      0.00
    0.00      0.00
    0.00      0.00
    0.00      0.00
    0.00      0.00
    0.00      0.00
    0.00      0.00
    0.00      0.00
    0.00      0.00
    0.00      0.00
    0.00      0.00
    0.00      0.00
    0.00      0.00
    0.00      0.00
    0.00      0.00
    0.00      0.00
    0.00      0.00
    0.00      0.00
    0.00      0.00
    0.00      0.00
    0.00      0.00
    0.00      0.00
    0.00      0.00
    0.00      0.00
    0.00      0.00
    0.00      0.00
    0.00      0.00
    0.00      0.00
    0.00      0.00
    0.00      0.00
    0.00      0.00
    0.00      0.00
    0.00      0.00
    0.00      0.00
    0.00      0.00
    0.00      0.00
    0.00      0.00
    0.00      0.00
    0.00      0.00
    0.00      0.00
    0.00      0.00
    0.00      0.00
    0.00      0.00
    0.00      0.00
    0.00      0.00
    0.00      0.00
    0.00      0.00
    0.00      0.00
    0.00      0.00
    0.00      0.00
    0.00      0.00
    0.00      0.00
    0.00      0.00
    0.00      0.00
    0.00      0.00
    0.00      0.00
    0.00      0.00
    0.00      0.00
    0.00      0.00
    0.00      0.00
    0.00      0.00
    0.00      0.00
    0.00      0.00
    0.00      0.00
    0.00      0.00
    0.00      0.00
    0.00      0.00
    0.00      0.00
    0.00      0.00
    0.00      0.00
    0.00      0.00
    0.82      0.00
    0.00      0.00
    0.00      0.00
    0.00      0.00
    0.00      0.00
    0.00      0.00
    0.00      0.00
    0.00      0.00
    0.00      0.00
    0.00      0.00
    0.00      0.00
    0.00      0.00
    0.00      0.00
    0.00      0.00
    0.00      0.00
    0.00      0.00
    0.00      0.00
    0.00      0.00
    0.00      0.00
    0.00      0.00
    0.00      0.00
    0.00      0.00
    0.00      0.00
    0.00      0.00
    0.00      0.00
    0.00      0.00
    0.00      0.00
    0.00      0.00
    0.00      0.00
    0.00      0.00
    0.00      0.00
    0.00      0.00
    0.00      0.00
    0.00      0.00
    0.00      0.00
    0.00      0.00
    0.00      0.00
    0.00      0.00
    0.00      0.00
    0.00      0.00
    0.00      0.00
    0.00      0.00
    0.00      0.00
    0.00      0.00
    0.00      0.00
    0.00      0.00
    0.00      0.00
    0.00      0.00
    0.00      0.00
    0.00      0.00
    0.00      0.00
    0.00      0.00
    0.00      0.00
    0.00      0.00
    0.00      0.00
    0.00      0.00
    0.00      0.00
    0.00      0.00
    0.00      0.00
    0.00      0.00
    0.00      0.00
    0.00      0.00
    0.00      0.00
    0.00      0.00
    0.00      0.00
    0.00      0.00
    0.00      0.00
    0.00      0.00
    0.00      0.00
    0.00      0.00
    0.00      0.00
    0.00      0.00
    0.00      0.00
    0.00      0.00
    0.00      0.00
    0.00      0.00
    0.00      0.00
    0.00      0.00
    0.00      0.00
    0.00      0.00
    0.00      0.00
    0.00      0.00
    0.00      0.00
    0.00      0.00
    0.00      0.00
    0.00      0.00
    0.00      0.00
    0.00      0.00
    0.00      0.00
    0.00      0.00
    0.00      0.00
    0.00      0.00
    0.00      0.00
    0.00      0.00
    0.00      0.00
    0.00      0.00
    0.00      0.00
    0.00      0.00
    0.00      0.00
    0.00      0.00
    0.41      0.00
    0.00      0.00
    0.00      0.00
    0.00      0.00
    0.00      0.00
    0.00      0.00
    0.00      0.00
    0.00      0.00
    0.00      0.00
    0.00      0.00
    0.00      0.00
    0.00      0.00
    0.00      0.00
    0.00      0.00
    0.00      0.00
    0.00      0.00
    0.00      0.00
    0.00      0.00
    0.00      0.00
    0.00      0.00
    0.00      0.00
    0.00      0.00
    0.00      0.00
    0.00      0.00
    0.00      0.00
    0.00      0.00
    0.00      0.00
    0.00      0.00
    0.00      0.00
    0.00      0.00
    0.00      0.00
    0.00      0.00
    0.00      0.00
    0.00      0.00
    0.00      0.00
    0.00      0.00
    0.00      0.00
    0.00      0.00
    0.00      0.00
    0.00      0.00
    0.00      0.00
    0.00      0.00
    0.00      0.00
    0.00      0.00
    0.00      0.00
    0.00      0.00
    0.00      0.00
    0.00      0.00
    0.00      0.00
    0.00      0.00
    0.00      0.00
    0.00      0.00
    0.00      0.00
    0.00      0.00
    0.00      0.00
    0.00      0.00
    0.00      0.00
    0.00      0.00
    0.00      0.00
    0.00      0.00
    0.00      0.00
    0.00      0.00
    0.00      0.00
    0.00      0.00
    0.00      0.00
    0.00      0.00
    0.00      0.00
    0.00      0.00
    0.00      0.00
    0.00      0.00
    0.00      0.00
    0.00      0.00
    0.00      0.00
    0.00      0.00
    0.00      0.00
    0.00      0.00
    0.00      0.00
    0.00      0.00
    0.00      0.00
    0.00      0.00
    0.00      0.00
    0.00      0.00
    0.00      0.00
    0.00      0.00
    0.00      0.00
    0.00      0.00
    0.00      0.00
    0.00      0.00
    0.00      0.00
    0.00      0.00
    0.00      0.00
    0.00      0.00
    0.00      0.00
    0.00      0.00
    0.00      0.00
    0.00      0.00
    0.00      0.00
    0.00      0.00
    0.00      0.00
    0.41      0.00
    0.00      0.00
    0.00      0.00
    0.00      0.00
    0.00      0.00
    0.00      0.00
    0.00      0.00
    0.00      0.00
    0.00      0.00
    0.00      0.00
    0.00      0.00
    0.00      0.00
    0.00      0.00
    0.00      0.00
    0.00      0.00
    0.00      0.00
    0.00      0.00
    0.00      0.00
    0.00      0.00
    0.00      0.00
    0.00      0.00
    0.00      0.00
    0.00      0.00
    0.00      0.00
    0.00      0.00
    0.00      0.00
    0.00      0.00
    0.00      0.00
    0.00      0.00
    0.00      0.00
    0.00      0.00
    0.00      0.00
    0.00      0.00
    0.00      0.00
    0.00      0.00
    0.00      0.00
    0.00      0.00
    0.00      0.00
    0.00      0.00
    0.00      0.00
    0.00      0.00
    0.00      0.00
    0.00      0.00
    0.00      0.00
    0.00      0.00
    0.00      0.00
    0.00      0.00
    0.00      0.00
    0.00      0.00
    0.00      0.00
    0.00      0.00
    0.00      0.00
    0.00      0.00
    0.00      0.00
    0.00      0.00
    0.00      0.00
    0.00      0.00
    0.00      0.00
    0.00      0.00
    0.00      0.00
    0.00      0.00
    0.00      0.00
    0.00      0.00
    0.00      0.00
    0.00      0.00
    0.00      0.00
    0.00      0.00
    0.00      0.00
    0.00      0.00
    0.00      0.00
    0.00      0.00
    0.00      0.00
    0.00      0.00
    0.00      0.00
    0.00      0.00
    0.00      0.00
    0.00      0.00
    0.00      0.00
    0.00      0.00
    0.00      0.00
    0.00      0.00
    0.00      0.00
    0.00      0.00
    0.00      0.00
    0.00      0.00
    0.00      0.00
    0.00      0.00
    0.00      0.00
    0.00      0.00
    0.00      0.00
    0.00      0.00
    0.00      0.00
    0.00      0.00
    0.00      0.00
    0.00      0.00
    0.00      0.00
    0.00      0.00
    0.00      0.00
    0.00      0.00
    0.00      0.00
    0.00      0.00
    0.00      0.00
    0.00      0.00
    0.00      0.00
    0.00      0.00
    0.00      0.00
    0.00      0.00
    0.00      0.00
    0.00      0.00
    0.00      0.00
    0.00      0.00
    0.00      0.00
    0.00      0.00
    0.00      0.00
    0.00      0.00
    0.00      0.00
    0.00      0.00
    0.00      0.00
    0.00      0.00
    0.00      0.00
    0.00      0.00
    0.00      0.00
    0.00      0.00
    0.00      0.00
    0.00      0.00
    0.00      0.00
    0.00      0.00
    0.00      0.00
    0.00      0.00
    0.00      0.00
    0.00      0.00
    0.00      0.00
    0.00      0.00
    0.00      0.00
    0.00      0.00
    0.00      0.00
    0.00      0.00
    0.00      0.00
    0.00      0.00
    0.00      0.00
    0.00      0.00
    0.00      0.00
    0.00      0.00
    0.00      0.00
    0.00      0.00
    0.00      0.00
    0.00      0.00
    0.00      0.00
    0.00      0.00
    0.00      0.00
    0.00      0.00
    0.00      0.00
    0.00      0.00
    0.00      0.00
    0.00      0.00
    0.00      0.00
    0.00      0.00
    0.00      0.00
    0.00      0.00
    0.00      0.00
    0.00      0.00
    0.00      0.00
    0.00      0.00
    0.00      0.00
    0.00      0.00
    0.00      0.00
    0.00      0.00
    0.00      0.00
    0.00      0.00
    0.00      0.00
    0.00      0.00
    0.00      0.00
    0.00      0.00
    0.00      0.00
    0.00      0.00
    0.00      0.00
    0.00      0.00
    0.00      0.00
    0.00      0.00
    0.00      0.00
    0.00      0.00
    0.00      0.00
    0.00      0.00
    0.00      0.00
    0.00      0.00
    0.00      0.00
    0.00      0.00
    0.00      0.00
    0.00      0.00
    0.00      0.00
    0.00      0.00
    0.00      0.00
    0.00      0.00
    0.00      0.00
    0.00      0.00
    0.00      0.00
    0.00      0.00
    0.00      0.00
    0.00      0.00
    0.00      0.00
    0.00      0.00
    0.00      0.00
    0.00      0.00
    0.00      0.00
    0.00      0.00
    0.00      0.00
    0.00      0.00
    0.00      0.00
    0.00      0.00
    0.00      0.00
    0.00      0.00
    0.00      0.00
    0.00      0.00
    0.00      0.00
    0.00      0.00
    0.00      0.00
    0.00      0.00
    0.00      0.00
    0.00      0.00
    0.00      0.00
    0.00      0.00
    0.00      0.00
    0.00      0.00
    0.00      0.00
    0.00      0.00
    0.00      0.00
    0.00      0.00
    0.00      0.00
    0.00      0.00
    0.00      0.00
    0.00      0.00
    0.00      0.00
    0.00      0.00
    0.00      0.00
    0.00      0.00
    0.00      0.00
    0.00      0.00
    0.00      0.00
    0.00      0.00
    0.00      0.00
    0.00      0.00
    0.00      0.00
    0.00      0.00
    0.00      0.00
    0.00      0.00
    0.00      0.00
    0.00      0.00
    0.00      0.00
    0.00      0.00
    0.00      0.00
    0.00      0.00
    0.00      0.00
    0.00      0.00
    0.00      0.00
    0.00      0.00
    0.00      0.00
    0.00      0.00
    0.00      0.00
    0.00      0.00
    0.00      0.00
    0.00      0.00
    0.00      0.00
    0.00      0.00
    0.00      0.00
    0.00      0.00
    0.00      0.00
    0.00      0.00
    0.00      0.00
    0.00      0.00
    0.00      0.00
    0.00      0.00
    0.00      0.00
    0.00      0.00
    0.00      0.00
    0.00      0.00
    0.00      0.00
    0.00      0.00
    0.00      0.00
    0.00      0.00
    0.00      0.00
    0.00      0.00
    0.00      0.00
    0.00      0.00
    0.00      0.00
    0.00      0.00
    0.00      0.00
    0.00      0.00
    0.00      0.00
    0.00      0.00
    0.00      0.00
    0.00      0.00
    0.00      0.00
    0.00      0.00
    0.00      0.00
    0.00      0.00
    0.00      0.00
    0.00      0.00
    0.00      0.00
    0.00      0.00
    0.00      0.00
    0.00      0.00
    0.00      0.00
    0.00      0.00
    0.00      0.00
    0.00      0.00
    0.00      0.00
    0.00      0.00
    0.00      0.00
    0.00      0.00
    0.00      0.00
    0.00      0.00
    0.00      0.00
    0.00      0.00
    0.00      0.00
    0.00      0.00
    0.00      0.00
    0.00      0.00
    0.00      0.00
    0.00      0.00
    0.00      0.00
    0.00      0.00
    0.00      0.00
    0.00      0.00
    0.00      0.00
    0.00      0.00
    0.00      0.00
    0.00      0.00
    0.00      0.00
    0.00      0.00
    0.00      0.00
    0.00      0.00
    0.00      0.00
    0.00      0.00
    0.00      0.00
    0.00      0.00
    0.00      0.00
    0.00      0.00
    0.00      0.00
    0.00      0.00
    0.00      0.00
    0.00      0.00
    0.00      0.00
    0.00      0.00
    0.00      0.00
    0.00      0.00
    0.00      0.00
    0.00      0.00
    0.00      0.00
    0.00      0.00
    0.00      0.00
    0.00      0.00
    0.00      0.00
    0.00      0.00
    0.00      0.00
    0.00      0.00
    0.00      0.00
    0.00      0.00
    0.00      0.00
    0.00      0.00
    0.00      0.00
    0.00      0.00
    0.00      0.00
    0.00      0.00
    0.00      0.00
    0.00      0.00
    0.00      0.00
    0.00      0.00
    0.00      0.00
    0.00      0.00
    0.00      0.00
    0.00      0.00
    0.00      0.00
    0.00      0.00
    0.00      0.00
    0.00      0.00
    0.00      0.00
    0.00      0.00
    0.00      0.00
    0.00      0.00
    0.00      0.00
    0.00      0.00
    0.00      0.00
    0.00      0.00
    0.00      0.00
    0.00      0.00
    0.00      0.00
    0.00      0.00
    0.00      0.00
    0.00      0.00
    0.00      0.00
    0.00      0.00
    0.00      0.00
    0.00      0.00
    0.00      0.00
    0.00      0.00
    0.00      0.00
    0.00      0.00
    0.00      0.00
    0.00      0.00
    0.00      0.00
    0.00      0.00
    0.00      0.00
    0.00      0.00
    0.00      0.00
    0.00      0.00
    0.00      0.00
    0.00      0.00
    0.00      0.00
    0.00      0.00
    0.00      0.00
    0.00      0.00
    0.00      0.00
    0.00      0.00
    0.00      0.00
    0.00      0.00
    0.00      0.00
    0.00      0.00
    0.00      0.00
    0.00      0.00
    0.00      0.00
    0.00      0.00
    0.00      0.00
    0.00      0.00
    0.00      0.00
    0.00      0.00
    0.00      0.00
    0.00      0.00
    0.00      0.00
    0.00      0.00
    0.00      0.00
    0.00      0.00
    0.00      0.00
    0.00      0.00
    0.00      0.00
    0.00      0.00
    0.00      0.00
    0.00      0.00
    0.00      0.00
    0.00      0.00
    0.00      0.00
    0.00      0.00
    0.00      0.00
    0.00      0.00
    0.00      0.00
    0.00      0.00
    0.00      0.00
    0.00      0.00
    0.00      0.00
    0.00      0.00
    0.00      0.00
    0.00      0.00
    0.00      0.00
    0.00      0.00
    0.00      0.00
    0.00      0.00
    0.00      0.00
    0.00      0.00
    0.00      0.00
    0.00      0.00
    0.00      0.00
    0.00      0.00
    0.00      0.00
    0.00      0.00
    0.00      0.00
    0.00      0.00
    0.00      0.00
    0.00      0.00
    0.00      0.00
    0.00      0.00
    0.00      0.00
    0.00      0.00
    0.00      0.00
    0.00      0.00
    0.00      0.00
    0.00      0.00
    0.00      0.00
    0.00      0.00
    0.00      0.00
    0.00      0.00
    0.00      0.00
    0.00      0.00
    0.00      0.00
    0.00      0.00
    0.00      0.00
    0.00      0.00
    0.00      0.00
    0.00      0.00
    0.00      0.00
    0.00      0.00
    0.00      0.00
    0.00      0.00
    0.00      0.00
    0.00      0.00
    0.00      0.00
    0.00      0.00
    0.00      0.00
    0.00      0.00
    0.00      0.00
    0.00      0.00
    0.00      0.00
    0.00      0.00
    0.00      0.00
    0.00      0.00
    0.00      0.00
    0.00      0.00
    0.00      0.00
    0.00      0.00
    0.00      0.00
    0.00      0.00
    0.00      0.00
    0.00      0.00
    0.00      0.00
    0.00      0.00
    0.00      0.00
    0.00      0.00
    0.00      0.00
    0.00      0.00
    0.00      0.00
    0.00      0.00
    0.00      0.00
    0.00      0.00
    0.00      0.00
    0.00      0.00
    0.00      0.00
    0.00      0.00
    0.00      0.00
    0.00      0.00
    0.00      0.00
    0.00      0.00
    0.00      0.00
    0.00      0.00
    0.00      0.00
    0.00      0.00
    0.00      0.00
    0.00      0.00
    0.00      0.00
    0.00      0.00
    0.00      0.00
    0.00      0.00
    0.00      0.00
    3.45      0.00
    0.00      0.00
    2.98      0.00
    3.63      0.00
    3.10      0.00
    2.92      0.00
    0.00      0.00
    2.41      0.00
    0.00      0.00
    0.00      0.00
    2.05      0.00
    0.00      0.00
    0.00      0.00
    0.00      0.00
    0.00      0.00
    0.00      0.00
    0.00      0.00
    0.00      0.00
    7.21      0.00
    0.00      0.00
    0.00      0.00
    0.00      0.00
    0.00      0.00
    0.00      0.00
    0.00      0.00
    0.00      0.00
    0.00      0.00
    0.00      0.00
    2.28      0.00
    0.00      0.00
    0.00      0.00
    0.00      0.00
    0.00      0.00
    0.00      0.00
    0.00      0.00
    0.00      0.00
    0.00      0.00
    0.00      0.00
    0.00      0.00
    0.00      0.00
    0.00      0.00
    0.00      0.00
    0.00      0.00
    0.00      0.00
    0.00      0.00
    0.00      0.00
    0.00      0.00
    0.00      0.00
    0.00      0.00
    0.00      0.00
    0.00      0.00
    0.00      0.00
    0.00      0.00
    0.00      0.00
    0.00      0.00
    0.00      0.00
    0.00      0.00
    0.00      0.00
    0.00      0.00
    0.00      0.00
    0.00      0.00
    0.00      0.00
    0.00      0.00
    0.00      0.00
    0.00      0.00
    0.00      0.00
    0.00      0.00
    0.00      0.00
    0.00      0.00
    0.00      0.00
    0.00      0.00
    0.00      0.00
    0.00      0.00
    0.00      0.00
    0.00      0.00
    0.00      0.00
    0.00      0.00
    0.00      0.00
    0.00      0.00
    0.00      0.00
    3.87      0.00
    2.99      0.00
    3.51      0.00
    0.00      0.00
    3.33      0.00
    3.10      0.00
    0.00      0.00
    0.00      0.00
    0.00      0.00
    0.00      0.00
    2.05      0.00
    2.09      0.00
    0.00      0.00
    1.90      0.00
    3.15      0.00
    3.10      0.00
    0.00      0.00
    0.00      0.00
    0.00      0.00
    0.00      0.00
    0.00      0.00
    0.00      0.00
    0.00      0.00
    0.00      0.00
    0.00      0.00
    0.00      0.00
    0.00      0.00
    0.00      0.00
    0.00      0.00
    0.00      0.00
    0.00      0.00
    0.00      0.00
    0.00      0.00
    0.00      0.00
    0.00      0.00
    0.00      0.00
    0.00      0.00
    0.00      0.00
    0.00      0.00
    0.00      0.00
    0.00      0.00
    0.00      0.00
    0.00      0.00
    0.00      0.00
    0.00      0.00
    0.00      0.00
    0.00      0.00
    0.00      0.00
    0.00      0.00
    0.00      0.00
    0.00      0.00
    0.00      0.00
    0.00      0.00
    0.00      0.00
    0.00      0.00
    0.00      0.00
    0.00      0.00
    0.00      0.00
    0.00      0.00
    0.00      0.00
    0.00      0.00
    0.00      0.00
    0.00      0.00
    0.00      0.00
    0.00      0.00
    0.00      0.00
    0.00      0.00
    0.00      0.00
    0.00      0.00
    0.00      0.00
    0.00      0.00
    0.00      0.00
    0.00      0.00
    0.00      0.00
    0.00      0.00
    0.00      0.00
    0.00      0.00
    0.00      0.00
    0.00      0.00
    0.00      0.00
    0.00      0.00
    0.00      0.00
    0.00      0.00
    0.00      0.00
    0.00      0.00
    0.00      0.00
    0.00      0.00
    0.00      0.00
    0.00      0.00
    0.00      0.00
    0.00      0.00
    0.00      0.00
    0.00      0.00
    0.00      0.00
    0.00      0.00
    0.00      0.00
    0.00      0.00
    0.00      0.00
    0.00      0.00
    0.00      0.00
    0.00      0.00
    0.00      0.00
    0.00      0.00
    0.00      0.00
    0.00      0.00
    0.00      0.00
    0.00      0.00
    0.00      0.00
    0.00      0.00
    0.00      0.00
    0.00      0.00
    0.00      0.00
    0.00      0.00
    0.00      0.00
    0.00      0.00
    0.00      0.00
    0.00      0.00
    0.00      0.00
    0.00      0.00
    0.00      0.00
    0.00      0.00
    0.00      0.00
    0.00      0.00
    0.00      0.00
    0.00      0.00
    0.00      0.00
    0.00      0.00
    0.00      0.00
    0.00      0.00
    0.00      0.00
    0.00      0.00
    0.00      0.00
    0.00      0.00
    0.00      0.00
    0.00      0.00
    0.00      0.00
    0.00      0.00
    0.00      0.00
    0.00      0.00
    0.00      0.00
    0.00      0.00
    0.00      0.00
    0.00      0.00
    0.00      0.00
    0.00      0.00
    0.00      0.00
    0.00      0.00
    0.00      0.00
    0.00      0.00
    0.00      0.00
    0.00      0.00
    0.00      0.00
    0.00      0.00
    0.00      0.00
    0.00      0.00
    0.00      0.00
    0.00      0.00
    0.00      0.00
    0.00      0.00
    0.00      0.00
    0.00      0.00
    0.00      0.00
    0.00      0.00
    0.00      0.00
    0.00      0.00
    0.00      0.00
    0.00      0.00
    0.00      0.00
    0.00      0.00
    0.00      0.00
    0.00      0.00
    0.00      0.00
    0.00      0.00
    0.00      0.00
    0.00      0.00
    0.00      0.00
    0.00      0.00
    0.41     26.17
   25.76     21.19
   20.39     27.29
   27.29     12.36
   11.72      1.58
    1.43      0.00
    0.00      0.00
    0.00      0.00
    0.00      0.00
    0.00      0.00
    0.00      1.11
    0.00      0.00
 1930.00     34.89
 2428.86    382.91
 2482.78   1464.47
 2844.22    704.91
 1460.59   1411.62
 1449.85   1537.71
  876.20    867.48
 1301.40    705.86
  988.89    371.33
  425.31    140.54
  378.46    391.38
  269.68   1918.79
  918.67   3377.37
 1544.68   2402.83
 1812.23   4149.04
 2180.92   1383.12
 2120.19    837.28
 1450.16    496.28
  421.43     56.26
  131.00     25.77
   44.56      0.00
    8.70      2.46
   31.99     22.54
   23.51     20.75
    0.00      0.72
   14.40      0.71
    0.00      0.00
    0.00      0.00
    0.00      0.00
    0.00      0.00
    0.00      0.00
    0.00      0.00
    0.00      0.00
    0.00      0.00
   25.78     21.37
    0.00      0.00
   25.75     27.37
   27.30     27.23
    0.00      0.00
   14.75      0.73
    0.41      0.41
    0.00      0.00
    0.87      0.00
    0.00      0.00
    0.00      0.00
    0.00      0.00
    0.00      0.00
    0.00      0.00
    0.00      0.00
    0.00      0.00
    0.00      0.00
    0.00      0.00
    0.00      0.00
    0.00      0.00
    0.00      0.00
    0.00      0.00
    0.00      0.00
    0.00      0.00
    0.00      0.00
    0.00      0.00
    0.00      0.00
    0.00     15.00
   15.05     14.99
  213.66    214.23
   90.67    206.88
  131.27    337.21
  282.46    400.57
  471.02    598.87
  599.59    466.11
  460.17    297.47
  304.47     74.89
   57.46     17.24
   20.12     14.84
   17.30      0.72
    0.72      0.00
    0.00     14.79
   15.51      1.44
    0.00      0.00
    0.00      0.00
    0.00      0.00
    0.00      0.00
    0.00      0.00
    0.00      0.00
    0.00      0.00
    0.00      0.00
    0.00      0.00
    0.00      0.00
    0.00      0.00
    0.41      0.00
    0.00     14.38
    0.00      0.00
   15.83      1.44
    0.00      0.00
    0.00      0.00
    0.00      0.00
    0.00      0.00
    0.00      0.00
    0.00      0.00
    0.00      0.00
  134.43     90.71
   31.23    182.60
   40.98     99.47
   14.14    156.09
   55.52     62.07
   63.77     56.06
   89.01    109.69
   77.25     69.77
  117.72     39.08
   58.22     31.50
   51.54     30.13
  101.01     89.22
   79.08     77.48
   90.18     99.21
  252.22    260.26
  114.11     65.57
   89.12    113.06
  169.52    264.50
  253.23    357.18
  261.28    414.61
  540.02    643.60
  673.47    635.52
  361.36    144.07
  363.32    107.63
   88.82     36.79
   32.84     15.78
   19.92      0.00
    2.17     15.72
   15.70      0.71
    0.00      0.00
    0.00      0.00
    0.00      0.00
    0.00      0.00
    0.00      0.00
    0.00      0.00
    0.00      0.00
    0.00      0.00
    0.00      0.00
    0.00      0.00
    0.00      0.00
    0.00      0.00
    0.00      0.00
    0.00     14.79
    0.00      0.00
    0.00      0.00
   16.25      0.71
    0.00      0.00
    0.00      0.00
    0.00      0.00
    0.00      0.00
    0.00      0.00
    0.00      0.00
    0.00      0.65
    0.65      0.74
    0.72      0.00
    0.00      0.00
    0.00      0.00
    0.00      0.00
    0.00      0.00
    0.00      0.00
    0.00      0.00
    0.00      0.00
    0.00      0.00
   31.53     16.52
  108.88     96.78
   81.21     63.98
   59.59     46.91
   44.48     75.55
  108.06    109.14
   66.11    152.35
  170.91    336.30
  244.04    280.79
  435.27    639.70
  565.25    579.97
  366.77    157.64
  265.52    117.63
  208.22     85.80
   51.45     33.77
   20.66     15.83
   35.20      1.43
    1.44      0.00
    0.00      0.00
    0.00      0.00
    0.00      0.00
    0.68      0.00
    0.00      0.00
    0.00      0.00
    0.00      0.00
    0.00      0.00
    0.41      0.00
    0.00      0.00
    0.00      0.00
    0.00      0.00
    0.00      0.00
    0.00      0.00
    0.00     14.99
    0.00      0.00
   15.70      1.44
    0.00      0.00
    0.00      0.00
   92.31    154.72
   62.47    103.87
    0.72    154.66
   39.03    125.87
    0.00      0.00
   48.94     64.81
   86.96    180.22
   84.34     28.78
   45.76     11.76
   53.61     37.65
   98.67     68.97
  111.00     79.92
   83.28     82.71
   74.34     58.96
  122.73    118.29
   64.49     59.43
  115.01     56.47
   47.79     12.85
  102.13     97.81
   91.44    101.23
   63.12    109.99
  105.93    110.41
  170.18    211.58
  313.07    199.57
  312.34    340.32
  352.37    285.93
  285.71    225.83
  174.17    101.23
  233.17    134.45
  118.08     54.72
   59.65     17.40
   24.00      1.44
    2.89      0.00
    0.00      0.00
    0.00      0.00
   25.79     21.27
    0.00      0.00
   21.46     13.73
    0.00      0.00
    2.81      0.72
    0.00      0.00
    0.00      0.00
    0.00      0.00
    0.00      0.00
    0.00      0.00
    0.00      0.00
    0.87      0.00
    0.00     15.12
    0.00      0.00
   15.81      0.71
    0.00      0.00
    0.00      0.65
    0.00      0.00
    1.37      0.74
    0.00      0.00
    0.00      0.00
    0.00      0.00
    0.00      0.00
    0.00      0.00
    0.00      0.00
    0.00      0.00
    0.00      0.00
    0.00      0.00
    2.82      2.61
    3.99     17.92
    3.33      4.98
   49.42     34.53
    0.65      1.38
   16.38     30.15
    2.68     17.94
   47.22     35.04
   19.13     19.20
   47.78     51.86
    6.08     25.79
   55.58     32.17
   38.78     53.40
   15.63     18.07
   44.01     27.67
   10.27     10.27
   19.44     27.68
   10.20     24.09
   14.54     21.40
    6.35      4.98
   34.62      2.89
    1.44      0.00
    0.72      0.00
    0.00      0.00
    0.00      0.00
    0.41      0.00
    0.00     14.38
   14.44      0.72
    0.00      0.00
    0.00      0.00
    0.00      0.00
    0.00      0.00
    0.00      0.00
    0.00      0.00
    0.00      0.00
    0.00      0.00
   59.40    100.90
   67.31    100.98
   53.00    182.59
    1.38     52.30
   21.61    104.62
   63.08     76.09
   28.58     37.61
   93.94     55.92
   67.04     80.39
   52.61     23.03
   76.82     71.35
  110.99     41.07
   74.72     64.25
   76.14     56.90
   40.58     24.78
   53.63     42.43
   43.09     25.10
   60.02     61.15
    0.00     26.44
  120.92     89.40
   74.35     51.34
   96.49    122.78
   95.17     69.41
  128.28     67.69
   36.27     10.55
   91.37     90.62
   24.15     31.28
   45.90     18.36
   39.09     50.74
   15.13     13.88
   35.06     19.98
    7.08      8.56
   15.26      9.76
   10.87     36.88
   10.62      7.72
   22.39      5.64
    5.63      1.37
    1.44      1.44
    1.44      0.00
    0.72      0.00
    0.00      0.00
    0.00     14.81
    0.00      0.00
   15.60      0.72
    0.00      0.00
    0.00      0.00
    0.00      0.00
    0.00      0.00
    0.68      0.00
    0.00      0.00
    0.00      0.00
    0.00      0.00
    0.00      0.65
    0.00      0.65
    0.74      0.00
    1.37      0.72
    0.00      0.00
    0.00      0.00
    0.00      0.00
    0.00      0.00
    0.00      0.00
    0.00      0.00
    0.00      0.00
    0.00      1.31
    3.47      1.31
    2.68     32.30
    3.33     33.03
   46.77      6.30
   19.28      2.16
    0.65     16.36
    2.03      2.82
   17.09      2.16
   32.48     47.86
   16.76     30.68
   32.09     35.56
   48.23     52.52
   22.68      9.11
   28.63     29.14
    9.49     17.80
   31.62     29.56
   22.00     18.08
   26.67     11.42
   16.30     15.06
    7.01     10.28
    5.43      8.84
   15.33     21.36
    8.84      8.39
   22.00      5.64
    5.43      5.64
    3.88      1.37
    2.16      0.72
    1.44      0.00
    0.72     15.00
    0.00      0.00
   15.80      0.72
    0.00      0.00
    0.00      0.00
    0.00      0.00
    0.00      0.00
    0.00      0.00
   77.97    131.84
   53.03     88.81
   36.05    151.15
    6.07    102.39
    0.77     24.49
   42.61     49.04
   85.72    186.57
   50.31     53.91
  150.67    114.15
   79.00     56.87
   68.15     14.20
   67.02     38.66
   48.07     32.73
   18.38     28.95
   99.23     76.99
   41.81     22.43
   26.37    122.11
   98.94     65.32
   45.23     21.98
  128.53     66.88
  119.48     94.71
   88.59     54.90
   75.54     47.27
   51.86     56.88
   59.34     64.26
  114.92     74.97
   23.88     34.44
   62.53     45.53
   37.13     39.82
   29.42     18.53
   27.85     12.96
   18.47     30.19
   27.68     10.41
   10.48      9.04
   12.23     14.40
    6.29      7.46
    9.03     22.63
    7.87      2.68
   22.11      6.28
    7.45      6.22
    6.81      5.69
    2.17      0.72
    4.19      2.10
    0.72      0.00
    0.00     15.11
   15.89      0.00
    0.00      0.72
    0.00      0.00
    0.00      0.00
    0.00      0.00
    0.00      0.00
    0.00      0.65
    0.00      0.00
    0.74      0.00
    0.00      0.00
    0.00      0.00
    0.00      0.00
    0.00      0.00
    0.00      0.65
    0.00      0.00
    0.72      0.00
    0.00      0.00
    0.00      0.00
    2.16      1.96
    3.33      3.54
    2.61      1.37
    2.75     18.58
   15.11      2.17
   15.68     47.85
    2.89     15.71
   33.53      3.54
   32.59     76.54
   46.27     18.70
   36.37     17.87
   15.74      2.88
    1.31     46.20
   34.04     39.03
   20.39     21.96
   40.35      9.62
   24.04     29.33
   11.26     10.03
   43.89     29.35
   10.67     12.31
   15.70     12.64
   13.69     12.52
    7.67      6.22
    9.43     11.14
   11.72     10.27
    7.28      6.28
    5.63      4.77
    3.47      4.64
    4.12      3.47
    6.87      6.22
    6.22      3.54
    2.10      1.44
    3.47      2.75
    1.44      0.00
    0.72      0.00
    0.63      0.00
  101.54    122.60
   31.23    104.57
   42.06    176.84
    0.00     77.24
    0.00     25.02
   47.51     48.56
    6.07    128.33
   84.51    127.42
   37.41     56.13
    0.00     27.98
   62.27     20.49
   73.40     50.08
   39.40     51.00
   40.84     53.67
   79.36     62.44
   73.77    110.91
   83.79     92.86
   92.45     71.75
   27.69     28.49
   40.42     27.40
   74.49     85.30
   82.45     83.56
  115.99     76.50
   37.64     48.19
   71.83     86.77
   32.76     17.02
   99.26     39.12
   84.85     56.83
   23.73     39.86
   45.37     66.16
   52.02     19.28
   43.86     14.40
   38.76     41.35
   11.86      8.83
   23.52     26.57
   10.26      7.38
   13.16     12.57
   12.44     10.33
    3.54      7.38
   11.06      7.66
    8.18      7.53
    7.01      3.54
    4.91      4.12
    3.47      4.71
    2.68      3.40
    6.15      4.26
    5.50      4.84
    4.05      2.88
    2.75      2.16
    2.16      0.00
    0.00      0.00
    0.00      0.00
    0.00      0.65
    0.00      0.00
    0.74      0.00
    0.00      0.00
    0.00      0.00
    0.00      0.00
    0.00      0.00
    0.00      0.00
    0.00      0.65
    0.00      0.00
    0.00      0.00
   16.54     16.39
    3.40      2.09
    1.38      1.44
    3.99      4.19
    1.37      2.10
    1.37      0.72
    0.72     15.02
    2.09      1.37
   30.21     46.67
    0.00      1.96
   63.15     37.05
   18.51     17.89
   17.86     46.66
   16.46     17.20
   33.53     19.79
    1.36     35.48
   36.38      7.68
   23.97     38.97
   23.08     27.21
   22.12      7.02
   31.62     11.93
   21.67     23.18
    8.82      7.66
   22.77     23.35
    9.28     10.86
    9.69      9.96
   11.65      8.38
    6.37      6.15
    7.32      8.97
    6.88      8.32
    6.25      4.78
    4.19      2.11
    4.98      3.33
    1.44      3.27
    2.68      3.40
    5.43      4.84
   23.16     31.18
   92.57    152.97
   48.87     53.71
   16.63    207.03
    0.00     25.77
    0.00     51.26
   20.62     50.67
   81.85    238.02
   69.01     54.27
   54.20    117.50
   49.48     17.85
   39.57     15.46
   67.00     50.86
   31.94      0.72
  122.90     82.98
   34.31     52.42
   84.56     84.64
  131.35    107.69
   26.62     46.10
  121.82    117.91
   27.59     27.20
  146.27     94.44
   90.80     43.32
   32.89     75.67
  117.62     18.06
   70.14     32.12
   90.86     56.33
   16.36      3.39
   45.54     56.01
   55.39     27.99
    7.55     37.74
   24.42     39.40
   22.13     22.67
   12.93     28.83
   22.00      8.25
   11.93      6.81
    8.24      8.32
   20.59     21.16
    5.57      5.36
    8.32     12.17
   15.65     10.56
    6.43      5.57
    7.59      6.22
    4.78      5.36
    6.15      5.64
    7.60      6.87
    4.78      4.19
    4.12      2.82
    4.26      2.68
    1.38      4.71
    1.31      2.75
    4.78      3.54
    6.22      5.50
    2.75      1.38
    2.12      0.72
    2.17      0.72
    0.72      0.00
    0.00      0.00
    0.00      0.00
    0.00      0.00
    0.00      0.00
    0.00      0.00
    0.00      0.00
    1.44      1.96
    2.75      2.75
    1.31      1.44
    1.37      0.65
   19.06     19.35
    1.31      1.38
    1.44      1.37
    0.72      0.00
    1.31      0.65
    2.03      2.89
    0.00     59.43
    2.03     31.51
   34.15     19.20
   76.40     50.26
   19.94     17.28
   32.77     17.14
   17.47     22.60
   17.84      6.02
   36.47     24.05
   41.47     40.30
    6.21     12.11
    9.61     21.29
   13.74     13.22
    8.25      6.90
   23.42      6.29
    5.43      4.26
   22.05     23.49
    4.71      9.42
    8.84      8.91
    9.56      8.46
   10.55      6.29
    6.15      5.57
    3.33      5.43
    4.78      4.71
    2.10      5.50
    8.90      7.59
   70.30     70.36
   36.12    105.92
   49.77    133.79
   21.91    134.31
   29.21    102.78
   26.78     30.11
   56.79    102.32
   39.50    162.06
   80.65     82.16
   42.45     42.58
   61.43     20.72
   68.15     21.58
   49.35     55.35
   51.47     37.75
   99.72     95.73
    3.63     37.17
   99.56     61.85
   34.79     28.93
   31.37     40.18
   23.10     41.15
  114.36     13.33
   47.41     40.30
   63.76     41.57
   27.86     47.04
   17.06     44.71
   92.80    106.38
   40.19     51.68
   92.29     87.11
  117.07     62.57
   94.94     65.42
   88.79     43.26
   77.83     58.76
   11.67     14.79
   36.99     22.84
   39.91     41.88
   11.44     10.93
    9.09      9.04
   10.42     24.67
    3.41      4.85
    8.97      7.53
    5.72      4.06
    6.88      4.92
    5.57      7.26
    8.11      9.04
   10.34     10.34
    7.01      3.54
    6.81      5.57
    4.26      2.03
    4.06      5.43
    4.71      5.63
    4.85      5.43
    5.36      5.49
    3.47      2.16
    5.00      2.82
    2.10      1.96
    0.00      1.37
    3.34      4.78
    3.47      2.82
    4.05      2.03
    2.82      4.19
    1.38      0.72
    1.38     14.38
   17.33      0.72
    0.00      2.03
    4.19      1.31
    1.31      2.88
    0.00      0.65
    4.70      4.19
    2.03      1.44
    0.00      1.38
    1.44     15.04
    0.65      0.72
   16.38      2.88
   15.04     15.17
    1.37      1.37
    2.03      2.03
    2.10      0.72
    1.31     18.50
    1.31     76.25
    2.16     45.67
   63.16     34.28
   94.46     36.81
   63.18     24.55
    7.58     33.58
   24.59     11.65
   22.67     27.39
   25.46     11.07
   11.65      9.83
    9.04      4.91
    6.81      9.56
    7.46      5.05
    6.81      6.23
    6.22      6.88
    3.40      5.43
    5.50      5.36
    9.04      7.01
    7.53      7.66
    7.46      7.01
    4.78      4.13
   14.41      2.66
   97.65    162.53
   19.01     57.66
   35.96    213.18
    5.50     56.14
   46.57    103.05
    5.76      1.43
    9.60    174.21
   26.29      2.01
   83.75    123.83
   37.57     44.41
   51.73     51.21
   95.22     46.02
   52.98     44.27
   99.18     53.55
   31.17     43.21
   94.14    100.05
   12.34      3.47
   49.74     50.02
   23.54     17.12
   44.47     42.38
   53.90     22.40
   27.85     50.32
   35.87     13.32
   77.06     54.74
   78.98     31.73
   47.61     77.30
   57.40      5.29
   42.33     22.48
  101.24     52.21
   15.38     89.33
  114.22    159.43
   91.93     59.20
  118.37     83.00
   47.04     29.95
  104.39     72.93
   13.89      6.81
   28.05     17.45
   13.05      8.98
   13.29      9.03
    6.87      7.52
    5.57      5.50
    5.57      6.08
    6.94      3.40
    5.56      4.84
    7.45      6.94
    2.10      6.74
    5.64      5.30
    8.91      7.01
    6.94      2.82
    6.22      6.16
    3.40      2.89
    4.13      4.13
    2.10      2.75
    3.99      2.75
    4.79      6.88
    4.05      7.52
    3.40      2.82
    4.91      2.16
    4.26      0.72
    0.72      1.31
    0.00      0.65
    1.96      3.34
    2.75      4.85
    6.15     18.40
    6.22      7.01
   15.79      0.72
    2.75      2.75
    6.08      4.26
    1.37      1.44
    0.72      1.31
    1.44      0.00
    1.31      0.72
    1.96      2.16
    0.65     17.11
   16.44     30.63
   15.06      2.03
   17.09     30.15
   31.22     16.31
   16.41     17.91
   14.44      2.10
    3.54      1.31
   16.90     47.46
   49.56     81.71
   38.31     38.45
   19.01      4.78
   58.46     29.01
   34.37     23.89
   10.48      6.88
   12.16     13.23
    6.95      7.47
    9.55      6.29
   10.27      7.80
    5.50      5.64
    4.85      4.12
    3.34      6.67
    5.36      3.54
    4.85      6.36
    5.70      2.61
    3.40      6.15
   86.68    140.91
   40.38    106.18
   39.20    161.95
   36.11     88.72
   18.68     67.83
    1.46     55.62
   13.62    114.13
   32.61     34.96
   25.67     82.64
   25.17     40.58
   51.30     28.99
  125.79     75.97
   52.67     25.76
  106.00     49.49
   44.41     62.03
   47.23     43.23
   34.45     13.31
   73.96     55.66
   18.72      4.03
   90.93     83.94
   34.51     26.14
   48.49     73.86
   85.63     39.19
   12.40     28.11
   64.08     70.99
   42.79     29.25
   12.12      9.85
   35.81     19.58
   78.23     56.63
   27.01     11.13
   59.02     60.89
   65.88     43.55
   41.16     16.46
   36.09     53.20
   17.75     20.63
   27.48     56.26
   44.96     40.26
   39.11     37.84
   38.39     11.65
   11.18      8.38
    8.46      7.39
   10.86     12.51
    4.84      6.67
   10.63      6.95
    6.94      5.57
    5.63      1.31
    3.47      6.80
    6.09      5.64
    4.85      4.13
    3.54      3.34
    2.16      2.61
    6.80      6.15
    5.64      6.15
    5.50      2.10
    4.80      5.64
    1.44      0.65
    5.50      2.82
    1.37      2.68
    0.65      2.03
    2.75      3.47
    4.71      6.88
    4.06      5.50
    4.91      0.72
    6.42      4.06
    4.06      2.89
    0.00      0.65
    0.72      1.31
    4.64      6.87
    3.99      5.57
    3.47      3.47
    5.57      3.40
   15.75     17.93
    3.16      1.13
    5.43     17.26
    2.82      2.82
   15.89     30.23
    0.72      1.31
   29.89     31.33
   16.55     15.83
   17.20      2.75
    2.70     17.75
    0.72     31.28
   46.21     32.39
   48.88     36.31
   19.20     18.40
   38.94     43.44
   20.53     20.09
   26.96     10.35
   19.71     23.86
    7.60     21.20
   26.73     11.27
    6.28      6.01
    6.88      4.71
    9.56     11.86
    7.46      6.29
    7.67      5.57
    6.15      5.57
    3.33      6.87
    5.31      3.24
   96.33     79.71
   34.55    149.76
   55.08    207.54
    5.95     32.01
    6.09     60.58
   11.05     29.25
   27.30    158.29
    4.12      5.43
   54.32    110.64
   22.76     27.44
   94.49     97.50
    2.05     21.89
  177.55    107.39
   27.95     32.60
   42.24     62.28
   64.43     14.57
   71.70     45.75
   45.33     25.29
   79.16     63.05
   88.40     60.78
   49.88     18.96
   42.13     29.64
    3.47     16.55
   62.55     53.95
   80.08     60.61
    2.81     15.28
   20.63     69.82
   62.65     31.72
   44.33     57.09
  118.07     65.62
   45.40     12.78
   36.86     31.27
   22.63      3.53
  114.31     71.70
   42.82     38.85
  128.33     27.18
   21.59     54.41
   46.18     33.12
   21.32      8.33
   19.96      9.41
    8.98     22.92
   22.24     25.59
    9.76      4.91
    5.63      8.11
    9.57      6.81
    7.39     12.30
    7.67      4.85
    6.35      5.43
    8.38      4.05
    5.50      4.98
    6.08      4.84
    2.82      4.78
    2.10      2.03
    4.13      4.80
    3.56      3.34
    4.06      4.71
    8.90      7.01
    3.54      2.10
    4.84      2.82
    4.05      3.61
    0.00      1.96
    1.37      1.37
    2.03      2.10
    4.26      3.99
    6.02      5.64
    3.40      4.06
    2.77      6.81
    4.71      2.82
    7.53      6.36
    4.19      2.82
    0.00      1.31
    4.26      0.72
    0.00      0.65
    1.96      4.06
    3.27      5.57
    4.12      4.12
   32.85     46.72
    2.89      0.72
    1.38     16.97
   33.72     17.09
   31.22     47.84
   19.31     31.57
   31.38     32.59
   17.18     17.82
   64.26     33.53
   32.61     34.67
   18.01     19.26
   23.29     10.27
   22.33     21.87
    8.98      9.63
    8.18      9.56
    7.01     20.37
   11.00      8.97
   24.75      7.08
    5.57      5.43
    3.40      5.50
    8.18      6.87
    7.33      8.39
   18.15     25.56
   82.83    112.91
    3.38     57.38
   53.80    187.44
   18.21     53.60
    6.83     80.79
    2.15     51.97
    4.64    133.82
   21.18     31.34
   22.96    103.47
   89.81     64.37
   39.06     52.68
   36.14     59.56
  128.53     57.49
   64.47     59.58
   40.13     67.10
   79.49     46.21
  135.72     78.49
   42.63     34.34
   81.70     75.90
   32.35     34.75
   50.63     40.25
   32.16     21.05
   11.65      3.63
   40.38     10.37
   29.39      7.22
   38.85     25.71
   54.93     10.40
   29.95     52.73
   64.33     37.45
   81.05     64.51
   39.98     65.10
   29.98     64.96
   78.13     62.33
   46.79     46.83
   49.33     35.23
   50.03     47.67
   93.71     47.61
  112.82     80.02
    5.65      8.42
   63.26     39.64
   45.49     35.05
    8.21     10.49
    8.80     27.37
   11.08      7.59
   24.30      6.36
    4.98      2.75
    4.78      8.11
    5.50      6.68
    6.88      6.95
    6.22      5.43
    8.38      4.84
    6.22      3.47
    0.72      3.47
    6.81      8.91
    4.80      2.75
    2.75      5.50
    4.98      1.96
    2.75      2.16
    3.54      1.96
    3.40      4.78
    4.71      5.57
    4.71      4.26
    5.57      4.84
    4.19      4.71
    5.43      4.19
    2.82      2.09
    3.47      2.03
    0.00      2.03
    6.67      5.71
    1.38      1.44
    2.75      3.40
    3.33      8.11
    2.75      2.75
    5.50      2.16
    4.85     17.92
    3.47      2.75
   16.56     17.06
    1.37     16.48
   17.76      0.65
   15.82      2.82
    2.09      3.33
    3.33      4.85
   33.13     48.49
    2.89      2.10
   16.56     34.83
   21.37     36.38
   35.13     61.06
   19.96      6.96
   20.05      6.08
   53.70     42.47
    8.97     21.08
    9.04      8.18
   19.84      7.45
   39.92     37.08
   10.21      9.04
    8.38      6.29
    7.59      4.84
    3.47      5.43
    6.56      6.10
   68.24    111.97
   52.53     84.64
   36.06    111.23
   19.82    157.70
   20.04      7.46
    6.20     79.84
   23.22    133.96
   34.03     93.32
   61.26     82.80
   55.95     71.11
   81.65     31.16
   14.41     14.29
   39.91     29.71
   59.81     38.41
   69.42     71.62
   36.32      6.15
  114.48     46.90
    3.58      3.47
    9.68     26.13
   76.61     62.31
   60.75     14.17
   44.85     51.90
   54.91     34.62
  148.36    105.20
   35.23     64.69
   86.71    122.14
   57.74     34.75
   88.50     75.78
   23.62     18.58
   50.65     65.81
   20.88     45.79
   64.18      6.95
   99.51     71.44
   31.90     28.10
   34.13     20.84
   53.48     60.14
   27.06     36.98
    6.21      6.98
   32.84      7.59
   70.57     79.45
   23.77     25.28
   62.62     45.28
   50.01     49.23
   56.87     56.07
   23.41     10.19
   20.82     23.86
    8.44      4.84
    9.69      6.29
    3.47      3.27
    3.40      7.39
    6.80      8.25
    6.29      4.12
    7.73      5.57
    5.57      4.13
    4.71      4.91
    2.75      3.33
    6.17      6.29
    5.49      4.19
    2.16      3.26
    4.13      2.75
    2.82      2.10
    3.47      2.10
    2.68      3.47
    4.12      5.36
    8.11      7.73
    4.85      4.78
    2.75      3.33
    4.12      4.19
    7.46      3.54
    4.12      6.36
    2.03      1.44
    1.38      1.31
    2.10      2.75
    1.37      1.31
    3.34      2.83
    3.47      5.50
    2.68      2.68
    3.47      4.19
    2.82     17.69
    6.15      4.19
   15.07     18.42
    3.47     16.24
   18.07     30.52
   31.62     19.05
   33.27     20.01
   17.23     17.07
    4.19     19.03
   18.46     35.09
   35.98      6.36
   32.35     19.23
    7.46      6.15
    6.88     26.02
   26.52     41.27
   36.04     23.84
   52.81     52.23
   11.84      5.36
   10.33     24.75
   21.08      6.28
    3.45      2.69
    2.77      0.00
    0.00      0.00
    0.69      0.00
    0.00      0.00
    0.00      0.00
    0.00      0.00
    0.00      0.00
    0.00      0.00
    0.00      0.00
    0.00      0.00
    0.00      0.00
    0.00      0.00
    0.00      0.00
    0.00      0.00
    0.00      0.00
    0.00      0.00
    0.00      0.00
    0.00      0.00
    0.00      0.00
    0.00      0.00
    0.00      0.00
    0.00      0.00
    0.00      0.00
    0.00      0.00
    0.00      0.00
    0.00      0.00
    0.00      0.00
    0.00      0.00
    0.00      0.00
    0.00      0.00
    0.00      0.00
    0.00      0.00
    0.00      0.00
    0.00      0.00
    0.00      0.00
    0.00      0.00
    0.00      0.00
    0.00      0.00
