      h_eth1      
 KB/s in  KB/s out
    0.00      0.00
    0.00      0.00
    0.00      0.00
    0.00      0.00
    0.00      0.00
    0.00      0.00
    0.00      0.00
    0.00      0.00
    0.00      0.00
    0.00      0.00
    0.00      0.00
    0.00      0.00
    0.00      0.00
    0.00      0.00
    0.00      0.00
    0.00      0.00
    0.00      0.00
    0.00      0.00
    0.00      0.00
    0.00      0.00
    0.00      0.00
    0.00      0.00
    0.00      0.00
    0.00      0.00
    0.00      0.00
    0.00      0.00
    0.00      0.00
    0.00      0.00
    0.00      0.00
    0.00      0.00
    0.00      0.00
    0.00      0.00
    0.00      0.00
    0.00      0.00
    0.00      0.00
    0.00      0.00
    0.00      0.00
    0.00      0.00
    0.00      0.00
    0.00      0.00
    0.00      0.00
    0.00      0.00
    0.00      0.00
    0.00      0.00
    0.00      0.00
    0.00      0.00
    0.00      0.00
    0.00      0.00
    0.00      0.00
    0.00      0.00
    0.00      0.00
    0.00      0.00
    0.00      0.00
    0.00      0.00
    0.00      0.00
    0.00      0.00
    0.00      0.00
    0.00      0.00
    0.00      0.00
    0.00      0.00
    0.00      0.00
    0.00      0.00
    0.00      0.00
    0.00      0.00
    0.00      0.00
    0.00      0.00
    0.00      0.00
    0.00      0.00
    0.00      0.00
    0.00      0.00
    0.00      0.00
    0.00      0.00
    0.00      0.00
    0.00      0.00
    0.00      0.00
    0.00      0.00
    0.00      0.00
    0.00      0.00
    0.00      0.00
    0.00      0.00
    0.00      0.00
    0.00      0.00
    0.00      0.00
    0.00      0.00
    0.00      0.00
    0.00      0.00
    0.00      0.00
    0.00      0.00
    0.00      0.00
    0.00      0.00
    0.00      0.00
    0.00      0.00
    0.00      0.00
    0.00      0.00
    0.00      0.00
    0.00      0.00
    0.00      0.00
    0.00      0.00
    0.00      0.00
    0.00      0.00
    0.00      0.00
    0.00      0.00
    0.00      0.00
    0.00      0.00
    0.00      0.00
    0.00      0.00
    0.00      0.00
    0.00      0.00
    0.00      0.00
    0.00      0.00
    0.82      0.00
    0.00      0.00
    0.00      0.00
    0.00      0.00
    0.00      0.00
    0.00      0.00
    0.00      0.00
    0.00      0.00
    0.00      0.00
    0.00      0.00
    0.00      0.00
    2.05      0.00
    0.00      0.00
    0.00      0.00
    0.00      0.00
    0.00      0.00
    0.00      0.00
    0.00      0.00
    0.00      0.00
    0.00      0.00
    0.00      0.00
    0.00      0.00
    0.00      0.00
    0.00      0.00
    0.00      0.00
    0.00      0.00
    0.00      0.00
    0.00      0.00
    0.00      0.00
    0.00      0.00
    0.00      0.00
    0.00      0.00
    0.00      0.00
    0.00      0.00
    0.00      0.00
    0.00      0.00
    0.00      0.00
    0.00      0.00
    0.00      0.00
    0.00      0.00
    0.00      0.00
    0.00      0.00
    0.00      0.00
    0.00      0.00
    0.00      0.00
    0.00      0.00
    0.00      0.00
    0.00      0.00
    0.00      0.00
    0.00      0.00
    0.00      0.00
    0.00      0.00
    0.00      0.00
    0.00      0.00
    0.00      0.00
    0.00      0.00
    0.00      0.00
    0.00      0.00
    0.00      0.00
    0.00      0.00
    0.00      0.00
    0.00      0.00
    0.00      0.00
    0.00      0.00
    0.00      0.00
    0.00      0.00
    0.00      0.00
    0.00      0.00
    0.00      0.00
    0.00      0.00
    0.00      0.00
    0.00      0.00
    0.00      0.00
    0.00      0.00
    0.00      0.00
    0.00      0.00
    0.00      0.00
    0.00      0.00
    0.00      0.00
    0.00      0.00
    0.00      0.00
    0.00      0.00
    0.00      0.00
    0.00      0.00
    0.00      0.00
    0.00      0.00
    0.00      0.00
    0.00      0.00
    0.00      0.00
    0.00      0.00
    0.00      0.00
    0.00      0.00
    0.00      0.00
    0.00      0.00
    0.00      0.00
    0.00      0.00
    0.00      0.00
    0.00      0.00
    0.00      0.00
    0.00      0.00
    0.41      0.00
    0.00      0.00
    0.00      0.00
    0.00      0.00
    0.00      0.00
    0.00      0.00
    0.00      0.00
    0.00      0.00
    0.00      0.00
    0.00      0.00
    0.00      0.00
    0.00      0.00
    0.00      0.00
    0.00      0.00
    0.00      0.00
    0.00      0.00
    0.00      0.00
    0.00      0.00
    0.00      0.00
    0.00      0.00
    0.00      0.00
    0.00      0.00
    0.00      0.00
    0.00      0.00
    0.00      0.00
    0.00      0.00
    0.00      0.00
    0.00      0.00
    0.00      0.00
    0.00      0.00
    0.00      0.00
    0.00      0.00
    0.00      0.00
    0.00      0.00
    0.00      0.00
    0.00      0.00
    0.00      0.00
    0.00      0.00
    0.00      0.00
    0.00      0.00
    0.00      0.00
    0.00      0.00
    0.00      0.00
    0.00      0.00
    0.00      0.00
    0.00      0.00
    0.00      0.00
    0.00      0.00
    0.00      0.00
    0.00      0.00
    0.00      0.00
    0.00      0.00
    0.00      0.00
    0.00      0.00
    0.00      0.00
    0.00      0.00
    0.00      0.00
    0.00      0.00
    0.00      0.00
    0.00      0.00
    0.00      0.00
    0.00      0.00
    0.00      0.00
    0.00      0.00
    0.00      0.00
    0.00      0.00
    0.00      0.00
    0.00      0.00
    0.00      0.00
    0.00      0.00
    0.00      0.00
    0.00      0.00
    0.00      0.00
    0.00      0.00
    0.00      0.00
    0.00      0.00
    0.00      0.00
    0.00      0.00
    0.00      0.00
    0.00      0.00
    0.00      0.00
    0.00      0.00
    0.00      0.00
    0.00      0.00
    0.00      0.00
    0.00      0.00
    0.00      0.00
    0.00      0.00
    0.00      0.00
    0.00      0.00
    0.00      0.00
    0.00      0.00
    0.00      0.00
    0.00      0.00
    0.00      0.00
    0.00      0.00
    0.00      0.00
    0.00      0.00
    0.00      0.00
    0.00      0.00
    0.00      0.00
    0.00      0.00
    0.00      0.00
    0.00      0.00
    0.00      0.00
    0.00      0.00
    0.00      0.00
    0.00      0.00
    0.00      0.00
    0.00      0.00
    0.00      0.00
    0.00      0.00
    0.00      0.00
    0.00      0.00
    0.00      0.00
    0.00      0.00
    0.00      0.00
    0.00      0.00
    0.00      0.00
    0.00      0.00
    0.00      0.00
    0.00      0.00
    0.00      0.00
    0.00      0.00
    0.00      0.00
    0.00      0.00
    0.00      0.00
    0.00      0.00
    0.00      0.00
    0.00      0.00
    0.00      0.00
    0.00      0.00
    0.00      0.00
    0.00      0.00
    0.00      0.00
    0.00      0.00
    0.00      0.00
    0.00      0.00
    0.00      0.00
    0.00      0.00
    0.00      0.00
    0.00      0.00
    0.00      0.00
    0.00      0.00
    0.00      0.00
    0.00      0.00
    0.00      0.00
    0.00      0.00
    0.00      0.00
    0.00      0.00
    0.00      0.00
    0.00      0.00
    0.00      0.00
    0.00      0.00
    0.00      0.00
    0.00      0.00
    0.00      0.00
    0.00      0.00
    0.00      0.00
    0.00      0.00
    0.00      0.00
    0.00      0.00
    0.00      0.00
    0.00      0.00
    0.00      0.00
    0.00      0.00
    0.00      0.00
    0.00      0.00
    0.00      0.00
    0.00      0.00
    0.00      0.00
    0.00      0.00
    0.00      0.00
    0.00      0.00
    0.00      0.00
    0.00      0.00
    0.00      0.00
    0.00      0.00
    0.00      0.00
    0.00      0.00
    0.00      0.00
    0.00      0.00
    0.00      0.00
    0.00      0.00
    0.00      0.00
    0.00      0.00
    0.00      0.00
    0.00      0.00
    0.00      0.00
    0.00      0.00
    0.00      0.00
    0.00      0.00
    0.00      0.00
    0.00      0.00
    0.00      0.00
    0.00      0.00
    0.00      0.00
    0.00      0.00
    0.00      0.00
    0.00      0.00
    0.00      0.00
    0.00      0.00
    0.00      0.00
    0.00      0.00
    0.00      0.00
    0.00      0.00
    0.00      0.00
    0.00      0.00
    0.00      0.00
    0.00      0.00
    0.00      0.00
    0.00      0.00
    0.00      0.00
    0.00      0.00
    0.00      0.00
    0.00      0.00
    0.00      0.00
    0.00      0.00
    0.00      0.00
    0.00      0.00
    0.00      0.00
    0.00      0.00
    0.00      0.00
    0.00      0.00
    0.00      0.00
    0.00      0.00
    0.00      0.00
    0.00      0.00
    0.00      0.00
    0.00      0.00
    0.00      0.00
    0.00      0.00
    0.00      0.00
    0.00      0.00
    0.00      0.00
    0.00      0.00
    0.00      0.00
    0.00      0.00
    0.00      0.00
    0.00      0.00
    0.00      0.00
    0.00      0.00
    0.00      0.00
    0.00      0.00
    0.00      0.00
    0.00      0.00
    0.00      0.00
    0.00      0.00
    0.00      0.00
    0.00      0.00
    0.00      0.00
    0.00      0.00
    0.00      0.00
    0.00      0.00
    0.00      0.00
    0.00      0.00
    0.00      0.00
    0.00      0.00
    0.00      0.00
    0.00      0.00
    0.00      0.00
    0.00      0.00
    0.00      0.00
    0.00      0.00
    0.00      0.00
    0.00      0.00
    0.00      0.00
    0.00      0.00
    0.00      0.00
    0.00      0.00
    0.00      0.00
    0.00      0.00
    0.00      0.00
    0.00      0.00
    0.00      0.00
    0.00      0.00
    0.00      0.00
    0.00      0.00
    0.00      0.00
    0.00      0.00
    0.00      0.00
    0.00      0.00
    0.00      0.00
    0.00      0.00
    0.00      0.00
    0.00      0.00
    0.00      0.00
    0.00      0.00
    0.00      0.00
    0.00      0.00
    0.00      0.00
    0.00      0.00
    0.00      0.00
    0.00      0.00
    0.00      0.00
    0.00      0.00
    0.00      0.00
    0.00      0.00
    0.00      0.00
    0.41      0.00
    0.00      0.00
    0.00      0.00
    0.00      0.00
    0.00      0.00
    0.00      0.00
    0.00      0.00
    0.00      0.00
    0.00      0.00
    0.00      0.00
    0.00      0.00
    0.00      0.00
    0.00      0.00
    0.00      0.00
    0.00      0.00
    0.00      0.00
    0.00      0.00
    0.00      0.00
    0.00      0.00
    0.00      0.00
    0.00      0.00
    0.00      0.00
    0.00      0.00
    0.00      0.00
    0.00      0.00
    0.00      0.00
    0.00      0.00
    0.00      0.00
    0.00      0.00
    0.00      0.00
    0.00      0.00
    0.00      0.00
    0.00      0.00
    0.00      0.00
    0.00      0.00
    0.00      0.00
    0.00      0.00
    0.00      0.00
    0.00      0.00
    0.00      0.00
    0.00      0.00
    0.00      0.00
    0.00      0.00
    0.00      0.00
    0.00      0.00
    0.00      0.00
    0.00      0.00
    0.00      0.00
    0.00      0.00
    0.00      0.00
    0.00      0.00
    0.00      0.00
    0.00      0.00
    0.00      0.00
    0.00      0.00
    0.00      0.00
    0.00      0.00
    0.00      0.00
    0.00      0.00
    0.00      0.00
    0.00      0.00
    0.00      0.00
    0.00      0.00
    0.00      0.00
    0.00      0.00
    0.00      0.00
    0.00      0.00
    0.00      0.00
    0.00      0.00
    0.00      0.00
    0.00      0.00
    0.00      0.00
    0.00      0.00
    0.00      0.00
    0.00      0.00
    0.00      0.00
    0.00      0.00
    0.00      0.00
    0.00      0.00
    0.00      0.00
    0.00      0.00
    0.00      0.00
    0.00      0.00
    0.00      0.00
    0.00      0.00
    0.00      0.00
    0.00      0.00
    0.00      0.00
    0.00      0.00
    0.00      0.00
    0.00      0.00
    0.00      0.00
    0.00      0.00
    0.00      0.00
    0.00      0.00
    0.00      0.00
    0.00      0.00
    0.00      0.00
    0.00      0.00
    0.00      0.00
    0.00      0.00
    0.00      0.00
    0.00      0.00
    0.00      0.00
    0.00      0.00
    0.00      0.00
    0.00      0.00
    0.00      0.00
    0.00      0.00
    0.00      0.00
    0.00      0.00
    0.00      0.00
    0.00      0.00
    0.00      0.00
    0.00      0.00
    0.00      0.00
    0.00      0.00
    0.00      0.00
    0.00      0.00
    0.00      0.00
    0.00      0.00
    0.00      0.00
    0.00      0.00
    0.00      0.00
    0.00      0.00
    0.00      0.00
    0.00      0.00
    0.00      0.00
    0.00      0.00
    0.00      0.00
    0.00      0.00
    0.00      0.00
    0.00      0.00
    0.00      0.00
    0.00      0.00
    0.00      0.00
    0.00      0.00
    0.00      0.00
    0.00      0.00
    0.00      0.00
    0.00      0.00
    0.00      0.00
    0.00      0.00
    0.00      0.00
    0.00      0.00
    0.00      0.00
    0.00      0.00
    0.00      0.00
    0.00      0.00
    0.00      0.00
    0.00      0.00
    0.00      0.00
    0.00      0.00
    0.00      0.00
    0.00      0.00
    0.00      0.00
    0.00      0.00
    0.00      0.00
    0.00      0.00
    0.00      0.00
    0.00      0.00
    0.00      0.00
    0.00      0.00
    0.00      0.00
    0.00      0.00
    0.00      0.00
    0.00      0.00
    0.00      0.00
    0.00      0.00
    0.00      0.00
    0.00      0.00
    0.00      0.00
    0.00      0.00
    0.00      0.00
    0.00      0.00
    0.00      0.00
    0.00      0.00
    0.00      0.00
    0.00      0.00
    0.00      0.00
    0.00      0.00
    0.00      0.00
    0.00      0.00
    0.00      0.00
    0.00      0.00
    0.00      0.00
    0.00      0.00
    0.00      0.00
    0.00      0.00
    0.00      0.00
    0.00      0.00
    0.00      0.00
    0.00      0.00
    0.00      0.00
    0.00      0.00
    0.00      0.00
    0.00      0.00
    0.00      0.00
    0.00      0.00
    0.00      0.00
    0.00      0.00
    0.00      0.00
    0.00      0.00
    0.00      0.00
    0.00      0.00
    0.00      0.00
    0.00      0.00
    0.00      0.00
    0.00      0.00
    0.00      0.00
    0.00      0.00
    0.00      0.00
    0.00      0.00
    0.00      0.00
    0.00      0.00
    0.00      0.00
    0.00      0.00
    0.00      0.00
    0.00      0.00
    0.00      0.00
    0.00      0.00
    0.00      0.00
    0.00      0.00
    0.00      0.00
    0.00      0.00
    0.00      0.00
    0.00      0.00
    0.00      0.00
    0.00      0.00
    0.00      0.00
    0.00      0.00
    0.00      0.00
    0.00      0.00
    0.00      0.00
    0.00      0.00
    0.00      0.00
    0.00      0.00
    0.00      0.00
    0.00      0.00
    0.00      0.00
    0.00      0.00
    0.00      0.00
    0.00      0.00
    0.00      0.00
    0.00      0.00
    0.00      0.00
    0.00      0.00
    0.00      0.00
    0.00      0.00
    0.00      0.00
    0.00      0.00
    0.00      0.00
    0.00      0.00
    0.00      0.00
    0.00      0.00
    0.00      0.00
    0.00      0.00
    0.00      0.00
    0.00      0.00
    0.00      0.00
    0.00      0.00
    0.00      0.00
    0.00      0.00
    0.00      0.00
    0.00      0.00
    0.00      0.00
    0.00      0.00
    0.00      0.00
    0.00      0.00
    0.00      0.00
    0.00      0.00
    0.00      0.00
    0.00      0.00
    0.00      0.00
    0.00      0.00
    0.00      0.00
    0.00      0.00
    0.00      0.00
    0.00      0.00
    0.00      0.00
    0.00      0.00
    0.00      0.00
    0.00      0.00
    0.00      0.00
    0.00      0.00
    0.00      0.00
    0.00      0.00
    0.00      0.00
    0.00      0.00
    0.00      0.00
    0.00      0.00
    0.00      0.00
    0.00      0.00
    0.00      0.00
    0.00      0.00
    0.00      0.00
    0.00      0.00
    0.00      0.00
    0.00      0.00
    0.41      0.00
    0.00      0.00
    0.00      0.00
    0.00      0.00
    0.00      0.00
    0.00      0.00
    0.00      0.00
    0.00      0.00
    0.00      0.00
    0.00      0.00
    0.00      0.00
    0.00      0.00
    0.00      0.00
    0.00      0.00
    0.00      0.00
    0.00      0.00
    0.00      0.00
    0.00      0.00
    0.00      0.00
    0.00      0.00
    0.00      0.00
    0.00      0.00
    0.00      0.00
    0.00      0.00
    0.00      0.00
    0.00      0.00
    0.00      0.00
    0.00      0.00
    0.00      0.00
    0.00      0.00
    0.00      0.00
    0.00      0.00
    0.00      0.00
    0.00      0.00
    0.00      0.00
    0.00      0.00
    0.00      0.00
    0.00      0.00
    0.00      0.00
    0.00      0.00
    0.00      0.00
    0.00      0.00
    0.00      0.00
    0.00      0.00
    0.00      0.00
    0.00      0.00
    0.00      0.00
    0.00      0.00
    0.00      0.00
    0.00      0.00
    0.00      0.00
    0.00      0.00
    0.00      0.00
    0.00      0.00
    0.00      0.00
    0.00      0.00
    0.00      0.00
    0.00      0.00
    0.00      0.00
    0.00      0.00
    0.00      0.00
    0.00      0.00
    0.00      0.00
    0.00      0.00
    0.00      0.00
    0.00      0.00
    0.00      0.00
    0.00      0.00
    0.00      0.00
    0.00      0.00
    0.00      0.00
    0.00      0.00
    0.00      0.00
    0.00      0.00
    0.00      0.00
    0.00      0.00
    0.00      0.00
    0.00      0.00
    0.00      0.00
    0.00      0.00
    0.00      0.00
    0.00      0.00
    0.00      0.00
    0.00      0.00
    0.00      0.00
    0.00      0.00
    0.00      0.00
    0.00      0.00
    0.00      0.00
    0.00      0.00
    0.00      0.00
    0.00      0.00
    0.00      0.00
    0.00      0.00
    0.00      0.00
    0.00      0.00
    0.00      0.00
    0.00      0.00
    0.00      0.00
    0.00      0.00
    0.00      0.00
    0.00      0.00
    0.00      0.00
    0.00      0.00
    0.00      0.00
    0.00      0.00
    0.00      0.00
    0.00      0.00
    0.00      0.00
    0.00      0.00
    0.00      0.00
    0.00      0.00
    0.00      0.00
    0.00      0.00
    0.00      0.00
    0.00      0.00
    0.00      0.00
    0.00      0.00
    0.00      0.00
    0.00      0.00
    0.00      0.00
    0.00      0.00
    0.00      0.00
    0.00      0.00
    0.00      0.00
    0.00      0.00
    0.00      0.00
    0.00      0.00
    0.00      0.00
    0.00      0.00
    0.00      0.00
    0.00      0.00
    0.00      0.00
    0.00      0.00
    0.00      0.00
    0.00      0.00
    0.00      0.00
    0.00      0.00
    0.00      0.00
    0.00      0.00
    0.00      0.00
    0.00      0.00
    0.00      0.00
    0.00      0.00
    0.00      0.00
    0.00      0.00
    0.00      0.00
    0.00      0.00
    0.00      0.00
    0.00      0.00
    0.00      0.00
    0.00      0.00
    0.00      0.00
    0.00      0.00
    0.00      0.00
    0.00      0.00
    0.00      0.00
    0.00      0.00
    0.00      0.00
    0.00      0.00
    0.00      0.00
    0.00      0.00
    0.00      0.00
    0.00      0.00
    0.00      0.00
    0.00      0.00
    0.00      0.00
    0.00      0.00
    0.00      0.00
    0.00      0.00
    0.00      0.00
    0.00      0.00
    0.00      0.00
    0.00      0.00
    0.00      0.00
    0.00      0.00
    0.00      0.00
    0.00      0.00
    0.00      0.00
    0.00      0.00
    0.00      0.00
    0.00      0.00
    0.00      0.00
    0.00      0.00
    0.00      0.00
    0.00      0.00
    0.00      0.00
    0.00      0.00
    0.00      0.00
    0.00      0.00
    0.00      0.00
    0.00      0.00
    0.00      0.00
    0.00      0.00
    0.00      0.00
    0.00      0.00
    0.00      0.00
    0.00      0.00
    0.00      0.00
    0.00      0.00
   80.00     86.53
    7.76      1.43
    0.00      0.00
    0.00      0.00
    0.00      0.00
    0.00      0.00
    0.00      0.00
    0.00      0.00
    0.00      0.00
    0.00      0.00
 1163.92    407.81
 2521.82   2131.06
 2200.19   2124.41
 1032.96   2439.36
 1824.06   1348.43
 1022.68   1129.89
  995.09    478.97
  819.05    317.12
  241.14     72.33
  231.17     94.01
   56.56     29.71
   69.52     50.46
   69.18     32.66
   32.29     25.08
   61.13     30.76
   21.46     32.79
   28.78     19.59
    9.61      2.60
    9.59      1.73
    0.00      0.00
    1.52      0.87
    0.00      0.00
    0.00      0.00
    0.00      0.00
    0.00      0.00
    0.00      0.00
    0.00      0.00
    0.00      0.00
    0.00      0.00
    0.00      0.00
    0.00      0.00
    0.00      0.00
    0.00      0.00
    0.00      0.00
    0.00      0.00
    0.00      0.00
    0.00      0.00
    0.00      0.00
    0.00      0.00
    0.00      0.00
    0.00      0.00
    0.00      0.00
    0.00      0.00
    0.41      0.41
    0.00      0.00
    0.00      0.00
    0.00      0.00
    0.00      0.00
    0.00      0.00
    0.00      0.00
    0.00      0.00
    0.00      0.00
   14.80     15.06
  191.39    328.49
  437.83    370.21
  216.99    168.53
   21.59     86.97
   43.13    102.21
  103.66    106.34
  121.60    122.22
   87.70     61.36
  112.40     65.49
   60.43     46.13
   16.54     15.17
   58.47      2.16
    0.72      0.72
   17.99     28.80
   14.38      0.71
    0.00      0.00
    0.00      0.00
    2.17      0.00
    0.00      0.00
    0.00      0.00
    0.00      0.00
    0.00      0.00
    0.00      0.00
    0.00      0.00
    0.00      0.00
    0.00      0.00
    0.00      0.00
    0.00      0.00
    0.00      0.00
    0.00      0.00
    0.00      0.00
    0.00      0.00
    0.00      0.00
    0.00      0.00
    0.00      0.00
    0.00      0.00
    0.00      0.00
    0.00      0.00
    0.00      0.00
    0.00      0.00
    0.00      0.00
    0.00      0.00
    0.00      0.00
    0.00      0.00
    0.00      0.00
    0.00      0.00
    0.00      0.00
  137.26    193.52
  155.04    189.96
   70.69    109.89
  125.13    259.83
  334.29    490.46
  455.16    325.21
  247.25    193.59
  148.61     52.54
   72.45    157.93
   93.11    107.36
  126.63     53.07
  127.81    191.71
  196.52    146.10
  150.18     54.48
   93.00     89.35
   86.35     84.03
   61.49     32.69
   22.73      4.92
   31.85      1.43
   33.04     16.58
   28.39     37.59
   12.87      0.83
   40.18     38.31
   22.72     18.01
    9.61      0.00
    1.58      0.00
    0.73      0.00
    0.00      0.00
    0.00      0.00
    0.00      0.00
    0.00      0.00
    0.00      0.00
    0.00      0.00
    0.00      0.00
    0.00      0.00
    0.00      0.00
    0.00      0.00
    0.00      0.00
    0.00      0.00
    0.00      0.00
    0.00      0.00
    0.00      0.00
    0.00      0.00
    0.00      0.00
    0.00      0.00
    0.00      0.00
    0.00      0.00
    0.00      0.00
    0.00      0.00
    0.00      0.00
    0.00      0.00
    0.00     15.03
   30.25      2.08
   17.26     17.20
   75.70    152.18
  276.28    358.23
  289.82    206.27
  170.45    111.19
   49.55     45.86
    1.43      0.72
   45.06    151.48
   15.06     45.73
  140.47     51.10
   47.23    122.82
   91.52     79.46
   93.06     47.36
   81.65     50.11
   33.80     30.26
   30.80     45.82
   46.52     33.70
   30.81     17.25
   30.79      0.71
    3.62      0.72
   16.42     30.77
   15.01      1.49
    0.00      0.00
   14.69     15.59
    1.45      0.00
    0.72      0.00
    0.00      0.00
    0.00      0.00
    0.00      0.00
    0.00      0.00
    0.00      0.00
    0.00      0.00
    0.00      0.00
    0.00      0.00
    0.00      0.00
    0.00      0.00
    0.41      0.00
    0.00      0.00
    0.00      0.00
    0.00      0.00
    0.00      0.00
    0.00      0.00
    0.00      0.00
    0.00      0.00
    0.00      0.00
    0.00      0.00
   30.42     51.75
  150.54    175.71
  115.01    146.01
  122.83    139.63
   47.91    115.06
  130.63    116.71
  198.31    205.55
  352.07    454.40
  314.31    182.72
  203.10    125.01
  125.49     86.49
   38.91      6.06
   94.08     71.53
   50.41    138.95
  102.84    118.61
  168.31     68.25
  151.88    137.26
  102.90    143.36
  124.31     78.28
  120.66     53.00
   39.51     20.04
   32.14     30.36
   32.52     16.55
   45.33     63.49
   15.11     15.90
   16.23      1.44
   31.64      1.42
   18.01     15.83
   15.83     15.82
   14.59     15.07
    1.45      0.00
    1.45      0.00
    0.72      0.00
    0.00      0.00
    0.00      0.00
    0.00      0.00
    0.00      0.00
    0.00      0.00
    0.00      0.00
    0.00      0.00
    0.00      0.00
    0.00      0.00
    0.00      0.00
    0.00      0.00
    0.00      0.00
    0.00      0.00
    0.00      0.00
    0.00      0.00
    0.00      0.00
    0.00      0.00
    0.00      0.00
    0.00      0.00
    0.74      0.65
   18.23     17.50
    1.37     16.46
   16.53     16.43
    4.64      6.94
    7.45      8.84
   16.86     19.29
   10.47     34.90
   52.52     52.16
   46.96     45.91
   15.56      2.10
   13.71      0.65
    4.20      3.40
    0.00      3.99
    1.37     16.98
    6.35      2.16
   34.10     63.05
   15.80     19.72
    5.36      4.19
   31.70      3.53
    9.83      4.19
   14.44      0.72
    1.37     15.07
   15.78     15.71
    0.65      2.03
    1.96      1.44
   17.19      2.16
    1.31      0.72
    2.09      1.37
   14.89     16.53
    0.65      0.72
    0.00      0.00
    1.44      0.00
    0.72      0.00
    0.00      0.00
    0.00      0.00
    0.00      0.00
    0.00      0.00
    0.00      0.00
    0.00      0.00
    0.00      0.00
    0.00      0.00
    0.00      0.00
    0.00      0.00
    0.00      0.00
    0.00      0.00
    0.00      0.00
    0.00      0.00
  108.88    185.00
  111.68    141.29
   95.56    161.46
   64.55    128.38
   23.16     37.81
   51.12     62.28
  118.74     89.51
   67.57     45.74
   77.38     29.35
   97.56     69.76
  159.15     90.98
  141.81     86.55
   95.90     78.27
   23.55     17.64
   92.39     85.17
   42.00     10.71
   56.35     32.52
   37.53     25.43
    4.84      2.81
   13.08     20.00
   17.07     19.22
   20.13     49.27
   18.91     20.96
   19.76      2.82
    1.31      2.16
   21.13      2.88
   14.86      2.03
    0.00      1.31
   15.11     30.27
    0.00      0.00
    2.16      1.31
   15.84      0.71
    2.17      0.00
    2.03      1.43
   16.41      2.08
    0.65      0.65
    0.00      0.72
    0.00      0.00
    0.72      0.00
    0.72      0.00
    0.00      0.00
    0.00      0.00
    0.00      0.00
    0.00      0.00
    0.00      0.00
    0.00      0.00
    0.00      0.00
    0.00      0.00
    0.00      0.00
    0.00      0.00
    0.00      0.00
    0.00      0.65
    0.74      0.00
    2.03      2.75
    2.82      2.03
    0.65     15.65
   19.06     19.37
   31.29     18.62
    6.60      8.96
    6.28     10.13
   44.65     42.72
   26.22     65.96
   49.33     19.37
   17.82     20.57
   15.88      0.72
    1.44     29.38
    0.65     17.70
    0.00      0.00
   48.21     18.49
    0.72      2.68
    2.16      0.65
    4.12      4.77
   17.69     19.11
    5.43     19.97
   19.98      2.74
    2.68     19.76
   15.77     16.44
    3.47      1.44
   17.15      0.71
    1.37      0.00
   16.36      2.88
    1.31      1.44
    0.00      0.65
    0.00      0.65
    0.00      1.31
    1.37      0.72
    0.72      0.00
    2.03      1.44
    1.37      1.37
    0.65      1.37
    0.00      0.00
    0.72      0.00
    0.00      0.00
    0.72      0.00
    0.00      0.00
    0.00      0.00
    0.00      0.00
    0.00      0.00
    0.00      0.00
    0.00      0.00
  137.76    104.86
   93.85    230.21
   39.44     85.79
  112.23    228.24
  110.90     95.23
   42.74     12.16
  110.67     70.40
   49.05     18.75
  118.54     78.06
   89.15     68.65
  112.63    102.73
  110.08     97.21
   56.49     90.86
   93.18     28.43
   92.94     62.16
    7.20      2.81
   25.76     28.12
   28.76     50.14
    2.61     17.68
   27.05      3.97
   17.62      2.87
   16.32      2.68
    0.65     18.06
    5.43      6.29
    2.68     19.22
   20.41     17.26
    3.47      1.44
   18.65      2.74
   17.21     18.59
    0.00     15.76
    2.09      2.68
   17.26      1.36
    0.00      0.00
   17.32      0.72
    0.72      0.00
    0.72      0.65
    0.65      1.37
    0.00      0.65
    0.65      0.00
    0.72      0.72
    1.37      0.72
    1.38      1.38
    0.00      0.65
    0.65      0.72
    0.00      0.00
    0.71      0.00
    0.72      0.00
    0.00      0.00
    0.00      0.00
    0.00      0.00
    0.00      0.00
    0.65      0.74
    0.65      0.65
    1.37      3.40
    2.16      0.00
   14.37     15.75
    4.04      3.54
   17.10     33.56
   18.50      5.51
    6.07      6.92
   35.11     33.91
   40.81     85.80
   57.26     27.70
   20.71     48.48
   47.30     20.65
   33.45     18.50
    2.15      0.72
    2.09     15.09
   14.37      4.06
    0.00      1.31
    3.59     15.64
    1.37     15.64
    2.17      0.72
   30.84      5.36
    1.31      2.03
    7.45     21.35
    2.83      3.33
    3.33      4.26
   18.60      1.36
    2.16      0.00
    4.06      4.12
    0.65      2.09
    0.00      0.00
    4.77      3.54
    1.31      0.72
    1.37      1.44
    0.00      0.65
    0.72      0.00
    0.72      0.00
    0.00      0.65
    0.65      0.72
    0.00      0.65
    1.37      0.72
    0.00      0.00
    0.65      0.72
    1.37      0.72
    0.65      1.37
    0.00      0.00
    0.00      0.00
   15.30     26.07
  131.09    205.44
   37.42     53.03
   83.14    249.69
   97.23    158.38
   65.59     36.55
   63.24     57.63
   90.90     62.94
   78.71     66.75
   85.44     39.20
   76.36     27.68
   55.99     81.86
  141.84     91.36
   98.13    125.48
  134.97    123.50
  100.88     98.07
   70.73     46.43
   99.14     61.40
   29.42     22.17
   13.53      2.87
   12.12     16.33
   17.69      4.46
    0.65      0.72
    1.37     16.56
    0.65     16.48
    0.00      2.61
   18.59      4.71
   17.22      3.63
    7.73      4.12
    2.68     16.42
    1.96      4.26
    3.60      2.03
    3.45      0.00
   19.53      2.11
    7.69      6.16
    0.00      1.31
    4.47      1.37
    6.46      0.00
    1.44      0.72
    4.43      0.72
    0.72      0.72
    0.00      0.65
    2.05      0.00
    0.00      0.65
    0.00      0.00
    0.72      0.65
    0.65      0.65
    0.72      0.72
    0.65      0.00
    7.93      0.72
    0.72      0.65
    0.65      1.37
    0.74      0.00
    2.03      2.09
    2.16      1.31
    0.72     15.02
   16.24      2.09
   18.45     18.52
    2.68      3.47
   17.19     16.46
   21.29     22.61
    5.62      3.47
   34.75     65.52
   41.09     39.58
   22.68     36.61
   37.64     25.41
   22.79     48.57
   17.34     17.67
   34.19     17.88
   17.92     17.92
   15.82      2.67
    1.45      1.31
   16.56      2.76
    2.89     15.00
   15.00      0.71
    2.15      0.00
    0.65      3.99
    0.65      1.96
    4.06      5.57
    4.12      3.47
    6.94      2.82
    1.31      3.40
    1.44      0.72
    4.85      2.82
    0.00      1.31
    0.00      0.00
    2.03      1.37
    4.71      6.28
    1.31      0.72
    2.82      2.10
    0.41      0.65
    0.72      0.00
    0.72      0.00
    1.37      0.72
    0.65      0.00
    0.00      0.72
    0.00      0.00
    0.00      0.65
    0.00      0.00
    0.65      0.72
  125.29    211.65
  111.83    128.34
   20.65    153.20
   93.16    126.86
   64.90     68.53
   54.43    101.10
   50.98     36.70
   55.21     70.55
  158.45     40.45
   73.02     50.25
   62.94     68.00
  176.17    116.35
  106.48    104.10
  143.80     92.69
   17.17     85.82
   82.82     90.58
   68.00     18.67
   30.92     39.78
   16.49     31.95
   16.06     20.86
   15.45     17.61
    5.68     14.79
   43.19     24.90
   19.00      1.43
   69.25     42.64
    1.90     15.84
   47.15      3.03
    6.68      2.68
    2.61      4.06
    2.03      3.47
    2.89      3.99
    3.47      0.72
    6.81      5.70
    2.10      1.96
    0.00      0.72
    4.19      1.44
    0.65      1.96
    0.00      2.03
    0.00      1.31
    3.33      4.12
    2.82      0.72
    2.68      2.16
    3.61      0.72
    0.00      0.65
    0.00      0.65
    0.00      0.00
    0.65      0.00
    0.72      0.72
    0.72      0.65
    0.00      0.00
    0.00      0.65
    0.00      0.65
    1.46      0.00
    2.03      2.75
    2.82      2.68
    2.03     15.01
   15.16      2.82
    3.40     17.19
   32.87     21.39
    3.54      0.65
   18.26     21.23
    4.25     19.19
   49.45     52.34
    7.52      6.15
   25.44     52.43
   49.57     35.42
   19.69     22.56
   24.28     22.61
    7.66      4.19
   16.45      3.39
    4.12      2.10
    2.03     17.82
    1.44     17.60
   16.49     17.10
   19.40     17.03
    0.00      0.00
   32.97      1.45
    0.72     15.76
    0.65      2.68
   15.76      3.42
    4.70      3.61
    3.54      2.75
    1.44      3.92
    1.31      1.44
    6.22      2.16
    3.47      3.40
    0.00      1.37
    2.75      1.44
    0.72      0.00
    1.13      0.65
    1.31      2.75
    1.31      2.68
    2.68      4.19
    1.37      0.72
    4.26      0.72
    1.37      0.72
    0.00      0.00
    0.65      0.65
    0.00      0.72
    0.00      0.00
  126.30    210.60
   71.95    101.62
   54.93    181.64
   29.44     80.42
   71.59     85.50
   36.14     33.05
   29.80     53.12
   59.62     69.15
  138.11     48.37
  103.30     45.67
   61.95     33.04
   65.43     45.81
   65.25     83.33
  121.90    109.92
  115.23    101.46
  122.04    107.28
  144.12     70.06
   38.18     36.45
   29.77     14.67
    4.91     18.33
   11.62      5.14
   42.58     23.41
    4.20      2.75
   54.53     66.73
    3.27     18.73
   46.01      4.27
    6.80     31.66
   15.91     14.45
   15.10      0.71
   16.60     17.46
    1.37      2.68
    3.26      4.19
   19.79      2.15
    2.88      1.31
    2.61      4.78
    0.00      1.37
    4.91      1.44
    2.03      2.03
    0.72      1.37
    3.36      1.44
    1.44      2.03
    0.00      1.96
    0.00      0.00
    1.37      1.37
    4.05      4.05
    2.10      2.16
    0.00      0.00
    3.54      1.37
    1.37      0.72
    0.00      0.00
    0.00      0.65
    1.46      0.65
    1.31      1.31
    0.72      2.75
    2.16      0.00
    2.09      1.37
    0.65      1.37
    2.68      3.47
   17.73     18.40
   18.60     17.15
    1.96      2.09
    4.70     21.22
   22.45     20.62
   18.57     21.75
   26.56     22.50
   38.92     65.69
   63.02     67.01
   35.22     49.57
   39.34      7.66
    4.91      6.87
   20.71      3.46
    1.37     16.36
    2.68      1.37
    2.75      5.43
   15.78      2.75
    0.72      0.00
    3.61      1.96
    0.65      0.65
    2.16      1.37
    0.00      0.65
   14.67     16.89
    1.37      2.03
    3.34     19.20
    5.50      3.47
   16.44      4.13
    3.22      0.41
    2.75      3.47
    2.10      0.65
    2.75      2.16
    0.65      1.31
    1.37      2.75
    1.37      0.00
    2.82      1.44
    1.31      1.37
    0.00      2.03
    0.65      1.37
    1.37      0.65
    3.40      4.84
    0.65      0.65
   48.26     80.22
  131.88    193.68
   61.82    106.37
   48.82    164.30
   76.33    150.48
   80.56     34.36
   33.90     63.67
   47.71     10.99
   61.54     68.61
   45.19     45.16
   32.17     20.68
   72.13     48.56
  111.17     81.39
   71.99     44.75
   58.04     21.53
   35.66     35.37
   69.73     72.25
   73.91     86.85
   87.92     85.12
   78.18     80.01
   78.73     11.41
   83.27     85.82
    3.47      2.82
   64.57     10.81
   27.07     23.24
   12.42     20.31
   76.93     44.99
   15.90      2.17
    9.60      0.00
    4.10      2.83
    0.00      0.00
    1.31      1.44
    1.37      2.03
   15.25     18.41
    1.96      2.10
    4.20     17.29
    2.82      3.98
   35.30     38.65
   45.20      6.47
   15.79     27.90
   27.33      7.00
    4.18      2.10
   10.90      2.39
    0.65      3.47
    1.44      1.31
    2.75      2.10
    0.65      0.72
    0.72      0.00
    1.37      1.37
    0.72      1.31
    2.03      2.75
    1.31      2.75
    0.72      1.31
    4.86      2.82
    2.16      1.96
    1.44      0.00
    2.75      2.75
   15.04     15.82
    4.12      1.37
    1.37      4.12
    4.84      3.47
    2.75      1.37
    3.33      3.40
   33.49     50.35
   20.02      4.84
    4.19      8.69
   15.06      7.73
   17.85     21.45
   34.78     34.83
    5.49     19.77
   50.12     65.55
   22.03      6.28
   19.10      6.21
   19.28     47.92
    3.40      1.44
    0.00      2.03
   34.69      6.79
    2.80      2.75
    4.33      0.00
    0.72     15.67
    0.72      0.65
   16.54      0.71
    0.00      1.31
    0.65      0.65
    0.72      2.68
    4.06      3.47
   18.37     18.08
    0.72      2.61
    4.12      3.40
    2.75      2.17
    2.75      1.44
   17.61     17.62
    0.00      0.65
    2.03      2.10
    0.72      0.65
    2.10      2.03
    1.37      1.37
    4.05      2.16
    0.72      1.37
    1.37      0.72
  113.23    170.17
   31.96     78.81
   14.44    172.95
  104.15    146.67
   73.09    130.26
   53.11     14.50
   10.99     35.39
   24.37     42.72
   39.39     27.43
   62.56     48.84
  128.91    115.28
   81.45     78.51
  128.58    104.69
   22.71     54.21
  155.20    110.06
   70.94     62.42
   19.41     18.48
   37.18     21.17
    6.01     40.55
   87.64     61.81
   60.65     52.83
   89.38     91.14
   21.02     19.79
   80.60     46.09
    3.47      4.19
   15.27     16.97
   15.52     32.66
    4.12      2.75
   36.18      8.59
    2.10      0.72
    2.10      0.00
    1.37     16.25
    0.00      0.00
   16.15      1.43
    0.65      1.37
    0.65      3.98
    1.96      2.82
    3.47      1.44
   17.22      2.67
    3.33      3.47
    1.37      2.10
    2.10      2.03
    2.75      0.72
    2.16      2.03
   14.35     14.35
    4.05      3.61
    0.65      1.31
    0.00      3.33
    2.75      2.10
    2.75      1.44
    1.44      0.00
    1.38      0.00
    1.46      2.03
    2.03      2.75
    1.44      1.96
    2.68      3.47
    1.37      2.03
   16.36     17.72
    6.87      3.54
    2.09      4.72
    4.77      3.47
    3.54      2.10
    2.03      2.03
    5.43      5.57
   19.91     32.93
   34.16     37.56
   23.82     20.87
   39.92     38.29
   18.30      2.68
    4.78      8.18
    6.29     18.99
   48.46     48.97
    5.50      4.84
   35.87     37.56
   18.39     18.47
   21.52     17.18
    2.09      2.16
   15.81      4.72
    1.96     20.43
    3.47      2.75
   20.68     15.71
   16.55      2.75
    0.72      0.72
    1.44     15.64
    1.40      0.65
    0.72      0.65
   16.43      2.76
    3.33      4.85
    2.75      1.37
    2.50      3.40
    2.82      1.37
    2.03      2.03
    2.09      1.44
    2.09      2.03
    2.03      0.72
    0.65      3.40
    1.44      0.00
    2.75      1.44
    1.37     17.13
   56.82     75.52
   48.81     80.19
  102.07    171.99
   36.95     94.40
   53.90    172.07
   76.35     83.91
   57.23     37.38
   42.85     21.39
   55.95     54.85
   56.03     10.37
   68.48     30.40
   56.38     45.22
   64.27     46.73
   63.65     22.89
   42.50     55.93
   31.64     71.27
   83.51     90.92
  122.71     69.06
   26.96     44.19
   97.33     96.61
   19.90      6.44
    4.86     22.96
   50.18     21.34
    2.09     16.31
   30.64     24.71
   18.48      4.85
   76.28     65.31
   32.43     22.82
    8.35     16.39
    9.94      3.75
   50.10     27.80
    1.37     19.95
   55.81     41.89
    1.31      2.16
   46.79     32.07
    4.19      1.38
    0.65     15.82
   27.09     22.75
   13.54      4.82
   58.77     56.64
    3.47      2.75
   12.33      0.72
    7.85      4.20
    2.09      2.03
    0.65      1.44
    2.16      0.65
    1.59      0.00
    0.65      1.31
    2.68      3.47
    2.09      0.72
    2.09      1.44
    1.72      4.46
    0.74      2.61
    3.40      3.47
    3.47      2.75
    4.19      0.72
    2.09      2.09
    0.72      0.00
    0.65      2.03
    3.33      4.19
    1.37      3.33
   21.66     20.68
    2.75      4.12
    3.47      2.03
    4.71      6.97
   19.79     17.54
    8.24      8.24
   36.09     52.87
   42.32     20.55
   35.01     51.62
   48.55     36.92
    8.40      4.78
    6.15     35.71
   20.08     17.93
   16.96      3.47
    4.12     18.50
   17.90      2.81
   19.14     22.03
    4.12      2.89
    1.44     14.37
    1.37     20.28
   16.15      2.09
   22.06      4.11
    1.44      2.03
    2.03      2.10
    2.16     15.04
    1.31      1.37
    2.83      2.09
   13.72      2.03
    2.50      2.68
    3.98      3.47
    2.75      3.47
    2.09     17.12
    2.88      1.31
   15.75      2.17
    5.58      2.10
    0.65      1.44
    1.44      0.00
    0.00      1.31
    0.00      1.31
   81.84    126.18
   99.60    133.17
   60.33    141.47
   30.53    160.26
   30.72     56.67
    9.00     12.89
   68.03     66.29
   90.29     73.99
   40.79     50.21
   76.24     92.97
   31.39     21.45
   56.58     64.92
  108.04     74.27
  147.56     56.62
   69.49     72.06
   79.49     58.60
   28.26     17.18
   70.36     96.44
   53.00     62.80
   69.89     58.40
   36.39     45.72
   83.05     58.64
   57.00     45.57
   97.15     76.05
   17.41     45.37
  143.77     78.89
   32.14     25.06
   15.88      7.16
   13.96      5.42
    7.90      3.68
    0.00      0.65
    3.33     16.82
    3.41     20.09
   17.10      3.47
   20.04      2.83
    0.65      1.44
    0.72      0.65
    0.65     16.17
    0.72      0.65
    3.33      4.85
   17.63      2.75
    0.65      2.75
    4.85      2.75
    2.75      1.44
    4.12     18.26
    0.00      2.03
    2.03      0.72
   17.70      2.82
    2.12      0.68
    0.72      0.00
    0.65      0.00
    0.75      3.33
    2.03      1.96
    3.27      4.19
    5.70      4.19
    1.31      2.75
    0.00      0.65
    2.16      1.96
    4.05      1.37
    6.15      5.70
    3.47      4.78
    3.40      4.12
    2.10      2.03
   17.22     31.33
   19.15      7.53
   19.76     17.47
   21.84     24.20
   21.42     36.79
   53.62     40.05
   28.94     38.09
   17.79      4.86
   18.58     20.68
    6.93      6.09
    5.57      4.20
    4.12     19.09
   18.50     33.06
   31.93     34.44
   19.32      4.85
   35.59     17.26
    4.78      6.22
    2.82      0.72
    1.37      3.99
    1.37      2.68
    4.92     16.46
    3.47      3.99
    2.10      1.38
   17.28      2.18
    2.16      0.65
    0.00      0.65
    0.68     16.31
    0.65      2.03
    2.75      1.38
   20.49      6.94
    2.10      2.10
    2.03      3.40
    1.44      0.00
    3.47      2.75
    3.40     16.45
    0.00      1.38
   78.20    105.50
   67.64     79.25
   67.36    179.95
   34.70     93.81
   57.35    130.21
   28.34     31.63
   35.29     38.87
   56.52     53.37
   23.18     57.17
  109.31     78.21
   42.07      5.92
   41.24     22.43
   62.32     26.16
   55.78     25.36
   94.00    106.31
   64.11     53.82
  106.44    110.07
   65.46     29.33
   17.85     32.70
   49.24     43.89
  123.77     94.65
   19.70     10.88
   65.25     77.73
   20.88      7.10
   71.79     49.09
   74.87     60.11
   66.62     56.93
   66.27     51.98
   63.08     73.90
   51.78     54.30
   59.63     25.90
   21.42      3.54
   28.81     17.98
   31.10      3.68
    2.61      4.91
    4.12      2.10
    2.10      2.75
    3.40     17.92
    0.00      0.00
    3.47      1.44
    0.72      0.65
    0.00      0.00
    1.31     19.81
    1.31      2.75
    1.37      2.03
   23.49      3.61
    1.44      1.37
    3.33      4.85
    0.00      0.65
    1.38      0.72
    2.10     15.76
    2.10      2.75
   16.57      2.10
    3.47      2.10
    2.82      2.03
    0.65      0.00
    1.70      2.10
    0.00      3.92
    3.34      2.03
    4.12      4.91
    6.15      4.25
    3.54      2.68
    4.05      5.56
    4.19      2.03
    1.38      2.10
   20.17     35.72
    4.91      4.26
   36.92     37.45
    4.91      6.01
    7.00     10.78
   12.37     36.37
   37.61     23.17
   21.22     18.57
    5.50      5.43
   20.44      5.63
    4.13     18.42
   17.10      3.54
    3.33      4.84
   33.51     46.80
    3.41      3.41
    6.95      4.92
   32.67     50.80
   18.47     18.54
   32.28     32.89
    2.16      1.31
    4.13      3.40
   36.17     19.42
   19.07      4.71
    2.10      0.72
    2.89      1.38
    0.00      0.65
    2.03      1.37
    0.00      2.03
    0.72      1.31
    1.37      0.72
    4.71      7.53
    2.75      1.37
    1.38      2.75
    2.89      0.00
   18.47     27.69
   96.24    133.60
   31.88    106.73
   63.22    172.30
   28.47    111.27
   97.16    108.06
   99.90     92.54
   22.86     68.29
   24.05     11.79
   28.49     55.73
   41.78     31.82
   57.85     23.28
   17.03     16.01
   63.20     27.98
   54.78     29.31
    2.90     28.54
  101.48     79.95
   57.66     48.91
  108.11     79.87
  100.54     54.79
   47.77     59.99
  117.75    120.45
   88.08     32.74
   52.70     79.16
   90.55     36.65
   17.05     23.96
   44.10     20.98
    7.92      3.46
   17.20     18.60
   16.28      4.34
   30.75     24.47
   25.95     38.45
   44.16     44.33
   29.96     11.04
   20.70      2.82
   26.83     33.34
   18.44     19.44
   17.13     33.00
    2.75      2.89
    4.90      3.40
   20.60     18.79
   30.84      1.44
    0.72      0.65
    0.00      0.65
    2.10      1.37
    2.61      4.12
    1.37      3.40
    0.65      1.37
    7.66      2.82
    0.65      0.72
    1.38      2.75
    1.37      0.72
    1.38      1.38
    4.80      3.54
    1.44      3.27
    1.31      1.31
    0.65      2.82
    3.54      1.38
    2.75      2.03
    2.75      2.10
   18.43     19.37
    1.38      3.40
    2.82      3.99
    4.78      4.78
    6.15      3.47
    3.47      2.88
    4.06      4.78
   19.94     20.60
   20.54     23.31
    6.94     34.41
   34.10     10.07
    8.39      6.88
   27.30     23.82
    4.85      8.20
   18.19     33.35
   22.25      4.19
   33.80     48.54
   20.13     34.22
   20.07      3.47
    1.37      2.10
   19.65      4.19
    2.75      5.43
    6.08      4.19
    3.51      2.84
   17.14     34.34
    4.12     17.90
   30.25      4.06
    2.16      0.00
   17.68     16.17
    3.36      4.79
    3.40      5.43
    3.40     32.17
    4.33      0.72
    2.03      0.72
   31.82      2.03
    0.00      2.75
    0.65      2.68
    2.75      0.72
    5.36      7.67
    2.82      0.65
   89.85    152.07
   17.36     26.52
   90.66    232.00
   59.79     84.54
    2.03     80.24
   74.62     69.70
    8.99     16.52
  109.27     89.62
   77.95     68.24
   52.08     27.97
   57.73     30.53
   18.89     17.75
  100.94     48.36
   29.20      5.75
   77.08     74.82
   80.86     62.38
   65.85     72.11
   62.77     62.69
   98.96     76.95
   36.77     26.63
  119.13     73.34
  111.33     56.03
   56.12     44.72
   46.08     52.12
  118.84     47.69
   42.50     28.47
   36.84     40.73
   37.86     17.88
   69.62    103.24
   28.84      3.71
   55.60     52.04
   30.01     31.98
   28.80      7.27
   13.93      2.79
    6.50      1.38
    4.86      5.52
    4.87      2.10
    2.68      2.10
    0.65      2.89
   15.83     17.86
    2.03      1.48
    4.73      4.78
   17.12     19.27
    2.16      1.31
    2.03     30.95
    0.72      0.72
    1.44      0.65
    4.77      3.41
    2.67      6.15
    1.37      2.10
    6.94      2.17
    1.44      0.72
    2.77      2.75
    2.03      2.75
    2.16      1.31
    1.96      2.17
    1.37      2.68
    0.00      1.31
    0.72      0.65
    3.40      2.77
   20.51     19.27
    4.87      4.85
    2.10      3.34
    4.78      4.85
    2.17      0.65
    0.65      2.68
    3.99      4.20
    6.08      6.24
    7.71     22.57
   23.34      8.27
   20.70     20.92
   22.78     55.01
   41.21      8.39
    4.71     36.78
   38.74     23.00
   23.93     21.89
   20.62     17.93
   34.35     36.67
   17.85     17.92
   33.64     32.37
   20.59     20.58
    3.23      3.09
    4.91     18.34
   21.36      5.76
   18.58     17.95
    1.39      2.10
   16.35      7.49
    4.92      4.12
    2.10      0.65
    2.98      0.72
    2.82      0.72
    1.31      2.61
    2.14      4.82
    3.99      3.56
    3.61      0.72
    0.65     15.85
   15.84      3.40
    1.31      2.61
    1.31      4.19
   80.06     55.09
   37.55    137.06
   51.53    133.33
   42.04    165.89
   51.24    103.19
  115.56     75.02
   72.00     75.31
   21.18     64.07
  107.70    104.27
   40.99     24.84
    4.27     23.42
   69.75     26.34
  124.19     60.95
   25.52      5.70
   54.54     60.80
   14.93      6.97
   40.14     69.45
   56.02     13.24
   52.12     63.87
    8.18     38.49
   47.82     52.90
   72.80     48.24
   58.35     11.62
   96.06     89.81
  101.64     67.57
   68.23     47.63
   35.55     50.21
   87.15     33.55
   41.57     12.07
    3.40     17.61
   14.35      5.99
   98.45     64.25
    6.86     18.07
   53.61     59.55
   96.44     77.83
   24.94     34.10
   26.24      3.59
   19.04     16.16
    4.76      6.30
   17.71      2.76
    5.28      4.98
    0.72      0.72
    0.72      0.00
    2.03      1.96
    3.44      5.61
    2.68      2.84
    0.74      0.00
    2.82      2.03
    0.00      0.65
    0.65      0.65
    1.31      4.06
    2.75      4.12
    2.68      4.78
    8.33      4.19
    5.65      4.78
    2.75      2.75
    2.03      1.44
    1.44      0.00
    2.03      0.72
    2.10      2.78
    0.65      3.33
    2.68      3.40
    4.85      4.19
   22.55     19.89
    4.13      4.15
   16.97     16.22
    2.03      0.72
    0.00      2.03
    6.02      6.18
    7.55     10.35
    6.29      4.71
    4.13      7.57
    9.55     39.13
   25.59     34.77
   28.11     27.11
    4.92     20.53
    3.39     35.99
   39.05     22.40
    7.08      4.85
    6.89      4.21
    2.10      3.34
    1.37     15.76
    3.47     18.99
    3.47      2.17
    7.36     20.36
   34.56      6.87
   19.93     20.68
    4.07     32.14
   32.71     18.30
    4.06      5.59
   18.80     19.64
   17.90      1.37
   18.61      1.43
    3.46      1.44
    0.00      2.61
    3.44      2.79
    2.75      2.12
    3.49      2.82
    0.00      0.00
    0.72      0.00
   93.08    132.51
   47.26     57.54
   31.43    198.52
    6.74     57.71
   24.96    102.33
   62.01     71.04
   54.37     95.46
   49.54    107.46
   74.97     47.77
   42.80     49.42
   77.67      3.74
   23.40     14.45
   70.11     64.65
   72.03     42.28
  109.58     60.90
   80.57     38.86
   58.26     73.94
   26.71     23.43
   55.10     41.67
   52.68     33.56
   83.20     40.37
   67.82     48.00
   75.04     60.68
   95.23     73.52
   39.94     54.44
   91.19     43.43
   41.76     27.33
   34.24     51.40
   47.50     11.21
   15.77     21.08
   79.96     24.33
   86.46     34.69
   28.54     31.52
   30.10     30.52
   15.05     58.65
   40.02     22.89
   60.35     39.60
   20.71      5.73
   34.48     18.93
    4.85     18.18
   18.17     20.08
   20.52     18.54
   18.26     20.09
    0.00      0.65
   33.10      1.43
    3.48      2.03
    4.16      5.61
    2.05      2.12
    2.11      0.65
    0.00      0.72
    1.44      0.65
    0.00      0.65
    1.39      4.64
    3.99      6.22
    4.19      4.71
    4.78      2.82
    3.54      1.44
    2.75      3.40
    2.16      0.65
    2.10      1.38
    2.61      1.37
    4.85      5.64
    3.40      5.38
   19.44     19.13
    3.40      2.68
   20.82     17.99
    1.96      2.82
    1.96      2.77
    4.21      4.06
    6.15      6.88
    5.57      2.84
    1.31      5.43
    8.19      8.86
   20.57     55.25
   30.81     38.31
   24.04      8.54
    6.89     21.25
   23.46     38.41
   19.24     21.29
    6.22      4.05
   19.13     33.69
    3.40      5.45
   35.36      4.19
   18.19     19.81
    6.35      2.82
    2.16      2.05
    3.47     16.48
    5.37      5.61
   18.31     34.67
    4.09      4.86
   18.35     17.69
   21.48      7.61
   19.24     19.08
    3.47      2.16
   17.27     17.26
   17.15      3.40
    0.72      1.96
    4.73      4.23
    5.66      2.84
   71.82    117.20
   16.26     28.60
   62.47    209.22
   43.11    101.66
   43.96    161.62
   29.36     40.33
   19.18     26.86
   44.62     28.77
    9.05    105.26
   65.78     82.70
   10.46      2.17
   37.45     86.88
  108.09      4.05
   10.84      4.90
   46.73     21.65
   16.23      5.97
   55.33     33.05
    1.44      0.00
   54.28     83.84
   29.30     13.47
   59.04     60.41
   20.83      6.95
   82.08     93.58
   68.61     60.27
  116.29    111.45
   70.16     87.52
   74.47     54.72
   26.75     28.50
   26.67     38.02
  146.07     40.06
   28.89     43.72
    7.03     19.73
   74.45     66.72
   18.61     36.27
   55.79     27.93
   19.92      9.23
   33.42     45.19
   45.79     15.79
   26.51     25.98
   17.95      3.44
   31.31     48.70
   47.34     44.67
    1.96     19.90
   16.20     17.30
   22.61      6.36
   19.31      2.09
    2.03     17.87
    1.39      1.46
   19.96      4.84
    3.44      4.90
    3.42      3.49
    4.43      0.72
    0.65      0.00
    2.68      3.56
    2.16      2.61
    1.31      3.41
    2.68      4.06
    1.37      2.75
    4.13      2.10
    3.54      2.75
    2.10      2.03
    3.47      2.03
    4.12      3.47
    4.13      3.40
    4.06      6.94
    3.41      5.23
    6.29      5.00
    2.75      1.44
    1.31      2.75
    6.36      4.06
    4.71      5.50
    5.57     19.24
   17.54      6.15
    7.61      4.80
    4.85      6.87
    7.45     23.84
   28.22     27.78
   20.67     35.39
   20.06      6.02
    6.80      5.63
   36.40     35.76
    6.87      6.40
    4.16     19.58
   18.30     32.24
    2.18     19.00
   17.79     33.36
   51.12      9.01
    5.59      4.78
   19.32      2.10
   19.74     33.04
    4.23      4.15
    6.84      6.33
   16.64      0.74
   18.52     20.64
    3.51     35.50
    0.71      2.61
   21.47      2.16
   17.92      2.82
    2.75      5.36
   16.97     29.27
   82.74    115.69
   50.38    130.76
   35.38    131.88
   25.72    108.06
   30.06     50.73
  108.76    110.60
   43.67     80.27
   35.18     62.34
   62.64     69.05
    1.97     10.40
   55.95     27.96
    4.23      3.40
  110.69     27.80
  127.89     64.58
   10.60      4.15
   42.81     33.73
   37.53     25.50
   62.49     53.27
   66.41     60.44
   88.68     69.37
   47.63     41.47
   43.11     63.47
   78.31     41.10
   79.49     77.03
   61.19     29.69
   58.29     98.24
   12.45     34.34
   48.27     72.75
   64.42     13.06
   53.39     22.12
  137.08     92.23
   17.18      8.06
   18.23     48.31
   68.03     18.97
   19.57     17.75
   67.06     93.57
   19.40     28.18
    4.26      4.14
   21.38      7.21
    6.14      4.23
    5.74     20.00
    4.94     18.39
    4.16      2.16
   23.76      4.90
    6.86      4.93
    0.00     17.56
    2.09     17.77
   17.63      2.17
    3.40      2.75
    4.61      3.88
    3.92      4.21
    4.92      6.28
    4.87      3.49
    4.21      3.40
    1.31      0.65
    1.38      2.10
    2.10      4.06
    2.10      3.99
    1.31      2.10
    4.84      3.47
    5.57      3.40
    4.78      6.22
    3.54      2.03
    3.40      2.16
    4.85      3.99
    5.57      5.57
    1.31      0.72
    0.00      4.64
    4.28      2.05
    4.64      6.16
    9.04      6.29
    4.13     19.14
   18.73      4.71
    8.83      7.66
    2.75     19.87
   25.14      9.65
   11.44     12.63
   37.48     54.15
    8.46      4.71
   19.19     20.37
   36.52     33.83
   18.52     33.56
    1.44      1.31
   19.90      6.26
    3.49     19.53
    5.62      3.51
   48.42     34.01
   31.92     36.18
   20.67     33.68
    4.05      4.14
    5.52      5.59
    4.24      5.47
   23.32      7.83
    3.42     17.10
    4.12      7.49
   17.96      0.74
    6.38      3.39
    2.03     17.04
   47.98     54.13
   49.21    107.82
   42.10     95.93
   55.34    182.37
   53.19     75.94
   74.38    134.79
   18.16      2.82
   54.37     45.66
   40.50     29.17
   22.86     79.79
   48.87     28.51
   47.84     16.72
   37.33     61.29
   45.12     11.43
   50.52     27.67
    4.85      2.82
   70.07     55.50
    2.75      2.75
   23.73     41.60
  101.00     32.69
    3.40     41.70
   64.28     13.90
   66.81     75.30
   26.25     21.50
   36.46     81.78
   20.65     31.71
   30.08     47.35
   59.69     52.59
   10.16      6.87
   82.29     76.63
   41.16     28.51
  112.33     41.98
   36.55     50.90
   47.52     23.09
   17.05     24.45
   52.72     44.41
   43.27     37.05
   70.27     65.85
   29.14      9.94
   48.94     20.57
   46.92     43.47
   15.72     19.07
   45.66     30.86
   30.14     46.81
    6.84      6.28
   14.48      3.58
   23.70      4.77
    6.69     22.33
    3.79      1.46
   17.22      2.09
    2.03      2.75
    2.77     16.55
    2.68      2.82
   18.66      4.71
    4.72      6.25
    4.84      3.40
    3.49      4.28
    1.96      2.12
    2.18      1.37
    1.38      0.65
    2.17      4.64
    3.27      4.78
    7.46      7.01
    4.86      6.22
    5.57      3.40
    3.47      4.06
    6.29      4.85
    2.16      0.00
    3.41      3.47
    1.38      3.34
    2.82      1.31
    3.99      8.83
    5.66      2.82
    5.50      3.43
    4.84      6.87
    7.52     20.36
   19.07      4.78
    8.05     23.29
   25.34     14.13
    7.00      7.32
   24.10      9.71
    6.31      4.86
   19.86     35.59
   22.46     33.41
   34.34     17.74
    1.44      1.38
    2.84      2.70
   36.07     50.27
    4.21     19.57
   35.30     34.39
   18.61      6.10
   34.88     20.14
   20.08     18.57
    4.13      3.54
    1.39      4.09
   19.27     20.09
    5.55     19.20
    3.40      5.39
    4.90      5.64
   68.47     83.04
   35.41     22.25
   62.66    154.53
   65.70     55.61
   39.64    159.24
   34.40     57.21
    2.79     54.71
   47.23     38.46
   20.48     79.41
   41.14     78.03
   22.51     49.27
   34.58     13.09
   36.98     14.25
   26.58     32.82
    5.36     15.89
   33.23      6.19
   51.30     69.37
   18.16      6.19
   79.06     50.59
   21.28     15.83
   94.89     77.61
   40.88     24.79
   79.80     40.02
  106.77     71.34
   16.94      6.40
   81.33    101.59
   71.36     62.39
  107.22     63.33
   44.67     63.66
   86.69     66.97
   70.43     53.16
   40.17     32.66
   77.88     27.20
   68.08     89.77
   44.08     78.13
  134.69     49.35
   36.67     39.10
   85.12     57.96
   37.95     48.73
   46.30     41.67
   23.51     36.75
   32.40      3.99
   38.47      9.83
   17.18      5.59
   30.57     23.43
   17.46      6.34
   57.85     39.51
    9.04      3.49
   11.73      3.55
    7.27     24.03
    4.16      3.58
    2.86      1.38
   18.86      4.99
    5.47      4.09
    4.71      9.04
    1.31      1.46
    2.84      2.68
    6.26      2.86
    2.70      2.18
    1.46      1.38
    1.38      3.34
    2.68      2.03
    4.71      6.87
    5.52      6.24
    5.50      4.06
    5.50      7.67
    4.91      6.01
    7.53      6.22
    2.82      2.10
    4.26      2.03
    2.16      0.65
    4.06      4.06
    6.15      7.60
    2.10      2.75
    2.75      4.71
    3.47     19.09
   26.86     22.94
   20.69      6.81
    6.15      7.59
   10.21     10.43
    6.22      4.80
    4.85      8.19
    7.70      3.49
    4.78      5.50
   19.97     20.64
   21.24     19.97
    2.83     16.49
   45.10     35.38
   19.74     19.23
   20.71     63.02
   21.49     19.31
   23.16      5.66
    2.18      5.31
    4.73     18.00
    4.12      4.14
    4.73      4.87
   18.37      4.80
    4.15     18.97
    4.96      2.20
   16.96      0.65
    0.73      0.00
    0.00      0.00
    0.65      0.93
    0.00      0.00
    0.00      0.00
    0.00      0.00
    0.00      0.00
    0.00      0.00
    0.00      0.00
    0.00      0.00
    0.00      0.00
    0.00      0.00
    0.00      0.00
    0.00      0.00
    0.00      0.00
    0.41      0.41
    0.00      0.00
    0.00      0.00
    0.00      0.00
    0.00      0.00
    0.00      0.00
    0.00      0.00
    0.00      0.00
    0.00      0.00
    0.00      0.00
    0.00      0.00
    0.00      0.00
    0.00      0.00
    0.00      0.00
    0.00      0.00
    0.00      0.00
    0.00      0.00
    0.00      0.00
    0.00      0.00
    0.00      0.00
    0.00      0.00
    0.00      0.00
    0.00      0.00
