      h_eth1      
 KB/s in  KB/s out
    0.00      0.00
    0.00      0.00
    0.00      0.00
    0.00      0.00
    0.00      0.00
    0.00      0.00
    0.00      0.00
    0.00      0.00
    0.00      0.00
    0.00      0.00
    0.00      0.00
    0.00      0.00
    0.00      0.00
    0.00      0.00
    0.00      0.00
    0.00      0.00
    0.00      0.00
    0.00      0.00
    0.00      0.00
    0.00      0.00
    0.00      0.00
    0.00      0.00
    0.00      0.00
    0.00      0.00
    0.00      0.00
    0.00      0.00
    0.00      0.00
    0.00      0.00
    0.00      0.00
    0.00      0.00
    0.00      0.00
    0.00      0.00
    0.00      0.00
    0.00      0.00
    0.00      0.00
    0.00      0.00
    0.00      0.00
    0.00      0.00
    0.00      0.00
    0.00      0.00
    0.00      0.00
    0.00      0.00
    0.00      0.00
    0.00      0.00
    0.00      0.00
    0.00      0.00
    0.00      0.00
    0.00      0.00
    0.00      0.00
    0.00      0.00
    0.68      0.00
    0.00      0.00
    0.00      0.00
    0.00      0.00
    0.00      0.00
    0.00      0.00
    0.00      0.00
    0.00      0.00
    0.00      0.00
    0.00      0.00
    0.00      0.00
    0.00      0.00
    0.00      0.00
    0.00      0.00
    0.00      0.00
    0.00      0.00
    0.00      0.00
    0.00      0.00
    0.00      0.00
    0.00      0.00
    0.00      0.00
    0.00      0.00
    0.00      0.00
    0.00      0.00
    0.00      0.00
    0.00      0.00
    0.00      0.00
    0.00      0.00
    0.00      0.00
    0.00      0.00
    0.00      0.00
    0.00      0.00
    0.00      0.00
    0.00      0.00
    0.00      0.00
    0.00      0.00
    0.00      0.00
    0.00      0.00
    0.00      0.00
    0.00      0.00
    0.00      0.00
    0.00      0.00
    0.00      0.00
    0.00      0.00
    0.00      0.00
    0.00      0.00
    0.00      0.00
    0.00      0.00
    0.00      0.00
    0.00      0.00
    0.00      0.00
    0.00      0.00
    0.00      0.00
    0.00      0.00
    0.00      0.00
    0.00      0.00
    0.00      0.00
    0.00      0.00
    0.00      0.00
    1.22     25.97
    0.00      0.00
    0.00     25.77
    0.00      0.00
    0.00      0.00
   21.77     27.31
    0.00      0.00
   51.60      2.24
    0.00      0.00
    0.00      0.00
    0.00      1.11
    0.00      0.00
    0.00      0.00
  487.91     41.71
  139.56    164.81
  300.56     83.41
  438.42    224.98
  396.83    313.96
  444.41     20.49
  380.74    177.27
  242.73    180.81
  650.01    628.74
  419.32    391.94
  505.72    267.86
  418.96    462.01
  710.34    475.90
  615.28    506.98
  467.63   1222.00
  498.42    303.37
  350.14   2200.06
  472.36    392.67
  854.38    357.44
  604.09    545.46
  550.71   1242.91
  683.03    993.70
  639.17    603.94
  685.92    693.51
  415.85    488.64
  497.37   1333.35
  523.43    706.34
  533.01    208.68
  540.05    517.30
  429.35    857.74
  461.18    220.28
  363.41    407.72
  534.47    102.32
  309.68    332.34
  211.18    138.13
  238.32    228.39
  235.89    109.06
  120.97     92.61
  263.50    159.99
  111.27     73.50
  185.33     65.48
   56.24     61.78
   66.36     48.02
   59.85     35.17
   76.65     30.91
   51.46     45.94
   86.77     52.73
    8.48      3.32
   19.95      9.18
    0.72      0.00
    1.59      0.00
    0.00      0.00
    0.00      0.00
    0.00      0.00
    0.00      0.00
    0.00      0.00
    0.00      0.00
    0.00      0.00
    0.00      0.00
    0.00      0.00
    0.00      0.00
    0.00      0.00
    0.00      0.00
   28.74     28.86
    0.00      0.00
   15.81     15.17
    0.00     43.10
    0.00      0.00
   45.32      2.88
   15.82     15.59
    0.00      0.00
   57.90     58.36
   15.08     28.78
   16.60     29.46
    2.16      0.00
   58.25     60.27
   71.88     88.02
   15.15     29.46
   19.49     29.48
   58.41     59.02
  103.57     92.18
   28.80     44.61
   45.47     28.74
   61.23     62.61
   44.62     29.60
   31.02     73.99
   44.68     15.89
   59.19    103.33
  132.97     91.93
  103.59     60.60
   32.42     59.66
   59.10     17.01
   72.67     45.48
   30.17     72.60
   43.96     15.15
   15.87     15.81
   44.32     30.88
   31.82     29.22
   15.51     15.57
   15.15      0.72
   15.10     14.44
    1.44      0.00
    0.00      0.00
    0.00      0.00
    0.00      0.00
    0.00      0.00
    0.00      0.00
    0.00      0.00
    0.00      0.00
    0.00      0.00
    0.00      0.00
    0.00      0.00
    0.00      0.00
    0.00      0.00
    0.00      0.00
   29.58     30.43
   14.37     14.43
   16.23     15.58
    0.72     44.37
    0.00      0.00
   46.53      2.90
   14.78     15.77
    0.00      0.00
   60.08     76.01
   14.79     14.84
   17.75     30.29
   16.29      0.00
   29.21     46.07
   75.47     91.18
   46.67     61.32
   32.10     61.70
   62.24     17.66
   76.30     62.16
   59.92     92.46
   45.93     45.13
   62.24     45.85
   33.19     61.38
   32.62     30.30
  119.72    108.47
   75.90     62.15
  105.82    106.37
   76.89     90.88
   63.71     33.27
   48.04     31.47
   45.13     59.97
   45.24     30.36
   30.36     31.09
   32.04     30.31
   14.79     15.15
   31.45     15.76
   15.71     15.05
   14.79     14.85
    0.72      0.00
    1.44      0.00
    0.00      0.00
    0.00      0.00
    0.00      0.00
    0.00      0.00
    0.00     14.79
   15.58      0.72
    0.00      0.00
    0.00      0.00
    0.00      0.00
    0.00      0.00
    0.00      0.00
    0.00      0.00
    0.00      0.00
   29.98     30.84
    0.00      0.00
   16.44     15.79
    0.00     45.02
    0.00      0.00
   47.92      2.18
   14.99     15.88
    0.00     14.99
   60.80     45.89
   30.79     30.77
    1.44     14.99
   31.50     30.79
   31.40     75.87
   45.76     32.22
   61.61    105.73
   31.55     17.87
   78.09     32.21
   30.79     46.49
   60.74     92.40
   92.37     49.33
   14.99     62.20
   79.23     93.43
   94.65     77.47
  107.64     50.89
   45.71     90.90
  122.95     93.90
   60.82     32.20
   62.98     32.21
   30.79     46.52
   15.78     14.99
   47.13     47.99
   30.78     15.78
   31.61     31.44
   15.71      0.71
   31.73     15.88
    0.00      0.00
   30.09     30.21
    0.72      0.00
    1.44      0.00
    0.00      0.00
    0.00      0.00
    0.00      0.00
    0.00      0.00
    0.00      0.00
    0.00      0.00
    0.00      0.00
    0.00      0.00
    0.00      0.00
    0.00      0.00
    0.00      0.00
    0.00      0.00
    0.00     14.99
   45.25     31.77
    0.00      0.00
   16.56     15.90
    0.00     45.31
    0.72      0.00
   47.49      1.44
   15.11      2.09
    0.00     15.10
   61.20     45.49
   15.10     30.99
   16.53     30.98
   17.97     16.54
   60.95     63.36
   46.88     62.66
   60.51     77.80
   61.30     31.70
   47.59     33.89
   31.72     76.28
   78.56     32.49
   76.36     92.95
   32.43     77.67
   78.49     94.27
   82.26      5.05
   92.19     92.97
   92.12     92.76
   78.55     76.55
   33.86     30.97
   31.70     46.80
   31.00     32.37
   31.69     17.26
   45.35     31.76
   32.37     31.70
    1.44     15.10
   16.52     14.84
    1.37      0.00
   15.81     15.87
    0.65      0.72
    0.72      0.00
    0.00      0.00
    0.00      0.00
    0.00      0.00
   15.01     15.07
    0.00      0.00
    0.72      0.00
    0.00      0.00
    0.00      0.00
    0.00      0.00
    0.00      0.00
    0.00      0.00
    0.00      0.00
    0.00      0.00
    0.65      0.00
    0.65      1.44
    0.00      0.00
    0.65      0.72
    0.00      1.96
    0.00     15.75
    2.03      1.44
   18.62      2.83
    0.65      0.00
    2.03      2.16
    2.03      2.75
    0.00      1.31
   16.43      2.03
    2.09      2.09
    1.37      3.33
    2.75      2.75
    4.12      2.81
    2.09      2.68
    0.00      1.31
    4.91      1.31
    6.08      7.06
    1.96      6.08
    4.26      2.61
    5.56      3.47
    1.96      2.82
    6.08     19.32
    2.82      2.09
    0.72      1.31
    1.37      1.37
    1.44      0.65
    2.03      1.37
    2.68      2.82
    1.31      1.44
    0.72      1.37
    1.37      1.37
    0.00      0.00
    1.37      0.72
    0.72      0.00
    0.00      0.00
    0.00      0.00
    0.00      0.00
    0.00      0.00
    0.00      0.00
    0.00      0.00
    0.00      0.00
    0.00      0.00
    0.00      0.00
    0.00      0.00
    0.00      0.00
    0.00      0.00
    0.00      0.65
    0.00      0.65
    0.00      0.00
    1.44      0.65
    0.00      0.00
    0.72      0.00
    0.65      2.03
    0.00      1.31
    1.31      2.10
   19.29     19.21
    1.37      1.37
    3.60      0.00
    2.68      2.09
    0.00      2.03
    1.37      2.03
   17.20      2.82
    4.18      4.90
    2.82      2.10
    3.40      1.44
    2.68      4.77
    2.03      5.43
    3.61      1.31
    7.45      4.26
    2.75      5.49
    2.82      0.65
    3.33     20.55
    4.77     31.54
    2.75      2.16
    4.83      2.09
    0.72      1.44
    2.03      1.37
    0.72      2.03
    0.00      1.31
    2.10      1.37
    1.37      1.37
    2.09      0.00
    0.65     15.72
    1.37      1.44
    0.72      0.00
    0.72      0.00
    0.00      0.00
    0.00      0.00
    0.00      0.00
    0.00      0.00
    0.00      0.00
    0.00      0.00
    0.00      0.00
    0.00      0.00
    0.00      0.00
    0.00      0.00
    0.00      0.00
    0.00      0.00
    0.65      0.00
    0.65      1.44
    0.00      0.00
    0.65      0.72
    0.00      0.65
    0.00      0.00
    0.72      0.00
    0.65      3.35
    4.05      2.09
    4.05      4.26
    1.44      2.68
    1.37      0.72
    1.44      0.65
    1.31      2.68
    0.72      2.68
    5.49      2.82
    2.09      3.33
    1.44      2.03
    3.47      2.03
    4.71      3.54
    4.05      7.52
    2.82      2.75
    5.56      2.82
    2.68     16.48
    3.47      4.12
    3.40      2.82
    4.12      4.84
    0.65      0.65
    2.82      2.75
    1.37      0.72
    1.44      0.00
    1.31      1.44
    1.31      0.72
    0.65      2.75
    0.00      0.65
    2.03      1.37
    0.72      0.72
    2.11      0.72
    0.00      0.00
    0.00      0.00
    0.00      0.00
    0.00      0.00
    0.00      0.00
    0.00      0.00
    0.00      0.00
    1.72      0.00
    0.00      0.00
    0.00      0.00
    0.00      0.00
    0.00      0.00
    0.00      1.31
    0.00      0.00
    0.00      0.00
    1.44      0.65
    0.00      0.00
    0.72      0.00
    0.65      0.72
    0.00      0.65
    1.30      2.75
    0.72      3.26
    2.75      2.09
    4.91      2.03
    2.03      2.16
    2.09      1.31
    0.65      1.44
    3.47      4.71
    1.31      2.09
    4.12      1.44
    3.47      4.12
    2.75      3.40
    1.37      3.98
    5.36      3.61
    6.21      5.49
    2.82      2.09
    2.03      2.75
    2.68      2.03
    2.82      3.47
    1.31     15.11
    4.05      4.33
    2.82      1.37
    2.03      2.03
    0.00      1.37
    0.00      1.31
    2.88      0.00
    0.65      0.65
    2.03      2.10
    1.37      0.72
    0.72      1.37
    0.65      0.72
    0.65     15.17
    0.72      0.00
    0.72      0.00
    0.00      0.00
    0.00      0.00
    0.00      0.00
    0.00      0.00
    0.00      0.00
    0.00      0.00
    0.00      0.00
    0.00      0.00
    0.00      0.00
    0.00      0.00
    1.31      0.72
    0.00      0.72
    0.00      0.00
    0.65      0.72
    0.00      0.65
    0.00      0.00
    1.44      1.31
    1.31      1.46
    2.09      1.37
    1.96      4.12
    1.31      1.31
    2.82      3.47
    3.47      2.03
    2.03      2.82
    1.37      1.96
    2.09      3.40
    4.84      3.47
    3.40      2.75
    2.09      2.03
    2.75      5.43
    6.22      4.12
    4.12      3.54
    2.82      2.03
    2.03      2.75
    3.40      3.47
    1.37      1.37
    2.09      2.03
    2.68      3.40
    2.75      1.44
    2.16      0.72
    0.00      0.00
    1.96      2.82
    1.31      0.72
    0.00      1.37
    1.37      2.03
    0.65      0.72
    1.44      0.00
    0.72      0.00
    0.00      0.65
    1.31      0.72
    0.65      1.44
    0.00      0.00
    0.72      0.00
    0.00      0.00
    0.00      0.00
    0.00      0.00
    0.00      0.00
    0.00      0.00
    0.00      0.00
    0.00      0.00
    0.00      1.31
    0.00      0.00
    0.72      0.00
    0.72      0.65
    0.00      0.00
    1.37      0.00
    0.65      1.44
    1.31      2.03
    0.72      2.03
    0.72      1.31
    0.72      0.65
    3.47      2.75
    0.72      1.96
    2.61      3.47
    7.01      2.82
    0.65      2.03
    4.02      4.84
    2.16      2.68
    4.19      2.10
    3.99      3.46
    2.75      6.15
    3.40      2.75
    4.85      2.16
    2.75      3.40
    1.37      2.75
    4.77      2.81
    1.38      2.10
    1.37      0.65
    2.68      2.82
    2.75      2.82
    0.00      0.65
    0.65      2.03
    0.72      0.65
    2.16      0.00
    0.00      0.65
    2.03      0.65
    1.31      2.82
    1.44      0.72
    0.72      0.00
    0.00      0.00
    0.00      0.00
    0.65      0.72
    0.65      1.37
    0.65      0.00
    0.00      0.72
    0.72      0.00
    0.00      0.00
    0.00      0.00
    0.00      0.00
    0.00      0.00
    0.00      0.00
    0.00      0.00
    1.31      0.72
    0.00      0.72
    0.00      0.00
    0.65      1.37
    0.72      0.65
    0.00      1.31
    2.75      0.72
    1.37      0.74
    0.65      0.72
    1.31      3.47
    0.65      0.72
    2.09      2.61
    1.31      4.77
    2.75      2.09
    5.56      3.33
    5.50      2.88
    2.75      4.19
    0.00      4.57
    4.84      2.75
    4.19      3.40
    4.84      3.55
    2.81      2.03
    1.96      2.82
    4.05      4.05
    1.44      2.10
    2.82      1.37
    2.03      2.03
    1.37      2.09
    2.09      0.72
    1.37      0.72
    0.65      0.65
    1.96      2.16
    0.65      1.44
    0.72      0.65
    0.65      0.65
    0.00      1.37
    1.37      1.37
    2.09      0.72
    0.00      0.00
    0.72      0.00
    0.00      0.00
    0.65      0.72
    0.65      0.72
    0.00      0.65
    0.00      0.00
    0.65      0.72
    1.40      0.00
    0.00      0.00
    0.00      0.00
    0.00      0.00
    0.00      1.31
    0.41      0.41
    1.44      0.00
    0.65      1.37
    0.00      0.00
    1.37      0.00
    1.31      2.75
    0.72      1.37
    0.00      1.31
    1.44      0.65
    0.65      0.65
    3.54      2.09
    1.37      1.31
    0.65      1.44
    3.40      6.08
    5.43      4.77
    3.54      3.47
    2.82      0.72
    3.99      4.84
    5.49      4.12
    1.31      4.84
    4.84      2.81
    0.65      0.00
    4.12      5.45
    2.68      2.82
    5.56      3.47
    0.00      1.37
    1.37      1.37
    4.12      2.16
    0.65      0.72
    0.65      1.31
    0.00      1.37
    0.72      1.31
    1.44      0.00
    0.65      1.37
    2.09      0.72
    1.37      0.00
    0.65      2.09
    0.00      0.00
    0.72      0.65
    0.00      0.00
    0.65      0.72
    0.00      0.00
    1.37      0.72
    0.65      0.00
    0.00      0.72
    0.00      0.65
    0.00      0.00
    0.65      0.00
    0.72      0.72
    0.00      0.00
    0.00      0.00
    1.31      1.44
    0.72      0.65
    0.65      0.00
    0.72      1.37
    0.00      1.31
    0.65      0.72
    2.09      0.00
    0.65      1.46
    1.31      1.37
    1.31      2.82
    1.78      1.78
    1.37      1.31
    2.09      2.75
    3.40      4.77
    2.75      3.40
    3.40      3.40
    4.91      4.77
    7.45      5.57
   20.12     29.97
   35.34     57.03
   24.19     53.07
   70.32     78.69
    7.46      3.46
  104.38     73.31
    3.60      0.72
   10.26      2.03
    6.36      4.18
   52.99     41.82
    6.94      2.13
   55.20     19.40
   25.39     18.02
    3.67      1.44
    0.65      0.72
    0.00      1.31
    1.31      2.09
    0.00      0.00
    1.44      0.00
    1.37      1.37
    0.00      0.00
    0.72      0.00
    0.00      0.00
    0.00      0.65
    0.65      0.72
    0.65      0.72
    0.00      0.00
    1.37      0.72
    0.00      0.00
    0.00      0.65
    0.00      0.00
    0.00      0.00
    1.37      2.03
    0.65      0.72
    1.44      0.65
    0.65      0.72
    0.00      0.00
    0.72      0.65
    2.03      1.44
    0.00      0.65
    0.00      1.96
    0.72      0.65
    2.82      1.37
    2.09      1.37
    1.31      2.09
    2.03      3.40
    4.19      2.09
    1.37      2.68
    1.96      3.40
    4.12      4.64
    4.91      4.91
    7.53      5.57
    2.75      2.82
    2.03      2.75
    1.37      1.31
    2.10      3.40
    5.43      4.91
    3.47      2.75
    2.75     17.12
    1.37      0.72
   18.56      2.89
    0.00      0.00
    0.65      2.03
   29.16     30.67
    1.37      1.37
    2.88      0.00
    0.00      0.65
    1.37      0.72
    1.37      0.65
    0.65      1.44
    0.72      0.00
    0.65      1.37
    0.72      0.00
    0.00      0.00
    0.00      0.00
    0.00      0.00
    0.00      0.00
    1.31      1.44
    0.00      0.00
    0.65      0.72
    0.00      0.00
    0.00      0.00
    0.00      0.65
    0.72      0.65
    1.31      1.44
    1.44      0.65
    0.65      0.00
    0.00      1.37
    0.65      1.37
    0.72      0.00
    0.72      0.00
    0.65      1.37
    3.26      2.81
    0.72      1.44
    0.00      1.96
    2.75      2.75
    4.77      2.82
    0.72      1.37
    1.37      1.96
   23.55     18.45
   17.63     32.78
   35.30     58.38
   60.22     86.65
   26.42     29.54
   27.86     21.79
   15.73     12.42
   31.58     29.18
  118.03     47.29
    4.92      5.41
   90.23     48.42
    4.98     19.18
    2.08      0.72
   15.51      1.45
    0.71      0.00
    1.95      1.44
   16.11     16.30
    0.65      1.44
    1.37      0.65
    0.00      1.37
    0.72      0.00
    0.00      0.65
    1.37      0.00
    0.65      1.37
    0.72      0.72
    0.72      0.00
    0.00      0.00
    0.00      0.00
    0.00      0.65
    0.00      0.00
    1.30      1.44
    0.72      0.00
    0.65      0.72
    0.00      0.00
    0.65      0.72
    0.65      1.31
    0.65      1.44
    1.44      0.65
    0.00      0.00
    0.00      0.65
    2.75      0.72
    0.00      0.72
    0.00      0.65
    0.00      3.26
    2.09      0.72
    2.82      1.37
    2.68      2.68
    3.47      3.47
    1.37      0.72
    2.75      1.37
    1.31      5.42
    2.16      3.33
   18.58     18.58
    6.22      4.77
    6.22      5.66
    3.99      2.82
    2.10      2.10
    2.03      3.47
    3.33      2.75
    2.88      2.09
   15.75     33.94
   18.25      3.54
    3.54     15.09
    2.03      1.44
    1.43     15.65
   13.72      1.37
   17.82      2.09
   14.99     15.70
    2.09      1.37
    1.44      0.00
    1.37      0.72
    0.65      0.72
    0.00      0.00
    0.00      0.00
    0.00      0.65
    1.30      2.09
    0.72      0.00
    0.72      0.00
    0.00      0.00
    0.00      0.00
    0.00      0.00
    0.65      0.65
    0.00      0.72
    0.00      0.00
    2.09      1.37
    0.65      1.37
    0.72      0.65
    1.30      1.44
    0.72      0.00
    0.65      0.72
    0.65      2.03
    0.00      0.00
    0.72      0.00
    2.03      0.00
    0.00      2.09
    3.33      3.54
    0.00      1.96
    4.05      3.47
    2.09      2.09
    2.09      2.03
   22.77     28.50
   44.06     51.31
   40.19     83.15
  103.08    122.71
   49.59     34.36
   82.60     16.59
   52.60     39.29
    2.03      2.03
   15.24      5.64
   38.84     26.89
   37.67     22.51
   18.52     18.40
    2.68      3.47
    3.54      2.09
    0.72     15.45
    0.72      0.00
    2.03     16.54
   16.24      0.00
   17.52      4.75
   15.75     15.88
    1.31      2.09
    0.72      0.65
    0.72      0.00
    0.00      0.00
    0.72      0.00
    0.00      0.00
    0.00      0.65
    0.65      0.72
    0.00      0.00
    0.72      0.00
    0.00      0.00
    0.00      0.00
    0.00      0.00
    0.65      0.72
    0.65      1.37
    0.00      0.00
    1.37      1.37
    1.31      2.09
    0.00      0.00
    1.44      1.30
    0.00      0.00
    2.09      0.00
    0.65      0.72
    0.00      2.03
    0.72      0.65
    1.37      2.68
    1.37      0.65
    3.53      3.40
    4.05      3.47
    0.72      0.72
    3.40      4.12
    2.09      3.33
    1.37      3.33
    3.61      1.31
    5.43      4.85
    4.77     19.93
    2.09      0.00
   19.29      3.54
    1.31     17.85
    1.31      4.05
   19.77      3.61
   33.79     47.32
   17.83      4.76
    2.75      2.75
    2.09      0.00
    2.82      1.44
    0.00      1.31
    0.00     16.30
    1.37      0.65
    1.37      2.10
   15.78      0.65
    4.20      1.44
    2.09      1.44
    0.65      0.72
    0.00      0.00
    0.00      0.00
    0.00      0.00
    0.00      0.00
    0.00      0.00
    0.00      0.65
    0.65      0.72
    0.72      0.00
    0.00      0.00
    0.00      0.65
    0.72      0.00
    0.65      1.37
    1.37      0.00
    0.00      1.37
    0.65      0.00
    1.31      2.16
    0.65      0.00
    1.38      2.10
    0.00      0.65
    0.72      0.00
    1.37      0.72
    0.65      1.37
    1.31      1.37
    4.05      4.91
    1.31      3.40
    2.16      0.00
    8.55      5.56
   18.28     28.57
   33.27     55.18
   64.11     78.22
   14.92      5.42
    8.20      5.57
   30.69     23.41
    9.03     18.92
   29.39      8.37
   17.66      2.77
   56.44     43.85
   66.42     56.38
   46.63     27.38
   18.19      4.84
    4.81     15.88
   15.16      2.68
    2.10      1.44
    2.83      0.72
    0.00      0.72
    0.65      1.37
    1.96      1.37
    1.96     17.98
    1.44      1.37
    0.65      1.38
   15.17      0.72
    2.88      0.00
    0.00      0.00
    0.00      0.00
    0.00      0.00
    0.00      0.00
    0.00      0.00
    0.00      0.65
    0.65      0.72
    0.65      0.00
    0.72      0.72
    0.65      0.00
    0.00      1.37
    0.65      0.72
    0.00      1.31
    0.00      0.00
    0.72      0.65
    2.75      1.37
    0.72      0.72
    0.65      0.72
    1.37      1.37
    0.72      0.65
    1.06      1.71
    1.37      4.05
    2.88      1.31
    4.77      2.88
    2.68      4.71
    2.16      2.68
    3.54      2.68
    1.37      2.68
    3.54      2.70
    4.84      1.31
    4.05      4.91
    1.37      2.82
   15.76     16.56
    4.12     16.44
    2.68      4.84
   19.13      2.75
   16.23     18.97
   18.53     32.02
    2.68      4.85
   22.01      2.87
    1.44     15.51
   16.87      3.39
    0.65      0.72
    2.16      1.31
    0.00      0.65
    0.00      1.96
    2.75      1.44
    2.82      0.00
    1.37      1.44
    1.31      2.09
    0.00      0.00
    0.65      0.72
    0.72      0.00
    0.00      0.00
    0.00      0.00
    0.00      0.00
    0.00      0.00
    0.00      0.65
    0.72      0.65
    0.65      1.37
    1.44      0.00
    0.00      0.00
    0.00      0.00
    1.30      1.44
    1.31      0.72
    0.65      1.44
    0.00      0.65
    0.00      0.00
    2.68      3.48
    0.00      0.00
    1.44      0.65
    3.40      2.10
    2.68      3.54
    1.96      4.05
   22.15     30.72
   36.75     55.14
   43.64     58.07
   21.82     28.68
   23.20      5.77
   27.14     22.51
   39.46     30.27
   24.22      8.41
   34.39      9.11
    0.72      4.05
   61.78     53.80
   23.61     25.45
    8.92      2.85
   32.98     18.52
    2.75      2.09
   16.47     33.59
    4.04      3.47
   17.20     16.43
    2.89      1.37
   17.72      2.08
    0.72      0.72
    2.03      0.72
    0.00      1.37
    2.61      2.16
    0.72      2.03
    0.00      0.65
    1.37      0.72
    2.09      0.72
    0.00      0.65
    0.00      0.00
    0.65      0.72
    0.00      0.00
    0.72      0.00
    0.65      0.72
    0.00      0.00
    0.65      0.72
    0.00      0.65
    0.65      0.72
    0.00      0.00
    0.72      0.65
    0.00      1.31
    0.65      1.37
    2.16      0.00
    0.72      0.00
    0.65      1.37
    0.72      0.00
    0.65      0.72
    0.65      3.98
    2.75      3.40
    2.16      1.96
    4.05      2.75
    4.84      6.87
    2.88      1.31
    1.37      1.96
    4.93      4.07
    1.44      1.37
    4.26      2.03
    2.75      2.75
   16.98     32.26
    1.37      0.72
   17.24      1.37
    2.68     17.67
   18.34     21.94
   16.87      3.47
   18.64     16.55
    4.26      2.10
    1.31      2.68
    1.37      2.75
    3.46      2.75
    2.75     16.47
    2.09      2.09
   16.53      3.40
    0.72      0.00
    1.44      1.96
    1.37      0.72
    2.82      0.72
    0.65      1.37
    0.65      0.72
    1.31      0.72
    0.72      0.72
    0.00      0.00
    0.00      0.00
    0.00      0.65
    1.37      1.37
    0.00      0.00
    1.44      0.65
    0.00      0.00
    0.00      0.00
    0.00      0.65
    0.00      0.00
    0.65      0.72
    0.72      0.00
    2.61      2.82
    0.65      1.45
    0.00      0.65
    2.09      0.72
    0.72      0.00
    0.00      0.65
    3.98      2.09
    4.76      4.26
   50.42     83.55
    4.71      5.57
   52.69    107.56
   69.41     72.71
   62.64      3.95
  193.62    136.23
    3.33      3.54
   52.10     13.98
    2.98      1.96
    2.03      2.09
   16.89     32.41
    2.75      1.37
   16.29     19.04
   19.95     17.93
   18.52      4.26
    5.43      4.26
    0.65      1.37
    1.44      0.00
    2.61      4.12
    0.00      1.37
    2.75      1.96
    1.44      1.44
    2.75      2.10
    3.40      2.75
    0.65      0.72
    2.75      2.16
    0.65      0.65
    0.00      1.37
    0.72      0.00
    0.72      0.65
    0.65      0.72
    0.65      0.72
    0.72      0.00
    0.65      0.72
    0.00      0.00
    0.65      1.37
    0.65      0.72
    0.00      0.00
    0.00      0.00
    0.72      0.00
    0.00      0.00
    0.00      0.65
    0.65      2.03
    0.00      0.00
    2.82      0.65
    1.37      2.09
    0.65      0.72
    0.65      0.00
    1.44      3.98
    2.09      2.03
    1.44      1.96
    4.71      6.15
    6.22      4.84
    2.18      2.70
    2.82      2.68
    2.09      2.61
    3.54      2.75
   31.63     46.59
    3.47      1.43
    2.08      2.03
   18.49      4.27
   17.02     17.16
    3.40     17.17
    2.09     17.85
   19.76      5.56
   16.52      5.42
    3.54      1.36
    3.47      1.44
    0.72      1.96
    0.00      0.00
    3.40      2.75
    1.44      1.37
    1.37      1.37
    0.65      3.33
    3.40      1.37
    2.82      4.12
    1.44      0.00
    2.16      0.00
    1.31      1.44
    0.65      0.72
    0.00      0.00
    0.00      0.00
    0.65      1.37
    0.72      0.65
    1.37      0.72
    0.72      0.65
    0.00      0.00
    0.00      0.00
    0.00      0.00
    0.65      1.37
    0.00      0.00
    0.00      0.00
    0.72      0.00
    0.00      0.00
    1.31      2.10
    1.31      2.09
    1.37      0.00
    0.72      1.37
    2.02      1.44
    6.39      3.47
   17.52     30.10
   53.69     83.67
   33.33     34.23
   29.28     29.47
    9.64      2.88
    1.96      2.09
   32.98     25.86
    2.68      3.54
   29.02     11.24
   83.87     62.53
   17.67     32.99
    1.31      2.03
   45.53     23.19
   45.87     32.37
    2.15     18.36
    5.71      2.81
   19.28      4.19
    3.47      2.82
    1.37      0.72
    1.37      0.00
    1.31      3.47
    0.65      1.37
    1.37      1.37
    1.44      0.65
    0.72      0.65
    1.96      3.40
    3.40      2.88
    3.40      2.82
    0.72      0.65
    1.37      0.65
    0.72      0.72
    0.72      0.00
    0.00      0.00
    1.31      0.72
    0.00      1.37
    0.65      0.72
    0.65      0.72
    0.72      0.00
    0.00      0.00
    0.00      0.00
    0.00      0.00
    0.00      0.00
    0.65      1.37
    0.00      0.00
    0.00      1.31
    0.00      0.65
    3.53      0.65
    0.65      1.44
    0.65      2.03
    2.88      2.61
    1.37      2.68
    3.54      3.33
    4.12      5.36
    3.40      2.75
    4.21      3.56
    3.54      3.26
    0.72      1.37
    3.54      2.68
    3.47     18.43
   18.26     16.24
   18.63     18.54
   16.37      2.02
   19.04     34.98
    2.03      2.09
   19.19     15.80
   16.39      4.77
    4.76      5.56
    3.54      3.47
    2.03      1.37
    2.16      1.37
    0.72      1.31
    0.72      0.00
    3.40      2.03
    0.72      1.44
    1.37      0.72
    0.00      1.31
    0.00      1.96
    2.03      3.40
    4.19      1.37
    1.44      1.39
    2.75      1.44
    2.03      1.44
    0.00      0.00
    0.72      0.65
    0.00      0.00
    1.37      1.37
    0.00      0.00
    0.00      0.65
    0.00      0.00
    1.37      0.72
    0.00      0.00
    0.00      0.00
    0.00      0.00
    0.00      0.00
    0.00      0.00
    0.65      0.00
    1.96      4.19
    0.00      0.00
    2.43      0.41
   22.03     30.79
   59.04     76.34
   23.76     57.93
  100.99     90.08
   53.74     16.16
   92.28     50.31
    5.42      4.26
   56.69     15.41
    3.98      4.26
    3.33      4.91
    1.44     16.10
   19.10     19.24
   15.57      1.96
    1.37     18.43
   18.64      1.43
   19.28     34.40
    0.65     17.54
    3.40      3.99
   37.06      4.99
    2.82      2.75
    3.33      2.88
    1.44      0.00
    0.65      0.71
    0.65      2.03
    1.31      1.31
    0.00      1.44
    2.89      0.00
    0.00      0.65
    1.96      0.72
    0.72      2.75
    2.61      2.82
    1.46      2.03
    0.72      1.31
    2.03      0.72
    2.09      1.44
    0.72      0.00
    0.65      0.72
    0.00      0.00
    0.65      0.72
    0.00      0.00
    0.00      0.65
    0.00      0.00
    0.65      0.72
    0.72      0.00
    0.00      0.00
    0.68      0.68
    0.00      0.65
    0.72      1.31
    0.00      0.00
    2.09      2.03
    1.44      3.92
    2.09      1.37
    2.09      2.61
    6.10      7.61
    4.33      2.68
    2.81      2.03
   17.84     18.57
    1.37     30.70
   30.24      4.11
    6.42      3.33
    2.75      2.75
   19.94     18.66
    3.47     15.72
    2.16      2.09
   18.40      4.85
    1.96      2.82
    2.10      2.10
    4.77      4.12
    3.33     20.49
   18.59      3.47
    5.49      4.12
    0.65      1.44
    2.16      0.65
    1.44      0.65
    0.00      0.65
    1.37      0.65
    2.68      2.88
    0.74      0.00
    0.00      1.96
    0.65      0.72
    1.44      1.31
    0.72      1.31
    2.68      1.46
    2.84      2.11
    1.37      2.03
    0.65      1.37
    2.10      0.72
    0.72      0.00
    0.00      0.00
    0.65      0.00
    0.00      0.72
    0.00      0.00
    0.00      0.00
    0.00      0.65
    0.00      0.00
    1.37      0.72
    0.41      0.41
    0.65      0.72
    0.00      0.00
    1.31      2.09
   23.38     30.10
   31.81     54.44
   42.94     51.54
   55.72     51.22
   22.55      8.46
   28.69     10.51
    5.42      4.92
    4.84      2.16
   77.37     59.34
   58.81     47.59
   52.67     26.44
    4.99      4.19
    4.05      3.49
    2.09      1.44
    2.10     19.10
    2.10      1.37
   17.19      2.09
    4.12      5.35
    2.75      2.03
    6.28     19.38
   17.92      4.71
    1.37      1.37
    6.15      2.88
    2.10      2.16
    0.00      0.00
    0.65      2.03
    0.65      1.37
    0.65      1.37
    2.90      0.00
    0.00      0.65
    1.96      1.44
    0.72      1.38
    1.31      1.44
    0.65      1.96
    2.13      1.44
    2.03      0.74
    1.39      1.37
    0.00      1.37
    0.65      0.00
    1.44      0.72
    0.00      0.00
    0.65      0.72
    0.00      0.00
    0.00      0.00
    0.00      0.00
    0.00      0.00
    0.00      0.00
    0.72      0.65
    0.00      0.65
    0.00      0.65
    1.37      3.99
    3.61      1.31
    2.09      2.03
    2.70      4.07
    4.91      4.05
    0.72      1.37
    2.82     16.33
    4.78      4.78
   17.19      4.77
    2.16      3.35
   33.69     46.45
   48.63     33.59
    5.63      4.05
    4.98      1.44
    1.31      1.37
    3.47      2.81
    3.26      4.91
    1.37      0.65
    5.36      4.84
    2.75      5.50
    4.13      3.49
    2.16      2.03
    3.40      4.12
    2.75      3.40
    1.44      0.65
    3.54      0.72
    0.00      0.65
    1.37      0.00
    2.68      3.56
    0.74      0.00
    0.00      1.96
    0.65      0.72
    1.44      1.31
    1.37      0.65
    1.44      1.39
    2.03      2.75
    1.46      0.00
    0.65      0.74
    1.39      0.72
    0.00      1.31
    0.00      0.00
    1.37      0.72
    0.72      0.00
    0.65      0.72
    0.00      0.00
    0.00      0.00
    0.00      0.00
    0.65      0.72
    0.00      0.00
    5.09      0.72
   48.14     82.00
    1.96      2.89
   63.46     71.67
    1.93      1.29
   84.52     52.17
   36.08     24.92
   53.73     18.98
   26.22     10.48
    1.37     15.52
    4.71      2.90
   18.19      6.28
   17.40     32.48
   34.05     20.89
   33.68     34.36
    4.19      2.03
    3.59      2.03
    0.72      1.96
    1.37      0.72
    4.12      5.43
    1.37      2.03
    5.50      4.14
    2.77      2.10
    4.12      4.85
    2.03      1.37
    4.77      2.16
    1.37      2.75
    0.00      0.72
    1.96      2.03
    1.44      2.09
    1.37      0.65
    1.44      1.39
    1.39      0.00
    2.03      2.16
    0.65      1.37
    1.31      0.72
    0.65      2.10
    0.74      0.65
    1.37      0.74
    0.74      0.65
    0.65      0.74
    0.74      0.00
    0.00      1.31
    0.00      0.00
    0.72      0.00
    2.03      0.72
    0.00      0.72
    0.00      0.00
    0.00      0.65
    0.72      0.00
    0.68      1.31
    0.72      2.61
    4.19      2.68
    1.37      2.03
    2.83      2.70
    2.09      3.40
    4.84      3.40
    1.44     30.12
    2.16     16.33
   33.65      3.52
   16.52      4.70
    0.72     16.97
    4.26      1.31
   17.89     19.04
   34.97     18.45
    4.77      6.24
    4.71      4.26
    2.77      1.44
    3.47      1.37
    2.68      3.54
    1.37      1.37
    4.06      5.50
    2.05      2.70
    3.47      3.47
    3.47      1.96
    3.39      5.49
    2.82      1.44
    2.17      0.65
    0.72      0.65
    0.65      2.03
    2.75      1.44
    2.75      1.44
    0.65      2.05
    1.39      2.03
    1.44      0.65
    0.72      1.31
    2.10      1.39
    0.72      0.00
    1.37      1.37
    0.00      0.00
    1.39      0.74
    0.00      0.65
    0.65      0.74
    0.74      0.00
    0.00      0.65
    0.00      0.65
    0.72      0.00
    1.31      1.44
    1.37      0.73
    0.00      0.00
    0.00      0.00
    2.35      0.72
    2.61      3.54
    1.96      0.72
    0.72      3.47
    4.71      3.55
    2.05      3.49
    2.03      1.44
    3.33      3.54
    1.96     32.41
    1.37     16.18
   48.71      2.15
    3.33      4.98
    1.96     17.94
    3.33     18.64
   48.79     20.65
    3.56      2.75
    4.19      3.42
    2.75      4.71
    2.12      1.96
    4.19      1.44
    2.75      4.12
    2.84      2.03
    4.79      2.77
    2.03      4.12
    2.82      2.75
    2.75      2.03
    2.61      2.88
    4.21      2.16
    0.65      0.00
    0.65      2.75
    0.65      1.96
    0.72      0.72
    1.37      2.05
    4.21      1.44
    2.03      1.44
    0.65      1.37
    1.31      0.72
    0.74      1.37
    0.00      0.00
    0.72      0.65
    0.65      0.74
    0.74      0.00
    0.00      0.65
    0.65      0.00
    0.74      0.74
    0.00      0.65
    0.00      0.00
    0.72      1.31
    2.03      1.43
    1.37      0.72
    0.00      1.96
    2.16      2.37
    1.85      1.31
    1.37      0.72
    1.96      5.43
    2.88      1.31
    2.74      2.03
    2.84      3.42
    2.16      1.96
    2.75      2.10
    2.82     47.01
   17.14      3.98
   33.61      3.54
    2.88      3.98
    0.72      2.61
    7.59      4.21
    6.15      4.98
    1.31      1.44
    0.72      1.31
    4.01      5.58
    2.61      3.56
    5.59      2.03
    2.03      4.12
    2.77      2.77
    2.16      2.68
    1.96      3.47
    4.26      1.37
    1.37      3.33
    3.49      2.11
    2.09      1.37
    0.72      0.00
    2.75      1.44
    1.06      0.41
    2.68      5.51
    1.39      2.03
    2.16      0.65
    0.72      1.31
    1.37      0.74
    0.72      0.00
    1.37      0.72
    0.00      0.00
    0.00      0.65
    0.65      0.74
    0.74      0.00
    0.00      0.65
    0.00      0.00
    0.65      0.74
    0.74      0.65
    0.00      0.65
    2.75      1.37
    0.00      0.72
    2.61      2.88
    2.68      2.09
    0.00      0.72
    3.40      2.75
    2.68      2.16
    1.30      3.40
    2.03      2.83
    2.75      1.44
    3.35      3.49
    2.02      2.81
    3.33     17.26
    2.03     32.29
   17.84      3.61
   33.60      2.15
    1.96      6.28
    3.40      6.08
    2.16      1.31
    5.57      2.84
    1.44      0.65
    0.65      1.96
    4.64      8.26
    2.10      0.72
    4.91      3.42
    2.87      2.10
    3.40      2.75
    1.37      3.40
    2.68      2.16
    3.47      2.10
    2.77      2.77
    1.96      0.72
    0.00      2.75
    2.16      0.65
    1.37      2.03
    1.31      0.65
    2.82      2.83
    2.70      2.16
    0.00      0.65
    1.37      1.37
    1.39      0.72
    0.00      0.00
    0.72      0.00
    0.00      0.65
    0.65      0.00
    0.74      0.74
    0.00      0.00
    0.00      0.00
    0.00      0.65
    0.65      0.74
    1.39      1.30
    0.72      0.72
    2.09      3.33
    2.16      1.96
    1.37      0.00
    3.40      4.77
    1.44      1.37
    1.44      0.65
    2.03      2.75
    1.30      3.40
    2.18      3.26
    2.82      1.37
    4.19      3.33
    2.11      2.11
    4.19      4.06
    0.00      3.92
    4.91      1.96
    5.04      3.40
    6.15      2.88
    3.33      5.56
    0.65      0.72
    2.10      1.37
    1.96      2.03
    3.49      2.81
    3.98      7.61
    3.42      2.14
    3.54      2.75
    2.05      1.37
    0.72      2.03
    1.45      2.61
    4.12      2.75
    2.77      3.49
    2.09      0.65
    2.75      2.16
    2.09      1.37
    0.72      0.65
    2.68      2.81
    1.37      2.70
    0.74      0.65
    2.09      2.03
    0.65      0.74
    1.44      0.00
    1.37      0.72
    0.00      0.00
    0.00      0.00
    0.00      0.65
    0.65      0.74
    0.74      0.00
    0.00      0.00
    0.00      0.00
    0.00      0.00
    0.00      0.00
    0.00      0.00
    0.00      0.00
    0.00      0.00
    0.00      0.00
    0.00      0.00
    0.00      0.00
    0.00      0.00
    0.00      0.00
    0.00      0.00
    0.00      0.00
    0.00      0.00
    0.00      0.00
    0.00      0.00
    0.00      0.00
    0.00      0.00
    0.00      0.00
    0.00      0.00
    0.00      0.00
    0.00      0.00
    0.00      0.00
    0.00      0.00
    0.00      0.00
