      h_eth1      
 KB/s in  KB/s out
    0.00      0.00
    0.00      0.00
    0.00      0.00
    0.00      0.00
    0.00      0.00
    0.00      0.00
    0.00      0.00
    0.00      0.00
    0.00      0.00
    0.00      0.00
    0.00      0.00
    0.00      0.00
    0.00      0.00
    0.00      0.00
    0.00      0.00
    0.00      0.00
    0.00      0.00
    0.00      0.00
    0.00      0.00
    0.00      0.00
    0.00      0.00
    0.00      0.00
    0.00      0.00
    0.00      0.00
    0.00      0.00
    0.00      0.00
    0.00      0.00
    0.00      0.00
    0.00      0.00
    0.00      0.00
    0.00      0.00
    0.00      0.00
    0.00      0.00
    0.00      0.00
    0.00      0.00
    0.00      0.00
    0.00      0.00
    0.00      0.00
    0.00      0.00
    0.00      0.00
    0.00      0.00
    0.00      0.00
    0.00      0.00
    0.00      0.00
    0.00      0.00
    0.00      0.00
    0.00      0.00
    0.00      0.00
    0.00      0.00
    0.00      0.00
    0.00      0.00
    0.00      0.00
    0.00      0.00
    0.00      0.00
    0.00      0.00
    0.00      0.00
    0.00      0.00
    0.00      0.00
    0.00      0.00
    0.00      0.00
    0.00      0.00
    0.00      0.00
    0.00      0.00
    0.00      0.00
    0.00      0.00
    0.00      0.00
    0.00      0.00
    0.00      0.00
    0.00      0.00
    0.00      0.00
    0.68      0.00
    0.00      0.00
    0.00      0.00
    0.00      0.00
    0.00      0.00
    0.00      0.00
    0.00      0.00
    0.00      0.00
    0.00      0.00
    0.00      0.00
    0.00      0.00
    0.00      0.00
    0.00      0.00
    0.00      0.00
    0.00      0.00
    0.00      0.00
    0.00      0.00
    0.00      0.00
    0.00      0.00
    0.00      0.00
    0.00      0.00
    0.00      0.00
    0.00      0.00
    0.00      0.00
    0.00      0.00
    0.00      0.00
    0.00      0.00
    0.00      0.00
    0.00      0.00
    0.00      0.00
    0.00      0.00
    0.00      0.00
    0.00      0.00
    0.00      0.00
    0.00      0.00
    0.00      0.00
    0.00      0.00
    0.00      0.00
    0.00      0.00
    0.00      0.00
    0.00      0.00
    0.00      0.00
    0.00      0.00
    0.00      0.00
    0.00      0.00
    0.00      0.00
    0.00      0.00
    0.00      0.00
    0.00      0.00
    0.00      0.00
    0.00      0.00
    0.00      0.00
    0.00      0.00
    0.00      0.00
    0.00      0.00
    0.00      0.00
    0.00      0.00
    0.00      0.00
    0.00      0.00
    0.00      0.00
    0.00      0.00
    0.00      0.00
    0.00      0.00
    0.00      0.00
    0.00      0.00
    0.00      0.00
    0.00      0.00
    0.00      0.00
    0.00      0.00
    0.00      0.00
    0.00      0.00
    0.00      0.00
    0.00      0.00
    0.00      0.00
    0.00      0.00
    0.00      0.00
    0.00      0.00
    0.00      0.00
    0.00      0.00
    0.00      0.00
    0.00      0.00
    1.36      0.00
    0.00      0.00
    0.00      0.00
    0.00      0.00
    0.00      0.00
    0.00      0.00
    0.00      0.00
    0.00      0.00
    0.00      0.00
    0.00      0.00
    0.00      0.00
    0.00      0.00
    0.00      0.00
    0.00      0.00
    0.00      0.00
    0.00      0.00
    0.00      0.00
    0.00      0.00
    0.00      0.00
    0.00      0.00
    0.00      0.00
    0.00      0.00
    0.00      0.00
    0.00      0.00
    0.00      0.00
    0.00      0.00
    0.00      0.00
    0.00      0.00
    0.00      0.00
    0.00      0.00
    0.00      0.00
    0.00      0.00
    0.00      0.00
    0.00      0.00
    0.00      0.00
    0.00      0.00
    0.00      0.00
    0.00      0.00
    0.00      0.00
    0.00      0.00
    0.00      0.00
    0.00      0.00
    0.00      0.00
    0.00      0.00
    0.00      0.00
    0.00      0.00
    0.00      0.00
    0.00      0.00
    0.00      0.00
    0.00      0.00
    0.00      0.00
    0.00      0.00
    0.00      0.00
    0.00      0.00
    0.00      0.00
    0.00      0.00
    0.00      0.00
    0.00      0.00
    0.00      0.00
    0.82      0.00
    0.00      0.00
    0.00      0.00
    0.00      0.00
    0.00      0.00
    0.00      0.00
    0.00      0.00
    0.00      0.00
    0.00      0.00
    0.00      0.00
    0.00      0.00
    0.00      0.00
    0.00      0.00
    0.00      0.00
    0.00      0.00
    0.00      0.00
    0.00      0.00
    0.00      0.00
    0.00      0.00
    0.00      0.00
    0.00      0.00
    0.00      0.00
    0.00      0.00
    1.36      0.00
    0.00      0.00
    0.00      0.00
    0.00      0.00
    0.00      0.00
    0.00      0.00
    0.00      0.00
    0.00      0.00
    0.00      0.00
    0.00      0.00
    0.00      0.00
    0.00      0.00
    0.00      0.00
    0.00      0.00
    0.00      0.00
    0.00      0.00
    0.00      0.00
    0.00      0.00
    0.00      0.00
    0.00      0.00
    0.00      0.00
    0.00      0.00
    0.00      0.00
    0.00      0.00
    0.00      0.00
    0.00      0.00
    0.00      0.00
    0.00      0.00
    0.00      0.00
    0.00      0.00
    0.00      0.00
    0.00      0.00
    0.00      0.00
    0.00      0.00
    0.00      0.00
    0.00      0.00
    0.00      0.00
    0.00      0.00
    0.00      0.00
    0.00      0.00
    0.00      0.00
    0.00      0.00
    0.00      0.00
    0.00      0.00
    0.00      0.00
    0.00      0.00
    0.00      0.00
    0.00      0.00
    0.00      0.00
    0.00      0.00
    0.00      0.00
    0.00      0.00
    0.00      0.00
    0.00      0.00
    0.00      0.00
    0.00      0.00
    0.00      0.00
    0.00      0.00
    0.00      0.00
    0.00      0.00
    0.00      0.00
    0.00      0.00
    0.00      0.00
    0.00      0.00
    0.00      0.00
    0.00      0.00
    0.00      0.00
    0.00      0.00
    0.00      0.00
    0.00      0.00
    0.00      0.00
    0.00      0.00
    0.00      0.00
    0.00      0.00
    0.00      0.00
    0.00      0.00
    0.00      0.00
    0.00      0.00
    0.00      0.00
    0.00      0.00
    0.00      0.00
    0.00      0.00
    0.00      0.00
    0.00      0.00
    0.00      0.00
    0.00      0.00
    0.00      0.00
    0.00      0.00
    0.00      0.00
    0.00      0.00
    0.00      0.00
    0.00      0.00
    0.00      0.00
    0.00      0.00
    0.00      0.00
    0.00      0.00
    0.00      0.00
    0.00      0.00
    0.00      0.00
    0.00      0.00
    0.00      0.00
    0.00      0.00
    0.00      0.00
    0.00      0.00
    0.00      0.00
    0.00      0.00
    0.00      0.00
    0.00      0.00
    0.00      0.00
    0.00      0.00
    0.00      0.00
    0.00      0.00
    0.00      0.00
    0.00      0.00
    0.00      0.00
    0.00      0.00
    0.00      0.00
    0.00      0.00
    0.00      0.00
    0.00      0.00
    0.00      0.00
    0.00      0.00
    0.00      0.00
    0.00      0.00
    0.00      0.00
    0.00      0.00
    0.00      0.00
    0.00      0.00
    0.00      0.00
    0.00      0.00
    0.00      0.00
    0.00      0.00
    0.00      0.00
    0.00      0.00
    0.00      0.00
    0.00      0.00
    0.00      0.00
    0.00      0.00
    0.00      0.00
    0.00      0.00
    0.00      0.00
    0.00      0.00
    0.00      0.00
    0.00      0.00
    0.00      0.00
    0.00      0.00
    0.00      0.00
    0.00      0.00
    0.00      0.00
    0.00      0.00
    0.00      0.00
    0.00      0.00
    0.00      0.00
    0.00      0.00
    0.00      0.00
    0.00      0.00
    0.00      0.00
    0.00      0.00
    0.00      0.00
    0.00      0.00
    0.00      0.00
    0.00      0.00
    0.00      0.00
    0.00      0.00
    0.00      0.00
    0.00      0.00
    0.00      0.00
    0.00      0.00
    0.00      0.00
    0.00      0.00
    0.00      0.00
    0.00      0.00
    0.00      0.00
    0.00      0.00
    0.00      0.00
    0.00      0.00
    0.00      0.00
    0.00      0.00
    0.00      0.00
    0.00      0.00
    0.00      0.00
    0.00      0.00
    0.00      0.00
    0.00      0.00
    0.00      0.00
    0.00      0.00
    0.00      0.00
    0.00      0.00
    0.00      0.00
    0.00      0.00
    0.00      0.00
    0.00      0.00
    0.00      0.00
    0.00      0.00
    0.00      0.00
    0.00      0.00
    0.00      0.00
    0.00      0.00
    0.00      0.00
    0.00      0.00
    0.00      0.00
    0.00      0.00
    0.00      0.00
    0.00      0.00
    0.00      0.00
    0.00      0.00
    0.00      0.00
    0.00      0.00
    0.00      0.00
    0.00      0.00
    0.00      0.00
    0.00      0.00
    0.00      0.00
    0.00      0.00
    0.00      0.00
    0.00      0.00
    0.00      0.00
    0.00      0.00
    0.00      0.00
    0.00      0.00
    0.00      0.00
    0.00      0.00
    0.00      0.00
    0.00      0.00
    0.00      0.00
    0.00      0.00
    0.00      0.00
    0.00      0.00
    0.00      0.00
    0.00      0.00
    0.00      0.00
    0.00      0.00
    0.00      0.00
    0.00      0.00
    0.00      0.00
    0.00      0.00
    0.00      0.00
    0.00      0.00
    0.00      0.00
    0.00      0.00
    0.00      0.00
    0.00      0.00
    0.00      0.00
    0.00      0.00
    0.00      0.00
    0.00      0.00
    0.00      0.00
    0.00      0.00
    0.00      0.00
    0.00      0.00
    0.00      0.00
    0.00      0.00
    0.00      0.00
    0.00      0.00
    0.00      0.00
    0.00      0.00
    0.00      0.00
    0.00      0.00
    0.00      0.00
    0.00      0.00
    0.00      0.00
    0.00      0.00
    0.00      0.00
    0.00      0.00
    0.00      0.00
    0.00      0.00
    0.00      0.00
    0.00      0.00
    0.00      0.00
    0.00      0.00
    0.00      0.00
    0.00      0.00
    0.00      0.00
    0.00      0.00
    0.00      0.00
    0.00      0.00
    0.41      0.00
    0.00      0.00
    0.00      0.00
    0.00      0.00
    0.00      0.00
    0.00      0.00
    0.00      0.00
    0.00      0.00
    0.00      0.00
    0.00      0.00
    0.00      0.00
    0.00      0.00
    0.00      0.00
    0.00      0.00
    0.00      0.00
    0.00      0.00
    0.00      0.00
    0.00      0.00
    0.00      0.00
    0.00      0.00
    0.00      0.00
    0.00      0.00
    0.00      0.00
    0.00      0.00
    0.00      0.00
    0.00      0.00
    0.00      0.00
    0.00      0.00
    0.00      0.00
    0.00      0.00
    0.00      0.00
    0.00      0.00
    0.00      0.00
    0.00      0.00
    0.00      0.00
    0.00      0.00
    0.00      0.00
    0.00      0.00
    0.00      0.00
    0.00      0.00
    0.00      0.00
    0.00      0.00
    0.00      0.00
    0.00      0.00
    0.00      0.00
    0.00      0.00
    0.00      0.00
    0.00      0.00
    0.00      0.00
    0.00      0.00
    0.00      0.00
    0.00      0.00
    0.00      0.00
    0.00      0.00
    0.00      0.00
    0.00      0.00
    0.00      0.00
    0.00      0.00
    0.00      0.00
    0.00      0.00
    0.00      0.00
    0.00      0.00
    0.00      0.00
    0.00      0.00
    0.00      0.00
    0.00      0.00
    0.00      0.00
    0.00      0.00
    0.00      0.00
    0.00      0.00
    0.00      0.00
    0.00      0.00
    0.00      0.00
    0.00      0.00
    0.00      0.00
    0.00      0.00
    0.00      0.00
    0.00      0.00
    0.00      0.00
    0.00      0.00
    0.00      0.00
    0.00      0.00
    0.00      0.00
    0.00      0.00
    0.00      0.00
    0.00      0.00
    0.00      0.00
    0.00      0.00
    0.00      0.00
    0.00      0.00
    0.00      0.00
    0.00      0.00
    0.00      0.00
    0.00      0.00
    0.00      0.00
    0.00      0.00
    0.00      0.00
    0.00      0.00
    0.00      0.00
    0.00      0.00
    0.00      0.00
    0.00      0.00
    0.00      0.00
    0.00      0.00
    0.00      0.00
    0.00      0.00
    0.00      0.00
    0.00      0.00
    0.00      0.00
    0.00      0.00
    0.00      0.00
    0.00      0.00
    0.00      0.00
    0.00      0.00
    0.00      0.00
    0.00      0.00
    0.00      0.00
    0.00      0.00
    0.00      0.00
    0.00      0.00
    0.00      0.00
    0.00      0.00
    0.00      0.00
    0.00      0.00
    0.00      0.00
    0.00      0.00
    0.00      0.00
    0.00      0.00
    0.00      0.00
    0.00      0.00
    0.00      0.00
    0.00      0.00
    0.00      0.00
    0.00      0.00
    0.00      0.00
    0.00      0.00
    0.00      0.00
    0.00      0.00
    0.00      0.00
    0.00      0.00
    0.00      0.00
    0.00      0.00
    0.00      0.00
    0.00      0.00
    0.00      0.00
    0.00      0.00
    0.00      0.00
    0.00      0.00
    0.00      0.00
    0.00      0.00
    0.00      0.00
    0.00      0.00
    0.00      0.00
    0.00      0.00
    0.00      0.00
    0.00      0.00
    0.00      0.00
    0.00      0.00
    0.00      0.00
    0.00      0.00
    0.00      0.00
    0.00      0.00
    0.00      0.00
    0.00      0.00
    0.00      0.00
    0.00      0.00
    0.00      0.00
    0.00      0.00
    0.00      0.00
    0.00      0.00
    0.00      0.00
    0.00      0.00
    0.00      0.00
    0.00      0.00
    0.00      0.00
    0.00      0.00
    0.00      0.00
    0.00      0.00
    0.00      0.00
    0.00      0.00
    0.00      0.00
    0.00      0.00
    0.00      0.00
    0.00      0.00
    0.00      0.00
    0.00      0.00
    0.00      0.00
    0.00      0.00
    0.00      0.00
    0.00      0.00
    0.00      0.00
    0.00      0.00
    0.00      0.00
    0.00      0.00
    0.00      0.00
    0.00      0.00
    0.00      0.00
    0.00      0.00
    0.00      0.00
    0.41     26.16
   73.46     48.14
   13.92      6.96
    0.00      0.00
    0.00      0.00
    0.00      0.00
    0.00      0.00
    0.00      0.00
    0.00      0.00
    0.00      0.00
    0.00     14.82
 1133.75    539.25
 1560.40    781.03
 1007.16   1953.83
 1051.61   1438.52
 1096.28   1146.70
  786.79    738.43
  580.43    203.18
  498.49    217.23
  154.40     30.70
  233.57     53.54
   81.56     38.02
   28.76      7.76
    1.44      0.00
   13.13      2.45
    0.00      0.00
    0.00      0.00
    0.00      0.00
    0.00      0.00
    0.00      0.00
    0.00      0.00
    0.00      0.00
    0.00      0.00
    0.00      0.00
    0.00      0.00
    0.00      0.00
    0.00      0.00
    0.00      0.00
    0.00      0.00
    0.00      0.00
    0.00      0.00
    0.00      0.00
    0.00      0.00
    0.00      0.00
    0.00      0.00
    0.00      0.00
    0.00      0.00
    0.00      0.00
    0.00      0.00
    0.00      0.00
    0.00      0.00
    0.41      0.41
    0.00      0.00
    0.00      0.00
    0.00      0.00
    0.00      0.00
    0.00      0.00
    0.00      0.00
    0.00      0.00
    0.00      0.00
    0.00      0.00
    0.00      0.00
    0.00     14.79
   15.60      0.74
  217.26    308.74
  185.77    169.36
  118.81     94.68
   32.45     30.18
   87.05    101.51
   59.67     90.74
   60.50     46.06
   62.69    102.89
    0.00      0.72
   72.67     44.72
   58.39     18.01
   33.71      2.89
    0.00      0.00
   16.59      0.72
    0.00      0.00
    0.00      0.00
    0.00      0.00
    0.00      0.00
    0.00      0.00
    0.00      0.00
    0.00      0.00
    0.00      0.00
    0.00      0.00
    0.00      0.00
    0.00      0.00
    0.00      0.00
    0.00      0.00
    0.00      0.00
    0.00      0.00
    0.00      0.00
    0.00      0.00
    0.00      0.00
    0.00      0.00
    0.00      0.00
    0.00      0.00
    0.00      0.00
    0.00      0.00
    0.00      0.00
    0.00      0.00
    0.00      0.00
    0.00      0.00
    0.00      0.00
    0.00      0.00
    0.00      0.00
    0.00      0.00
    0.00      0.00
   76.65     68.06
  129.23    232.63
  179.99    215.73
  129.17    136.53
  138.92    197.31
  439.92    414.17
  161.46     89.64
  211.90    139.10
   58.40     40.65
  109.20     95.00
   95.38    111.53
   85.71    102.75
   91.62     54.11
   68.99     41.68
   51.55     74.88
   52.52     51.35
   45.79     48.16
   25.15     17.24
   76.92      5.06
    0.00      0.00
   17.76      0.72
    0.00      0.00
    0.00      0.00
    0.00      0.00
    0.00      0.00
    0.00      0.00
    0.00      0.00
    0.00      0.00
    0.00      0.00
    0.00      0.00
    0.00      0.00
    0.00      0.00
    0.00      0.00
    0.00      0.00
    0.00      0.00
    0.00      0.00
    0.00      0.00
    0.00      0.00
    0.00      0.00
    0.00      0.00
    0.00      0.00
    0.00      0.00
    0.00      0.00
    0.00      0.00
    0.00      0.00
    0.00      0.00
    0.00      0.00
    0.00      0.00
    0.00      0.00
    0.00      0.00
    0.00      0.00
    0.00      0.00
    0.00     29.46
   45.28     16.45
   45.24     46.13
  210.62    302.61
  159.87    158.39
  124.63     63.11
   62.92     78.71
   17.96     16.43
   60.30     32.34
    0.00     44.98
  120.06    122.61
   60.72     48.55
   20.80     14.99
   75.19     76.68
   16.45      0.71
    1.44     15.00
   31.58     76.46
   30.73     30.85
   30.78     30.78
   64.41      5.09
   16.51      0.72
   17.94      0.00
    0.00      0.72
    0.00      0.00
    0.00      0.00
    0.00      0.00
    0.00      0.00
    0.00      0.00
    0.00      0.00
    0.00      0.00
    0.00      0.00
    0.00      0.00
    0.00      0.00
    0.00      0.00
    0.00      0.00
    0.00      0.00
    0.00      0.00
    0.00      0.00
    0.00      0.00
    0.00      0.00
    0.00      0.00
    0.00      0.00
    0.00      0.00
    0.00      0.00
    0.00      0.00
    0.00      0.00
    0.00      0.00
    0.00      0.00
   46.76     79.48
  224.13    289.63
  136.34     94.64
   94.22    193.42
  105.87    131.49
  167.50    170.00
  371.94    273.59
  131.96    154.63
  140.64     59.30
  242.84    206.50
   53.16     40.56
  151.14     64.15
   41.30     58.85
   56.83     81.48
  164.91    145.81
   43.52     34.25
   45.30     31.68
   46.14     18.05
   31.51     61.11
   17.26      0.71
    0.00     15.10
   31.78     77.00
    0.00      0.00
   45.30     60.57
   60.60      2.88
   34.60      2.89
    1.44      0.00
   15.88      0.72
    0.00      0.00
    0.00      0.00
    0.00      0.00
    0.00      0.00
    0.00      0.00
    0.00      0.00
    0.00      0.00
    0.00      0.00
    0.00      0.00
    0.00      0.00
    0.00      0.00
    0.00      0.00
    0.00      0.00
    0.00      0.00
    0.00      0.00
    0.00      0.00
    0.00      0.00
    0.00      0.00
    0.00      0.00
    0.00      0.00
    0.00      0.00
    0.00      0.00
    0.00      0.00
    0.00      0.65
    1.37     15.10
   15.80     17.08
   30.86     16.45
   46.27     46.99
   57.11     58.16
    9.68      5.77
   15.81     19.04
   32.78     47.19
   16.77     18.54
   15.77      2.68
   18.64     16.53
   15.80     15.15
   14.99     16.35
   17.77     17.12
    4.71      7.00
    3.54      2.09
    2.09      0.00
   17.15     17.15
    0.65      0.00
   15.64     17.08
    0.72      0.72
    0.72      0.00
    2.16      1.96
    0.00      1.96
    1.96      2.16
    0.72      0.65
    4.84      2.16
    0.72      0.00
    0.72      0.00
    0.00      0.00
    0.00      0.00
    0.00      0.00
    0.00      0.00
    0.00      0.00
    0.00      0.00
    0.00      0.00
    0.00      0.00
    0.41      0.00
    0.00      0.00
    0.00      0.00
    0.00      0.00
    0.00      0.00
    0.00      0.00
    0.00      0.00
    0.00      0.00
    0.00      0.00
    0.00      0.00
    0.00      0.00
  123.24    183.41
  197.35    238.86
  109.21     64.40
  147.08    198.26
   99.42     70.95
  145.64    150.07
  101.20     84.53
   74.41     47.53
   94.06     70.63
   59.56     36.44
   93.89     71.68
   65.75     37.27
   70.55     77.04
   61.58     16.20
    3.60      0.71
   34.61     21.58
   15.09     17.83
   17.59     16.22
   19.62     18.24
    3.40      2.88
    2.88      0.65
    1.45      0.65
   15.11     15.17
    2.03      0.00
   16.48     17.33
    0.00      0.00
    0.72      1.96
    1.37      0.72
    1.31      3.40
    1.44      0.00
    1.37      0.72
    2.03      0.72
    2.09      1.44
    0.00      0.00
    0.00      0.00
    0.00      0.00
    0.00      0.00
    0.00      0.00
    0.00      0.00
    0.00      0.00
    0.00      0.00
    0.00      0.00
    0.00      0.00
    0.00      0.00
    0.00      0.00
    0.00      0.00
    0.00      0.00
    0.00      0.00
    0.00      0.00
    0.00      0.00
    0.00      0.00
    0.00      0.65
    1.14      0.41
   16.46     32.18
   45.98     30.53
   15.71     17.88
   53.46     53.53
   26.08     23.01
    3.40      4.26
    1.37      3.47
    1.31     30.04
   17.26     17.91
   34.87      5.48
   30.08     46.61
   17.80     30.79
   16.54      2.12
    2.17      0.00
   35.41     19.97
    0.65      5.49
    0.72      0.65
   19.12     17.15
   17.83     16.44
    1.44      0.72
    0.65      2.03
    0.72      0.65
    1.36      0.00
    2.10      0.72
    0.72      1.37
    0.00      1.31
    1.96      1.44
    0.72      1.37
    0.72      1.31
    0.72      0.65
    0.72      0.00
    0.00      0.00
    2.75      1.44
    0.72      0.00
    0.00      0.00
    0.00      0.00
    0.41      0.00
    0.00      0.00
    0.00      0.00
    0.00      0.00
    0.00      0.00
    0.00      0.00
    0.00      0.00
    0.00      0.00
    0.00      0.00
    0.00      0.00
   15.47     26.38
  128.02    203.69
  169.43    227.91
  138.55    116.85
  150.03    130.77
   95.87     84.86
  116.03     14.92
  126.20    146.80
  128.53     99.65
   56.43     18.73
   75.88     12.78
   27.81     23.24
    2.10     16.18
   38.39     30.63
   51.11     27.08
   19.02      2.82
   43.10     44.38
   31.26     32.11
   38.19     37.61
    2.09      0.65
    4.32      0.72
   33.99     19.27
    0.00      1.37
    2.74      2.03
   16.47     17.33
   16.54     16.55
    0.72      0.65
    1.31      2.09
    1.37      0.72
    0.72      0.00
    1.44      1.96
    0.65      0.72
    1.31      1.44
    1.44      0.00
    1.37      0.72
    0.65      0.00
    0.00      2.03
    0.00      0.00
    0.00      0.00
    0.72      0.00
    1.37      0.72
    0.00      0.00
    0.00      0.00
    0.00      0.00
    0.00      0.00
    0.00      0.00
    0.00      0.00
    3.86      0.00
    2.78      0.00
    3.02      0.00
    3.30      0.00
    0.00      0.00
    3.37      0.65
    4.01      1.39
    1.44      1.37
   30.85     45.17
   15.78     45.13
   51.72     41.11
   58.77     38.97
   19.18     20.41
   17.46     31.60
   16.95      2.75
    3.40      2.81
    0.72     15.64
   17.16      3.98
    2.75     32.18
    2.82      0.72
   30.84      2.81
    1.31     30.01
    1.37      2.82
   34.78      5.76
   16.37     33.37
    0.65      0.00
    2.09      2.03
    1.43      1.37
   17.09      2.09
    2.75      1.44
    2.09      2.68
    0.00      0.72
    1.31      1.37
    2.81      1.44
    0.00      0.65
    0.72      1.31
    1.96      1.44
    0.72      1.37
    0.72      0.65
    0.72      0.00
    0.72      0.00
    0.00      0.00
    1.37      0.72
    0.82      0.65
    0.00      0.00
    0.00      0.00
    0.65      0.72
    0.72      0.00
    0.00      0.00
    0.00      0.00
    0.00      0.00
    0.00      0.00
    0.00      0.00
  111.96    165.33
  141.88    165.49
  100.57    119.33
   70.35    135.89
   13.86     55.11
   91.26    113.27
  227.66    160.50
  120.63    102.80
  180.77     72.95
  116.71     57.39
   38.88      9.58
   56.64     78.69
   68.07     18.86
   28.59     37.19
   22.81      3.71
   27.08     30.10
   24.22     32.13
    7.23     23.24
   27.67      3.76
   15.51      4.06
    2.99     34.17
    4.27      1.37
   33.48      3.55
    2.03      0.72
   15.82     16.54
    0.00     15.75
    0.65      2.68
    2.02      2.03
   17.27      1.44
    4.19      2.75
    0.65      1.44
   26.47     20.42
    0.65      0.72
   54.48     15.28
   20.58     17.24
   12.49      0.72
    2.15      0.72
    1.37      0.72
    0.00      0.00
    0.65      1.37
    0.00      0.00
    0.00      0.00
    0.00      0.00
    0.72      0.65
    0.00      0.00
    0.00      0.00
    0.00      0.00
    1.37      0.72
    0.00      0.00
    0.00      0.00
    0.00      0.00
    0.00      0.65
    1.15      0.41
    1.37     15.75
   15.14      1.37
    1.31      1.37
   15.77     16.37
    2.03     51.49
   61.11     41.71
   52.43     52.41
    4.12     17.84
   32.05     31.59
   16.22     31.39
   18.55      4.26
   15.80      2.02
    0.72      1.31
    1.37      1.37
    3.47      2.09
    1.37     16.39
    0.72     15.64
   16.42      0.65
   19.74      5.70
    2.75     19.18
   17.09      2.03
    2.10      2.16
    0.72      0.00
    0.72      0.00
    0.65      2.03
    0.65      0.65
    1.96      5.43
    2.03      1.37
    2.88      1.44
    3.47      1.37
    0.72      0.72
    0.00      0.65
    0.00      1.31
   17.47     17.68
    0.72      1.37
    1.44      0.65
    1.44      0.00
    0.72      0.00
    0.00      0.00
    1.37      0.72
    0.00      0.00
    0.00      0.00
    0.00      0.00
    0.00      0.00
    0.00      0.65
    0.00      0.00
    0.00      0.00
   94.96    157.54
  102.03    170.71
  105.73    149.26
   95.04    151.86
   94.99    104.84
    9.13     28.11
  117.04     85.94
   41.00     78.16
  124.25     65.95
  101.09     55.65
   73.84     38.03
   54.57     45.02
   60.17     62.86
  123.07     98.94
   30.20     28.66
   87.11     39.85
   20.36      2.17
    3.62      2.81
    2.03      2.10
   15.10      2.10
    1.38     17.15
    0.65     19.43
   16.56      1.37
    7.14     17.86
   17.55      2.83
   17.19      2.16
    1.44      0.72
    0.00      0.00
    0.00      0.65
    0.00      0.65
    0.65      1.96
    3.33      3.47
    3.33      4.91
    1.44      0.72
    2.17      0.00
    1.37      0.72
    0.72      1.96
    0.65      0.72
   16.30     17.15
    1.44      0.72
    2.09      0.72
    0.65      0.00
    0.00      1.37
    0.00      0.00
    0.00      0.00
    0.72      0.00
    0.00      0.00
    0.00      0.00
    0.00      0.00
    0.00      0.00
    0.00      0.65
    0.00      0.65
    0.74      0.00
    2.09      2.03
   15.75     30.16
   16.51      0.72
   15.02     17.19
    3.47      6.67
   47.01     59.01
    7.37      6.35
    2.75     16.53
   29.43     32.82
    4.19     32.21
   32.60     34.00
   48.87      4.25
    1.45     15.03
   17.18     17.73
   14.37     14.43
   17.14      2.09
    2.03     15.03
    2.09      3.47
   16.31      1.37
    1.37      2.03
    5.29      5.70
    0.72     16.29
    3.40      2.75
    1.44      1.37
    1.37      0.00
   17.89      2.18
    0.00      0.00
    0.65      0.00
    0.00      2.03
    0.00      1.96
    1.96      2.75
    3.40      3.47
    4.91      2.09
    0.00      0.72
    0.72      0.65
    0.72      1.31
   18.19     18.71
    0.72      0.65
    1.44      0.65
    1.44      0.00
    0.72      0.00
    0.00      0.00
    1.78      1.13
    0.00      0.00
    0.00      0.00
    0.00      0.00
   15.61     26.50
  160.23    209.90
   98.81    163.47
   57.72     87.70
   41.50    126.54
  141.99    114.14
   50.09     24.15
  107.33     90.02
  121.79     90.38
  127.49     74.14
   67.07     57.88
   75.53     14.75
   28.99     50.54
   82.60     60.72
   21.28     51.13
   93.71     75.48
   24.59     19.10
   94.38     80.20
   72.38     14.72
   28.59     34.59
   19.21      4.12
   17.85      2.11
    2.75     17.62
   16.42      4.64
   47.71     41.36
    2.82      2.10
   33.03     34.83
    2.03      1.44
    2.75     17.19
    0.00      0.00
    0.65      0.00
    0.72      1.37
   15.91      0.72
    0.00      0.00
    0.72      1.31
    2.61      2.82
    2.03      4.12
    0.65      0.00
    4.19      2.75
    0.65      1.44
    1.44      1.96
    0.65      0.72
    2.68      2.82
    1.44      0.00
    2.08      0.72
    0.65      0.00
    0.00      1.37
    0.00      0.00
    0.00      0.00
    0.72      0.00
    0.00      0.00
    0.00      0.00
    0.00      0.00
    2.05      2.77
    1.44      1.31
    0.65      0.72
   14.99     15.70
    2.09     15.74
   18.33      7.38
   28.73     27.34
   11.70      9.82
   21.23     31.62
   29.96     16.53
   30.58     44.86
    3.33      4.77
   37.69     20.89
    2.09     18.46
    1.44      0.65
   16.42     47.10
   43.81     30.99
   16.45      0.71
   15.71     17.10
   16.55      2.76
    6.23     18.46
    2.16      1.37
   20.47      4.26
   16.89     18.40
    0.72      1.96
    2.75      2.10
    2.10      0.72
    1.44      0.00
    0.00      0.65
    0.00      0.65
    0.72      0.00
    0.65      0.72
    0.72      2.61
    0.00      0.65
    0.65      0.72
    4.84      2.75
    1.78      1.37
    2.75      2.09
    0.00      1.37
    1.37      2.68
    2.68      2.16
    1.37      1.37
    0.00      0.65
    2.15      0.00
    0.72      0.00
    0.00      0.00
    1.37      0.72
   76.99    130.13
   75.23    105.23
   84.55    169.21
   56.01    154.82
   45.53     48.78
   81.49     91.30
   79.69     92.05
  156.72     90.10
  147.29     92.57
   63.61     46.45
   84.17     57.80
   93.40     49.65
   76.80     55.78
   68.74     65.02
   77.58     55.64
  108.73    123.05
   88.33     42.01
   68.21     58.85
   76.28     40.82
    0.72     15.11
   63.22      8.81
    0.00     15.10
   44.70     32.55
   16.56     31.99
    4.05      3.47
    3.55     21.76
   19.01      2.15
    7.14      1.37
   17.02     16.42
    0.65      2.10
    3.47      1.44
    0.72      0.00
    0.65      0.00
    0.00      1.37
    0.00      0.00
    0.65      0.72
    0.72      0.00
    0.00      0.65
    2.61      4.19
    0.00      0.65
    1.31      2.03
    2.16      0.71
    2.75      1.44
    1.37      3.33
    0.65      1.37
    1.96      0.65
    2.88      2.16
    1.37      0.72
    0.65      0.71
    0.72      0.65
    0.00      0.00
    0.00      0.65
    0.74      0.00
    2.10      1.37
    1.37      0.65
   14.37     15.15
    0.72      0.65
    2.03      2.03
   18.25     51.10
   43.26     12.30
   10.92      6.35
    6.15      6.35
   30.95     32.58
    1.44     15.65
   16.61     15.08
   60.77     50.14
    6.08      7.66
    5.68      3.40
    3.47     15.08
   15.09     16.53
   14.37     18.42
    2.88      0.00
    1.43      0.00
   14.42      1.37
    0.65      1.96
   18.41     34.26
   17.09     18.38
    7.31      5.77
    3.54      2.75
   17.09      1.36
   17.22     17.92
    1.44      0.00
    2.82      1.37
    0.00      0.00
    0.72      0.00
    0.00      0.65
    0.65      0.72
    0.00      1.31
    0.72      1.31
    0.41      0.00
    1.37      1.37
    2.81      0.72
    1.31      2.68
    0.72      0.72
    2.09      1.37
    0.72      1.31
    3.26      4.26
    0.72      0.65
    0.00      0.65
   18.20     27.53
  141.21    237.86
   97.48     66.59
   88.45    250.42
   51.34     57.08
   59.12     25.70
   33.17     17.75
   72.65     54.57
   39.90      5.50
   31.03    106.27
   92.07     64.48
   36.46     49.92
  127.75     70.74
  127.95    126.90
   72.55     88.69
  114.72    122.28
   51.18     50.55
   28.20     55.13
  135.20     93.88
   87.34     25.81
    3.67      0.87
   11.03      1.73
    2.61     16.95
   22.01     16.23
   14.80     16.24
    0.71      0.65
    1.36      1.31
   18.31      6.80
    2.61      4.70
    2.75     33.08
   35.98     18.58
    2.03      1.44
    3.48      1.44
   17.92      2.81
    1.37      0.00
    1.37      1.44
    0.00      0.00
    0.00      0.65
    0.00      0.00
    0.65      0.72
    0.72      0.00
    1.96      3.47
    0.65      0.72
    0.65      1.37
    0.72      0.00
    1.37      2.03
    0.65      0.72
    2.81      3.33
    0.65      0.72
    2.03      1.37
    2.09      1.44
    1.37      1.37
    2.11      0.00
    0.65      1.37
    2.09      2.75
    0.65      0.72
    3.45      0.00
   15.72     15.05
    4.90      1.35
   22.16     21.89
   29.29     55.55
   41.09      8.45
    8.19      5.70
   20.02     19.33
   17.92     32.71
   47.62     31.75
    4.10      1.37
    3.26      4.19
    7.05     21.59
   48.58     62.30
   52.26     34.96
   18.61      0.72
    3.91      2.61
    5.11      0.00
    0.72      0.00
    0.00     15.00
   14.99     16.35
   15.64     18.38
    3.48      2.09
    6.72      4.91
   19.17      4.91
    1.37      2.10
    2.03      3.33
    2.75      2.75
    2.10      2.10
    1.44      1.31
    2.75      0.72
    2.16      0.72
    0.00      0.00
    0.65      1.37
    0.00      0.00
    0.00      1.96
    0.72      0.65
    0.00      0.65
    3.47      1.44
    1.44      0.00
    0.65      0.65
    0.65      2.75
    0.65      0.65
    2.82      2.75
   79.89    133.04
   87.61    125.25
   74.52    200.72
  117.07    241.36
   36.25     46.50
   66.59     73.31
   78.32     60.62
  107.34     78.48
   90.59     58.93
  134.20     76.54
   70.79     93.22
  114.56     67.40
   30.32      7.83
   49.02     80.27
   62.18     19.51
  102.85    100.27
   41.21     26.09
    2.10      3.99
    6.93     17.81
   62.88     71.81
   62.95     26.89
   47.23     60.85
   97.57     58.80
   35.48      4.34
   22.72      4.18
    0.00      0.00
   13.72      0.65
    0.00      0.72
    1.38     32.92
   33.61     10.19
    2.70     17.19
    7.20      1.37
    3.46      2.03
   16.96      1.85
    2.68      2.82
    0.72      0.72
    2.68      3.47
    1.31      1.37
    0.72      0.72
    0.72      0.65
    1.37      0.72
    0.00      0.00
    1.38      0.72
    2.37      1.13
    0.65      2.75
    0.65      1.44
    0.00      0.65
    1.44      0.00
    0.00      0.65
    1.31      3.40
    2.09      1.31
    2.09      2.09
    2.70      1.45
    4.19      2.75
    0.72      0.72
    1.96      2.82
    0.65      1.37
    0.65      0.00
    1.37      3.40
    5.50      6.80
   40.28     40.27
   27.60     37.75
   21.20     22.24
   19.22     18.54
   31.33     34.02
   35.35     48.12
   15.89     15.52
   17.67      2.10
    4.05     20.35
   20.47     50.05
   20.88     18.00
    2.09      2.09
    0.72      0.65
    0.72     31.33
    3.40      3.47
   29.72      1.43
    2.16     14.37
    0.00      0.00
    0.65      0.72
   15.57      2.68
    5.36      4.12
    3.98      7.73
    4.12      3.47
    2.03      2.75
    2.09      2.03
    2.16      0.65
    1.37      1.96
    1.44      0.72
    2.10      0.65
    2.10      2.10
    1.37      1.37
    0.65      0.72
    0.00      0.65
    1.38      2.68
    0.72      0.65
    0.00      0.65
    4.26      0.00
    0.65      1.44
    0.72      0.65
    0.65      0.72
  114.05    180.71
   89.87    136.14
    1.44    104.38
   97.23    212.16
   41.89     44.33
   55.58     82.07
   45.63      2.76
   70.54      4.14
   10.21      2.74
   62.59     48.31
   67.10     64.16
   82.94     64.05
   69.50     57.92
  107.30     68.68
   53.93     41.00
   70.79     60.16
   19.99      4.99
   57.94     40.46
    6.19      4.78
    4.85     19.20
   21.15      6.29
    1.43      0.72
   27.15     21.87
   20.63     17.21
   54.40     35.67
    4.18     31.27
    2.03      2.82
   29.85      0.72
    2.15      1.37
    0.00     14.79
   26.51     25.79
    4.05      4.83
   67.13     57.97
    4.22      6.93
   51.64     31.61
   21.94     17.41
    6.95      2.17
   26.49     22.71
    1.38      2.03
   28.62     52.84
    1.38      0.00
    6.47      4.17
    0.00      0.72
    0.00      0.65
    2.09      1.37
    2.18      1.44
    2.68      2.82
    1.37      1.37
    0.65      0.72
    0.72      0.65
    0.72      0.65
    0.00      0.65
    2.12      0.72
    2.10      5.29
    2.03      0.72
    3.40      1.44
    2.16      1.44
    0.65      0.72
    4.05      4.12
    4.05      7.52
    5.50      7.18
   42.71     42.75
   23.99     23.49
    5.56     32.17
   18.48     19.07
   45.42     32.60
   51.69     35.05
    3.40     17.92
   18.77     20.33
    3.47      4.19
    4.19     19.15
   21.44      3.54
    0.72      0.65
    1.37      1.37
    0.72      1.31
    0.00     15.45
    2.09      0.72
   16.96      1.36
    1.31     17.02
    0.72      0.72
   16.32      2.10
    0.72      1.96
    5.29     18.54
    4.12      4.90
   18.66      3.55
    1.38      2.03
   16.17     31.25
    0.72      0.65
   16.52      2.75
    0.72      0.65
    2.82      1.38
    0.68      1.31
    2.75      1.44
   17.84     15.81
    0.00      0.72
    1.44      1.31
    0.00      2.61
    0.65      0.65
    1.44      1.37
   64.01    105.35
   57.08     94.99
   73.40    181.57
   50.10    162.63
  102.54    146.17
   96.00     93.40
  115.19    148.60
   94.18     39.94
   91.49     72.32
   35.73      7.54
   44.19     49.31
   16.35     11.70
   44.08     74.96
   91.15     53.74
   46.99     32.18
   46.82     24.92
   15.42     48.86
  116.37    113.10
   79.34     13.48
   93.10     68.20
   50.78     30.19
   34.28     17.16
   42.46     30.17
    2.89      1.44
   54.40     40.55
    0.72      0.72
   30.85      3.52
    2.45      0.65
    1.38     29.44
    0.72      0.00
   17.02      2.74
    0.72     16.49
    1.37      0.72
   43.65     27.71
    2.75      3.40
   58.27     31.25
   21.99      3.63
    5.77      2.09
   17.08     29.49
    1.37     15.51
    2.75      0.00
   16.23      2.82
    0.00      0.72
    0.65      2.03
    1.37      2.68
    2.03      1.44
   16.90     16.98
    1.44      0.00
    2.02      0.73
    1.96      3.54
    0.00      0.65
    0.00      1.96
    2.70      2.84
    2.10      2.03
    2.88      0.65
    2.03      2.09
    0.65      0.72
    1.44      1.96
    0.65      1.37
    4.71      5.56
    7.59      6.15
    4.84      6.59
   12.43     24.81
   55.20     42.50
   20.61     18.52
   31.93     32.98
    1.44      2.03
    2.03     17.79
   33.73     33.69
    3.47     17.12
   35.48     23.34
    7.64     19.27
   16.46     17.78
   33.43     18.71
    2.13      0.65
   17.19      2.82
    1.44      1.31
    0.00      0.00
    1.44      0.65
    0.65     15.84
    0.72      0.65
   31.35     16.30
    1.38      1.38
    0.65      3.34
    3.41      2.68
    5.36      5.05
    4.85      2.67
    2.75      4.26
    1.37      2.03
    2.10      1.37
   30.64     32.09
    0.72     15.02
    4.34      0.00
   14.36      1.38
    1.38      0.65
    0.00      1.37
    0.65      2.03
    3.47      1.37
   16.31     18.47
    0.72      2.70
   96.52    157.63
   63.45    106.06
   77.78    180.51
   15.94     53.67
   95.83    148.93
   50.51     51.57
   21.08     49.36
   62.49      2.73
   22.31     11.07
   20.78     34.94
   52.34     27.02
   36.73     47.16
  114.41     62.88
   73.98     91.98
   78.63     50.94
   32.49     76.99
   67.71     10.38
   99.35     52.42
   66.85     29.44
  103.69     73.50
  110.27    120.50
   55.64     17.38
   56.98     36.92
   69.63     59.33
   22.64     32.71
   60.82     50.10
   49.23     16.76
   21.07      4.47
    0.00      0.65
    0.65      0.00
    0.00      0.72
    0.72      0.65
    0.65      1.38
   17.02     15.77
    2.03      4.64
    0.65      4.12
    6.29      4.78
    4.20      2.75
    3.54      1.37
    2.75      0.72
    0.00      0.72
   17.03     16.50
    1.31     16.56
    0.65      0.72
   15.89      0.72
    0.00      0.00
    0.65      2.68
    0.65      0.72
    1.37      1.37
    1.44      1.31
   17.05     17.26
    3.47      2.88
    3.42      3.47
    2.09      2.03
    2.03      1.31
    0.72      1.44
    0.72      0.65
    0.72      1.31
    2.09      1.96
    4.78      4.26
    4.06      6.67
    4.84      5.36
   13.81     14.54
   26.43     22.44
   37.11     51.97
   35.51     34.34
   48.62     34.71
    1.37      2.68
    2.81      2.09
    3.33      2.81
    4.71     36.27
   20.28      5.63
   19.70     34.66
   19.34     32.09
   31.82      4.83
   20.10     18.54
   18.01     30.46
    0.74     17.13
   16.31      0.72
   32.33      2.82
    0.00      0.00
    1.37      1.37
    0.00      0.00
    0.65      1.31
    0.72      1.38
    1.37      1.37
   21.71     21.47
    1.44      3.54
    4.71      4.06
    2.82      3.56
    1.46      0.65
    2.09      1.37
    0.72      1.31
   15.82     15.81
    2.16      0.65
    0.72      0.00
    0.72      0.65
    0.72      0.00
    0.00      0.65
   33.13     54.25
   90.79    132.87
   15.96    154.97
   44.40    135.39
   65.23    106.18
   57.46     98.85
   58.28     61.30
   33.13     10.93
   21.05     47.01
   44.48     52.78
   34.70     35.68
   49.69     15.94
   51.29     37.07
   98.93     39.85
  109.62     83.67
   76.62    138.96
   94.30     46.55
   68.78    104.65
   44.25     19.23
   65.18     43.86
   46.58     24.81
   44.16     14.95
   37.10     29.49
   19.91     32.41
   31.96     19.26
    2.81     32.89
   17.73      1.43
   32.31     19.36
    4.22     15.74
    2.76     32.07
   15.05      0.72
   30.67      1.37
    0.00      1.44
   25.80     21.31
   20.65     17.87
   27.98      7.73
    3.54      3.99
    1.31      4.06
    4.21      2.03
    6.22      4.85
    2.03      2.12
    4.94      2.75
    0.65      1.44
   25.77     21.20
    4.06      2.89
   27.31     52.65
    1.31      0.72
   30.21     21.98
    0.72      0.72
   72.38     30.52
    1.52      1.38
    3.54      0.72
    2.10      1.37
    2.77      2.03
    2.03      2.75
    3.27      5.57
    1.38      2.10
    2.09      1.37
    3.47      2.68
    2.10      2.75
    2.03      2.10
    6.29      4.71
    4.78      7.26
   12.51     13.16
   24.59     24.21
   20.43     20.54
    6.87     34.25
   20.43     21.18
   20.06     19.21
   19.69     16.96
   18.21     20.01
    3.47     16.41
   49.25     24.15
    6.94     20.58
   33.71     17.82
    2.10     17.10
   15.77     17.79
    2.15      1.37
   18.65      4.05
    3.42      3.49
    3.54     15.83
    0.00     16.31
   15.89      0.72
   15.70      0.72
    1.44      1.37
    0.00      0.65
    1.37     15.52
    0.72      1.31
   20.19      4.20
    3.16      5.98
    2.75      2.10
    4.71      4.85
    1.44      1.39
    2.84      0.72
    1.37      3.99
    0.00      0.00
    2.89      1.31
    0.72      0.65
    0.72     14.38
   16.21     26.29
   91.20    130.38
   44.38     58.24
   69.20    236.37
   38.92     55.83
   25.83    103.37
  108.45    130.24
   50.07    103.89
   66.71     24.23
   62.85     35.20
   69.31     37.98
   27.00      8.16
   82.62     45.73
  137.40     86.82
   51.00     36.75
   81.68    110.89
  100.01     79.86
   25.27     73.96
   73.03     48.14
   33.53      9.32
   96.00     78.82
   52.54      7.35
   40.00     55.80
   78.01     45.93
   48.95     38.09
   58.64     41.15
   50.12     28.41
    2.23     16.50
    4.77      2.83
    2.10      2.75
    1.31      2.05
    4.21      2.82
   27.09     22.68
    2.10     15.83
   48.45     43.15
   15.89      0.72
   23.43     17.40
    0.65      0.72
    0.72      1.96
    2.05     18.99
    1.44      1.37
   20.07      4.06
    1.96      2.16
    4.78      3.56
    3.47      2.74
   25.78     20.57
    3.40      0.72
   55.41     37.09
    0.65      6.25
   22.71     16.60
    0.87     14.80
    1.36      0.72
   15.58      2.03
    1.39     15.52
    2.75      2.77
   16.23      0.72
    0.65      0.72
    0.65      1.44
    1.31      2.75
    3.40      2.75
    1.37      2.68
    4.71      5.43
    4.19      5.50
   22.68     24.49
   11.71      9.03
    9.62      8.31
    6.22     22.53
   20.06     19.62
   17.10      4.78
    6.15     20.01
   20.02      2.81
   20.24     63.41
   64.44     21.22
    5.92     38.14
   39.12     24.25
   32.98     34.78
   20.79      2.16
   14.79     17.68
    1.31      2.68
    3.54      2.77
    2.03      2.68
    3.49      2.84
    1.44      0.65
    1.38      2.03
    1.31      1.31
    1.37      2.82
    3.54     15.75
    1.44      0.65
   15.82      1.44
    1.38      2.05
    1.96      2.10
    4.06     19.37
   15.85      1.96
    2.75      4.19
    3.47      2.03
    3.56      1.46
    2.03      4.05
    0.00      0.65
    0.72      0.65
    2.82      1.31
   63.65    104.98
   76.42    117.50
   64.88    189.53
   49.00    157.75
   50.76     83.89
   44.90     65.15
    0.81     10.90
   93.39     85.35
    6.90     54.24
   39.80     36.51
   50.87     51.92
    5.81     16.69
   55.47     24.63
   65.83     63.42
   88.32     39.34
   36.65     55.65
  123.18     84.94
   47.91     41.47
   61.88     60.65
  100.04     73.43
   71.05     40.33
  113.01    119.94
   46.08     23.55
   62.15     85.57
   47.69     28.01
    7.55     19.45
   54.58     44.19
   37.31     20.41
   44.60     36.87
   69.17     34.55
   30.03     31.65
   80.01     57.26
    2.12      2.82
   21.35      3.47
    0.65      1.38
    2.03      3.40
    3.33      1.43
    1.37     17.60
    2.10      0.65
   16.31      1.44
    1.39      5.29
    0.65      0.72
    4.26      2.68
    2.10      2.03
    4.78      2.17
    2.03      3.42
    1.46      0.72
    1.37      1.37
    3.33      2.89
    1.31      0.72
    1.37      1.44
    0.65      1.31
   16.40     16.52
    1.38     17.80
    2.75      1.37
   16.54      1.46
    0.65      1.44
    1.44     15.11
    2.68      2.03
   16.62      2.82
    0.65      1.31
    3.92      7.01
    4.19      2.68
    6.23      9.42
   26.71     25.40
   10.22     11.06
    7.60      6.87
   20.44     17.68
    2.75     19.89
    6.86      4.91
    2.81      3.98
   18.24     18.97
   20.49     21.20
   22.26     36.92
   53.52     39.38
    6.36      4.05
    6.87      4.84
    3.99     32.36
    2.12     17.21
   29.97     17.93
   18.27     17.54
   32.34      4.19
    2.03      2.84
   18.34     16.87
    1.37      0.72
    0.72      1.96
    2.75      2.68
    2.10      1.38
    3.54      2.75
    3.02     16.45
    1.44      2.12
   17.09      1.37
    3.99      4.98
    0.72      2.03
    2.68      4.12
    2.03      2.10
    2.09      0.65
    2.84      1.39
    0.72      2.68
   62.46     54.64
   62.92     78.00
   15.74    174.64
   59.78    125.23
   29.67    126.89
   56.65     84.54
   14.53     25.41
   31.25     89.61
   40.71     76.75
   44.36     37.44
   20.03     14.58
   73.03     37.78
   44.32     24.55
   47.95     69.90
   93.02     78.59
  125.18     56.46
   82.73     78.36
   84.02     57.21
   45.69     51.64
   83.90     48.53
   64.44     46.73
   42.30     30.58
   47.11     35.39
   95.91     46.12
   56.72     46.49
   95.14     60.23
   31.98      7.66
   50.95     47.57
   68.29     35.96
    3.54     15.53
   95.16     41.08
   45.33     39.10
    2.02     42.47
   98.78     46.30
   22.79      5.29
   42.32      1.38
   19.34     18.53
    2.03      1.37
    4.19      2.10
    2.03      3.47
    0.72      1.31
   15.58      1.38
    2.68     19.10
    2.10      3.47
   18.72      3.40
    2.82      1.38
    2.10      1.37
    2.68      2.17
    2.75      2.77
    0.74      0.65
    2.68      1.44
    0.65      0.72
    2.03      2.75
    2.70      2.82
    1.44      1.37
    1.38      0.72
    0.00      0.00
    1.96      3.49
    0.65      1.37
    2.82      1.38
    2.75      2.10
    1.96      2.10
   29.07      5.57
    4.85      4.73
   24.36     25.79
   12.38      9.77
    8.18      8.31
    6.96     20.46
   34.90     20.17
    2.68      4.78
    4.85      6.15
    4.19      1.36
    3.40     34.98
   35.88     20.54
   21.39     22.70
   53.87     55.55
   23.56     22.78
    7.73     18.28
   20.49      5.79
    1.37      2.03
    3.99      3.53
    0.00     17.68
    3.47      2.77
   31.31     18.93
    3.33      2.84
   18.66     45.84
   15.82     31.03
    0.00      1.31
   45.94     20.68
   19.99      3.47
    0.65      0.72
    5.49      3.56
    0.72      0.65
    0.72      2.61
    4.58      4.26
    3.47      3.54
    4.13      3.47
    0.72      1.31
    2.03      2.10
   18.23     26.88
   63.28    106.64
   16.43     52.30
   83.75    211.31
   68.23     92.29
   30.75     96.19
    4.44     72.80
   67.67     84.70
   55.68     28.58
   26.15     65.50
   48.46     16.01
   92.76     43.34
   58.53     26.12
   35.39     33.48
  101.95     54.93
   81.26     77.61
   85.73     79.59
   86.99     51.43
   31.93     33.62
   41.73     34.87
   40.42     11.89
   61.98     25.91
   27.85     20.38
  107.93     79.78
   28.79     21.36
  111.53    118.46
   69.84     65.72
   52.84     32.99
   20.66     20.89
   22.16     21.37
    6.41      1.31
   31.09     21.29
    4.12      2.16
    3.76      3.40
   15.89     29.55
    3.92     19.79
   18.13     19.78
   17.67      0.71
    2.15     15.11
    1.39     31.27
    1.31      2.09
    2.68      4.06
   31.38      4.85
   18.66      2.16
    3.47      2.75
    1.31      4.71
    2.82      2.68
    4.91      2.75
    2.03      2.75
    4.19      1.44
   27.73     22.51
    2.10      2.05
   53.83      7.77
    2.68      9.81
   13.05      3.49
    4.83      2.10
    1.31      1.44
    0.72      1.37
    0.65     15.10
    3.40      3.49
   17.19      3.47
    0.00      0.00
    0.65      0.65
    3.33     19.87
   19.96     18.71
   25.31     12.39
   12.30     10.48
   34.85     32.24
   21.31     19.88
   41.56     34.95
   11.68      6.43
    6.93      3.47
    4.14      4.88
   19.30     17.92
   18.49     33.92
   18.45      4.84
   38.60     55.48
   24.09     13.81
   21.87     33.57
    3.40     18.44
   24.82      6.51
   19.21     17.01
    2.09      2.68
    2.88      1.37
    1.96      2.84
    1.44      2.61
    1.31      2.03
    5.59     18.59
   48.12     33.49
    0.00      2.05
    2.10      0.65
    2.90      1.38
    2.10     16.97
    2.68      3.49
   18.48      4.18
    0.72      1.96
    6.22      2.82
    4.71      5.64
    1.37      0.65
    2.73      4.74
   63.10    103.82
   95.19    157.80
   32.40    103.74
   22.25    181.46
   43.69     30.05
   77.34    118.36
   28.86     37.55
   76.26    110.70
   60.34     33.20
   38.02     35.95
   32.57     22.90
   13.06      0.00
   34.13     32.94
   70.38     43.90
   60.13     32.74
   20.20     41.97
   63.25     28.28
   12.40     11.81
    5.84     20.38
   88.31     64.37
   85.52     50.89
   72.01     73.23
   68.37     94.41
   99.07     67.98
   70.36     96.58
   71.22     45.63
   39.74     69.37
   92.78     52.16
   93.07     36.01
   32.44     21.30
  130.56     94.91
   10.10      8.51
   29.23     19.53
    6.52      7.79
    5.55     16.54
   27.24     21.96
   30.01     15.86
   27.09     20.04
   17.30     17.95
    3.25      1.80
   15.71      3.48
   18.41     18.61
    1.44      1.96
    1.39      1.38
    2.90     15.77
    4.71      4.12
   18.53      7.52
    3.47      0.72
    5.64      5.49
    1.38      0.72
    4.12      3.40
    0.65      1.37
    5.52      4.19
    3.47      2.77
    2.77      2.82
    2.03      1.44
    0.65     15.52
    0.65      0.72
   16.25      3.40
    2.75      1.37
    1.37      0.74
    2.03      2.10
    1.31      2.10
    4.19      3.40
    2.10      4.05
   12.75     10.28
   22.29     24.63
    9.62     10.43
    6.95     21.17
   20.50      4.92
    3.40      5.50
    4.78      4.84
    3.47     16.88
    3.47      4.13
   19.58     33.00
    4.86     19.65
   21.73      8.37
   39.17     42.90
    5.56      4.05
    7.66      6.81
   21.73     49.16
   34.25     18.64
   32.54     19.98
   18.47     17.87
   22.07     18.56
    1.31      2.11
   18.29     18.26
    3.40      2.09
   19.09     18.38
    3.48      2.03
    2.03      1.38
    2.13      3.51
    1.31      2.03
    1.37      1.46
   17.85     17.84
    2.03      4.12
    0.00      2.61
    4.13      2.82
    6.87      6.22
   66.07     80.23
   49.41     77.06
   42.40    170.21
    6.53     81.61
   27.17    131.87
   23.85      5.45
   25.41     87.88
   28.76     75.42
   29.37    145.49
   35.46     44.69
   42.85     50.89
   59.80     10.59
    7.69     20.58
   72.24     61.06
   75.03     26.32
   23.30     17.76
   57.31     70.19
   73.47     40.50
   55.75     15.41
   45.67     65.45
   46.73     21.10
   73.05     56.61
   48.52     22.19
   35.93     41.02
   36.04     36.57
    6.28     17.86
   46.36     43.20
   93.29     45.93
  102.57    101.15
   59.27     16.98
    7.23     44.82
   62.89     42.71
   56.60     53.00
   41.67     21.05
   68.92     60.77
   43.20     22.51
   49.88     31.53
   67.92     61.71
   32.12     26.29
   13.73     19.59
   33.58      6.30
    3.47      2.77
    0.00      1.31
    2.05      1.37
    3.57      2.77
    1.31      2.75
    0.72      0.00
   27.94     23.89
    3.27      6.15
   31.36     17.33
    4.19      3.47
    5.63      0.72
    2.24      4.05
    4.06      3.42
    3.40      2.82
    6.96      5.63
    1.96      4.14
    3.42      2.16
    2.75      1.44
    2.75      2.75
    1.44     15.77
    1.31      1.46
   15.17      0.72
    2.68      4.78
    3.47      2.75
    4.06      5.37
   12.82     13.95
   23.14     24.07
    9.84      6.23
    6.09      6.31
   18.94     20.67
    5.57      2.82
    3.99     20.23
   18.55      4.92
    3.47      0.00
   18.27     21.69
    4.78     19.23
    7.43     22.79
   23.49     39.18
    6.28      5.43
   34.39     21.82
   35.78     33.82
   18.64     16.98
    2.61     18.47
    2.09      6.74
    4.78     18.55
    3.99      2.75
   20.92     18.69
   17.13     18.58
    3.16      1.38
   33.42     33.80
   17.94      4.11
    4.14      2.91
    2.12      2.05
    2.68      2.84
    0.72      0.65
    2.77      1.46
    2.68      2.10
    0.00      3.34
   32.87     55.80
   67.08    106.64
   30.65     93.54
   21.66    159.32
   48.40     59.74
   23.74     75.08
   94.30    142.02
   56.63    113.43
   45.74     46.36
   16.36     66.74
    2.83     12.42
   24.52     29.40
   46.61      2.00
   25.28     27.44
   35.39      4.13
   24.03     24.90
   74.58     49.68
   82.50     63.25
   84.10    102.28
   78.27     21.67
   79.76     46.07
    7.68      7.00
   44.67     56.52
   82.34     69.67
   42.28      2.78
    1.96      6.75
   67.72     82.57
   93.95     60.31
   10.28     34.09
   84.71     62.37
   30.36     42.73
   50.43     49.16
   74.68     24.86
   14.10     31.95
    2.68     18.59
   33.58     11.82
    3.55      3.55
   33.36     33.02
   28.51     26.82
   50.49     37.45
   57.27     39.18
   45.06     59.18
   66.87     37.70
    2.10      2.68
   96.03     34.56
    5.00      2.19
   15.28      2.04
    2.08      2.03
    2.83      1.46
    0.72      1.31
    4.20      3.40
    1.44      2.09
    3.47      1.44
    2.68     20.22
    3.49      2.75
   20.36      5.36
    1.30      2.88
    4.19      4.14
    2.68      2.82
    6.87      4.87
    4.93      2.84
    0.65      2.03
    0.65      0.72
    2.75      2.77
    6.15      4.12
    1.96      4.28
    4.64      7.39
   12.44     10.55
    8.19      9.42
    7.60      7.03
    4.19      4.78
    8.97      6.98
   19.10     19.33
    4.87     32.25
    2.82      3.40
   19.65      2.16
   16.47     20.67
   19.84     18.98
    6.74      8.32
   22.49     22.62
    6.94      9.56
   23.13     34.80
   38.28     50.84
   18.56     18.09
   16.54      2.03
    4.64      6.22
    2.16      2.75
    2.68     19.58
    3.33      2.82
   33.11     17.63
    2.03      4.12
    5.55      3.46
   17.57     19.67
    4.88      2.82
   19.93     32.18
    2.75      2.12
    1.31     17.15
   45.79     16.88
    3.33      4.28
    2.70      1.41
   58.85     94.52
   83.42    185.04
    5.43    104.40
   23.15    101.67
   50.80     86.94
    9.08     44.18
   57.63     68.84
   38.94    117.96
   49.44     15.98
   38.75     28.23
    2.83      2.83
   53.24     57.41
    3.62      2.02
   28.99     13.67
   17.18      7.53
   29.24     50.28
   32.22     10.69
   38.04     84.97
   44.02      9.58
  125.61     79.57
   32.19     25.60
   37.60     48.29
   64.65     69.15
   55.20     23.70
   79.83     88.43
    2.18      6.46
   45.66     43.51
   48.74     40.72
   21.66     20.51
   46.26     28.12
   24.66     24.94
   70.12     51.46
   57.34     26.86
   67.99     86.34
   77.81     42.22
   23.38     40.03
   59.90     45.79
   16.96      4.98
   52.79     46.33
    5.63      3.42
   34.66      7.07
   56.20     51.25
    7.61      5.56
   44.83     45.66
   32.26     25.07
    7.01      3.47
   26.83     17.64
    3.79     32.11
    1.39      2.68
   33.34     17.88
    3.46      2.79
    3.42      2.03
    2.92      3.40
    4.84      4.05
    3.42      2.81
    1.96      3.56
    6.26     17.05
    2.03      2.75
   20.73      4.19
    4.78      4.91
    1.38      1.31
    2.77      3.49
    2.03      2.75
    4.71      4.78
    2.82      2.84
    4.18      3.33
   12.65     12.41
    8.31      9.75
    6.94      8.25
    8.98      4.93
   17.00     21.28
    7.59      5.58
    5.50      6.24
   20.67     18.70
    2.68      3.40
    4.06      3.56
    4.16     19.87
    5.36     19.30
    8.11     21.91
   34.53      8.34
   22.02     38.53
    7.66      7.48
    7.60      5.52
    2.84      0.72
   32.95     20.02
    2.61      4.91
    3.47      2.68
    2.75     17.21
   17.15     16.89
   18.92      3.56
   16.23     48.76
   17.03      4.12
    4.85      2.82
    4.19      3.47
   16.51     17.85
   18.57     33.46
    6.08      4.93
   20.45      2.82
   78.53    132.92
   16.55     41.90
   33.12     54.47
   33.21    177.69
   59.87     97.02
   62.70    125.86
   64.38     62.47
   50.20     80.83
   28.34     47.86
   30.95     66.27
   31.31     41.64
   35.41     14.32
   51.21     52.28
   10.33     12.97
   17.43     13.90
    4.07      3.27
   36.13      4.12
    3.95      6.70
   18.48     15.92
    8.32      8.84
    9.71      7.61
   34.05      6.38
   60.09     60.01
   57.09     46.94
   30.28     71.23
   95.56     87.02
   91.38     61.26
   53.31     40.78
   47.05     50.16
   61.72     46.69
   83.00     36.24
    9.71     43.49
   61.36     23.69
   93.70    123.56
   34.35     29.58
   30.04     37.89
   19.69     21.54
   33.86     13.07
   45.41      6.66
   60.22     39.35
   18.13     19.78
   69.92     53.89
   47.24     29.65
   16.48      6.24
    8.20      6.35
   27.95     22.62
   17.77     17.77
   29.34     31.39
   31.58     31.75
    5.43     18.56
   17.65      0.74
   19.35      2.75
    2.83     19.90
    1.38      3.34
   20.76      4.91
    5.59      3.40
    2.75      3.40
    2.12      1.46
    2.70      2.12
    5.50      6.81
    3.49      3.49
    3.40      2.10
    4.12      3.47
    2.68      3.47
    4.85      5.52
    5.53      2.89
    1.96      2.77
    4.00      6.08
   12.37     12.43
   10.29     10.35
    7.54      6.94
    4.84      7.56
    6.24      4.11
   22.56     21.38
    4.85      4.85
   17.83     17.84
    2.17      1.31
    4.71     20.54
   21.11      4.89
    4.06      6.96
    7.33     21.50
   21.86      8.39
    7.56     36.94
   34.91      6.10
    7.66      6.02
    6.29      3.56
   32.63     32.75
    2.75     18.92
   19.19     19.13
   16.97     19.93
    3.90     19.56
   20.57     17.22
   34.58     20.75
    0.71     15.78
   19.01     20.29
   17.75     17.27
    1.37      1.37
   18.97     17.68
    4.19      1.37
    0.72      1.37
    1.88      0.00
    0.00      0.00
    0.00      0.00
    0.00      0.00
    0.00      0.00
    0.00      0.00
    0.00      0.00
    0.00      0.00
    0.00      0.00
    0.00      0.00
    0.00      0.00
    0.00      0.00
    0.00      0.00
    0.00      0.00
    0.00      0.00
    0.00      0.00
    0.00      0.00
    0.00      0.00
    0.00      0.00
    0.00      0.00
    0.00      0.00
    0.00      0.00
    0.00      0.00
    0.00      0.00
    0.00      0.00
    0.00      0.00
    0.00      0.00
    0.00      0.00
    0.00      0.00
    0.00      0.00
    0.00      0.00
    0.00      0.00
    0.00      0.00
    0.00      0.00
    0.00      0.00
    0.00      0.00
    0.00      0.00
