      h_eth1      
 KB/s in  KB/s out
    0.00      0.00
    0.00      0.00
    0.00      0.00
    0.00      0.00
    0.00      0.00
    0.00      0.00
    0.00      0.00
    0.00      0.00
    0.00      0.00
    0.00      0.00
    0.00      0.00
    0.00      0.00
    0.00      0.00
    0.00      0.00
    0.00      0.00
    0.00      0.00
    0.00      0.00
    0.00      0.00
    0.00      0.00
    0.00      0.00
    0.00      0.00
    0.00      0.00
    0.00      0.00
    0.00      0.00
    0.00      0.00
    0.00      0.00
    0.00      0.00
    0.00      0.00
    0.00      0.00
    0.00      0.00
    0.00      0.00
    0.00      0.00
    0.00      0.00
    0.00      0.00
    0.00      0.00
    0.00      0.00
    0.00      0.00
    0.00      0.00
    0.00      0.00
    0.00      0.00
    0.00      0.00
    0.00      0.00
    0.00      0.00
    0.00      0.00
    0.00      0.00
    0.00      0.00
    0.00      0.00
    0.00      0.00
    0.00      0.00
    0.00      0.00
    0.00      0.00
    0.00      0.00
    0.00      0.68
    0.00      0.00
    0.00      0.00
    0.00      0.00
    0.00      0.00
    0.00      0.00
    0.00      0.00
    0.00      0.00
    0.00      0.00
    0.00      0.00
    0.00      0.00
    0.00      0.00
    0.00      0.00
    0.00      0.00
    0.00      0.00
    0.00      0.00
    0.00      0.00
    0.00      0.00
    0.00      0.00
    0.00      0.00
    0.00      0.00
    0.00      0.00
    0.00      0.00
    0.00      0.00
    0.00      0.00
    0.00      0.00
    0.00      0.00
    0.00      0.00
    0.00      0.00
    0.00      0.00
    0.00      0.00
    0.00      0.00
    0.00      0.00
    0.00      0.00
    0.00      0.00
    0.00      0.00
    0.00      0.00
    0.00      0.00
    0.00      0.00
    0.00      0.00
    0.68      0.00
    0.00      0.00
    0.00      0.00
    0.00      0.00
    0.00      0.00
    0.00      0.00
    0.00      0.00
    0.00      0.00
    0.00      0.00
    0.00      0.00
    0.00      0.00
    0.00      0.00
    0.00      0.00
    0.00      0.00
    0.00      0.00
    0.00      0.00
    0.00      0.00
    0.00      0.00
    0.41      0.00
    0.00      0.00
    0.00      0.00
    0.00      0.00
    0.00      0.00
    0.00      0.00
    0.00      0.00
    0.00      0.00
    0.00      0.00
    0.00      0.00
    0.00      0.00
    0.00      0.00
    0.00      0.00
    0.00      0.00
    0.00      0.00
    0.00      0.00
    0.00      0.00
    0.00      0.00
    0.00      0.00
    0.00      0.00
    0.00      0.00
    0.00      0.00
    0.00      0.00
    0.68      0.00
    0.00      0.00
    0.00      0.00
    0.00      0.00
    0.00      0.00
    0.00      0.00
    0.00      0.00
    0.00      0.00
    0.00      0.00
    0.00      0.00
    0.00      0.00
    0.00      0.00
    0.00      0.00
    0.00      0.00
    0.00      0.00
    0.00      0.00
    0.00      0.00
    0.00      0.00
    0.00      0.00
    0.00      0.00
    0.00      0.00
    0.00      0.00
    0.00      0.00
    0.00      0.00
    0.00      0.00
    0.00      0.00
    0.00      0.00
    0.00      0.00
    0.00      0.00
    0.00      0.00
    0.00      0.00
    0.00      0.00
    0.00      0.00
    0.00      0.00
    0.00      0.00
    0.00      0.00
    0.00      0.00
    0.00      0.00
    0.00      0.00
    0.00      0.00
    0.00      0.00
    0.00      0.00
    0.00      0.00
    0.00      0.00
    0.00      0.00
    0.00      0.00
    0.00      0.00
    0.00      0.00
    0.00      0.00
    0.00      0.00
    0.00      0.00
    0.00      0.00
    0.00      0.00
    0.00      0.00
    0.00      0.00
    0.00      0.00
    0.00      0.00
    0.00      0.00
    0.00      0.00
    0.00      0.00
    0.00      0.00
    0.00      0.00
    0.00      0.00
    0.00      0.00
    0.00      0.00
    0.00      0.00
    0.00      0.00
    0.00      0.00
    0.00      0.00
    0.00      0.00
    0.00      0.00
    0.00      0.00
    0.00      0.00
    0.00      0.00
    0.00      0.00
    0.00      0.00
    0.00      0.00
    0.00      0.00
    0.00      0.00
    0.00      0.00
    0.00      0.00
    0.00      0.00
    0.68      0.00
    0.00      0.00
    0.00      0.00
    0.00      0.00
    0.00      0.00
    0.00      0.00
    0.00      0.00
    0.00      0.00
    0.00      0.00
    0.00      0.00
    0.00      0.00
    0.00      0.00
    0.00      0.00
    0.00      0.00
    0.00      0.00
    0.00      0.00
    0.00      0.00
    0.00      0.00
    0.00      0.00
    0.00      0.00
    0.00      0.00
    0.00      0.00
    0.00      0.00
    0.00      0.00
    0.00      0.00
    0.00      0.00
    0.00      0.00
    0.00      0.00
    0.00      0.00
    0.00      0.00
    0.00      0.00
    0.00      0.00
    0.00      0.00
    0.00      0.00
    0.00      0.00
    0.00      0.00
    0.00      0.00
    0.00      0.00
    0.00      0.00
    0.00      0.00
    0.00      0.00
    0.68      0.00
    0.00      0.00
    0.00      0.00
    0.00      0.00
    0.00      0.00
    0.00      0.00
    0.00      0.00
    0.00      0.00
    0.00      0.00
    0.00      0.00
    0.00      0.00
    0.00      0.00
    0.00      0.00
    0.00      0.00
    0.00      0.00
    0.00      0.00
    0.00      0.00
    0.00      0.00
    0.00      0.00
    0.00      0.00
    0.00      0.00
    0.00      0.00
    0.00      0.00
    0.00      0.00
    0.00      0.00
    0.00      0.00
    0.00      0.00
    0.00      0.00
    0.00      0.00
    0.00      0.00
    0.00      0.00
    0.00      0.00
    0.00      0.00
    0.00      0.00
    0.00      0.00
    0.00      0.00
    0.00      0.00
    0.00      0.00
    0.00      0.00
    0.00      0.00
    0.00      0.00
    0.00      0.00
    0.00      0.00
    0.00      0.00
    0.00      0.00
    0.00      0.00
    0.00      0.00
    0.00      0.00
    0.00      0.00
    0.00      0.00
    0.00      0.00
    0.00      0.00
    0.00      0.00
    0.00      0.00
    0.00      0.00
    0.00      0.00
    0.00      0.00
    0.00      0.00
    0.00      0.00
    0.00      0.00
    0.00      0.00
    0.00      0.00
    0.00      0.00
    0.00      0.00
    0.00      0.00
    0.00      0.00
    0.00      0.00
    0.00      0.00
    0.00      0.00
    0.00      0.00
    0.00      0.00
    0.00      0.00
    0.00      0.00
    0.00      0.00
    0.00      0.00
    0.00      0.00
    0.00      0.00
    0.00      0.00
    0.00      0.00
    0.00      0.00
    0.00      0.00
    0.00      0.00
    0.00      0.00
    0.00      0.00
    0.00      0.00
    0.00      0.00
    0.00      0.00
    0.00      0.00
    0.00      0.00
    0.00      0.00
    0.00      0.00
    0.00      0.00
    0.00      0.00
    0.00      0.00
    0.00      0.00
    0.00      0.00
    0.00      0.00
    0.00      0.00
    0.00      0.00
    0.00      0.00
    0.00      0.00
    0.00      0.00
    0.00      0.00
    0.00      0.00
    0.00      0.00
    0.00      0.00
    0.00      0.00
    0.00      0.00
    0.00      0.00
    0.00      0.00
    0.00      0.00
    0.00      0.00
    0.00      0.00
    0.00      0.00
    0.00      0.00
    0.00      0.00
    0.00      0.00
    0.00      0.00
    0.00      0.00
    0.00      0.00
    0.00      0.00
    0.00      0.00
    0.00      0.00
    0.00      0.00
    0.00      0.00
    0.00      0.00
    0.00      0.00
    0.00      0.00
    0.00      0.00
    0.00      0.00
    0.00      0.00
    0.00      0.00
    0.00      0.00
    0.00      0.00
    0.00      0.00
    0.00      0.00
    0.00      0.00
    0.00      0.00
    0.00      0.00
    0.00      0.00
    0.00      0.00
    0.00      0.00
    0.00      0.00
    0.00      0.00
    0.00      0.00
    0.00      0.00
    0.00      0.00
    0.00      0.00
    0.00      0.00
    0.00      0.00
    0.00      0.00
    0.00      0.00
    0.00      0.00
    0.00      0.00
    0.00      0.00
    0.00      0.00
    0.00      0.00
    0.00      0.00
    0.00      0.00
    0.00      0.00
    0.00      0.00
    0.00      0.00
    0.00      0.00
    0.00      0.00
    0.00      0.00
    0.00      0.00
    0.00      0.00
    0.00      0.00
    0.00      0.00
    0.00      0.00
    0.00      0.00
    0.00      0.00
    0.00      0.00
    0.00      0.00
    0.00      0.00
    0.00      0.00
    0.00      0.00
    0.00      0.00
    0.00      0.00
    0.00      0.00
    0.00      0.00
    0.00      0.00
    0.00      0.00
    0.00      0.00
    0.00      0.00
    0.00      0.00
    0.00      0.00
    0.00      0.00
    0.00      0.00
    0.00      0.00
    0.00      0.00
    0.00      0.00
    0.00      0.00
    0.00      0.00
    0.00      0.00
    0.00      0.00
    0.00      0.00
    0.00      0.00
    0.00      0.00
    0.00      0.00
    0.00      0.00
    0.00      0.00
    0.00      0.00
    0.00      0.00
    0.00      0.00
    0.00      0.00
    0.00      0.00
    0.00      0.00
    0.00      0.00
    0.00      0.00
    0.00      0.00
    0.00      0.00
    0.00      0.00
    0.00      0.00
    0.00      0.00
    0.00      0.00
    0.00      0.00
    0.00      0.00
    0.00      0.00
    0.00      0.00
    0.00      0.00
    0.00      0.00
    0.00      0.00
    0.00      0.00
    0.00      0.00
    0.00      0.00
    0.00      0.00
    0.00      0.00
    0.00      0.00
    0.00      0.00
    0.00      0.00
    0.00      0.00
    0.00      0.00
    0.00      0.00
    0.00      0.00
    0.00      0.00
    0.00      0.00
    0.00      0.00
    0.00      0.00
    0.00      0.00
    0.00      0.00
    0.00      0.00
    0.00      0.00
    0.00      0.00
    0.00      0.00
    0.00      0.00
    0.00      0.00
    0.00      0.00
    0.00      0.00
    0.00      0.00
    0.00      0.00
    0.00      0.00
    0.00      0.00
    0.00      0.00
    0.00      0.00
    0.00      0.00
    0.00      0.00
    0.00      0.00
    0.00      0.00
    0.00      0.00
    0.00      0.00
    0.00      0.00
    0.00      0.00
    0.00      0.00
    0.00      0.00
    0.00      0.00
    0.00      0.00
    0.00      0.00
    0.00      0.00
    0.00      0.00
    0.00      0.00
    0.00      0.00
    0.00      0.00
    0.00      0.00
    0.00      0.00
    0.00      0.00
    0.00      0.00
    0.00      0.00
    0.00      0.00
    0.00      0.00
    0.00      0.00
    0.00      0.00
    0.00      0.00
    0.00      0.00
    0.00      0.00
    0.00      0.00
    0.00      0.00
    0.00      0.00
    0.00      0.00
    0.00      0.00
    0.00      0.00
    0.00      0.00
    0.00      0.00
    0.00      0.00
    0.00      0.00
    0.00      0.00
    0.00      0.00
    0.00      0.00
    0.00      0.00
    0.00      0.00
    0.00      0.00
    0.00      0.00
    0.00      0.00
    0.00      0.00
    0.00      0.00
    0.00      0.00
    0.00      0.00
    0.00      0.00
    0.00      0.00
    0.00      0.00
    0.00      0.00
    0.00      0.00
    0.00      0.00
    0.00      0.00
    0.00      0.00
    0.00      0.00
    0.00      0.00
    0.00      0.00
    0.00      0.00
    0.00      0.00
    0.00      0.00
    0.00      0.00
    0.00      0.00
    0.00      0.00
    0.00      0.00
    0.00      0.00
    0.00      0.00
    0.00      0.00
    0.00      0.00
    0.00      0.00
    0.00      0.00
    0.00      0.00
    0.00      0.00
    0.00      0.00
    0.00      0.00
    0.00      0.00
    0.00      0.00
    0.00      0.00
    0.00      0.00
    0.00      0.00
    0.00      0.00
    0.00      0.00
    0.00      0.00
    0.00      0.00
    0.00      0.00
    0.00      0.00
    0.00      0.00
    0.00      0.00
    0.00      0.00
    0.00      0.00
    0.00      0.00
    0.00      0.00
    0.41      0.00
    0.00      0.00
    0.00      0.00
    0.00      0.00
    0.00      0.00
    0.00      0.00
    0.00      0.00
    0.00      0.00
    0.00      0.00
    0.00      0.00
    0.00      0.00
    0.00      0.00
    0.00      0.00
    0.00      0.00
    0.00      0.00
    0.00      0.00
    0.00      0.00
    0.00      0.00
    0.00      0.00
    0.00      0.00
    0.00      0.00
    0.00      0.00
    0.00      0.00
    0.00      0.00
    0.00      0.00
    0.00      0.00
    0.00      0.00
    0.00      0.00
    0.00      0.00
    0.00      0.00
    0.00      0.00
    0.00      0.00
    0.00      0.00
    0.00      0.00
    0.00      0.00
    0.00      0.00
    0.00      0.00
    0.00      0.00
    0.00      0.00
    0.00      0.00
    0.00      0.00
    0.00      0.00
    0.00      0.00
    0.00      0.00
    0.00      0.00
    0.00      0.00
    0.00      0.00
    0.00      0.00
    0.00      0.00
    0.00      0.00
    0.00      0.00
    0.00      0.00
    0.00      0.00
    0.00      0.00
    0.00      0.00
    0.00      0.00
    0.00      0.00
    0.00      0.00
    0.00      0.00
    0.00      0.00
    0.00      0.00
    0.00      0.00
    0.00      0.00
    0.00      0.00
    0.00      0.00
    0.00      0.00
    0.00      0.00
    0.00      0.00
    0.00      0.00
    0.00      0.00
    0.00      0.00
    0.00      0.00
    0.00      0.00
    0.00      0.00
    0.00      0.00
    0.00      0.00
    0.00      0.00
    0.00      0.00
    0.00      0.00
    0.00      0.00
    0.00      0.00
    0.00      0.00
    0.00      0.00
    0.00      0.00
    0.00      0.00
    0.00      0.00
    0.00      0.00
    0.00      0.00
    0.00      0.00
    0.00      0.00
    0.00      0.00
    0.00      0.00
    0.00      0.00
    0.00      0.00
    0.00      0.00
    0.00      0.00
    0.00      0.00
    0.00      0.00
    0.00      0.00
    0.00      0.00
    0.00      0.00
    0.00      0.00
    0.00      0.00
    0.00      0.00
    0.00      0.00
    0.00      0.00
    0.00      0.00
    0.00      0.00
    0.00      0.00
    0.00      0.00
    0.00      0.00
    0.00      0.00
    0.00      0.00
    0.00      0.00
    0.00      0.00
    0.00      0.00
    0.00      0.00
    0.00      0.00
    0.00      0.00
    0.00      0.00
    0.00      0.00
    0.00      0.00
    0.00      0.00
    0.00      0.00
    0.00      0.00
    0.00      0.00
    0.00      0.00
    0.00      0.00
    0.00      0.00
    0.00      0.00
    0.00      0.00
    0.00      0.00
    0.00      0.00
    0.00      0.00
    0.00      0.00
    0.00      0.00
    0.00      0.00
    0.00      0.00
    0.00      0.00
    0.00      0.00
    0.00      0.00
    0.00      0.00
    0.00      0.00
    0.00      0.00
    0.00      0.00
    0.00      0.00
    0.00      0.00
    0.00      0.00
    0.00      0.00
    0.00      0.00
    0.00      0.00
    0.00      0.00
    0.00      0.00
    0.00      0.00
    0.00      0.00
    0.00      0.00
    0.00      0.00
    0.00      0.00
    0.00      0.00
    0.00      0.00
    0.00      0.00
    0.00      0.00
    0.00      0.00
    0.00      0.00
    0.00      0.00
    0.00      0.00
    0.00      0.00
    0.00      0.00
    0.00      0.00
    0.00      0.00
    0.00      0.00
    0.00      0.00
    0.00      0.00
    0.00      0.00
    0.00      0.00
    0.00      0.00
    0.00      0.00
    0.00      0.00
    0.00      0.00
    0.00      0.00
    0.00      0.00
    0.00      0.00
    0.00      0.00
    0.00      0.00
    0.00      0.00
    0.00      0.00
    0.00      0.00
    0.00      0.00
    0.00      0.00
    0.00      0.00
    0.00      0.00
    0.00      0.00
    0.00      0.00
    0.00      0.00
    0.00      0.00
    0.00      0.00
    0.00      0.00
    0.00      0.00
    0.00      0.00
    0.00      0.00
    0.00      0.00
    0.00      0.00
    0.00      0.00
    0.00      0.00
    0.00      0.00
    0.00      0.00
    0.00      0.00
    0.00      0.00
    0.00      0.00
    0.00      0.00
    0.00      0.00
    0.00      0.00
    0.00      0.00
    0.00      0.00
    0.00      0.00
    0.00      0.00
    0.00      0.00
    0.00      0.00
    0.00      0.00
    0.00      0.00
    0.00      0.00
    0.00      0.00
    0.00      0.00
    0.00      0.00
    0.00      0.00
    0.00      0.00
    0.00      0.00
    0.00      0.00
    0.00      0.00
    0.00      0.00
    0.00      0.00
    0.00      0.00
    0.00      0.00
    0.00      0.00
    0.00      0.00
    0.00      0.00
    0.00      0.00
    0.00      0.00
    0.00      0.00
    0.00      0.00
    0.00      0.00
    0.00      0.00
    0.00      0.00
    0.00      0.00
    0.00      0.00
    0.00      0.00
    0.00      0.00
    0.00      0.00
    0.00      0.00
    0.00      0.00
    0.00      0.00
    0.00      0.00
    0.00      0.00
    0.00      0.00
    0.00      0.00
    0.00      0.00
    0.00      0.00
    0.00      0.00
    0.00      0.00
    0.00      0.00
    0.00      0.00
    0.00      0.00
    0.00      0.00
    0.00      0.00
    0.00      0.00
    0.00      0.00
    0.00      0.00
    0.00      0.00
    0.00      0.00
    0.00      0.00
    0.00      0.00
    0.00      0.00
    0.00      0.00
    0.00      0.00
    0.00      0.00
    0.00      0.00
    0.00      0.00
    0.00      0.00
    0.00      0.00
    0.00      0.00
    0.00      0.00
    0.00      0.00
    0.00      0.00
    0.00      0.00
    0.00      0.00
    0.00      0.00
    0.00      0.00
    0.00      0.00
    0.00      0.00
    0.00      0.00
    0.00      0.00
    0.00      0.00
    0.00      0.00
    0.00      0.00
    0.00      0.00
    0.00      0.00
    0.00      0.00
    0.00      0.00
    0.00      0.00
    0.00      0.00
    0.41      0.00
    0.00      0.00
    0.00      0.00
    0.00      0.00
    0.00      0.00
    0.00      0.00
    0.00      0.00
    0.00      0.00
    0.00      0.00
    0.00      0.00
    0.00      0.00
    0.00      0.00
    0.00      0.00
    0.00      0.00
    0.00      0.00
    0.00      0.00
    0.00      0.00
    0.00      0.00
    0.00      0.00
    0.00      0.00
    0.00      0.00
    0.00      0.00
    0.00      0.00
    0.00      0.00
    0.00      0.00
    0.00      0.00
    0.00      0.00
    0.00      0.00
    0.00      0.00
    0.00      0.00
    0.00      0.00
    0.00      0.00
    0.00      0.00
    0.00      0.00
    0.00      0.00
    0.00      0.00
    0.00      0.00
    0.00      0.00
    0.00      0.00
    0.00      0.00
    0.00      0.00
    0.00      0.00
    0.00      0.00
    0.00      0.00
    0.00      0.00
    0.00      0.00
    0.00      0.00
    0.00      0.00
    0.00      0.00
    0.00      0.00
    0.00      0.00
    0.00      0.00
    0.00      0.00
    0.00      0.00
    0.00      0.00
    0.00      0.00
    0.00      0.00
    0.00      0.00
    0.00      0.00
    0.00      0.00
    0.00      0.00
    0.00      0.00
    0.00      0.00
    0.00      0.00
    0.00      0.00
    0.00      0.00
    0.00      0.00
    0.00      0.00
    0.00      0.00
    0.00      0.00
    0.00      0.00
    0.00      0.00
    0.00      0.00
    0.00      0.00
    0.00      0.00
    0.00      0.00
    0.00      0.00
    0.00      0.00
    0.00      0.00
    0.00      0.00
    0.00      0.00
    0.00      0.00
    0.00      0.00
    0.00      0.00
    0.00      0.00
    0.00      0.00
    0.00      0.00
    0.00      0.00
    0.00      0.00
    0.00      0.00
    0.00      0.00
    0.00      0.00
    0.00      0.00
    0.00      0.00
    0.00      0.00
    0.00      0.00
    0.00      0.00
    0.00      0.00
    0.00      0.00
    0.00      0.00
    0.00      0.00
    0.00      0.00
    0.00      0.00
    0.00      0.00
    0.00      0.00
    0.00      0.00
    0.00      0.00
    0.00      0.00
    0.00      0.00
    0.00      0.00
    0.00      0.00
    0.00      0.00
    0.00      0.00
    0.00      0.00
    0.00      0.00
    0.00      0.00
    0.00      0.00
    0.00      0.00
    0.00      0.00
    0.00      0.00
    0.00      0.00
    0.00      0.00
    0.00      0.00
    0.00      0.00
    0.00      0.00
    0.00      0.00
    0.00      0.00
    0.00      0.00
    0.00      0.00
    0.00      0.00
    0.00      0.00
    0.00      0.00
    0.00      0.00
    0.00      0.00
    0.00      0.00
    0.00      0.00
    0.00      0.00
    0.00      0.00
    0.00      0.00
    0.00      0.00
    0.00      0.00
    0.00      0.00
    0.00      0.00
    0.00      0.00
    0.00      0.00
    0.00      0.00
    0.00      0.00
    0.00      0.00
    0.00      0.00
    0.00      0.00
    0.00      0.00
    0.00      0.00
    0.00      0.00
    0.00      0.00
    0.00      0.00
    0.00      0.00
    0.00      0.00
    0.00      0.00
    0.00      0.00
    0.00      0.00
    0.00      0.00
    0.00      0.00
    0.00      0.00
    0.00      0.00
    0.00      0.00
    0.00      0.00
    0.00      0.00
    0.00      0.00
    0.00      0.00
    0.00      0.00
    0.00      0.00
    0.00      0.00
    0.00      0.00
    0.00      0.00
    0.00      0.00
    0.00      0.00
    0.00      0.00
    0.00      0.00
    0.00      0.00
    0.00      0.00
    0.00      0.00
    0.00      0.00
    0.00      0.00
    0.00      0.00
    0.00      0.00
    0.00      0.00
    0.00      0.00
    0.00      0.00
    0.00      0.00
    0.00      0.00
    0.00      0.00
    0.00      0.00
    0.00      0.00
    0.00      0.00
    0.00      0.00
    0.00      0.00
    0.00      0.00
    0.00      0.00
    0.00      0.00
    0.00      0.00
    0.00      0.00
    0.00      0.00
    0.00      0.00
    0.00      0.00
    0.00      0.00
    0.00      0.00
    0.00      0.00
    0.00      0.00
    0.00      0.00
    0.00      0.00
    0.00      0.00
    0.00      0.00
    0.00      0.00
    0.00      0.00
    0.00      0.00
    0.00      0.00
    0.00      0.00
    0.00      0.00
    0.00      0.00
    0.00      0.00
    0.00      0.00
    0.00      0.00
    0.00      0.00
    0.00      0.00
    0.00      0.00
    0.00      0.00
    0.00      0.00
    0.00      0.00
    0.00      0.00
    0.00      0.00
    0.00      0.00
    0.00      0.00
    0.00      0.00
    0.00      0.00
    0.00      0.00
    0.00      0.00
    0.00      0.00
    0.00      0.00
    0.00      0.00
    0.00      0.00
    0.00      0.00
    0.00      0.00
    0.00      0.00
    0.00      0.00
    0.00      0.00
    0.00      0.00
    0.00      0.00
    0.00      0.00
    0.00      0.00
    0.00      0.00
    0.00      0.00
    0.00      0.00
    0.00      0.00
    0.00      0.00
    0.00      0.00
    0.00      0.00
    0.00      0.00
    0.00      0.00
    0.00      0.00
    0.00      0.00
    0.00      0.00
    0.00      0.00
    0.00      0.00
    0.00      0.00
    0.00      0.00
    0.00      0.00
    0.00      0.00
    0.00      0.00
    0.00      0.00
    0.00      0.00
    0.00      0.00
    0.00      0.00
    0.00      0.00
    0.00      0.00
    0.00      0.00
    0.00      0.00
    0.00      0.00
    0.00      0.00
    0.00      0.00
    0.00      0.00
    0.00      0.00
    0.00      0.00
    0.00      0.00
    0.00      0.00
    0.00      0.00
    0.00      0.00
    0.00      0.00
    0.00      0.00
    0.00      0.00
    0.00      0.00
    0.00      0.00
    0.00      0.00
    0.00      0.00
    0.00      0.00
    0.00      0.00
    0.00      0.00
    0.00      0.00
    0.00      0.00
    0.00      0.00
    0.41      0.00
    0.00      0.00
    0.00      0.00
    0.00      0.00
    0.00      0.00
    0.00      0.00
    0.00      0.00
    0.00      0.00
    0.00      0.00
    0.00      0.00
    0.00      0.00
    0.00      0.00
    0.00      0.00
    0.00      0.00
    0.00      0.00
    0.00      0.00
    0.00      0.00
    0.00      0.00
    0.00      0.00
    0.00      0.00
    0.00      0.00
    0.00      0.00
    0.00      0.00
    0.00      0.00
    0.00      0.00
    0.00      0.00
    0.00      0.00
    0.00      0.00
    0.00      0.00
    0.00      0.00
    0.00      0.00
    0.00      0.00
    0.00      0.00
    0.00      0.00
    0.00      0.00
    0.00      0.00
    0.00      0.00
    0.00      0.00
    0.00      0.00
    0.00      0.00
    0.00      0.00
    0.00      0.00
    0.00      0.00
    0.00      0.00
    0.00      0.00
    0.00      0.00
    0.00      0.00
    0.00      0.00
    0.00      0.00
    0.00      0.00
    0.00      0.00
    0.00      0.00
    0.00      0.00
    0.00      0.00
    0.00      0.00
    0.00      0.00
    0.00      0.00
    0.00      0.00
    0.00      0.00
    0.00      0.00
    0.00      0.00
    0.00      0.00
    0.00      0.00
    0.00      0.00
    0.00      0.00
    0.00      0.00
    0.00      0.00
    0.00      0.00
    0.00      0.00
    0.00      0.00
    0.00      0.00
    0.00      0.00
    0.00      0.00
    0.00      0.00
    0.00      0.00
    0.00      0.00
    0.00      0.00
    0.00      0.00
    0.00      0.00
    0.00      0.00
    0.00      0.00
    0.00      0.00
    0.00      0.00
    0.00      0.00
    0.00      0.00
    0.00      0.00
    0.00      0.00
    0.00      0.00
    0.00      0.00
    0.00      0.00
    0.00      0.00
    0.00      0.00
    0.00      0.00
    0.00      0.00
    0.00      0.00
    0.00      0.00
    0.00      0.00
    0.00      0.00
    0.00      0.00
    0.00      0.00
    0.00      0.00
    0.00      0.00
    0.00      0.00
    0.00      0.00
    0.00      0.00
    0.00      0.00
    0.00      0.00
    0.00      0.00
    0.00      0.00
    0.00      0.00
    0.00      0.00
    0.00      0.00
    0.00      0.00
    0.00      0.00
    0.00      0.00
    0.00      0.00
    0.00      0.00
    0.00      0.00
    0.00      0.00
    0.00      0.00
    0.00      0.00
    0.00      0.00
    0.00      0.00
    0.00      0.00
    0.00      0.00
    0.00      0.00
    0.00      0.00
    0.00      0.00
    0.00      0.00
    0.00      0.00
    0.00      0.00
    0.00      0.00
    0.00      0.00
    0.00      0.00
    0.00      0.00
    0.00      0.00
    0.00      0.00
    0.00      0.00
    0.00      0.00
    0.00      0.00
    0.00      0.00
    0.00      0.00
    0.00      0.00
    0.00      0.00
    0.00      0.00
    0.00      0.00
    0.00      0.00
    0.00      0.00
    0.00      0.00
    0.00      0.00
    0.00      0.00
    0.00      0.00
    0.00      0.00
    0.00      0.00
    0.00      0.00
    0.00      0.00
    0.00      0.00
    0.00      0.00
    0.00      0.00
    0.00      0.00
    0.00      0.00
    0.00      0.00
    0.00      0.00
    0.00      0.00
    0.00      0.00
    0.00      0.00
    0.00      0.00
    0.00      0.00
    0.00      0.00
    0.00      0.00
    0.00      0.00
    0.00      0.00
    0.00      0.00
    0.00      0.00
    0.00      0.00
    0.00      0.00
    0.00      0.00
    0.00      0.00
    0.00      0.00
    0.00      0.00
    0.00      0.00
    0.00      0.00
    0.00      0.00
    0.00      0.00
    0.00      0.00
    0.00      0.00
    0.00      0.00
    0.00      0.00
    0.00      0.00
    0.00      0.00
    0.00      0.00
    0.00      0.00
    0.00      0.00
    0.00      0.00
    0.00      0.00
    0.00      0.00
    0.00      0.00
    0.00      0.00
    0.00      0.00
    0.00      0.00
    0.00      0.00
    0.00      0.00
    0.00      0.00
    0.00      0.00
    0.00      0.00
    0.00      0.00
    0.00      0.00
    0.00      0.00
    0.00      0.00
    0.00      0.00
    0.00      0.00
    0.00      0.00
    0.00      0.00
    0.00      0.00
    0.00      0.00
    0.00      0.00
    0.00      0.00
    0.00      0.00
    0.00      0.00
    0.00      0.00
    0.00      0.00
    0.00      0.00
    0.00      0.00
    0.00      0.00
    0.00      0.00
    0.00      0.00
    0.00      0.00
    0.00      0.00
    0.00      0.00
    0.00      0.00
    0.00      0.00
    0.00      0.00
    0.00      0.00
    0.00      0.00
    0.00      0.00
    0.00      0.00
    0.00      0.00
    0.00      0.00
    0.00      0.00
    0.00      0.00
    0.00      0.00
    0.00      0.00
    0.00      0.00
    0.00      0.00
    0.00      0.00
    0.00      0.00
    0.00      0.00
    0.00      0.00
    0.00      0.00
    0.00      0.00
    0.00      0.00
    0.00      0.00
    0.00      0.00
    0.00      0.00
    0.00      0.00
    0.00      0.00
    0.00      0.00
    0.00      0.00
    0.00      0.00
    0.00      0.00
    0.00      0.00
    0.00      0.00
    0.00      0.00
    0.00      0.00
    0.00      0.00
    0.00      0.00
    0.00      0.00
    0.00      0.00
    0.00      0.00
    0.00      0.00
    0.00      0.00
    0.00      0.00
    0.00      0.00
    0.00      0.00
    0.00      0.00
    0.00      0.00
    0.00      0.00
    0.00      0.00
    0.00      0.00
    0.00      0.00
    0.00      0.00
    0.00      0.00
    0.00      0.00
    0.00      0.00
    0.00      0.00
    0.00      0.00
    0.00      0.00
    0.00      0.00
    0.00      0.00
    0.00      0.00
    0.00      0.00
    0.00      0.00
    0.00      0.00
    0.00      0.00
    0.00      0.00
    0.00      0.00
    0.00      0.00
    0.00      0.00
    0.41      0.00
    0.00      0.00
    0.00      0.00
    0.00      0.00
    0.00      0.00
    0.00      0.00
    0.00      0.00
    0.00      0.00
    0.00      0.00
    0.00      0.00
    0.00      0.00
    0.00      0.00
    0.00      0.00
    0.00      0.00
    0.00      0.00
    0.00      0.00
    0.00      0.00
    0.00      0.00
    0.00      0.00
    0.00      0.00
    0.00      0.00
    0.00      0.00
    0.00      0.00
    0.00      0.00
    0.00      0.00
    0.00      0.00
    0.00      0.00
    0.00      0.00
    0.00      0.00
    0.00      0.00
    0.00      0.00
    0.00      0.00
    0.00      0.00
    0.00      0.00
    0.00      0.00
    0.00      0.00
    0.00      0.00
    0.00      0.00
    0.00      0.00
    0.00      0.00
    0.00      0.00
    0.00      0.00
    0.00      0.00
    0.00      0.00
    0.00      0.00
    0.00      0.00
    0.00      0.00
    0.00      0.00
    0.00      0.00
    0.00      0.00
    0.00      0.00
    0.00      0.00
    0.00      0.00
    0.00      0.00
    0.00      0.00
    0.00      0.00
    0.00      0.00
    0.00      0.00
    0.00      0.00
    0.00      0.00
    0.00      0.00
    0.00      0.00
    0.00      0.00
    0.00      0.00
    0.00      0.00
    0.00      0.00
    0.00      0.00
    0.00      0.00
    0.00      0.00
    0.00      0.00
    0.00      0.00
    0.00      0.00
    0.00      0.00
    0.00      0.00
    0.00      0.00
    0.00      0.00
    0.00      0.00
    0.00      0.00
    0.00      0.00
    0.00      0.00
    0.00      0.00
    0.00      0.00
    0.00      0.00
    0.00      0.00
    0.00      0.00
    0.00      0.00
    0.00      0.00
    0.00      0.00
    0.00      0.00
    0.00      0.00
    0.00      0.00
    0.00      0.00
    0.00      0.00
    0.00      0.00
    0.00      0.00
    0.00      0.00
    0.00      0.00
    0.00      0.00
    0.00      0.00
    0.00      0.00
    0.41      0.00
    0.00      0.00
    0.00      0.00
    0.00      0.00
    0.00      0.00
    0.00      0.00
    0.00      0.00
    0.00      0.00
    0.00      0.00
    0.00      0.00
    0.00      0.00
    0.00      0.00
    0.00      0.00
    0.00      0.00
    0.00      0.00
    0.00      0.00
    0.00      0.00
    0.00      0.00
    0.00      0.00
    0.00      0.00
    0.00      0.00
    0.00      0.00
    0.00      0.00
    0.00      0.00
    0.00      0.00
    0.00      0.00
    0.00      0.00
    0.00      0.00
    0.00      0.00
    0.00      0.00
    0.00      0.00
    0.00      0.00
    0.00      0.00
    0.00      0.00
    0.00      0.00
    0.00      0.00
    0.00      0.00
    0.00      0.00
    0.00      0.00
    0.00      0.00
    0.00      0.00
    0.00      0.00
    0.00      0.00
    0.00      0.00
    0.00      0.00
    0.00      0.00
    0.00      0.00
    0.00      0.00
    3.87      0.00
    2.85      0.00
    0.00      0.00
    3.16      0.00
    2.68      0.00
    2.77      0.00
    2.98      0.00
    0.00      0.00
    0.00      0.00
    0.00      0.00
    2.04      0.00
    0.00      0.00
    0.00      0.00
    0.00      0.00
    0.00      0.00
    0.00      0.00
    0.00      0.00
    0.00      0.00
    0.00      0.00
    0.00      0.00
    0.00      0.00
    0.00      0.00
    0.00      0.00
    0.00      0.00
    0.00      0.00
    0.00      0.00
    0.00      0.00
    0.00      0.00
    0.00      0.00
    0.00      0.00
    0.00      0.00
    0.00      0.00
    0.00      0.00
    0.00      0.00
    0.00      0.00
    0.00      0.00
    0.00      0.00
    0.00      0.00
    0.00      0.00
    0.00      0.00
    0.00      0.00
    0.00      0.00
    0.00      0.00
    0.00      0.00
    0.00      0.00
    0.00      0.00
    0.00      0.00
    0.00      0.00
    0.00      0.00
    0.00      0.00
    0.00      0.00
    0.00      0.00
    0.00      0.00
    0.00      0.00
    0.00      0.00
    0.00      0.00
    0.00      0.00
    0.00      0.00
    0.00      0.00
    0.00      0.00
    0.00      0.00
    0.00      0.00
    0.00      0.00
    0.00      0.00
    0.00      0.00
    0.00      0.00
    0.00      0.00
    0.00      0.00
    0.00      0.00
    0.00      0.00
    0.00      0.00
    0.00      0.00
    0.68      0.00
    0.00      0.00
    0.00      0.00
    0.00      0.00
    0.00      0.00
    0.00      0.00
    0.00      0.00
    0.00      0.00
    0.00      0.00
    0.00      0.00
    0.00      0.00
    0.00      0.00
    0.00      0.00
    0.00      0.00
    0.00      0.00
    0.00      0.00
    0.00      0.00
    0.00      0.00
    0.00      0.00
    0.00      0.00
    0.00      0.00
    0.00      0.00
    0.00      0.00
    0.00      0.00
    0.00      0.00
    0.00      0.00
    0.00      0.00
    0.00      0.00
    0.00      0.00
    0.00      0.00
    0.00      0.00
    0.00      0.00
    0.00      0.00
    0.00      0.00
    0.00      0.00
    0.00      0.00
    0.00      0.00
    0.00      0.00
    0.00      0.00
    0.00      0.00
    0.00      0.00
    0.68      0.00
    0.00      0.00
    0.00      0.00
    0.00      0.00
    0.00      0.00
    0.00      0.00
    0.00      0.00
    0.00      0.00
    0.00      0.00
    0.00      0.00
    0.00      0.00
    0.00      0.00
    0.00      0.00
    0.00      0.00
    0.00      0.00
    0.00      0.00
    0.00      0.00
    0.00      0.00
    0.00      0.00
    0.00      0.00
    0.00      0.00
    0.00      0.00
    0.00      0.00
    0.00      0.00
    0.00      0.00
    0.00      0.00
    0.00      0.00
    0.00      0.00
    0.00      0.00
    0.00      0.00
    0.00      0.00
    0.00      0.00
    0.00      0.00
    0.00      0.00
    0.00      0.00
    0.00      0.00
    0.00      0.00
    0.00      0.00
    0.00      0.00
    0.00      0.00
    0.00      0.00
    0.00      0.00
    0.00      0.00
    0.00      0.00
    0.00      0.00
    0.00      0.00
    0.00      0.00
    0.00      0.00
    0.00      0.00
    0.00      0.00
    0.00      0.00
    0.00      0.00
    0.00      0.00
    0.00      0.00
    0.00      0.00
    0.00      0.00
    0.00      0.00
    0.00      0.00
    0.00      0.00
    0.00      0.00
    0.00      0.00
    0.00      0.00
    0.00      0.00
    0.00      0.00
    0.00      0.00
    0.00      0.00
    0.00      0.00
    0.00      0.00
    0.00      0.00
    0.00      0.00
    0.00      0.00
    0.00      0.00
    0.00      0.00
    0.00      0.00
    0.00      0.00
    0.00      0.00
    0.00      0.00
    0.00      0.00
    0.00      0.00
    0.00      0.00
    0.00      0.00
    0.00      0.00
    0.00      0.00
    0.00      0.00
    0.00      0.00
    0.00      0.00
    0.00      0.00
    0.00      0.00
    0.00      0.00
    0.00      0.00
    0.00      0.00
    0.00      0.00
    0.00      0.00
    0.00      0.00
    0.00      0.00
    0.00      0.00
    0.00      0.00
    0.00      0.00
    0.00      0.00
    0.00      0.00
    0.00      0.00
    0.00      0.00
    0.00      0.00
    0.00      0.00
    0.00      0.00
    0.00      0.00
    0.00      0.00
    0.00      0.00
    0.00      0.00
    0.00      0.00
    3.69      0.00
    0.00      0.00
    3.03      0.00
    3.51      0.00
    2.89      0.00
    0.00      0.00
    2.92      0.00
    2.22      0.00
    0.00      0.00
    0.00      0.00
    2.05      0.00
    0.00      0.00
    0.00      0.00
    0.00      0.00
    0.00      0.00
    0.00      0.00
    0.00      0.00
    0.00      0.00
    0.00      0.00
    0.00      0.00
    0.00      0.00
    0.00      0.00
    0.00      0.00
    0.00      0.00
    0.00      0.00
    8.58      0.00
    1.83      0.00
    0.00      0.00
    0.00      0.00
    0.00      0.00
    1.77      0.00
    0.00      0.00
    0.00      0.00
    0.00      0.00
    0.00      0.00
    0.00      0.00
    0.00      0.00
    0.00      0.00
    0.00      0.00
    0.00      0.00
    0.00      0.00
    0.00      0.00
    0.00      0.00
    0.00      0.00
    0.00      0.00
    0.00      0.00
    0.00      0.00
    0.00      0.00
    0.00      0.00
    0.00      0.00
    0.00      0.00
    0.00      0.00
    0.00      0.00
    0.65      0.00
    0.00      0.00
    0.00      0.00
    0.00      0.00
    0.00      0.00
    0.00      0.00
    0.00      0.00
    0.00      0.00
    0.00      0.00
    0.00      0.00
    0.00      0.00
    0.00      0.00
    0.00      0.00
    0.00      0.00
    0.00      0.00
    0.00      0.00
    0.00      0.00
    0.00      0.00
    0.00      0.00
    0.00      0.00
    0.00      0.00
    0.00      0.00
    3.68      0.00
    2.78      0.00
    0.00      0.00
    3.02      0.00
    3.07      0.00
    0.00      0.00
    2.77      0.00
    2.63      0.00
    0.00      0.00
    0.00      0.00
    3.68      0.00
    2.78      0.00
    0.00      0.00
    3.02      0.00
    7.65      0.00
    0.00      0.00
    5.58      0.00
    2.63      0.00
    0.00      0.00
    0.00      0.00
    0.00      0.00
    0.00      0.00
    0.00      0.00
    0.00      0.00
    0.00      0.00
    6.13      0.00
    0.00      0.00
    0.00      0.00
    0.00      0.00
    0.00      0.00
    0.00      0.00
    0.00      0.00
    0.00      0.00
    0.00      0.00
    0.00      0.00
    0.00      0.00
    0.00      0.00
    0.00      0.00
    0.00      0.00
    0.00      0.00
    0.00      0.00
    0.00      0.00
    0.00      0.00
    0.00      0.00
    0.00      0.00
    0.00      0.00
    0.00      0.00
    0.00      0.00
    0.00      0.00
    0.00      0.00
    0.00      0.00
    0.00      0.00
   26.17     46.56
   60.08     40.47
    1.58      0.00
    0.00      0.00
    0.00      0.00
    0.00      0.00
    0.00      0.00
    0.00      0.00
    0.00      0.00
    0.00      0.00
    0.00     14.78
 1586.78    484.52
 2618.69    299.83
 2197.00    407.93
 2390.88    595.11
 3004.87   1219.13
  877.46    826.78
 1037.12    970.42
 1042.29    913.57
 1491.31    873.70
  921.66    620.50
  997.63    537.83
  533.18    581.57
  405.09    916.29
  428.74   1828.47
 1085.92    494.15
 1068.07    899.16
 1441.19   3933.33
 1709.61   1873.91
 2183.11    741.70
 1471.15   1659.63
 1530.83   2965.08
 1291.98   2445.80
 1385.78   1004.19
 1055.14    868.37
  638.28    248.99
  343.61     83.85
  232.12     26.02
  108.51     14.09
   22.07      2.31
    5.20      0.00
    0.87      0.00
    0.00      0.00
    0.00      0.00
    0.00      0.00
    0.00      0.00
    0.00      0.00
    0.00      0.00
    0.00      0.00
    0.00      0.00
    0.00      0.00
    0.00      0.00
    0.00      0.00
    0.41      0.41
    0.00      0.00
    0.00      0.00
    0.00      0.00
    7.94      0.00
    0.00      0.00
    2.89      0.00
    0.00      0.00
    0.00      0.00
    0.00      0.00
    0.00      0.00
    0.00      0.00
    0.00      0.00
    0.00      0.00
    0.00      0.00
    0.00      0.00
    0.00      0.00
    0.00      0.00
    0.00      0.00
    0.00      0.00
    0.00      0.00
    0.00      0.00
    0.00      0.00
    0.00      0.00
    0.00      0.00
    0.72      0.65
    0.00      0.00
    0.00      0.00
   16.31     16.23
  331.75    366.84
  606.67    937.35
  787.65    695.49
  451.54    401.45
  340.41    273.95
  205.87    203.18
   78.04     76.50
   97.65     17.25
   82.99      5.77
   30.66      2.17
    0.00      0.00
    0.00      0.00
    0.00      0.00
    0.00      0.00
    0.00      0.00
    0.00      0.00
    0.00      0.00
    0.41      0.00
    0.00      0.00
    0.00      0.00
    0.00      0.00
    0.00      0.00
    0.00      0.00
    0.00      0.00
    0.00      0.00
    0.00      0.00
    0.00      0.00
    0.00      0.00
   73.30     75.01
   84.24    162.70
    0.00    128.89
    0.00    103.10
   80.58     75.05
   25.82     54.65
  141.42    122.20
   38.11     10.32
   58.25      2.13
  109.88     23.53
   13.66      2.15
    0.00     25.77
   79.38     47.17
    8.66      0.87
   75.90     46.88
   17.76     20.79
   51.55     67.16
   74.66     15.14
   71.09     51.21
   53.31     27.01
  133.72     81.35
  111.23    110.74
  358.04    335.48
   83.19     64.13
  531.39    784.55
  582.48    593.71
  482.75    394.04
  438.98    343.02
  349.81    311.63
  148.59    183.84
   78.55     61.91
   85.08     19.14
   79.79      4.32
   35.55      2.15
    0.00      0.00
    0.00      0.00
    0.00      0.00
    0.00      0.00
    0.00      0.00
    0.00      0.00
    0.00      0.00
    0.00      0.00
    0.00      0.00
    0.00      0.00
    0.00      0.00
    0.00      0.00
    0.00      0.00
    0.00      0.00
    0.00      0.00
    0.00      0.00
    0.00      0.00
    0.00      0.65
    0.72      0.00
    0.00      0.00
    0.00      0.00
    0.00      0.00
    0.00      0.00
    0.00      0.00
    0.00     14.39
    0.00      0.00
   14.43      0.72
    0.00      0.00
   15.71     15.50
    0.00      0.00
    0.00      0.00
    0.00      0.00
    0.00      0.00
    0.00      0.00
    0.00     14.37
    0.00     14.38
   15.46      0.71
   63.65     49.32
  183.78    118.51
  116.55     83.78
   45.64     16.30
  286.45    386.99
  425.23    454.71
  353.72    289.74
  363.47    367.01
  304.81    269.70
  422.11    400.37
  258.90    255.02
   96.80    153.19
   88.92     20.07
   72.03      4.35
   64.70      3.61
   17.18      1.45
    0.00      0.00
    0.00      0.00
    0.00      0.00
    0.00      0.00
    0.00      0.00
    0.00      0.00
    0.00      0.00
    0.00      0.00
    0.00      0.00
    0.87      0.00
    0.00      0.00
    0.00      0.00
   72.51    100.75
  144.90     73.58
   43.22    191.28
   21.19    154.63
   95.57    113.27
   14.37     12.30
   68.88     88.28
   63.95     80.07
   25.92     24.08
   34.32      0.00
   58.73     31.66
   27.16      1.46
   40.90     75.22
   29.25      0.71
    6.64      0.70
   57.02     20.95
   25.78     21.26
   49.51     49.13
   83.30     70.55
   55.80     58.78
  110.79    100.74
  105.37     74.42
   36.67     50.16
  107.79     49.54
  126.16     61.93
   33.98      3.54
   24.59     17.45
  113.21     41.09
  141.27     75.76
   69.25     27.13
  211.91     95.18
  235.33    195.95
  101.22     52.44
  213.95    180.08
  268.89    231.59
   79.95     36.49
   23.61     20.09
   59.49     22.72
   18.70      2.16
   60.82     30.29
   55.28     37.52
    4.08      0.00
   11.13      1.74
    5.78      0.87
    0.00      0.00
    0.00      0.00
    0.00      0.00
    0.00      0.00
    0.00      0.00
    0.00      0.00
    0.00      0.00
    2.10      0.65
    1.39      0.74
    0.00      0.00
    0.00      0.00
    0.00      0.00
    0.00      0.00
    0.00      0.00
    0.00      0.00
    0.00      0.00
    0.00      0.00
    0.00     14.80
   16.56     15.84
   15.52     14.86
    0.00      0.00
    0.00      0.00
    0.00      0.00
    3.87      0.00
    2.78      0.00
    3.02      0.00
   18.60     14.87
    2.61     17.20
    5.89      1.37
   18.77     40.64
   43.15     67.42
   32.31     35.81
   49.24      0.72
   18.48     11.37
    9.26     13.86
   32.90     31.66
   25.31     22.56
   15.67     37.26
   37.08     10.46
   12.11     20.87
   23.89     13.88
   30.96     38.93
   22.49     27.15
   31.85     13.81
    5.56      7.08
    7.02      3.47
    3.60      0.00
    2.82      0.72
   16.89     15.57
    0.00      0.00
    0.00      0.00
    0.72      0.00
    0.00      0.00
    0.00      0.00
    0.00      0.00
    0.00      0.00
  140.15    238.17
   14.89     25.35
    0.81    232.12
   41.30     26.97
   63.43    128.50
  116.05     79.07
   49.40     76.60
   59.30     31.75
   89.25     11.61
   13.40     10.37
   30.42     11.34
   26.63     17.16
   22.06      4.22
   66.38     56.60
   25.84     20.06
   31.15     73.70
  108.85     56.70
  104.19     83.30
   38.99     32.33
   35.04     27.34
   62.78     83.00
   41.28     36.52
  151.09    106.81
   50.66     33.65
   72.00     92.45
   64.24     56.37
   37.34     65.63
   55.58     51.06
   58.50     12.28
   13.51     16.78
   22.76     12.23
   33.51     36.33
   10.93     33.79
   26.86     11.64
   15.89     21.84
   11.20     15.70
    9.76     11.44
   11.78     21.29
    8.96      9.75
   24.95      5.43
   11.12      6.94
    4.70      4.91
    2.89      0.72
    2.82      0.00
   17.09     16.50
    0.72      0.72
    0.00      0.00
    8.42      0.00
    0.00      0.00
    3.13      0.00
    0.00      0.00
    0.00      0.65
    0.74      0.00
    0.00      0.00
    0.00      0.00
    0.00      0.00
    0.00      0.00
    0.00      0.00
    0.00      0.00
    0.00      0.00
    0.00      0.00
    0.00     29.49
    1.43      0.65
   29.53     15.88
    0.72      0.00
    1.09      0.41
    3.45      0.00
    0.00      0.00
    2.98      0.00
    3.24      0.00
   16.42     30.27
   20.62     19.07
   19.97     16.30
   20.48     21.84
   24.62      7.08
    2.03     19.78
    2.82     31.52
   37.60     35.30
   31.98     66.70
   50.53     11.45
   45.85      7.66
   12.09     12.82
   36.30     30.01
   22.12     16.56
   77.45     89.92
   28.22      9.97
   19.88      9.75
   13.53     13.86
    7.79      8.45
   10.92     23.47
    8.89      9.10
   18.54      5.49
    4.91      3.40
   12.01      4.04
    5.42      4.26
    4.81      0.65
    1.37      0.72
   20.90     15.90
    2.68      0.72
  109.58    149.76
   45.67     67.48
  101.86    168.97
   26.28     80.96
   28.43    118.99
  116.58    109.06
   25.72     50.33
   55.64     75.80
   52.99     71.22
   77.71     11.15
   48.18     16.42
    4.42     18.36
   27.54     37.65
    1.27      1.40
   27.17      9.60
   63.02     26.05
    6.16     21.12
   66.48     28.85
   57.06     69.62
   52.82     43.00
   59.72     69.69
   27.86     28.53
  111.77     81.33
   36.27     44.94
   51.23     45.34
   55.40     48.50
   18.78      3.69
   43.86      7.01
    2.03     19.17
    0.65     32.00
   63.11     57.44
   41.51     59.27
   72.33     60.98
   23.48      5.43
   15.61     15.57
   19.60     19.84
   11.14     27.81
   17.36     26.09
   43.05     25.99
   20.73      7.46
   13.82     14.34
    6.15      8.25
    7.07      2.10
   11.92      4.85
    7.60      5.50
    1.38      3.40
    4.12      2.16
    7.34      4.78
    8.18      3.54
    0.00      0.65
    4.10      0.65
    6.87      0.72
    4.67      1.38
    1.46      0.00
    0.00      0.00
    0.00      0.00
    0.00      0.00
    2.05      0.00
    0.00      0.00
    1.72      0.00
    2.75     28.76
    2.93      0.00
   17.30      0.72
   15.16      2.03
   15.11     16.25
    1.44      0.00
    0.00      0.00
    0.00      0.00
    0.00      0.00
   14.81     15.18
    0.00      0.00
   10.51      2.10
    2.82     17.13
   17.77     14.45
   17.42     22.40
   39.82     20.15
   31.94     36.97
    6.31     31.38
    2.17      1.31
   17.21      1.44
   17.76     24.45
   21.23     42.94
    9.76     19.12
   58.83     24.10
   28.59     23.90
   20.61     24.60
   67.96     50.91
   28.92     16.78
   24.52     15.20
   12.83     27.53
   14.54     11.14
   58.51     42.51
    8.12      4.33
   66.53     66.76
    6.16      6.43
   16.72      4.19
    4.97      4.77
    4.92      4.12
    2.10      2.03
    6.94      2.89
  125.89    184.80
   67.53     69.67
    0.00    207.48
   22.04     79.14
   64.38     75.27
   58.32     50.28
   53.75    121.70
   59.29     53.83
   70.04     21.35
    6.11     10.99
   47.76     27.31
    7.56      0.71
   39.24     21.38
   38.74     24.17
   46.09     63.33
   67.01     10.00
   49.80     33.36
  122.08     71.88
   35.35      2.54
   41.64    101.73
   77.52     32.85
   61.17     66.32
   64.17     43.91
   32.00     37.76
  114.62     48.25
   55.59     73.17
   59.14     21.72
   80.09     36.96
   16.08     25.43
   35.08      7.63
   56.82     54.71
   25.36      9.04
   55.25     73.49
   21.53      5.64
   31.87     30.93
    3.99     10.28
   31.61     14.14
   11.20     25.51
   11.20     25.44
   31.08     18.17
   32.97     26.20
   14.89      7.53
   13.08      9.35
   24.19      8.91
   12.47      1.44
    7.66      7.53
    9.83      3.61
   17.79     17.28
    3.54      3.47
    3.34      5.36
    0.72      3.40
    6.24      1.44
    2.88      1.44
    1.44      0.65
    2.61      4.12
    0.00      2.03
    0.65      0.72
    2.88      0.00
    2.09      0.72
    0.00      0.00
    0.00      0.00
    0.00      0.00
    0.72      0.65
    0.72      0.65
   15.02     16.57
    1.44      0.00
    3.59      0.00
    3.22      0.00
    3.38      0.00
   14.80     14.44
    4.63      0.72
    5.68      4.13
   32.28     30.86
    2.03      0.72
   18.07     21.91
    9.04     33.80
    3.67     32.90
   46.82     20.68
   34.15     46.01
   19.71      2.09
   21.21      5.43
   18.91     21.53
    5.57      7.98
   23.38     23.05
   27.31      9.77
    4.90     19.78
    6.94     17.13
    6.09      4.92
    4.71     11.59
   46.55     31.93
   10.27     25.29
   27.25     16.43
   31.75     15.55
    6.49     19.24
    6.74      5.64
   23.28      6.22
    5.43      8.45
    6.22      5.57
    2.03      4.06
  130.68    119.59
   53.05     43.91
   43.99     57.59
   33.00    160.72
    3.47      2.75
   44.39    210.09
    2.08     13.71
   54.93     13.12
    2.60      4.83
   21.27    157.50
   27.28     36.64
   43.92     36.69
    8.88      2.16
  111.89     87.45
   62.08     86.85
   76.42     39.90
   85.90     21.77
   63.79     71.78
   25.11      3.04
   50.61     70.79
   84.85     67.77
   49.13     73.61
   93.20     88.15
   80.52     39.29
   30.60     50.78
   49.94     25.00
   37.54     32.58
   26.04     60.62
   40.52     26.13
   48.75     25.20
   26.23     37.27
   17.71     20.29
   62.73     35.13
   30.30     30.31
   48.04     14.44
    6.29     19.13
   21.75      9.77
    4.19      5.43
    4.91      3.33
    5.50     45.19
    6.81      6.15
   30.29     30.78
    9.76     24.41
   30.52      8.18
   30.11     18.13
    8.45      7.32
    2.82      3.41
    6.36      3.40
   12.93      1.37
   12.58      5.63
    2.68      3.99
    1.31      4.85
   19.22     17.90
    3.54      2.03
    4.19      3.40
    1.96      2.16
    2.75      2.03
    2.81      1.44
    0.00      0.00
   17.03     15.53
    0.00      1.31
    3.27      4.91
    0.72      1.31
    0.72      0.65
    2.89      0.65
    2.17      0.65
    0.00     14.38
    0.00      0.00
   15.83      0.71
   15.52     15.79
    1.96      1.44
    1.38      3.41
   17.22     16.54
    0.65      0.00
    3.33      3.40
    9.63     22.77
    1.96     17.20
   60.50     63.53
   18.42     31.84
   34.31     31.46
   32.34      4.20
   16.37      4.71
    2.10     34.13
    5.57      8.63
   37.98     39.07
   11.20      5.70
   20.06      5.28
    4.47     19.71
    7.28      6.22
   20.61      4.32
    3.46      3.34
   10.65     30.84
   12.10     12.06
   26.71     12.23
    8.04     28.92
   11.69      8.89
   56.68     32.51
    8.24      6.35
   73.91     69.79
   77.84    107.34
   11.02     32.06
   96.74     29.42
   68.47    184.62
   23.63     18.61
   31.68    185.42
    6.74      1.44
   36.66     12.28
   58.85     40.45
    2.01    157.68
   64.70     70.90
    1.43      4.06
   24.43     37.50
   50.88     66.94
   52.93     38.32
   67.68     12.83
   63.32     31.25
   47.23     46.95
   60.61     30.48
   70.81     50.02
   73.37     70.22
   74.98     69.51
   92.63     80.92
  103.27     37.75
   10.94     71.56
   56.57     10.50
   48.86     60.47
   62.16     44.37
    6.52     34.31
   52.62     35.14
   76.32     68.33
   87.21     59.22
   65.09     36.74
   52.42     34.14
   69.69     64.81
   10.19     21.97
   41.70     48.73
    8.50     16.80
   17.06     20.60
   20.24      6.88
    6.36      4.84
    2.75      7.32
    6.29      7.39
    6.87     11.44
   12.44     26.17
    9.83      8.05
   26.33     10.90
   13.09     14.78
   11.64     11.12
    9.89      6.86
    4.92      2.10
    3.61      0.00
    4.92      4.71
   16.57     16.48
    1.96      2.82
    4.27      2.68
    4.06      3.47
    4.13      2.75
    2.16      1.44
    1.38      1.38
   25.23     18.45
    4.85      2.17
    2.75      2.68
    3.54      2.16
    1.37      1.37
   16.96     17.02
    1.44      0.00
    0.65      2.68
    2.68      2.82
    0.72      0.00
   16.42      1.44
    4.19      3.54
    1.37      2.03
    0.72      0.00
    1.31      1.44
    2.68      5.36
   11.98      6.36
    6.69     17.84
   17.04     17.82
    3.52      0.65
   34.77     63.01
   35.85     33.38
   17.20     47.10
   64.33      7.62
   18.41     20.81
   35.08     10.22
   11.26     20.17
   10.34      7.66
   22.15      5.51
    4.85     18.34
   11.48      6.29
   19.58     18.42
   26.75      6.23
   10.31      8.25
    7.39      9.76
    8.84      7.60
   15.84     12.58
    4.64      9.56
    7.59     10.34
   99.99    159.78
   72.51     52.31
   19.59    244.30
   10.15     58.64
   65.38     95.79
   66.28     86.91
   77.30     61.68
   23.69    102.23
   56.73     32.22
   15.15     40.11
   70.51     20.59
   53.14     39.64
    8.84      2.25
   48.98     13.79
    7.33      4.13
   32.48     26.08
   43.93     19.22
   64.12     67.87
   46.36     24.25
  115.47     92.93
   68.33     13.64
    4.85     58.45
  112.83     62.74
   33.65     36.95
   78.57     76.73
   31.20     40.48
   48.19     58.01
   21.30     32.15
   54.81      7.21
   46.58     25.38
   25.39     18.92
   75.97     76.59
   53.79     27.79
   21.98     51.16
   56.51     34.45
   21.33     21.41
   64.17     57.69
   37.15     17.21
   53.57     15.96
    9.74     19.84
    5.55      4.78
   23.72      4.11
    7.70     21.98
   20.35     21.16
   20.09      5.44
    4.76      7.46
   11.86     13.48
    8.84      7.53
   15.41      6.22
    9.63      9.49
    6.15      6.36
   16.79     12.17
   10.20      8.25
   14.69      4.86
    7.00      1.46
    4.19      4.79
    2.82      2.68
   17.74     19.26
    3.47      0.65
    2.75      2.16
    2.88      2.68
    2.61      4.19
    2.10     16.41
    4.19      2.10
   14.44      1.37
    2.82      2.70
   17.08      6.22
    2.75      0.00
    3.47      4.85
    2.10      0.72
    1.31      0.00
    4.84      4.91
    2.10      2.68
    1.38      0.72
    0.00      1.31
    3.99      4.26
    8.04      6.08
    6.94      4.33
    7.56      5.50
    6.40     15.10
    3.99     29.80
   34.76      3.47
   16.24     47.70
    2.10     31.46
   64.80     36.99
   52.15     36.37
   10.56     23.84
    2.10      5.95
   23.67     22.25
   31.28     35.67
   21.42      2.16
   23.99     20.61
    7.81      5.43
   20.49      2.09
    6.94      6.94
    4.13      2.68
   22.43     24.27
    4.71      6.29
   10.93     14.33
   86.33    114.95
   67.20    135.79
   70.56    134.85
   27.19    137.42
   52.10     73.12
  119.72    160.58
   61.40     52.57
  112.29    131.27
   59.11     29.91
   80.09     54.93
   40.57     54.06
    6.41     24.56
   41.56      2.09
   50.85     31.13
    4.19      4.13
   51.82     13.83
    3.47      3.47
    5.45     27.94
    2.10      1.37
   76.24     59.00
   56.53     44.83
   72.87     74.46
   72.44     63.03
  103.53     59.72
    4.23     27.29
   42.30     28.76
   12.00      8.82
   40.78     28.16
   66.79     13.16
   46.30     29.24
   27.66     32.37
   79.67     61.94
  102.74     59.58
   65.91     77.25
    4.55     82.49
   32.78     59.43
   76.83     49.63
   87.87     64.31
   55.26     13.00
  158.90     60.76
   22.14     40.52
   17.15     22.90
   44.25     20.19
   20.72     17.33
    8.17      8.18
    2.03      4.12
   20.50      8.76
    4.12      4.78
    7.59      7.46
    6.22      8.11
    6.93      9.48
   12.50      7.66
    8.32      6.09
    8.27      6.87
    6.29      7.60
    6.87      8.11
    4.71      7.59
   24.18     19.84
    3.47      2.03
    5.05      1.37
    2.10      1.37
    2.03      2.10
    3.47      2.75
    2.03      2.03
    1.31      1.44
    2.16      2.68
    3.40      4.71
    2.10      2.10
    4.91      2.75
    0.72      0.00
    1.38      0.72
    4.71      6.22
    3.33      6.15
    2.03      1.37
    4.19     17.84
   19.29      2.88
    1.31      3.34
    8.98      5.57
    3.40      3.54
    2.03      4.12
    3.40      2.82
    9.35      2.03
    1.31      1.44
   19.75     34.04
    4.93      2.10
    4.26     18.34
    2.68     36.86
   19.36     48.46
   42.27     22.12
   32.69     55.58
   37.34     18.99
   25.78     20.67
   18.55     18.54
   21.95     20.43
   32.63     20.29
    3.40      1.37
    6.15     21.10
   24.59      4.71
    7.98      8.39
   86.53    111.85
    6.85     57.72
  103.76    221.89
   65.12     65.80
   74.94    191.40
   46.55     27.54
   45.06     24.18
   29.44     35.56
   13.95    108.89
   25.05     29.47
   24.26     28.92
   59.90     58.17
   61.05      4.18
    7.83     11.07
   23.73     15.00
   45.74     17.85
   26.42     23.27
    4.51     11.96
   82.09     54.28
   15.53      3.56
   35.54     62.73
   31.48      7.72
   82.86     85.29
   48.32     19.36
  110.05    104.26
   97.83     42.45
   15.62     35.72
   22.02     10.71
   53.89     29.83
   45.70     51.10
   23.53     26.51
    3.54     26.49
   10.29     15.55
   29.26     23.19
   28.08     23.30
    9.82      9.65
   23.12     18.07
   34.96     58.94
   62.10     62.54
   44.95     43.61
  106.14     92.84
   63.46     58.73
   45.69     10.54
   13.14     17.78
   51.95     20.03
   26.34     21.83
    4.12     18.61
    7.74      8.63
   18.59      7.53
    9.71      3.33
   12.47      9.63
    5.35      5.36
   11.53      8.90
    8.90      6.74
    9.82      7.80
    6.22      4.78
    6.09      8.90
    5.57      4.86
    2.88      6.53
    7.52      4.98
   13.33      3.40
    7.73      3.40
    2.10      2.16
    1.96      2.82
    2.16      0.65
    0.72      0.00
    0.72      3.27
    2.82      1.37
    0.65      0.00
    2.10      3.33
    5.95      8.39
    2.75      2.10
    4.26      2.75
    4.19      2.10
   15.60     45.56
   31.95      3.54
   18.91     21.53
    9.56      9.83
    1.96      4.12
    5.64      2.75
    4.06      2.17
    2.03      2.16
    0.72      0.65
   31.30     32.80
    2.75      4.06
   18.34     30.96
   19.73      6.16
    2.75      6.08
    8.25      8.18
   11.10      8.11
   10.81     10.14
   52.88     63.18
    7.80     18.41
   36.41     17.34
   19.30      6.22
    3.40     35.01
    2.82      4.06
   36.13     33.27
    4.30      0.00
    0.65      0.00
    0.59      0.84
    0.00      0.00
    0.00      0.00
    0.00      0.00
    0.00      0.00
    0.00      0.00
    0.00      0.00
    0.00      0.00
    0.00      0.00
    0.00      0.00
    0.00      0.00
    0.00      0.00
    0.00      0.00
    0.00      0.00
    0.00      0.00
    3.87      0.00
    3.03      0.00
    0.00      0.00
    3.16      0.00
    3.10      0.00
    3.11      0.00
    0.00      0.00
    0.00      0.00
    0.00      0.00
    0.00      0.00
    3.44      0.00
    0.00      0.00
    1.31      0.00
    1.90      0.00
    3.15      0.00
    0.00      0.00
    2.47      0.00
    0.00      0.00
    0.00      0.00
    0.00      0.00
