      h_eth1      
 KB/s in  KB/s out
    0.00      0.00
    0.00      0.00
    0.00      0.00
    0.00      0.00
    0.00      0.00
    0.00      0.00
    0.00      0.00
    0.00      0.00
    0.00      0.00
    0.00      0.00
    0.00      0.00
    0.68      0.00
    0.00      0.00
    0.00      0.00
    0.00      0.00
    0.00      0.00
    0.00      0.00
    0.00      0.00
    0.00      0.00
    0.00      0.00
    0.00      0.00
    0.00      0.00
    0.00      0.00
    0.00      0.00
    0.00      0.00
    0.00      0.00
    0.00      0.00
    0.00      0.00
    0.00      0.00
    0.00      0.00
    0.00      0.00
    0.00      0.00
    0.00      0.00
    0.00      0.00
    0.00      0.00
    0.00      0.00
    0.00      0.00
    0.00      0.00
    0.00      0.00
    0.00      0.00
    0.00      0.00
    0.00      0.00
    0.00      0.00
    0.00      0.00
    0.00      0.00
    0.00      0.00
    0.00      0.00
    0.00      0.00
    0.00      0.00
    0.00      0.00
    0.00      0.00
    0.00      0.00
    0.00      0.00
    0.00      0.00
    0.00      0.00
    0.00      0.00
    0.00      0.00
    0.00      0.00
    0.00      0.00
    0.00      0.00
    0.00      0.00
    0.00      0.00
    0.00      0.00
    0.00      0.00
    0.00      0.00
    0.00      0.00
    0.00      0.00
    0.00      0.00
    0.00      0.00
    0.00      0.00
    0.00      0.00
    0.00      0.00
    0.00      0.00
    0.00      0.00
    0.00      0.00
    0.00      0.00
    0.00      0.00
    0.00      0.00
    0.00      0.00
    0.00      0.00
    0.00      0.00
    0.00      0.00
    0.00      0.00
    0.00      0.00
    0.00      0.00
    0.00      0.00
    0.00      0.00
    0.00      0.00
    0.00      0.00
    0.00      0.00
    0.00      0.00
    0.00      0.00
    0.00      0.00
    0.68      0.00
    0.00      0.00
    0.00      0.00
    0.00      0.00
    0.00      0.00
    0.00      0.00
    0.00      0.00
    0.00      0.00
    0.00      0.00
    0.00      0.00
    0.00      0.00
    0.00      0.00
    0.00      0.00
    0.00      0.00
    0.00      0.00
    0.00      0.00
    0.00      0.00
    0.00      0.00
    0.00      0.00
    0.00      0.00
    0.00      0.00
    0.00      0.00
    0.00      0.00
    0.00      0.00
    0.00      0.00
    0.00      0.00
    0.00      0.00
    0.00      0.00
    0.00      0.00
    0.00      0.00
    0.00      0.00
    0.00      0.00
    0.00      0.00
    0.00      0.00
    0.00      0.00
    0.00      0.00
    0.00      0.00
    0.00      0.00
    0.00      0.00
    0.00      0.00
    0.00      0.00
    4.09      0.00
    0.00      0.00
    0.00      0.00
    0.00      0.00
    0.00      0.00
    0.00      0.00
    0.00      0.00
    0.00      0.00
    0.00      0.00
    0.00      0.00
    0.00      0.00
    0.00      0.00
    0.00      0.00
    0.00      0.00
    0.00      0.00
    0.00      0.00
    0.00      0.00
    0.00      0.00
    0.00      0.00
    0.00      0.00
    0.00      0.00
    0.00      0.00
    0.00      0.00
    0.00      0.00
    0.00      0.00
    0.00      0.00
    0.00      0.00
    0.00      0.00
    0.00      0.00
    0.00      0.00
    0.00      0.00
    0.00      0.00
    0.00      0.00
    0.00      0.00
    0.00      0.00
    0.00      0.00
    0.00      0.00
    0.00      0.00
    0.00      0.00
    0.00      0.00
    0.00      0.00
    0.00      0.00
    0.00      0.00
    0.00      0.00
    0.00      0.00
    0.00      0.00
    0.00      0.00
    0.00      0.00
    0.00      0.00
    0.00      0.00
    0.00      0.00
    0.00      0.00
    0.00      0.00
    0.00      0.00
    0.00      0.00
    0.00      0.00
    0.00      0.00
    0.00      0.00
    0.00      0.00
    0.00      0.00
    0.00      0.00
    0.00      0.00
    0.00      0.00
    0.00      0.00
    0.00      0.00
    0.00      0.00
    0.00      0.00
    0.00      0.00
    0.00      0.00
    0.00      0.00
    0.00      0.00
    0.00      0.00
    0.00      0.00
    0.00      0.00
    0.00      0.00
    0.00      0.00
    0.41      0.00
    0.00      0.00
    0.00      0.00
    0.00      0.00
    0.00      0.00
    0.00      0.00
    0.00      0.00
    0.00      0.00
    0.00      0.00
    0.00      0.00
    0.00      0.00
    0.00      0.00
    0.00      0.00
    0.00      0.00
    0.00      0.00
    0.00      0.00
    0.00      0.00
    0.00      0.00
    0.00      0.00
    0.00      0.00
    0.00      0.00
    0.00      0.00
    0.00      0.00
    0.00      0.00
    0.00      0.00
    0.00      0.00
    0.00      0.00
    0.00      0.00
    0.00      0.00
    0.00      0.00
    0.00      0.00
    0.00      0.00
    0.00      0.00
    0.00      0.00
    0.00      0.00
    0.00      0.00
    0.00      0.00
    0.00      0.00
    0.00      0.00
    0.00      0.00
    0.00      0.00
    0.00      0.00
    0.00      0.00
    0.00      0.00
    0.00      0.00
    0.00      0.00
    1.36      0.00
    0.00      0.00
    0.00      0.00
    0.00      0.00
    0.00      0.00
    0.00      0.00
    0.00      0.00
    0.00      0.00
    0.00      0.00
    0.00      0.00
    0.00      0.00
    0.00      0.00
    0.00      0.00
    0.00      0.00
    0.00      0.00
    0.00      0.00
    0.00      0.00
    0.00      0.00
    0.00      0.00
    0.00      0.00
    0.00      0.00
    0.00      0.00
    0.00      0.00
    0.00      0.00
    0.00      0.00
    0.00      0.00
    0.00      0.00
    0.00      0.00
    0.00      0.00
    0.00      0.00
    0.00      0.00
    0.00      0.00
    0.00      0.00
    0.00      0.00
    0.00      0.00
    0.00      0.00
    0.00      0.00
    0.00      0.00
    0.00      0.00
    0.00      0.00
    0.00      0.00
    0.00      0.00
    0.00      0.00
    0.00      0.00
    0.00      0.00
    0.00      0.00
    0.00      0.00
    0.00      0.00
    0.00      0.00
    0.00      0.00
    0.00      0.00
    0.00      0.00
    0.00      0.00
    0.00      0.00
    0.00      0.00
    0.00      0.00
    0.00      0.00
    0.00      0.00
    0.00      0.00
    0.00      0.00
    0.00      0.00
    0.00      0.00
    0.00      0.00
    0.00      0.00
    0.00      0.00
    0.00      0.00
    0.00      0.00
    0.00      0.00
    0.00      0.00
    0.00      0.00
    0.00      0.00
    0.00      0.00
    0.00      0.00
    0.00      0.00
    0.00      0.00
    0.00      0.00
    0.00      0.00
    0.00      0.00
    0.00      0.00
    0.00      0.00
    0.00      0.00
    0.00      0.00
    0.00      0.00
    0.00      0.00
    0.00      0.00
    0.00      0.00
    0.00      0.00
    0.00      0.00
    0.00      0.00
    0.00      0.00
    0.00      0.00
    0.00      0.00
    0.00      0.00
    0.00      0.00
    0.00      0.00
    0.00      0.00
    0.00      0.00
    0.00      0.00
    0.00      0.00
    0.00      0.00
    0.00      0.00
    0.00      0.00
    0.00      0.00
    0.00      0.00
    0.00      0.00
    0.00      0.00
    0.00      0.00
    0.00      0.00
    0.00      0.00
    0.00      0.00
    0.00      0.00
    0.00      0.00
    0.00      0.00
    0.00      0.00
    0.00      0.00
    0.00      0.00
    0.00      0.00
    0.00      0.00
    0.00      0.00
    0.00      0.00
    0.00      0.00
    0.00      0.00
    0.00      0.00
    0.00      0.00
    0.00      0.00
    0.00      0.00
    0.00      0.00
    0.00      0.00
    0.00      0.00
    0.00      0.00
    0.00      0.00
    0.00      0.00
    0.00      0.00
    0.00      0.00
    0.00      0.00
    0.00      0.00
    0.00      0.00
    0.00      0.00
    0.00      0.00
    0.00      0.00
    0.00      0.00
    0.00      0.00
    0.00      0.00
    0.00      0.00
    0.00      0.00
    0.00      0.00
    0.00      0.00
    0.00      0.00
    0.00      0.00
    0.00      0.00
    0.00      0.00
    0.00      0.00
    0.00      0.00
    0.82      0.00
    0.00      0.00
    0.00      0.00
    0.00      0.00
    0.00      0.00
    0.00      0.00
    0.00      0.00
    0.00      0.00
    0.00      0.00
    0.00      0.00
    0.00      0.00
    0.00      0.00
    0.00      0.00
    0.00      0.00
    0.00      0.00
    0.00      0.00
    0.00      0.00
    0.00      0.00
    0.00      0.00
    0.00      0.00
    0.00      0.00
    0.00      0.00
    0.00      0.00
    0.00      0.00
    0.00      0.00
    0.00      0.00
    0.00      0.00
    0.00      0.00
    0.00      0.00
    0.00      0.00
    0.00      0.00
    0.00      0.00
    0.00      0.00
    0.00      0.00
    0.00      0.00
    0.00      0.00
    0.00      0.00
    0.00      0.00
    0.00      0.00
    0.00      0.00
    0.00      0.00
    0.00      0.00
    0.00      0.00
    0.00      0.00
    0.00      0.00
    0.00      0.00
    0.00      0.00
    0.00      0.00
    0.00      0.00
    0.00      0.00
    0.00      0.00
    0.00      0.00
    0.00      0.00
    0.00      0.00
    0.00      0.00
    0.00      0.00
    0.00      0.00
    0.00      0.00
    0.00      0.00
    0.00      0.00
    0.00      0.00
    0.00      0.00
    0.00      0.00
    0.00      0.00
    0.00      0.00
    0.00      0.00
    0.00      0.00
    0.00      0.00
    0.00      0.00
    0.00      0.00
    0.00      0.00
    0.00      0.00
    0.00      0.00
    0.00      0.00
    0.00      0.00
    0.00      0.00
    0.00      0.00
    0.00      0.00
    0.00      0.00
    0.00      0.00
    0.00      0.00
    0.00      0.00
    0.00      0.00
    0.00      0.00
    0.00      0.00
    0.00      0.00
    0.00      0.00
    0.00      0.00
    0.00      0.00
    0.00      0.00
    0.00      0.00
    0.00      0.00
    0.00      0.00
    0.00      0.00
    0.00      0.00
    0.00      0.00
    0.00      0.00
    0.00      0.00
    0.00      0.00
    0.00      0.00
    0.00      0.00
    0.00      0.00
    0.00      0.00
    0.00      0.00
    0.00      0.00
    0.00      0.00
    0.00      0.00
    0.00      0.00
    0.00      0.00
    0.00      0.00
    0.00      0.00
    0.00      0.00
    0.00      0.00
    0.00      0.00
    0.00      0.00
    0.00      0.00
    0.00      0.00
    0.00      0.00
    0.00      0.00
    0.00      0.00
    0.00      0.00
    0.00      0.00
    0.00      0.00
    0.00      0.00
    0.00      0.00
    0.00      0.00
    0.00      0.00
    0.00      0.00
    0.00      0.00
    0.00      0.00
    0.00      0.00
    0.00      0.00
    0.00      0.00
    0.00      0.00
    0.00      0.00
    0.00      0.00
    0.00      0.00
    0.00      0.00
    0.00      0.00
    0.00      0.00
    0.00      0.00
    0.00      0.00
    0.00      0.00
    0.00      0.00
    0.00      0.00
    0.00      0.00
    0.00      0.00
    0.00      0.00
    0.00      0.00
    0.00      0.00
    0.00      0.00
    0.00      0.00
    0.00      0.00
    0.00      0.00
    0.00      0.00
    0.00      0.00
    0.00      0.00
    0.00      0.00
    0.00      0.00
    0.00      0.00
    0.00      0.00
    0.00      0.00
    0.00      0.00
    0.00      0.00
    0.00      0.00
    0.00      0.00
    0.00      0.00
    0.00      0.00
    0.00      0.00
    0.00      0.00
    0.00      0.00
    0.00      0.00
    0.00      0.00
    0.00      0.00
    0.00      0.00
    0.00      0.00
    0.00      0.00
    0.00      0.00
    0.00      0.00
    0.00      0.00
    0.00      0.00
    0.00      0.00
    0.00      0.00
    0.00      0.00
    0.00      0.00
    0.00      0.00
    0.00      0.00
    0.00      0.00
    0.00      0.00
    0.00      0.00
    0.00      0.00
    0.00      0.00
    0.00      0.00
    0.00      0.00
    0.00      0.00
    0.00      0.00
    0.00      0.00
    0.00      0.00
    0.00      0.00
    0.00      0.00
    0.82      0.00
    0.00      0.00
    0.00      0.00
    0.00      0.00
    0.00      0.00
    0.00      0.00
    0.00      0.00
    0.00      0.00
    0.00      0.00
    0.00      0.00
    0.00      0.00
    0.00      0.00
    0.00      0.00
    0.00      0.00
    0.00      0.00
    0.00      0.00
    0.00      0.00
    0.00      0.00
    0.00      0.00
    0.00      0.00
    0.00      0.00
    0.00      0.00
    0.00      0.00
    0.00      0.00
    0.00      0.00
    0.00      0.00
    0.00      0.00
    0.00      0.00
    0.00      0.00
    0.00      0.00
    0.00      0.00
    0.00      0.00
    0.00      0.00
    0.00      0.00
    0.00      0.00
    0.00      0.00
    0.00      0.00
    0.00      0.00
    0.00      0.00
    0.00      0.00
    0.00      0.00
    0.00      0.00
    0.00      0.00
    0.00      0.00
    0.00      0.00
    0.00      0.00
    0.00      0.00
    0.00      0.00
    0.00      0.00
    0.00      0.00
    0.00      0.00
    0.00      0.00
    0.00      0.00
    0.00      0.00
    0.00      0.00
    0.00      0.00
    0.00      0.00
    0.00      0.00
    0.00      0.00
    0.00      0.00
    0.00      0.00
    0.00      0.00
    0.00      0.00
    0.00      0.00
    0.00      0.00
    0.00      0.00
    0.00      0.00
    0.00      0.00
    0.00      0.00
    0.00      0.00
    0.00      0.00
    0.00      0.00
    0.00      0.00
    0.00      0.00
    0.00      0.00
    0.00      0.00
    0.00      0.00
    0.00      0.00
    0.00      0.00
    0.00      0.00
    0.00      0.00
    0.00      0.00
    0.00      0.00
    0.00      0.00
    0.00      0.00
    0.00      0.00
    0.00      0.00
    0.00      0.00
    0.00      0.00
    0.00      0.00
    0.00      0.00
    0.00      0.00
    0.00      0.00
    0.00      0.00
    0.00      0.00
    0.00      0.00
    0.00      0.00
    0.00      0.00
    0.00      0.00
    0.00      0.00
    0.41      0.00
    0.00      0.00
    0.00      0.00
    0.00      0.00
    0.00      0.00
    0.00      0.00
    0.00      0.00
    0.00      0.00
    0.00      0.00
    0.00      0.00
    0.00      0.00
    0.00      0.00
    0.00      0.00
    0.00      0.00
    0.00      0.00
    0.00      0.00
    0.00      0.00
    0.00      0.00
    0.00      0.00
    0.00      0.00
    0.00      0.00
    0.00      0.00
    0.00      0.00
    0.00      0.00
    0.00      0.00
    0.00      0.00
    0.00      0.00
    0.00      0.00
    0.00      0.00
    0.00      0.00
    0.00      0.00
    0.00      0.00
    0.00      0.00
    0.00      0.00
    0.00      0.00
    0.00      0.00
    0.00      0.00
    0.00      0.00
    0.00      0.00
    0.00      0.00
    0.00      0.00
    0.00      0.00
    0.00      0.00
    0.00      0.00
    0.00      0.00
    0.00      0.00
    0.00      0.00
    0.00      0.00
    0.00      0.00
    0.00      0.00
    0.00      0.00
    0.00      0.00
    0.00      0.00
    0.00      0.00
    0.00      0.00
    0.00      0.00
    0.00      0.00
    0.00      0.00
    0.00      0.00
    0.00      0.00
    0.00      0.00
    0.00      0.00
    0.00      0.00
    0.00      0.00
    0.00      0.00
    0.00      0.00
    0.00      0.00
    0.00      0.00
    0.00      0.00
    0.00      0.00
    0.00      0.00
    0.00      0.00
    0.00      0.00
    0.00      0.00
    0.00      0.00
    0.00      0.00
    0.00      0.00
    0.00      0.00
    0.00      0.00
    0.00      0.00
    0.00      0.00
    0.00      0.00
    0.00      0.00
    0.00      0.00
    0.00      0.00
    0.00      0.00
    0.00      0.00
    0.00      0.00
    0.00      0.00
    0.00      0.00
    0.00      0.00
    0.00      0.00
    0.00      0.00
    0.00      0.00
    0.00      0.00
    0.00      0.00
    0.00      0.00
    0.00      0.00
    0.00      0.00
    0.41      0.00
    0.00      0.00
    0.00      0.00
    0.00      0.00
    0.00      0.00
    0.00      0.00
    0.00      0.00
    0.00      0.00
    0.00      0.00
    0.00      0.00
    0.00      0.00
    0.00      0.00
    0.00      0.00
    0.00      0.00
    0.00      0.00
    0.00      0.00
    0.00      0.00
    0.00      0.00
    0.00      0.00
    0.00      0.00
    0.00      0.00
    0.00      0.00
    0.00      0.00
    0.00      0.00
    0.00      0.00
    0.00      0.00
    0.00      0.00
    0.00      0.00
    0.00      0.00
    0.00      0.00
    0.00      0.00
    0.00      0.00
    0.00      0.00
    0.00      0.00
    0.00      0.00
    0.00      0.00
    0.00      0.00
    0.00      0.00
    0.00      0.00
    0.00      0.00
    0.00      0.00
    0.00      0.00
    0.00      0.00
    0.00      0.00
    0.00      0.00
    0.00      0.00
    0.00      0.00
    0.00      0.00
    0.00      0.00
    0.00      0.00
    0.00      0.00
    0.00      0.00
    0.00      0.00
    0.00      0.00
    0.00      0.00
    0.00      0.00
    0.00      0.00
    0.00      0.00
    0.00      0.00
    0.00      0.00
    0.00      0.00
    0.00      0.00
    0.00      0.00
    0.00      0.00
    0.00      0.00
    0.00      0.00
    0.00      0.00
    0.00      0.00
    0.00      0.00
    0.00      0.00
    0.00      0.00
    0.00      0.00
    0.00      0.00
    0.00      0.00
    0.00      0.00
    0.00      0.00
    0.00      0.00
    0.00      0.00
    0.00      0.00
    0.00      0.00
    0.00      0.00
    0.00      0.00
    0.00      0.00
    0.00      0.00
    0.00      0.00
    0.00      0.00
    0.00      0.00
    0.00      0.00
    0.00      0.00
    0.00      0.00
    0.00      0.00
    0.00      0.00
    0.00      0.00
    0.00      0.00
    0.00      0.00
    0.00      0.00
    0.00      0.00
    0.00      0.00
    0.00      0.00
    0.00      0.00
    0.82      0.00
    0.00      0.00
    0.00      0.00
    0.00      0.00
    0.00      0.00
    0.00      0.00
    0.00      0.00
    0.00      0.00
    0.00      0.00
    0.00      0.00
    0.00      0.00
    0.00      0.00
    0.00      0.00
    0.00      0.00
    0.00      0.00
    0.00      0.00
    0.00      0.00
    0.00      0.00
    0.00      0.00
    0.00      0.00
    0.00      0.00
    0.00      0.00
    0.00      0.00
    0.00      0.00
    0.00      0.00
    0.00      0.00
    0.00      0.00
    0.00      0.00
    0.00      0.00
    0.00      0.00
    0.00      0.00
    0.00      0.00
    0.00      0.00
    0.00      0.00
    0.00      0.00
    0.00      0.00
    0.00      0.00
    0.00      0.00
    0.00      0.00
    0.00      0.00
    0.00      0.00
    0.00      0.00
    0.00      0.00
    0.00      0.00
    0.00      0.00
    0.00      0.00
    0.00      0.00
    0.00      0.00
    0.00      0.00
    0.00      0.00
    0.00      0.00
    0.00      0.00
    0.00      0.00
    0.00      0.00
    0.00      0.00
    0.00      0.00
    0.00      0.00
    0.00      0.00
    0.00      0.00
    0.00      0.00
    0.00      0.00
    0.00      0.00
    0.00      0.00
    0.00      0.00
    0.00      0.00
    0.00      0.00
    0.00      0.00
    0.00      0.00
    0.00      0.00
    0.00      0.00
    0.00      0.00
    0.00      0.00
    0.00      0.00
    0.00      0.00
    0.00      0.00
    0.00      0.00
    0.00      0.00
    0.00      0.00
    0.00      0.00
    0.00      0.00
    0.00      0.00
    0.00      0.00
    0.00      0.00
    0.00      0.00
    0.00      0.00
    0.00      0.00
    0.00      0.00
    0.00      0.00
    0.00      0.00
    0.00      0.00
    0.00      0.00
    0.00      0.00
    0.00      0.00
    0.00      0.00
    0.00      0.00
    0.00      0.00
    0.00      0.00
    0.00      0.00
    0.00      0.00
    0.00      0.00
    0.41      0.00
    0.00      0.00
    0.00      0.00
    0.00      0.00
    0.00      0.00
    0.00      0.00
    0.00      0.00
    0.00      0.00
    0.00      0.00
    0.00      0.00
    0.00      0.00
    0.00      0.00
    0.00      0.00
    0.00      0.00
    0.00      0.00
    0.00      0.00
    0.00      0.00
    0.00      0.00
    0.00      0.00
    0.00      0.00
    0.00      0.00
    0.00      0.00
    0.00      0.00
    0.00      0.00
    0.00      0.00
    0.00      0.00
    0.00      0.00
    0.00      0.00
    0.00      0.00
    0.00      0.00
    0.00      0.00
    0.00      0.00
    0.00      0.00
    0.00      0.00
    0.00      0.00
    0.00      0.00
    0.00      0.00
    0.00      0.00
    0.00      0.00
    0.00      0.00
    0.00      0.00
    0.00      0.00
    0.00      0.00
    0.00      0.00
    0.00      0.00
    0.00      0.00
    0.00      0.00
    0.00      0.00
    0.00      0.00
    0.00      0.00
    0.00      0.00
    0.00      0.00
    0.00      0.00
    0.00      0.00
    0.00      0.00
    0.00      0.00
    0.00      0.00
    0.00      0.00
    0.00      0.00
    0.00      0.00
    0.00      0.00
    0.00      0.00
    0.00      0.00
    0.00      0.00
    0.00      0.00
    0.00      0.00
    0.00      0.00
    0.00      0.00
    0.00      0.00
    0.00      0.00
    0.00      0.00
    0.00      0.00
    0.00      0.00
    0.00      0.00
    0.00      0.00
    0.00      0.00
    0.00      0.00
    0.00      0.00
    0.00      0.00
    0.00      0.00
    0.00      0.00
    0.00      0.00
    0.00      0.00
    0.00      0.00
    0.00      0.00
    0.00      0.00
    0.00      0.00
    0.00      0.00
    0.00      0.00
    0.00      0.00
    0.00      0.00
    0.00      0.00
    0.00      0.00
    0.00      0.00
    0.00      0.00
    0.00      0.00
    0.00      0.00
    0.00      0.00
    0.00      0.00
    0.41     26.17
   25.75     20.40
   21.19     27.29
   33.40     11.67
    7.84      1.43
    0.00      0.00
    0.00      0.00
    0.00      0.00
    0.00      0.00
    0.00      0.00
    0.00      1.11
    0.00      0.00
 1630.83    301.47
 1899.28   1198.18
 1838.99    828.72
 1769.62    611.96
  779.35   2291.42
 1276.37   2445.10
 1267.52   2247.59
  786.32    741.25
  450.82    157.53
  487.91    175.75
  207.01     66.41
   37.27     15.89
   52.79      2.30
    6.41      0.00
    0.00      0.72
    0.00      0.00
    0.00      0.00
    0.00      0.00
    0.00      0.00
    0.00      0.00
    0.00      0.00
    0.00      0.00
    0.00      0.00
    0.00      0.00
    0.00      0.00
    0.00      0.00
    0.00      0.00
    0.00      0.00
    0.00      0.00
    0.00      0.00
    0.00      0.00
    0.00      0.00
    0.00      0.00
    0.00      0.00
    0.00      0.00
    0.00      0.00
    0.00      0.00
    0.00      0.00
    0.00      0.00
    0.00      0.00
    0.00      0.00
    0.41      0.41
    0.00      0.00
    0.00      0.00
    0.00      0.00
    0.00      0.00
    0.00      0.00
    0.00      0.00
    0.00      0.00
    0.00      0.00
    0.00      0.00
    0.00      0.00
    0.00      0.00
    0.00      0.00
    0.00      0.00
  192.15    254.77
  347.72    488.84
  350.11    291.79
  318.75    289.90
   71.17     91.31
   98.41     76.16
  133.08     78.53
  106.10     47.86
    4.33     15.09
    2.16      0.00
    0.72      0.00
    0.00      0.00
   14.43      0.72
    0.00      0.00
    0.00      0.00
    0.00      0.00
    0.00      0.00
    0.00      0.00
    0.00      0.00
    0.00      0.00
    0.00      0.00
    0.00      0.00
    0.00      0.00
    0.00      0.00
    0.00      0.00
    0.00      0.00
    0.00      0.00
    0.00      0.00
    0.00      0.00
    0.00      0.00
    0.00      0.00
    0.00      0.00
    0.00      0.00
    0.00      0.00
    0.00      0.00
    0.00      0.00
    0.00      0.00
    0.00      0.00
    0.00      0.00
    0.00      0.00
    0.00      0.00
    0.00      0.00
    0.00      0.00
    0.00      0.00
  158.11    186.04
   76.52    145.41
  166.10    266.34
   74.63    124.75
   36.78      5.17
  107.67     63.48
  215.37    190.47
  319.78    366.76
  181.39    238.10
  518.20    498.91
  303.05    189.09
  217.56    187.79
   35.13     90.55
   83.63     70.79
  138.58     97.76
   71.86     20.88
   62.74     16.26
    4.34     15.51
    0.00      0.00
    0.72      0.00
    0.00      0.00
   14.85      0.72
   25.76     21.24
   40.16     14.58
    1.44      0.00
    2.10      0.72
    0.00      0.00
    0.00      0.00
    0.00      0.00
    0.00      0.00
    0.87      0.00
    0.00      0.00
    0.00      0.00
    0.00      0.00
    0.00      0.00
    0.00      0.00
    0.00      0.00
    0.00      0.00
    0.00      0.00
    0.00      0.00
    0.00      0.00
    0.00      0.00
    0.00      0.00
    0.00      0.00
    0.00      0.00
    0.00      0.00
    0.00      0.00
    0.00      0.00
    0.00      0.00
    0.00      0.00
    0.00      0.00
    0.00      0.65
    0.65      0.00
    0.72      0.74
    0.00     14.37
   44.58     29.52
  166.64    157.16
  174.49    157.37
  126.65    154.21
  109.47    125.24
  246.53    368.84
  266.05    221.06
  280.97    176.16
   37.19     47.23
    6.50     90.12
   63.20     32.88
  108.06     96.67
  107.24     65.13
    0.71      0.00
   64.34     16.47
    1.43     15.71
    0.00      0.00
    0.72      0.00
    0.00      0.00
   15.05      0.72
    0.72     14.38
   14.45      0.74
    0.00      0.00
    0.00      0.00
    0.00      0.00
    0.00      0.00
    0.00      0.00
    0.00      0.00
    0.00      0.00
    0.00      0.00
    0.00      0.00
    0.00      0.00
    0.00      0.00
    0.00      0.00
    0.00      0.00
    0.00      0.00
    0.00      0.00
    0.00      0.00
    0.00      0.00
    0.00      0.00
    0.00      0.00
    0.00      0.00
    0.00      0.00
    0.00      0.00
   30.16     51.24
  160.68    173.42
   56.72    127.56
  116.96    264.16
  114.32     92.84
   48.11     25.23
   42.48     36.01
  105.94     91.23
  213.49    130.77
  176.05    124.11
  206.09    122.81
  303.86    262.53
  225.10    202.46
  256.35    271.62
  298.27    192.48
   67.63     48.95
   23.48     76.73
   17.26     31.67
   31.72     46.74
   77.52     33.90
   77.64    125.39
   61.33      3.62
    1.43      0.00
   66.21     16.58
    0.00     15.83
    0.00      0.00
    0.72      0.00
    0.00     14.79
   56.51     22.73
    0.00      0.00
   14.41     13.78
   15.84      0.73
    1.44      0.00
    0.00      0.00
    0.00      0.00
    0.00      0.00
    0.00      0.00
    0.00      0.00
    0.00      0.00
    0.00      0.00
    0.00      0.00
    0.00      0.00
    0.00      0.00
    0.00      0.00
    0.00      0.00
    0.00      0.00
    0.00      0.00
    0.00      0.00
    0.00      0.00
    0.00      0.00
    0.00      0.00
    0.00      0.00
    0.00      0.65
    0.00      0.00
    0.72      0.00
    0.00     14.37
   15.68     15.74
   22.10      8.32
    4.84     21.08
   35.48     22.08
   20.57     34.77
   19.22     65.62
   65.87     34.98
   63.79     37.23
   27.12     30.88
   25.28     25.00
   10.86     24.24
    4.91      2.82
    1.37      1.31
   16.43     17.73
    1.37      1.31
    2.75      3.40
   18.48      2.89
    5.36      7.60
    2.16      0.72
    0.72      0.00
    2.68      0.72
    2.16      1.44
    0.00     15.64
    0.72      0.00
   15.07      0.72
    0.72      0.00
   14.37     15.08
    1.45      0.00
    0.00      0.00
    0.00      0.00
    0.00      0.00
    0.00      0.00
    0.00      0.00
    0.41      0.00
    0.00      0.00
    0.00      0.00
    0.00      0.00
    0.00      0.00
    0.00      0.00
    0.00      0.00
    0.00      0.00
    0.00      0.00
    0.00      0.00
    0.00      0.00
   56.98     73.36
  123.75    183.14
   75.05    153.03
   82.99    174.49
   53.40     58.08
   92.12    103.18
   46.54      4.28
   87.00     91.18
   71.47     16.85
  111.52    106.31
  115.47     59.75
  103.87     71.72
  118.42     75.52
  139.56    153.78
   69.58     55.31
   62.58     26.99
   79.68     44.22
   30.51     22.74
    4.91     17.93
    3.54      0.65
    1.37      2.10
   17.33      2.83
    0.00     17.71
    2.03      2.68
    2.09      2.09
   18.63      2.09
    5.50      5.56
    0.00      0.65
    1.44      0.00
    0.72      0.00
    2.75     16.54
   16.54      1.44
    0.00      0.00
   14.86     15.53
    1.37      0.72
    0.65      0.72
    0.00      0.00
    0.00      0.00
    0.00      0.00
    0.00      0.00
    0.00      0.00
    0.00      0.00
    0.00      0.00
    0.00      0.00
    0.00      0.00
    0.00      0.00
    0.00      0.00
    0.00      0.00
    0.00      0.00
    0.00      0.00
    0.00      0.00
    0.00      0.00
    0.00      0.00
    0.65      0.74
    0.00      0.00
    0.00      0.00
   16.40     17.18
    6.22      5.50
    4.12     19.77
   34.18     34.29
   19.28     18.91
   46.84     33.55
   20.45     27.30
   22.29     18.49
   50.31     66.46
   41.74     55.45
   36.61     38.32
   23.83      9.76
   38.89     22.87
    7.66      4.84
    2.88      2.09
    2.16      1.31
    0.00      0.00
    2.03      1.37
    1.37      2.09
    1.96      2.75
    1.37      4.05
    1.37      0.72
    2.68      2.75
    4.84      2.88
    1.44      1.96
    0.72      0.65
    1.37      0.00
    2.75      2.16
    0.72      0.00
    0.00     14.99
   15.04      0.72
    0.00      0.00
    0.00      0.00
    0.00      0.00
    0.00      0.00
    0.00      0.00
    0.00      0.00
    0.00      0.00
    0.00      0.00
    0.00      0.00
    0.00      0.00
    0.00      0.00
    0.00      0.00
    0.00      0.00
   77.42    130.71
  129.47    146.17
   19.42    147.05
  166.56    226.23
   53.79     70.11
   63.28     30.75
   62.12     85.30
  112.73     59.39
   32.18      7.60
   48.46     26.88
  136.41    153.76
  107.81     45.10
  149.00    117.21
  105.99     65.54
   74.16     95.15
  118.94     79.86
   21.59     12.30
   36.62     41.83
   36.79     20.99
   21.66     36.37
   24.27      5.57
   57.70     46.72
   69.47     38.00
    4.97      2.11
    0.87      1.31
    1.38      1.31
    1.37      2.10
    1.44      0.00
    2.75      0.65
    2.03      5.50
    1.31      0.65
    3.40      2.82
    2.17      2.09
    2.10      1.31
    0.72      0.72
    0.00     15.11
    1.31      0.72
   17.35      1.44
    0.00      0.00
    0.00      0.00
    0.00      0.00
    0.00      0.00
    0.00      0.00
    0.00      0.00
    0.00      0.00
    0.00      0.00
    0.00      0.00
    0.00      0.00
    0.00      0.00
    0.00      0.00
    0.00      0.00
    0.00      0.65
    0.00      0.00
    0.74      0.00
    0.00      0.00
    0.00      0.00
    4.46     31.91
    3.47      5.50
   47.96     21.28
    3.40      2.81
    2.82      2.09
   30.97     49.14
   19.91     38.84
   53.04     64.59
   21.23      5.49
   19.25     33.00
   51.91     24.73
   25.21     27.62
   22.39      9.18
   37.19     34.43
    4.84      6.08
    6.02      7.60
    6.36     17.21
   34.79     19.69
    0.72      0.00
    2.75      1.38
    0.00      1.37
    1.31      0.72
    1.37      2.09
    1.37      2.03
    0.00      0.00
    1.31      2.68
    2.82      2.10
    1.96      2.75
    3.47      2.82
    1.44      0.00
    0.00      1.31
    2.12      0.65
    0.72      0.00
    0.00      0.00
    2.10      0.72
    0.00      0.00
    0.00      0.00
    0.00      0.00
    0.00      0.00
    0.00      0.00
    0.00      0.00
    0.00      0.00
    0.00      0.00
   15.61     26.50
   79.90    114.61
   96.26    150.39
  167.59    234.86
   62.15     56.58
   54.43     12.08
   45.43     25.43
   17.28      8.31
   55.38     82.15
   30.80     11.71
   88.32     46.53
  122.93    102.64
   67.17     52.99
   67.03     56.76
   77.54     46.82
   72.91     66.32
   96.08     57.76
   46.22     77.05
   32.60     28.19
   65.78     38.02
   22.66     19.90
   36.71     20.16
    3.47      4.64
    7.46      6.99
   37.50     35.38
    5.56      2.75
    1.37      2.09
    0.72      0.65
    0.72      1.31
    1.37      0.72
    0.72      0.65
    1.44      0.00
    1.31      2.03
    1.37      2.09
    1.31      2.03
    2.75      2.81
    1.37      1.37
    7.27      2.10
    2.75      1.44
    2.85      0.72
    4.88      1.37
    2.70      0.00
    2.35      0.00
    0.65      0.00
    3.70      0.72
    0.00      0.00
    0.00      0.00
    0.00      0.00
    2.05      0.00
    0.00      0.00
    0.00      0.00
    0.00      0.00
    0.00      0.00
    0.00      0.65
    0.00      0.00
    0.74     14.37
   15.68      2.09
    6.21      6.22
    2.75      3.40
    4.12      2.03
    0.72     60.84
   63.14      4.26
   16.32     17.96
   16.94     22.10
    9.10      7.45
    6.36     46.87
   48.66     36.14
   36.36     19.43
   35.29     39.16
   19.06      9.69
   21.75     52.73
   11.85      7.01
   19.77      4.25
   19.25      3.99
    2.75     21.14
   41.13     24.20
    4.98      2.81
    3.47      2.10
    2.03      1.38
    0.72      0.72
    1.31      0.72
    1.37      1.44
    0.00      0.65
    0.00      1.31
    0.00      0.00
    1.37      1.96
    4.12      2.16
    2.09      3.40
    0.00      1.96
    2.84      0.72
    3.47      2.03
    1.44      1.44
    0.00      0.00
    1.44      0.00
    0.00      0.65
    0.00      0.00
    0.00      0.00
    1.37      0.72
    0.00      0.00
    0.00      0.00
   15.44      0.72
  139.48    259.59
   63.05     89.45
   94.33    205.35
   61.91     53.96
   14.62     13.20
   40.84     53.60
   26.07     31.97
   18.27      4.19
  131.97     82.33
   32.90     23.75
  128.38    219.75
  174.35     98.21
  128.12    137.36
  184.39     65.08
   83.12    100.65
   47.90    103.26
  111.85     51.77
   71.06     52.01
   49.33     28.32
   24.33     25.74
   36.25     37.55
    9.68      5.56
    3.53     32.30
    3.40      3.47
   18.37     22.55
   38.65      6.28
    6.28      5.56
    4.12      2.82
    1.37      1.37
    0.72      1.96
    2.09      0.72
    0.00      0.00
    2.16      0.00
    0.00      0.00
    0.65      2.03
    1.31      1.37
    1.37      2.09
    1.37      0.72
    2.75      1.37
    1.31      2.82
    0.65      2.03
    2.09      0.72
    3.40      2.82
    0.00      0.00
    0.00      0.00
    0.72      0.00
    0.00      0.65
    0.00      0.00
    0.00      0.00
    1.37      0.72
    2.05      0.65
    0.65      0.00
    0.74      0.74
    0.00      0.00
    0.00      0.00
    3.40      2.75
    4.12      4.84
    2.03     18.40
   20.56      3.48
    1.44      2.10
    2.37      2.50
    1.37     32.73
   32.13      4.14
   51.49     67.42
   50.56     50.19
   21.39     33.91
   34.30     35.59
   35.57     37.18
   49.93     36.88
   19.50     24.77
   33.81     20.61
    9.03      6.87
    5.42      4.92
    4.84      4.84
    2.81      0.65
    3.40      6.01
    3.47      7.45
    6.66      6.28
    5.70      2.82
    7.66      2.82
    0.00      1.37
    1.37      0.72
    1.31      1.44
    0.72      0.00
    0.00      1.31
    0.00      0.00
    0.65      1.37
    1.37      0.65
    1.95      2.03
    0.72      0.65
    2.68      1.44
    2.78      2.75
    1.37      1.96
    0.72      0.72
    1.37      0.72
    3.47      2.09
    0.00      0.00
    0.72      0.00
    0.00      0.00
  125.67    170.12
   68.29     96.02
    6.16    151.18
   74.29    101.84
   75.91     76.81
   51.70     51.81
   38.22     15.75
    2.10      2.82
   61.78     24.64
   40.98     40.51
   17.20     28.51
  207.26    170.20
    8.31      5.81
  162.40    215.79
  212.53     73.50
  170.08    177.05
  109.81     81.49
   33.98     24.90
   94.69     61.47
   64.03     58.82
   21.56     21.25
   54.51     24.22
   20.90     20.11
    4.85      3.41
    3.41      4.13
    4.78      4.26
    2.68      2.68
    3.54      3.47
    2.61      5.43
    6.74      9.68
    5.57      2.75
    4.19      2.16
    3.50      3.33
    1.37      0.72
    0.72      0.00
    2.17      0.00
    0.00      0.00
    0.65      0.65
    1.37      2.10
    0.65      0.72
    0.00      0.65
    0.72      1.31
    1.31      0.00
    2.75      2.16
    1.37      2.10
    1.31      1.31
    0.72      2.10
    0.65      0.72
    2.75      2.09
    0.72      0.00
    0.00      0.65
    0.72      0.00
    0.74      0.00
    0.00      0.65
    0.00      0.00
    1.31      1.37
    6.15      5.56
    2.75      2.75
    2.81      2.68
    2.75      2.82
    1.37      2.03
    6.36      1.37
    4.40      2.16
   19.98     33.87
   21.29     38.32
   11.33     51.24
   38.66     33.22
   23.83     36.25
   34.05     64.62
   52.94     38.43
   22.68      5.70
    6.03     38.88
   23.22      9.32
   36.55      4.84
    1.37      2.03
    4.12      2.68
    3.47      2.75
    4.12      4.84
    2.09      2.75
    3.47      4.05
    2.75      3.99
    5.29      7.66
    7.73      3.47
    2.82      2.10
    2.03      2.10
   11.26      2.16
    1.44      0.00
    1.83      0.65
    1.88      1.38
    0.00      0.65
    0.00      0.00
    3.87      0.72
    0.72      0.65
    0.00      1.31
    0.72      0.65
    0.00      0.65
    2.75      2.10
    1.37      1.37
    0.65      2.03
    1.44      0.00
  163.36    268.80
   83.48     50.23
   91.34    162.24
   85.29     69.67
   45.78     17.05
   14.81      3.48
    4.84      5.43
    8.25      3.47
   69.61     35.50
   80.24     61.34
   57.97     30.95
   94.10     75.61
   28.58     23.85
   55.82    110.08
   67.74     47.79
   59.41     28.32
   31.15     51.25
   84.55     65.93
  110.93     81.29
  109.78    133.47
   40.55     31.60
  105.59     37.94
   10.55      9.77
   22.58     20.73
    6.87      4.29
   17.27      2.10
    2.68      2.75
    1.44      2.75
    4.71      4.19
    3.47      2.82
    0.65      1.31
    2.68      8.10
    5.36      6.29
    7.01      2.10
    3.54      4.05
    1.96      3.47
    5.13      0.00
    5.66      0.65
    3.68      0.72
    1.44      0.00
    3.72      1.37
    4.07      1.44
    2.63      0.00
    0.65      0.72
    0.72      0.00
    4.34      0.72
    0.00      1.31
    2.78      0.00
    4.98      2.10
    2.09      1.44
    8.30      2.03
    6.30      1.31
    3.94      0.00
    3.49      2.11
    1.40      1.44
    4.05      2.75
    4.84      4.84
    1.37      2.09
    2.09      3.33
    2.75      2.09
    7.50      1.37
    2.03      1.37
    0.65      1.44
    3.39     33.57
   34.81     36.03
   39.66     24.86
    7.79     32.62
   20.53     19.94
   52.98     50.15
   20.36     22.20
   46.70     52.40
   52.55     51.79
   24.01     23.31
    6.73      7.07
    4.84      6.07
    4.18      3.46
   17.86      2.09
    0.72      1.30
    4.19      4.05
    3.27      3.47
    3.61      1.44
    0.72      2.61
    1.96      2.82
    4.12      5.36
    4.64      6.29
    7.08      2.10
    2.03      2.10
    3.33      4.25
    1.37      0.72
    1.44      0.65
    0.00      0.65
    0.65      2.03
    0.72      0.00
    1.38      0.65
    1.44      0.72
    2.09      0.65
    0.00      0.00
    0.00      0.00
   47.53     27.15
  100.59    122.48
   30.98    155.10
   38.06    143.21
   30.98    113.74
   57.89     89.09
   74.72    115.37
   43.34     78.11
   57.19     66.67
   36.07      2.09
   24.77     30.36
   56.44     43.85
  102.43     44.17
  116.88    106.12
   62.47     56.47
  120.47    126.25
  156.15    111.92
   48.56     89.99
  135.04     58.13
   41.40     62.15
   60.96     24.58
   38.91     40.84
   12.70     37.71
   66.85     44.81
   33.00     26.62
   38.95     20.06
    7.74      4.98
    2.03     17.79
    3.55      2.16
    2.81      2.10
   16.48      2.03
    4.05      5.50
    4.19      2.88
    0.72      0.00
    0.65      1.96
    1.96      3.47
    3.40      7.45
    5.46      4.84
    7.01      3.40
    2.10      2.10
    1.37      2.03
    3.54      0.72
    0.72      0.00
    0.72      0.65
    0.65      0.72
    1.96      2.10
    0.65      1.44
    8.66      0.00
    3.61      0.00
    0.65      0.72
    0.00      0.00
    0.00      0.00
    0.65      0.65
    0.74      2.03
    0.65      0.00
    1.31      2.82
    6.15      3.47
    3.47     19.87
   17.92      3.47
    1.31      1.96
    6.22      4.91
    2.10      2.10
    0.65      1.37
    2.09      0.72
    0.65      2.03
    3.39     19.08
   80.24     63.78
    6.16     23.67
   24.72     36.50
    6.07      4.84
   37.32     68.29
   35.67      6.42
   27.56     34.81
   22.95     34.91
   51.66     25.71
    9.60      8.90
   19.74     22.76
    8.51      2.81
    2.09      2.03
    2.75      2.75
    0.65      1.37
    2.16      2.61
    5.43      4.77
    2.81      2.16
    2.82      1.37
    0.00      0.00
    1.31      1.96
    2.68      6.15
    5.53      6.63
    7.07      2.82
    4.05      2.82
    2.03      2.16
    0.65      1.37
    2.10      0.65
    0.00      2.03
    0.72      1.31
    0.65      0.00
    2.16      1.37
    1.37      0.72
   16.26     27.87
  124.48    199.28
   15.62     92.95
   41.43    193.73
   70.55    108.39
   56.20     55.40
   47.37     40.13
   31.46     32.52
   25.04     32.16
   16.35     19.10
   48.84     35.22
   79.71     45.72
   72.76     51.10
  107.21     98.66
   83.50     58.27
  115.91    121.89
   57.15     46.30
   84.39    100.58
   70.55     42.25
   66.15     43.60
   37.21     37.46
   38.28     31.66
   20.64     67.20
   87.62     77.61
   41.14     53.59
   86.97     35.06
   21.36     11.59
   10.20      6.29
   22.59     21.82
    2.68      1.37
    1.44      2.10
    2.75      2.10
    1.37      0.72
    1.37      3.33
    6.08      5.56
    2.09      1.44
    2.10      0.72
    0.65      1.37
    0.00      1.96
    2.68      2.75
    4.78      7.46
    4.06      6.22
    5.63      0.72
    2.16      0.72
    2.75      2.03
    0.00      0.72
    0.72      0.65
    1.38      1.38
    3.40      2.82
    0.65      0.72
    0.00      0.00
    0.00      0.65
    0.72      0.65
    1.39      0.72
    0.72      0.65
    0.00      0.00
    1.96      2.82
    6.22     19.21
   16.46      2.82
    2.75      2.75
    2.75     20.35
    6.11      2.82
   16.51      2.16
    2.10      2.03
    1.37      1.37
    2.03     16.41
   18.92      8.26
   22.50     63.12
   19.96      6.87
   51.41     37.06
   10.19      8.89
   22.78     38.23
    6.81      6.22
   24.03     51.02
   17.20     35.62
   53.40     36.86
   20.51     20.75
   22.61     12.29
   47.72     43.33
   41.53     10.30
   10.61      7.71
    3.47      3.40
    3.50      3.54
    1.44      1.31
    2.82      3.98
    5.43      4.26
    2.09      1.31
    2.82      1.37
    0.72      0.72
    0.65      1.37
    2.68      3.40
    2.75      5.36
    3.99      4.98
    7.01      2.75
    4.27      2.88
    0.00      0.00
    1.38      1.38
    0.65      1.37
    0.72      3.26
    0.65      0.72
   80.12     80.31
   66.68     86.26
    0.72    206.37
   87.99    137.37
   53.21    107.00
   14.20     36.22
   49.29     66.27
   93.79    114.06
   69.24     61.25
   47.55     38.88
   40.58     25.51
   67.11     69.14
   49.56     39.30
  107.64     49.94
   34.88     23.21
   20.50     32.85
   48.21     60.21
  117.69     98.26
    4.67     52.00
  130.50     99.98
  109.21     39.27
   51.45     31.58
   41.29     15.72
   35.83     38.71
    9.69     33.97
   73.59     58.21
   63.68     18.62
   10.84     24.66
   10.27      8.38
   25.70     19.94
   20.87      2.10
    5.68      3.47
   16.55     15.18
    1.31      2.10
    2.03      2.10
    1.96      4.71
   34.05     24.95
   32.96     16.54
    4.08      0.00
    8.72      2.75
    0.00      0.65
    7.42      4.12
    8.53      3.40
    3.34      5.36
    7.22      4.26
    1.37      0.65
    2.82      1.44
    0.65      1.37
    0.72      0.00
    1.37      0.65
    4.06      2.81
    2.03      4.12
    0.72      0.00
    1.46      0.00
    0.72      0.00
    0.65      0.00
    4.05      4.77
    2.75      3.47
    1.37      1.37
    2.03      3.47
    2.82      2.68
    4.06      3.54
   15.10     15.83
    2.75      2.75
    2.09      1.37
    3.99     18.51
   21.85      6.08
    7.62      4.85
   23.77     33.46
    5.58     21.27
   53.67     36.14
   26.80     21.32
   10.23     26.09
   40.18     36.62
   23.43      9.76
   34.80     35.63
   23.96     37.18
   34.67     19.36
   26.28     10.27
    8.56      8.39
    7.01      5.50
    6.18      2.09
    5.78      2.82
    2.62      1.29
   16.24     15.51
    2.90      0.00
    1.96      5.30
    4.05     17.91
   19.12      3.54
    2.82      2.03
    1.37      1.37
    2.03      0.72
    2.10      4.06
    1.96      1.44
    2.75      6.74
    4.72      3.54
    5.63      2.16
    1.37      0.72
    0.65      0.65
   31.13      2.78
  102.58    221.21
   71.98     77.01
    1.37    181.85
   55.52     82.29
   23.22     22.92
  112.85     91.82
   20.96     59.74
   52.19     22.68
   79.24     39.27
   34.51     22.47
   33.34     17.87
  115.99     72.66
   72.90     45.07
   32.41     30.79
   60.77     77.07
   76.41     27.23
   56.94     76.62
   78.79     61.69
  129.16     80.89
   19.56     70.87
   74.78     51.74
   79.22     41.98
   24.88     29.14
  117.45     88.73
   24.77     36.47
   52.11     54.45
   98.29     48.12
   38.33     27.79
    6.94     24.01
   39.87     21.67
   20.03      5.43
    4.91      3.54
    4.11      3.40
    2.75      2.16
   15.72     15.79
    1.31      1.44
    1.37      1.96
    2.09      3.40
   16.74     16.88
    6.21      3.53
    1.37      2.75
    2.75      2.82
    0.65      1.38
    1.44      1.31
    2.68      2.10
    3.47      7.39
   11.03      3.54
    4.98      1.37
    5.94      0.72
    0.00      0.00
    1.31      0.65
    0.00      2.75
    2.77      1.44
    1.37      1.37
    0.65      1.37
    2.61      4.12
    4.84     18.57
   17.20      2.82
    3.54      1.37
    0.65      1.96
    4.85      2.82
    1.37      2.10
    0.65      0.00
    0.65      2.75
   19.11     18.54
    4.13      3.40
    6.92      5.43
   36.40     61.64
    4.61      3.99
   25.27      8.38
   23.81      6.94
   22.96     17.26
    6.74     10.48
   22.61     19.85
    9.18     39.58
   36.56     25.14
   60.44     66.92
   26.13     24.03
   36.49      6.38
   11.11     26.01
   21.44      5.00
   47.82     27.38
   48.90     31.45
    5.51      5.50
    2.75      3.47
    2.16      0.00
   16.61     15.11
    2.75      2.75
    3.47     17.09
   16.37      4.77
    4.19      2.75
    0.65      2.68
   10.58      0.72
    4.12      2.89
    4.24      0.65
    1.31      2.03
    3.36      2.75
    3.40      5.43
   36.10     28.76
   48.39     52.32
   18.07    106.13
   55.00    183.51
   14.43     39.34
   77.16    105.42
   34.23     72.43
   23.21    152.94
   96.18    111.01
   48.37     63.42
  109.44     22.73
   76.02     11.80
   23.38     10.83
   55.51     40.30
    7.75      4.10
   33.30      4.87
   56.44     43.62
   58.31     20.31
   92.62    102.90
   35.41      5.60
   44.50    130.79
  101.79     76.24
   64.49     63.93
   53.72     21.88
   93.53     48.37
    8.31      6.63
    9.56     11.08
   10.48     35.34
   67.68     71.46
   32.12     54.11
   34.23     20.45
   10.29      7.74
   28.50      9.83
    4.12     19.10
    5.57      4.91
    4.41      1.37
   15.76     16.48
   19.11     17.86
    2.12      1.44
    0.00      1.31
    4.11      3.47
   17.91     17.92
    2.68      2.03
    2.82      2.82
    2.68      4.78
    0.00      0.65
    3.47      2.09
    5.95      0.00
    5.43      2.03
    6.79      4.06
    3.98      4.12
    4.84      2.81
    6.20      1.31
    2.77      1.44
    1.39      0.74
    0.00      0.00
    2.61      4.85
    8.93      5.57
   17.42     17.87
    3.54      2.10
    3.47      1.31
    6.40      2.68
    6.91      4.85
    1.44     15.11
   16.63      0.74
    4.06      2.75
   15.70     20.03
    3.47      2.68
    5.57      4.13
    2.17      2.68
    3.47      4.06
   13.91     48.70
   31.61     18.47
   51.24     49.10
   38.07     27.63
    6.36     17.14
   20.50      7.60
   30.45     12.44
    9.62     24.15
   39.18     38.61
    4.78      6.15
   21.20      5.63
   22.91     25.67
   36.82     27.26
   27.67      6.87
   12.09     20.01
    5.50      2.89
   17.05     16.19
    2.03      2.75
    1.85      0.00
   40.90     38.41
   22.88      9.55
   14.14      8.51
    2.20      4.70
    4.81      4.85
    2.82      0.72
    4.34      2.10
    3.33      2.92
    0.65      1.31
    0.64      3.33
  118.40    148.18
   34.55     81.54
   24.18    183.26
   46.68    151.82
   42.67     47.58
   49.73     52.34
   93.16    111.60
   10.46     15.06
   61.33     32.66
   33.64      4.07
   40.11     44.67
    6.87      4.19
   46.36      8.85
   41.57     23.23
   68.00     27.11
   39.87     29.03
  104.43     72.41
   85.90     52.46
   90.70     77.70
   39.52     28.92
   59.09     40.24
   93.42     58.46
   57.24     67.80
   53.35     83.28
  123.89     86.29
   98.70     69.83
   94.60     48.36
   53.71     30.57
   80.16     40.32
   23.05     27.09
   34.73     26.48
    9.78     23.00
   46.90     57.87
   16.63     10.34
    6.31      5.52
    6.15     20.54
    7.62      5.67
   18.15      1.44
    3.36     16.86
   17.22      2.10
    5.50      1.43
    8.04      3.40
    2.10      1.96
    6.34      3.54
    6.32     15.69
   19.16      4.91
    3.47      3.49
    1.39      0.65
    2.82      2.12
    1.37      0.74
    0.00      2.61
    2.68      2.05
    2.13      4.80
    3.56      2.70
    4.82      3.60
    4.90      0.72
    4.80      6.24
    3.40      1.44
    2.03      3.47
    0.72      0.72
    1.96      2.68
    4.84      4.12
    0.72      2.10
    2.10      1.38
    2.75      1.31
    2.03      1.44
    5.69      3.40
    8.35      7.53
   52.26     49.38
    8.24      2.68
    8.21      4.13
    4.71      4.92
    0.72     16.31
    3.46     16.47
    6.01     21.87
   36.33     52.76
   35.53     34.63
   38.02     20.60
   24.56     29.44
   41.82     10.24
   40.47     52.73
   25.60      6.89
   21.03     21.22
    5.52     22.71
   24.08      8.45
    6.96      4.87
    5.50      7.39
    4.78     20.43
   20.06      0.72
    4.21     17.98
   16.56      3.41
    0.65      1.37
    4.21      2.10
    1.43      1.96
    2.68      2.82
    1.44      2.61
   18.94     19.74
    3.40      2.12
    3.49      2.75
   99.79     83.20
   53.68    158.28
   32.67    151.12
    4.22    130.02
   29.65     90.20
   25.39     52.28
   65.22     70.21
   71.04    109.59
  113.09     89.61
   34.74     25.45
  106.32     43.47
   55.55     26.99
    3.33     11.92
   56.34     47.08
   30.55     14.08
   91.63     78.07
   23.99     25.48
    1.41     39.34
   94.05     37.80
   82.97     47.44
  125.74    115.15
   20.29     30.01
   51.52     75.55
   80.08     20.35
  117.70     82.26
   60.33     48.12
   52.02     46.33
  138.28     66.84
    8.31     40.52
   34.96     39.39
   67.20     45.95
   38.33     24.33
   37.38     22.99
   20.68     21.27
   10.36     22.35
   18.99      8.32
    7.70      5.52
    6.22      5.36
    7.48      5.70
   19.25     18.53
    1.44      2.03
    2.03      0.00
    3.42      4.97
    3.35      3.47
    2.16      2.03
    3.42      2.10
    1.37      1.44
    0.72      1.31
   25.72     19.15
    7.60      3.63
    2.18      1.37
    0.00      0.00
    0.00      1.96
    2.12      2.05
    2.12      2.72
    1.31      2.05
    8.28      8.28
    8.22      3.40
    1.37      6.41
    5.78      2.68
    1.31     15.10
   17.93      4.78
    4.19      2.82
    1.37      0.72
   16.42     18.58
    2.03      1.37
    4.19      4.12
    2.68      3.40
    2.82      2.75
    4.18     17.76
    5.43      5.43
   21.02     18.33
    3.98      7.66
    2.75      2.09
    4.12     17.15
    4.76      5.56
   21.79     50.57
    3.46     50.68
   35.73      5.57
   41.76     40.89
   21.38      8.91
    8.20     21.88
    4.71     50.77
   21.94      8.32
   23.18      7.73
   20.01     19.86
   21.96      8.27
    8.94      6.33
    4.60      6.74
    7.56      6.87
   19.97     18.82
    4.27      1.38
    1.40      1.31
    1.38      1.31
    1.96      4.13
   30.69     25.45
   24.95      2.10
    7.26     21.24
    6.61      2.69
   68.60    106.21
   67.36    110.68
   34.63    157.09
   38.86     74.10
   27.71    105.89
  126.21    146.21
   12.69     54.87
   14.23     61.83
   25.60     45.89
   69.53      4.12
   30.97     41.00
   47.55     51.46
   56.04     29.85
   63.44     38.77
   32.66     16.67
   55.22     54.31
   64.02     60.34
   84.79     64.85
   36.08     38.82
   94.06     67.29
   98.78     75.38
  124.50     84.20
   77.19     42.92
   45.90     77.38
   18.95      1.34
   31.43     70.13
  176.92     51.75
   34.98     27.36
   18.64     21.87
   36.86     38.65
   45.98     45.83
   13.18     22.40
   73.61     43.62
   67.26     45.98
   42.61     27.43
   24.19     36.43
    8.64     18.46
   35.04      6.93
   33.82      5.59
    4.80      7.48
    8.22      7.05
    4.12      4.12
    7.05      4.12
    2.03      1.46
    2.12      0.65
    2.75      2.84
    2.68      4.13
    1.38      2.03
    4.64      5.02
    2.84     14.46
   14.38      2.10
    2.12      2.03
    2.03      1.39
    3.42      2.84
    2.14      1.39
    0.00      0.74
    2.68      6.08
    5.50      4.78
    4.09      3.58
    4.19      4.10
   10.78      2.12
    4.84      5.40
    6.42      3.49
    5.49      2.75
    1.44      2.16
    1.38      2.03
    4.85      4.06
   17.69     19.35
    2.03      3.40
   18.50     17.26
    4.78      6.15
    4.26      3.40
    5.57      3.34
    6.02      4.26
   17.86     21.55
    4.78     16.96
    5.04      4.12
   38.28     22.05
    7.53      8.90
   10.26     24.04
   13.93     50.00
    5.50     24.63
   27.61      7.04
   23.82     21.20
   34.20     64.31
   36.58     23.09
    8.70      9.17
   21.99     20.15
   27.47      4.85
   17.11      6.25
   10.05      6.15
    9.73      5.54
   10.32      7.61
    7.85      0.72
    3.42      3.47
    0.72      2.61
    2.03      2.77
    5.02      1.37
    1.96      3.40
    2.82      2.75
  110.31    167.98
   17.44     55.56
   19.83    211.15
   21.87     49.28
   88.99    124.61
   56.65     54.45
   38.33     61.09
   34.05     40.25
   87.54     82.43
   11.94      5.65
   14.61     14.47
   34.51      4.66
   58.58     26.44
   11.71     40.52
   39.57     44.61
   11.38      1.92
   65.16     73.98
   24.71     17.48
   69.87     46.15
   21.47     49.07
   72.54     96.73
  101.87     46.97
   75.77     58.87
   79.79     76.17
   94.99     53.93
   10.47     35.91
   19.65     33.62
   78.64     15.56
   32.78     53.67
   33.00     40.51
   46.22     28.14
   20.76     27.39
   40.09      8.91
   34.48     36.70
   34.12     52.05
  115.42     38.98
   17.66     47.88
   24.81     23.51
    4.55     16.11
   23.56      4.21
    8.72      8.90
   21.78      7.03
    6.32      2.61
    4.84      4.90
    4.32      1.47
    2.03      1.37
    2.05      3.40
    4.73      2.18
    5.74      4.07
    4.14      3.63
    9.85      1.37
    4.84     17.67
   22.25      2.84
    2.85      2.11
    3.33      2.22
    3.99      6.32
    4.86      4.77
    2.05      1.44
    3.49      4.57
    0.72      1.46
    2.11      1.96
    5.56      4.14
    4.88      3.51
    1.46      2.68
    2.68      2.86
    3.51     16.40
    5.51      4.85
   16.45      4.18
    3.33      3.40
    6.80      5.57
    1.38      5.50
   19.91     17.74
    2.89      2.03
    6.67      5.63
    2.75     17.92
    7.40      2.82
   36.04     21.68
   24.00     36.99
   26.24     22.20
   25.84     25.06
   24.49     21.33
    7.52      6.87
   21.39     23.72
    7.53      6.96
    9.71     21.09
   23.98     51.41
   35.39     24.04
   24.36     23.96
   12.00      2.17
    6.36      3.42
    5.30      4.15
    7.83     21.12
   11.56      4.93
    6.36      4.19
   17.03      4.80
    2.79      3.51
    4.93      3.42
    0.72      0.65
   72.71     75.63
   48.53    107.60
   63.17     94.76
    3.45    168.63
   35.39     80.78
   62.18    101.33
   29.23    107.31
   97.43    167.84
   45.69     59.44
   91.94     93.71
   51.63     47.38
   37.88     28.86
   53.33     18.56
   34.26     63.57
   42.89     39.51
   67.49     42.19
    2.03      2.11
    6.05     20.82
   11.75      4.19
   77.45     50.42
   53.55     51.76
  105.49     79.06
   92.43     67.36
   58.34     84.62
   80.35     45.09
   61.75     53.15
   85.20    108.85
   61.58     22.08
   92.51     85.89
   85.74     21.08
   24.89     58.55
   61.37     10.10
   85.02     57.53
   48.19     47.85
   71.28     37.96
    8.17     10.27
   21.06     36.11
   45.67     40.57
   39.95     22.05
   35.77     12.33
    6.14      7.41
   41.69     19.95
   18.54     16.46
    7.41      8.27
   21.79     19.95
    2.16     17.21
    2.75      2.77
    6.26      5.50
   15.18      0.72
    4.12      3.49
    4.09      2.22
    0.00      2.05
    4.08      4.06
    2.82      4.12
    2.03      1.46
    3.51      3.35
    4.73     19.95
   21.95      4.19
    2.75      2.93
    3.40      4.71
    1.46      2.12
    3.42      4.10
    3.58      5.36
    2.75      1.38
    3.63      1.40
    3.41      2.77
    3.56      2.68
    1.31      2.75
    6.83      7.66
    2.86      2.75
    6.24      4.19
    2.03      2.10
    2.03      3.99
    4.85      5.43
    2.75      2.10
    7.32      6.43
    3.40      4.19
    4.84      2.82
    2.67     49.31
    8.03      5.50
   24.20     26.95
   13.99      9.55
    4.26     19.81
   30.40     37.29
   21.01     20.65
   18.98     19.88
   23.11     19.85
   36.16     50.70
   36.16     25.55
   10.43     11.09
    5.57      4.92
   22.32     32.13
   18.59     18.73
   18.64      5.38
   19.73     21.10
    7.07      2.12
    4.78      3.54
    6.62      4.82
    4.24      0.65
   77.50    106.46
   59.22     49.81
   19.66    105.53
    7.77    148.41
   41.76    131.41
   23.90     25.69
   81.52    146.96
   27.34     30.84
   62.54    130.15
   25.56      4.95
   71.50      2.74
    9.52      1.46
   78.45     94.34
   19.95      4.87
   83.79     39.52
   27.15     18.33
   23.25     12.85
   27.95     38.37
   61.90     28.89
    6.31     29.18
   37.20     30.68
   45.13     21.49
   37.45     17.48
   50.89     59.67
   81.82     41.72
   53.26     64.02
   80.33     69.10
   28.33     66.58
   45.68     47.59
   36.85      6.45
  115.18     53.22
   92.01     34.07
   47.68     48.45
   43.46     38.88
   24.95      8.85
  112.94     76.88
   27.93     15.06
   22.15     23.40
   42.08     25.35
  108.74     67.25
   37.74     14.69
   57.08     54.04
   32.64     18.00
   35.38     51.44
   21.44     23.57
   23.87     21.75
   26.06      7.71
   19.26      3.47
    4.79      2.82
    1.44      0.74
    4.02      0.72
    4.01      2.75
    4.49      2.86
    4.03      2.68
    2.68      3.49
    5.52      4.73
    6.18      6.40
    6.23      4.87
    3.35      2.75
    2.68      6.17
    4.20      2.84
   11.80      1.39
    4.27      3.41
    6.15      6.26
    2.19      3.99
    2.77      2.77
    2.18      1.31
    3.47      2.11
    6.26      4.80
    3.49      4.14
    3.42      3.40
    4.80      3.47
    2.82      4.14
    3.51      3.33
   18.59     17.20
    2.68     17.13
   18.20      5.05
    5.36      4.78
   20.25     19.95
    2.10      5.43
    8.76      8.34
    6.16      6.95
    6.15      8.18
    8.25      8.18
    8.32      4.91
   36.45     34.95
    3.47     20.82
   37.43     52.37
    6.74     19.95
   42.59     22.79
   53.70     55.43
   39.92      8.92
   20.55      6.28
    6.36      3.47
    2.75     16.55
   19.65     35.51
    5.52      6.83
    7.00     19.24
   20.09      2.81
    1.11      0.00
    0.00      0.00
    0.00      0.00
    0.00      0.00
    0.00      0.00
    0.00      0.00
    0.00      0.00
    0.00      0.00
    0.00      0.00
    0.00      0.00
    0.00      0.00
    0.00      0.00
    0.00      0.00
    0.00      0.00
    0.00      0.00
    0.00      0.00
    0.00      0.00
    3.87      0.00
    3.03      0.00
    3.16      0.00
    3.10      0.00
    0.00      0.00
    3.11      0.00
    0.00      0.00
    0.00      0.00
    0.00      0.00
    0.00      0.00
    3.45      0.00
    1.31      0.00
    0.00      0.00
    1.90      0.00
    3.15      0.00
    2.48      0.00
    0.00      0.00
    0.00      0.00
    0.00      0.00
    0.00      0.00
