      h_eth1      
 KB/s in  KB/s out
    0.00      0.00
    0.00      0.00
    0.00      0.00
    0.00      0.00
    0.00      0.00
    0.00      0.00
    0.00      0.00
    0.00      0.00
    0.00      0.00
    0.00      0.00
    0.00      0.00
    0.00      0.00
    0.00      0.00
    0.00      0.00
    0.00      0.00
    0.00      0.00
    0.00      0.00
    0.00      0.00
    0.00      0.00
    0.00      0.00
    0.00      0.00
    0.00      0.00
    0.00      0.00
    0.00      0.00
    0.00      0.00
    0.00      0.00
    0.68      0.00
    0.00      0.00
    0.00      0.00
    0.00      0.00
    0.00      0.00
    0.00      0.00
    0.00      0.00
    0.00      0.00
    0.00      0.00
    0.00      0.00
    0.00      0.00
    0.00      0.00
    0.00      0.00
    0.00      0.00
    0.00      0.00
    0.00      0.00
    0.00      0.00
    0.00      0.00
    0.00      0.00
    0.00      0.00
    0.00      0.00
    0.00      0.00
    0.00      0.00
    0.00      0.00
    0.00      0.00
    0.00      0.00
    0.00      0.00
    0.00      0.00
    0.00      0.00
    0.00      0.00
    0.00      0.00
    0.00      0.00
    0.00      0.00
    0.00      0.00
    0.00      0.00
    0.00      0.00
    0.00      0.00
    0.00      0.00
    0.00      0.00
    0.00      0.00
    0.00      0.00
    0.68      0.68
    0.00      0.00
    0.00      0.00
    0.00      0.00
    0.00      0.00
    0.00      0.00
    0.00      0.00
    0.00      0.00
    0.00      0.00
    0.00      0.00
    0.00      0.00
    0.00      0.00
    0.00      0.00
    0.00      0.00
    0.00      0.00
    0.00      0.00
    0.00      0.00
    0.00      0.00
    0.00      0.00
    0.00      0.00
    0.00      0.00
    0.00      0.00
    0.00      0.00
    0.00      0.00
    0.00      0.00
    0.00      0.00
    0.00      0.00
    0.00      0.00
    0.00      0.00
    0.00      0.00
    0.00      0.00
    0.00      0.00
    0.00      0.00
    0.00      0.00
    0.00      0.00
    0.00      0.00
    0.00      0.00
    0.00      0.00
    0.00      0.00
    0.00      0.00
    0.00      0.00
    0.00      0.00
    0.00      0.00
   24.97     53.44
   11.65      1.39
    0.72      0.00
    0.00      0.00
    0.00      0.00
    0.00      0.00
    0.00      0.00
    0.00      0.00
    0.00      0.00
    0.00      0.00
  995.61    872.75
 1002.63    718.76
  521.68    563.47
  584.59    799.43
  456.98    508.43
  400.70    420.44
  469.19    460.74
  454.97    554.88
  507.93    263.78
  473.11    672.97
  315.06    297.20
  219.30    868.41
  586.54    836.21
  259.85    445.73
  486.75    490.18
  380.81    334.21
  323.98    978.61
  182.87    182.59
  405.33    671.11
  246.88    337.50
  401.12    346.06
  394.21    215.92
  260.54    276.35
  303.09    171.03
  377.02    422.62
  230.54    369.82
  359.30    324.00
  268.69    344.48
  206.23    128.21
  328.22    187.75
  244.08    144.55
  171.10    216.45
  226.21    132.25
  172.94    172.24
  223.48     86.46
  219.66    189.52
  155.86     78.59
  226.05    153.72
  241.80    188.88
   88.85    105.87
   85.04     48.86
  165.99     97.07
  110.60     57.72
   69.07    102.05
   54.32     21.35
  142.63    108.13
  189.59     94.65
  193.41     61.68
   26.43     32.05
   35.83     23.30
   68.06     49.45
   32.30     32.60
  101.82     82.20
   61.53     60.81
   59.16     76.18
   45.60     16.54
    0.00      0.00
    0.00      0.00
    0.72      0.00
    0.00      0.00
    0.00      0.00
   28.75     29.61
    1.44     14.37
   72.98     61.07
    2.16      0.00
   14.38     29.82
   46.28     30.97
   16.31      0.72
    0.00     14.37
   29.62     59.39
   59.79     44.24
   29.59     17.25
   29.71     44.23
   16.61      1.44
   29.96     45.35
   14.85      0.72
   15.15     15.09
   14.37     28.80
   45.51     29.72
   29.54     44.62
   59.80     44.40
    0.00      0.72
   44.62     43.23
   29.52     31.61
   30.66     14.84
   15.80     30.25
   59.40     45.39
   14.79     15.59
   18.00     43.89
   30.25     28.80
   28.73     44.67
   30.97     43.89
   43.95     15.87
   45.14      2.88
    1.44      0.00
    0.00     14.37
   30.08     16.50
   30.67     73.34
    0.00     57.88
   30.26     15.14
  105.58     49.81
   76.56     32.52
   76.15     90.88
   32.77     46.31
   93.19     47.78
   31.57     46.74
   15.59      0.72
    0.00      0.00
   14.79     14.85
    0.00      0.00
    0.00      0.00
    0.72      0.00
   29.60     29.72
   17.69     16.25
   44.57     45.49
   16.96     30.59
   32.21     16.18
   14.78     32.44
   15.76      0.72
    0.00     14.79
   30.05     75.13
   61.15     31.74
   15.59     16.23
   44.24     30.30
   16.29     17.15
   15.05     15.51
   29.84     31.10
   15.57      0.72
   14.79     30.36
   30.73     44.92
   29.63     46.53
   31.88      1.44
   45.87     60.49
    0.72     14.79
   75.83     46.64
   16.95     16.23
   29.83     30.56
   16.50      0.00
   75.57     78.02
    0.00     14.79
    3.61      0.00
   59.93     60.05
    0.00     44.38
   16.23     29.64
   61.50     16.29
   60.20     32.18
    0.00      0.00
   16.54     29.95
    0.72      0.00
   31.04     44.09
   31.48     91.23
   45.90     45.83
   32.32     47.98
  153.83     65.31
  109.10    123.25
   30.94     16.54
    0.72     15.71
   32.27      0.72
    0.00      0.72
    0.00      0.00
    0.00      0.00
   14.99     15.04
    0.00      0.00
   29.99     45.10
   32.96     15.87
   30.69     30.09
   16.44     47.20
   33.91      0.74
   31.63     32.88
    0.72      0.72
    0.00     15.00
   30.26     75.95
   31.54     16.44
   31.58     45.71
   29.63     15.73
   31.55     17.98
    0.65     15.72
   31.62     31.50
   30.94      0.72
   15.00     15.78
    0.72     15.00
   61.00     75.70
    1.44     15.72
   61.53     31.65
   15.05     30.71
   15.71     15.05
   31.55     16.43
   60.84     61.61
    0.00      0.00
   17.31      0.72
   60.08     76.05
   14.99     15.70
   32.21     15.77
   16.42     15.05
   15.72     60.04
    0.72     30.00
   45.10     16.50
   46.51     17.95
   45.77     16.50
    0.00      0.72
   32.25     47.33
    0.65     30.72
   34.36     34.41
   62.60    108.21
   47.94     63.79
   47.53     18.66
   94.29     49.00
   30.99     16.55
    0.00      0.72
    0.00      0.00
    1.44      0.00
   15.89      0.72
    0.00      0.00
   15.10     15.16
   30.21     46.16
   33.01     16.59
   15.82     15.90
    1.37     32.24
   17.27     16.55
   32.80     30.77
    0.72      0.00
    0.71     15.09
   17.18     47.38
   16.61     16.56
   31.05     31.66
    0.71     30.22
   17.99      0.72
   15.15     17.19
   16.47     31.62
    1.45      0.00
   30.96     15.87
    0.72     15.10
    1.30     16.54
   30.25     31.50
   30.98     16.53
   30.26     30.26
   30.26     31.70
   15.89     15.83
   31.77      0.72
   30.88     47.55
    0.71      0.00
   17.93     15.91
   30.20     47.62
   31.71     15.81
   30.92     31.77
    2.19      0.00
    1.44     30.21
   15.10     45.36
   31.03     17.20
   15.10     15.16
   33.10     32.06
   31.68      2.09
   30.85     48.25
    4.91     17.78
    4.19     18.56
   32.43     33.38
   33.00     62.63
    1.13     16.16
    2.09      0.00
   20.14      1.44
    2.02      2.82
    0.00      0.00
    0.00      0.00
    0.00      0.00
    1.37      0.72
    1.31      2.03
    2.09      1.44
    1.31      2.09
    2.70      1.39
    1.96      3.54
    1.44      0.72
    0.65      1.37
    0.72      1.31
    2.10      1.37
    0.72      1.31
    2.10      0.72
    0.00      1.96
    1.44      0.00
    0.00      0.65
    2.03      1.37
    1.37      2.10
    2.10      0.72
    0.00      1.31
    1.44      0.65
    0.65     17.07
    2.15      0.65
    0.72      0.65
    0.65      1.37
    2.82      2.03
    0.00      0.65
    2.09      0.65
    2.03      3.47
    0.72      0.00
    2.75      1.37
    0.00      0.72
    2.68      2.03
    0.65      2.16
    0.72      0.00
    1.37      1.31
   15.00     16.51
    4.06      2.89
    0.65      2.68
    2.75      2.10
    2.03      2.75
    6.87      4.19
    2.68      2.82
    1.31      2.75
    1.44      0.72
    1.96      2.75
    2.03      4.12
    0.00      0.65
    0.00      0.00
    2.82      0.72
    2.16      0.00
    0.65      1.36
    0.72      0.65
    2.03      2.03
    1.44      2.03
    1.46      1.31
    0.72      1.30
    2.09      2.03
    2.09      0.72
    1.37      2.03
    2.03      1.44
    1.37      0.72
    1.31      2.09
    1.37      0.00
    0.65      1.44
    0.65      0.72
    0.00      0.65
    0.72      0.65
    2.68      2.75
    0.00      0.72
    2.75      1.44
    0.65      0.72
    1.31      1.37
    0.65      1.44
    0.72      0.65
    1.96      2.81
    2.75      0.00
    0.00      1.44
    0.65      1.37
    0.65      1.37
    0.65      2.03
    2.10      0.72
    2.02      1.37
    0.72      1.37
    1.37      0.65
    1.37      2.75
    0.65      0.65
    4.25      3.40
    2.09      1.37
    0.65      1.37
    2.09      1.96
    6.11      5.56
    2.09     17.74
    2.75      2.75
    2.09      0.72
    2.08      2.03
    1.44      0.65
    0.00      0.00
    2.03     15.06
    2.03      2.82
    1.31      1.44
    0.72      0.65
    2.03      1.44
    0.65      1.37
    3.40      2.10
    2.03      2.18
    0.65      0.72
    1.96      2.16
    0.65      2.03
    1.36      0.65
    2.03      3.47
    2.16      0.65
   15.82     17.20
    2.09      1.37
    0.00      0.65
    1.44      0.65
    0.72      0.00
    1.37      0.72
    0.00      1.31
    1.37      0.72
    2.03      3.40
    0.00      0.65
    2.16      1.31
    0.72      0.00
    2.09      2.68
    0.00      0.65
    2.03      2.75
    2.16      0.00
    1.44      0.65
    0.00      0.65
    1.37      0.00
    1.37      2.10
    1.33      0.72
    1.37      1.37
    0.65      0.72
    2.03      1.44
    2.35      0.65
    1.31      5.50
    3.40      2.82
    3.54      0.65
    1.37      2.75
    4.12      4.77
    2.68      1.44
    2.03      2.75
    2.75     15.89
    2.61      2.82
    0.72      1.44
    0.71      0.00
    1.37      2.03
    0.65      1.37
    0.00      1.31
    0.65     15.17
    2.16      1.31
    2.81      1.37
    0.71      1.29
    3.47      2.68
    2.18      2.03
    1.37      2.03
    2.16      0.00
    0.65      0.72
    0.65      1.31
    4.12      3.54
    1.37      0.72
    1.31      2.09
    1.37      0.00
    0.65      1.44
    0.00      0.00
    0.65      1.37
    0.00      0.00
    1.37      1.37
    0.00      0.65
    3.33      1.44
    1.37      1.44
    1.34      1.44
    0.65      0.72
    0.00      0.00
    1.96      4.12
    2.09      0.72
    2.02      1.44
    0.65      0.00
    0.00      1.37
    0.65      2.03
    0.72      0.00
    2.44      1.85
    0.72      1.31
    1.37      1.37
    1.44      1.31
    2.09      1.37
    2.03      2.09
    1.96      4.77
    2.75      2.75
    4.12      3.47
    2.82      2.68
    2.75      2.03
    2.09      2.09
    1.37      2.68
    2.16      0.00
    1.96      2.16
    1.44      0.65
    0.00      0.65
    0.72      0.00
    1.31      0.72
    2.03      1.44
    1.31      2.82
    2.68      0.72
    0.65      2.09
    1.31      2.83
    2.03      2.10
    1.31      1.44
    1.13      1.06
    1.37      0.65
    2.03      4.11
    2.75      1.37
    2.16      2.03
    4.14      1.37
    0.00      0.65
    1.44      0.00
    0.00      0.65
    0.65      0.00
    0.72      1.37
    1.37      0.72
    0.00      2.61
    0.00      0.65
    2.88      1.31
    0.72      0.00
    1.44      0.00
    0.00      1.31
    1.96      2.03
    1.44      2.75
    2.16      0.65
    0.72      0.00
    0.00      0.65
    1.37      0.72
    2.03      2.09
    0.72      0.00
    0.65      0.72
    1.96      1.44
    1.31      1.37
    0.72      3.40
    2.68      1.37
    2.09      1.44
    4.84      6.15
    2.68      2.75
    2.02      3.47
    1.37      1.37
    2.75      2.10
    1.31      1.44
    2.82      0.65
    0.65      1.44
    1.31      1.44
    2.03      1.44
    0.00      1.31
    0.65      2.03
    0.72      1.31
    2.09      2.03
    3.52      1.30
    2.18      0.00
    2.03      2.68
    2.16      1.37
    0.72      0.65
    0.65      1.37
    1.96      3.47
    2.09      0.00
    1.31      2.75
    4.85      3.54
    1.37      0.72
    0.65      0.72
    0.00      0.00
    0.00      0.65
    0.65      0.72
    1.37      1.37
    0.00      0.00
    2.03      0.00
    1.31      2.88
    1.31      0.72
    0.65      1.44
    0.00      0.00
    0.65      1.30
    0.65      1.44
    3.40      2.82
    1.37      0.72
    0.65      0.72
    0.65      1.37
    0.00      1.31
    1.37      0.72
    1.44      0.65
    1.44      1.96
    1.44      0.65
    2.03      0.72
    1.37      2.68
    1.37      2.10
    4.71      4.91
    2.10      2.03
    2.03      2.75
    0.72      1.31
    2.82      2.68
    2.67      2.03
    3.47      2.82
    1.44      0.65
    1.37      0.00
    0.72      1.37
    1.37      0.72
    0.65      0.65
    1.37      1.44
    2.68      2.09
    2.03      2.16
    2.61      2.18
    0.00      0.72
    1.96      2.82
    1.37      0.72
    1.31      1.37
    1.37      2.03
    1.44      2.03
    0.65      0.65
    2.03      4.05
    3.54      2.75
    2.09      0.72
    0.72      0.00
    1.37      1.37
    0.00      0.00
    0.65      1.37
    1.37      0.72
    0.72      1.96
    0.00      1.31
    2.88      0.65
    0.72      0.65
    1.44      0.00
    0.00      0.65
    0.65      1.38
    1.37      2.03
    1.44      1.31
    0.65      1.37
    2.16      0.65
    1.37      0.72
    0.72      0.65
    2.03      1.44
    1.96      1.44
    0.65      1.44
    2.09      2.03
    0.65      1.37
    0.65      1.37
    4.84      3.40
    2.03      3.48
    1.37      1.37
    2.75      1.44
    1.31      1.44
    0.00      0.65
    1.31      4.05
    2.61      2.87
    2.09      1.37
    2.16      0.00
    0.65      0.72
    1.37      0.72
    0.65      1.37
    2.03      2.68
    0.65      3.40
    2.18      1.96
    2.16      0.00
    0.72      1.96
    3.54      1.37
    1.44      0.00
    0.65      1.37
    2.03      1.44
    1.31      0.65
    0.65      2.10
    1.96      4.19
    2.75      1.37
    2.02      1.44
    1.44      1.37
    0.00      0.00
    0.65      0.65
    2.75      2.09
    0.00      0.72
    0.72      0.00
    2.61      2.88
    0.65      0.72
    1.31      1.44
    0.68      0.00
    0.00      0.65
    0.65      1.37
    2.03      1.44
    2.03      0.72
    0.65      1.37
    1.37      2.09
    0.65      0.72
    1.37      2.03
    1.44      1.96
    1.44      0.65
    2.75      2.10
    0.72      0.65
    2.09      0.65
    1.96      4.84
    2.82      1.37
    2.03      0.72
    1.37      3.40
    1.37      2.03
    0.72      0.00
    0.72      1.31
    2.09      1.31
    0.65      2.09
    1.96      2.75
    3.54      2.09
    2.10      1.37
    0.00      0.00
    1.37      2.03
    3.40      0.72
    0.65      2.18
    1.96      2.16
    3.98      1.44
    0.65      3.54
    2.03      2.09
    0.00      0.00
    1.37      2.03
    1.44      0.65
    0.00      0.65
    1.37      0.65
    2.75      2.75
    2.09      2.09
    0.65      1.33
    0.72      0.72
    0.00      0.65
    2.03      2.75
    1.37      0.72
    1.13      1.72
    0.65      1.30
    3.60      2.03
    0.72      0.65
    0.72      0.00
    0.72      0.65
    0.65      0.65
    0.72      1.37
    0.65      2.03
    1.44      0.00
    0.00      1.96
    2.09      0.72
   37.35     54.99
   18.72     28.62
   43.94     83.20
   23.34     28.68
   15.02      2.16
   48.19     13.31
    2.04      3.32
   28.52     23.31
   32.67     24.73
   54.47     28.22
   68.89     53.11
   28.57      8.53
   23.35     18.18
    6.26      2.24
    1.44      0.00
    1.37      0.65
    1.31      2.82
    0.65      1.96
    2.03      2.09
    2.81      1.44
    2.10      2.03
    2.09      0.00
    0.65      4.05
    0.72      1.96
    2.13      1.31
    2.10      1.37
    4.19      0.72
    1.37      1.37
    1.37      1.44
    0.65      0.72
    0.65      0.65
    1.31      2.75
    2.10      1.44
    0.00      0.00
    0.65      0.72
    1.37      0.72
    0.00      1.31
    2.03      1.37
    0.72      0.72
    1.37      0.72
    2.61      3.54
    0.65      0.72
    1.31      1.44
    1.37      0.72
    0.00      0.65
    0.65      0.72
    2.03      2.09
    0.00      0.00
    2.03      0.72
    0.65      1.37
    0.65      3.40
    4.21      3.33
    2.09      2.68
    2.09      1.44
    3.54      2.03
    1.37      1.37
    2.03      2.75
    2.09      2.03
    2.03      0.72
    1.37      2.03
    1.44     15.09
    0.00      0.65
   28.80     15.80
   16.24     16.90
    1.31      1.44
    2.10      1.37
    1.44      1.31
    0.00      0.00
    1.37      1.37
    2.75      2.09
    1.31      2.68
    3.40      2.89
    1.44      0.65
    2.03      0.72
    1.96      2.16
    2.68      1.44
    0.65      3.47
    3.40      2.10
    1.37      2.09
    0.72      0.65
    0.72      0.65
    2.03      2.03
    0.72      1.37
    1.44      0.00
    0.65      0.65
    0.72      0.72
    0.00      0.00
    0.65      2.03
    1.31      1.44
    1.44      0.65
    0.00      2.61
    2.16      0.65
    2.09      2.03
    1.44      0.65
    0.72      0.00
    0.00      0.65
    2.03      2.03
    1.37      0.72
    1.44      2.03
   18.92      2.10
   34.29     80.88
   37.59     30.86
   45.82     56.62
    9.59      4.26
   41.46     24.79
   36.20     11.91
    2.03      2.03
    4.91      2.96
    1.31      2.10
   52.19     43.84
   12.40      5.70
   54.60     14.00
   33.80     44.42
    1.31      1.44
   31.16     14.86
   15.65     17.07
    2.67      2.82
    1.44      0.00
    2.03      2.09
    0.00      1.31
    0.72      0.00
    1.37      2.68
    2.82      1.37
    1.31      2.75
    2.09      3.33
    4.19      2.03
    0.00      1.37
    2.09      2.68
    3.47      1.44
    2.09      0.72
    2.03      0.72
    0.65      2.76
    2.75      0.72
    1.37      1.44
    0.00      0.65
    0.65      0.72
    0.00      0.00
    0.00      0.65
    1.44      0.65
    2.03      1.44
    0.00      0.00
    3.26      2.88
    0.65      1.37
    0.65      1.44
    0.00      0.00
    0.65      1.37
    1.37      1.37
    1.37      0.65
    0.65      1.44
    0.72      1.31
    2.75      4.05
    4.86      3.47
    2.75      1.37
    1.37      4.05
    1.37      1.37
    3.54      1.37
   17.12     17.18
    2.75      2.75
    2.16      1.31
    1.37      1.37
    1.44      0.65
    2.03      0.72
    0.00      0.72
   28.73     31.72
    0.72     15.00
   16.50      0.65
   16.54     15.88
   15.64     15.77
    2.03      3.40
    1.44      0.00
    2.09      1.37
    2.03      1.44
    2.03      2.09
    0.00      0.00
    1.31      1.37
    1.96      4.12
    2.75      2.16
    2.68      1.37
    3.47      4.85
    3.48      1.44
    1.37      1.37
    0.72      0.65
    2.03      2.75
    1.37      1.37
    1.44      0.00
    0.00      0.65
    0.72      0.00
    0.00      0.00
    1.31      2.09
    0.65      1.37
    0.72      0.00
    0.72      2.61
    0.72      0.65
    2.16      0.65
    2.09      0.72
    0.00      0.00
    0.00      1.31
    1.37      1.37
    0.65      1.37
   21.73     29.38
   56.09     83.05
    7.48      4.13
   81.43     86.48
   29.24     29.89
    8.23      1.44
   29.09     14.52
    7.55      2.03
    2.75      2.82
   50.10     40.35
   22.17      7.46
   28.43     22.86
    6.23      3.51
   26.50     26.59
   22.08      7.03
    4.18      1.44
   39.83     49.12
    1.44      0.65
   15.16      0.00
    0.65      0.72
   15.82     15.88
    1.96      2.03
    2.03      4.20
    0.72      1.31
    2.88      0.00
    0.72      1.31
    2.82      1.37
    0.72      0.65
    1.37      1.96
    1.96      4.84
    2.68      2.03
    4.26      2.81
    1.37      0.72
    1.37      2.03
    3.47      1.44
    0.65      0.72
    0.00      0.00
    1.31      1.44
    0.00      0.65
    0.00      0.65
    0.41      1.06
    2.75      1.43
    0.72      0.00
    2.61      2.16
    0.65      0.72
    0.65      1.44
    0.00      0.00
    0.00      0.00
    1.31      2.10
    0.72      0.00
    0.65      3.98
    2.81      3.98
    5.65      1.39
    4.77     17.19
   16.45      5.56
    1.37      2.02
    1.37      2.03
    2.03      1.96
    6.27      4.91
    0.72      0.65
   17.16     15.79
   14.37     16.39
    2.82      0.72
    2.10      1.37
    0.65     15.02
    1.44      1.37
    0.00      0.00
   30.00     30.33
   15.15      1.37
    2.75      2.09
    0.72      0.00
    0.65      0.65
    0.00      2.03
    4.77      2.16
    1.31      2.09
    1.37      0.72
    2.03      2.82
    0.65      0.72
    0.65      1.37
    0.00      1.31
    2.09      1.37
    2.68      3.40
    4.77      3.54
    2.09      2.09
    3.40      3.47
    1.44      0.65
    0.72      0.00
    0.00      0.65
    0.72      0.00
    0.65      0.00
    0.65      1.44
    0.65      2.03
    1.37      0.72
    1.37      3.33
    0.00      0.65
    2.88      0.65
    0.72      0.00
    0.72      0.00
    0.00      0.65
   17.96     27.86
  107.91    116.84
   36.75     31.59
   28.65     31.59
   35.40     26.07
   36.19     28.00
   51.65     26.23
   30.19      8.36
    2.75      2.75
    3.40      2.81
    1.31      2.10
    1.31      1.44
   17.22     15.19
    1.31     17.60
   15.52      0.71
    2.17      0.65
    0.65      1.37
    0.65      0.72
    1.37     15.51
    1.37      0.00
   15.05      2.83
   15.50      0.72
    0.72      1.37
    2.03      0.72
    1.31      4.78
    0.72      0.65
    2.82      2.03
    0.65      2.03
    2.16      0.65
    1.44      0.65
    2.09      0.00
    1.31      3.47
    2.03      2.09
    0.00      1.31
    2.03      3.40
    4.05      4.12
    3.47      2.16
    2.82      0.72
    0.72      0.00
    0.65      0.72
    0.00      0.00
    0.00      0.65
    0.00      0.65
    2.03      1.44
    0.72      0.65
    1.96      0.00
    2.68      3.61
    0.65      0.72
    0.00      0.72
    0.00      0.00
    0.65      1.31
    1.44      2.68
   18.73     19.08
    2.10      1.31
    2.75      3.47
    4.18     17.03
   33.64     17.90
   17.77     17.24
    1.31      2.68
    2.82      2.75
    1.44      1.37
    1.44      1.96
    1.37      2.03
    2.16      0.65
    2.75      0.72
   14.99     16.43
    1.37      1.37
    2.08      0.72
    0.00      0.65
    0.65      2.68
    0.72      0.00
    2.82     16.37
    0.65      0.72
    1.37      1.37
   15.05      1.31
    2.03      1.44
    2.75      2.81
    1.96      0.72
    0.65      2.16
    2.68      1.37
    0.65      3.47
    1.37      0.65
    1.44      2.03
    0.72      0.00
    1.37      1.96
    4.12      2.88
    2.03      2.75
    3.40      3.40
    2.03      2.16
    0.72      0.65
    0.72      0.00
    0.72      0.00
    0.65      0.00
    0.65      2.09
    0.00      0.00
    0.72      2.61
    0.65      2.03
    2.88      0.65
    2.09      0.72
    0.72      0.00
    1.69      1.37
   55.03     82.09
   63.73     74.33
   39.51     25.48
   64.12     59.62
   53.28     37.88
    2.14     34.03
   60.08     13.80
    8.24      2.03
   18.27     17.75
    2.11      1.37
   27.06     22.70
    6.89      2.81
   29.75     30.22
   27.96     23.75
    1.44      0.00
   11.03      2.39
   17.37     18.05
    0.00      0.00
    3.95      1.13
    0.65      0.72
    0.65      2.03
    0.65      1.37
    2.03      2.09
    2.82     15.10
    0.00      2.03
    2.03      2.75
   15.88      1.96
    0.72      0.72
    2.82      2.03
    2.09      1.38
    1.37      1.31
    2.03      2.16
    2.03      0.72
    1.44      0.72
    2.61      4.05
    1.44      2.75
    2.03      0.72
    0.72      1.37
    1.37      1.37
    2.03      2.09
    0.65      0.72
    1.44      0.65
    0.72      0.65
    1.37      0.72
    0.72      0.00
    0.65      0.00
    2.61      2.88
    1.31      1.37
    0.00      1.44
    1.37      2.03
    2.09      2.61
    3.62     18.32
   18.54      2.11
    1.37     17.77
   17.96     17.77
    3.53      2.03
   30.74     19.17
    4.20      0.72
    3.40      3.47
   15.72     16.43
    0.72      1.31
    1.37      0.72
    0.00      2.61
    2.88      0.65
   16.39     17.26
    2.75      2.09
    0.72      0.00
    1.44      0.00
    1.31      2.75
    0.00      0.65
    0.72      0.65
    2.09      0.00
    2.03      2.03
    1.31      3.47
    2.82      0.72
    0.65      2.03
    0.72      1.37
    3.33      2.81
    1.37      0.72
    1.37      1.44
    0.65      1.37
    2.03      1.37
    1.44      2.03
    2.03      2.75
    0.00      1.31
    3.40      1.37
    2.16      2.75
    2.81      0.72
    1.31      0.72
    0.00      1.37
    1.31      1.44
    0.72      1.31
    1.31      1.44
    2.03      2.09
    0.72      0.00
    0.72      1.96
    0.00      1.31
    2.88      0.65
    0.72      0.00
   22.09     27.16
   54.21     86.04
   30.76     30.93
   58.82     47.41
   83.27     55.09
   66.02     27.70
    2.68     18.31
   16.23      2.03
   17.77     19.93
    4.92      2.75
   27.19     22.02
   21.26     17.29
   28.72      7.72
   18.48     15.16
    1.31      2.16
    1.37      2.10
    0.65      1.96
    2.03      2.16
   16.23     14.85
    0.65      1.37
    0.72      0.00
    2.75      1.37
    0.65      1.44
    0.72      1.96
    1.37      0.65
    1.37      2.09
    3.47      2.10
    0.65      0.72
    0.65      3.33
    2.09      1.37
    2.10      1.37
    2.09      0.65
    2.75      2.03
    0.72      1.44
    0.65      0.72
    0.65      0.00
    2.68      3.40
    2.03      2.82
    4.12      3.53
    0.00      1.31
    0.00      0.00
    0.72      0.65
    0.72      0.00
    1.37      0.72
    0.00      1.96
    2.75      0.65
    1.37      2.16
    0.72      0.00
    2.68      2.16
    0.65      0.72
    0.65      3.33
    2.16      3.26
    5.72      2.70
    2.75      3.40
    3.33     17.19
   17.25     33.48
   31.51      4.11
    2.10     16.38
   18.60      3.33
    3.99      5.63
    2.82      0.72
    1.44      0.65
    1.31      1.44
    0.72      1.96
   15.51     16.89
    0.72      0.00
    2.82      0.65
    0.72      1.37
    2.68      2.09
    0.72      0.72
    0.72      0.65
   15.65     17.16
    0.65      1.37
    2.10      1.37
    2.09      1.37
    1.37      1.37
    2.09      2.03
    0.00      0.65
    1.37      0.72
    3.26      2.03
    2.75      4.26
    1.37      1.37
    2.03      2.75
    2.16      0.72
    0.00      0.65
    1.44      0.65
    1.31      2.03
    2.09      1.37
    1.31      3.33
    2.57      1.44
    1.37      0.00
    2.75      1.44
    0.65      1.44
    0.00      0.00
    0.65      0.72
    1.96      2.81
    0.00      0.00
    0.72      0.65
    1.30      4.70
    2.88      0.00
   78.82     92.39
   20.17     28.63
   23.83     31.65
    8.85     27.67
   22.53     31.43
   72.02     66.25
   79.50     86.00
   24.37      4.25
    0.65     19.30
   18.65      4.05
    2.81      2.09
   54.28     43.09
   33.53     15.19
   27.13     27.28
   52.15     25.62
    2.80      1.60
   26.54     20.34
    0.72      0.00
    1.37      1.37
    1.38      0.65
    0.65      1.44
    1.37      1.37
    0.00      0.00
    2.03      1.37
   15.10     17.27
    2.68      2.75
    1.37      2.10
    2.87      0.00
    0.00      0.65
    1.31      1.96
    1.44      2.74
    2.09      1.31
    0.65      2.75
    5.49      2.88
    1.78      1.13
    1.37      1.37
    0.65      1.37
    1.37      1.37
    0.72      0.00
    2.68      2.09
    2.02      3.47
    0.65      1.37
    0.00      0.65
    0.72      0.00
    1.37      1.37
    1.44      1.31
    1.44      0.00
    0.65      0.72
    0.72      0.00
    1.96      3.47
    1.37      3.33
    4.12      7.38
    5.73      2.05
    4.91      2.03
    1.37      2.10
    2.09      1.31
   32.86     20.55
    2.17     16.95
   18.52      1.36
    2.68      4.85
    4.84      1.37
    2.09      3.47
    0.65      0.72
    1.37      2.03
    1.37      1.37
   16.12     29.88
    0.00      1.96
   16.55     15.90
   17.18      2.09
    2.82      2.03
    0.00      0.00
    1.39      1.37
    1.44      0.00
    0.65      2.03
    0.65      0.72
    2.09      1.37
    0.72      1.96
    2.61      2.88
    1.37      0.72
    1.44      0.65
    0.65      1.37
    2.68      2.82
    1.37      0.00
    1.31      4.78
    2.75      2.03
    0.72      1.37
    3.54      1.37
    2.10      1.37
    1.37      0.72
    0.65      2.68
    2.10      1.31
    0.72      0.72
    0.00      0.00
    2.75      1.37
    0.65      0.72
    1.37      1.44
    1.31      1.44
    1.31      0.00
    0.00      1.44
    0.65      2.68
   38.09     55.83
   47.88     52.25
   23.97     31.59
   92.13     89.80
   35.50     26.81
   29.99     12.43
   50.35     12.81
   17.20     16.54
   17.78     17.92
    3.39      2.74
    2.75      4.85
   27.78     21.73
    2.82      2.10
   55.50     37.79
    2.75      2.10
   11.63      3.18
   14.58     15.05
    0.72     14.79
    3.33      1.44
    0.65      2.16
   15.50      0.71
    0.65      1.37
    0.65      1.37
    1.36      1.39
    0.73      0.65
    2.03      1.44
    1.37      1.37
    0.65      1.31
    1.37      2.09
    1.37      1.37
    0.72      0.65
    3.16      3.09
    1.44      2.03
    2.82      1.37
    2.68      2.10
    0.72      0.72
    1.31      2.09
    2.68      2.82
    1.37      1.37
    1.44      0.65
    1.31      1.44
    0.65      1.39
    1.46      0.00
    1.31      2.09
    0.00      0.65
    0.65      2.03
    0.00      1.30
    2.16      0.65
    2.16      0.00
    0.00      0.00
    2.68      4.12
    5.65      6.01
    4.19      4.71
    2.75     16.40
   18.77      2.75
    1.37      2.03
   18.43     19.97
    2.09      2.03
    3.54      4.05
    4.12      2.61
    2.81      3.54
    2.09      1.37
    2.71      2.09
    2.75      1.37
    1.31      4.77
   15.82     14.43
    1.37      0.72
    0.72      0.65
   16.33     17.86
    2.16      0.65
    0.72     14.99
    0.72      0.00
    0.72      0.65
   16.35      2.08
    0.65      0.65
    3.49      3.49
    0.72      0.65
    2.09      0.72
    0.65      1.37
    0.00      0.00
    2.03      1.37
    1.30      2.81
    1.37      1.37
    1.31      2.75
    3.40      2.75
    2.81      2.09
    0.65      0.65
    1.44      2.03
    1.37      1.37
    3.15      1.37
    0.72      2.03
    2.16      0.00
    1.31      2.77
    0.74      0.65
    0.00      0.00
    0.00      0.00
    2.09      0.72
    2.61      2.09
    0.65      2.19
   35.99     26.48
   41.58     81.37
   37.92     46.75
   23.25     43.01
   32.32     56.58
   38.61     45.39
  129.15     47.22
   43.83      9.92
    2.02     15.43
   18.09      4.84
   36.78     28.14
    3.47      2.75
   56.50     37.88
    2.09      0.65
   11.05      3.76
    2.75      1.37
    2.75      1.44
    0.65      2.10
   16.10     16.29
    0.00      0.00
   17.07      2.89
    2.03      0.72
    0.00      0.72
    0.65      0.72
    0.00     15.11
    0.00      0.00
    1.31      4.05
   18.50      2.89
    2.83      1.37
    0.72      0.65
    0.65      0.65
    0.72      0.72
    0.00      1.31
    0.72      0.65
    3.40      3.40
    2.09      1.44
    2.10      2.03
    0.65      1.37
    2.03      2.09
    2.11      0.72
    2.03      2.09
    2.03      0.72
    0.65      2.10
    0.65      0.72
    0.65      1.39
    1.46      0.00
    0.00      0.00
    1.31      2.10
    0.00      1.96
    0.00      0.65
    2.57      0.41
    2.09      4.66
    7.67      6.03
    4.28      4.12
    2.68      4.12
    4.33     17.62
   47.80     45.69
   33.01     33.81
    2.16      1.31
    2.03     17.09
   18.40      3.98
    2.80      3.53
   17.84     18.60
    3.42      2.09
    2.81      1.44
    1.31      2.03
    2.75      3.47
    1.44      0.65
    0.00      0.65
    2.09      0.00
    0.65      2.68
   16.37     17.08
    2.88      0.71
    0.00      0.65
    1.44      0.00
    0.00      0.00
    0.72      0.65
    0.65      2.68
    1.96      3.40
    4.28      1.46
    1.37      0.65
    1.37      1.44
    0.72      0.00
    1.31      0.72
    0.65      2.09
    1.31      2.75
    2.03      2.09
    2.82      0.65
    1.37      2.10
    0.65      2.68
    1.38      1.38
    2.75      2.77
    0.74      0.65
    2.16      0.00
    0.72      0.00
    1.31      2.05
    0.74      0.72
    0.00      1.31
    0.72      0.00
    1.31      0.72
   60.00    245.61
  109.08     31.18
   53.65      4.33
   12.73      2.16
    0.00      0.72
    2.61      2.88
    0.65      0.72
    0.65      0.72
    0.65      0.72
    0.65      0.72
    0.65      0.72
    1.31      0.00
    1.31      2.88
    0.00      0.00
    0.00      0.00
    0.00      0.00
    0.65      0.72
    0.00      0.00
    0.00      0.00
    0.65      0.72
    0.00      0.00
    0.65      0.00
    0.00      0.72
    0.00      0.00
    0.65      0.72
    0.00      0.00
    0.65      0.72
    0.00      0.00
    0.00      0.00
    0.65      0.72
    0.00      0.00
    0.00      0.00
    0.00      0.00
    0.00      0.00
    0.00      0.00
    0.00      0.00
    0.00      0.00
    0.00      0.00
    0.00      0.00
    0.00      0.00
    0.00      0.00
    0.00      0.00
    0.00      0.00
    0.00      0.00
    0.00      0.00
    0.00      0.00
    0.00      0.00
    0.00      0.00
    0.00      0.00
    0.00      0.00
   19.58     11.33
   39.47     64.63
   15.36     35.57
   23.05     11.94
   17.88      1.44
    2.09      3.33
    4.33      1.31
    0.72      0.00
    1.44      0.65
    0.00      0.00
    0.00      0.65
    2.09      2.03
    0.00      0.65
    2.16      0.00
    0.00      0.00
    0.00      0.00
    0.65      1.37
    0.68      0.00
    0.00      0.65
    0.72      0.00
    0.00      0.00
    0.72      0.65
    0.00      0.00
    0.00      0.65
    0.00      0.00
    0.72      0.00
    0.72      0.65
    0.00      0.00
    0.00      0.00
    0.72      0.65
    0.00      0.00
    1.04      0.00
    0.72      0.00
    0.00      0.00
    0.00      0.00
    0.00      0.00
    0.00      0.00
    0.00      0.00
    0.00      0.00
    0.00      0.00
    0.00      0.00
    0.00      0.00
    0.00      0.00
    0.00      0.00
    0.00      0.00
    0.00      0.00
    0.00      0.00
    0.00      0.00
    0.00      0.00
    0.00      0.00
    7.93     19.59
   14.17     27.71
   29.01     40.63
   17.70      7.45
   23.76     17.26
    4.95      2.16
   25.66      5.56
    1.31      2.16
    3.32      2.16
    2.16      0.00
    0.00      0.00
    1.31      1.44
    0.00      0.00
    2.61      2.88
    0.00      0.00
    0.00      0.00
    0.00      0.00
    0.00      0.00
    0.00      0.00
    1.31      1.44
    0.00      0.00
    0.65      0.72
    0.00      0.00
    0.00      0.00
    0.65      0.00
    0.00      0.72
    0.65      0.72
    0.00      0.00
    0.65      0.00
    0.00      0.72
    0.00      0.00
    0.65      0.00
    0.00      0.72
    0.00      0.00
    0.00      0.00
    0.00      0.00
    0.00      0.00
    0.00      0.00
    0.00      0.00
    0.00      0.00
    0.00      0.00
    0.00      0.00
    0.00      0.00
    0.00      0.00
    0.00      0.00
    0.00      0.00
    0.00      0.00
    0.00      0.00
    0.00      0.00
    6.53      0.00
    1.96      7.94
   13.14     13.44
   32.82     35.84
   12.03     15.49
    7.39      5.58
    6.01      4.38
    3.40      9.12
    3.54      0.65
    0.72      2.03
    2.09      2.68
    1.31      0.72
    1.37      2.75
    0.00      0.65
    2.88      1.31
    1.85      0.41
    2.11      0.72
    0.00      0.00
    0.00      0.00
    0.00      0.00
    0.00      0.65
    0.00      0.00
    0.00      0.65
    1.37      0.00
    0.72      0.72
    0.00      0.65
    0.00      0.00
    0.00      0.65
    0.00      0.00
    1.44      0.65
    0.00      0.00
    0.00      0.00
    0.00      0.65
    0.72      0.00
    0.00      0.00
    0.00      0.00
    0.72      0.00
    0.00      0.00
    0.00      0.00
    0.00      0.00
    0.00      0.00
    2.05      0.00
    0.00      0.00
    0.00      0.00
    0.00      0.00
    0.00      0.00
    0.00      0.00
    0.00      0.00
    0.00      0.00
    0.00      0.00
    0.73      6.53
    7.37      1.96
    4.91     14.44
   12.07     16.52
   11.33     10.65
   11.42      8.69
   12.70      6.08
    2.18      2.68
    6.99      2.88
    3.49      0.72
    4.98      1.44
    0.65      0.72
    0.65      0.72
    1.31      2.68
    0.65      1.44
    3.92      3.63
    0.00      0.72
    2.16      0.00
    0.65      0.72
    0.00      0.00
    0.00      0.00
    0.00      0.00
    0.00      0.00
    0.65      0.72
    0.65      0.72
    0.00      0.00
    0.00      0.00
    0.65      0.72
    0.65      0.00
    0.65      1.44
    0.00      0.00
    0.68      0.00
    0.65      0.00
    0.00      0.72
    0.00      0.00
    0.65      0.00
    0.00      0.72
    0.00      0.00
    0.00      0.00
    0.00      0.00
    0.00      0.00
    0.00      0.00
    0.00      0.00
    0.00      0.00
    0.00      0.00
    0.00      0.00
    0.00      0.00
    0.00      0.00
    0.00      0.00
    0.00      0.00
    7.27      7.86
    1.96      0.00
    2.61      7.00
   13.28     11.43
   13.91     10.61
    3.33     10.70
   10.59     12.72
    4.77      2.83
    4.71      6.34
    6.01      3.49
    2.75      4.98
    1.44      0.00
    0.72      0.65
    0.00      0.65
    0.65      0.72
    1.44      2.61
    0.65      0.00
    2.82      3.40
    1.31      0.72
    0.74      0.72
    2.81      0.73
    0.00      0.00
    0.72      0.00
    0.00      0.65
    0.00      0.65
    0.00      0.00
    0.72      0.00
    0.72      0.00
    0.00      0.65
    0.00      0.65
    0.65      0.00
    0.00      0.72
    1.44      0.65
    0.00      0.00
    0.00      0.00
    0.72      0.65
    0.00      0.00
    0.00      0.00
    0.72      0.00
    0.00      0.00
    0.00      0.00
    0.00      0.00
    0.00      0.00
    0.00      0.00
    0.00      0.00
    0.00      0.00
    0.00      0.00
    0.00      0.00
    0.00      0.00
    0.00      0.00
    0.00      1.31
    2.50      4.70
    0.00      0.00
    0.00      0.00
    0.00      0.00
    0.00      0.00
    0.00      0.00
    0.00      0.00
    0.00      0.00
    0.00      0.00
    0.00      0.00
    0.00      0.00
    0.00      0.00
    0.68      0.00
    0.00      0.00
    0.00      0.00
    0.00      0.00
    0.00      0.00
    0.00      0.00
    0.00      0.00
    0.00      0.00
    0.00      0.00
    0.00      0.00
    0.41      0.41
