      h_eth1      
 KB/s in  KB/s out
    0.00      0.00
    0.00      0.00
    0.00      0.00
    0.00      0.00
    0.00      0.00
    0.00      0.00
    0.00      0.00
    0.00      0.00
    0.00      0.00
    0.00      0.00
    0.00      0.00
    0.00      0.00
    0.00      0.00
    0.00      0.00
    0.00      0.00
    0.00      0.00
    0.00      0.00
    0.00      0.00
    0.00      0.00
    0.00      0.00
    0.00      0.00
    0.00      0.00
    0.00      0.00
    0.00      0.00
    0.00      0.00
    0.00      0.00
    0.00      0.00
    0.00      0.00
    2.04      0.00
    0.00      0.00
    0.00      0.00
    0.00      0.00
    0.00      0.00
    0.00      0.00
    0.00      0.00
    0.00      0.00
    0.00      0.00
    0.00      0.00
    0.00      0.00
    0.00      0.00
    0.00      0.00
    0.00      0.00
    0.00      0.00
    0.00      0.00
    0.00      0.00
    0.00      0.00
    0.00      0.00
    0.00      0.00
    0.00      0.00
    0.00      0.00
    0.00      0.00
    0.00      0.00
    0.00      0.00
    0.00      0.00
    0.00      0.00
    0.00      0.00
    0.00      0.00
    0.00      0.00
    0.00      0.00
    0.00      0.00
    0.00      0.00
    0.00      0.00
    0.00      0.00
    0.00      0.00
    0.00      0.00
    0.00      0.00
    0.00      0.00
    0.00      0.00
    0.00      0.00
    2.05      0.00
    0.00      0.00
    0.00      0.00
    0.00      0.00
    0.00      0.00
    0.00      0.00
    0.00      0.00
    0.00      0.00
    0.00      0.00
    0.00      0.00
    0.00      0.00
    0.00      0.00
    0.00      0.00
    0.00      0.00
    0.00      0.00
    0.00      0.00
    0.00      0.00
    0.00      0.00
    0.00      0.00
    0.00      0.00
    0.00      0.00
    0.00      0.00
    0.00      0.00
    0.00      0.00
    0.00      0.00
    0.00      0.00
    0.00      0.00
    0.00      0.00
    0.00      0.00
    0.00      0.00
    0.00      0.00
    0.00      0.00
    0.00      0.00
    0.00      0.00
    0.00      0.00
    0.00      0.00
    0.00      0.00
    0.00      0.00
    0.00      0.00
    0.00      0.00
    0.00      0.00
    2.04      0.00
    0.82     26.15
    0.00      0.00
   21.21     53.03
   13.27      1.39
    0.72      0.00
    0.00      0.00
    0.00      0.00
    0.00      0.00
    0.00      0.00
    0.00      0.00
    0.00     14.83
  227.31    217.66
  113.52    111.55
  145.60    178.05
   39.74     41.11
  125.89    182.12
  131.85     80.10
  126.83     74.62
  103.43     69.29
  119.21    139.06
   11.03      0.00
   85.28     21.46
   41.76      6.09
    5.95      0.72
    0.00      0.00
    0.00      0.00
    0.72      0.00
    0.00      0.00
    0.00      0.00
    0.00      0.00
    0.00      0.00
    0.00      0.00
    0.00      0.00
    0.00      0.00
    0.00      0.00
    0.00      0.00
    0.00      0.00
    0.00      0.00
    0.00      0.00
    0.00      0.00
    0.00      0.00
    0.00      0.00
    0.00      0.00
    0.00      0.00
    0.00      0.00
    0.00      0.00
    0.00      0.00
    0.00      0.00
    0.00      0.00
    0.00      0.00
    0.00      0.00
    0.00      0.00
    0.00      0.00
    0.00      0.00
    0.00      0.00
    0.41      0.41
    0.00      0.00
    0.00      0.00
    0.00      0.00
    0.00      0.00
    0.00      0.00
    0.00      0.00
    1.36     15.17
    0.00     14.78
   29.21     15.15
    0.72     14.37
   15.81      1.45
    0.00      0.00
    0.00      0.00
    0.00      0.00
   28.72     30.30
    0.00     14.37
    0.72      0.00
    0.72     14.37
   14.42      0.00
   14.37     15.89
   15.15      0.72
    0.00      0.00
    0.00      0.00
    0.72      0.00
    0.00      0.00
    1.36      0.00
    0.00      0.00
    0.00      0.00
    0.00      0.00
    0.00      0.00
    0.00      0.00
    0.00      0.00
    0.00      0.00
    0.00      0.00
    0.00      0.00
    0.00      0.00
    0.00      0.00
    0.00      0.00
    0.00      0.00
    0.00      0.00
    0.00      0.00
    0.00      0.00
    0.00      0.00
    0.00      0.00
    1.23      0.00
    0.00      0.00
    0.00      0.00
    0.00      0.00
    0.00      0.00
    0.00      0.00
    0.00      0.00
    0.00      0.00
    0.00      0.00
    0.00      0.00
  102.43    141.48
  599.15    549.80
  276.54    206.41
   97.86    120.60
   33.27     22.76
  121.70     65.91
   63.59     82.38
    9.61      0.00
   53.89      1.45
   28.57      5.15
    0.00      0.00
    0.00      0.00
   30.95     30.41
    0.00      0.00
    0.00     14.79
    1.44      0.00
    0.00     14.78
   15.57      0.00
    0.00      0.72
   30.35     16.32
    0.00      0.00
    0.00      0.00
    0.72      0.00
    0.00      0.00
    0.00      0.00
    0.00      0.00
    0.00      0.00
    0.00      0.00
    0.00      0.00
    0.00      0.00
    0.00      0.00
    0.00      0.00
    0.00      0.00
    0.00      0.00
    0.00      0.00
    0.00      0.00
    0.00      0.00
    0.00      0.00
    0.00      0.00
    0.00      0.00
    0.00      0.00
    0.00      0.00
    0.00      0.00
    0.00      0.00
    0.00      0.00
    0.00      0.00
    0.00      0.00
    0.00      0.00
    0.00      0.00
    0.00      0.00
    0.00      0.00
   14.84     29.88
   18.60     46.43
   28.79     15.86
   15.09     30.19
   30.23     16.54
   16.44     15.70
    0.71      0.00
   14.37     29.42
   16.46      0.71
    0.00      0.00
   15.10     14.44
    0.00      0.00
    0.00      0.00
   15.72     15.79
   15.00     15.06
    0.00      0.00
    1.44     15.00
    0.00      0.00
    0.00     15.00
   15.80      0.00
    0.00      0.72
   30.05     15.06
    0.00      0.72
    0.00      0.00
    0.72      0.00
    0.00      0.00
    0.00      0.00
    0.00      0.00
    0.00      0.00
    0.00      0.00
    0.00      0.00
    0.00      0.00
    0.00      0.00
    0.00      0.00
    0.00      0.00
    0.00      0.00
    0.00      0.00
    0.00      0.00
    0.41      0.00
    0.00      0.00
    0.00      0.00
    0.00      0.00
    1.36      0.68
    0.00      0.00
    0.00      0.00
    0.00      0.00
    0.00      0.00
    0.00      0.00
    0.00      0.00
  176.35    251.19
  315.32    293.73
  251.43    218.79
  139.37    144.72
   22.20     16.31
  127.94    101.65
   37.35     18.53
   99.44    136.63
   26.45     14.50
   52.31     51.23
   76.32     45.21
   31.69     27.96
   25.74      9.58
   10.33      0.00
   65.60     18.76
    4.41      0.72
    0.00      0.00
   30.92     31.05
    0.00      0.00
    0.73      0.00
    0.72     15.09
    0.00      0.00
    0.00     15.10
   15.16      0.00
    0.00      0.72
   30.99     15.16
    0.00      0.72
    0.00      0.00
    0.72      0.00
    0.00      0.00
    0.00      0.00
    0.00      0.00
    0.00      0.00
    0.00      0.00
    0.00      0.00
    0.00      0.00
    0.00      0.00
    0.00      0.00
    0.00      0.00
    0.00      0.00
    0.00      0.00
    0.00      0.00
    0.00      0.00
    0.00      0.00
    0.00      0.00
    0.00      0.00
    0.00      0.00
    0.00      0.00
    0.00      0.00
    0.00      0.00
    0.00      0.00
   30.00     31.98
    2.75     16.39
   46.52     47.07
   28.77     45.24
   43.79     32.22
   18.53     16.43
   32.21     17.17
    0.65     15.73
    1.43      0.00
   15.08      2.11
    0.65     14.37
    0.72      0.72
   15.00     15.06
   15.82      0.73
    0.72     14.37
    0.00      0.00
   15.00     15.06
    0.00      0.00
   15.73      2.09
    0.72      0.72
    0.00      0.00
    0.72      0.00
    0.00      0.65
    0.00      0.00
    0.00      0.65
    0.00      0.00
    0.72      0.00
    0.65      0.72
    0.72      0.00
    0.00      0.00
    0.00      0.00
    0.00      0.00
    0.00      0.00
    0.00      0.00
    0.00      0.00
    0.00      0.00
    0.00      0.00
    0.00      0.00
    0.41      0.00
    0.00      0.00
    0.00      0.00
    0.00      0.00
    0.00      0.00
    0.00      0.00
    0.00      0.00
    0.00      0.00
    0.00      0.00
    0.00      0.00
    0.00      0.00
  165.70    231.62
  268.77    260.15
   86.19    129.23
   67.27    113.35
  104.42     86.61
   92.17     79.38
  254.03    228.11
  285.80    204.61
  192.66     36.57
  118.91     53.05
   45.51     38.00
   10.33      1.73
   25.18      2.39
    2.97      2.31
    0.00     14.79
   15.11     15.91
    0.00      0.00
   15.52      1.45
    0.72      0.00
   15.10     31.33
    0.00      0.00
    0.00      0.00
    2.09      1.37
   14.84      0.72
    0.72      0.00
    0.00      0.00
    0.65      0.00
    0.00      0.72
    0.65      0.65
    0.00      0.72
    0.00      0.00
    0.72      0.00
    0.00      0.00
    0.00      0.00
    0.00      0.00
    0.00      0.00
    0.00      0.00
    0.00      0.00
    0.00      0.00
    0.00      0.00
    0.00      0.00
    0.00      0.00
    0.00      0.00
    0.00      0.00
    0.00      0.00
    0.00      0.00
    0.00      0.00
    0.00      0.00
    0.00      0.00
    0.00      0.00
    0.00      0.00
   15.82     17.20
   34.15     33.14
    0.00      0.00
   30.91     61.00
   30.15     16.44
   15.78     15.72
   46.43     34.25
    2.81      1.37
    1.44      0.00
   15.68     74.01
   15.09     15.17
   30.98     15.70
   30.31      2.81
    1.44      0.00
   17.15      1.44
    0.00      0.00
    0.65     15.72
    0.00      0.00
    0.00      0.00
   15.72      1.44
    0.65      0.00
    0.65      1.44
    0.00     14.99
    0.65      1.37
    0.00      0.00
    0.00      0.65
   16.50      0.72
    0.00      0.65
    0.00      0.00
    0.72      0.00
    0.65      0.72
    1.13      0.41
    0.00      0.00
    0.00      0.00
    0.00      0.00
    0.00      0.00
    0.00      0.00
    0.00      0.00
    0.00      0.00
    0.00      0.00
    0.00      0.00
    0.00      0.00
    0.00      0.00
    0.00      0.00
    0.00      0.00
    0.00      0.00
    0.00      0.00
    0.00      0.00
   46.72     79.50
  145.23    201.66
  257.66    251.10
  128.06    182.01
  124.73    133.92
   65.70     44.60
  132.10    105.09
   83.83    103.52
  144.64    133.58
   82.26     57.91
  111.94     49.15
   55.28     33.19
   43.44      7.66
    5.84     31.73
   25.85     46.90
   14.79     14.84
   45.94     17.19
   16.95      2.16
   15.86      1.37
    0.00      0.00
    0.00      0.00
    0.72     15.12
    0.00      0.65
    0.00      0.65
   15.90      0.72
    0.72      0.00
    0.72      0.00
    0.00     15.10
    0.65      1.37
    0.00      0.00
    1.37      0.72
   15.90      0.00
    0.65      1.37
    0.00      0.72
    0.00      0.00
    0.72      0.00
    0.00      0.00
    0.00      0.00
    0.00      0.00
    0.00      0.00
    0.00      0.00
    0.00      0.00
    0.00      0.00
    0.00      0.00
    0.00      0.00
    0.00      0.00
    0.00      0.00
    0.00      0.00
    0.00      0.00
    0.00      0.00
    0.00      0.00
    0.65      0.00
    1.31     17.85
   18.53     30.86
   45.28     30.22
   17.19     15.15
    2.09     30.11
   14.34     29.98
   31.71      2.82
   17.14     17.11
    0.65      1.31
    2.75      2.09
   16.53     16.54
    0.72     14.37
   15.02     17.20
    0.72      0.00
   30.16     47.14
   31.42     46.46
   31.53      1.36
   17.13      2.16
   16.42      0.72
    1.44      0.72
    0.00      0.00
    0.00      0.65
    0.00      0.00
    1.31      0.72
    0.00      0.72
    0.72      0.00
    0.00      0.00
    0.00      0.00
    0.65      2.03
    0.00      0.65
    0.00      0.65
    1.44      0.00
    0.00      0.00
    0.65      0.72
    1.44      0.00
    0.00      0.00
    0.00      0.00
    1.23      0.00
    0.00      0.00
    0.00      0.00
    0.00      0.00
    0.00      0.00
    0.00      0.00
    0.00      0.00
    0.00      0.00
    0.00      0.00
    0.00      0.00
    0.00      0.00
  112.17    156.56
  174.78    260.89
  238.27    235.62
  113.27    121.01
  227.93    245.00
   91.43     71.62
  112.26     61.33
   54.67     48.73
   68.85     48.79
  109.39     78.40
   27.53      3.90
   53.13     56.39
   22.77     24.34
   31.55      9.29
   25.89      2.45
   10.24     17.90
    0.72     14.80
   14.79     15.59
    0.00     30.20
   31.00     33.01
   32.95     33.89
   31.71      1.43
   31.79      0.72
    1.44      0.72
    0.72      0.00
    0.00      1.31
    0.65      0.00
    0.72      0.72
    0.72      0.00
    0.00      0.00
    0.00      0.00
    0.00      0.00
    0.00      0.00
    1.31      1.44
    0.00      0.00
    1.31      1.37
    0.00      0.72
    0.00      0.00
    0.72      0.00
    0.00      0.00
    0.00      0.00
    0.00      0.00
    0.00      0.00
    0.00      0.00
    0.00      0.00
    0.00      0.00
    0.00      0.00
    0.00      0.00
    0.00      0.00
    0.00      0.00
    0.00      0.00
    1.31      0.72
   17.15     18.13
   31.34     31.57
   31.56     29.78
   31.39     32.27
   17.16     16.42
   16.43     29.42
   28.73     17.83
   18.71     44.41
    2.03      3.40
   32.93      1.43
    1.44      0.65
   15.74     30.91
    1.31     17.09
    1.44      0.00
   16.54      1.45
   15.05      0.72
    0.00      0.00
    0.00     29.98
   14.99     17.10
    0.00      1.96
   34.91      4.26
    3.40      1.44
    1.44      0.72
    0.72      0.00
    0.72      0.65
    0.65      0.72
    0.65      0.72
    0.72      0.00
    0.00      0.00
    0.00      0.00
    0.00      0.00
    0.00      1.31
    0.00      0.00
    0.72      1.31
    0.72      0.00
    0.00      0.00
    0.65      0.72
    1.44      0.00
    0.00      0.00
    0.00      0.00
    0.00      0.00
    0.00      0.00
    0.00      0.00
    0.00      0.00
    0.00      0.00
    0.00      0.00
    0.00      0.00
    0.00      0.00
   93.58    158.35
  161.41    197.01
  115.68    162.45
  187.14    296.64
  166.90    119.96
  156.21     66.31
  205.45    129.95
  121.65     85.23
  124.62     97.04
   95.05     89.01
   75.94     75.75
   21.25     17.90
   50.86      5.62
    3.85      3.11
    0.72      0.00
    2.03      2.03
   15.51     31.75
    1.44     15.10
    0.00      0.00
   31.47      1.44
    0.00      0.00
    0.00      0.00
    0.65     32.17
   17.12     17.98
    0.65      2.09
   34.45      2.14
    0.65      0.72
    2.16      0.65
    0.00      0.65
    1.37      0.72
    0.00      0.00
    0.72      0.00
    0.00      0.00
    0.00      0.00
    0.00      0.00
    0.65      0.72
    0.65      0.72
    0.00      0.00
    0.65      0.65
    0.65      1.44
    0.00      0.00
    0.72      0.00
    0.00      0.00
    0.00      0.00
    0.00      0.00
    0.00      0.00
    0.00      0.00
    0.00      0.00
    0.00      0.00
    0.00      0.00
    0.00      0.00
    1.31      2.09
    4.20     17.79
   45.29     17.33
    1.37     15.09
   73.84     59.52
   16.46     18.55
    4.92      1.44
    0.65     15.74
   28.74     30.16
   16.40     30.89
   60.90     35.70
    2.86      1.31
    2.16      0.65
   19.91     15.77
    0.72      0.72
    0.65      2.03
    2.75      1.44
    0.72      0.00
   14.99     31.46
    0.00      0.00
    0.00      0.00
   17.23      0.65
    0.00      2.03
    0.00      0.65
    3.40      4.12
    2.03      2.09
    0.72      0.00
    2.75      1.44
    2.75      2.10
    0.65      0.72
    0.00      0.00
    0.72      0.00
    0.00      0.00
    0.00      0.00
    0.00      0.65
    0.00      0.65
    0.72      0.00
    0.00      0.65
    1.95      0.65
    0.00      0.00
    0.65      0.72
    0.72      0.00
    0.72      0.00
    0.00      0.00
    0.00      0.00
    0.00      0.00
    0.00      0.00
    0.00      0.00
    0.00      0.00
  202.84    278.96
  211.23    260.48
  172.95    138.57
  154.03    216.52
   88.25     67.15
  153.42    147.57
   98.14     49.97
   88.90     38.90
   93.33     72.16
   25.16      3.20
   61.05     53.30
   55.51     54.95
   72.73     76.79
   41.46     33.55
   47.16     24.64
    1.38      0.00
   26.14     18.28
    2.82      1.37
    3.71      2.24
   13.61      0.81
   13.60     20.40
   12.88      0.81
   28.63     58.28
   21.44     11.74
    8.21      4.12
   25.90      1.78
    4.26      3.47
   15.88     15.16
    0.65      2.03
    1.44      1.31
    0.00      0.65
    2.68      0.00
    3.54      2.88
    0.72      0.00
    0.00      0.00
    0.00      0.00
    0.00      0.00
    0.65      0.72
    0.00      0.00
    0.65      0.72
    0.00      0.00
    0.65      1.37
    0.00      0.00
    0.65      0.72
    0.72      0.00
    0.00      0.00
    0.00      0.00
    0.00      0.00
    0.00      0.00
    0.00      0.00
    0.00      0.00
    1.31      2.09
    5.50      4.14
   31.61     32.03
   31.45     32.31
   30.96     31.32
   33.68     19.92
    1.37     15.00
   30.05     17.15
   17.75     32.92
    0.71      0.65
    2.75     16.47
   16.53      2.68
    0.72     17.02
   47.90     35.05
   32.26     15.74
   15.72     16.50
   19.19     16.41
    0.65      1.37
    1.36      2.10
    2.81      0.72
    0.72      0.65
    0.00      0.00
    0.00      0.00
    0.72      0.65
    0.65      1.37
    0.00      1.96
    2.03      1.44
    2.10      1.37
    2.75      1.44
    0.00      0.00
   16.17     16.32
    0.00      2.61
    0.65      0.72
    1.37      0.72
    4.19      1.44
    0.00      0.00
    0.00      0.65
    0.00      0.00
    0.41      0.65
    0.72      0.00
    0.00      0.65
    0.72      0.00
    0.00      0.65
    0.65      0.72
    0.72      0.00
    0.00      0.00
    0.72      0.00
    0.00      0.00
   72.55     99.92
  144.31    205.93
  131.75    137.17
   66.59    147.25
  189.17    205.06
   84.53     81.29
  119.96     96.39
  156.24     97.10
   91.83     38.59
  109.88    100.89
  148.16     96.18
   86.78     70.19
   61.74     57.85
   89.34     52.35
    9.74      3.58
   44.35     22.09
    1.31     17.85
    2.99      2.31
   47.23     33.08
   30.68     16.96
   17.91     16.53
   16.47     17.19
    1.37      0.65
    2.17      0.72
    2.89      0.00
    0.65      0.72
    0.00      0.65
    0.00      0.00
    0.65      2.03
    1.31      1.37
    2.75      3.47
    1.44      0.00
    0.65      1.37
    1.44      0.00
    0.00      0.65
   15.71     15.79
    1.37      2.68
    0.00      0.00
    1.37      0.72
    3.47      1.44
    0.65      0.00
    0.00      0.72
    0.00      0.00
    0.65      0.72
    0.00      0.00
    0.65      1.37
    0.00      0.00
    0.65      0.00
    0.72      0.72
    0.00      0.00
    0.00      0.00
    0.65      0.00
    0.65      1.44
    4.05     18.51
   62.31     32.82
   15.75     30.89
   17.14     31.64
   15.73     19.11
   18.59     17.09
   16.45     15.81
   15.02     30.84
   30.09      4.91
    2.82      1.37
    4.93     32.14
    0.65     15.67
    2.16     15.72
    2.10      2.03
   44.71      2.92
   17.89     17.09
    1.31      1.37
    1.37      2.10
   16.43      1.44
    2.68      2.82
   16.37     16.44
    1.31      3.47
    0.72      0.65
    0.00      0.00
    1.43      0.00
    0.72      0.65
    0.65      2.02
    2.03      2.03
    0.00      0.72
    2.09      1.37
    2.75      1.44
    0.65      0.00
    0.72      1.37
    0.65      0.72
    0.00      0.00
   15.10     16.55
    1.95      1.31
    0.00      0.65
    2.09      0.72
    1.31      1.37
    2.16      0.72
    0.00      0.00
    0.00      0.65
    0.72      0.00
    0.00      0.65
    0.65      0.72
    0.72      0.00
   73.45    100.92
  220.52    270.13
   91.86     87.63
  210.60    279.04
  117.18     92.49
  174.15     91.48
  117.34     82.34
   89.47     30.84
  131.59     93.58
   74.42     41.50
  157.58    134.05
   62.71     65.89
   76.46     39.85
   59.74     37.89
   34.67     11.67
    3.39      1.44
   11.76     33.40
    1.31     15.44
    0.72     16.54
   15.56      1.30
   33.11      4.21
   17.28     17.27
    0.00      1.31
    2.75      2.03
   16.61      1.44
    1.37      0.65
    0.00      0.72
   17.86     17.20
    0.00      0.72
    0.00      0.65
    1.37      2.03
    1.36      0.00
    2.03      1.37
    2.09      3.47
    1.37      0.65
    0.00      0.72
    1.44      0.65
    0.72      0.00
    0.65      0.72
    0.72      0.00
    0.00      0.00
    0.65      1.37
    0.65      0.00
    0.65      2.03
    0.72      0.72
    1.31      0.00
    2.10      2.16
    0.00      0.00
    0.65      1.37
    0.00      0.00
    0.00      0.00
    2.02      1.37
    2.03      2.75
    3.49      3.47
   17.20     30.91
   45.25     45.59
   31.42     32.24
   16.45     17.52
    4.90     17.03
   17.11      2.82
    0.72     15.74
    1.37     15.75
   15.82     15.74
   30.27     32.13
   17.13     17.91
   33.63     18.45
   32.10     18.54
    2.16      2.03
    2.80      0.72
    2.10     15.72
    0.65     31.38
    0.00      1.31
   17.10      0.72
   35.08      2.87
    0.65      3.40
    2.75      1.44
    0.65      0.00
    1.37      2.75
    0.72      0.00
    0.00      0.00
    1.37      1.31
    0.65      2.75
    2.03      2.75
    0.65      1.37
    1.44      0.65
    2.82      0.72
    2.68      1.44
    0.00      0.72
    0.72      0.65
    0.65      0.72
    0.00      0.00
    0.72      0.65
    0.00      0.65
    0.00      0.00
    0.72      0.65
    0.72      0.65
    0.65      1.31
    0.72      0.72
    0.00      0.65
    3.47      1.44
   87.18    125.89
  230.87    234.71
   26.01     58.51
   82.38    134.69
   46.56     82.52
  114.54    106.90
  102.67    121.78
  140.49     87.59
  113.37     35.02
   72.01     47.33
   70.82     34.25
    0.65      1.37
  113.43    108.34
   49.31     45.11
   78.02     84.22
   96.52     76.03
   76.54     86.25
   51.59     21.89
   70.84     64.49
   49.95     30.12
    4.47      1.52
   11.76      0.00
    5.12     16.48
    1.31     32.97
    0.65      1.37
   17.25      2.03
   33.24      3.54
    2.75      1.44
    0.65      0.65
    0.00      0.72
    2.09      0.72
    0.00      0.00
    0.65      2.68
    0.00      0.65
    1.31      1.44
    4.12      2.03
    0.65      4.12
    2.09      0.72
    0.00      0.65
    2.88      0.00
    0.00      0.00
    1.37      0.72
    0.00      0.00
    0.00      0.00
    1.31      0.72
    0.00      0.72
    0.00      0.00
    0.00      0.65
    0.65      0.72
    1.37      2.03
    0.00      0.00
    1.96      2.75
    4.05     17.84
   19.45     19.21
   17.24      2.09
   16.45     45.90
   15.74     30.88
   17.79     18.57
    3.54      2.03
    2.03     17.01
   19.18     17.90
    0.00      0.65
   16.53      2.10
    1.06     16.09
    1.44      0.72
    1.37     16.96
   17.24     47.19
   30.08     31.60
   32.65     16.77
   30.99      2.82
   36.22     20.69
    2.75      2.81
    0.72     14.37
    1.44      1.31
    0.72      0.00
   15.75      2.03
    2.75      4.77
    1.37      2.09
    0.72      0.00
    4.85      2.82
    1.37      1.37
    0.72      0.00
    0.72      0.65
    0.00      0.00
    1.37      0.65
    1.31      3.47
    0.00      0.65
    1.37      2.03
    1.44      0.00
    3.33      2.82
    1.44      0.72
    0.65      1.37
    0.00      0.00
    0.00      0.00
    1.44      1.31
    0.00      0.00
    0.00      0.00
    1.44      0.00
    0.00      0.65
   46.13     52.93
  119.48    126.48
   38.01    157.76
  141.48    250.65
   56.26    122.22
  191.75    174.58
   28.95     19.77
  204.81    158.94
  101.21     48.33
  145.68     90.73
   26.97     33.90
  114.92     71.95
   41.31     20.87
  115.02    101.00
   29.40      7.65
   57.72     34.12
   37.59     21.67
    1.31     18.41
   14.50     18.99
    1.37     15.82
   31.54     31.67
   31.19     47.85
   17.34      2.03
   31.80      1.44
   34.48     19.44
    0.65      1.37
    2.03     16.82
    1.46      0.72
    2.09      1.96
   16.88      2.16
    2.75      3.40
    1.37      1.44
    1.37      1.37
    2.75      1.44
    0.72      0.00
    0.65      1.37
    0.00      1.31
    0.65      0.72
    1.37      0.00
    2.75      3.47
    0.00      0.65
    1.31      2.10
    0.72      0.65
    1.44      0.00
    1.37      0.65
    1.37      1.44
    0.00      0.00
    0.00      0.00
    1.31      1.44
    0.72      0.00
    0.00      0.00
    0.00      0.00
    1.96      2.82
    3.49      4.05
    3.47     16.41
   16.46     17.75
   32.26     33.62
   17.89      2.75
    2.03      2.75
   17.81     17.73
   35.57     61.76
   32.38     17.28
    3.41      4.71
   31.32     16.94
   32.27     33.71
    2.11     15.66
    2.16      1.37
   18.61      1.37
    1.44     16.40
    2.03      2.09
    1.44     16.27
   16.49      2.09
    1.37      1.37
   17.88     31.43
    1.96      2.75
   15.72     16.51
   32.22      2.03
    2.03      4.84
    1.31      1.44
    2.09     17.02
    4.84      4.12
    1.44      0.00
   16.52      0.65
    3.47      3.47
    0.65      1.37
    0.72      0.65
    1.37      0.00
    2.09      1.37
    0.65      2.03
    0.65      2.09
    1.44      0.00
    0.72      0.65
    1.31      0.72
    1.37      1.44
    2.03      0.65
    0.00      2.09
    0.00      0.00
    0.00      0.65
    1.44      0.65
    0.65      1.37
   44.34     49.44
  115.26    224.53
  111.22     99.48
   42.92    153.47
   91.21    138.22
   43.59     52.50
  138.01    133.53
   80.13     33.69
  150.82     61.87
   41.48     29.22
  179.66    140.06
  103.34    100.41
  123.86     90.48
   78.64     47.63
   86.15     71.43
   34.22      6.68
   65.38     78.84
   32.42     17.68
   48.35     10.83
    4.35      2.96
   12.42      3.18
    0.00     15.44
    1.96      2.75
    1.44     16.47
   17.61      2.08
    0.00      0.00
   17.27     32.95
    0.72      0.00
    1.37      2.03
   49.58     18.70
    0.65      3.40
    2.75      2.75
    2.75     16.56
    4.91      2.75
    0.00      0.00
   18.59      2.82
    0.72      1.37
    1.37      1.37
    0.00      0.65
    0.65      0.65
    2.09      1.44
    1.37      1.37
    1.37      2.03
    0.65      0.00
    0.72      1.37
    0.72      0.00
    0.72      0.00
    2.03      0.65
    0.00      1.44
    0.00      0.00
    0.65      0.72
    1.37      1.37
    1.96      2.75
    4.86      4.12
    2.09      2.75
    2.03      1.44
   15.82     31.39
   33.52     18.45
   17.11     17.89
    2.87      3.26
   17.70     15.52
    4.12     31.62
    1.96     32.13
   76.85     50.04
   47.76     20.61
    2.82     18.39
   33.58     31.70
   21.48      4.19
    1.37     15.02
   31.43     32.78
    2.03      1.37
    2.16      1.37
   17.34      2.03
    2.68      2.16
    0.72     15.65
    1.37      0.00
    0.65      2.09
   16.43      1.36
    0.65      1.37
    1.44      2.61
    0.65      0.00
    1.37      1.44
    4.05      3.47
    4.71      5.43
    0.00      2.16
    2.16      1.96
    3.47      1.37
    2.08      2.09
    1.44      0.00
    2.03      2.03
    1.37      0.72
    0.72      1.37
    1.37      1.37
    0.00      0.65
    1.37      0.72
    2.03      0.72
    0.00      0.72
    1.37      1.37
    0.00      0.00
    0.00      0.65
  125.14    210.66
   37.54     56.43
   71.56    261.90
  100.34    125.03
   82.55     70.52
  139.85    108.96
   62.01     71.67
  187.93    154.25
   79.47     42.73
  127.03    107.81
  101.59     87.82
   80.52     50.07
   94.25     68.15
   92.19    118.40
   93.61     58.19
   84.18     25.48
   20.29     20.49
   26.49     20.36
   18.89     17.66
   16.52      2.09
    4.77      2.16
    1.37     31.99
   32.31     17.18
    0.65      1.37
   18.38      1.44
    0.72      1.37
    0.65      0.65
    0.00     15.83
    0.72      0.00
    2.03      2.09
   15.81      1.37
    1.38      2.10
    0.65      3.33
    1.44      0.65
    1.37      0.65
    4.71      4.19
    3.40      4.19
    2.10      1.44
    2.68      2.82
    2.82      2.03
    0.65      0.65
    0.65      1.37
    1.44      0.72
    1.37      1.37
    0.00      0.00
    1.37      2.02
    1.37      1.37
    0.00      0.00
    1.44      0.00
    0.72      0.00
    0.65      0.72
    1.31      2.09
    4.79      3.49
    4.12      3.40
    1.37      3.47
    1.37      2.03
    0.72      0.00
    2.68     17.74
   31.37     46.70
   33.78      5.56
   17.80     32.82
   34.07     18.31
    1.96     30.90
   32.31     31.59
   60.03     38.11
    4.18     46.48
   18.44      5.50
   19.85      4.91
   35.10     19.11
    2.75     17.08
   17.10      3.98
   17.16     15.77
    4.20      2.03
    2.09      1.37
    4.71     19.20
    1.44      1.44
    0.00      0.65
   16.44      0.00
    1.36      2.09
    0.72      0.72
    0.68      1.31
    0.65      2.03
    1.37      0.65
    2.75      2.16
    2.09      0.65
    0.72      2.68
    0.65      1.96
    1.31      2.75
    3.47      2.75
    4.12      4.12
    3.54      2.10
    2.82      0.65
    2.09      1.44
    0.65      1.37
    0.72      0.00
    0.65      1.37
    1.37      1.37
    0.00      0.00
    2.68      2.16
   78.87     52.63
   78.76    211.19
   21.78     91.36
   82.79    251.46
   50.07     26.43
   81.74     94.37
   96.86     82.72
   96.91     57.09
  118.95     71.14
   89.03     54.20
  144.48    111.22
   56.06     27.06
   45.31     52.93
  130.08     64.01
   51.43     63.35
  167.45    150.66
   48.04     25.08
   78.25     85.08
   55.83     13.65
   28.94     37.42
   33.82      6.79
   18.01     16.50
   19.97      3.60
    1.37     16.55
   17.87      5.44
   15.83     17.20
    4.18      0.72
    2.44      1.85
    2.10     17.87
    0.72      0.65
    0.65      0.72
   17.35      0.00
    1.38      0.72
    0.65      3.40
    1.96      2.10
    1.44      1.38
    1.38      0.72
    0.72      0.65
    1.37      1.31
    1.96      2.82
    2.03      2.10
    2.75      3.47
    3.27      4.12
    3.47      4.19
    1.44      0.00
    2.09      1.37
    2.09      1.37
    0.00      0.00
    0.00      0.65
    1.44      1.31
    0.65      1.37
    0.00      0.65
    4.77      1.44
    4.93      4.16
    2.75      3.47
    2.03      1.37
    1.44      2.03
    0.65      0.72
    1.31      1.44
    0.65     31.99
   48.87     46.61
   32.82     34.87
   19.70      2.88
   34.16     32.21
   32.12     33.68
   18.24     32.68
   32.48     17.74
   32.24     31.56
    0.72     18.32
    5.57      4.12
   48.61     22.58
    5.57     17.78
    3.46     17.75
   18.46      4.27
   19.35      2.75
    3.47      1.37
    3.40      3.47
    1.44      2.03
    1.31      1.37
    0.72      0.72
    2.75      1.37
    2.03      3.47
    0.65      1.37
    0.72      0.65
    1.37      2.03
    1.37      0.65
    2.75      2.09
    2.16      0.72
    0.65      1.37
    1.54      1.30
    0.00      1.96
    1.31      2.09
    3.54      2.68
    2.10      1.96
    4.77      3.54
    2.16      2.03
    1.96      2.82
    2.82      0.72
    1.37      0.00
    1.37      2.09
   85.94    143.98
  108.54    152.63
   31.28    162.46
   73.30    132.23
   49.87     51.40
   40.99     49.38
  154.35    129.94
   11.64      5.15
  137.12    107.36
   66.43     26.99
   35.70     90.30
  169.47     95.65
  112.35     85.42
   85.72     68.85
   86.87     44.04
   62.37     46.22
   43.49     47.15
   32.58     39.92
   28.59     28.83
  100.02     69.63
   42.57     43.32
   11.70      5.79
   42.39     19.60
   21.46     22.02
    4.77     17.91
    4.20      4.12
   33.43      5.65
    2.74      2.10
    1.44      0.65
    2.03      1.37
    0.72      2.03
    0.00      0.65
    2.10      1.37
    1.37      1.37
    4.12      2.09
    2.03      2.82
    0.72      0.65
    1.96      3.47
    0.72      0.00
    2.10      0.72
    0.72      0.00
    0.65      1.37
    1.31      2.75
    2.61      2.17
    1.37      4.05
    2.75      2.09
    2.75      2.03
    2.75      2.81
    1.37      1.96
    2.10      1.44
    1.37      0.72
    2.75      1.31
    4.21      6.15
    2.75      3.40
    2.09      1.37
    3.54      1.37
    2.10      1.37
    1.31      1.44
   15.02     15.15
    1.37      1.30
    2.09      4.05
   17.90     60.78
   48.58     47.21
   76.41     49.17
   20.69     19.35
   16.14      4.19
   20.61     35.11
   17.18      2.75
    1.37     17.73
    1.44      1.96
    2.75     17.71
   20.76      2.82
   16.95     33.51
   30.22     17.82
    2.03      3.33
   19.17      4.77
    5.56     19.25
    4.13      2.75
    3.47      2.82
   17.08      2.74
    2.03      1.44
    0.65      0.72
    2.82      1.31
    0.65      2.09
    0.65      2.03
    2.10      2.03
    0.65      1.37
    2.03      2.03
    3.54      2.09
    2.44      2.09
    2.82      0.72
    0.00      0.65
    0.72      1.31
    0.00      1.96
    1.37      1.31
    4.19      2.82
    2.75      2.05
    1.38      2.03
    3.49      2.09
   71.50     73.55
   84.40    153.85
   24.44    156.24
   23.95     82.37
   96.95    159.26
   30.87     30.19
   67.01     71.23
   80.47     61.72
  115.42     34.27
   83.46     75.77
  151.35     76.71
   42.85     33.79
   84.67     77.57
   97.71    104.75
  174.46     99.48
   84.25     63.88
   77.12     64.79
   32.47     35.86
   20.10     30.83
   55.83      8.48
   28.59     24.28
   19.86      8.70
   29.11     46.79
   29.45      9.05
   17.85     18.27
   28.26     19.09
    1.37     17.13
   32.27     21.73
    5.50      3.40
   19.39      4.26
    2.89     15.11
    1.38      1.31
    1.37      2.10
   19.23      4.11
    0.72      0.72
    1.37      2.03
    2.10      0.65
    1.44      1.37
    2.68      2.75
    0.72      1.37
    1.96      3.47
    3.40      2.10
    2.10      1.44
    2.16      0.00
    0.00      0.00
    2.61      3.49
    1.31      2.10
    1.31      2.82
    2.03      1.31
    1.44      2.77
    3.49      2.10
    0.72      0.65
    3.33      3.47
    5.58      5.51
    3.47      4.05
    2.82      3.99
    1.37      2.03
    2.09      0.72
   17.19     15.15
    4.12      1.44
    1.31      2.75
   16.44     18.47
    3.47      2.75
    3.47     29.46
   74.86     94.22
   21.24     18.59
   19.26     36.30
   64.59      6.35
   34.79     34.05
    3.47      4.12
    1.44     15.67
    2.09      2.68
    0.65      1.37
   18.61      2.74
    2.09      2.03
   19.09     19.23
    1.44      2.82
    1.44     16.95
    3.47      2.75
    4.12      4.05
   35.55     20.04
    2.09      1.37
    1.37      2.75
    2.09      1.37
    2.09      1.37
    2.03      2.09
    3.33      2.82
    2.03      2.09
    0.72      2.68
    0.72      0.65
    0.65      2.03
    2.82      1.37
    2.09      2.03
    3.33      3.47
    1.44      1.37
    2.09      2.68
    1.44      1.31
    0.74      0.65
    2.16      1.31
    4.05      2.88
   91.77    130.43
  113.28    145.75
   26.77    212.65
   29.70    133.74
   94.10     89.74
   51.80     51.11
   51.60    109.39
   47.46     80.08
   90.91    109.14
   72.52     67.81
   67.68     41.06
  102.77     64.94
   87.98     61.54
   35.48     15.92
  133.80    115.39
   84.09     40.63
   91.11     72.69
   78.18     88.93
  108.50     83.93
   63.84     34.23
   77.39     60.41
   56.02     42.99
   57.14     43.53
   27.54     22.49
   39.97     32.98
   29.42      9.03
   23.36      5.06
   27.82     20.81
    2.03      2.75
   15.77     17.94
    3.40     17.79
    5.64      2.82
    0.65      1.38
   31.73     17.27
    2.03      3.40
    1.37      1.37
    1.44      1.31
    3.49      2.05
    1.44      1.38
    2.37      2.57
    2.82      0.72
    2.68      3.47
    0.65      1.31
    1.31      2.10
    0.72      2.03
    3.47      2.75
    2.75      1.46
    2.03      0.72
    4.05      4.25
    1.31      2.75
    0.65      0.65
    1.96      2.03
    5.50      7.62
    5.60      3.42
    4.19      4.19
    2.10     15.10
   17.34      1.96
    0.65      2.03
    0.65      3.33
    2.03     16.54
   32.20     17.08
    4.33      4.05
    5.49      4.19
    4.05      2.09
   33.40     49.95
   17.86     32.80
   33.47     32.84
    6.87     22.82
   33.39     20.49
   39.20     21.46
   15.80     18.46
    2.16      1.37
   31.53     34.24
   30.83     17.16
    2.82      1.37
    1.31      2.09
    4.98     16.32
    0.72      2.68
    4.05      4.12
   18.54      2.08
    2.82      2.10
   17.67     19.77
    2.84      1.44
   17.54     18.32
    0.72      0.65
    3.88      1.78
    2.09      1.44
    2.68      4.14
    2.03      1.44
    1.47      0.65
    3.52      2.77
    0.00      1.96
    1.96      2.10
    2.82      2.10
    2.09      0.72
    2.75      2.68
    1.31      2.75
    0.72      2.03
    2.91      3.27
   46.55     79.90
   93.53    153.91
   40.92    127.84
   45.20    178.71
   81.74     97.97
   42.64     39.94
   37.30     29.98
   99.89     84.30
   55.04     42.59
   59.16     13.80
  129.04     74.55
   42.73     72.90
   45.23     80.34
   88.61     46.22
    6.91     22.60
   70.60     44.60
   19.73     33.43
   56.73     74.46
   72.94     76.68
  130.33     81.52
   89.02     43.21
   24.15     18.53
   15.46      2.16
   27.93     18.01
    4.86     25.32
   43.16      2.29
   30.25     73.05
   44.87     30.47
   21.34      2.30
   11.70     17.07
    9.87      6.29
    4.23      2.09
   17.19      2.82
    2.83      2.05
   15.11     16.57
    3.33      3.54
   16.37     17.73
    1.30      1.37
    2.16      2.03
    2.18      0.65
    3.47      1.96
    1.37      2.16
    0.72      0.00
    3.49      2.11
    0.65      1.31
    1.96      3.47
    2.03      2.81
    2.09      0.72
    2.82      1.39
    1.96      2.09
    1.37      1.44
    2.61      2.82
    3.98      6.22
    4.21      4.77
    6.24      4.05
    4.05      6.96
    3.49      3.40
    2.84      0.72
    1.37     15.72
   17.89      0.72
    0.00      1.37
    0.65     18.34
   18.55      4.71
   17.13     31.22
   19.62      4.84
   23.09     20.55
   15.68     18.35
   19.13     34.27
   22.76     22.64
    3.40     34.14
   50.15     37.06
   53.76     21.46
    2.16     15.65
    2.82      2.03
    1.37      2.68
   18.52      3.47
    1.44      0.65
    1.31      2.03
    3.47      2.82
   30.72     32.25
    1.37     33.37
   17.03      4.19
    4.91      3.40
   18.56      2.81
    2.83      0.74
    2.18      1.96
    2.03      1.37
    1.37      1.37
    2.68      2.75
   18.45     18.11
    2.68      2.82
    0.65      1.37
    0.72      0.00
    2.75      3.40
    1.38      1.38
    1.37      1.31
    2.12      2.12
    0.65      2.03
    3.47      2.75
    1.39      1.37
  112.60    107.22
   45.32    153.50
   32.44    135.53
   74.36    230.40
   49.93     25.50
   86.02     82.38
   59.23     32.58
   44.06     42.06
   30.64     10.28
   21.59     37.91
  144.36     87.85
   56.48     33.06
   90.49    121.32
  124.32     40.69
    4.05     28.84
  115.25     87.18
   57.28     34.32
   49.20     57.84
   88.24     67.97
   56.30     50.25
   62.23     76.11
   50.66     71.11
   36.32      3.60
   51.55     25.91
   30.73     40.04
   71.48     44.88
   30.13     16.54
   37.26      4.56
   11.65      2.03
    5.65      2.83
    0.65      0.72
    3.40      2.03
   33.83     35.20
    1.31     17.54
    3.47     17.91
   18.57      2.17
   16.98      2.12
    1.31      1.96
    2.09      3.47
    2.77      2.75
    0.72      0.65
    2.10      0.65
    2.75      3.47
    1.37      0.72
    0.72      0.65
    2.10      0.72
    1.31      2.68
    2.03      2.10
    2.05      2.83
    2.10      1.39
    1.37      2.03
    2.68      1.37
    4.79      5.56
    6.22      4.84
    4.77      4.91
    2.61      5.52
    2.82      2.03
    1.96      4.07
    4.05      5.60
    4.90      1.31
    1.37      2.90
   20.02     16.52
    4.84     17.86
    2.02     17.77
   32.74     36.88
   20.16     16.92
   16.39     17.91
    4.78      3.47
   18.47     34.08
   33.92     49.16
   36.86     23.16
   10.47     37.78
   35.06     22.58
   19.96      2.83
   16.63     17.69
   16.43      2.67
   17.83     16.54
    2.90      3.33
    2.68      2.16
    3.47     16.41
    3.47      2.82
    0.00      1.31
   17.19      4.11
    1.37      1.37
    2.10      2.68
    5.43      4.84
    2.84     16.46
    0.72      0.65
    2.26      1.31
   18.38      4.85
    2.75      1.44
    2.03      1.44
    2.75      2.75
    0.00      0.65
    2.03      1.44
    2.67      2.75
    1.44      0.00
    0.72      2.61
    1.37      1.37
   84.39    140.92
   33.11     55.31
   97.52    250.45
   37.90      4.94
   32.76     80.76
   45.73     50.02
   24.36    133.16
   65.40     87.66
   94.22     77.80
   38.37     68.60
  103.56     74.46
   88.41     63.67
  105.02     87.95
   47.25     11.25
   40.59     24.04
   25.01     55.93
   88.47     42.65
   58.56     65.06
   32.77     32.28
   41.46     27.71
   15.44      3.97
  123.94    108.49
   68.44     75.92
  118.81     79.20
   90.98     57.10
   63.48     37.96
   50.63     12.00
   42.02     35.11
   27.55      5.85
    2.10     15.75
    4.20      2.10
    4.13      3.47
   16.54      1.44
    1.31     16.18
    2.10      2.75
    3.34      2.82
   16.92      3.39
    1.96      2.84
    3.49      1.44
    2.10      2.03
    0.00     15.77
    3.42      3.40
    2.03      2.75
   17.29      3.48
    2.10      1.37
    0.72      1.31
    3.40      1.44
    2.10      0.72
    1.44      0.72
    0.65      2.05
    0.00      1.31
    1.31      1.44
    4.06      4.78
    5.50      4.21
    6.17      6.96
    2.84      0.00
    2.03      4.71
    4.05      4.21
    2.70      3.56
    3.40      2.84
    3.40      1.44
   17.04     19.12
    4.78      5.45
    4.89     19.32
    4.64      6.29
   19.42     17.74
   33.66     47.20
   19.27     18.56
   50.99     39.04
    4.87     17.94
    2.68      3.47
    7.59     20.53
   19.31     21.33
   37.35     21.61
    4.98     20.95
   20.06     16.38
    2.75     17.78
   21.75     33.14
   17.21      2.09
   16.22      3.47
   18.48      4.12
    3.40      4.84
    4.21     17.53
    0.72      0.65
    2.75      2.10
    1.37     18.33
   18.35      2.16
    2.17      0.65
    4.72      2.61
   18.43      4.36
    2.10      0.72
    0.72      2.70
    0.65      2.03
    1.37      2.03
    3.40      2.16
    2.10      0.72
    3.40      3.47
    0.65      2.68
    1.31      1.44
    2.09      0.72
  105.45    164.84
   84.38    154.57
   15.73     82.07
   23.87    130.92
   25.35     30.68
   89.14     92.93
   45.25     67.06
   76.64     78.49
   35.57     23.97
    8.15     12.20
   34.90      4.68
   25.49     17.27
    6.31      6.15
    4.63      4.58
    5.64     16.06
  209.02    145.56
   99.43     84.46
   69.52    112.91
   82.14    100.36
  104.21     67.59
   30.36     22.69
  102.68     88.85
   84.96     57.52
  106.83     77.41
   52.57     30.32
  117.95     78.14
   49.73     32.69
   28.63     18.87
   10.98     19.67
    3.40     16.82
    0.72     17.85
   33.63      3.47
    2.75      4.84
   20.78      3.48
    1.37      1.44
    2.10     16.31
    1.96      2.10
    3.47      2.17
   16.44     19.24
    1.96      2.77
    0.74      1.37
   20.10      2.16
    0.00      0.65
    1.72      2.44
    2.03      2.75
    1.31      2.75
    1.44      1.38
    1.44      0.65
    1.31      1.38
    3.47      2.10
    0.72      0.72
    3.40      3.40
    4.14      4.12
    4.06      3.40
    2.82      3.56
    2.75      2.03
    2.75      3.49
    0.65      1.37
    2.70      2.75
    3.34      2.03
    3.35      5.83
    4.14      3.49
    5.43      4.77
    3.40      4.91
    5.36      5.50
    3.33     19.87
   20.00      6.89
   34.81     31.68
    4.85     18.34
   34.92     35.79
   35.60     21.94
    7.00      8.17
    5.56     33.96
   34.64     21.74
    7.10     34.83
   36.30     62.99
    4.91      4.78
   63.21     20.45
   19.03     16.89
    2.09      2.09
    2.12      0.65
    1.37     18.34
    2.61      2.82
    2.75      5.43
   20.09      3.56
    2.09      2.03
    2.75      1.96
    1.37      3.47
    3.95     16.46
    1.44      0.65
    1.37      1.39
   19.17      5.52
    2.16      1.44
    1.37      2.03
    1.44      1.31
    0.65      0.65
    3.47      2.10
    1.31      1.44
    2.16      2.03
   45.48     74.90
   90.06    152.32
   32.18    106.59
   45.55    199.88
   11.72     33.39
   44.74     55.66
   23.42     61.10
   82.63    107.54
   88.41     77.38
   50.37     56.65
   85.27     58.30
   37.44     57.03
   89.33     28.42
   35.92     18.89
   55.24      5.57
   30.13     63.34
    4.85      4.06
  116.36    125.74
   81.75     32.95
  130.52     72.06
   39.61     71.11
  143.09     67.78
   80.72     37.14
    5.38     20.88
   75.10     52.05
   67.08     52.76
   49.12     56.34
   31.61     19.71
   51.17     76.36
   54.99     25.55
   17.88      3.54
   42.94     20.30
    0.00      1.37
    2.81      1.96
   27.88      2.84
    3.27     40.46
   30.66      5.25
    4.27     27.80
   28.60     15.91
   20.54     18.95
   13.78      2.16
    5.64      3.40
    2.05      3.42
    1.39      0.65
    2.09      2.09
    3.40      1.44
    2.10      2.75
    1.31      2.03
    2.03      1.44
    0.72      2.03
    1.37      2.03
    2.10      1.38
    3.27      2.75
    4.28      4.85
    4.91      4.06
    2.03      0.65
    1.37      4.14
    5.49      2.16
    0.00      0.72
    1.38      0.72
    0.65      1.37
    2.61      2.82
    1.31      4.14
    4.06      4.86
    6.08      6.16
    6.10      5.72
    4.75      6.29
   20.02     17.09
    5.50      8.85
    5.57     18.51
   18.26     17.73
   39.52     38.30
   20.35     20.59
    4.84      5.50
   21.17     21.85
   21.41     23.30
   36.06     39.54
    7.74     16.49
    6.38      4.78
    6.49     17.68
   31.36     33.66
   34.22     31.89
   17.86      1.44
   17.13     18.63
   17.82      3.56
    0.72      1.31
    3.39      4.71
    4.86      3.49
    2.10      2.77
    3.57      1.39
    3.56      3.40
    2.03     17.17
    1.39      1.31
    3.51      2.20
   16.54      2.75
    2.68      2.82
    0.72      2.61
    2.10      0.72
    0.72      1.96
   20.38     28.68
   89.26    149.55
   52.41    108.11
   21.19    168.99
   36.67     76.06
   24.45     57.93
   43.95     56.26
    3.48     63.14
   34.89     87.18
   22.87     54.41
   52.20     58.94
   90.26     38.27
  127.20     76.95
   21.97     13.00
   48.98     28.00
   10.28      5.47
   81.90     35.93
   28.73      8.53
  117.10    108.37
   86.33     28.76
   81.50     63.48
  125.20     99.52
  124.06    112.39
   45.99     24.15
   30.08     34.74
   21.02     36.11
   45.15     40.39
   52.59     26.75
   74.66     58.94
   35.56     39.70
   99.58     76.28
    4.12      2.10
   67.61    114.21
   25.48      4.26
   55.54     28.85
    1.37     15.76
   14.87      0.72
   19.88     20.66
   17.11      4.12
    5.01      4.28
    3.55      2.75
    4.12      2.75
    2.03      2.12
    1.39      2.14
    4.91      2.75
    1.39     18.23
    0.65      1.37
    2.05      2.10
   19.07      2.10
    2.10      0.72
    2.03      4.78
    0.00      0.65
    2.78      2.10
    4.06      5.50
    5.59      4.71
    4.85      3.47
    1.31      2.10
    3.54      2.03
    1.37      1.46
    0.72      0.65
    0.72      0.65
    1.96      2.82
    2.75      1.44
    2.03      2.10
    5.35      3.40
    4.13      4.28
    1.31      2.82
    4.06     18.57
   16.90      4.06
    6.11      9.67
    5.45     19.23
    5.50      2.84
   68.69     71.32
   37.18     24.06
    8.33     23.93
   24.46      2.77
   19.16     20.61
   19.99     23.85
    6.22     36.14
    7.08      6.08
   22.21      4.18
    4.19     18.18
   33.03     18.59
   18.91     20.62
    5.58      1.37
    3.40      2.10
   16.61      3.56
   15.83     17.22
    0.00      1.31
    3.16      2.68
   17.86     19.22
   18.20     18.99
    4.19      2.10
    2.88      1.31
    4.06      4.16
    1.39      2.05
    2.85      1.48
    3.49      2.11
    0.72     17.61
    1.96      2.82
   48.26     80.43
   75.06     97.00
   49.32    160.09
    4.11    107.59
   67.98    110.02
   24.29     44.35
   10.01      4.12
    4.12    115.52
    2.91     79.46
   28.21     28.03
   69.58     48.59
   57.75     66.25
   99.47     52.68
  105.32     62.60
  101.32     50.16
   55.15     57.05
  125.39     56.71
   55.19     61.63
  132.64    103.11
   96.96     15.85
   72.66     43.42
   23.96     11.98
   58.18     77.21
   10.26     24.76
  110.28     62.74
   41.81     41.84
   85.59     64.64
   37.69     24.31
   63.55     66.46
   35.31     13.27
  110.26    121.80
   41.79     10.86
   23.46     20.89
   40.53     41.82
    4.78      4.85
   42.87     47.94
   47.12     15.27
   21.35     16.03
   12.34      1.38
    4.83      3.48
    2.12      2.12
    1.96      3.40
    3.33      4.26
   19.65     17.69
    0.00      2.68
   17.77     17.18
    4.15      3.49
    2.12      1.39
    2.05      2.77
    1.46      1.31
    2.68      2.84
    2.75     17.86
    3.42      2.03
    6.99      6.29
   20.02      4.14
    2.75      3.47
    1.37      4.64
    2.75      2.10
    3.41      2.10
    2.10      2.12
    2.10      0.72
    0.65      0.65
    2.75      1.44
    1.37      2.03
    4.06      4.19
    3.42      3.54
    3.33      3.49
    2.68      2.89
    1.37     17.68
   19.96      4.85
    3.40      6.15
    7.68      4.78
    4.64      5.61
    5.45      4.98
    7.39     38.40
    4.79     34.90
   54.03     67.41
   51.81     27.35
   22.83      7.46
   23.52     22.61
   20.87      6.73
    7.60     21.32
   17.91      3.39
    4.19      2.75
   19.10     18.29
    6.87      2.82
    4.85     33.68
   15.84      2.09
    3.39      4.71
    2.44     17.85
   16.54      1.38
    3.56      2.70
   17.91      2.67
    2.61      6.22
    5.05      0.00
    1.37      2.05
   16.37     17.75
    2.77      2.11
    2.12      2.77
   34.18     43.06
  103.31    150.86
   48.21    105.75
   60.77    199.86
   26.00     76.79
   49.15    111.57
   69.82     53.55
   20.10    122.11
   41.92     50.88
   40.15     38.13
   50.84     41.10
   29.33     11.71
   21.37      2.80
   40.20     30.79
    9.62      3.42
   24.43     29.98
   33.28      3.40
    3.54      4.64
   59.79     46.67
   12.41      5.58
   28.18     70.10
   90.95     33.92
   30.41     42.24
   95.65     71.02
  102.88     49.33
   49.82     24.52
   33.25     96.52
   46.23     10.69
   65.91     57.04
   47.15     56.83
  115.91     74.91
   26.18      7.82
   23.88      8.42
   20.46     19.79
   18.94      4.77
   43.69     39.57
    2.76      4.78
   46.44     47.29
   32.26     26.36
    2.10      1.37
   11.61     17.13
    7.14      5.65
    4.05      4.12
    2.77     18.92
   17.18      0.72
    4.71      7.01
   21.14      2.17
    2.26      2.03
    0.65      0.00
    1.39      2.79
   17.14     17.90
    1.37      0.72
    0.72      1.96
    4.92      4.71
    6.10      4.95
    6.98      5.61
    2.68      3.42
    1.44      2.68
    4.06      2.82
    1.39      1.44
    2.68      3.49
    1.38      1.96
    2.03      2.84
    4.87      3.47
   17.55     16.40
    2.81      3.47
    2.11      1.37
    6.17      3.56
    2.61      2.18
    2.03      4.77
    3.33      3.47
    3.40     18.56
   19.85      4.71
    5.42      4.91
    4.64      5.63
    6.03     35.03
   35.33     24.09
   17.86     19.18
   23.43     23.83
   21.96     21.51
    4.93     23.77
    9.92     50.23
   34.48     22.01
   39.21     20.68
   20.51      6.82
    2.10      5.43
   18.60     15.66
   35.52     22.01
    6.17      5.59
    4.28      2.17
   17.98     17.12
    1.37      1.96
    1.39      2.03
   16.41     17.26
    4.27      4.01
    3.40      4.14
    4.06     20.44
    3.47      2.84
    5.05      0.00
   17.88      2.04
   63.92    107.23
    2.12      1.38
   87.46    237.70
    6.26      6.17
    4.73    159.39
    2.67      6.21
   43.45    158.98
    4.26      1.43
   51.04    190.17
   45.40     64.57
  104.16     88.02
   12.16     20.63
  113.16     57.97
   64.22     73.74
   60.57     58.66
   89.07     98.59
   40.69      5.07
   69.40     63.54
   68.98      9.23
   43.48     16.51
   14.06     14.40
   37.44     18.92
   36.61     42.19
   39.16     54.30
   89.68     33.45
   89.32     87.39
   77.66     49.84
   48.35     57.56
   47.41     40.06
   93.61     57.63
    9.45      9.11
   35.37     41.15
   76.42     56.99
   19.08     35.84
   77.23     30.24
   37.45     26.30
  113.34     65.86
    6.15      6.96
   30.10     50.29
   50.30     50.21
   29.66      4.56
    2.03      2.12
    4.50      0.87
    2.03      4.05
    2.61      2.75
   18.92     19.21
    3.54      2.68
    4.66      5.51
    3.40     19.38
    3.49      1.46
    2.77      2.68
   18.71      3.59
    2.03      2.03
    5.45      6.34
    4.21      3.34
    3.57      2.03
    2.03      4.06
    5.29      5.76
    2.18      0.72
    2.03      1.44
    1.37      1.37
    1.96      2.77
    2.61      4.80
    1.37      2.82
    4.80      4.12
    4.13      3.40
   18.70     19.94
    4.26      0.72
    1.38      1.38
    2.68      2.84
   18.85     19.30
    5.58     20.55
   19.63      4.85
    4.84      4.19
    4.64     33.52
   36.15      7.75
    6.81      7.01
    3.53     19.14
   22.03      5.52
   19.71     36.40
   19.06     22.59
   36.89     52.18
   39.64     40.23
   21.43      6.33
   23.40      5.00
   17.61     18.27
    3.42     20.48
   20.17     19.90
   19.24      4.22
    4.47      6.17
    6.15      4.92
    4.35      2.05
    4.12      4.14
   17.59     17.72
    0.00      1.31
    3.49      2.61
    3.42      5.52
    4.26      4.08
   17.69     17.91
   48.13     53.86
   66.32    133.32
   49.06     78.73
   55.86    184.33
   27.31     85.41
   17.04     29.06
   13.08     54.94
   92.67    168.74
   47.30     81.17
   53.63     75.90
   40.78      3.46
   36.64     41.58
   23.16     28.85
   55.17     28.62
   49.37     41.85
   17.79      5.57
   30.27     25.28
    9.56      7.76
   61.62     48.31
   38.11     57.79
   61.27     23.31
   27.14     40.92
   41.52     55.34
   48.47     55.08
   62.76     54.58
   68.06     46.15
  110.48    107.94
   35.65     20.12
   70.73     92.38
   58.74     14.70
   43.58     56.03
   75.06     35.29
   84.09     39.96
   78.06     98.32
   81.37     74.93
   64.26     43.60
   66.38     31.11
   29.81      6.67
   34.01     62.65
   28.46     16.77
    6.90      7.67
   19.10     16.64
    4.06      5.59
    4.95      4.25
    2.77      2.12
    2.86      2.03
    1.31      3.42
   20.60     20.72
    2.84      0.00
    2.84      4.06
    3.27      4.13
   17.82     20.11
    4.89      2.84
    8.31      5.38
    6.48      6.28
    2.75      4.71
    2.61      4.14
    4.30      2.14
    2.77      2.75
    2.88      0.72
    3.27      3.51
    3.49      2.19
    2.03      2.17
    2.03      2.12
    2.61      4.84
    3.92      4.19
    2.11      3.40
    3.54      2.68
    2.75      3.49
   17.80     19.17
    5.57      3.56
    3.51      3.42
   22.07     21.22
    4.05      2.17
    3.40     21.13
   21.38     17.25
    6.09     21.94
   34.17      4.91
    2.03     20.16
   19.63      6.29
   21.63     20.51
    6.22      7.32
    5.45     37.62
   35.87      4.85
   22.83     40.54
   39.66     19.89
   20.94     49.70
   19.33      3.44
    3.48     19.26
   34.01      6.75
   31.51     33.68
    6.40      5.49
    3.40      2.75
    3.47      4.13
    4.95      1.39
   18.91     18.35
    2.83      2.11
    0.65      3.27
    5.55      5.62
   18.34      2.04
   57.32    118.28
   33.51     44.97
    3.40    132.80
   68.87    135.40
    9.79      9.62
    4.94    105.86
    3.49    131.60
   28.31     46.98
   24.73     57.13
   86.82    156.04
   66.22     33.95
   22.91     40.97
   53.00     27.58
   18.53      2.83
   56.47     43.76
   88.04     76.41
   52.42     33.90
   42.24     31.23
   75.82     15.44
   48.72     53.74
   19.15      6.14
   77.24     55.04
   14.90     11.04
    7.69     63.14
   41.42     35.21
   43.83     25.88
   11.26     20.77
   59.36     57.88
   28.89     25.31
   83.61     46.68
   31.85     31.59
   71.05     89.57
   31.44     25.16
  125.71     96.01
    8.83     22.84
   80.16     87.68
   53.42     26.22
   34.98     36.93
  104.32     33.11
   36.23     41.54
   31.57     22.98
   23.33      7.18
    3.40      4.20
    5.45      4.24
    2.03      2.82
    3.60      2.03
    0.65      0.72
    4.06      4.82
   18.36     17.90
    2.86      2.18
    3.44      4.79
    0.65      0.65
    2.12      5.36
   38.30     31.03
    6.17      6.91
   31.97     32.94
    5.68      4.73
   28.62     29.12
    2.70      2.18
   11.72      0.74
    7.92      4.85
    2.77      2.68
    4.64      7.09
    3.99      2.21
    7.63     19.39
    2.12      2.12
    4.15      4.13
    2.61      2.75
   30.30     18.66
    0.00      1.96
   19.87     17.83
   18.93     19.87
    9.90      6.96
    4.06      5.52
    5.72      3.33
    8.69      6.94
    5.50      7.75
    4.05     17.61
   19.08      4.78
    4.88     34.29
   19.30      3.40
   19.29      6.21
   19.83     21.99
   22.83     23.30
    7.69     23.95
   22.95     34.28
    7.03     17.78
   33.77      8.41
    6.08     21.35
   36.34     17.69
   34.96     21.72
   17.56     34.02
    2.83      2.03
   20.74      6.72
    4.05      2.83
    5.58      4.97
    1.46      0.00
    2.90      1.96
    2.73      2.66
   63.02    105.91
    5.52      5.65
   76.95    226.68
   79.74     45.76
    9.54    139.73
    3.44     30.26
    3.38    107.73
   33.35     28.20
   26.20    152.05
   14.21     27.13
    3.39     12.31
   35.30     30.65
   58.33     34.78
   62.57    116.07
   56.81     53.82
   88.50     57.48
   54.59     22.30
   17.57     39.63
   56.09     32.74
   43.01     33.98
   44.86     63.20
   81.41     54.86
   46.77     71.35
   69.89     73.53
   49.65     38.66
   79.31     79.42
   73.96     39.91
   97.50     41.48
   28.88     35.40
   67.60     56.89
   91.11     43.33
   45.60     93.27
    6.22      5.51
   31.92     30.84
   53.38     66.80
   20.04     24.99
  109.87     24.08
   60.26     56.43
   25.48     10.59
   70.88     99.98
   62.09     13.92
   69.41     48.95
   45.94     37.32
   44.78     27.55
   74.08     49.57
    4.94      4.10
    5.52      2.68
    4.71      5.10
    3.56      0.72
    1.48      2.03
    2.68      4.12
    3.51      1.39
    1.31      1.44
    6.87      8.16
    6.56      6.28
    3.33      3.42
    3.51      5.50
    6.08      4.80
    3.51      4.32
    5.69      3.40
    2.61      4.15
    1.31      2.10
    2.75      1.37
    3.56      2.84
    4.73      5.59
    3.99      4.27
    4.07      6.82
   20.60     17.06
    4.73      4.78
    1.96      3.65
    3.41      2.68
   19.96     18.47
    2.75      6.15
   19.23     17.82
    4.71      7.60
    8.45      2.68
   19.57     22.79
    8.32      3.58
    2.70      4.85
    3.33      4.78
    4.12     19.96
    5.52      3.47
   21.44     19.96
   18.01      4.79
    5.45      8.21
   21.87     25.37
    8.49     19.74
   39.44     21.22
    3.40      2.82
   18.57     32.84
   20.81     52.85
   39.24      7.12
   17.85     20.02
    3.51      4.08
   19.31      2.75
   18.66     33.64
   34.06     19.13
   17.29     18.44
    3.23      4.02
    5.62      0.00
    0.00      0.00
    0.00      0.00
    0.00      0.00
    0.00      0.00
    0.00      0.00
    0.00      0.00
    0.00      0.00
    0.00      0.00
    0.00      0.00
    0.00      0.00
    0.00      0.00
    0.00      0.00
    0.00      0.00
    0.00      0.00
    0.00      0.00
    0.00      0.00
    0.00      0.00
    0.00      0.00
    0.00      0.00
    0.00      0.00
    0.00      0.00
    0.00      0.00
    0.00      0.00
    0.00      0.00
    0.00      0.00
    0.00      0.00
    0.00      0.00
    0.00      0.00
    0.00      0.00
    0.00      0.00
    0.00      0.00
    0.00      0.00
    0.00      0.00
    0.00      0.00
    0.00      0.00
