      h_eth1      
 KB/s in  KB/s out
    0.00      0.00
    0.00      0.00
    0.00      0.00
    0.00      0.00
    0.00      0.00
    0.00      0.00
    0.00      0.00
    0.00      0.00
    0.00      0.00
    0.00      0.00
    0.00      0.00
    0.00      0.00
    0.00      0.00
    0.00      0.00
    0.00      0.00
    0.00      0.00
    0.00      0.00
    0.00      0.00
    0.00      0.00
    0.00      0.00
    0.00      0.00
    0.00      0.00
    0.00      0.00
    0.00      0.00
    0.00      0.00
    0.00      0.00
    0.00      0.00
    2.05      0.00
    0.00      0.00
    0.00      0.00
    0.00      0.00
    0.00      0.00
    0.00      0.00
    0.00      0.00
    0.00      0.00
    0.00      0.00
    0.00      0.00
    0.00      0.00
    0.00      0.00
    0.00      0.00
    0.00      0.00
    0.00      0.00
    0.00      0.00
    0.00      0.00
    0.00      0.00
    0.00      0.00
    0.00      0.00
    0.00      0.00
    0.00      0.00
    0.00      0.00
    0.00      0.00
    0.00      0.00
    0.00      0.00
    0.00      0.00
    0.00      0.00
    0.00      0.00
    0.00      0.00
    0.00      0.00
    0.00      0.00
    0.00      0.00
    0.00      0.00
    0.00      0.00
    0.00      0.00
    0.00      0.00
    0.00      0.00
    0.00      0.00
    0.00      0.00
    0.00      0.00
    2.05      0.00
    0.00      0.00
    0.00      0.00
    0.00      0.00
    0.00      0.00
    0.00      0.00
    0.00      0.00
    0.00      0.00
    0.00      0.00
    0.00      0.00
    0.00      0.00
    0.00      0.00
    0.00      0.00
    0.00      0.00
    0.00      0.00
    0.00      0.00
    0.00      0.00
    0.00      0.00
    0.00      0.00
    0.00      0.00
    0.00      0.00
    0.00      0.00
    0.00      0.00
    0.00      0.00
    0.00      0.00
    0.00      0.00
    0.00      0.00
    0.00      0.00
    0.00      0.00
    0.00      0.00
    0.00      0.00
    0.00      0.00
    0.00      0.00
    0.00      0.00
    0.00      0.00
    0.00      0.00
    0.00      0.00
    0.00      0.00
    0.00      0.00
    0.00      0.00
    0.00      0.00
    2.04      0.00
    0.82      0.00
    0.00      0.00
    0.00      0.00
    0.00      0.00
    0.00      0.00
    0.00      0.00
    0.00      0.00
    0.00      0.00
    0.00      0.00
    0.00      0.00
    0.00      0.00
    0.00      0.00
    0.00      0.00
    0.00      0.00
    0.00      0.00
    0.00      0.00
    0.00      0.00
    0.00      0.00
    0.00      0.00
    0.00      0.00
    0.00      0.00
    0.00      0.00
    0.00      0.00
    0.00      0.00
    0.00      0.00
    0.00      0.00
    0.00      0.00
    0.00      0.00
    0.00      0.00
    0.00      0.00
    0.00      0.00
    0.00      0.00
    0.00      0.00
    0.00      0.00
    0.00      0.00
    0.00      0.00
    0.00      0.00
    0.00      0.00
    0.00      0.00
    0.00      0.00
    0.00      0.00
    0.00      0.00
    0.00      0.00
    0.00      0.00
    0.00      0.00
    0.00      0.00
    0.00      0.00
    0.00      0.00
    0.00      0.00
    0.00      0.00
    0.00      0.00
    0.00      0.00
    0.00      0.00
    0.00      0.00
    0.00      0.00
    0.00      0.00
    0.00      0.00
    0.00      0.00
    0.00      0.00
    0.00      0.00
    0.00      0.00
    0.00      0.00
    0.00      0.00
    0.00      0.00
    0.00      0.00
    0.00      0.00
    0.00      0.00
    0.00      0.00
    0.00      0.00
    0.00      0.00
    0.00      0.00
    0.00      0.00
    0.00      0.00
    0.00      0.00
    0.00      0.00
    0.00      0.00
    0.00      0.00
    0.00      0.00
    0.00      0.00
    0.00      0.00
    0.00      0.00
    1.36      0.00
    0.00      0.00
    0.00      0.00
    0.00      0.00
    0.00      0.00
    0.00      0.00
    0.00      0.00
    0.00      0.00
    0.00      0.00
    0.00      0.00
    0.00      0.00
    0.00      0.00
    0.00      0.00
    0.00      0.00
    0.00      0.00
    0.00      0.00
    0.00      0.00
    0.00      0.00
    1.23      0.00
    0.00      0.00
    0.00      0.00
    0.00      0.00
    0.00      0.00
    0.00      0.00
    0.00      0.00
    0.00      0.00
    0.00      0.00
    0.00      0.00
    0.00      0.00
    0.00      0.00
    0.00      0.00
    0.00      0.00
    0.00      0.00
    0.00      0.00
    0.00      0.00
    0.00      0.00
    0.00      0.00
    0.00      0.00
    0.00      0.00
    0.00      0.00
    0.68      0.00
    0.00      0.00
    0.00      0.00
    0.00      0.00
    0.00      0.00
    0.00      0.00
    0.00      0.00
    0.00      0.00
    0.00      0.00
    0.00      0.00
    0.00      0.00
    0.00      0.00
    0.00      0.00
    0.00      0.00
    0.00      0.00
    0.00      0.00
    0.00      0.00
    0.00      0.00
    0.00      0.00
    0.00      0.00
    0.00      0.00
    0.00      0.00
    0.00      0.00
    0.00      0.00
    0.00      0.00
    0.00      0.00
    0.00      0.00
    0.00      0.00
    0.00      0.00
    0.00      0.00
    0.00      0.00
    0.00      0.00
    0.00      0.00
    0.00      0.00
    0.00      0.00
    0.00      0.00
    0.00      0.00
    0.00      0.00
    0.00      0.00
    0.00      0.00
    0.00      0.00
    0.00      0.00
    0.00      0.00
    0.00      0.00
    0.00      0.00
    0.00      0.00
    0.00      0.00
    0.00      0.00
    0.00      0.00
    0.00      0.00
    0.00      0.00
    0.00      0.00
    0.00      0.00
    0.00      0.00
    0.00      0.00
    0.00      0.00
    0.00      0.00
    0.00      0.00
    0.00      0.00
    0.00      0.00
    0.00      0.00
    0.00      0.00
    0.00      0.00
    0.00      0.00
    0.00      0.00
    0.00      0.00
    0.00      0.00
    0.00      0.00
    0.00      0.00
    0.00      0.00
    0.00      0.00
    0.00      0.00
    0.00      0.00
    0.00      0.00
    0.00      0.00
    0.00      0.00
    0.00      0.00
    0.00      0.00
    0.41      0.00
    0.00      0.00
    0.00      0.00
    0.00      0.00
    2.05      0.00
    0.00      0.00
    0.00      0.00
    0.00      0.00
    0.00      0.00
    0.00      0.00
    0.00      0.00
    0.00      0.00
    0.00      0.00
    0.00      0.00
    0.00      0.00
    0.00      0.00
    0.00      0.00
    0.00      0.00
    0.00      0.00
    0.00      0.00
    0.00      0.00
    0.00      0.00
    0.00      0.00
    0.00      0.00
    0.00      0.00
    0.00      0.00
    0.00      0.00
    0.00      0.00
    0.00      0.00
    0.00      0.00
    0.00      0.00
    0.00      0.00
    0.00      0.00
    0.00      0.00
    0.00      0.00
    0.00      0.00
    0.00      0.00
    0.00      0.00
    0.00      0.00
    0.00      0.00
    0.00      0.00
    0.00      0.00
    0.00      0.00
    0.00      0.00
    0.00      0.00
    0.00      0.00
    0.00      0.00
    0.00      0.00
    0.00      0.00
    0.00      0.00
    0.00      0.00
    0.00      0.00
    0.00      0.00
    0.00      0.00
    0.00      0.00
    0.00      0.00
    0.00      0.00
    0.00      0.00
    0.00      0.00
    0.00      0.00
    0.00      0.00
    0.00      0.00
    0.00      0.00
    0.00      0.00
    0.00      0.00
    0.00      0.00
    0.00      0.00
    0.00      0.00
    0.00      0.00
    0.00      0.00
    0.00      0.00
    0.00      0.00
    0.00      0.00
    0.00      0.00
    0.00      0.00
    0.00      0.00
    0.00      0.00
    0.00      0.00
    0.00      0.00
    0.00      0.00
    0.00      0.00
    0.00      0.00
    0.00      0.00
    0.00      0.00
    0.00      0.00
    0.00      0.00
    0.00      0.00
    0.00      0.00
    0.00      0.00
    0.00      0.00
    0.00      0.00
    0.00      0.00
    0.00      0.00
    0.00      0.00
    0.00      0.00
    0.00      0.00
    0.00      0.00
    0.00      0.00
    0.00      0.00
    0.00      0.00
    0.41      0.00
    0.00      0.00
    0.00      0.00
    0.00      0.00
    0.00      0.00
    0.00      0.00
    0.00      0.00
    0.00      0.00
    0.00      0.00
    0.00      0.00
    0.00      0.00
    0.00      0.00
    0.00      0.00
    0.00      0.00
    0.00      0.00
    0.00      0.00
    0.00      0.00
    0.00      0.00
    0.00      0.00
    0.00      0.00
    0.00      0.00
    0.00      0.00
    0.00      0.00
    0.00      0.00
    0.00      0.00
    0.00      0.00
    0.00      0.00
    0.00      0.00
    0.00      0.00
    0.00      0.00
    0.00      0.00
    0.00      0.00
    0.00      0.00
    0.00      0.00
    0.00      0.00
    0.00      0.00
    0.00      0.00
    0.00      0.00
    0.00      0.00
    0.00      0.00
    0.00      0.00
    0.00      0.00
    0.00      0.00
    0.00      0.00
    0.00      0.00
    0.00      0.00
    0.00      0.00
    0.00      0.00
    0.00      0.00
    0.00      0.00
    0.00      0.00
    0.00      0.00
    0.00      0.00
    0.00      0.00
    0.00      0.00
    0.00      0.00
    0.00      0.00
    0.00      0.00
    0.00      0.00
    0.00      0.00
    0.00      0.00
    0.00      0.00
    0.00      0.00
    0.00      0.00
    0.00      0.00
    0.00      0.00
    0.00      0.00
    0.00      0.00
    0.00      0.00
    0.00      0.00
    0.00      0.00
    0.00      0.00
    0.00      0.00
    0.00      0.00
    0.00      0.00
    0.00      0.00
    0.00      0.00
    0.00      0.00
    0.00      0.00
    0.00      0.00
    0.00      0.00
    0.00      0.00
    0.00      0.00
    0.00      0.00
    0.00      0.00
    0.00      0.00
    0.00      0.00
    0.00      0.00
    0.00      0.00
    0.00      0.00
    0.00      0.00
    0.00      0.00
    0.00      0.00
    0.00      0.00
    0.00      0.00
    0.00      0.00
    0.00      0.00
    0.00      0.00
    0.00      0.00
    0.00      0.00
    0.00      0.00
    0.00      0.00
    0.00      0.00
    0.00      0.00
    0.00      0.00
    0.00      0.00
    0.00      0.00
    0.00      0.00
    0.00      0.00
    0.00      0.00
    0.00      0.00
    0.00      0.00
    0.00      0.00
    0.00      0.00
    0.00      0.00
    0.00      0.00
    0.00      0.00
    0.00      0.00
    0.00      0.00
    0.00      0.00
    0.00      0.00
    0.00      0.00
    0.00      0.00
    0.00      0.00
    0.00      0.00
    0.00      0.00
    0.00      0.00
    0.00      0.00
    0.00      0.00
    0.00      0.00
    0.00      0.00
    0.00      0.00
    0.00      0.00
    0.00      0.00
    0.00      0.00
    0.00      0.00
    0.00      0.00
    0.00      0.00
    0.00      0.00
    0.00      0.00
    0.00      0.00
    0.00      0.00
    0.00      0.00
    0.00      0.00
    0.00      0.00
    0.00      0.00
    0.00      0.00
    0.00      0.00
    0.00      0.00
    0.00      0.00
    0.00      0.00
    0.00      0.00
    0.00      0.00
    0.00      0.00
    0.00      0.00
    0.00      0.00
    0.00      0.00
    0.00      0.00
    0.00      0.00
    0.00      0.00
    0.00      0.00
    0.00      0.00
    0.00      0.00
    0.00      0.00
    0.00      0.00
    0.00      0.00
    0.00      0.00
    0.00      0.00
    0.00      0.00
    0.00      0.00
    0.00      0.00
    0.00      0.00
    0.00      0.00
    0.00      0.00
    0.00      0.00
    0.00      0.00
    0.00      0.00
    0.00      0.00
    0.00      0.00
    0.00      0.00
    0.00      0.00
    0.00      0.00
    0.00      0.00
    0.00      0.00
    0.00      0.00
    0.00      0.00
    0.00      0.00
    0.00      0.00
    0.00      0.00
    0.00      0.00
    0.00      0.00
    0.00      0.00
    0.00      0.00
    0.00      0.00
    0.00      0.00
    0.00      0.00
    0.00      0.00
    0.00      0.00
    0.00      0.00
    1.23      0.00
    0.00      0.00
    0.00      0.00
    0.00      0.00
    0.00      0.00
    0.00      0.00
    0.00      0.00
    0.00      0.00
    0.00      0.00
    0.00      0.00
    0.00      0.00
    0.00      0.00
    0.00      0.00
    0.00      0.00
    0.00      0.00
    0.00      0.00
    0.00      0.00
    0.00      0.00
    0.00      0.00
    0.00      0.00
    0.00      0.00
    0.00      0.00
    0.00      0.00
    0.00      0.00
    0.00      0.00
    0.00      0.00
    0.00      0.00
    0.00      0.00
    0.00      0.00
    0.00      0.00
    0.00      0.00
    0.00      0.00
    0.00      0.00
    0.00      0.00
    0.00      0.00
    0.00      0.00
    0.00      0.00
    0.00      0.00
    0.00      0.00
    0.00      0.00
    0.00      0.00
    0.00      0.00
    0.00      0.00
    0.00      0.00
    0.00      0.00
    0.00      0.00
    0.00      0.00
    0.00      0.00
    0.00      0.00
    0.00      0.00
    0.00      0.00
    0.00      0.00
    0.00      0.00
    0.00      0.00
    0.00      0.00
    0.00      0.00
    0.00      0.00
    0.00      0.00
    0.00      0.00
    0.00      0.00
    0.00      0.00
    0.00      0.00
    0.00      0.00
    0.00      0.00
    0.00      0.00
    0.00      0.00
    0.00      0.00
    0.00      0.00
    0.00      0.00
    0.00      0.00
    0.00      0.00
    0.00      0.00
    0.00      0.00
    0.00      0.00
    0.00      0.00
    0.00      0.00
    0.00      0.00
    0.00      0.00
    0.00      0.00
    0.00      0.00
    0.00      0.00
    0.00      0.00
    0.00      0.00
    0.00      0.00
    0.00      0.00
    0.00      0.00
    0.00      0.00
    0.00      0.00
    0.00      0.00
    0.00      0.00
    0.00      0.00
    0.00      0.00
    0.00      0.00
    0.00      0.00
    0.00      0.00
    0.00      0.00
    0.00      0.00
    0.00      0.00
    0.00      0.00
    0.00      0.00
    0.00      0.00
    0.00      0.00
    0.00      0.00
    0.00      0.00
    0.00      0.00
    0.00      0.00
    0.00      0.00
    0.00      0.00
    0.00      0.00
    0.00      0.00
    0.00      0.00
    0.00      0.00
    0.00      0.00
    0.00      0.00
    0.00      0.00
    0.00      0.00
    0.00      0.00
    0.00      0.00
    0.00      0.00
    0.00      0.00
    0.00      0.00
    0.00      0.00
    0.00      0.00
    0.00      0.00
    0.00      0.00
    0.00      0.00
    0.00      0.00
    0.00      0.00
    0.00      0.00
    0.00      0.00
    0.00      0.00
    0.00      0.00
    0.00      0.00
    0.00      0.00
    0.00      0.00
    0.00      0.00
    0.00      0.00
    0.00      0.00
    0.00      0.00
    0.00      0.00
    0.00      0.00
    0.00      0.00
    0.00      0.00
    0.00      0.00
    0.00      0.00
    0.00      0.00
    0.00      0.00
    0.00      0.00
    0.00      0.00
    0.00      0.00
    0.00      0.00
    0.00      0.00
    0.00      0.00
    0.00      0.00
    0.00      0.00
    0.00      0.00
    0.00      0.00
    0.00      0.00
    0.00      0.00
    0.00      0.00
    0.00      0.00
    0.00      0.00
    0.00      0.00
    0.00      0.00
    0.00      0.00
    0.00      0.00
    0.00      0.00
    0.00      0.00
    0.00      0.00
    0.00      0.00
    0.00      0.00
    0.00      0.00
    0.00      0.00
    0.00      0.00
    0.00      0.00
    0.00      0.00
    0.00      0.00
    0.00      0.00
    0.00      0.00
    0.00      0.00
    0.00      0.00
    0.00      0.00
    0.00      0.00
    0.00      0.00
    0.00      0.00
    0.00      0.00
    0.00      0.00
    0.00      0.00
    0.00      0.00
    0.00      0.00
    0.00      0.00
    0.00      0.00
    0.00      0.00
    0.00      0.00
    0.00      0.00
    0.00      0.00
    0.00      0.00
    0.00      0.00
    0.00      0.00
    0.00      0.00
    1.23      0.00
    0.00      0.00
    0.00      0.00
    0.00      0.00
    0.00      0.00
    0.00      0.00
    0.00      0.00
    0.00      0.00
    0.00      0.00
    0.00      0.00
    0.00      0.00
    0.00      0.00
    0.00      0.00
    0.00      0.00
    0.00      0.00
    0.00      0.00
    0.00      0.00
    0.00      0.00
    0.00      0.00
    0.00      0.00
    0.00      0.00
    0.00      0.00
    0.00      0.00
    0.00      0.00
    0.00      0.00
    0.00      0.00
    0.00      0.00
    0.00      0.00
    0.00      0.00
    0.00      0.00
    0.00      0.00
    0.00      0.00
    0.00      0.00
    0.00      0.00
    0.00      0.00
    0.00      0.00
    0.00      0.00
    0.00      0.00
    0.00      0.00
    0.00      0.00
    0.00      0.00
    0.00      0.00
    0.00      0.00
    0.00      0.00
    0.00      0.00
    0.00      0.00
    0.00      0.00
    0.00      0.00
    0.00      0.00
    0.00      0.00
    0.00      0.00
    0.00      0.00
    0.00      0.00
    0.00      0.00
    0.00      0.00
    0.00      0.00
    0.00      0.00
    0.00      0.00
    0.00      0.00
    0.00      0.00
    0.00      0.00
    0.00      0.00
    0.00      0.00
    0.00      0.00
    0.00      0.00
    0.00      0.00
    0.00      0.00
    0.00      0.00
    0.00      0.00
    0.00      0.00
    0.00      0.00
    0.00      0.00
    0.00      0.00
    0.00      0.00
    0.00      0.00
    0.00      0.00
    0.00      0.00
    0.00      0.00
    0.00      0.00
    0.00      0.00
    0.00      0.00
    0.00      0.00
    0.00      0.00
    0.00      0.00
    0.00      0.00
    0.00      0.00
    0.00      0.00
    0.00      0.00
    0.00      0.00
    0.00      0.00
    0.00      0.00
    0.00      0.00
    0.00      0.00
    0.00      0.00
    0.00      0.00
    0.00      0.00
    0.00      0.00
    0.00      0.00
    0.00      0.00
    0.41      0.00
    0.00      0.00
    0.00      0.00
    0.00      0.00
    0.00      0.00
    0.00      0.00
    0.00      0.00
    0.00      0.00
    0.00      0.00
    0.00      0.00
    0.00      0.00
    0.00      0.00
    0.00      0.00
    0.00      0.00
    0.00      0.00
    0.00      0.00
    0.00      0.00
    0.00      0.00
    0.00      0.00
    0.00      0.00
    0.00      0.00
    0.00      0.00
    0.00      0.00
    0.00      0.00
    0.00      0.00
    0.00      0.00
    0.00      0.00
    0.00      0.00
    0.00      0.00
    0.00      0.00
    0.00      0.00
    0.00      0.00
    0.00      0.00
    0.00      0.00
    0.00      0.00
    0.00      0.00
    0.00      0.00
    0.00      0.00
    0.00      0.00
    0.00      0.00
    0.00      0.00
    0.00      0.00
    0.00      0.00
    0.00      0.00
    0.00      0.00
    0.00      0.00
    0.00      0.00
    0.00      0.00
    0.00      0.00
    0.00      0.00
    0.00      0.00
    0.00      0.00
    0.00      0.00
    0.00      0.00
    0.00      0.00
    0.00      0.00
    0.00      0.00
    0.00      0.00
    0.00      0.00
    0.00      0.00
    0.00      0.00
    0.00      0.00
    0.00      0.00
    0.00      0.00
    0.00      0.00
    0.00      0.00
    0.00      0.00
    0.00      0.00
    0.00      0.00
    0.00      0.00
    0.00      0.00
    0.00      0.00
    0.00      0.00
    0.00      0.00
    0.00      0.00
    0.00      0.00
    0.00      0.00
    0.00      0.00
    0.00      0.00
    0.00      0.00
    0.00      0.00
    0.00      0.00
    0.00      0.00
    0.00      0.00
    0.00      0.00
    0.00      0.00
    0.00      0.00
    0.00      0.00
    0.00      0.00
    0.00      0.00
    0.00      0.00
    0.00      0.00
    0.00      0.00
    0.00      0.00
    0.00      0.00
    0.00      0.00
    0.00      0.00
    0.00      0.00
    0.00      0.00
    0.00      0.00
    1.23      0.00
    0.00      0.00
    0.00      0.00
    0.00      0.00
    0.00      0.00
    0.00      0.00
    0.00      0.00
    0.00      0.00
    0.00      0.00
    0.00      0.00
    0.00      0.00
    0.00      0.00
    0.00      0.00
    0.00      0.00
    0.00      0.00
    0.00      0.00
    0.00      0.00
    0.00      0.00
    0.00      0.00
    0.00      0.00
    0.00      0.00
    0.00      0.00
    0.00      0.00
    0.00      0.00
    0.00      0.00
    0.00      0.00
    0.00      0.00
    0.00      0.00
    0.00      0.00
    0.00      0.00
    0.00      0.00
    0.00      0.00
    0.00      0.00
    0.00      0.00
    0.00      0.00
    0.00      0.00
    0.00      0.00
    0.00      0.00
    0.00      0.00
    0.00      0.00
    0.00      0.00
    0.00      0.00
    0.00      0.00
    0.00      0.00
    0.00      0.00
    0.00      0.00
    0.00      0.00
    0.00      0.00
    0.00      0.00
    0.00      0.00
    0.00      0.00
    0.00      0.00
    0.00      0.00
    0.00      0.00
    0.00      0.00
    0.00      0.00
    0.00      0.00
    0.00      0.00
    0.00      0.00
    0.00      0.00
    0.00      0.00
    0.00      0.00
    0.00      0.00
    0.00      0.00
    0.00      0.00
    0.00      0.00
    0.00      0.00
    0.00      0.00
    0.00      0.00
    0.00      0.00
    0.00      0.00
    0.00      0.00
    0.00      0.00
    0.00      0.00
    0.00      0.00
    0.00      0.00
    0.00      0.00
    0.00      0.00
    0.00      0.00
    0.00      0.00
    0.00      0.00
    0.00      0.00
    0.00      0.00
    0.00      0.00
    0.00      0.00
    0.00      0.00
    0.00      0.00
    0.00      0.00
    0.00      0.00
    0.00      0.00
    0.00      0.00
    0.00      0.00
    0.00      0.00
    0.00      0.00
    0.00      0.00
    0.00      0.00
    0.00      0.00
    0.00      0.00
    0.00      0.00
    0.00      0.00
    0.00      0.00
    0.00      0.00
    0.00      0.00
    0.00      0.00
    0.00      0.00
    0.00      0.00
    0.00      0.00
    0.00      0.00
    0.00      0.00
    0.00      0.00
    0.00      0.00
    0.00      0.00
    0.00      0.00
    0.00      0.00
    0.00      0.00
    0.00      0.00
    0.00      0.00
    0.00      0.00
    0.00      0.00
    0.00      0.00
    0.00      0.00
    0.00      0.00
    0.00      0.00
    0.00      0.00
    0.00      0.00
    0.00      0.00
    0.00      0.00
    0.00      0.00
    0.00      0.00
    0.00      0.00
    0.00      0.00
    0.00      0.00
    0.00      0.00
    0.00      0.00
    0.00      0.00
    0.00      0.00
    0.00      0.00
    0.00      0.00
    0.00      0.00
    0.00      0.00
    0.00      0.00
    0.00      0.00
    0.00      0.00
    0.00      0.00
    0.00      0.00
    0.00      0.00
    0.00      0.00
    0.00      0.00
    0.00      0.00
    0.00      0.00
    0.00      0.00
    0.00      0.00
    0.00      0.00
    0.00      0.00
    0.00      0.00
    0.00      0.00
    0.00      0.00
    0.00      0.00
    0.00      0.00
    0.00      0.00
    0.00      0.00
    0.00      0.00
    0.00      0.00
    0.00      0.00
    0.00      0.00
    0.00      0.00
    0.00      0.00
    0.00      0.00
    0.00      0.00
    0.00      0.00
    0.00      0.00
    0.00      0.00
    0.00      0.00
    0.00      0.00
    0.00      0.00
    0.00      0.00
    0.00      0.00
    0.00      0.00
    0.00      0.00
    0.00      0.00
    0.00      0.00
    0.00      0.00
    0.00      0.00
    0.00      0.00
    0.00      0.00
    0.00      0.00
    0.00      0.00
    0.00      0.00
    0.00      0.00
    0.00      0.00
    0.00      0.00
    0.00      0.00
    0.00      0.00
    0.00      0.00
    0.00      0.00
    0.00      0.00
    0.00      0.00
    0.00      0.00
    0.00      0.00
    0.00      0.00
    0.00      0.00
    0.00      0.00
    0.00      0.00
    0.00      0.00
    0.00      0.00
    0.00      0.00
    0.00      0.00
    0.00      0.00
    0.00      0.00
    0.00      0.00
    0.00      0.00
    0.00      0.00
    0.00      0.00
    0.00      0.00
    0.00      0.00
    0.00      0.00
    0.00      0.00
    0.00      0.00
    0.00      0.00
    0.00      0.00
    0.00      0.00
    0.00      0.00
    0.00      0.00
    0.00      0.00
    0.00      0.00
    0.00      0.00
    0.00      0.00
    0.00      0.00
    0.00      0.00
    0.00      0.00
    0.00      0.00
    0.00      0.00
    0.00      0.00
    0.00      0.00
    0.00      0.00
    0.00      0.00
    0.00      0.00
    0.00      0.00
    0.00      0.00
    0.00      0.00
    0.00      0.00
    0.00      0.00
    0.00      0.00
    0.00      0.00
    0.00      0.00
    0.00      0.00
    0.00      0.00
    0.00      0.00
    0.00      0.00
    0.00      0.00
    0.00      0.00
    0.00      0.00
    0.00      0.00
    0.00      0.00
    0.00      0.00
    0.00      0.00
    0.00      0.00
    0.00      0.00
    0.00      0.00
    0.00      0.00
    0.00      0.00
    0.00      0.00
    0.00      0.00
    0.00      0.00
    0.00      0.00
    0.00      0.00
    0.00      0.00
    0.00      0.00
    0.00      0.00
    0.00      0.00
    0.00      0.00
    0.00      0.00
    0.00      0.00
    0.00      0.00
    0.00      0.00
    0.00      0.00
    0.00      0.00
    0.00      0.00
    0.00      0.00
    0.00      0.00
    0.00      0.00
    0.00      0.00
    0.00      0.00
    0.00      0.00
    0.00      0.00
    0.00      0.00
    0.00      0.00
    0.00      0.00
    0.00      0.00
    0.00      0.00
    0.00      0.00
    0.00      0.00
    0.00      0.00
    0.00      0.00
    0.00      0.00
    0.00      0.00
    0.00      0.00
    0.00      0.00
    0.00      0.00
    0.00      0.00
    0.00      0.00
    0.00      0.00
    0.00      0.00
    0.00      0.00
    0.00      0.00
    0.00      0.00
    0.00      0.00
    0.00      0.00
    0.00      0.00
    0.00      0.00
    0.00      0.00
    0.00      0.00
    0.00      0.00
    0.00      0.00
    0.00      0.00
    0.00      0.00
    0.00      0.00
    0.00      0.00
    0.00      0.00
    0.00      0.00
    0.00      0.00
    0.00      0.00
    0.00      0.00
    0.00      0.00
    0.00      0.00
    0.00      0.00
    0.00      0.00
    0.00      0.00
    0.00      0.00
    0.00      0.00
    0.00      0.00
    0.00      0.00
    0.00      0.00
    0.00      0.00
    0.00      0.00
    0.00      0.00
    0.00      0.00
    0.00      0.00
    0.00      0.00
    0.00      0.00
    0.00      0.00
    0.00      0.00
    0.00      0.00
    0.00      0.00
    0.00      0.00
    0.00      0.00
    0.00      0.00
    0.00      0.00
    0.00      0.00
    0.00      0.00
    0.00      0.00
    0.00      0.00
    0.00      0.00
    0.00      0.00
    0.00      0.00
    0.00      0.00
    0.00      0.00
    0.00      0.00
    0.00      0.00
    0.00      0.00
    0.00      0.00
    0.00      0.00
    0.00      0.00
    0.00      0.00
    0.00      0.00
    0.00      0.00
    0.00      0.00
    0.00      0.00
    0.00      0.00
    0.00      0.00
    0.00      0.00
    0.00      0.00
    0.00      0.00
    0.00      0.00
    0.00      0.00
    0.00      0.00
    0.00      0.00
    0.00      0.00
    0.00      0.00
    0.00      0.00
    0.00      0.00
    0.00      0.00
    0.00      0.00
    0.00      0.00
    0.00      0.00
    0.00      0.00
    0.00      0.00
    0.00      0.00
    0.00      0.00
    0.00      0.00
    0.00      0.00
    0.00      0.00
    0.00      0.00
    0.00      0.00
    0.00      0.00
    0.00      0.00
    0.00      0.00
    0.00      0.00
    0.00      0.00
    0.00      0.00
    0.00      0.00
    0.00      0.00
    0.00      0.00
    0.00      0.00
    0.00      0.00
    0.00      0.00
    0.00      0.00
    0.00      0.00
    0.00      0.00
    0.00      0.00
    0.00      0.00
    0.00      0.00
    0.00      0.00
    0.00      0.00
    0.00      0.00
    0.00      0.00
    0.00      0.00
    0.00      0.00
    0.00      0.00
    0.00      0.00
    0.00      0.00
    0.00      0.00
    0.00      0.00
    0.00      0.00
    0.00      0.00
    0.00      0.00
    0.00      0.00
    0.00      0.00
    0.00      0.00
    0.00      0.00
    0.00      0.00
    0.00      0.00
    0.00      0.00
    0.00      0.00
    0.00      0.00
    0.00      0.00
    0.00      0.00
    0.00      0.00
    0.00      0.00
    0.00      0.00
    0.00      0.00
    0.00      0.00
    0.00      0.00
    0.00      0.00
    0.00      0.00
    0.00      0.00
    0.00      0.00
    0.00      0.00
    0.00      0.00
    0.00      0.00
    0.00      0.00
    0.00      0.00
    0.00      0.00
    0.00      0.00
    0.00      0.00
    0.00      0.00
    0.00      0.00
    0.00      0.00
    0.00      0.00
    0.00      0.00
    0.00      0.00
    0.00      0.00
    0.00      0.00
    0.00      0.00
    0.00      0.00
    0.00      0.00
    0.00      0.00
    0.00      0.00
    0.00      0.00
    0.00      0.00
    0.00      0.00
    0.00      0.00
    0.00      0.00
    0.00      0.00
    0.00      0.00
    0.00      0.00
    0.00      0.00
    0.00      0.00
    0.00      0.00
    0.00      0.00
    0.00      0.00
    0.00      0.00
    0.00      0.00
    0.00      0.00
    0.00      0.00
    0.00      0.00
    0.00      0.00
    0.00      0.00
    0.00      0.00
    0.00      0.00
    0.00      0.00
    0.00      0.00
    0.00      0.00
    0.00      0.00
    0.00      0.00
    0.00      0.00
    0.00      0.00
    0.00      0.00
    0.00      0.00
    0.00      0.00
    0.00      0.00
    0.00      0.00
    0.00      0.00
    0.00      0.00
    0.00      0.00
    0.00      0.00
    0.00      0.00
    0.00      0.00
    0.00      0.00
    0.00      0.00
    0.00      0.00
    0.00      0.00
    0.00      0.00
    0.00      0.00
    0.00      0.00
    0.00      0.00
    0.00      0.00
    0.00      0.00
    0.00      0.00
    0.00      0.00
    0.00      0.00
    0.00      0.00
    0.00      0.00
    0.00      0.00
    0.00      0.00
    0.00      0.00
    0.00      0.00
    0.00      0.00
    0.00      0.00
    0.00      0.00
    0.00      0.00
    0.00      0.00
    0.00      0.00
    0.00      0.00
    0.00      0.00
    0.00      0.00
    0.00      0.00
    0.00      0.00
    0.00      0.00
    0.00      0.00
    0.00      0.00
    0.00      0.00
    0.00      0.00
    0.00      0.00
    0.00      0.00
    0.00      0.00
    0.00      0.00
    0.00      0.00
    0.00      0.00
    0.00      0.00
    0.00      0.00
    0.00      0.00
    0.00      0.00
    0.00      0.00
    0.00      0.00
    0.00      0.00
    0.00      0.00
    0.00      0.00
    0.00      0.00
    0.00      0.00
    0.00      0.00
    0.00      0.00
    0.00      0.00
    0.00      0.00
    0.00      0.00
    0.00      0.00
    0.00      0.00
    0.00      0.00
    0.00      0.00
    0.00      0.00
    0.00      0.00
    0.00      0.00
    0.00      0.00
    0.00      0.00
    0.00      0.00
    0.00      0.00
    0.00      0.00
    0.00      0.00
    0.00      0.00
    0.00      0.00
    0.00      0.00
    0.00      0.00
    0.00      0.00
    0.00      0.00
    0.00      0.00
    0.00      0.00
    0.00      0.00
    0.00      0.00
    0.00      0.00
    0.00      0.00
    0.00      0.00
    0.00      0.00
    0.00      0.00
    0.00      0.00
    0.00      0.00
    0.00      0.00
    0.00      0.00
    0.00      0.00
    0.82      0.00
    0.00      0.00
    0.00      0.00
    0.00      0.00
    0.00      0.00
    0.00      0.00
    0.00      0.00
    0.00      0.00
    0.00      0.00
    0.00      0.00
    0.00      0.00
    0.00      0.00
    0.00      0.00
    0.00      0.00
    0.00      0.00
    0.00      0.00
    0.00      0.00
    0.00      0.00
    0.00      0.00
    0.00      0.00
    0.00      0.00
    0.00      0.00
    0.00      0.00
    0.00      0.00
    0.00      0.00
    0.00      0.00
    0.00      0.00
    0.00      0.00
    0.00      0.00
    0.00      0.00
    0.00      0.00
    0.00      0.00
    0.00      0.00
    0.00      0.00
    0.00      0.00
    0.00      0.00
    0.00      0.00
    0.00      0.00
    0.00      0.00
    0.00      0.00
    0.00      0.00
    0.00      0.00
    0.00      0.00
    0.00      0.00
    0.00      0.00
    0.00      0.00
    0.00      0.00
    0.00      0.00
    0.00      0.00
    0.00      0.00
    0.00      0.00
    0.00      0.00
    0.00      0.00
    0.00      0.00
    0.00      0.00
    0.00      0.00
    0.00      0.00
    0.00      0.00
    0.00      0.00
    0.00      0.00
    0.00      0.00
    0.00      0.00
    0.00      0.00
    0.00      0.00
    0.00      0.00
    0.00      0.00
    0.00      0.00
    0.00      0.00
    0.00      0.00
    0.00      0.00
    0.00      0.00
    0.00      0.00
    0.00      0.00
    0.00      0.00
    0.00      0.00
    0.00      0.00
    0.00      0.00
    0.00      0.00
    0.00      0.00
    0.00      0.00
    0.00      0.00
    0.00      0.00
    0.00      0.00
    0.00      0.00
    0.00      0.00
    0.00      0.00
    0.00      0.00
    0.00      0.00
    0.00      0.00
    0.00      0.00
    0.00      0.00
    0.00      0.00
    0.00      0.00
    0.00      0.00
    0.00      0.00
    0.00      0.00
    0.00      0.00
    0.00      0.00
    0.00      0.00
    0.00      0.00
    0.41      0.00
    0.00      0.00
    0.00      0.00
    0.00      0.00
    0.00      0.00
    0.00      0.00
    0.00      0.00
    0.00      0.00
    0.00      0.00
    0.00      0.00
    0.00      0.00
    0.00      0.00
    0.00      0.00
    0.00      0.00
    0.00      0.00
    0.00      0.00
    0.00      0.00
    0.00      0.00
    0.00      0.00
    0.00      0.00
    0.00      0.00
    0.00      0.00
    0.00      0.00
    0.00      0.00
    0.00      0.00
    0.00      0.00
    0.00      0.00
    0.00      0.00
    0.00      0.00
    0.00      0.00
    0.00      0.00
    0.00      0.00
    0.00      0.00
    0.00      0.00
    0.00      0.00
    0.00      0.00
    0.00      0.00
    0.00      0.00
    0.00      0.00
    0.00      0.00
    0.00      0.00
    0.00      0.00
    0.00      0.00
    0.00      0.00
    0.00      0.00
    0.00      0.00
    0.00      0.00
    0.00      0.00
    0.00      0.00
    0.00      0.00
    0.00      0.00
    0.00      0.00
    0.00      0.00
    0.00      0.00
    0.00      0.00
    0.00      0.00
    0.00      0.00
    0.00      0.00
    0.00      0.00
    0.00      0.00
    0.00      0.00
    0.00      0.00
    0.00      0.00
    0.00      0.00
    0.00      0.00
    0.00      0.00
    0.00      0.00
    0.00      0.00
    0.00      0.00
    0.00      0.00
    0.00      0.00
    0.00      0.00
    0.00      0.00
    0.00      0.00
    0.00      0.00
    0.00      0.00
    0.00      0.00
    0.00      0.00
    0.00      0.00
    0.00      0.00
    0.00      0.00
    0.00      0.00
    0.00      0.00
    0.00      0.00
    0.00      0.00
    0.00      0.00
    0.00      0.00
    0.00      0.00
    0.00      0.00
    0.00      0.00
    0.00      0.00
    0.00      0.00
    0.00      0.00
    0.00      0.00
    0.00      0.00
    0.00      0.00
    0.00      0.00
    0.00      0.00
    0.00      0.00
    0.00      0.00
    0.00      0.00
    0.00      0.00
    0.00      0.00
    0.00      0.00
    0.00      0.00
    0.00      0.00
    0.00      0.00
    0.00      0.00
    0.00      0.00
    0.00      0.00
    0.00      0.00
    0.00      0.00
    0.00      0.00
    0.00      0.00
    0.00      0.00
    0.00      0.00
    0.00      0.00
    0.00      0.00
    0.00      0.00
    0.00      0.00
    0.00      0.00
    0.00      0.00
    0.00      0.00
    0.00      0.00
    0.00      0.00
    0.00      0.00
    0.00      0.00
    0.00      0.00
    0.00      0.00
    0.00      0.00
    0.00      0.00
    0.00      0.00
    0.00      0.00
    0.00      0.00
    0.00      0.00
    0.00      0.00
    0.00      0.00
    0.00      0.00
    0.00      0.00
    0.00      0.00
    0.00      0.00
    0.00      0.00
    0.00      0.00
    0.00      0.00
    0.00      0.00
    0.00      0.00
    0.00      0.00
    0.00      0.00
    0.00      0.00
    0.00      0.00
    0.00      0.00
    0.00      0.00
    0.00      0.00
    0.00      0.00
    0.00      0.00
    0.00      0.00
    0.00      0.00
    0.00      0.00
    0.00      0.00
    0.00      0.00
    0.00      0.00
    0.00      0.00
    0.00      0.00
    0.00      0.00
    0.00      0.00
    0.00      0.00
    0.00      0.00
    0.00      0.00
    0.00      0.00
    0.00      0.00
    0.00      0.00
    0.00      0.00
    0.00      0.00
    0.00      0.00
    0.00      0.00
    0.00      0.00
    0.00      0.00
    0.00      0.00
    0.00      0.00
    0.00      0.00
    0.00      0.00
    0.00      0.00
    0.00      0.00
    0.00      0.00
    0.00      0.00
    0.00      0.00
    0.00      0.00
    0.00      0.00
    0.00      0.00
    0.00      0.00
    0.00      0.00
    0.00      0.00
    0.00      0.00
    0.00      0.00
    0.00      0.00
    0.00      0.00
    0.00      0.00
    0.00      0.00
    0.00      0.00
   26.58     46.63
   49.23     39.04
   12.41      1.43
    1.58      0.00
    0.00      0.00
    0.00      0.00
    0.00      0.00
    0.00      0.00
    0.00      0.00
    0.00      0.00
    0.00     14.07
 2503.25    265.15
 1469.17    241.76
 3738.77    481.55
 2768.88    846.65
 1932.29    988.94
 1036.62   1700.92
  969.96    821.81
  987.00   1851.78
 1094.60   2110.08
 1276.86   2731.44
 1524.71   2831.71
 1897.94   1559.59
 2364.69   2544.66
 2272.38   1382.22
 2078.75   2051.88
 1267.75   1707.56
  996.27    446.69
  839.50    248.79
  433.12     64.87
   96.80     15.09
   79.93     33.09
   11.87      2.82
    3.03      0.00
   26.49     21.36
    5.53      2.13
   25.77     27.41
   27.33      7.00
    2.82      0.72
    9.61      1.73
    0.00      0.00
    0.00      0.00
    0.68      0.00
    0.00      0.00
    0.00      0.00
    0.00      0.00
    0.00      0.00
    0.00      0.00
    0.00      0.00
    0.00      0.00
    0.00      0.00
    0.00      0.00
    0.41      0.41
    0.00      0.00
    0.00      0.00
    0.00      0.00
    0.00      0.00
    0.00      0.00
    0.00      0.00
    0.00      0.00
    0.00      0.00
    0.00      0.00
    0.00      0.00
    0.00      0.00
    0.00      0.00
    0.00      0.00
    0.00      0.00
    0.00      0.00
    0.00      0.00
    0.00      0.00
    0.00      0.00
   14.86     15.12
  207.61    571.27
  453.35    184.85
  271.00    302.45
  268.84    300.90
  303.47    198.88
  104.32    148.16
  137.43    191.66
  146.14    436.58
  198.24    140.30
  269.24    140.57
  363.21    133.99
   49.61     34.66
   33.02      2.16
    6.50      0.00
    2.16      0.00
    0.72      0.00
    0.72     14.37
    0.00      0.00
    0.00      0.00
   15.17      0.72
    0.00      0.00
    0.00      0.00
    0.00      0.00
    0.00      0.00
    0.00      0.00
    0.00      0.00
    0.00      0.00
    1.23      0.00
    0.00      0.00
    0.00      0.00
    0.00      0.00
    0.00      0.00
    0.00      0.00
    0.00      0.00
    0.00      0.00
    0.00      0.00
    0.00      0.00
    0.00      0.00
  108.80    105.62
   46.78    157.56
    0.00    103.08
  119.99    207.69
   49.77     38.09
   49.13     43.68
   12.02     26.50
   49.45     90.64
   48.13     27.38
   73.73     32.18
   99.90     48.12
   90.91     45.61
  208.65    289.72
  240.86    347.20
  551.20    320.12
  381.09    346.70
  272.66    282.10
  215.83    129.36
  204.55    180.64
   28.45     76.77
  214.08    193.33
  164.06    288.88
  112.22    273.63
  181.16    100.59
  291.11    186.93
  362.19    132.86
   63.28     31.60
   44.08     17.66
   42.83      1.43
    3.02      0.00
    0.72      0.00
    2.31     14.80
    0.00      0.00
    0.00      0.00
   15.59      0.72
    0.00      0.00
    0.00      0.00
    0.00      0.00
    0.00      0.00
    0.00      0.00
    0.00      0.00
    0.00      0.00
    0.00      0.00
    0.00      0.00
    0.00      0.00
    0.00      0.00
    0.00      0.00
    0.00      0.00
    0.00      0.00
    0.00      0.00
    0.00      0.00
    0.00      0.65
    0.72      0.00
    0.00      0.00
    0.00      0.00
    0.00      0.00
    0.00      0.00
    0.00      0.00
    0.00      0.00
    0.00      0.00
    0.00      0.00
   16.53     16.88
  108.48     96.83
  108.40    158.58
  202.98    311.28
  264.44    205.92
  341.16    207.54
  175.48    156.24
  187.02    171.81
  152.16    138.38
   68.58     80.03
   65.97     63.69
  135.84    184.00
  121.62    142.49
  108.11    198.75
   99.57    275.19
  169.72     66.78
  217.64    144.82
  297.23    117.53
   33.58      4.35
   35.55     29.50
   19.36     15.80
   32.33      1.44
    0.72      0.00
    0.00     15.01
    1.44      0.00
    0.00      0.00
   15.80      0.73
    0.00      0.00
    0.82      0.00
    0.00      0.00
    0.00      0.00
    0.00      0.00
    0.00      0.00
    0.00      0.00
    1.36      0.00
    0.00      0.00
    0.00      0.00
    0.00      0.00
   46.74     26.50
   77.43    154.93
   51.76    126.09
   20.72    126.48
   71.84    148.36
   39.49     27.97
  118.63    192.51
   28.89     22.00
   40.23    100.54
   74.85     58.32
  102.66     74.83
   67.92     78.63
   49.05     27.17
   78.11     46.37
  112.54     74.56
  117.23    176.61
  180.03    245.09
  120.63     97.92
  357.16    203.85
  163.06    151.11
  190.21    171.78
  212.28    173.05
  178.90    151.53
  142.74    106.07
  195.73    126.13
   66.06    125.53
  120.42    114.36
  133.87    220.53
   98.44    156.24
  126.22    246.33
  113.15     22.39
  249.34    146.46
  250.20    118.23
   18.05      2.89
   22.20     14.86
   18.71     15.90
   30.99     15.91
   16.57      1.44
    0.00     15.11
    0.72      0.00
    0.72      0.00
   16.56      1.45
    0.00      0.00
    0.00      0.00
    0.00      0.00
    0.00      0.00
    0.00      0.00
    0.00      0.00
    0.00      0.00
    0.00      0.00
    0.00      0.00
    0.00      0.00
    0.00      0.00
    0.00      0.65
    0.72      0.00
    0.00      0.00
    0.00      0.00
    0.00      0.00
    0.00      0.00
    0.00      0.00
    0.00      0.00
    0.00      0.00
    2.09     16.49
    4.64      4.92
   21.83     23.92
    5.70     22.48
   24.45      7.89
   19.30     36.39
   42.01     32.77
   18.20      8.96
   37.78     53.63
   21.74     19.96
   22.04     20.55
    4.06      5.43
   18.99     33.43
   33.06     30.52
   17.84     19.22
   31.16     17.89
    6.06     21.93
    6.22      5.36
    4.71      8.25
   21.28     10.06
    4.84      8.75
    8.38      3.54
    8.69      9.10
   13.22      5.63
    4.26      4.19
   17.98     15.05
    0.72      0.00
    2.60      0.72
    1.37      0.72
    1.44      0.65
    0.00      0.00
    0.00      0.00
    0.65      0.00
    0.72      0.72
    0.00      0.00
    0.00      0.00
    0.00      0.00
    0.00      0.00
   46.59     79.11
   59.35     75.72
   67.31    209.26
   27.19     71.96
   26.71    131.20
   62.73     76.08
   26.55     37.45
    0.81      9.60
   81.46    160.14
    8.48      2.16
   59.34     28.84
   40.76      2.74
   73.53     59.33
  109.26     78.99
   93.29     92.62
   92.71    114.90
   38.76     59.77
  118.41     68.56
   78.55     80.83
  106.69     64.81
   59.27     49.19
  163.45     91.75
   20.43     34.76
   85.70     50.35
   78.51     73.86
   29.79     38.25
   85.96     20.54
   44.06     48.49
   28.18     33.73
   31.90      5.42
    4.91      4.19
    4.12     20.46
    8.24      6.94
    4.71      7.60
   24.76     11.07
    7.39      6.95
    2.89      1.44
    8.25      6.94
    6.21      3.47
    2.75     17.91
    4.19      1.44
    0.72      0.00
    1.43      0.00
    0.72      0.00
    0.72      0.65
    0.00      0.00
    0.00      0.00
    0.65      0.00
    0.72      0.72
    0.00      0.00
    0.00      0.00
    0.00      0.65
    0.00      0.00
    0.72      0.00
    0.00      0.00
    0.00      0.00
    0.00      0.00
    0.00      0.00
    0.00      0.00
    0.00      0.00
    0.00      0.00
    0.65      0.72
    4.05      3.47
    2.68      3.47
    7.60      6.81
    4.98      7.39
   17.83     18.41
   21.28     36.82
   37.17     38.54
   25.42     11.58
   11.34     23.07
   35.66     37.69
   25.35     21.49
   20.63     21.60
   32.57     19.63
    7.66     19.38
   17.16     30.57
   17.93     29.55
   18.58      4.92
   17.31     18.17
   16.75     18.39
    2.10     17.03
   36.97     10.34
    1.38      2.68
    4.06      9.49
    7.65      7.32
    6.87      4.26
    9.10      5.56
    7.01      4.19
    3.55      1.37
    3.33      6.08
    4.05      4.26
    5.43      2.82
    2.09      2.16
    2.88      0.00
    1.44      0.00
    0.00      0.00
    0.00      0.65
    0.00      0.00
    0.00      0.00
  110.62    104.56
   45.83    124.84
    0.00    129.37
   42.47    171.07
   20.49     49.42
   26.04     11.05
   22.14     77.72
   21.79     77.35
   12.58     55.47
   67.13     48.61
  102.37     68.08
  109.90     77.69
   84.77     36.36
   85.82     45.97
   41.86     32.03
   71.77     29.75
  104.62     66.43
   65.43     70.01
  111.15     69.89
   66.74     72.53
   77.68     53.03
   70.82     23.80
   23.42     22.10
   23.90      6.50
   70.74     85.26
   30.66     24.98
   47.20     46.08
   43.58     45.33
   17.61     17.09
   29.57     17.92
   20.64      2.17
    3.47     19.82
   17.09     16.50
    0.65      2.61
   35.41     42.80
   16.42      4.12
   33.88     34.94
   32.65     34.10
   19.87     20.08
   19.35      2.80
    4.98      1.96
    6.02      2.03
    0.71      3.34
    6.67      6.22
    3.40      4.26
    3.47      2.82
    2.17      0.00
    2.89      0.00
    0.72      0.00
    0.00      0.00
    0.00      0.00
    0.00      1.31
    0.72      0.00
    0.00      0.00
    1.37      0.72
    0.00      0.00
    0.00      0.00
    0.00      0.00
    0.00      0.00
    0.00      0.00
    0.65      0.00
    2.68      2.75
    2.68      3.60
    5.56      6.73
    5.57      5.43
    3.54      2.03
    0.65      4.64
    6.94     21.75
    6.41     21.12
   36.77     52.26
   23.90      9.82
   40.51     48.63
    7.47      9.62
    8.38     21.92
    8.25      5.43
    7.53     35.86
   33.90      5.57
    1.31     17.03
   18.65     30.90
   17.08      2.17
   16.51     32.25
    3.98      4.16
   32.38      4.26
    1.37      0.65
   19.81     23.40
    1.38      1.31
    2.68      8.12
    6.29      5.29
    4.22      4.19
    6.29      4.20
    7.68      4.19
    6.94      4.19
   16.89     16.97
    1.37      3.33
    2.09      1.31
    1.39      2.75
    4.71      4.19
    5.43      4.85
    3.40      3.54
   48.89     80.15
   82.47    128.59
   40.09    144.63
   26.65    125.26
    0.00     51.56
   48.08     55.74
    0.81     51.33
   55.97     62.70
   41.65    143.58
   12.90      0.00
   85.32     55.87
   49.20     10.99
   25.66     36.58
   92.02     46.05
   83.28     62.61
   80.76     64.94
   61.08     58.31
   93.37     50.54
   52.48     33.34
   28.38     39.01
   61.59     69.94
   11.56     35.97
  121.65     83.58
   47.30     41.89
   82.25     60.56
   26.99     18.53
   62.96     80.76
   23.12     36.84
   53.52     44.37
   47.37     20.96
   39.03     48.66
   73.86     60.27
    3.06      2.83
   38.30     46.18
   39.42     15.85
   19.06      2.68
    9.59      2.75
   29.01     20.06
    3.40      5.57
    2.75      2.75
    7.40      7.02
    5.36      6.87
    2.68      4.91
    2.16      0.65
    6.29      2.68
    2.82      2.82
   17.11     16.45
    2.10      2.68
    1.96      2.75
    1.44      2.03
    3.40      2.82
    4.12      2.17
    4.71      4.19
    2.19      0.72
    0.00      0.00
    0.72      0.00
    0.00      0.00
    0.00      0.00
    0.00      0.65
    0.00      0.00
    0.00      0.00
    1.31      2.10
    4.78      3.54
    2.68      2.10
    6.93      6.08
    4.91      5.43
    2.10      2.03
   15.89     30.74
   18.50     19.88
   19.85      8.77
    9.11      6.01
   22.58     26.76
   35.61     65.29
   41.28     21.29
    6.21     25.28
   23.53      4.93
   20.61     20.60
   20.62     34.25
   21.88      6.94
    3.54     32.22
    1.44      1.31
   17.20     18.28
   18.55      2.16
   17.94      2.74
   17.47      3.46
    1.31     18.48
    2.10      0.65
    4.71      6.81
   17.16      2.82
    3.09      3.40
    4.33     20.83
   17.48      5.42
    2.75      1.38
    7.01      2.90
    6.21      4.13
    3.47      4.19
    0.72      1.31
    1.96      2.75
    4.85      2.75
   47.23     69.59
   33.52     55.02
   64.24    150.59
   17.76     81.40
   24.89    157.66
   23.26     53.81
   24.72     29.71
   22.74     63.41
   18.62    150.71
  101.94     71.69
   80.73     37.72
   60.62     30.19
   88.17     43.95
    5.59      3.33
   38.87     15.91
   65.82     27.67
   43.32     46.77
   79.00     70.99
  131.38    101.77
   59.91     98.64
   78.67     62.06
   92.39    102.47
  111.96     82.37
   71.79     61.03
   70.49    106.86
   79.33     81.63
  135.79     80.85
   38.14     24.13
   61.75     29.22
   44.15     21.61
    8.23      5.91
   31.40     53.52
    0.65     17.08
   42.85     58.66
   30.19     45.59
   30.03      2.03
   27.35      3.62
   26.95      5.49
    0.65     17.13
    2.03      2.68
    5.43      4.26
   17.25      4.19
    3.47      2.10
    4.64      6.21
   18.33     20.55
    3.41      3.54
    2.89      0.00
    4.26      1.37
    1.37      3.99
    1.38      2.03
    1.96      2.75
    4.19      2.75
    4.12      3.54
    3.49      2.10
    1.31      2.03
    2.03      2.10
    1.44      2.68
    2.75      1.44
    0.72      0.00
    3.40      2.17
    1.38      0.72
    0.65      0.72
    4.06      3.47
    2.68      2.82
    4.91      6.09
    5.57      4.64
    0.72      2.75
    2.82      1.38
    0.72     16.96
   19.98      3.92
    4.19      6.81
    6.29     20.50
   23.10     40.44
   22.35     21.78
   19.59     17.13
    8.97      8.25
   37.01     24.79
   53.29     65.43
    6.93      7.60
    5.49     17.78
    6.94      4.91
    1.38      4.71
   20.02      3.54
   17.61     17.61
   15.04     16.89
    4.12     17.76
    2.84     17.21
   18.13     49.09
    1.44      0.65
   32.67      3.48
   20.59      8.32
   17.83      2.74
    3.40      3.47
    3.61      3.92
    2.75      3.33
    2.10      3.40
    6.22      2.89
   19.95     18.72
    3.54      0.72
   15.50     26.35
   77.21    128.88
   47.98    106.28
   43.43    180.70
    8.90     81.40
   49.65     87.25
    4.91     34.90
   59.22    173.62
   23.65     74.30
   96.48     90.55
   43.87     59.08
   48.65     50.11
   70.36     12.44
   28.31     17.22
   41.39      4.78
    2.82      5.05
   66.66     49.92
   28.22      2.94
   78.44     78.92
   52.08     16.88
   81.37     74.25
   45.16     12.83
   34.53     36.52
   36.37     24.52
   32.11     32.87
   46.22     42.85
   60.12     48.47
   51.33     58.05
   98.34     63.92
   36.88     43.24
   60.53     31.27
   47.51     17.52
    6.93     17.67
    5.43      6.94
    3.47      1.44
   18.28      2.74
   42.04     37.35
   33.61     22.06
   57.81     50.75
    2.74      2.75
   30.95     50.89
    2.68     17.86
    3.40      2.75
   21.04      5.64
   18.74      3.54
   19.33      2.74
    4.06      4.19
    3.34      6.15
    4.71      3.54
    0.65      2.16
    2.88      0.00
    2.81      1.37
    0.72      1.31
    0.65      1.37
    1.46      0.65
    1.44      2.61
    3.26      5.50
    2.68      4.12
    3.40      2.89
    4.19      1.44
    2.16      0.00
    3.40      2.75
    3.99      2.75
    2.68      6.29
   22.04     24.01
    3.55      3.34
    8.38      4.19
    1.37      2.68
    2.82      1.37
    0.72     15.69
   16.54      5.37
    7.52      6.88
    4.85      6.74
    8.45     21.83
   19.21      5.50
    4.33      5.29
   41.56     50.62
   20.92     40.55
   19.88      6.22
   10.98     35.66
   19.30     22.04
    5.50     30.77
   34.41     21.42
   20.00      5.49
   16.89      3.40
    4.84     17.75
    2.16      1.44
    0.65      1.37
   19.92      4.11
   17.73     18.66
    2.03     19.63
   16.44     16.54
   16.16      4.13
   22.68     36.30
    3.47      4.19
    4.84      4.05
   17.95      4.06
    2.11      2.68
    2.75      4.71
    4.81      2.08
   64.46    102.36
   82.21    131.84
   17.24    126.33
    0.00    128.88
    0.65     27.08
   43.48     28.68
   54.63    169.09
    0.00     59.12
   37.68     57.75
   59.27     30.41
   25.40     35.10
   62.95     60.25
   33.48     14.31
   82.44     65.81
   31.64     34.13
  133.96     80.75
   75.20     59.67
  122.86     63.21
   46.32     49.18
   28.36     42.05
   41.50     58.09
   31.05     48.76
   63.04     45.87
  100.52     28.09
   12.35     97.54
  106.87     18.85
   54.86    100.41
  103.23     58.02
   11.10     37.73
   67.63     31.31
   48.37     35.19
    7.67     23.80
   48.65     43.63
   58.41     79.89
    8.08      7.05
   26.08     11.68
   32.35     17.21
   13.74     20.17
   16.47      1.37
    0.72      4.05
   17.28      1.37
    3.40      3.53
    4.19     18.40
   16.43      3.46
   18.33      4.11
    4.18      4.19
    4.71     19.31
    3.47      1.37
    3.40      3.54
   19.97      7.59
    2.61      4.85
    4.06      4.20
    2.91      0.00
    3.54      0.72
    1.44      0.65
    0.00      0.00
    0.00      0.00
    0.65      2.03
    2.03      1.44
    1.31      4.06
    0.72      0.65
    3.34      4.13
    7.46      5.64
    5.43      5.63
    6.36      5.43
    7.08      6.67
   17.69     18.62
    2.10      3.27
    2.82      2.75
    4.19      4.06
    4.19      4.71
    6.81      3.54
    4.85     24.42
   23.33      4.12
    6.30     23.05
   21.95     49.73
   49.83      6.87
   25.45     22.81
   19.06     23.77
   19.84     35.82
   24.80     37.79
   37.44     23.17
   34.00     18.56
   19.35     19.21
    2.10      4.64
    3.47      1.37
   20.30     35.52
   18.42     17.48
   18.58     17.19
    3.22      1.38
    2.75      4.12
    3.33      2.09
   16.25      4.12
    2.82      4.05
    2.10      2.68
    4.71     19.24
    3.47      3.47
   20.67      4.11
    2.16      4.06
   85.84    123.43
   44.14     26.45
   71.47    223.98
    5.57     80.25
   26.70    115.87
    5.64     28.67
   47.45    115.80
   33.97     53.84
    8.20     80.25
   42.14     81.77
   21.66     53.74
   32.32     12.38
   48.97     44.86
   50.16     60.32
   53.35     42.49
   37.33      2.81
   24.09      9.39
   68.44      4.04
    9.52     53.11
   41.42      6.36
   80.74     71.59
   51.24     46.54
   57.35     86.12
   71.88     42.96
    7.41     37.13
   67.51     67.12
   58.89     69.07
   74.36     98.52
   97.14     64.17
   86.79     54.98
   14.30     75.00
  110.20     44.73
   35.38     49.14
  104.18     68.59
   21.56     17.41
   68.15     25.69
    4.69      4.77
   30.69     23.14
   44.83     39.16
   21.27     33.86
    3.47      2.09
    2.80      3.99
    1.37     16.17
    4.12      2.16
    3.47      2.03
    1.96      5.43
   20.09      2.82
    1.31      6.15
    6.87      2.89
    0.72      2.03
    5.57      2.10
    2.61      3.54
    5.36      8.32
    2.70      4.78
    3.41      4.06
    2.16      0.72
    2.16      0.00
    4.19      1.38
    1.44      1.37
    0.00      0.00
    1.37      0.65
    0.65      2.10
    6.74      6.94
    4.05      4.71
    6.22      7.01
    5.71      4.64
    2.68      3.47
    2.16     15.69
   20.02      5.43
    5.50      4.84
    1.37      1.37
    2.68      4.78
    8.31      6.94
    2.10      7.18
    9.10      4.12
    3.99      9.49
    8.45     34.40
   22.55     38.26
   39.80     23.90
   24.74     19.89
    4.70     24.23
    6.94     19.13
   19.90      6.01
   33.37     23.45
   40.67     34.89
   19.06     16.89
    0.72     15.69
   14.46     30.80
   35.73      6.29
   17.93     19.30
    4.22      2.75
   19.88     18.64
    3.54      2.10
    1.31      3.40
    2.67      2.82
    1.38      2.61
    4.19     18.40
    0.72      2.03
    5.38      6.81
   61.04     50.46
   32.83     79.64
    3.46     55.41
   47.75    160.15
   34.42     29.87
   17.31    102.82
    6.94     80.27
   24.57    118.02
   50.55     51.07
   21.06    103.78
   26.49     35.38
   23.70     64.88
   30.99     33.67
   57.67     27.28
   46.41     62.07
  103.05     59.71
   28.10     43.71
   63.60     42.77
   56.94     12.34
  110.64     43.26
   42.51     10.96
   28.69     29.50
   58.02     47.43
   51.10     17.36
   53.58     72.49
   73.16     12.79
   59.13     48.65
   15.46      8.84
    6.81     19.23
   12.16     58.44
   79.32     66.94
   59.00     13.82
   40.27     77.48
   43.64     18.85
   91.12    107.16
   36.16     23.50
  126.91     68.06
   19.89      5.16
   33.63     60.10
   69.49     20.66
   19.00     36.17
   25.42     19.29
   16.83      5.42
    2.68      3.40
    7.82      4.78
    2.10      0.72
    2.75      2.75
    2.81      0.72
    1.96      4.64
    4.70      4.98
    2.03      4.13
    6.22     17.28
    0.72      2.03
    2.16      0.65
   28.40     25.47
    5.42      6.87
   29.84     32.30
   52.00     33.81
    3.40      2.89
   12.48      0.00
    5.86      2.03
    2.10      0.72
    4.06      5.43
    3.40      3.47
    6.94      6.87
    5.71      4.57
    2.10      2.10
    5.36      4.91
    3.47      3.33
    2.16     17.10
   16.45      2.03
    3.40      2.10
    2.68      6.15
    5.49     35.37
   31.91      7.33
    7.60      5.57
   10.99      8.11
    6.81     23.57
    4.92      3.27
   20.44      8.90
   24.73     36.86
    6.89     23.33
    8.32      7.53
   24.99      6.94
    4.78     18.37
    4.97     21.91
    7.46     34.25
   19.77      4.98
   33.63     17.12
    0.72     31.11
   30.72     17.04
   50.40     22.27
    3.47      2.10
    0.72      0.72
   17.57     33.92
    6.10      5.63
   17.03      3.46
    2.68      3.47
    2.15      1.96
   54.13     69.39
    2.68     29.14
    5.41     82.33
  112.83    158.32
   63.70     30.00
    2.78    129.53
    0.65    109.15
    0.64     27.10
    3.47      4.78
   47.10    178.56
   29.95     53.22
   73.65     55.05
   56.68     51.14
   70.35     57.43
   81.18     79.61
   28.37     22.15
   57.62     47.40
   22.00     55.75
   63.09     57.77
   43.53     37.76
   44.79     37.37
   33.03     48.54
   42.55     39.77
   49.75     31.98
   36.79     34.81
   43.55     49.62
  109.60     22.42
   70.16    129.60
   54.80     22.42
   97.93    125.40
   42.32      7.02
   58.45     51.52
  118.65     34.99
   76.48     78.38
   19.95     18.21
   68.28     46.05
   71.80     43.92
   18.09     34.36
   23.57     32.93
   61.03     18.19
   28.20     17.57
  103.70     89.90
   40.01     16.65
    4.94      6.00
   36.44      6.29
    0.72      2.61
    2.03      1.96
   20.64     18.54
    0.65     17.21
    6.22      3.54
   17.14      2.09
    2.03      4.71
    4.14      4.85
    3.34      4.06
    7.67      5.00
    1.46      0.65
    2.88      0.00
    2.68      2.75
    3.27      6.22
    1.96      4.13
    2.68      5.51
    5.43      4.19
    6.94      4.92
    5.57      3.47
   23.39     21.22
    2.82      4.64
    1.38      1.38
    5.51      3.41
    2.82      4.71
    3.47      3.47
    3.47      1.37
    4.77      5.56
    3.34      3.54
    2.03      3.26
    4.91      3.54
    2.82     36.73
   37.97      6.36
    6.94      4.84
    4.05      8.11
    6.94      3.47
    4.71     24.36
    6.88     20.75
   41.00     23.15
   37.18     42.56
   23.27      6.15
    8.38      6.94
    7.67      4.71
   17.63     19.01
   20.02     19.72
    4.12     18.99
   19.00     47.38
    3.47      3.27
   47.31     19.21
   21.96      4.60
   17.95     48.01
    4.20      2.16
   33.15      2.16
    2.68      4.78
    4.06      4.19
   17.47      0.64
    0.00      0.00
    0.00      0.00
    0.58      0.80
    0.00      0.00
    0.00      0.00
    0.00      0.00
    0.00      0.00
    0.00      0.00
    0.00      0.00
    0.00      0.00
    0.00      0.00
    0.00      0.00
    0.00      0.00
    0.00      0.00
    0.00      0.00
    0.00      0.00
    0.00      0.00
    0.00      0.00
    0.00      0.00
    0.00      0.00
    0.00      0.00
    0.00      0.00
    0.00      0.00
    0.00      0.00
    0.00      0.00
    0.00      0.00
    0.00      0.00
    0.00      0.00
    0.00      0.00
    0.00      0.00
    0.00      0.00
    0.00      0.00
    0.00      0.00
    0.00      0.00
    0.00      0.00
    0.00      0.00
    0.00      0.00
