      h_eth1      
 KB/s in  KB/s out
    0.00      0.00
    0.00      0.00
    0.00      0.00
    0.00      0.00
    0.00      0.00
    0.00      0.00
    0.00      0.00
    0.00      0.00
    0.00      0.00
    0.00      0.00
    0.00      0.00
    0.00      0.00
    0.00      0.00
    0.00      0.00
    0.00      0.00
    0.00      0.00
    0.00      0.00
    0.00      0.00
    0.00      0.00
    0.00      0.00
    0.00      0.00
    0.00      0.00
    0.00      0.00
    0.00      0.00
    0.00      0.00
    0.00      0.00
    0.00      0.00
    0.00      0.00
    1.36      0.00
    0.00      0.00
    0.00      0.00
    0.00      0.00
    0.00      0.00
    0.00      0.00
    0.00      0.00
    0.00      0.00
    0.00      0.00
    0.00      0.00
    0.00      0.00
    0.00      0.00
    0.00      0.00
    0.00      0.00
    0.00      0.00
    0.00      0.00
    0.00      0.00
    0.00      0.00
    0.00      0.00
    0.00      0.00
    0.00      0.00
    0.00      0.00
    0.00      0.00
    0.00      0.00
    0.00      0.00
    0.00      0.00
    0.00      0.00
    0.00      0.00
    0.00      0.00
    0.00      0.00
    0.00      0.00
    0.00      0.00
    0.00      0.00
    0.00      0.00
    0.00      0.00
    0.00      0.00
    0.00      0.00
    0.00      0.00
    0.00      0.00
    0.00      0.00
    0.00      0.00
    0.00      0.00
    0.00      0.00
    0.00      0.00
    0.00      0.00
    0.00      0.00
    0.00      0.00
    0.00      0.00
    0.00      0.00
    0.00      0.00
    0.00      0.00
    0.00      0.00
    0.00      0.00
    0.00      0.00
    0.00      0.00
    0.00      0.00
    0.00      0.00
    0.00      0.00
    0.00      0.00
    0.00      0.00
    0.00      0.00
    0.00      0.00
    0.00      0.00
    0.00      0.00
    0.00      0.00
    0.00      0.00
    0.00      0.00
    0.00      0.00
    0.00      0.00
    0.00      0.00
    0.00      0.00
    0.00      0.00
    0.00      0.00
    0.00      0.00
    0.00      0.00
    0.00      0.00
    0.00      0.00
    0.00      0.00
    0.00      0.00
    0.00      0.00
    0.00      0.00
    0.00      0.00
    0.00      0.00
    0.00      0.00
    0.00      0.00
    0.00      0.00
    0.00      0.00
    0.00      0.00
    0.00      0.00
    0.00      0.00
    0.00      0.00
    0.00      0.00
    0.00      0.00
    0.00      0.00
    0.00      0.00
    0.00      0.00
    0.00      0.00
    0.00      0.00
    0.00      0.00
    0.00      0.00
    0.00      0.00
    0.00      0.00
    0.00      0.00
    0.00      0.00
    0.00      0.00
    0.00      0.00
    0.00      0.00
    0.00      0.00
    0.00      0.00
    0.00      0.00
    0.00      0.00
    0.00      0.00
    0.00      0.00
    0.00      0.00
    0.00      0.00
    0.00      0.00
    0.00      0.00
    0.00      0.00
    0.00      0.00
    0.00      0.00
    0.00      0.00
    0.00      0.00
    0.00      0.00
    0.00      0.00
    0.00      0.00
    0.00      0.00
    0.00      0.00
    0.00      0.00
    0.00      0.00
    0.00      0.00
    0.00      0.00
    0.00      0.00
    0.00      0.00
    0.00      0.00
    0.00      0.00
    0.00      0.00
    0.00      0.00
    0.00      0.00
    0.00      0.00
    0.00      0.00
    0.00      0.00
    0.00      0.00
    0.00      0.00
    0.00      0.00
    0.00      0.00
    0.00      0.00
    0.00      0.00
    0.00      0.00
    0.00      0.00
    0.00      0.00
    0.00      0.00
    0.00      0.00
    0.00      0.00
    0.00      0.00
    0.00      0.00
    0.00      0.00
    0.00      0.00
    0.00      0.00
    0.00      0.00
    0.00      0.00
    0.00      0.00
    0.00      0.00
    0.00      0.00
    0.00      0.00
    0.00      0.00
    0.00      0.00
    0.00      0.00
    0.00      0.00
    0.00      0.00
    0.00      0.00
    0.00      0.00
    0.00      0.00
    0.00      0.00
    0.00      0.00
    0.00      0.00
    0.00      0.00
    0.00      0.00
    0.00      0.00
    0.00      0.00
    0.00      0.00
    0.00      0.00
    0.00      0.00
    0.00      0.00
    0.00      0.00
    0.00      0.00
    0.00      0.00
    0.00      0.00
    0.00      0.00
    0.00      0.00
    0.00      0.00
    0.00      0.00
    0.00      0.00
    0.00      0.00
    0.00      0.00
    0.00      0.00
    0.00      0.00
    0.00      0.00
    0.00      0.00
    0.00      0.00
    0.00      0.00
    0.00      0.00
    0.00      0.00
    0.00      0.00
    0.00      0.00
    0.00      0.00
    0.00      0.00
    0.00      0.00
    0.00      0.00
    0.00      0.00
    0.00      0.00
    0.00      0.00
    0.00      0.00
    0.00      0.00
    0.00      0.00
    0.00      0.00
    0.00      0.00
    0.00      0.00
    0.00      0.00
    0.00      0.00
    0.00      0.00
    0.00      0.00
    0.00      0.00
    0.00      0.00
    0.00      0.00
    0.00      0.00
    0.00      0.00
    0.00      0.00
    0.00      0.00
    0.00      0.00
    0.00      0.00
    0.00      0.00
    0.00      0.00
    0.00      0.00
    0.00      0.00
    0.00      0.00
    0.00      0.00
    0.00      0.00
    0.00      0.00
    0.00      0.00
    0.00      0.00
    0.00      0.00
    0.00      0.00
    0.00      0.00
    0.00      0.00
    0.00      0.00
    0.00      0.00
    0.00      0.00
    0.00      0.00
    0.00      0.00
    0.00      0.00
    0.00      0.00
    0.00      0.00
    0.00      0.00
    0.00      0.00
    0.00      0.00
    0.00      0.00
    0.00      0.00
    0.00      0.00
    0.00      0.00
    0.00      0.00
    0.00      0.00
    0.00      0.00
    0.00      0.00
    0.00      0.00
    0.00      0.00
    0.00      0.00
    0.00      0.00
    0.00      0.00
    0.00      0.00
    0.00      0.00
    0.00      0.00
    0.00      0.00
    0.00      0.00
    0.00      0.00
    0.00      0.00
    0.00      0.00
    0.00      0.00
    0.00      0.00
    0.00      0.00
    0.00      0.00
    0.00      0.00
    0.00      0.00
    0.00      0.00
    0.00      0.00
    0.00      0.00
    0.00      0.00
    0.00      0.00
    0.00      0.00
    0.00      0.00
    0.00      0.00
    0.00      0.00
    0.00      0.00
    0.00      0.00
    0.00      0.00
    0.00      0.00
    0.00      0.00
    0.00      0.00
    0.00      0.00
    0.00      0.00
    0.00      0.00
    0.00      0.00
    0.00      0.00
    0.00      0.00
    0.00      0.00
    0.00      0.00
    0.00      0.00
    0.00      0.00
    0.00      0.00
    0.00      0.00
    0.00      0.00
    0.00      0.00
    0.00      0.00
    0.00      0.00
    0.00      0.00
    0.00      0.00
    0.00      0.00
    0.00      0.00
    0.00      0.00
    0.00      0.00
    0.00      0.00
    0.00      0.00
    0.00      0.00
    0.00      0.00
    0.00      0.00
    0.00      0.00
    0.00      0.00
    0.00      0.00
    0.00      0.00
    0.00      0.00
    0.00      0.00
    0.00      0.00
    0.00      0.00
    0.00      0.00
    0.00      0.00
    0.00      0.00
    0.00      0.00
    0.00      0.00
    0.00      0.00
    0.00      0.00
    0.00      0.00
    0.00      0.00
    0.00      0.00
    0.00      0.00
    0.00      0.00
    0.00      0.00
    0.00      0.00
    0.00      0.00
    0.00      0.00
    0.00      0.00
    0.00      0.00
    0.00      0.00
    0.00      0.00
    0.00      0.00
    0.00      0.00
    0.00      0.00
    0.00      0.00
    0.00      0.00
    0.00      0.00
    0.00      0.00
    0.00      0.00
    0.00      0.00
    0.00      0.00
    0.00      0.00
    0.00      0.00
    0.00      0.00
    0.00      0.00
    0.00      0.00
    0.00      0.00
    0.00      0.00
    0.00      0.00
    0.00      0.00
    0.00      0.00
    0.00      0.00
    0.00      0.00
    0.00      0.00
    0.00      0.00
    0.00      0.00
    0.00      0.00
    0.00      0.00
    0.00      0.00
    0.00      0.00
    0.41      0.00
    0.00      0.00
    0.00      0.00
    0.00      0.00
    0.00      0.00
    0.00      0.00
    0.00      0.00
    0.00      0.00
    0.00      0.00
    0.00      0.00
    0.00      0.00
    0.00      0.00
    0.00      0.00
    0.00      0.00
    0.00      0.00
    0.00      0.00
    0.00      0.00
    0.00      0.00
    0.00      0.00
    0.00      0.00
    0.00      0.00
    0.00      0.00
    0.00      0.00
    0.00      0.00
    0.00      0.00
    0.00      0.00
    0.00      0.00
    0.00      0.00
    0.00      0.00
    0.00      0.00
    0.00      0.00
    0.00      0.00
    0.00      0.00
    0.00      0.00
    0.00      0.00
    0.00      0.00
    0.00      0.00
    0.00      0.00
    0.00      0.00
    0.00      0.00
    0.00      0.00
    0.00      0.00
    0.00      0.00
    0.00      0.00
    0.00      0.00
    0.00      0.00
    0.00      0.00
    0.00      0.00
    0.00      0.00
    0.00      0.00
    0.00      0.00
    0.00      0.00
    0.00      0.00
    0.00      0.00
    0.00      0.00
    0.00      0.00
    0.00      0.00
    0.00      0.00
    0.00      0.00
    0.00      0.00
    0.00      0.00
    0.00      0.00
    0.00      0.00
    0.00      0.00
    0.00      0.00
    0.00      0.00
    0.00      0.00
    0.00      0.00
    0.00      0.00
    0.00      0.00
    0.00      0.00
    0.00      0.00
    0.00      0.00
    0.00      0.00
    0.00      0.00
    0.00      0.00
    0.00      0.00
    0.00      0.00
    0.00      0.00
    0.00      0.00
    0.00      0.00
    0.00      0.00
    0.00      0.00
    0.00      0.00
    0.00      0.00
    0.00      0.00
    0.00      0.00
    0.00      0.00
    0.00      0.00
    0.00      0.00
    0.00      0.00
    0.00      0.00
    0.00      0.00
    0.00      0.00
    0.00      0.00
    0.00      0.00
    0.00      0.00
    0.00      0.00
    0.00      0.00
    0.00      0.00
    0.00      0.00
    0.00      0.00
    0.00      0.00
    0.00      0.00
    0.00      0.00
    0.00      0.00
    0.00      0.00
    0.00      0.00
    0.00      0.00
    0.00      0.00
    0.00      0.00
    0.00      0.00
    0.00      0.00
    0.00      0.00
    0.00      0.00
    0.00      0.00
    0.00      0.00
    0.00      0.00
    0.00      0.00
    0.00      0.00
    0.00      0.00
    0.00      0.00
    0.00      0.00
    0.00      0.00
    0.00      0.00
    0.00      0.00
    0.00      0.00
    0.00      0.00
    0.00      0.00
    0.00      0.00
    0.00      0.00
    0.00      0.00
    0.00      0.00
    0.00      0.00
    0.00      0.00
    0.00      0.00
    0.00      0.00
    0.00      0.00
    0.00      0.00
    0.00      0.00
    0.00      0.00
    0.00      0.00
    0.00      0.00
    0.00      0.00
    0.00      0.00
    0.00      0.00
    0.00      0.00
    0.00      0.00
    0.00      0.00
    0.00      0.00
    0.00      0.00
    0.00      0.00
    0.00      0.00
    0.00      0.00
    0.00      0.00
    0.00      0.00
    0.00      0.00
    0.00      0.00
    0.00      0.00
    0.00      0.00
    0.00      0.00
    0.00      0.00
    0.00      0.00
    0.00      0.00
    0.00      0.00
    0.00      0.00
    0.00      0.00
    0.00      0.00
    0.00      0.00
    0.00      0.00
    0.00      0.00
    0.00      0.00
    0.00      0.00
    0.00      0.00
    0.00      0.00
    0.00      0.00
    0.00      0.00
    0.00      0.00
    0.00      0.00
    0.00      0.00
    0.00      0.00
    0.00      0.00
    0.00      0.00
    0.00      0.00
    0.00      0.00
    0.00      0.00
    0.00      0.00
    0.00      0.00
    0.00      0.00
    0.00      0.00
    0.00      0.00
    0.00      0.00
    0.00      0.00
    0.00      0.00
    0.00      0.00
    0.00      0.00
    0.00      0.00
    0.00      0.00
    0.00      0.00
    0.00      0.00
    0.00      0.00
    0.00      0.00
    0.00      0.00
    0.00      0.00
    0.00      0.00
    0.00      0.00
    0.00      0.00
    0.00      0.00
    0.00      0.00
    0.00      0.00
    0.00      0.00
    0.00      0.00
    0.00      0.00
    0.00      0.00
    0.00      0.00
    0.00      0.00
    0.00      0.00
    0.00      0.00
    0.00      0.00
    0.00      0.00
    0.00      0.00
    0.00      0.00
    0.00      0.00
    0.00      0.00
    0.00      0.00
    0.00      0.00
    0.00      0.00
    0.00      0.00
    0.00      0.00
    0.00      0.00
    0.00      0.00
    0.00      0.00
    0.00      0.00
    0.00      0.00
    0.00      0.00
    0.00      0.00
    0.00      0.00
    0.00      0.00
    0.00      0.00
    0.00      0.00
    0.00      0.00
    0.00      0.00
    0.00      0.00
    0.00      0.00
    0.00      0.00
    0.00      0.00
    0.00      0.00
    0.00      0.00
    0.00      0.00
    0.00      0.00
    0.00      0.00
    0.00      0.00
    0.00      0.00
    0.00      0.00
    0.00      0.00
    0.00      0.00
    0.00      0.00
    0.00      0.00
    0.00      0.00
    0.00      0.00
    0.00      0.00
    0.00      0.00
    0.00      0.00
    0.00      0.00
    0.00      0.00
    0.00      0.00
    0.00      0.00
    0.00      0.00
    0.00      0.00
    0.00      0.00
    0.00      0.00
    0.00      0.00
    0.00      0.00
    0.00      0.00
    0.00      0.00
    0.00      0.00
    0.00      0.00
    0.00      0.00
    0.00      0.00
    0.00      0.00
    0.00      0.00
    0.00      0.00
    0.00      0.00
    0.00      0.00
    0.00      0.00
    0.00      0.00
    0.00      0.00
    0.00      0.00
    0.00      0.00
    0.00      0.00
    0.00      0.00
    0.00      0.00
    0.00      0.00
    0.00      0.00
    0.00      0.00
    0.00      0.00
    0.00      0.00
    0.00      0.00
    0.00      0.00
    0.00      0.00
    0.00      0.00
    0.00      0.00
    0.00      0.00
    0.00      0.00
    0.00      0.00
    0.00      0.00
    0.00      0.00
    0.00      0.00
    0.00      0.00
    0.00      0.00
    0.00      0.00
    0.00      0.00
    0.00      0.00
    0.00      0.00
    0.00      0.00
    0.00      0.00
    0.00      0.00
    0.00      0.00
    0.00      0.00
    0.00      0.00
    0.00      0.00
    0.00      0.00
    0.00      0.00
    0.00      0.00
    0.00      0.00
    0.00      0.00
    0.00      0.00
    0.00      0.00
    0.00      0.00
    0.00      0.00
    0.00      0.00
    0.00      0.00
    0.00      0.00
    0.00      0.00
    0.00      0.00
    0.00      0.00
    0.00      0.00
    0.00      0.00
    0.00      0.00
    0.00      0.00
    0.00      0.00
    0.00      0.00
    0.00      0.00
    0.00      0.00
    0.00      0.00
    0.00      0.00
    0.00      0.00
    0.00      0.00
    0.00      0.00
    0.00      0.00
    0.00      0.00
    0.00      0.00
    0.00      0.00
    0.00      0.00
    0.00      0.00
    0.00      0.00
    0.00      0.00
    0.00      0.00
    0.00      0.00
    0.00      0.00
    0.00      0.00
    0.00      0.00
    0.00      0.00
    0.00      0.00
    0.00      0.00
    0.00      0.00
    0.00      0.00
    0.00      0.00
    0.00      0.00
    0.00      0.00
    0.00      0.00
    0.00      0.00
    0.00      0.00
    0.00      0.00
    0.00      0.00
    0.00      0.00
    0.00      0.00
    0.00      0.00
    0.00      0.00
    0.00      0.00
    0.00      0.00
    0.00      0.00
    0.00      0.00
    0.00      0.00
    0.00      0.00
    0.00      0.00
    0.00      0.00
    0.00      0.00
    0.00      0.00
    0.00      0.00
    0.00      0.00
    0.00      0.00
    0.00      0.00
    0.00      0.00
    0.00      0.00
    0.00      0.00
    0.00      0.00
    0.00      0.00
    0.00      0.00
    0.41      0.00
    0.00      0.00
    0.00      0.00
    0.00      0.00
    0.00      0.00
    0.00      0.00
    0.00      0.00
    0.00      0.00
    0.00      0.00
    0.00      0.00
    0.00      0.00
    0.00      0.00
    0.00      0.00
    0.00      0.00
    0.00      0.00
    0.00      0.00
    0.00      0.00
    0.00      0.00
    0.00      0.00
    0.00      0.00
    0.00      0.00
    0.00      0.00
    0.00      0.00
    0.00      0.00
    0.00      0.00
    0.00      0.00
    0.00      0.00
    0.00      0.00
    0.00      0.00
    0.00      0.00
    0.00      0.00
    0.00      0.00
    0.00      0.00
    0.00      0.00
    0.00      0.00
    0.00      0.00
    0.00      0.00
    0.00      0.00
    0.00      0.00
    0.00      0.00
    0.00      0.00
    0.00      0.00
    0.00      0.00
    0.00      0.00
    0.00      0.00
    0.00      0.00
    0.00      0.00
    0.00      0.00
    0.00      0.00
    0.00      0.00
    0.00      0.00
    0.00      0.00
    0.00      0.00
    0.00      0.00
    0.00      0.00
    0.00      0.00
    0.00      0.00
    0.00      0.00
    0.00      0.00
    0.00      0.00
    0.00      0.00
    0.00      0.00
    0.00      0.00
    0.00      0.00
    0.00      0.00
    0.00      0.00
    0.00      0.00
    0.00      0.00
    0.00      0.00
    0.00      0.00
    0.00      0.00
    0.00      0.00
    0.00      0.00
    0.00      0.00
    0.00      0.00
    0.00      0.00
    0.00      0.00
    0.00      0.00
    0.00      0.00
    0.00      0.00
    0.00      0.00
    0.00      0.00
    0.00      0.00
    0.00      0.00
    0.00      0.00
    0.00      0.00
    0.00      0.00
    0.00      0.00
    0.00      0.00
    0.00      0.00
    0.00      0.00
    0.00      0.00
    0.00      0.00
    0.00      0.00
    0.00      0.00
    0.00      0.00
    0.00      0.00
    0.00      0.00
    0.00      0.00
    0.00      0.00
    0.41     26.16
   25.73     20.39
   20.41     47.20
   53.03     39.81
   39.02      1.58
   10.29      0.00
    0.00      0.00
    0.00      0.00
    0.00      0.00
    0.00      0.00
    0.00      1.09
    0.00      0.00
 1278.97    178.03
 1168.32   1393.02
 1543.97    362.65
 2155.18   1012.15
 1082.82   1270.85
  494.33   2331.88
 1164.14   1448.69
 1205.37   1969.90
  484.21    183.76
 1184.82    353.64
  423.41     50.89
   58.25      0.80
   40.66      0.00
    6.07      0.00
    0.87      0.00
    0.00      0.00
    0.00      0.00
    0.00      0.00
    0.00      0.00
    0.00      0.00
    0.00      0.00
    0.00      0.00
    0.00      0.00
    0.00      0.00
    0.00      0.00
    0.00      0.00
    0.00      0.00
    0.00      0.00
    0.00      0.00
    0.00      0.00
    0.00      0.00
    0.00      0.00
    0.00      0.00
    0.00      0.00
    0.00      0.00
    0.00      0.00
    0.00      0.00
    0.00      0.00
    0.00      0.00
    0.00      0.00
    0.00      0.00
    0.00      0.00
    0.41      0.41
    0.00      0.00
    0.00      0.00
    0.00      0.00
    0.00      0.00
    0.00      0.00
    0.00      0.00
    0.00      0.00
    0.00      0.00
    0.00      0.00
    0.00      0.00
    0.00      0.00
    0.00      0.00
   29.94     59.52
   59.08     89.11
   62.74    321.29
  266.38    230.39
  366.07    277.25
  359.25    267.57
  172.57     94.33
   23.75     15.89
   12.28      0.00
    2.87      0.00
    0.72      0.00
    0.00      0.00
    0.00      0.00
    0.00      0.00
    0.00      0.00
    0.00      0.00
    0.00      0.00
    0.00      0.00
    0.00      0.00
    0.00      0.00
    0.00      0.00
    0.00      0.00
    0.00      0.00
    0.00      0.00
    0.00      0.00
    0.00      0.00
    0.00      0.00
    0.00      0.00
    0.00      0.00
    0.00      0.00
    0.00      0.00
    0.00      0.00
    0.00      0.00
    0.82      0.00
    0.00      0.00
    0.00      0.00
    0.00      0.00
    0.00      0.00
    0.00      0.00
    0.00      0.00
    0.00      0.00
    0.00      0.00
    0.00      0.00
    0.00      0.00
  108.01    173.46
  162.76    191.62
   27.98    156.87
  157.36    141.66
   81.36    124.42
  144.92     73.43
  265.52    179.19
  252.83    144.76
   77.55    105.96
  143.84    166.25
   80.79    189.90
  298.11    286.42
  318.36    270.82
  217.36    143.53
  312.48    176.57
   36.01     31.06
   19.10     14.85
    7.91      0.00
    1.43      0.00
    0.72      0.00
    0.00      0.00
    0.00      0.00
    0.00      0.00
    0.00      0.00
    0.00      0.00
    0.00      0.00
    0.00      0.00
    0.00      0.00
    0.00      0.00
    0.00      0.00
    0.00      0.00
    0.00      0.00
    0.00      0.00
    0.00      0.00
    0.00      0.00
    0.00      0.00
    0.00      0.00
    0.00      0.00
    0.00      0.00
    0.00      0.00
    0.00      0.00
    0.00      0.00
    0.00      0.00
    0.00      0.00
    0.00      0.00
    0.00      0.00
    0.00      0.00
    0.00      0.00
    0.00      0.00
    0.00      0.00
    0.00      0.00
    0.00      0.00
    0.00     15.11
   15.10      0.75
    1.44      0.00
   15.10     29.53
   15.77     15.71
   75.34     60.46
   45.18    107.73
   76.85     77.71
   46.04     16.62
   15.71    150.65
  150.91    172.41
  263.52    236.32
  202.84    281.18
  234.75    115.41
  175.83    129.64
  172.98    130.19
   33.58     15.76
    6.51      0.00
    5.03      0.00
    0.72      0.00
    0.00      0.00
    0.00      0.00
    0.00      0.00
    0.00      0.00
    0.00      0.00
    0.00      0.00
    0.00      0.00
    0.00      0.00
    0.00      0.00
    0.00      0.00
    0.00      0.00
    0.00      0.00
    0.00      0.00
    0.00      0.00
    0.00      0.00
    0.00      0.00
    0.00      0.00
    0.00      0.00
    0.00      0.00
    0.00      0.00
    0.00      0.00
    0.00      0.00
    0.00      0.00
    0.00      0.00
    0.00      0.00
    0.00      0.00
    0.00      0.00
   15.62     26.52
   88.13     99.24
  103.87    205.48
  114.44    193.86
  108.19    236.19
  173.56    139.53
  125.07     72.17
  198.27    105.19
  128.88     86.01
   55.85      8.40
  102.17     73.16
   60.63     28.44
   88.26     81.22
   29.13    121.54
  190.33    264.02
  218.16    142.72
  288.78    280.69
  163.47    129.79
  261.54    247.32
  100.08     64.92
  215.34    130.48
   97.09     83.51
   17.26     15.90
   10.13      0.00
    2.15      0.00
    0.72      0.00
    0.00      0.00
    0.00      0.00
    0.00      0.00
    0.00      0.00
    0.00      0.00
    0.00      0.00
    0.00      0.00
    0.00      0.00
    0.00      0.00
    0.00      0.00
    0.00      0.00
    0.00      0.00
    0.00      0.00
    0.00      0.00
    0.00      0.00
    0.00      0.00
    0.00      0.00
    0.00      0.00
    0.00      0.00
    0.00      0.00
    0.00      0.00
    0.00      0.00
    0.00      0.00
    0.00      0.00
    0.00      0.00
    0.00      0.00
    0.00      0.00
    0.00      0.00
    0.00      0.65
    0.00     14.37
    0.74     15.68
   16.59      0.72
   30.85     46.65
   44.59     48.10
   16.38     16.45
   19.35      3.47
    2.82     15.10
   29.36     17.15
   17.19     29.50
   14.34     20.94
   33.28     66.20
   26.82     22.80
   42.29     11.20
   24.71     12.56
    6.02     22.63
    9.75      6.28
    1.31      2.10
   27.97     12.64
    4.78      4.19
    0.00      1.44
    3.61      0.00
    1.44      0.00
    0.00      0.00
    0.00      0.00
    0.00      0.00
    0.00      0.00
    0.00      0.00
    0.00      0.00
    0.00      0.00
    0.00      0.00
    0.00      0.00
    0.00      0.00
    0.00      0.00
    0.41      0.00
    0.00      0.00
    0.00      0.00
    0.00      0.00
    0.00      0.00
    0.00      0.00
    0.00      0.00
    0.00      0.00
    0.00      0.00
    0.00      0.00
    0.00      0.00
   90.84     88.94
   72.69    164.69
   62.65    204.89
  123.34    152.92
   48.84     67.08
  156.25    105.46
   70.96     97.03
  164.95    108.74
   94.51     90.36
  185.82    107.52
  127.51     82.16
  130.54    117.61
   98.97     62.35
   27.64     18.84
   82.31     53.58
   16.28      1.37
   10.30      3.69
   34.51     54.56
   35.31     70.35
   25.03     20.99
   11.71      7.45
   54.78     13.35
    4.26      3.33
    7.58     22.90
    2.75      4.12
   22.53      2.10
    7.52      8.45
    4.18      2.03
    0.72      0.72
    2.16      0.00
    1.44      0.00
    0.00      0.00
    0.00      0.00
    0.00      0.00
    0.00      0.00
    0.00      0.00
    0.00      0.00
    0.00      0.00
    0.00      0.00
    0.00      0.00
    0.00      0.00
    0.00      0.00
    0.00      0.00
    0.00      0.00
    0.00      0.00
    0.00      0.00
    0.00      0.00
    0.00      0.00
    0.00      0.00
    0.00      0.00
    0.00      0.00
    0.00      0.65
    0.00      0.00
    0.00      0.00
    0.74      0.00
    0.00      0.00
    1.37      1.37
   14.37     15.09
    2.09      0.65
   31.41     60.95
   16.53     15.09
   47.82     64.32
    2.87     30.11
   73.08     19.26
   32.16     32.30
    0.73     14.99
   30.89      2.77
    4.11      4.78
    4.12      4.78
   22.38     24.09
    8.76     11.71
   20.57     37.03
   10.14      4.91
   25.48     11.19
    4.12      2.82
    5.43     18.48
    4.12      6.15
   17.76      4.26
    4.06      1.37
    6.22      7.01
    2.03      1.37
    0.72      0.72
    2.16      0.00
    0.72      0.00
    0.00      0.00
    0.00      0.00
    0.00      0.00
    0.00      0.00
    0.00      0.00
    0.00      0.00
    0.00      0.00
    0.00      0.00
    0.00      0.00
    0.00      0.00
    0.00      0.00
    0.00      0.00
    0.00      0.00
    0.00      0.00
    0.00      0.00
    0.00      0.00
   62.43    105.30
   77.53    131.08
   64.19    178.42
  134.48    170.78
   56.12     81.65
   61.02     33.12
   84.66     84.83
   43.20     23.42
  221.25    109.20
   55.49     54.60
  191.80    135.86
   35.61     25.77
  122.79     48.35
    8.29     64.08
   70.89     45.33
   51.85     20.14
   55.71     65.39
   45.10     20.46
   32.16      9.34
   21.15      6.01
   16.46      8.76
   20.73     17.91
   10.41     10.92
   19.16     35.77
    6.94      3.40
   24.86      8.98
    4.92      3.47
    2.26     17.95
    5.56      2.16
   17.20      5.36
    2.16      1.37
    3.92      4.19
    5.63      4.19
    1.37      0.65
    1.44      0.72
    1.44      0.00
    0.72      0.00
    0.00      0.00
    0.00      0.00
    0.00      0.00
    0.00      0.00
    0.00      0.00
    0.00      0.00
    0.00      0.00
    0.00      0.00
    0.00      0.00
    0.00      0.00
    0.00      0.00
    0.00      0.00
    0.00      0.00
    0.00      0.00
    0.00      0.65
    0.00      0.00
    0.00      0.00
    0.74      0.00
    0.00      0.00
    1.37      1.37
    0.72      1.31
    0.72      0.00
   32.51     32.19
   14.85     30.51
   47.15     63.04
   17.81     31.46
   47.13      4.26
   17.24     45.82
   32.34     32.13
    2.89     15.00
   30.85     15.65
   15.70      7.45
    3.92     20.48
   24.10     18.70
   21.79      7.81
   20.23     10.27
    2.09      1.31
   11.51      7.79
    4.12      8.83
    4.77      3.54
    7.52      4.19
    3.40      4.26
    4.12      3.47
    2.03      1.37
    1.44      2.10
    3.40      4.05
    0.00      0.72
    5.36      4.84
    3.47      3.54
    0.65      0.65
    2.16      0.72
    1.54      0.00
    0.72      0.00
    0.00      0.00
    0.00      0.00
    0.00      0.00
    0.00      0.00
    0.00      0.00
    0.00      0.00
    0.00      0.00
    0.00      0.00
    0.00      0.00
    0.00      0.00
  140.62    238.81
   65.47     67.29
   55.76    194.38
  164.42    226.03
   74.55     68.45
   79.83     64.14
   66.00     92.16
  124.51     39.49
   83.57     80.99
  199.81    132.53
  117.51     91.32
  181.82     91.65
   65.53     64.86
  105.84    104.03
   63.01     13.41
   33.83     32.07
   45.13     32.12
    0.65     30.92
    2.89     15.10
    3.33      3.27
   48.32     25.46
    6.15     24.02
   20.74     19.65
   22.81      3.41
   20.71     10.86
    4.71      3.40
    7.01      5.55
    5.56      6.08
    5.49      4.19
    3.47      5.43
    4.91      1.44
    2.82      1.37
    2.82      2.68
    1.31      1.44
    2.09      3.98
    1.44      0.00
    0.00      0.00
    8.82      6.28
    0.00      1.44
    0.00      0.65
    2.82      0.72
    0.00      0.00
    0.72      0.00
    0.00      0.00
    0.00      0.00
    0.00      0.00
    0.00      0.00
    0.00      0.00
    0.00      0.00
    0.00      0.00
    0.00      0.00
    0.00      0.00
    0.00      0.65
    0.00      0.00
    0.65      0.74
    0.74      0.65
    1.37      0.72
    1.44      1.31
    0.00      0.00
   18.13     17.02
   29.52     46.70
   19.30     19.22
   32.91     74.70
   15.90      0.72
   46.08     18.45
   18.64     49.18
   32.71     19.27
   35.78     17.24
   46.13     33.43
    0.72      3.26
    3.47      2.68
    5.50      4.84
    5.50      4.78
    9.41      9.75
    2.75     21.86
    4.77      2.82
   22.68      6.87
    5.43      6.35
    4.91      4.77
    4.12      3.47
    3.99      4.91
    6.87      5.56
    1.31      2.09
    3.54      1.37
    1.37      0.72
    3.33      2.75
    0.72      1.44
    1.37      4.64
    1.54      0.00
    0.72      0.00
    8.18      6.29
    0.00      0.72
    0.00      0.65
    2.82      0.72
    0.00      0.00
    0.72      0.00
    0.00      0.00
    0.00      0.00
    0.00      0.00
   73.85     98.93
   77.54    156.69
   47.12    152.43
   74.94    145.10
   68.73     90.21
  101.08     62.95
  116.59     71.89
   90.63     33.59
   97.88     77.93
  101.17     63.00
  159.85    104.34
   59.54     84.95
  164.10     69.20
   69.66     67.95
   90.70     56.35
   71.14    100.99
   44.58     23.57
   70.69     21.10
   36.52     49.35
   18.73      0.71
   30.90     16.62
   30.85     34.91
    4.64      5.57
    6.94      6.15
    4.20      6.67
    4.92      2.82
    7.67      6.09
    4.06     21.20
    2.75      4.12
    6.93      5.57
    8.38      6.08
    3.40      2.75
    3.54      5.43
    4.13      0.72
    5.50      6.29
    1.44      0.65
    2.82      1.38
    1.44      0.65
    0.65      0.65
    3.41      2.89
    2.03      1.38
    0.00      3.33
    0.00      0.00
    3.33      2.09
    4.84      4.91
    0.00      0.00
    0.72      0.65
    2.09      0.72
    0.00      0.00
    0.72      0.00
    0.00      0.00
    0.00      0.65
    0.00      0.00
    0.74      0.00
    0.00      0.00
    0.00      0.00
    1.37      1.37
    0.00      0.65
    1.44      0.65
    0.65      0.72
   17.77     16.60
   16.43     16.87
   32.14     61.01
   31.55     32.98
   31.72      1.44
    0.72     44.77
   31.08      2.73
   19.26     48.54
   47.64     47.72
   32.73      4.12
   17.10     17.89
    4.92      2.10
   17.20      5.36
   18.43     22.70
    6.95      3.54
    6.22      4.26
    6.08      5.56
    2.03      4.71
    3.40      3.46
    7.39      9.75
    4.12      3.40
    5.64      3.47
    5.43      4.84
    4.71      4.91
    3.47      3.40
    3.98      4.26
    4.19      3.47
    2.03      2.09
    2.09      0.72
    1.44      1.96
    0.00      1.31
    1.96      0.72
    2.16      1.44
    2.09      1.37
    0.00      2.61
    0.72      0.00
    2.61      2.09
    4.84      4.91
    0.00      0.00
    1.36      0.65
  110.70    184.86
   46.78     79.45
    0.71    176.71
   61.98    133.42
   69.50     55.47
  102.34     89.14
  153.26    125.47
  100.39     94.36
  154.52     91.31
  162.62     80.30
   66.04     25.18
  108.90    101.31
   65.37     17.58
  121.64    118.29
   94.09     99.13
   93.75     81.68
  105.99     43.85
    5.86     49.66
   61.50     63.02
   54.22     44.89
   47.32     32.91
   60.51     33.75
    0.72     17.78
   22.61      7.01
    6.28      5.43
    5.43      7.59
    3.47      3.34
    3.61      2.03
    5.64      2.10
    5.43      9.42
    0.65      2.68
    6.94      4.91
    3.61      2.61
    4.78      4.71
    4.91      3.47
    0.65      4.06
    6.29      3.47
    4.05      2.10
    4.91      4.19
    1.37      1.37
    1.37      0.00
    1.37      2.10
    0.72      1.31
    1.31      0.72
    2.75      2.16
    1.37      0.65
    0.00      2.68
    0.00      0.65
    0.72      0.00
    6.80      5.56
    0.65      1.44
    0.00      0.65
    2.82      0.65
    0.74      0.72
    0.00      0.00
    0.72      0.65
    1.37      0.72
    0.72      1.31
    0.72      0.00
    0.65      1.37
    2.68      1.44
    2.09     45.91
    2.09     15.74
   17.67     18.44
   46.81     32.33
   28.80     15.82
    0.00     60.06
   45.79     47.26
   79.01     34.20
   35.71      8.27
    4.98     16.37
   17.20     17.92
   18.64      2.09
    2.68     22.25
   19.56      6.94
    6.21      4.19
    6.15      4.77
    7.52      4.33
    5.49      4.98
    2.68      3.99
    0.00      2.09
    9.48      7.01
    3.40      3.54
    3.48      2.75
    1.37      4.05
    3.92      2.82
    5.63      6.87
    1.96      2.68
    2.10      3.47
    6.15      2.89
    4.91      2.82
    0.00      1.31
    1.37      1.37
    1.37      1.37
    1.44      1.31
    0.00      0.65
    2.03      1.44
    2.82      0.72
    0.65      1.37
   73.74     76.91
   62.26    131.39
   42.29    148.69
    8.17    109.22
   40.85    107.57
  111.28    131.21
  101.73     97.40
   70.23     36.91
   66.70     13.20
   39.63     14.47
   38.70     37.83
  128.01     87.52
  102.44     95.17
  102.23     73.35
   95.84    105.50
   20.99     49.34
   51.53     36.51
  109.37     47.81
   94.05     70.46
   63.83     76.56
  101.02     97.07
   84.59     36.01
   30.56      6.87
   16.31     18.50
    4.05      4.12
    5.49      4.05
    3.40      6.93
   20.56     21.72
    6.09      6.94
    6.35      4.05
    4.98      2.10
    3.54      1.37
    3.98      8.83
    1.31      2.68
    4.19      2.75
    5.07      0.72
    2.10      3.99
    2.44      3.81
    2.03      2.75
    8.31      4.19
    0.65      3.40
    3.47      2.68
    4.78      2.16
    4.19      3.54
    0.65      0.65
    1.37      2.09
    2.03      1.44
    0.72      0.65
    0.00      1.31
    1.31      0.72
    0.72      0.72
    2.75      0.72
    0.00      1.37
    0.00      2.61
    0.74      0.00
    1.31      0.00
    7.52      7.66
    0.00      0.72
    1.44      1.31
    3.47      1.37
    0.72      1.37
    2.68      2.75
   15.81     16.53
   17.12     15.81
   17.09     34.03
   17.91     29.53
   14.44      0.72
   13.71     29.96
    1.43     45.12
   17.17      1.44
   90.50     34.76
   16.09     66.07
   20.68      4.70
   34.82     33.41
   19.96      3.47
    4.77      6.74
   19.79      4.26
    6.29      5.43
    3.82      5.18
   19.16     20.79
    9.62      5.64
    4.04      4.19
    1.31      5.43
    1.37      1.31
    9.62      5.70
    4.77      4.26
    0.65      1.37
    2.10      1.37
    0.72      1.31
    2.61      6.80
    4.12      1.44
    3.40      4.19
    4.19      3.40
    0.72      1.96
    3.40      2.09
    4.84      3.54
    0.72      1.31
    1.44      0.65
    1.31      0.72
    1.44      0.72
   62.34    103.99
   61.93    106.69
   31.32    154.11
    1.44    103.07
   74.79    121.23
   63.73     76.16
   70.76    141.86
   98.81     94.83
   75.33     85.03
  112.05     68.00
  121.18     38.34
   56.29     51.24
  140.76     61.00
   73.33     68.39
  144.52     80.15
   26.02     60.65
   68.58     36.18
   54.21     23.96
   40.97     36.38
    0.00     46.01
   95.24     93.77
   44.14      7.18
  112.91     91.27
   66.43     28.55
    5.66     20.02
   31.80     36.92
   19.97      4.71
    6.88      9.11
   20.84      2.75
    5.43      5.43
    2.12      7.46
    5.64      4.06
    5.70      0.72
    4.19      3.99
    3.92     10.21
    3.40      3.54
    6.50      0.65
    4.12      2.10
    0.72      2.68
    2.10      0.72
    0.00      2.61
    5.43      2.03
    3.47      5.63
    2.03      2.09
    3.47      2.10
    1.44      2.61
    2.03      1.44
    4.70      4.91
    2.09      0.00
    0.72      2.03
    1.37      0.00
    1.37      2.09
    0.72      0.65
    0.65      0.65
    2.05      2.10
    0.72      0.72
    2.75      1.37
    1.44      1.37
    0.72      0.65
    0.65      3.33
    0.72     15.02
   21.04     19.99
   19.37      4.91
    3.47      2.82
    2.74     60.24
   34.05     18.53
   44.60     31.60
    2.08     30.06
    0.72     14.37
   62.30      2.15
   15.70     32.21
    0.65      2.61
    0.65     17.67
   19.25     32.97
   49.60     34.39
   34.72      8.31
    6.34      4.78
   21.25     23.35
    6.15      4.91
    7.01      5.50
    3.47      2.68
    7.45      5.70
    7.45      4.98
    2.03      4.12
    0.00      3.33
    1.44      1.96
    9.41      7.79
    6.22      4.19
    2.75      1.44
    1.37      2.75
    0.72      0.00
    2.68      3.47
    0.72      2.61
    2.68      2.82
    5.50      4.12
    0.72      1.37
    3.47      2.09
    1.44      1.31
    2.03      2.68
    2.75      2.82
  139.71    232.72
   17.76     27.88
   26.06    218.05
   13.02     26.85
   21.15     21.47
   66.30     78.06
   85.05    194.77
  105.66     32.31
   74.99     59.74
  113.81     71.92
  108.30     62.27
  113.27    116.40
   85.54     95.08
  107.59    107.58
   46.63     31.71
   96.60     70.70
   55.74     41.20
   54.34     24.50
   74.02     68.08
   29.26     54.06
   44.56     14.50
  107.19     12.12
   17.74     39.06
   29.35     33.25
   58.70     70.27
   24.81     33.77
   17.05      7.52
   39.61      8.04
    9.46     10.53
    8.97      4.19
    5.70      6.80
    4.64      5.49
    3.54      6.73
    4.91      1.44
    5.71      0.00
    3.40      3.47
    3.26      8.83
    0.00      3.33
    9.18      3.47
    2.75      1.38
    1.44      1.38
    3.40      4.12
    1.44      0.00
    0.65      2.03
    3.47      3.33
    1.31      2.16
    6.15      3.47
    1.44      2.75
    2.03      2.10
    2.16      1.31
    2.03      2.75
    3.40      3.47
    0.65      1.37
    4.12      2.18
    1.46      0.65
    2.03      1.37
    0.65      1.44
    2.16      1.96
    0.65      1.37
    2.03      2.03
    1.44      1.37
    3.40      2.82
    1.37      0.72
    2.03      2.75
   32.07     62.97
    3.47     19.87
   17.89     59.62
   67.27     37.88
   30.22      1.44
   30.25     17.89
   17.74     18.54
   16.18     46.51
   30.17     17.77
   21.44      3.48
   17.93      3.47
    1.31      3.99
    3.54      1.44
    3.46     47.51
    4.71      9.35
   20.84      7.59
   40.77      9.90
    5.64      3.99
    6.73      5.63
    6.15      2.88
    5.57      5.64
    1.31      4.06
    1.37      3.33
    4.12      0.72
    7.46      7.73
    3.47      2.03
    2.75      2.89
    0.72      1.31
    1.37      2.03
    3.27      1.44
    2.17      3.47
    1.38      1.31
    0.65      2.03
    4.19      2.82
    2.08      1.36
   63.74     55.68
   63.28    156.26
   32.69    107.29
    4.12    155.33
   19.30     67.30
  107.08    131.24
   85.74    131.41
  111.70     56.18
   81.72     52.30
   61.70     10.25
   28.41     39.76
   58.97     26.93
   29.17     11.15
   77.92     51.10
   54.48     30.42
   83.50     78.62
   41.09     42.62
  121.75    116.90
   86.92     99.19
   91.26    107.38
  123.20     52.03
   46.05     22.55
   64.93     43.93
   32.86     32.70
   58.67     57.39
   37.86     14.84
   83.64     28.41
    2.16     15.82
    7.55      5.00
    4.12      4.71
    4.64     53.44
    5.56      4.12
   24.29      8.25
   21.40      8.32
    6.08      9.56
    4.26      2.10
    7.21      0.65
    2.68      1.44
    4.06      8.11
    3.34      4.19
    2.10      2.03
    5.70      2.75
    2.03      1.37
    2.16      1.37
    1.37      3.27
    1.31      2.16
    1.44      0.65
    4.21      1.37
    0.65      3.40
    2.75      1.44
    3.47      1.44
    0.00      1.31
    1.31      2.68
    2.77      3.47
    1.37      2.03
    3.47      1.44
    5.50      4.85
    0.72      0.65
    3.47      2.03
    1.31      1.44
    1.37      2.75
    2.82      2.03
    1.31      1.44
    1.37     17.05
    2.03      2.09
    3.47      1.37
   32.27     34.28
   32.06     16.62
   17.03     31.54
   17.54     17.25
   17.19     44.77
   16.97     36.90
   32.89     31.98
   20.42      7.01
   51.38      6.87
   17.83     18.50
    4.91     18.99
    4.20      3.40
   19.25     18.91
   16.83     18.35
   21.16      6.09
    5.50      4.91
    8.25     21.98
    2.68      6.74
   21.90      6.88
    9.55      5.63
    6.15      6.42
    4.77      4.12
    1.44      3.99
    2.75      2.68
    4.91      3.47
    7.46      5.05
    1.37      1.37
    2.03      2.10
    1.31      2.03
    1.38      2.10
    3.40      1.37
    2.03      4.19
    2.10      0.65
   68.17     91.91
   47.78    105.46
   32.43    153.63
    2.79    102.98
   40.97     73.42
   28.79     29.99
   94.68    203.83
    4.14     81.55
  103.70    108.17
   56.84     26.24
    2.90     48.90
  105.79     98.75
   68.79      4.28
  132.16     82.60
   21.54     80.75
   69.34     37.94
   83.69     78.02
  168.89     78.94
  101.18     69.69
   82.40    101.74
   93.36     20.74
  123.92    116.82
   27.44     19.99
   23.36     47.02
   84.89     81.11
   31.16     35.75
  101.88     13.46
   25.46     10.55
   21.49     18.58
    5.42     20.09
   19.95     20.00
   18.32     20.48
   20.41      5.49
    3.54      6.94
    7.07      2.10
    6.02      7.46
    5.45     10.86
   22.01      4.99
    7.08      3.40
    2.16      1.31
    4.06      2.75
    6.67      8.90
    2.10      5.57
    3.54      2.68
    4.99      0.00
    1.38      0.72
    2.57      2.44
    1.31      3.34
    1.31      2.82
    2.17      1.31
    4.20      2.10
    2.03      1.44
    0.72      1.31
    0.72      0.65
    3.41      2.82
    1.38      0.72
    1.46      1.31
    1.96      3.47
    2.82      3.34
    1.31      2.75
    6.22      3.54
    2.68      1.31
    2.82      4.84
    2.77      1.44
    2.03      2.10
    1.37      2.03
    2.03      2.10
   17.07     19.23
    3.63      0.72
    2.03     17.13
    0.65     58.79
   47.28     35.07
   76.57     34.27
   20.00     46.56
   44.26     33.39
   33.78     19.96
    0.72     16.41
   19.26     21.77
   32.78      4.12
    5.55      6.08
    9.55      9.62
    4.19      4.12
    7.73     20.53
   21.33     19.49
   24.71      6.87
    1.44      6.80
    2.82      2.68
    6.80      8.24
   11.51      7.86
    3.54      1.46
    3.47      2.68
    1.31      6.02
    0.72      2.03
    9.69      4.85
    6.08      5.77
    2.82      1.37
    1.31      2.09
    0.65      0.72
    1.44      1.31
    1.87      2.00
   79.49    108.49
   48.25    107.22
   33.17    158.18
    2.06     98.65
    2.03     47.56
   43.04     55.32
   63.20    223.63
   49.46     11.67
   87.82    117.28
   31.43     23.50
  118.74     34.24
  135.08     71.13
  118.86     68.61
   87.84    120.71
   79.87     97.39
  119.83     99.93
   54.17     50.84
   80.86     67.03
  119.83     36.42
   55.99     36.19
   49.80     29.31
   64.69     89.01
   63.01    101.17
  126.02     31.11
   45.65     50.41
   59.74     67.32
   20.51     19.69
   17.59      4.85
    3.09     17.95
   20.75      3.47
   17.83      7.52
    6.01      7.59
    7.32      9.04
   11.58      9.69
    5.07      4.85
    6.22      3.47
    6.29      5.43
    4.64      8.90
    5.57      6.15
    4.78      5.50
    7.15      1.37
    2.75      2.10
    6.15      4.12
    2.61      8.17
    0.65      3.40
    5.56      4.12
    4.98      0.72
    2.82      0.00
    1.44      2.68
    0.65      2.68
    2.03      1.45
    2.10      2.68
    2.82      2.03
    4.73      3.63
    2.16      0.00
    0.00      0.65
    2.03      3.40
    2.03      2.75
    5.26      0.72
    1.31      1.37
    1.37      2.03
    2.09      2.75
    2.09      3.26
    4.64      3.61
    2.05      3.54
    4.12      2.03
    1.44      2.75
    4.05     32.88
   17.17      2.89
   16.53     15.10
   30.03     47.11
   15.51      1.44
   32.95     32.78
   17.55     47.86
   31.83     50.52
   33.62      2.19
   49.76     49.05
   32.95     34.09
   19.13      4.76
   19.26      3.40
    2.82     17.77
    4.19      6.01
   17.27      4.12
    6.35      9.20
    6.66      7.73
   15.70      9.10
    7.00      8.39
    2.82      3.98
    5.90      4.77
    7.39      4.92
    8.31      7.79
    2.10      2.61
    4.06      7.53
    0.72      1.96
    5.71      0.00
    7.46      4.91
    2.75      3.54
    3.33      4.12
    2.09      2.16
   56.41     72.30
   48.94    105.81
   48.65    157.41
    3.40    108.67
   22.69    100.16
   85.22    105.52
   34.01     88.21
   49.65    104.57
   47.78      4.19
  103.38     87.58
   38.12     23.96
   52.39     41.27
   65.81     30.19
   23.11     43.06
   48.72     39.55
   72.18     32.79
  129.83     41.90
   48.93     60.12
   56.11     74.87
   41.14     23.67
   51.37     96.73
   44.81     10.53
   83.90     55.40
   61.82     36.69
    1.44     17.68
   42.75     37.82
   77.60     85.02
  105.15     72.21
   47.93     34.34
   23.94      4.94
   19.17     35.81
   18.59      3.55
    4.92     18.58
   18.59      2.16
   33.18     30.42
    1.96      4.64
   39.76     40.31
   24.31     28.53
   15.29      6.22
   20.73     14.11
    5.50      7.25
    6.29      4.26
    9.19      2.82
    3.47      3.40
    3.99      2.82
    5.37      7.02
    2.75      6.08
    1.38      1.38
    3.54      2.61
    3.54      2.10
    4.20      2.03
    1.37      2.10
    1.37      1.96
    2.03      2.82
    2.84      2.05
    3.40      2.03
    5.50      4.91
    1.37      1.37
    2.16      2.03
    2.10      0.00
    1.38      3.41
    0.65      1.31
    3.58      2.79
    2.70      2.84
    2.68      2.81
    1.37      0.72
    1.96      2.11
    2.12      4.06
    4.05      4.78
    4.80     32.44
    3.49     17.16
   30.77     30.84
   44.49     46.21
   32.18     34.37
   49.24     17.87
   17.82     17.09
    4.77     18.71
    1.37     17.48
   61.61     20.69
   20.55     51.52
   18.70     18.43
   19.13      4.93
   22.15      5.50
    3.47      3.34
    3.47      7.39
    2.82      1.96
   11.84      6.87
    4.78      4.19
    7.52      7.59
    1.44      6.67
    6.80      8.18
    8.90     19.29
   27.27     15.65
    5.69      2.75
    2.82      3.33
    4.23      4.06
    3.40      3.99
    6.29      2.84
    5.42      2.88
    2.00      3.56
   60.77    101.83
   41.63     70.28
   48.16    183.09
    3.40     78.35
   21.16    105.41
   67.45     88.20
   24.06    116.20
   41.15    113.58
   83.19     38.96
   41.64     38.28
   93.60     49.90
   14.93     13.75
   58.60     34.19
  125.88     84.47
   36.49      4.13
   68.15     62.91
    4.11      2.85
   49.99     40.11
   42.42     32.21
   32.86     28.41
   26.06     46.52
   77.32     66.17
   72.22     31.23
   52.31     90.82
   35.85     14.64
  141.41    118.97
   55.75      8.90
   53.23     76.61
   48.80      6.31
   72.00     41.57
   22.83     20.45
   58.45     59.76
   18.94      5.64
   15.86      6.31
   21.39      4.26
    7.25      5.57
    4.27      9.70
    6.74      9.62
    6.36      1.44
    4.92      2.68
    4.71      6.08
    2.75     12.10
    8.38      5.50
   22.35     21.91
   13.83      8.40
    4.27      2.93
    3.99      2.82
    4.23      5.50
    2.68      6.74
    2.03      2.77
    5.77      0.00
    1.44      1.31
    2.12      2.05
    2.05      2.75
    2.75      2.75
    2.03      3.40
    2.82      2.03
    3.54      2.61
    3.40      4.19
    2.75      2.10
    2.16      0.65
    4.19      3.42
    1.40      0.72
    3.37      2.75
    0.72      2.68
    4.01      3.65
    2.79     15.78
    1.44      1.37
   19.89     19.95
    1.37     15.11
   17.08     18.67
   46.22     18.66
    3.39     46.58
    4.82     18.58
   32.35     17.17
   15.78     17.20
   17.87      3.47
   34.12     20.78
   17.85     48.65
    2.82      2.76
   19.23     35.01
   17.99      4.71
   35.73     22.04
    6.29      4.78
   19.22      6.17
    3.54      7.26
   19.34     20.64
    7.60      4.71
   11.87      7.02
    6.80      5.63
    3.61      3.40
    3.40      2.75
    5.29     11.00
    8.11      4.91
    4.91      8.04
    3.56     18.48
   20.50      7.54
   11.88      7.76
    4.91      3.49
   50.15     80.36
   67.55    110.10
   49.96    105.42
    1.55    169.63
   44.45     56.67
    7.59     53.62
   71.34    105.03
   28.35     78.66
   26.86     46.51
   23.13     49.75
   44.91     41.11
   70.23     43.11
   35.80     18.59
   27.15      1.37
   96.91     47.79
   35.05     24.40
  102.54     79.88
  100.47     81.75
   85.53     41.83
   80.88    101.93
  112.64     84.00
   17.06     45.91
  133.98     89.05
   40.75      7.89
   86.41    139.62
   38.95     20.44
   49.26     39.60
   32.94     13.15
   26.30     32.89
   57.75     41.04
   81.69     29.42
   52.05     73.51
    2.84     16.84
   40.09     25.31
   19.57     19.36
   21.00      3.61
   19.44      6.99
    4.64      4.85
    8.72     10.41
   19.59     24.58
    7.66      4.84
    4.83      3.47
    4.92      4.64
    4.06      5.43
    7.01      6.15
    4.78      5.53
    7.59      4.28
    3.49     20.55
   19.10      5.49
    6.15      6.29
    5.44      8.26
    4.92      5.54
    2.89      1.31
    5.65      1.37
    5.03      2.75
    0.41      1.06
    4.80      4.15
    2.75      4.71
    2.82      3.40
    2.77      2.75
    4.85      2.03
    2.89      3.41
    1.44      0.65
    1.38      1.38
    3.40      3.47
    2.68      2.19
    2.12      0.72
    1.31      1.96
    2.10      4.12
    4.57      5.63
    5.68     17.92
    2.05      1.44
   15.80     46.43
   17.19      2.77
   17.93     32.31
   32.71     17.92
   16.39     18.26
   62.67     48.49
    4.08      2.82
   18.79     37.69
   48.43     18.33
    2.82      4.12
    4.19      2.75
    4.12     49.74
    2.61     20.48
   21.59     21.25
   54.89      6.34
    2.10      4.64
   21.78     10.80
    4.71      5.52
   12.58      6.15
   21.90     22.18
    5.00      3.40
    4.77      4.12
    5.36      7.01
    7.46      5.43
    4.19      7.60
    2.68      4.12
    9.12      4.73
   67.72    116.57
   76.05    101.82
   41.53    197.84
   30.89     81.39
   36.90     46.95
   52.08     36.71
    1.96    152.39
   14.23     27.36
   46.88     57.77
   27.55     29.69
   58.41     74.81
   74.26     41.27
   28.56     43.28
   63.10      3.49
   21.44     57.84
  100.27     62.19
   20.45     15.10
   95.92     52.87
   63.58     68.81
   75.57     38.73
   88.79     86.09
   13.45      5.60
   39.55     43.62
    5.28     38.35
   68.92     41.26
   67.34     68.17
   56.00     31.98
   33.33     31.86
   85.21     87.22
   74.52     35.25
   49.68     50.07
   34.29     20.19
   58.73     56.85
   44.89     24.85
   27.12     16.59
    7.68     22.46
    6.83     50.20
   34.20      4.20
   36.38     22.94
    6.22      4.77
    9.93     11.85
   20.74      6.93
    6.93      5.58
    3.49     18.51
   18.65      6.83
    5.58      6.80
    8.34      4.06
    4.26      3.47
    9.62      7.66
    1.96      4.21
    6.89      2.88
    3.99      2.82
    2.10      6.16
    0.65      5.29
    3.42      5.95
    4.98      2.82
    8.32      5.64
    7.09      3.51
    2.10      1.31
    4.07      5.56
    3.49      3.99
    3.54      2.75
    2.10     17.74
    4.13      3.47
   18.56      3.47
    2.12      1.44
    2.10      0.00
    0.72      0.72
    0.65      3.33
    2.09      1.39
    5.96     20.01
    4.12      3.56
    0.72      2.68
   19.23     18.60
   17.14     18.27
   31.54     34.20
    4.98     16.44
   17.56     17.10
   16.23     34.10
   16.64     17.14
   36.20     20.65
   18.61     19.73
   19.18     19.38
   33.92     21.22
   17.80     19.46
   34.39     20.53
   18.49     19.95
    2.82     17.74
    5.63      5.22
   19.76      8.19
    5.60     10.80
   10.36      6.29
   10.47      6.87
    5.56      2.10
    5.71      3.49
    2.61      5.50
    6.04      7.03
    6.04      5.52
    4.38      8.19
  115.63    136.12
   35.22    108.09
   21.93    212.43
    4.80     53.94
   30.10     48.00
    6.02      3.36
   25.81    188.52
   24.66     59.91
   70.08     77.85
    7.66     27.33
   60.01     72.70
   35.27     35.20
   62.16     24.13
   50.36     39.18
   35.45     85.03
   55.65     74.78
   97.01     35.81
  118.60     98.60
   44.23     75.84
   28.29     37.38
   31.57     34.94
   93.55     51.27
   43.53     40.30
   90.66     70.64
   64.37     66.47
   74.51     54.25
  101.38     79.45
   43.76     21.99
   89.65     68.24
   33.41     23.85
   26.79     21.31
   76.09     83.01
   73.78      4.34
   61.12     63.68
   12.82     12.46
   19.87      4.39
   37.54     37.50
    7.01      3.56
   36.24     18.40
    3.40     19.30
    2.75      2.68
   19.82     12.41
    9.93      8.33
   11.08      9.28
    8.92      7.01
    2.18      2.75
    2.10      4.57
    4.13      4.80
    6.29      6.15
    6.82      5.51
    4.94      4.84
    7.47      5.00
    3.49      4.78
    4.71      3.47
    6.83      5.66
    2.10      6.10
    2.12      1.96
    2.10      2.75
    7.08      3.40
    2.75      2.67
    2.10      6.02
    2.75      1.96
    8.17      4.84
    6.37      7.79
    3.41      4.71
    3.42      4.28
    5.61     17.19
    2.82      1.37
   16.52      1.96
    2.75      2.77
    3.33      2.16
    4.15      4.26
    2.03      0.00
    2.67      4.80
    0.00      2.77
   17.36     15.77
   19.45     37.54
    4.71     17.90
    4.31     45.33
   48.55     21.46
   32.01     34.32
   16.38     17.21
   34.38     19.93
   36.78     20.81
   19.69     16.89
    3.47     19.88
   20.21     34.94
   33.00     20.55
   33.49      7.39
    6.22      4.20
   18.44     19.91
    7.03      5.95
    3.47      7.39
    6.16      9.56
   12.51      8.17
    8.32      4.30
    6.40      4.21
    4.12      2.10
    5.42      6.90
   57.26     47.79
   50.37    141.55
   36.30    109.80
   49.24    185.13
    7.81     28.76
    5.46     31.19
    4.22     78.36
   24.11    124.99
   59.86     40.43
   46.76     69.57
   20.89     50.97
   86.38     66.55
    8.19     18.16
   71.96     68.92
   13.77     29.92
   17.74     14.53
   35.45      6.45
   30.49      8.36
   43.06     13.85
   59.22     59.78
   17.08      3.58
   69.03     83.79
   90.67     49.86
   55.73     64.74
   64.78     18.83
   27.82     40.50
   28.52     45.01
   60.43     42.27
   23.71     72.74
  119.89    129.13
   87.17     77.01
  107.86     68.51
  119.20     25.71
   21.87     64.09
   91.62     21.06
   47.66     29.07
   54.51      3.47
   26.75     29.80
   32.28     34.98
   53.50     59.19
   45.49      5.16
   36.31     13.22
   19.88     20.04
    4.87      7.55
    9.35      9.85
    9.62      5.50
    6.15      7.01
    5.43      6.31
    3.49      6.04
    4.21      3.49
    4.20      4.06
    3.47      2.10
    6.24      6.19
    4.64      4.91
    6.35      6.74
    4.16      2.84
    7.61      4.87
    3.99      5.57
    3.56      8.71
    4.94      4.80
    6.49      0.65
    2.91      1.31
    1.44      1.31
    2.03      3.33
    2.61      2.82
    4.71      4.19
    2.89      7.39
    3.40      1.37
    1.96      3.47
   10.41      9.23
    3.56      2.03
    2.03      2.75
   18.62     16.63
    4.12      2.75
    1.38      2.75
    3.33      4.88
   16.84     17.70
    4.06      2.75
    2.18      1.46
    5.45      4.30
    2.05     33.25
   48.90     37.54
   19.22     34.77
   20.74      3.58
   33.52     50.81
    4.78     19.15
   34.17     66.81
   17.69      2.77
   51.14      5.58
   22.41     23.52
    4.92     19.81
   17.80     19.66
   22.10      5.50
   18.26      6.73
    7.45      9.43
    8.39      9.65
    9.78      6.22
    4.94      4.06
    7.00      2.75
   20.38      4.20
   48.32    104.12
   19.11     31.29
   36.48    132.23
   18.95     80.67
   35.84    109.33
    4.50     54.38
   31.23    183.60
   23.92     29.48
   36.82     39.60
   34.67     33.76
   50.02    110.27
   16.45      3.55
   76.13     60.96
   76.87     77.12
   26.31     37.87
   57.34     37.83
   30.34     16.79
    2.82      4.13
   61.84     26.16
   74.05     45.32
   84.50     77.72
   84.55     49.39
   52.41     29.65
   68.76     73.45
   21.32     18.45
    2.84     28.37
   24.98     10.95
   74.31     43.81
   34.10     24.85
   80.84     41.42
   13.22     43.81
   75.47     67.72
   89.58     57.90
   41.88     82.60
   53.52     27.46
   68.87     95.35
   44.25      8.96
   35.04     38.56
   24.37     74.72
   23.25      7.93
   21.29      4.91
   21.93     23.45
    4.14     17.83
   20.64      6.15
   22.51     10.40
    8.10      8.24
    6.87      5.72
    9.62      5.59
    4.07      5.57
    4.13      5.57
    2.82      3.99
    2.82      3.92
   32.50     27.78
    5.68      2.70
   77.20     54.39
    4.16      6.24
   15.71      9.27
    5.01      3.35
    6.81      5.64
    4.87      6.67
    3.49      4.21
    5.72      5.29
    5.50      2.19
    4.19      2.18
    1.87      1.72
    2.03      3.40
    1.96      2.10
    4.13      2.17
    2.10      4.06
    1.31      3.34
    4.19      2.82
    6.02      6.90
    4.20      5.52
    2.77      1.44
   19.65     35.41
   19.17      3.64
   17.01     16.51
    4.99     17.25
    3.34      2.10
   17.79     21.50
   16.39      2.77
    7.54     36.08
    3.42     16.89
   16.98      3.48
   31.93     50.94
   38.78     23.43
   23.12     21.09
    4.08     19.96
    4.94      1.96
   34.46     35.56
    5.29     21.40
    5.65     21.17
   35.15      6.30
    4.85      4.71
   20.02     23.31
    7.48      9.42
   24.96      8.39
   10.47      8.83
    2.89      2.84
   84.98    133.71
   82.65    133.08
    6.72    134.25
    2.82    133.76
   42.87     46.68
    7.04     29.51
   57.77    153.83
   24.56     68.71
   30.75     32.77
   24.52     18.68
   72.30     94.13
   67.66     46.29
   68.29     44.11
   75.24     87.53
   30.63     23.25
   14.74     42.60
   47.59     58.95
  107.72     24.31
    2.17     17.69
    2.91      1.37
   30.11     21.17
    3.42     31.87
   98.04     88.03
   23.59      4.20
  100.58    115.85
   30.06     34.86
  120.25     75.31
   47.73     21.97
   95.57     40.06
   33.58     20.88
   49.81     24.21
   19.05     56.90
   41.42     85.60
   46.73     32.59
   32.34     32.12
   91.56     53.20
  106.79     80.12
   70.64     14.93
   56.36     13.51
   47.63     57.72
   13.95      7.39
   88.48     42.80
   33.52     46.97
    4.21      4.87
   12.03     20.03
    3.40      8.77
   10.78      9.62
    8.90     11.22
    9.06      2.82
    8.98      5.73
    1.96      4.78
    4.27      6.15
    4.23      2.77
    4.78      6.08
    5.50      4.21
    4.26      3.33
    4.14      6.15
    7.62      4.23
    3.53      4.12
   18.57     17.09
    6.67      6.15
    3.54      4.21
    2.77      6.10
    3.49      3.34
    6.22      3.63
    3.42      2.70
    3.54      3.47
    1.96      3.40
    4.19      3.47
    2.68      2.10
    3.56      2.12
    2.10      2.68
    2.68      3.47
    3.33      4.86
    4.12      3.42
    3.40      4.19
   17.85     16.57
    3.49      3.49
    1.38     15.67
   33.45     20.83
    6.17      5.63
    4.14     18.62
    5.47     17.27
   17.96     19.26
   31.84     20.37
    4.07     21.31
   35.90     16.63
   38.51     54.73
   34.03     51.63
   50.75     38.26
   22.15     17.03
   21.33      7.58
    3.39      4.19
    6.96      4.06
    5.39     21.36
    3.56      4.14
   21.85     10.13
    8.83     11.71
    2.86      0.00
    0.72      0.00
    0.00      0.00
    0.00      0.00
    0.00      0.00
    0.00      0.00
    0.00      0.00
    0.00      0.00
    0.00      0.00
    0.00      0.00
    0.00      0.00
    0.00      0.00
    0.00      0.00
    0.00      0.00
    0.00      0.00
    0.00      0.00
    0.00      0.00
    0.00      0.00
    0.00      0.00
    0.00      0.00
    0.00      0.00
    0.00      0.00
    0.00      0.00
    0.00      0.00
    0.00      0.00
    0.00      0.00
    0.00      0.00
    0.00      0.00
    0.41      0.41
    0.00      0.00
    0.00      0.00
    0.00      0.00
    0.00      0.00
    0.00      0.00
    0.00      0.00
    0.00      0.00
