      h_eth1      
 KB/s in  KB/s out
    0.00      0.00
    0.00      0.00
    0.00      0.00
    0.00      0.00
    0.00      0.00
    0.00      0.00
    0.00      0.00
    0.00      0.00
    0.00      0.00
    0.00      0.00
    0.00      0.00
    0.00      0.00
    0.00      0.00
    0.00      0.00
    0.00      0.00
    0.00      0.00
    0.00      0.00
    0.00      0.00
    0.00      0.00
    0.00      0.00
    0.00      0.00
    0.00      0.00
    0.00      0.00
    0.00      0.00
    0.00      0.00
    0.00      0.00
    0.00      0.00
    0.00      0.00
    0.00      0.00
    0.00      0.00
    0.00      0.00
    0.00      0.00
    0.00      0.00
    0.00      0.00
    0.00      0.00
    0.00      0.00
    0.00      0.00
    0.00      0.00
    0.00      0.00
    0.00      0.00
    0.00      0.00
    0.00      0.00
    0.00      0.00
    0.00      0.00
    0.00      0.00
    0.00      0.00
    0.00      0.00
    0.00      0.00
    0.00      0.00
    0.00      0.00
    0.00      0.00
    0.00      0.00
    0.00      0.00
    0.00      0.00
    0.00      0.00
    0.00      0.00
    2.73      0.00
    0.00      0.00
    0.00      0.00
    0.00      0.00
    0.00      0.00
    0.00      0.00
    0.00      0.00
    0.00      0.00
    0.00      0.00
    0.00      0.00
    0.00      0.00
    0.00      0.00
    0.00      0.00
    0.00      0.00
    0.00      0.00
    0.00      0.00
    0.00      0.00
    0.00      0.00
    0.00      0.00
    0.00      0.00
    0.00      0.00
    0.00      0.00
    0.00      0.00
    0.00      0.00
    0.00      0.00
    0.00      0.00
    0.00      0.00
    0.00      0.00
    0.00      0.00
    0.00      0.00
    0.00      0.00
    0.00      0.00
    0.00      0.00
    0.00      0.00
    0.00      0.00
    0.00      0.00
    0.00      0.00
    0.00      0.00
    0.00      0.00
    0.00      0.00
    0.00      0.00
    2.05      0.00
    0.00      0.00
    0.00      0.00
    0.00      0.00
    0.00      0.00
    0.00      0.00
    0.00      0.00
    0.00      0.00
    0.00      0.00
    0.00      0.00
    0.00      0.00
    0.00      0.00
    0.00      0.00
    3.27     26.17
    0.00      0.00
   22.05     38.64
    6.95     28.02
    5.58      0.77
    0.72      0.00
    0.00      0.00
    0.00      0.00
    0.00      0.00
    0.00      0.00
   77.88     18.55
  672.12    212.35
  560.80    571.89
  454.90    286.56
  504.42    555.89
  646.93    820.27
  542.85    637.27
  416.36    134.65
  300.01    900.65
  510.46    273.21
  407.32    679.14
  513.39    411.16
  466.40    766.80
  481.45    428.62
  266.80    162.40
  232.58    185.14
  222.35    717.84
  247.25    150.53
  430.17    516.40
  271.20    208.08
  274.20    367.51
  234.06    132.10
  338.61    174.25
  171.53    528.08
  127.28    376.51
  198.79    292.31
  273.80    279.39
  283.42    179.62
  149.36    254.91
  297.16    324.29
  169.26    232.83
  286.96    186.60
  160.38     23.82
  178.33    272.15
  116.82    373.95
  210.24    234.82
  339.90    381.72
  183.80    170.34
  136.13    183.41
  166.24    173.05
  209.79    232.09
  219.31    308.08
  281.01    330.39
  191.03    254.31
  226.81    202.73
  249.32    169.18
  161.51    150.73
  140.69     83.75
  149.59     82.80
  129.06    106.98
   56.65     24.03
  111.70     52.34
   82.00     41.38
   53.04     47.58
   20.77     32.23
   81.32     68.52
   67.36     48.22
  113.89     92.27
   45.25     73.60
   40.68      3.18
    2.32     15.24
   14.44     15.10
   14.85     15.10
   73.84     74.60
   45.16     44.36
   29.97     16.87
    0.72     14.37
   15.16     57.91
   45.10     16.94
   30.01     16.97
   30.63     16.23
   43.11     59.13
    0.00      0.00
   17.33     15.09
   14.38     43.18
   58.45     73.13
  103.82     61.29
   33.16     31.00
   15.58     15.10
   15.15      0.72
    0.00     14.38
    0.00      0.00
   28.80     44.62
    0.00     14.37
   45.17      1.44
    0.00     58.21
   57.49     31.02
   60.90     31.10
   30.14     30.66
    0.72      0.00
    1.44      0.00
    0.00     14.37
   14.37     30.83
   15.10     57.52
   58.75     46.55
   59.06     31.47
   60.52     30.73
   30.92     44.61
   19.98     29.45
   15.16     15.09
   15.08     43.82
   43.58     45.76
   30.63      2.16
   16.54      0.71
   29.46     30.59
   30.58     15.58
   61.31     89.88
   47.60     31.98
   45.89     31.14
   16.23     45.17
   45.89     17.75
   15.57     14.79
    0.00     15.51
   91.87     76.43
   46.89     46.10
   15.51     31.28
   16.31      0.72
    0.00     14.79
   30.56     46.01
   14.84     30.48
   62.11     32.17
   15.79      1.44
    0.00      0.00
   44.38     60.83
   16.29      0.72
   30.76     45.34
   60.67     91.82
   61.19     46.57
   63.09     31.79
   15.52     30.40
   17.03      0.00
    0.00      0.72
    0.00     14.79
   15.58      0.00
   14.79     59.94
   14.85      0.72
   30.63      0.72
   45.15     90.66
   46.62     17.72
   30.56     16.52
   31.01     29.69
    0.72      0.00
    0.65      0.00
    0.72     15.54
    0.00     29.58
   60.15     76.66
   91.22     47.41
   31.02     32.81
   47.24     61.47
   17.01     15.52
   30.44     16.23
   16.22     31.03
   14.99     30.49
   46.88     31.82
   15.52     16.24
   48.59     31.51
   77.45     61.48
   16.44     60.17
   78.15     33.02
   17.15     15.05
   29.33     44.38
   16.43     17.16
   30.78     15.78
   15.00     75.16
   63.33     47.26
   45.96     31.62
   30.75     15.15
    0.72      0.72
   15.81     30.81
   15.06     45.82
   30.95     30.12
   46.01     17.28
    0.00      1.44
    0.00      0.00
   30.00     45.85
   45.26     45.94
   17.22     15.72
   60.22     90.09
   47.32     61.54
   76.63     18.65
   17.15     31.51
    0.72      0.00
   16.52      0.72
    0.00     14.99
    0.00      0.00
   15.78     15.71
   30.04     45.03
    1.42     30.92
   15.88     30.71
   76.53     47.92
   30.87     17.35
   15.71     15.05
    0.72      0.65
   15.71     15.05
    0.74      0.00
    0.00     14.99
   15.72     75.92
   76.72     31.67
   77.21     50.25
   46.44     63.02
   17.16     45.76
   47.30     16.43
   17.16     17.27
   16.55     30.70
   17.29     29.47
   46.67     47.32
   30.92     31.58
   32.30     16.62
   78.86     65.35
   62.56     47.57
   17.26     15.16
   17.34     15.10
   15.11     31.01
   16.54     47.40
   49.67     31.75
   31.63     46.79
   15.16     15.83
   31.72      1.43
    1.37      1.37
    0.00     15.10
   16.55     17.20
    0.72     30.85
   33.17      1.43
   15.90      0.72
    0.00      0.00
   30.94     60.57
   15.75     15.88
   17.31     30.92
   15.10     46.11
   33.09     61.26
   64.15     33.14
   46.03     32.49
    1.43     15.10
   17.33      0.72
    0.00      0.00
    0.00     15.10
    0.00     15.10
   32.29     17.32
   15.90     15.82
    2.16     45.31
   15.11     30.92
   63.36     18.76
   30.99     15.89
    1.37      0.74
    0.72      0.00
    0.00      0.00
   15.11     15.17
   15.09     46.74
   47.54     47.54
   46.13      2.87
   61.22     48.38
   16.54     61.85
   61.35     31.72
   17.18     17.98
   17.27     16.57
    3.53     17.12
    3.46      2.09
    0.65     15.82
   32.30     47.45
   17.19      4.20
   49.50     19.33
    2.81      1.37
    0.00      0.00
    2.17      0.65
    6.08      5.56
    1.44      2.03
    0.72      0.65
    1.37      2.03
    1.44      0.65
    1.37      0.72
    0.72      1.31
    1.37      0.72
    0.65      2.68
    1.37      0.00
    1.44      0.72
    1.37      1.37
    0.72      0.65
    1.31      2.75
    2.09      0.72
    0.65      1.37
    1.37      3.33
    3.47      1.37
    1.44      1.37
    1.96      2.82
    0.72      0.00
    0.72      0.00
    0.00      0.00
    1.85      2.37
    0.00      0.65
    2.75      1.37
    0.00      1.37
    1.36      1.96
    2.09      2.03
    2.82      2.10
    2.11      0.72
    0.00      0.00
    0.00      0.00
    0.00      0.65
    0.72      1.96
    1.31      3.40
    3.60      0.65
    2.03      2.09
    0.72      1.31
    2.75      1.37
    2.10      2.75
    3.33      3.47
    2.75      3.47
    1.44      1.31
    2.16      0.65
    1.31      2.68
    3.47      2.75
    2.03      3.47
    1.37      0.72
    4.77      2.81
    2.03      4.70
    4.84      2.16
    0.72      0.72
    1.30      2.09
    0.65      0.72
    2.09      1.37
    1.31      0.72
    0.00      1.37
    0.72      0.65
    1.37      0.72
    0.65      1.37
    2.03      1.44
    0.65      0.72
    0.65      2.03
    2.09      1.37
    0.00      0.65
    2.09      1.37
    2.61      2.82
    1.37      1.44
    0.72      1.30
    1.37      0.65
    1.37      1.44
    0.72      0.00
    1.31      1.44
    0.65      0.00
    0.65      2.09
    0.00      0.00
    1.37      0.00
    1.31      2.10
    1.96      3.54
    2.03      2.70
    1.44      0.72
    1.46      0.00
    0.00      0.00
    0.65      0.72
    1.96      2.03
    2.68      2.88
    0.00      1.37
    2.09      2.03
    2.03      1.44
    0.65      2.03
    4.19      3.40
    2.61      3.47
    2.82      0.72
    2.03      2.81
    0.65      1.31
    2.75      3.47
    0.72      0.65
    3.40      2.81
    0.72      1.96
    3.47      2.75
    6.15      5.49
    2.09      1.44
    0.00      1.31
    2.16      0.65
    2.03      1.37
    1.44      2.03
    0.72      0.00
    1.31      0.72
    0.00      1.37
    0.72      0.65
    1.44      1.31
    1.37      0.65
    1.44      1.37
    1.31      2.10
    0.65      0.00
    1.37      2.10
    0.65      3.33
    2.16      0.65
    2.82      0.72
    1.31      1.37
    0.00      0.72
    0.72      0.65
    2.09      2.03
    0.72      0.65
    0.00      0.65
    1.44      0.00
    0.65      1.37
    0.00      1.31
    1.44      1.31
    2.03      0.65
    2.75      2.90
    1.37      0.65
    0.00      0.72
    0.72      0.65
    0.72      1.96
    1.37      2.68
    2.16      0.00
    2.75      1.44
    0.65      2.68
    1.44      0.65
    4.12      4.12
    2.82      2.03
    1.31      2.75
    3.47      2.09
    0.72      0.65
    2.03      2.75
    1.37      1.37
    1.37      2.68
    2.82      0.72
    2.03      2.75
    4.06      4.78
    3.53      2.09
    0.65      0.00
    1.96      2.82
    1.37      2.10
    2.75      2.09
    1.37      0.72
    0.00      1.31
    1.44      0.00
    0.65      0.72
    1.31      1.44
    0.65      0.72
    0.65      1.37
    1.37      2.03
    2.09      1.37
    0.72      0.65
    0.65      1.37
    3.33      1.44
    1.37      2.82
    0.00      1.31
    2.09      0.00
    0.72      0.72
    1.31      2.09
    0.00      0.00
    0.65      0.72
    2.03      1.44
    0.00      0.65
    0.00      0.00
    2.03      1.44
    0.65      2.03
    1.31      2.03
    2.84      1.44
    0.72      0.00
    0.65      0.65
    0.65      1.44
    1.37      1.37
    3.33      2.82
    0.65      2.10
    0.72      0.00
    1.31      2.03
    4.06      3.47
    2.84      3.46
    2.10      2.03
    1.31      2.75
    3.47      1.44
    1.30      2.75
    2.16      0.00
    1.96      2.09
    0.65      2.75
    3.54      2.68
    3.40      3.40
    4.12      4.12
    0.00      1.37
    2.88      1.31
    1.44      0.65
    2.03      1.96
    2.03      2.82
    2.09      1.44
    1.37      0.72
    0.00      0.65
    0.72      1.31
    2.16      0.65
    0.72      0.65
    0.00      0.65
    1.96      2.10
    1.37      1.44
    1.37      0.65
    0.65      3.33
    1.44      1.37
    3.53      0.00
    0.65      2.09
    0.65      0.72
    2.16      1.30
    0.00      0.00
    0.00      0.65
    0.65      1.31
    0.72      0.72
    2.09      0.00
    0.00      2.68
    0.00      0.65
    2.16      0.65
    2.68      2.18
    0.00      0.65
    2.10      0.72
    0.00      0.65
    1.37      1.30
    1.37      4.71
    3.54      0.00
    1.44      1.37
    0.65      0.00
    2.03      4.05
    3.47      3.47
    2.82      1.37
    2.75      2.75
    1.37      2.03
    2.68      2.03
    2.82      2.16
    0.00      1.96
    2.10      0.00
    2.03      3.47
    3.33      4.19
    3.47      2.75
    1.37      1.37
    3.33      2.82
    1.37      1.44
    0.65      0.72
    2.10      2.03
    0.65      2.03
    1.37      2.03
    2.09      0.72
    2.75      1.44
    1.31      1.44
    0.65      0.72
    0.00      0.00
    0.00      1.31
    0.65      1.31
    3.54      2.09
    0.65      0.65
    2.68      1.44
    2.03      3.53
    0.00      0.65
    1.37      0.65
    2.03      2.16
    0.72      0.00
    0.00      0.00
    0.00      0.00
    0.65      1.37
    1.30      1.37
    0.72      0.72
    2.03      0.72
    0.65      1.44
    0.65      2.68
    1.31      0.74
    2.18      1.37
    0.65      0.72
    1.37      0.72
    1.31      1.37
    2.68      3.47
    1.31      2.17
    2.09      0.65
    1.37      2.09
    2.69      2.03
    2.03      4.19
    3.16      3.16
    1.37      0.65
    2.09      3.40
    2.68      2.81
    2.16      0.00
    2.03      2.03
    2.75      3.40
    2.09      2.03
    4.19      3.47
    2.09      2.03
    0.65      2.68
    2.16      0.65
    2.16      0.65
    1.31      2.03
    0.72      1.37
    2.03      1.44
    1.37      1.37
    1.37      2.68
    0.72      1.31
    2.82      1.37
    1.44      0.00
    0.00      0.00
    1.31      2.10
    0.65      1.37
    1.37      0.65
    2.03      4.05
    1.44      1.37
    2.88      0.00
    1.31      2.68
    1.44      0.72
    1.37      0.72
    0.00      0.00
    0.00      0.00
    0.00      0.65
    0.00      0.65
    0.72      0.65
    2.44      2.44
    0.72      1.37
    2.16      0.65
    1.31      0.65
    0.72      2.09
    0.74      0.00
    0.72      1.31
    2.09      2.03
    1.37      2.68
    1.37      1.37
    3.47      2.03
    1.44      2.03
    2.82      1.31
    0.72      1.37
    2.75      3.40
    2.82      0.72
    1.31      2.68
    3.47      2.82
    1.31      1.37
    1.37      2.10
    3.40      2.75
    2.03      2.82
    3.40      2.75
    2.04      2.82
    1.44      0.65
    2.61      2.16
    1.31      2.16
    0.72      0.00
    2.03      1.37
    0.00      2.03
    1.37      1.31
    1.37      1.44
    2.03      0.72
    1.31      2.09
    1.37      2.09
    0.00      0.00
    2.09      2.03
    0.00      0.65
    2.82      0.72
    0.00      1.96
    3.99      2.16
    2.75      2.88
    1.31      1.31
    0.00      2.10
    2.09      0.72
    0.00      0.00
    0.72      0.00
    0.00      0.00
    0.65      0.00
    0.65      0.72
    0.00      1.37
    0.65      0.65
    2.68      2.16
    1.37      2.03
    0.00      0.72
    2.09      0.74
    0.65      0.72
    0.65      1.37
    1.96      1.37
    2.75      2.10
    2.04      3.54
    2.68      1.44
    0.65      2.10
    0.65      0.72
    2.68      2.11
    1.31      4.12
    1.37      0.00
    2.82      4.05
    2.82      0.72
    0.65      1.31
    3.40      4.12
    1.44      2.68
    4.91      2.75
    1.37      1.37
    2.03      2.75
    1.44      1.96
    3.54      1.31
    0.72      0.72
    1.38      2.03
    2.10      0.00
    0.65      2.09
    1.37      0.00
    0.72      2.68
    0.72      0.65
    1.37      1.37
    0.72      0.00
    0.65      2.03
    2.68      0.65
    0.00      2.16
    2.82      0.72
    0.00      3.26
    2.75      2.75
    4.98      2.03
    4.40      0.00
    1.31      2.09
    1.37      0.72
    0.00      0.00
    0.00      0.00
    0.00      0.65
    0.00      0.65
    0.72      0.00
    0.72      0.65
    0.65      2.03
   15.04    168.64
  170.65     50.65
  132.97     44.30
  102.88     30.33
   95.03     74.91
  173.96     99.08
  187.44    105.77
  103.60     78.44
  102.48    107.41
   73.18     70.10
   93.71    100.82
  209.45    120.60
   99.55     97.67
  189.14    181.73
   84.37    124.83
  166.91    115.26
  128.61     97.63
  233.00     95.89
  103.80     74.88
  194.84    136.62
  121.12    114.42
  147.30     57.75
   83.07    101.91
   33.74     33.98
  238.37     47.94
  211.53     53.99
   54.10     87.48
  187.16     85.15
  228.52    194.56
  194.06     94.63
  133.32    237.91
  196.78     89.27
  164.66    104.54
  158.45    131.98
  217.52    123.73
   87.11    113.86
  159.43    138.82
  115.14     53.24
   74.17     23.82
   85.97    317.55
  139.64     80.25
  146.75    135.72
   20.66     35.17
   89.56    129.75
  102.11     73.74
   82.19     37.13
  117.03      7.51
  105.61    111.49
   16.40      6.12
   87.25     61.22
   25.73     63.00
   79.72    121.87
   67.58     51.01
   88.36     59.89
   63.88     48.66
   70.34     72.43
   56.47     44.76
   68.11     53.35
   36.71      0.00
   71.42     28.02
   64.95    117.58
    5.06     26.47
   61.08     43.32
   30.73     27.97
   23.28     37.21
   44.75     47.08
   26.48     16.29
    1.34      0.00
   25.74     37.74
   15.50     13.69
    1.44      0.00
   42.60     42.07
    2.16      0.00
   67.29     21.64
   49.47     47.33
    1.43      0.00
    2.17      0.00
   15.09     29.52
   14.44     15.10
   28.76     29.62
   30.70     15.16
    1.44      0.00
   14.38      1.44
    0.00      0.00
   14.37     14.43
   15.82     14.43
   30.17     29.27
    0.00      0.00
   14.37     15.17
   28.73     15.14
    1.44      0.00
    0.00      0.00
    0.00      0.00
   15.02     15.91
   14.37      0.71
   72.62     45.30
    0.72      0.72
   28.80     15.88
   15.12     16.48
   50.28     22.46
   21.75     31.94
   24.12     23.62
   15.45     12.15
   29.67     32.95
   14.95     13.23
   11.65     10.28
    2.09      2.75
   84.00     77.18
    4.19      2.16
    2.82     14.87
   73.16     46.29
   32.47     31.36
    1.44      0.00
   29.17     15.56
   15.52     14.85
   43.82     58.06
   46.77     32.62
    1.42      0.00
    0.00      0.00
   29.60     44.84
    0.72     14.80
   31.03     15.57
   31.02     29.70
   16.53     14.43
   14.37      0.71
   44.36     44.54
   16.25     15.52
   16.96     14.86
    0.00     14.79
    0.00      0.00
   46.57     45.96
   30.61     16.32
    1.44      0.00
   14.80     15.17
    0.00      0.00
   44.40     45.52
   17.69     14.86
    0.72      0.00
    0.00      0.00
   14.80     15.60
   14.79     29.22
   16.23      1.44
    0.71      0.00
    0.00      0.65
    0.74      0.00
   44.39     59.27
   46.60     31.48
   15.53     29.96
   32.38     16.22
   37.04     38.81
   34.52     34.24
   28.91     24.81
   20.80     26.13
   23.08     20.39
    6.22     13.40
   13.26     16.17
   13.50      5.50
   36.56     38.12
   50.07     35.53
    6.29     17.60
   18.98      2.15
   78.26     78.01
   17.19     15.79
   17.83     15.78
   16.60     15.09
   74.22     60.34
    2.09     16.43
   46.91     32.95
    0.71      0.00
    0.00      0.00
   14.99     15.05
   15.71     16.44
   31.46     30.78
   46.95     60.49
   16.94     14.43
   44.41     30.82
    1.44      0.00
   45.03     46.59
    1.43      0.00
    0.72      0.00
   15.71     30.04
   30.78     30.76
   30.86     15.77
    0.72      0.00
    0.00      0.00
   29.99     15.87
   46.45     46.66
    0.72      0.00
    0.72      0.00
    0.00      0.00
    0.00      0.00
   29.99     31.57
   16.43      0.71
    0.00      0.00
    0.65      0.74
   14.99     14.84
   45.77     31.49
   15.40     15.46
   47.14     34.81
    8.02     20.28
   64.95     24.07
   22.09     12.08
   27.85     19.13
   39.32     36.27
   10.97      6.22
    4.42      4.77
   11.94     14.78
   28.60     26.23
    9.56      2.75
   23.45     20.49
   38.39     36.35
    2.42      2.09
   23.25     17.08
    2.91      1.44
    5.41      0.72
   47.35     45.92
    3.05      0.00
   30.00     30.99
    1.44      0.00
    2.66      0.00
    2.49      0.00
    0.00      0.00
    2.66      0.00
   19.27     15.06
   15.89      1.44
    0.00      0.00
    2.66      0.00
    0.00      0.00
    1.77     15.00
    1.77      0.00
    1.60      0.00
    0.89      0.00
    0.00      0.00
    0.89      0.00
    0.00      0.00
    0.00      0.00
    1.77      0.00
    0.00      0.00
    0.89      0.00
    0.89      0.00
    0.00      0.00
    0.00      0.00
    0.00      0.00
    0.00      0.65
    0.00      0.00
    0.74      0.00
    0.00      0.00
    0.89      0.00
    2.84      1.44
    5.29      6.42
    3.70      3.98
    6.01      5.50
    8.76      8.58
    3.33      5.56
    4.64      5.50
    4.84      4.77
    4.84      2.82
    4.77      9.41
    9.14     11.91
   13.42      7.00
    1.31      2.75
    3.47      2.75
    2.75      5.42
    3.26      4.26
    3.54      1.37
    3.47      0.00
    1.44      2.75
    0.65      0.00
    0.65      1.44
    1.44      0.00
    0.00      0.00
    0.00      0.00
    0.00      0.00
    0.00      0.00
    0.00      0.00
    0.00      0.00
    0.00      0.00
    0.00      0.00
    0.00      0.00
    0.00      0.00
    0.00      0.00
    0.00      0.00
    0.00      0.00
    0.00      0.00
    0.00      0.00
    0.00      0.00
    0.00      0.00
    0.00      0.00
    0.00      0.00
    0.00      0.00
    0.00      0.00
    0.00      0.00
    0.00      0.00
    0.00      0.00
    0.00      0.65
    0.65      0.74
    0.74      0.00
    0.00      0.00
    0.00      0.00
    0.00      0.00
    0.00      0.00
    0.00      0.00
    0.00      0.00
    0.00      0.00
    0.00      0.00
    0.00      0.00
    0.00      0.00
    0.00      0.00
    0.00      0.00
    0.00      0.00
    0.00      0.00
    0.00      0.00
    0.00      0.00
    0.00      0.00
    0.00      0.00
    0.00      0.00
    0.00      0.00
    0.00      0.00
    0.00      0.00
    0.00      0.00
    0.00      0.00
    0.00      0.00
    0.00      0.00
    0.00      0.00
    0.00      0.00
    0.00      0.00
    0.00      0.00
