      h_eth1      
 KB/s in  KB/s out
    0.00      0.00
    0.00      0.00
    0.00      0.00
    0.00      0.00
    0.00      0.00
    0.00      0.00
    0.00      0.00
    0.00      0.00
    0.00      0.00
    0.00      0.00
    0.00      0.00
    0.00      0.00
    1.34      0.00
    0.00      0.00
    0.00      0.00
    0.00      0.00
    0.00      0.00
    0.00      0.00
    0.00      0.00
    0.00      0.00
    0.00      0.00
    0.00      0.00
    0.00      0.00
    0.00      0.00
    0.00      0.00
    0.00      0.00
    0.00      0.00
    0.00      0.00
    0.00      0.00
    0.00      0.00
    0.00      0.00
    0.00      0.00
    0.00      0.00
    0.00      0.00
    0.00      0.00
    0.00      0.00
    0.00      0.00
    0.00      0.00
    0.00      0.00
    0.00      0.00
    0.00      0.00
    0.00      0.00
    0.00      0.00
    0.00      0.00
    0.00      0.00
    0.00      0.00
    0.00      0.00
    0.00      0.00
    0.00      0.00
    0.00      0.00
    0.00      0.00
    0.00      0.00
    0.00      0.00
    0.68      0.00
    0.00      0.00
    0.00      0.00
    0.00      0.00
    0.00      0.00
    0.00      0.00
    0.00      0.00
    0.00      0.00
    0.00      0.00
    0.00      0.00
    0.00      0.00
    0.00      0.00
    0.00      0.00
    0.00      0.00
    0.00      0.00
    0.00      0.00
    0.00      0.00
    0.00      0.00
    0.00      0.00
    0.00      0.00
    0.00      0.00
    0.00      0.00
    0.00      0.00
    0.00      0.00
    0.00      0.00
    0.00      0.00
    0.00      0.00
    0.00      0.00
    0.00      0.00
    0.00      0.00
    0.00      0.00
    0.00      0.00
    0.00      0.00
    0.00      0.00
    0.00      0.00
    0.00      0.00
    0.00      0.00
    0.00      0.00
    0.00      0.00
    0.00      0.00
    0.00      0.00
    0.00      0.00
    0.00      0.00
    0.00      0.00
    0.00      0.00
    0.00      0.00
    0.00      0.00
    0.00      0.00
    0.00      0.00
    0.00      0.00
    0.00      0.00
    0.00      0.00
    0.00      0.00
    0.00      0.00
    0.00      0.00
    0.00      0.00
    0.00      0.00
    0.00      0.00
    0.00      0.00
    0.00      0.00
    0.00      0.00
    0.00      0.00
    0.00      0.00
    0.00      0.00
    0.00      0.00
    0.00      0.00
    0.00      0.00
    0.00      0.00
    0.00      0.00
    0.00      0.00
    0.00      0.00
    0.00      0.00
    0.00      0.00
    0.00      0.00
    0.00      0.00
    0.00      0.00
    0.00      0.00
    0.00      0.00
    0.00      0.00
    0.00      0.00
    0.00      0.00
    0.00      0.00
    1.36      0.00
    0.00      0.00
    0.00      0.00
    0.00      0.00
    0.00      0.00
    0.00      0.00
    0.00      0.00
    0.00      0.00
    0.00      0.00
    0.00      0.00
    0.00      0.00
    0.00      0.00
    0.00      0.00
    0.00      0.00
    0.00      0.00
    0.00      0.00
    0.00      0.00
    0.00      0.00
    0.00      0.00
    0.00      0.00
    0.00      0.00
    0.00      0.00
    0.00      0.00
    0.00      0.00
    0.00      0.00
    0.00      0.00
    0.00      0.00
    0.00      0.00
    0.00      0.00
    0.00      0.00
    0.00      0.00
    0.00      0.00
    0.00      0.00
    0.00      0.00
    0.00      0.00
    0.00      0.00
    0.00      0.00
    0.00      0.00
    0.00      0.00
    0.00      0.00
    0.00      0.00
    0.68      0.00
    0.00      0.00
    0.00      0.00
    0.00      0.00
    0.00      0.00
    0.00      0.00
    0.00      0.00
    0.00      0.00
    0.00      0.00
    0.00      0.00
    0.00      0.00
    0.00      0.00
    0.00      0.00
    0.00      0.00
    0.00      0.00
    0.00      0.00
    0.00      0.00
    0.00      0.00
    0.00      0.00
    0.00      0.00
    0.00      0.00
    0.00      0.00
    0.00      0.00
    0.00      0.00
    0.00      0.00
    0.00      0.00
    0.00      0.00
    0.00      0.00
    0.00      0.00
    0.00      0.00
    0.00      0.00
    0.00      0.00
    0.00      0.00
    0.00      0.00
    0.00      0.00
    0.00      0.00
    0.00      0.00
    0.00      0.00
    0.00      0.00
    0.00      0.00
    0.00      0.00
    0.68      0.00
    0.00      0.00
    0.00      0.00
    0.00      0.00
    0.00      0.00
    0.00      0.00
    0.00      0.00
    0.00      0.00
    0.00      0.00
    0.00      0.00
    0.00      0.00
    0.00      0.00
    0.00      0.00
    0.00      0.00
    0.00      0.00
    0.00      0.00
    0.00      0.00
    0.00      0.00
    0.00      0.00
    0.00      0.00
    0.00      0.00
    0.00      0.00
    0.00      0.00
    0.00      0.00
    0.00      0.00
    0.00      0.00
    0.00      0.00
    0.00      0.00
    0.00      0.00
    0.00      0.00
    0.00      0.00
    0.00      0.00
    0.00      0.00
    0.00      0.00
    0.00      0.00
    0.00      0.00
    0.00      0.00
    0.00      0.00
    0.00      0.00
    0.00      0.00
    0.00      0.00
    0.00      0.00
    0.00      0.00
    0.00      0.00
    0.00      0.00
    0.00      0.00
    0.00      0.00
    0.00      0.00
    0.00      0.00
    0.00      0.00
    0.00      0.00
    0.00      0.00
    0.00      0.00
    0.00      0.00
    0.00      0.00
    0.00      0.00
    0.00      0.00
    0.00      0.00
    0.00      0.00
    0.00      0.00
    0.00      0.00
    0.00      0.00
    0.00      0.00
    0.00      0.00
    0.00      0.00
    0.00      0.00
    0.00      0.00
    0.00      0.00
    0.00      0.00
    0.00      0.00
    0.00      0.00
    0.00      0.00
    0.00      0.00
    0.00      0.00
    0.00      0.00
    0.00      0.00
    0.00      0.00
    0.00      0.00
    0.00      0.00
    0.00      0.00
    0.00      0.00
    1.36      0.00
    0.00      0.00
    0.00      0.00
    0.00      0.00
    0.00      0.00
    0.00      0.00
    0.00      0.00
    0.00      0.00
    0.00      0.00
    0.00      0.00
    0.00      0.00
    0.00      0.00
    0.41      0.00
    0.00      0.00
    0.00      0.00
    0.00      0.00
    0.00      0.00
    0.00      0.00
    0.00      0.00
    0.00      0.00
    0.00      0.00
    0.00      0.00
    0.00      0.00
    0.00      0.00
    0.00      0.00
    0.00      0.00
    0.00      0.00
    0.00      0.00
    0.00      0.00
    0.00      0.00
    0.00      0.00
    0.00      0.00
    0.00      0.00
    0.00      0.00
    0.00      0.00
    0.00      0.00
    0.00      0.00
    0.00      0.00
    0.00      0.00
    0.00      0.00
    0.00      0.00
    0.00      0.00
    0.00      0.00
    0.00      0.00
    0.00      0.00
    0.00      0.00
    0.00      0.00
    0.00      0.00
    0.00      0.00
    0.00      0.00
    0.00      0.00
    0.00      0.00
    0.00      0.00
    0.00      0.00
    0.00      0.00
    0.00      0.00
    0.00      0.00
    0.00      0.00
    0.00      0.00
    0.00      0.00
    0.00      0.00
    0.00      0.00
    0.00      0.00
    0.00      0.00
    0.00      0.00
    0.00      0.00
    0.00      0.00
    0.00      0.00
    0.00      0.00
    0.00      0.00
    0.00      0.00
    0.00      0.00
    0.00      0.00
    0.00      0.00
    0.00      0.00
    0.00      0.00
    0.00      0.00
    0.00      0.00
    0.00      0.00
    0.00      0.00
    0.00      0.00
    0.00      0.00
    0.00      0.00
    0.00      0.00
    0.00      0.00
    0.00      0.00
    0.00      0.00
    0.00      0.00
    0.00      0.00
    0.00      0.00
    0.00      0.00
    0.00      0.00
    0.00      0.00
    0.00      0.00
    0.00      0.00
    0.00      0.00
    0.00      0.00
    0.00      0.00
    0.00      0.00
    0.00      0.00
    0.00      0.00
    0.00      0.00
    0.00      0.00
    0.00      0.00
    0.00      0.00
    0.00      0.00
    0.00      0.00
    0.00      0.00
    0.00      0.00
    0.00      0.00
    0.00      0.00
    0.00      0.00
    0.00      0.00
    0.00      0.00
    0.00      0.00
    0.00      0.00
    0.00      0.00
    0.00      0.00
    0.00      0.00
    0.00      0.00
    0.00      0.00
    0.00      0.00
    0.00      0.00
    0.00      0.00
    0.00      0.00
    0.00      0.00
    0.00      0.00
    0.00      0.00
    0.00      0.00
    0.00      0.00
    0.00      0.00
    0.00      0.00
    0.00      0.00
    0.00      0.00
    0.00      0.00
    0.00      0.00
    0.00      0.00
    0.00      0.00
    0.00      0.00
    0.00      0.00
    0.00      0.00
    0.00      0.00
    0.00      0.00
    0.00      0.00
    0.00      0.00
    0.00      0.00
    0.00      0.00
    0.00      0.00
    0.00      0.00
    0.00      0.00
    0.00      0.00
    0.00      0.00
    0.00      0.00
    0.00      0.00
    0.00      0.00
    0.00      0.00
    0.00      0.00
    0.00      0.00
    0.00      0.00
    0.00      0.00
    0.00      0.00
    0.00      0.00
    0.00      0.00
    0.00      0.00
    0.00      0.00
    0.00      0.00
    0.00      0.00
    0.00      0.00
    0.00      0.00
    0.00      0.00
    0.00      0.00
    0.00      0.00
    0.00      0.00
    0.00      0.00
    0.00      0.00
    0.00      0.00
    0.00      0.00
    0.00      0.00
    0.00      0.00
    0.00      0.00
    0.00      0.00
    0.00      0.00
    0.00      0.00
    0.00      0.00
    0.00      0.00
    0.00      0.00
    0.00      0.00
    0.00      0.00
    0.00      0.00
    0.00      0.00
    0.00      0.00
    0.00      0.00
    0.00      0.00
    0.00      0.00
    0.00      0.00
    0.00      0.00
    0.00      0.00
    0.00      0.00
    0.00      0.00
    0.00      0.00
    0.00      0.00
    0.00      0.00
    0.00      0.00
    0.00      0.00
    0.00      0.00
    0.00      0.00
    0.00      0.00
    0.00      0.00
    0.00      0.00
    0.00      0.00
    0.00      0.00
    0.00      0.00
    0.00      0.00
    0.00      0.00
    0.00      0.00
    0.00      0.00
    0.00      0.00
    0.00      0.00
    0.00      0.00
    0.00      0.00
    0.00      0.00
    0.00      0.00
    0.00      0.00
    0.00      0.00
    0.00      0.00
    0.00      0.00
    0.00      0.00
    0.00      0.00
    0.00      0.00
    0.00      0.00
    0.00      0.00
    0.00      0.00
    0.00      0.00
    0.00      0.00
    0.00      0.00
    0.00      0.00
    0.00      0.00
    0.00      0.00
    0.00      0.00
    0.00      0.00
    0.00      0.00
    0.00      0.00
    0.00      0.00
    0.00      0.00
    0.00      0.00
    0.00      0.00
    0.00      0.00
    0.00      0.00
    0.00      0.00
    0.00      0.00
    0.00      0.00
    0.00      0.00
    0.00      0.00
    0.00      0.00
    0.00      0.00
    0.00      0.00
    0.00      0.00
    0.00      0.00
    0.00      0.00
    0.00      0.00
    0.00      0.00
    0.00      0.00
    0.00      0.00
    0.00      0.00
    0.00      0.00
    0.00      0.00
    0.00      0.00
    0.00      0.00
    0.00      0.00
    0.00      0.00
    0.00      0.00
    0.00      0.00
    0.00      0.00
    0.00      0.00
    0.00      0.00
    0.00      0.00
    0.00      0.00
    0.00      0.00
    0.00      0.00
    0.00      0.00
    0.00      0.00
    0.00      0.00
    0.00      0.00
    0.00      0.00
    0.00      0.00
    0.00      0.00
    0.00      0.00
    0.00      0.00
    0.00      0.00
    0.00      0.00
    0.00      0.00
    0.00      0.00
    0.00      0.00
    0.00      0.00
    0.00      0.00
    0.00      0.00
    0.00      0.00
    0.00      0.00
    0.00      0.00
    0.00      0.00
    0.00      0.00
    0.00      0.00
    0.00      0.00
    0.00      0.00
    0.00      0.00
    0.00      0.00
    0.00      0.00
    0.00      0.00
    0.00      0.00
    0.00      0.00
    0.00      0.00
    0.00      0.00
    0.00      0.00
    0.00      0.00
    0.00      0.00
    0.00      0.00
    0.00      0.00
    0.00      0.00
    0.00      0.00
    0.00      0.00
    0.00      0.00
    0.00      0.00
    0.00      0.00
    0.00      0.00
    0.00      0.00
    0.00      0.00
    0.00      0.00
    0.00      0.00
    0.00      0.00
    0.00      0.00
    0.00      0.00
    0.00      0.00
    0.00      0.00
    0.00      0.00
    0.00      0.00
    0.00      0.00
    0.00      0.00
    0.00      0.00
    0.00      0.00
    0.00      0.00
    0.00      0.00
    0.00      0.00
    0.00      0.00
    0.00      0.00
    0.00      0.00
    0.00      0.00
    0.00      0.00
    0.00      0.00
    0.00      0.00
    0.00      0.00
    0.00      0.00
    0.00      0.00
    0.00      0.00
    0.00      0.00
    0.00      0.00
    0.00      0.00
    0.00      0.00
    0.00      0.00
    0.00      0.00
    0.00      0.00
    0.00      0.00
    0.00      0.00
    0.00      0.00
    0.00      0.00
    0.00      0.00
    0.00      0.00
    0.00      0.00
    0.00      0.00
    0.00      0.00
    0.00      0.00
    0.00      0.00
    0.00      0.00
    0.00      0.00
    0.00      0.00
    0.00      0.00
    0.00      0.00
    0.00      0.00
    0.00      0.00
    0.00      0.00
    0.00      0.00
    0.00      0.00
    0.00      0.00
    0.00      0.00
    0.00      0.00
    0.00      0.00
    0.00      0.00
    0.00      0.00
    0.00      0.00
    0.00      0.00
    0.00      0.00
    0.00      0.00
    0.00      0.00
    0.00      0.00
    0.00      0.00
    0.00      0.00
    0.00      0.00
    0.00      0.00
    0.00      0.00
    0.00      0.00
    0.00      0.00
    0.00      0.00
    0.00      0.00
    0.00      0.00
    0.00      0.00
    0.00      0.00
    0.00      0.00
    0.00      0.00
    0.00      0.00
    0.00      0.00
    0.00      0.00
    0.00      0.00
    0.82     26.17
    0.00      0.00
   25.76     47.01
    0.00      0.00
   47.15     48.85
    0.00      0.00
   54.68     60.39
    0.00      0.00
   35.54      2.23
    0.00      0.00
    3.20      1.11
    0.00      0.00
    0.00      0.00
    0.00      0.00
 1492.03    367.85
  418.33    823.37
 1499.96    502.11
  595.24   1090.27
 1106.90    369.79
  636.59    236.70
  538.31   1881.49
  380.27    561.55
  228.37   1658.25
  614.26    649.25
  664.13    748.54
  901.01    262.59
  856.88    329.66
  307.83      9.54
  267.39     34.87
   81.18      0.82
   48.45      2.42
   25.80      0.72
   14.65      0.00
    4.01      0.72
    0.87      0.00
    1.73      0.00
    0.00      0.00
    0.00      0.00
    0.00      0.00
    0.00      0.00
    0.00      0.00
    0.00      0.00
    0.00      0.00
    0.00      0.00
    0.00      0.00
    0.00      0.00
    0.00      0.00
    0.00      0.00
    0.00      0.00
    0.00      0.00
    0.00      0.00
    0.00      0.00
    0.00      0.00
    0.00      0.00
    0.41      0.41
    0.00      0.00
    0.00      0.00
    0.00      0.00
    0.00      0.00
    0.00      0.00
    0.00      0.00
    0.00      0.00
    0.00      0.00
    0.00      0.00
    0.00      0.00
    0.00      0.00
    0.00      0.00
    0.00      0.00
    0.00      0.00
    0.00      0.00
   14.36     14.42
   43.88     72.37
   47.79     46.60
   14.42    143.64
  101.47    248.03
   72.03    115.80
  206.44    111.00
  192.36     63.49
  190.71    113.77
  106.24     64.15
    2.15      0.00
   19.49     14.44
    2.81      0.72
    2.87     14.37
    0.72      0.00
    0.00      0.00
    0.00      0.00
   15.09      1.45
    0.73      0.00
    0.72      0.00
    0.00      0.00
    0.00      0.00
    0.00      0.00
    0.00      0.00
    0.00      0.00
    0.00      0.00
    0.00      0.00
    0.00      0.00
    0.00      0.00
    0.00      0.00
    0.41      0.00
    0.00      0.00
    0.00      0.00
    0.00      0.00
    0.00      0.00
    0.00      0.00
    0.00      0.00
    0.00      0.00
    0.00      0.00
    0.00      0.00
    0.00      0.00
    0.00      0.00
  117.44    168.09
   62.37    104.55
   93.18    224.83
  112.66    169.23
  162.82    196.14
  149.20    121.78
  236.65    112.51
  171.91     81.34
  183.03     72.03
  169.34    108.30
  147.86     89.16
   58.93     42.78
    1.60     44.37
   49.58     63.35
   74.90    135.40
   45.89    237.50
  108.20     50.86
  148.75    137.84
  108.03     19.87
  242.20    115.34
   62.05     46.00
   78.21     48.80
    3.58      0.00
    2.88      0.00
    1.37     14.87
   18.48      0.72
    0.00      0.00
    0.00     14.79
    0.00      0.00
    0.65      0.73
   14.14      0.72
    1.43      0.00
    0.00      0.00
    0.00      0.00
    0.00      0.00
    0.00      0.00
    0.00      0.00
    0.00      0.00
    0.00      0.00
    0.00      0.00
    0.00      0.00
    0.00      0.00
    0.00      0.00
    0.00      0.00
    0.00      0.00
    0.00      0.00
    0.00      0.00
    0.00      0.00
    0.00      0.00
    0.00      0.00
    0.00      0.00
    0.00      0.00
    0.00      0.00
    0.00      0.00
    0.00     15.00
    0.00      0.00
   15.00      1.49
    0.00      0.00
   30.80     29.48
   14.37     43.17
   95.34    108.70
   58.30     46.05
   14.37     15.82
    0.00     15.00
   33.03     47.16
   75.83     61.62
   17.21    122.13
   15.72     45.05
  122.47    140.78
  105.79    184.48
   61.52     47.28
   93.79     35.00
  247.51    112.44
   30.06     32.29
   47.77     31.51
   77.84     48.70
    5.03      0.00
    0.72      0.00
    0.00      0.00
    3.62      0.00
   15.00     15.80
    0.00     14.98
    0.00      0.00
    0.00      0.00
    0.00      0.00
   15.08      0.00
    0.73      0.72
    0.72      0.00
    0.00      0.00
    0.00      0.00
    0.00      0.00
    0.00      0.00
    0.00      0.00
    0.00      0.00
    0.00      0.00
    0.00      0.00
    0.00      0.00
    0.00      0.00
    0.00      0.00
   30.04     40.95
  134.88    205.37
   30.71     77.65
   25.75    206.83
  134.75    142.65
  131.07    131.98
  152.19     73.58
  209.42    201.69
  226.28    132.39
  158.07    104.83
  109.40    101.98
  177.50    127.05
  114.90    102.27
   78.20     44.45
   84.39     44.06
   54.78     76.14
   28.64     35.11
   50.17     64.16
   69.17     18.77
   19.49    121.54
    1.44     30.20
   93.02     48.34
   93.08    110.84
   77.04    201.68
   45.37     30.32
   95.91     20.86
  123.32     78.59
  138.40     81.48
   15.83     15.90
   61.92     32.52
   69.84     48.27
    0.00      0.00
    0.72      0.00
    0.00      0.00
    4.33      0.00
    0.00      0.00
   14.45     15.17
    0.65      0.72
    0.00     15.11
    0.00      0.00
    0.72      0.00
   14.45      0.72
    0.65      0.72
    1.44      0.00
    0.00      0.00
    0.00      0.00
    0.00      0.00
    0.00      0.00
    0.00      0.00
    0.00      0.00
    0.00      0.00
    0.00      0.00
    0.00      0.00
    0.00      0.00
    0.00      0.00
    0.00      0.65
    0.00      0.00
    0.00      0.00
    0.00      0.00
    1.39      0.72
   14.37     14.43
   34.87     64.69
   14.37     29.45
   29.37     29.49
   44.61     47.25
   31.57      0.00
    1.43     16.48
   15.81     15.09
   32.01     50.04
   15.01     16.37
    2.09     15.09
   15.72     20.36
   35.14      4.86
   16.39      2.81
    5.70      2.09
    5.49      7.45
    1.37      3.99
    1.31      3.33
    6.36      2.16
    2.68      2.03
    9.75      7.00
    0.00      0.00
    0.65      1.37
    2.61      2.16
    5.50      4.91
    0.72      0.00
    0.72      0.00
    0.00      0.00
    1.44      0.00
    0.00      0.00
    0.00      0.65
    0.65      0.72
    0.00      0.00
    0.00      0.65
    0.00      0.00
    0.00      0.00
    0.72      0.00
    0.65      0.72
    0.00      0.00
    0.72      0.00
   44.29     75.89
  109.16    158.19
    0.00    100.68
    0.00    154.65
  169.49    207.22
   50.64     38.37
  280.35    153.01
  129.25    183.27
  231.26    189.15
  120.09    103.31
  232.04    102.00
  128.61     82.30
   97.13     28.22
   71.84     34.68
   67.52     67.49
   69.73     69.17
   32.91     33.04
   57.64      5.30
    7.13      2.76
    4.29      1.52
    7.43      2.88
   33.77     46.13
   15.10     30.60
   18.14     19.01
   19.23     19.35
   18.57     19.62
    2.83      1.37
    5.43      4.20
   32.41      6.30
    6.90      4.12
    5.43      6.28
    2.09      0.72
    0.72      0.72
    5.63      3.92
    0.00      2.75
    0.65      0.72
    0.00      0.00
    4.19      0.72
    4.12      3.54
    0.72      0.00
    0.00      0.00
    0.00      0.00
    0.72      0.00
    0.00      0.00
    0.00      0.00
    0.65      0.72
    0.00      0.00
    0.00      0.00
    0.00      0.65
    0.00      0.00
    0.00      0.00
    0.00      0.00
    0.65      0.72
    0.72      0.00
    0.00      0.00
    0.65      0.65
    0.00      0.74
    0.00      0.00
    0.00      0.00
    1.39     15.08
    1.30      0.00
   17.78     63.86
   44.50     30.23
    0.72     14.38
   30.95      1.43
   15.09     15.71
   15.88      0.72
   15.71     17.68
   29.99     45.93
   19.11     18.52
   30.07     16.46
    3.53     15.80
   15.09      1.45
   16.53     17.78
    1.31      3.99
    2.75      2.82
    4.91      2.76
   18.57      4.77
    3.47     32.74
   17.09      6.15
    5.49      5.42
    0.72     16.36
    2.68      1.37
   41.99      6.52
    1.44      0.72
    2.10      1.37
    0.00      0.00
    3.33      4.84
    0.65      2.68
    1.37      0.72
    0.00      0.00
    2.09      0.00
    4.12      3.54
    0.72      0.00
    0.00      0.00
    0.00      0.65
    0.72      0.00
    0.00      0.00
    0.00      0.00
    0.65      0.72
   29.87     49.56
  124.78    208.41
  115.88    177.30
   41.87    101.76
   82.20     70.46
   57.43     42.61
   90.66     41.80
  157.93    110.46
  151.51     37.82
   81.95     45.03
  148.69     81.51
   72.51     88.29
   44.20     30.33
   69.78     62.85
   71.54     88.43
   43.46     18.76
   27.97     17.96
   25.97     17.49
   16.15      2.81
   34.38      4.34
    2.16     15.82
   32.23     32.41
   15.75     16.62
    0.72     14.79
   30.99     17.19
    3.33      2.75
    2.03      2.89
    4.12     18.20
   31.03     18.33
    2.82      1.31
    4.05      4.91
    5.56      2.16
   16.75      4.05
    7.46     24.94
    0.00      0.65
   15.10      2.10
    5.69     15.10
   15.89      2.68
    2.03     16.54
    1.37      1.44
    0.72      1.31
    4.13      2.10
    1.44      2.03
   15.17      0.00
    1.44      0.72
    0.65      0.00
    3.40      3.54
    0.72      0.00
    0.00      0.00
    0.00      0.00
    0.72      0.65
    0.41      1.06
    0.00      0.00
    0.00      0.00
    0.00      0.00
    2.05      1.46
    0.72      0.00
    0.00      0.00
    0.65     15.04
   44.57     30.29
   16.87     30.59
   18.48     19.34
   16.23     14.85
   15.81      1.44
   15.74     30.14
    0.00     14.37
   16.44     45.80
   15.71     16.44
   30.13     34.10
   15.70     15.71
   17.90      2.88
   32.85      3.46
    1.37      0.65
   17.22      1.44
    2.03      2.10
    0.00      2.61
    0.65      2.03
    4.05      4.12
    2.82      1.44
    4.19     16.44
    1.37      3.33
   15.00      2.68
    1.31     34.77
   20.55      5.43
    2.81      2.16
    0.65      0.00
    9.68      5.04
   16.44      2.75
    2.15      1.31
    0.65      0.65
    2.03      1.44
    2.68      2.81
    1.44      1.37
    0.00      0.65
    1.96      3.47
    0.72      0.00
    0.72      1.31
    0.72      0.65
    1.44      0.00
   16.34      0.73
   66.14    133.35
   78.24    132.44
    0.00    123.69
  121.98    265.25
  101.65     97.37
  197.89     76.87
  170.35    104.35
  104.26     42.81
  123.13    101.94
  178.19    109.30
  158.38    133.93
  162.62     79.03
   47.27     26.28
   25.97     32.31
   25.77     28.04
   29.46      7.03
   29.65     30.69
    9.60      2.46
   17.19     47.18
   15.77      2.09
    2.68     34.01
   31.44     16.54
   17.84     16.53
    1.37     16.54
   45.82      4.19
    2.16      0.00
   15.16      1.37
    3.98      4.05
    2.03      4.26
    3.47      3.40
    1.37      0.72
    0.72      0.65
    4.85      0.65
    0.65     18.64
    1.37      2.03
    1.96      3.98
   21.82      9.24
   16.40     15.88
    2.16     15.82
    4.33      0.00
    0.72      1.96
    0.65      2.03
    2.02      1.37
   15.89      1.44
    0.65      0.00
    4.25      2.09
    0.65      0.00
    0.00      1.37
    1.96      3.47
    0.00      0.00
    1.37      1.31
    1.44      1.37
    0.00      0.00
    0.72      0.00
    4.05      2.09
    0.72      2.10
    0.00      0.00
    0.00      0.00
    0.65      0.72
   19.28     29.53
   18.64     32.96
   97.90     96.83
   46.61     59.01
   19.62      0.72
   33.39      1.44
   19.46     30.25
   15.10     16.44
    0.00      0.00
    0.71      1.31
   33.42     16.11
    0.65      3.40
    3.40     17.74
    3.54      2.75
    2.03      2.09
   19.33      2.75
    1.37     15.72
    0.00      0.65
    3.40      5.42
    0.00      1.31
   17.74      4.12
    5.64      1.44
    2.75      0.72
    3.47      5.49
    0.00      0.00
    0.65      1.37
    3.47      2.61
    0.72      5.35
    1.54      1.31
    1.96      0.72
    7.59      4.98
    2.88      0.72
    2.75      2.10
    0.65      0.00
    0.00      2.03
    1.31      0.72
    3.40      4.12
    0.72      0.72
    0.72      0.00
    1.36      1.36
   47.84     78.81
   72.35    100.28
   63.73    183.25
   95.71    156.61
  150.81    207.26
  112.28     91.65
  115.16     49.02
   61.35    104.80
  164.01     45.12
  139.72     85.38
  116.40     59.06
   62.99     26.87
   53.79     43.17
  244.90    191.09
   60.77     88.59
   18.54     28.73
   57.38     41.99
   40.04      3.08
   22.09      8.44
   10.33     17.25
   17.11     17.42
    0.65      0.72
    2.10      2.61
   16.41     17.98
   18.64      2.10
    2.68     18.57
    2.10      2.10
    1.44      0.00
   16.54      3.40
    1.37      0.00
    3.26      4.12
    3.40     19.28
    4.19      3.47
    0.65      2.75
   15.89      1.37
    3.54      0.72
    3.34      3.47
    1.44      0.72
    1.37      0.72
    2.68      3.26
    4.64      7.73
    1.37      0.72
    1.37      2.10
    3.60      0.65
    0.72      0.00
    1.37      2.03
    0.65      2.03
    1.31      1.37
    1.37      0.72
    2.10      1.37
    2.75      2.82
    0.72      0.00
    0.65      1.37
    0.72      0.00
    0.72      0.65
    0.00      0.00
    2.05      2.75
    0.65      0.00
    0.00      0.74
    1.37     17.06
    1.44      0.65
   45.13     46.11
    5.43     19.28
   46.60     47.50
   34.88     33.73
   17.90     18.58
   30.70     60.73
   47.74     17.84
   17.92     16.43
   22.90     29.41
    0.72      0.00
   15.05      1.37
    0.00     15.64
   17.74      4.84
   15.15      2.03
    3.54      2.03
    2.61      3.54
    3.60      0.65
    1.37      2.03
    1.37      0.72
    0.00      3.26
    3.40      3.33
    1.31      4.19
    3.54      0.65
    4.19      1.44
    4.77      3.61
    0.72      3.26
    1.31      2.09
    0.41      0.00
    3.47      2.68
    1.37      5.36
    1.37      1.37
    1.37      0.65
    6.87      3.60
    3.54      0.72
    1.44      1.37
    0.00      0.65
    0.00      0.65
    1.37      1.37
    5.12      1.43
   82.23    133.89
   60.93    104.74
   40.96    181.23
   45.59    100.26
  149.54    107.46
   11.19     21.01
  129.26    118.20
  118.70    108.49
  127.36     82.44
  112.48     67.66
   69.32     40.49
  142.61    101.03
   97.15     62.04
  153.90    133.60
  130.61    101.11
  108.38     90.13
   34.89     34.05
   50.97     37.87
   55.22     36.97
   46.11     33.90
   18.03      0.72
    1.43     15.10
    2.81      0.72
   15.10     17.20
   18.57     18.33
    0.72     15.75
   17.78      4.11
    2.03      2.16
    3.54      0.00
   17.68      3.49
    0.65      0.00
    1.31      4.12
    4.05      2.03
    0.65      3.47
    5.43      4.84
    2.09      2.82
    0.00      1.31
    2.88      0.65
    2.75      0.00
    1.31      4.19
    2.75      0.72
    0.72      1.37
    2.75      2.61
    4.57      7.01
    0.72      2.09
    1.31      1.44
    3.61      0.00
    1.44      0.00
    0.72      0.65
    0.65      2.03
    0.00      0.65
    0.65      0.00
    0.72      2.68
    1.44      0.00
    1.37      0.72
    0.65      0.65
    0.72      1.37
    1.38      1.38
    2.68      0.65
    3.42      4.35
   15.67     15.14
   17.16     17.16
   19.82     19.18
   31.39     33.76
   30.59     31.96
   18.44     45.09
   58.79     64.62
    4.19     15.71
   46.56     35.55
    2.85      2.09
   16.30     17.74
   19.84      3.47
   21.35      6.36
    2.82      0.72
    2.75      4.05
    0.72      0.00
    3.54      3.33
    0.65      1.37
    4.12      2.09
    2.09     17.09
    0.72      0.65
    2.09      1.37
    0.65      3.99
    1.37      1.37
   19.05      6.17
    4.33      2.10
    1.44      0.00
    6.15      3.60
    1.37      2.68
    0.00      0.65
    1.31      2.03
    0.72      0.72
    3.47      3.40
    0.65      3.92
    0.72      0.72
    0.00      0.65
    6.87      4.26
    4.91      2.10
    0.00      0.00
    1.29      0.58
   93.06    105.38
   63.09    159.72
    0.72     76.70
    2.03    182.45
   21.12     22.19
  125.20    159.54
   94.02     79.40
  126.54     93.69
  112.11     40.43
  128.76     58.16
  114.10     40.46
  137.86    144.20
  112.12     71.53
   96.37     79.86
  187.00    104.78
   68.38     66.12
   83.30     61.69
   96.75     66.41
   54.40     71.18
   79.98     82.10
   16.56      4.78
   27.44     64.74
   21.68      5.07
   17.12     17.25
   16.82      4.84
   35.18      2.82
    8.37      6.29
    2.69      2.03
    0.72      2.10
    4.77      2.16
    1.44      0.72
    1.44      1.31
    0.65      1.37
    1.31      0.00
    4.71      6.81
    1.37     17.27
    4.05      4.77
    3.40      4.91
    1.44      0.00
   15.91      1.38
    3.61      0.65
    2.68      2.16
    0.65      2.03
    1.37      1.37
    0.72      0.00
    2.75      2.03
    5.95      6.22
    0.00      2.89
    0.65      0.72
    4.26      1.37
    0.72      0.00
    0.00      0.65
    0.65      1.31
    0.72      2.03
    0.00      0.00
    1.39      1.39
    0.65      0.00
    2.82      2.10
    2.10      1.37
    0.00      0.00
    1.31      1.44
    2.03      0.72
    5.43     20.64
   15.72     17.75
   47.28     46.69
   16.41     17.26
    2.68     30.21
   30.91     19.28
   16.45     45.92
   30.76      5.00
   48.32     33.36
   16.45     17.80
   33.62     46.42
   17.15      2.02
    3.40      0.72
   18.52      6.22
    3.38      6.67
    1.37      3.40
    3.61     15.01
   20.50      4.85
    5.43      4.98
    3.54      2.10
    0.72      0.00
    2.16      0.65
    1.37      4.57
    1.31      2.16
    2.68      4.77
    7.00      3.33
    1.37      2.16
    5.50      1.45
    3.54      2.82
    0.65      2.68
    0.65      1.37
    0.00      0.65
    2.82      0.72
    4.05      4.77
    1.13      5.05
    0.00      0.00
    0.00      0.65
   77.70     76.09
   45.64    100.57
   31.25    130.40
   57.72    158.38
    1.96     51.96
   21.01     92.79
   97.29    116.29
   26.00     78.29
  178.20    150.23
   59.12     31.76
  145.53     50.18
  115.60    107.55
   77.32     42.52
  110.50     67.55
   42.59     58.55
  114.87     84.90
  108.14     38.11
   88.07    101.43
   86.29     73.43
  102.67     62.71
   58.47     20.05
   78.87     96.13
   71.25     42.06
   54.43     36.43
   47.11     37.63
   55.25     36.77
   19.55     34.50
   18.66      1.45
    5.56      3.47
   19.20      5.49
    2.73      4.84
    4.12      4.12
    2.09      1.37
    2.82      0.72
    2.75     15.10
    4.12      4.26
    0.65      2.04
    3.92      6.22
   15.91      3.42
    6.87      4.19
    3.33      4.84
    3.47      2.75
    2.82      1.46
    2.16      0.65
    3.40      0.72
    1.37      4.12
    0.72      1.31
    0.65      0.72
    0.72      0.00
    4.13      4.00
    3.92      5.05
    0.00      1.37
    2.10      0.72
    2.89      0.65
    0.00      0.65
    0.65      0.72
    0.72      0.00
    1.39      3.34
    0.72      1.31
    0.65      0.72
    1.31     14.38
    2.87      1.44
    4.06      3.40
    4.12      4.91
   15.16      1.37
    2.61     17.91
    2.03     15.08
    1.37     30.08
    1.31      2.16
   29.53     30.19
   32.95     19.11
   60.87     47.33
   31.49     30.76
   17.11     20.64
   32.96     15.87
    4.33     44.99
   18.46     17.12
   16.30      3.54
   34.87      8.95
    2.10     19.06
    4.77      4.23
   32.96      5.45
    4.84      2.82
    4.91      3.47
    4.19      2.10
    1.37      2.68
    0.72      0.00
    1.44      3.92
    1.37      0.65
    6.08      9.62
    2.89      1.31
    5.43      4.19
    4.85      2.82
    3.47      3.47
    4.05      3.40
    2.09      2.09
    2.10      1.44
    2.16      0.65
    3.17      1.37
   16.32     29.90
   73.34     79.01
   94.27    207.54
    1.95     79.15
    5.56    185.31
   90.89     90.64
   76.67     61.89
  144.21    143.43
   80.94     93.79
  118.26     53.06
  123.22     24.12
   68.14     45.46
   49.77     30.30
  107.63     74.18
   15.23     32.19
  166.31    150.68
   49.14     23.47
   74.11     93.78
   89.90     14.67
   91.93     89.09
   41.17     54.03
   26.09     33.58
   26.16      4.63
   46.24     18.69
   32.81     46.81
   46.05     32.04
   17.93     33.13
   34.16      4.25
    2.15      1.96
   18.79     45.65
    2.68      1.44
    0.65      2.82
   52.55     23.91
    2.74      3.47
    3.33      5.50
   18.58     18.65
    3.40      4.20
   17.70      1.44
    3.54      1.37
    2.09      2.03
    2.61      6.15
    1.96      2.82
    4.19      3.40
    3.33      2.75
    4.78      5.57
    4.91      4.78
    2.09      1.96
    1.37      0.72
    5.36      3.60
    4.98      4.77
    0.00      0.65
    0.65      0.72
    2.88      1.96
    1.37      3.33
    4.64      2.16
    1.37      2.89
    1.39      0.72
    4.19      1.37
    0.72      1.37
    0.65      0.00
    0.72      0.72
    1.31      1.44
    0.72      2.61
   16.40     33.52
   18.48      3.59
   31.43     31.61
    4.12      1.44
    3.55     17.83
    2.03     28.74
   17.66     46.96
   16.39      3.61
   59.77     17.87
    1.36     15.03
   16.43     17.81
    2.03     17.08
   16.29     16.37
   17.73      4.77
   32.79     32.85
   33.59     16.35
    3.40      4.91
    1.31      3.40
   18.50      1.45
    3.54     18.97
    1.37      2.68
    2.09      1.37
   20.43      6.22
    2.82      3.54
    2.82     17.02
    5.42      5.49
    1.37      1.44
    1.44      2.61
   17.88      2.68
    4.80      5.51
    2.82      2.03
    1.37      3.33
    8.38      4.12
    2.03      2.16
    1.31      0.72
    7.44      6.79
    1.86      4.38
   74.02     55.27
  112.06    231.42
    5.66     52.58
   26.29    232.91
    2.75      6.01
   43.19     46.56
   85.28    180.55
   21.58     81.54
  144.71    111.92
   43.37      1.37
  145.07     94.93
   31.68     21.79
  138.53    119.24
   94.55     68.21
   82.50    115.33
   87.97     85.30
  137.24     46.43
   87.70     27.83
  147.70    117.46
   73.43     57.52
   34.81     46.33
   70.95     68.32
   19.19     32.02
   43.65      5.93
   16.29      1.44
    2.74     16.83
   15.18     17.15
   18.48     18.65
    4.78     19.38
   31.73     16.48
   17.27     16.55
   15.77     19.24
   19.88      4.98
    1.96      2.10
   18.00      2.83
    3.47     17.86
    2.03      1.44
    2.03      2.68
   19.25      4.90
    2.68      2.75
    2.75      2.10
    2.75      4.78
    4.65     20.11
    2.89      0.65
    4.06      4.19
    4.05      5.36
   15.19      2.82
    3.40      1.39
    3.55      4.78
    2.09      2.68
    6.08      2.16
    0.72      4.12
    6.87      5.50
    2.75      2.82
    2.09      2.03
    2.90      0.00
    0.00      2.61
    6.08      3.47
    2.03      3.61
    0.65      0.72
    4.19      2.03
    2.03      2.82
    1.37      0.65
    4.05      3.40
   17.18     18.70
    1.37     17.67
   45.76     32.33
   15.08     30.24
    5.63      2.10
   16.89     45.71
   33.63     18.67
   32.82     33.61
   31.49     46.54
   15.74     18.40
   15.81     45.14
   32.26      3.55
   48.68      4.17
    2.74     17.74
    3.40      4.71
   19.50      1.37
    4.12      3.53
    1.37      1.37
    0.65      3.33
    3.40      2.75
    4.19      2.68
    4.77      5.56
    2.75      2.75
    2.03      2.03
    2.16      2.74
    1.44      0.65
    2.03      2.75
    3.40      2.10
    2.16      3.98
    3.33      4.77
    4.84      5.49
    3.47      4.70
    1.37      0.72
    6.29      2.75
    5.56      2.82
    1.87      1.93
   93.74    137.97
   65.24    131.72
    2.62    129.98
    4.98    132.28
    3.35      2.10
   23.85     24.28
   75.44    204.21
   25.91     58.52
  112.83     80.91
   91.55     61.66
   95.38     79.88
   76.25     63.10
   96.71     38.29
   97.57     93.05
  118.45     92.63
  161.32     98.88
   61.16     52.01
   70.69     82.72
  159.18     73.21
   49.39     25.46
   73.40     41.51
   70.89     61.80
   44.02     31.30
   51.58     65.68
   85.50     63.15
   15.77     33.06
   42.08     32.14
   18.85     16.48
   31.33      5.57
   37.21     20.65
    2.74      3.47
    3.54      2.03
    2.67      0.72
    1.31      3.54
    3.54      2.68
    1.96      4.12
    2.03      1.31
    2.75      4.19
    2.03      2.03
    5.56      2.88
    2.03      2.75
    2.75      2.09
    0.72      0.65
    2.09      2.68
    4.58      4.26
    1.44      2.10
    5.36      2.68
    3.99      9.10
    3.47      4.77
    2.10      2.03
    1.44      0.00
    4.12      3.47
    3.47      3.33
    2.68      2.88
    2.03      2.61
    3.50      2.84
    2.82      1.96
    0.65      3.40
    2.09      0.72
    4.86      5.36
    6.67      4.92
    4.12      5.70
    1.44      0.65
    7.53      4.06
    4.19      4.26
    2.09     16.46
    2.03     15.09
    0.72      1.37
   16.31     17.06
   32.63     34.16
   30.04     32.88
   19.92     32.95
   77.34     47.40
    4.91      2.11
   17.02     63.28
   31.36      2.18
   19.91     17.15
   16.46     17.91
   17.89     17.67
   32.64     23.28
    5.63      3.40
   19.17      3.54
    4.13      2.75
    3.54      2.03
    2.10      3.40
    1.44      1.31
    2.75      2.09
    2.60      1.37
    3.40      2.10
    2.68      3.99
    1.37      4.19
    2.10      2.03
    2.82      1.37
    3.98      4.26
    2.16      2.61
    1.44      1.31
    4.19      2.75
    2.09      4.63
    3.38      3.38
   17.93     27.72
   85.74    136.74
   64.46    110.79
   70.57    228.21
   13.59     38.16
   76.04     25.05
   54.32     30.61
   67.52    150.57
   72.82     42.11
  113.13     85.05
   81.90     32.80
  126.49     82.18
   45.98     29.47
   52.04     35.63
   35.60     16.84
   91.11     63.46
   15.17      6.64
  124.76     83.74
  121.69    112.18
   63.38    106.97
  116.49     56.03
   83.98     46.35
    5.71     19.50
   50.31     51.72
   59.73     26.93
    2.81      1.38
   88.47    106.91
   59.71     13.71
   35.05     46.48
   13.06     19.16
    4.13     15.85
   35.36     22.45
   19.16     18.65
   37.22     21.40
    3.47      3.40
   20.02      2.88
    3.40      2.88
    4.87      2.75
    1.37      0.65
    1.37      2.75
    0.72      1.31
    0.72      1.96
    2.75      2.10
    2.68      2.10
    1.31      3.40
    2.82      2.10
    3.47      3.40
    5.30      5.05
    1.44      0.00
    4.19      1.31
    2.61      5.50
    0.65      4.12
    4.05      4.77
    2.89      1.37
    2.75      1.37
    4.06      4.92
    6.17      4.12
    0.65      2.82
    2.10      3.33
    1.37      1.37
    5.50      3.54
    5.57      3.40
    0.00      0.72
    0.72      4.57
    8.62     36.47
    4.19      4.83
   18.69      2.73
   19.28      3.47
    1.37     15.09
   16.88     46.90
   47.98     34.79
   20.17     17.91
   48.08     47.97
    2.10      2.75
   17.91     17.09
    2.03     17.81
   33.50     19.91
    2.82     17.12
   50.19      3.61
   18.39     16.49
    2.75      4.77
   16.08     18.89
    4.12      2.68
    6.21      6.28
   18.45     32.15
    2.09      4.64
   19.11      3.54
    4.12      6.22
    5.12      2.75
    4.99      2.82
    2.88      0.72
    2.75      0.72
    2.03      2.75
    0.00      1.37
    0.00      0.65
    3.39      4.05
    1.37      3.40
    1.38      3.34
    2.68      2.03
    5.33      5.19
   81.47     31.36
   31.00    147.34
   33.44    155.56
   41.52    133.75
   22.46     42.13
  103.12    108.53
   30.99     80.97
   56.42     47.27
   49.32     31.58
  109.88     91.25
   91.13     47.44
   75.45     40.77
   73.10     57.00
   76.96     78.36
   77.42     47.99
   58.51     84.76
   59.06     55.67
   10.05     43.16
   63.09     25.78
    2.74     17.96
  152.31     59.78
  103.28     72.39
   61.81     62.15
  137.94     93.50
  112.66    105.96
   55.21     36.66
   11.64      2.75
   22.76     19.44
   18.51     21.33
   20.23      2.03
   17.34     17.79
   15.77      1.38
   18.45     21.34
   20.66     19.26
    3.54      1.31
    2.75      2.16
   17.93     19.81
    5.57      2.82
    2.61      3.54
    4.13     18.52
    4.12      3.54
    3.40      3.40
   16.56      3.48
    1.37      0.72
    2.82      0.72
    2.82      1.37
    2.10      1.37
    0.65      2.03
    2.03      2.68
    3.99      4.33
    2.75      0.72
    3.40      2.75
    2.68      6.15
    1.96      2.82
    2.03      2.77
    2.12      4.06
    3.40      2.68
    4.15      3.49
    4.78      4.26
    6.22      4.91
    2.82      1.31
    1.37      3.40
    2.10      0.72
    5.43     19.16
   19.22      7.01
    4.15     19.17
    1.38      2.61
    4.64      4.19
   16.54     34.31
   18.71     15.83
   50.96     34.44
   17.18      3.47
    2.82     30.80
   16.48     17.85
   62.35     34.02
    2.09     48.38
   31.61      2.76
   16.88     34.87
   20.52     19.92
   33.71      4.19
   19.13      4.19
    3.47      2.82
    6.96      4.05
    4.85      4.13
    2.75      2.89
    5.50      3.49
   18.39     20.10
    2.98      3.40
    2.75      2.61
    4.12      3.54
    2.82      3.41
    0.00      1.31
    2.82      1.38
    2.68      1.44
    4.78      4.19
    1.31      3.41
    1.38      2.10
    3.47      2.10
    2.03      1.38
   46.63     81.90
   72.80     49.13
   49.80    210.60
   43.42     81.38
    2.10    129.55
   23.20     62.72
    2.82     79.41
   29.87     43.81
   49.75    125.71
   94.17    100.10
   69.32     52.52
   68.37     49.60
   85.04     65.68
   68.60     25.90
   67.15     41.06
   13.21     20.93
   63.64     26.58
   34.19     24.00
   64.24     54.02
   92.79    100.61
  176.41     75.68
   99.97     88.37
   42.97     45.12
   88.54     20.87
   60.19     52.28
  128.29     95.35
   57.36     60.97
   16.89     30.96
   32.72     19.27
    1.59     17.14
   34.36     35.47
   17.04     16.48
   31.92     20.69
   24.80      6.24
   17.86      7.52
    4.77      3.54
    6.21      5.49
    2.90      2.68
    4.06      2.03
    4.92      4.77
    4.12      4.19
    3.47      2.16
    4.87      1.37
    2.03      2.16
    0.72      1.31
    0.65      2.68
    1.44      1.96
    1.37      0.00
    3.33      4.91
    2.82      2.03
    2.03      0.72
    1.37      4.05
    3.40      2.82
    2.09      2.68
    5.49      2.88
    2.61      3.47
    1.44      1.37
    1.39      1.37
    1.37      2.68
    3.33      6.15
    2.75      1.37
    4.12      3.56
    6.17      6.15
    4.13      5.43
    4.77      4.14
    6.81     21.39
    6.35     17.82
   19.13      2.82
    0.72      1.44
   15.17      2.68
   16.43     34.93
   35.03     36.21
    3.40      5.56
   19.78     61.34
   36.18     32.89
   19.87     21.30
   34.27     19.36
   31.08      2.89
    2.86      3.34
    2.75     16.46
   16.43     31.45
    2.09     16.36
   32.84     18.45
    4.22      7.39
   31.52      3.48
    3.33      4.71
    6.87      4.84
    5.59      4.95
    8.10      4.87
    2.68      5.43
    2.68      4.84
    7.68      2.75
    6.21      4.91
    2.03      2.75
    1.45      1.37
    1.37      0.72
    1.37      0.72
    2.10      1.37
    0.72      0.65
    2.06      2.92
   88.09     99.04
   79.41    135.30
   45.48    161.93
    2.75    130.89
    4.19     68.69
   28.50     22.74
    1.30     79.66
   34.38    138.26
   33.85     53.42
   73.30     70.30
  109.37     93.77
   63.96     48.82
  138.40     56.01
   32.08     17.37
   83.62     53.51
   85.53     56.36
   30.87     58.49
   88.70     75.76
   43.02     62.77
   36.80     26.59
  114.75     94.97
   52.51     29.70
   70.96    106.55
  147.85     88.31
   57.38     66.56
   91.87     70.71
   88.28     63.83
   83.54     42.61
   22.04     39.89
   54.68     10.55
   10.97      3.11
    3.40      2.82
    2.90     17.72
   16.47     16.53
    2.50     32.64
   19.15      4.83
   23.46      6.92
   19.15      6.87
    3.40      2.75
    1.37      3.40
    8.19      3.49
    4.79      9.72
    3.54      2.75
    4.91      2.75
    1.37      0.72
    4.14      3.40
    3.47      2.82
    1.31      1.44
    2.16      0.65
    2.10      1.37
    0.00      0.65
    1.31      3.40
    2.09      1.31
    1.31      3.33
    4.05      4.26
    2.88      0.72
    4.79      1.44
    2.68      4.26
    1.37      1.31
    2.03      2.10
    1.91      3.32
    2.10      3.49
    0.65      2.03
    2.91      1.96
    6.74      4.78
    7.52     10.47
   17.20     17.86
    3.27      6.24
    4.21      2.68
    3.98      4.77
    9.18     19.36
   16.42     32.32
    4.93     32.06
   31.31      6.17
   20.47     33.70
   48.59     53.41
   37.32     18.57
   35.67     36.45
   18.26     32.63
   47.64     48.32
    2.75      2.68
   35.83      3.47
   19.26      4.28
    2.03      2.16
    2.10      2.03
    3.47      5.37
    3.36      6.09
    1.38      4.71
    4.12      2.15
    4.92      2.68
    7.01      6.09
    3.40      5.43
    5.50      4.91
    6.29      4.12
    3.33      0.72
    5.47      6.35
    2.81      3.47
    1.31      0.65
    1.69      2.21
   79.10    132.68
   49.65     78.87
   33.18    185.93
   27.17     97.56
   27.14     55.76
    2.56     26.65
   49.55    157.69
    4.19     81.29
   36.14     88.17
   63.70     37.02
   45.82     59.85
   39.97      2.60
  136.20    102.48
  112.70     63.52
  199.74    146.22
   48.91     89.95
   79.06     87.16
   77.44     54.95
   78.42     43.46
   58.16    107.31
  107.07     57.61
  132.97     67.39
   52.64     44.15
  121.59    121.77
   41.18     35.73
   81.30     62.31
   62.12     35.23
   80.64     74.78
   23.16      3.88
   69.78     50.34
   26.05     42.93
   59.28     50.92
   69.09     26.85
    3.47     17.86
   33.01      4.98
   17.74      2.03
   19.22      6.80
    0.72      0.74
    5.57      3.47
    4.78      3.40
    4.66      6.94
    3.40      3.54
    2.75      3.40
    3.40      4.77
    8.17      7.67
    1.44      3.34
    6.29      4.06
    2.85      0.72
    0.72      1.31
    5.45      4.24
    3.42      2.84
    3.47      2.82
    1.38      2.03
    0.00      1.96
    1.48      1.31
    2.77      1.37
    4.08      4.85
    2.03      2.10
    2.17      2.03
    4.78      3.54
    4.00      3.54
    2.75      2.12
    2.82      2.12
    1.37      2.68
    3.33      4.12
    5.30      8.26
    4.33      2.10
    3.40      0.65
    2.68     18.64
    2.89     15.76
    2.68      5.45
    2.10      1.37
   15.73     17.83
   33.61     19.25
   19.72     21.21
   18.56     22.66
   50.03     64.81
    3.47     18.35
   43.94      7.74
   18.58     37.93
   34.35      4.83
    4.84     34.14
   19.39     32.24
   16.56      2.10
   17.91     34.12
   36.36     19.39
    2.75      4.94
   20.52      2.03
   20.48      7.01
    2.75      5.43
    3.54      3.92
    2.75      3.49
    1.31      2.10
    5.71      3.99
    6.87      6.22
    4.28      1.37
    6.67      7.68
    3.54      2.75
    4.84      2.18
   17.90     29.24
   64.00     43.89
   95.73    238.44
    0.72     78.08
    4.14    181.88
   50.07     31.94
    3.49     43.71
   80.09     70.20
   30.70    167.22
   28.89     11.74
   65.85     57.91
   70.22     78.79
   62.00     22.70
  108.04     13.02
  114.00     36.80
   41.87     16.52
   64.31     23.32
   99.84     63.50
   93.64     74.60
  103.73     45.69
   42.62     69.82
   52.49     28.10
   20.02     30.37
   74.35     52.63
   41.15     27.85
   67.20     45.61
   49.38     41.87
   53.97     46.04
  113.77     48.10
   64.41    100.17
   43.76     43.07
   50.26     22.46
   49.68     46.46
   42.91     27.84
   46.00     42.02
   16.61      4.42
   43.33     62.35
   46.54     43.27
    4.12     20.59
   46.10     19.22
   26.52      6.29
    4.12      3.54
   16.60      2.03
    6.74      5.57
    4.12      4.26
    4.64      4.84
    2.03      6.17
    3.47      3.40
    4.78      2.75
    3.49      4.78
    4.87      2.91
    1.44      0.65
    2.82      1.31
    2.75      1.44
    1.37      3.40
    2.03      2.75
    2.12      2.05
    1.37      0.00
    2.77      4.16
    4.64      6.24
    2.12      2.10
    4.78      4.89
    1.37      2.03
    6.26      3.47
    1.37      2.10
    3.47      1.37
    8.20      7.59
    4.06      5.66
   17.06     17.92
    0.72      2.68
    2.68      3.42
    4.08     19.95
    8.31      1.44
   17.34      4.20
    1.37     30.10
   32.06      2.15
    2.03     17.78
   19.21     32.11
    0.00     19.12
   48.40     80.15
   21.83      9.84
   35.73     35.59
   55.38     12.52
    4.93      4.84
   20.14     16.83
   23.12     23.28
   18.49      4.19
    6.23      5.51
    4.19      3.40
    5.56      1.37
   18.55     36.13
    3.33      4.77
   33.58     18.45
    6.24      6.67
    3.41      6.23
    6.31      4.71
    1.44      2.03
    7.53      4.85
    5.70      3.47
    4.56      4.12
   97.81    107.45
   48.82     54.88
   19.73    185.48
    3.31     80.56
    1.37     77.96
    4.13     30.68
    1.99    103.29
   21.24     66.57
   21.73    107.26
   51.28     65.27
   57.20     55.72
   37.45      3.60
   76.71     80.70
   91.84     45.35
  101.09    103.07
   78.53     48.52
   68.36     21.46
   47.68      6.18
   83.45     40.82
   35.15     23.72
  123.11     86.94
   71.92     46.45
   32.33     98.88
   67.90     39.54
   60.42     56.33
   74.89     34.82
   39.55     10.38
   43.79     54.14
   68.25     13.28
   59.87     94.26
   21.97     31.81
   80.83    128.08
   18.84      4.88
   51.90     80.44
  133.52     87.42
   91.32     36.27
   63.07     56.39
   34.52     22.28
   34.47      8.89
    6.97      5.74
    4.93      1.37
    5.49     19.36
   17.70     19.27
    2.09      3.42
   19.06     19.83
    3.35      2.90
    8.17      6.15
    4.05      7.07
    5.42      6.21
    4.21      2.09
    4.05      2.10
    3.47      3.47
    1.44      2.03
    4.12      3.52
    1.39      1.96
    2.03      3.47
    3.49      2.09
    2.83      0.72
    3.40      4.12
    2.09      1.37
    3.33      4.78
    1.37      2.68
    2.82      2.68
    4.91      2.75
    1.96      2.09
    6.14      6.86
    6.16      4.29
    3.49      2.83
    1.37      4.05
    2.61      4.12
    3.42      4.12
    2.77      3.42
    3.33      3.56
    6.22     18.63
   20.10     46.43
   19.14     52.70
   16.63     17.03
   33.02     15.80
   62.87     20.40
    5.72      1.96
   21.20      5.70
    1.37      2.82
   16.41     33.49
   17.14     19.78
    3.99     22.91
   21.91      8.28
    6.49     17.13
   35.82     33.64
   22.45     24.83
   18.74     20.29
    5.35      8.27
   24.60      7.05
   20.72      4.17
    6.28      2.75
    3.60      3.33
    4.12      2.68
    4.84      6.89
   18.72     21.10
    4.14      3.52
   49.63     29.64
   66.94    110.00
   20.58    108.03
   36.38    158.04
    2.74     79.80
    3.49     52.21
    0.72     28.53
    2.75    130.51
    3.09     54.79
   44.95    103.35
   45.43     45.08
   27.45     23.63
   62.08     49.12
   41.39     29.21
   92.30     60.51
    8.01     27.88
  149.30     47.65
   16.55      6.97
   56.23     99.66
  122.28     46.78
  123.22     95.52
  118.29     80.78
   48.85     76.67
   74.68     52.00
  104.55     78.66
  106.02     46.00
   31.75     82.03
   64.88     40.48
   95.43    105.52
   38.29     61.95
   87.34     31.54
   42.05     18.07
   80.64     26.59
   27.98     19.86
   76.62     14.27
   13.60     20.90
   36.22     38.14
    5.63     20.44
   22.04     22.71
   48.49      4.98
   19.28     19.56
   21.22     21.69
    8.65      8.38
    5.57      6.96
   20.61      4.21
    5.43     20.03
    8.44      6.22
    3.92      4.99
   17.13      5.56
    6.22      3.56
    4.20      0.65
    4.06      6.29
    1.96      4.12
    2.75      3.40
    4.06      2.77
    3.42      3.54
    2.82      3.44
    2.75      2.03
    3.40      3.48
    3.42      4.21
    2.03      1.44
    3.61      1.96
    3.33      6.10
    2.75      4.13
    2.05      0.72
    6.94      5.43
    8.34      6.36
    1.31      4.06
    1.38      0.72
    4.12      2.82
    5.50      3.47
    1.38      2.10
    2.61      3.54
    2.03      2.68
    2.68     17.87
    4.21      4.82
   17.87      4.15
   17.31     17.14
   17.65     19.24
    5.68     34.89
    6.30     21.10
   36.03     50.16
   23.38     22.09
   19.93     32.36
   46.82     19.98
   34.45      5.50
    2.10     19.45
   20.97      3.47
    5.43     22.69
   19.86     33.82
   21.91      6.39
   33.39     20.02
    5.02      4.64
   19.31     21.16
   20.68     20.45
    6.15      6.31
    7.55      8.90
    4.30      5.35
   31.78      4.22
   68.82    109.90
   36.19    105.11
   18.86     83.47
   60.29    179.91
    7.02     28.59
   31.27    106.84
   23.12     54.12
    2.84    139.89
   70.78     43.55
   50.23     77.83
    8.89     24.71
   36.69     41.78
    3.32      2.90
   36.10     65.99
   48.97     50.94
   27.92     29.42
   77.89     51.26
   66.21     33.66
   78.29     83.72
   76.37     12.50
   67.93     27.18
   41.93     26.33
   79.16     42.86
   41.77     59.99
   59.81     58.26
   34.56     42.22
  125.71     58.26
   48.43     48.21
   66.40     49.60
   78.56     35.82
   37.19     48.37
   24.03     33.39
   54.95     92.68
   90.39     32.15
   54.04     42.20
   17.17     19.43
    3.55     47.02
   91.64     32.74
   37.13     30.43
   21.28      8.67
   14.40     21.44
   20.78     50.43
   39.79     27.01
   78.54      8.65
    2.75     30.08
   20.58      6.29
   33.48     55.13
   10.92      5.81
    6.67     22.20
    7.71      5.66
    9.58      8.34
    3.99      4.91
    4.27      2.12
    4.21      3.33
    4.78      5.50
    2.68      4.85
    6.82      3.49
    4.39      1.37
    0.65      2.03
    3.40      3.40
    2.11      0.72
    3.54      4.71
    3.40      2.16
    4.06      4.15
    1.44      2.05
    5.43      7.47
    5.30      7.67
    2.90      0.72
    2.84      1.31
    6.09      6.90
    7.55      6.90
    2.75      3.56
    2.75     16.24
    5.43      4.19
   18.33      3.54
    4.82      4.87
    2.82      2.10
   17.88     18.97
    0.00      0.65
    2.03     31.76
   15.52     17.86
   18.51     18.39
   50.61     37.17
   22.28     54.61
   19.33      4.21
   36.32      4.91
    4.85      3.40
    1.72     65.73
   19.32      5.42
   37.07      6.89
    4.35     17.41
    7.66      5.43
   22.25      9.19
    4.12     36.35
    5.50      4.13
    5.65     19.79
    6.94      5.54
   20.05      2.75
   19.24      4.07
   18.20     29.66
   95.98    158.21
   21.44     54.04
   58.56    186.61
    6.87     57.04
   31.23    104.76
    3.39     29.12
   30.50    159.56
   25.53     55.27
    2.82     89.13
   23.57     37.70
   24.59     30.79
   41.36      3.53
   74.63      4.30
   37.03    116.83
   34.63    106.86
   95.46     81.51
    7.03     15.79
   79.79     22.75
   90.92     69.93
   43.50      7.71
   55.40     67.86
   28.15     12.70
   81.04     86.91
   23.18     22.24
   87.80     76.19
   97.94     27.85
   48.60     83.86
   67.84     53.30
   57.09     67.40
  120.44     72.77
   98.34     81.09
   55.59     42.14
   27.74     48.42
   70.20     57.46
   99.90    106.01
   30.56     76.62
   79.00     16.40
   23.42     32.01
   70.37     32.66
   67.51     30.10
   32.14     31.34
   58.15     19.31
   14.42     23.02
    9.06      2.82
    5.58      6.16
   21.94      4.85
    8.83      7.01
    6.90     21.43
    6.24      4.93
    2.03      2.77
    6.25      3.63
    5.29      7.59
    4.73      7.53
   18.99     21.86
    6.83      6.40
    3.54      4.01
    9.09      4.21
    6.82      5.67
    2.89      2.10
    4.14      3.47
    2.05      2.68
    0.72      2.03
    2.75      1.37
    2.10      2.75
    2.75      3.40
    4.19      2.03
    6.09      7.62
    1.31      2.84
    2.75      3.33
    4.85      4.87
    3.42     17.21
    2.74      3.41
    6.12      4.21
    2.75      5.43
   20.56     20.08
    5.52      5.43
   20.03      5.56
    4.28      2.10
    3.41      2.75
    1.37      2.13
    2.19     15.70
    1.31     17.86
   16.41     18.51
   34.55     19.15
   36.63     37.65
    5.52     18.64
   33.26     34.20
   19.22     20.50
   19.44      6.89
    2.82     18.79
   17.16     18.78
   51.48     51.86
    2.84      4.06
   41.84     19.16
    7.54      7.76
    4.84      7.66
    3.47     21.71
   17.14      4.02
   20.87      5.82
   95.94    156.27
   67.79     31.89
    6.93    245.72
    3.40     30.43
    9.90     80.12
   42.42     34.78
    8.62    150.50
    5.70     56.35
   20.77     58.47
   30.71     32.21
   27.36     23.60
   30.03     22.56
   69.14     36.25
   17.08     24.10
   70.73    126.86
   87.39     78.22
   62.05     14.26
   92.80     63.34
   28.54     29.45
    4.07     26.12
  115.43     58.32
   41.73      4.58
  109.83     65.62
   21.94     17.42
   97.86    105.38
   33.82     25.64
   54.72     85.18
   40.81      6.23
   34.62     44.79
   79.12     20.94
   44.29     38.58
   42.49      3.70
   26.74     12.56
   47.92     50.48
  104.14     82.91
   34.99     62.94
  104.04     86.06
   83.58     49.74
   43.16     37.46
   84.56     27.17
   14.23      3.82
   31.13     36.00
   20.69     20.75
   72.94     66.15
   52.56     41.08
   74.52     33.40
   21.29     12.67
    3.47     18.27
   10.28      4.91
    5.52      7.10
    2.68      4.12
   18.99      3.47
    2.03      4.13
    7.33      6.31
    8.93      8.94
    5.97      9.12
    4.95      6.26
    5.57      4.80
    2.70      5.36
   10.25      7.70
    4.87      5.68
    8.97      3.58
    2.93      3.43
    5.38      5.58
    2.77      2.82
    1.44      2.61
    6.19      4.85
    2.82      1.44
    2.17      1.31
    5.29      5.50
    2.75      4.91
    1.37      2.03
    2.16      1.31
    2.03      2.10
    2.68      6.09
    4.19      2.75
    6.17      4.13
    5.45      4.80
    3.50     50.13
    7.64      4.15
    0.00      1.46
   19.79     17.53
   30.16     16.89
    2.17      3.40
   31.02      5.45
    4.64      7.68
   23.04     37.06
   19.98     34.43
    6.80     22.03
   50.37     32.71
    3.58      4.19
   36.52     21.26
   18.57      6.09
    0.72     21.06
    2.10      2.03
    8.27     22.41
    8.56     33.47
   20.47      0.00
   18.28      2.78
    0.64      0.90
    0.00      0.00
    0.00      0.00
    0.74      1.01
    0.00      0.00
    0.00      0.00
    0.00      0.00
    0.00      0.00
    0.00      0.00
    0.00      0.00
    0.00      0.00
    0.00      0.00
    0.00      0.00
    0.00      0.00
    0.00      0.00
    0.00      0.00
    0.00      0.00
    0.00      0.00
    0.00      0.00
    0.00      0.00
    0.00      0.00
    0.00      0.00
    0.00      0.00
    0.00      0.00
    0.00      0.00
    0.00      0.00
    0.00      0.00
    0.00      0.00
    0.00      0.00
    0.00      0.00
