      h_eth1      
 KB/s in  KB/s out
    0.00      0.00
    0.00      0.00
    0.00      0.00
    0.00      0.00
    0.00      0.00
    0.00      0.00
    0.00      0.00
    0.00      0.00
    0.00      0.00
    0.00      0.00
    0.00      0.00
    0.00      0.00
    0.00      0.00
    0.00      0.00
    0.00      0.00
    0.00      0.00
    0.00      0.00
    0.00      0.00
    0.00      0.00
    0.00      0.00
    0.00      0.00
    0.00      0.00
    0.00      0.00
    0.00      0.00
    0.00      0.00
    0.00      0.00
    0.00      0.00
    0.00      0.00
    0.68      0.68
    0.00      0.00
    0.00      0.00
    0.00      0.00
    0.00      0.00
    0.00      0.00
    0.00      0.00
    0.00      0.00
    0.00      0.00
    0.00      0.00
    0.00      0.00
    0.00      0.00
    0.00      0.00
    0.00      0.00
    0.00      0.00
    0.00      0.00
    0.00      0.00
    0.00      0.00
    0.00      0.00
    0.00      0.00
    0.00      0.00
    0.00      0.00
    0.00      0.00
    0.00      0.00
    0.00      0.00
    0.00      0.00
    0.00      0.00
    0.00      0.00
    0.00      0.00
    0.00      0.00
    0.00      0.00
    0.00      0.00
    0.00      0.00
    0.00      0.00
    0.00      0.00
    0.00      0.00
    0.00      0.00
    0.00      0.00
    0.00      0.00
    0.00      0.00
    0.00      0.00
    0.68      0.00
    0.00      0.00
    0.00      0.00
    0.00      0.00
    0.00      0.00
    0.00      0.00
    0.00      0.00
    0.00      0.00
    0.00      0.00
    0.00      0.00
    0.00      0.00
    0.00      0.00
    0.00      0.00
    0.00      0.00
    0.00      0.00
    0.00      0.00
    0.00      0.00
    0.00      0.00
    0.00      0.00
    0.00      0.00
    0.00      0.00
    0.00      0.00
    0.00      0.00
    0.00      0.00
    0.00      0.00
    0.00      0.00
    0.00      0.00
    0.00      0.00
    0.00      0.00
    0.00      0.00
    0.00      0.00
    0.00      0.00
    0.00      0.00
    0.00      0.00
    0.00      0.00
    0.00      0.00
    0.00      0.00
    0.00      0.00
    0.00      0.00
    0.00      0.00
    0.00      0.00
    0.68      0.00
    0.00      0.00
    0.00      0.00
    0.00      0.00
    0.00      0.00
    0.00      0.00
    0.00      0.00
    0.00      0.00
    0.00      0.00
    0.00      0.00
    0.00      0.00
    0.00      0.00
    0.00      0.00
    0.00      0.00
    0.00      0.00
    0.00      0.00
    0.00      0.00
    0.00      0.00
    0.00      0.00
    0.00      0.00
    0.00      0.00
    0.00      0.00
    0.00      0.00
    0.00      0.00
    0.00      0.00
    0.00      0.00
    0.00      0.00
    0.00      0.00
    0.00      0.00
    0.00      0.00
    0.00      0.00
    0.00      0.00
    0.00      0.00
    0.00      0.00
    0.00      0.00
    0.00      0.00
    0.00      0.00
    0.00      0.00
    0.00      0.00
    0.00      0.00
    0.00      0.00
    2.05      0.00
    0.00      0.00
    0.00      0.00
    0.00      0.00
    0.00      0.00
    0.00      0.00
    0.00      0.00
    0.00      0.00
    0.00      0.00
    0.00      0.00
    0.00      0.00
    0.00      0.00
    0.00      0.00
    0.00      0.00
    0.00      0.00
    0.00      0.00
    0.00      0.00
    0.00      0.00
    0.00      0.00
    0.00      0.00
    0.00      0.00
    0.00      0.00
    0.00      0.00
    0.00      0.00
    0.00      0.00
    0.00      0.00
    0.00      0.00
    0.00      0.00
    0.00      0.00
    0.00      0.00
    0.00      0.00
    0.00      0.00
    0.00      0.00
    0.00      0.00
    0.00      0.00
    0.00      0.00
    0.00      0.00
    0.00      0.00
    0.00      0.00
    0.00      0.00
    0.68      0.00
    0.00      0.00
    0.00      0.00
    0.00      0.00
    0.00      0.00
    0.00      0.00
    0.00      0.00
    0.00      0.00
    0.00      0.00
    0.00      0.00
    0.00      0.00
    0.00      0.00
    0.00      0.00
    0.00      0.00
    0.00      0.00
    0.00      0.00
    0.00      0.00
    0.00      0.00
    0.00      0.00
    0.00      0.00
    0.00      0.00
    0.00      0.00
    0.00      0.00
    0.00      0.00
    0.00      0.00
    0.00      0.00
    0.00      0.00
    0.00      0.00
    0.00      0.00
    0.00      0.00
    0.00      0.00
    0.00      0.00
    0.00      0.00
    0.00      0.00
    0.00      0.00
    0.00      0.00
    0.00      0.00
    0.00      0.00
    0.00      0.00
    0.00      0.00
    0.00      0.00
    0.00      0.00
    0.00      0.00
    0.00      0.00
    0.00      0.00
    0.00      0.00
    0.00      0.00
    0.00      0.00
    0.00      0.00
    0.00      0.00
    0.00      0.00
    0.00      0.00
    0.00      0.00
    0.00      0.00
    0.00      0.00
    0.00      0.00
    0.00      0.00
    0.00      0.00
    0.00      0.00
    0.00      0.00
    0.00      0.00
    0.00      0.00
    0.00      0.00
    0.00      0.00
    0.00      0.00
    0.00      0.00
    0.00      0.00
    0.00      0.00
    0.00      0.00
    0.00      0.00
    0.00      0.00
    0.00      0.00
    0.00      0.00
    0.00      0.00
    0.00      0.00
    0.00      0.00
    0.00      0.00
    0.00      0.00
    0.00      0.00
    0.00      0.00
    0.00      0.00
    0.00      0.00
    0.00      0.00
    0.00      0.00
    0.00      0.00
    0.00      0.00
    0.00      0.00
    0.00      0.00
    0.00      0.00
    0.00      0.00
    0.00      0.00
    0.00      0.00
    0.00      0.00
    0.00      0.00
    0.00      0.00
    0.00      0.00
    0.00      0.00
    0.00      0.00
    0.00      0.00
    0.00      0.00
    0.00      0.00
    0.00      0.00
    0.00      0.00
    0.00      0.00
    0.00      0.00
    0.00      0.00
    0.00      0.00
    0.00      0.00
    0.00      0.00
    0.00      0.00
    0.00      0.00
    0.00      0.00
    0.00      0.00
    0.00      0.00
    0.00      0.00
    0.00      0.00
    0.00      0.00
    0.00      0.00
    0.00      0.00
    0.41     26.15
    0.00      0.00
    0.00     25.75
   51.49     22.02
   21.28     27.25
   28.91     31.88
   25.75     15.85
   21.30      1.58
    0.71      0.00
    0.72      0.00
    0.00      1.11
    0.00      0.00
    0.00      0.00
  331.39     46.70
  208.85    781.85
  470.58    240.15
 1075.72   1269.93
  594.60    601.06
  752.43    600.06
  643.21    327.89
  180.91     70.57
  101.46     12.54
   19.44      2.45
    7.58      0.73
    2.17      0.00
    0.00      0.00
    0.00      0.00
    0.00      0.00
    0.00      0.00
    0.00      0.00
    0.00      0.00
    0.00      0.00
    0.00      0.00
    0.00      0.00
    0.00      0.00
    0.00      0.00
    0.00      0.00
    0.00      0.00
    0.00      0.00
    0.00      0.00
    0.00      0.00
    0.00      0.00
    0.00      0.00
    0.00      0.00
    0.00      0.00
    0.68      0.00
    0.00      0.00
    0.00      0.00
    0.00      0.00
    0.00      0.00
    0.00      0.00
    0.00      0.00
    0.00      0.00
    0.00      0.00
    0.00      0.00
    0.41      0.41
    0.00      0.00
    0.00      0.00
    0.00      0.00
    0.00      0.00
    0.00      0.00
    0.00      0.00
    0.00      0.00
    0.00      0.00
    0.00     14.36
   15.08     15.08
    0.00      0.00
   14.42      0.72
    0.00     14.36
   58.29     59.14
   14.37     29.52
  159.66    208.12
   43.83     45.25
   80.73     16.60
   33.85     32.34
    0.00      0.00
   14.37      0.71
    2.87      0.00
    0.00      0.00
    0.00      0.00
    0.00      0.00
    0.00      0.00
    0.00      0.00
    0.00      0.00
    0.00      0.00
    0.00      0.00
    0.00      0.00
    0.00      0.00
    0.00      0.00
    0.00      0.00
    0.00      0.00
    0.00      0.00
    0.00      0.00
    0.00      0.00
    0.00      0.00
    0.00      0.00
    0.00      0.00
    0.00      0.00
    0.00      0.00
    0.00      0.00
    0.00      0.00
    0.00      0.00
    0.00      0.00
    0.00      0.00
    0.00      0.00
    0.00      0.00
    0.00      0.00
    0.00      0.00
    0.00      0.00
    0.00      0.00
    0.00      0.00
   86.60    115.50
   72.52    100.68
  186.61    295.11
  205.00    251.66
  280.52    268.82
  132.27     50.36
  225.74     97.21
   32.89     11.71
  114.25     97.60
   89.40     60.31
   56.18     58.54
   58.47     41.00
  105.04    153.87
  113.19    109.15
   36.88      2.88
   50.28     16.29
   31.09     31.77
    0.00      0.00
    0.72      0.00
   16.22      1.45
    0.00      0.00
    0.00      0.00
    0.00      0.00
    0.00      0.00
    0.00      0.00
    0.00      0.00
    0.00      0.00
    0.00      0.00
    0.00      0.00
    0.00      0.00
    0.00      0.00
    0.00      0.00
    0.00      0.00
    0.00      0.00
    0.00      0.00
    0.00      0.00
    0.00      0.00
    0.00      0.00
    0.00      0.00
    0.00      0.00
    0.00      0.00
    0.00      0.00
    0.00      0.00
    0.00      0.00
    0.00      0.00
    0.00      0.00
    0.00      0.00
    0.00      0.00
    0.00      0.00
    0.00      0.00
    0.00      0.00
    0.00      0.00
    0.00      0.00
    0.00     14.99
   15.00     15.06
   15.71     15.84
   15.08     58.28
   14.42      0.72
   58.95     31.69
   15.09     30.26
   15.80     15.70
   76.58     46.60
   15.81     30.79
   31.50     30.78
   75.69    108.75
  105.01    123.81
   35.01     32.86
   49.54      1.44
   35.11     16.49
   14.99     30.69
    0.00      0.00
    0.72      0.00
   16.42      0.71
    0.00      0.00
    0.00      0.00
    0.00      0.00
    0.00      0.00
    0.00      0.00
    0.00      0.00
    0.00      0.00
    0.00      0.00
    0.00      0.00
    0.00      0.00
    0.00      0.00
    0.00      0.00
    0.00      0.00
    0.00      0.00
    0.00      0.00
    0.41      0.00
    0.00      0.00
    0.00      0.00
    0.00      0.00
    0.00      0.00
    0.00      0.00
    0.00      0.00
    0.00      0.00
    0.00      0.00
    0.00      0.00
    0.00      0.00
    0.00      0.00
   92.39    121.19
  144.12    215.55
  180.42    238.00
  135.84    206.45
  285.14    138.89
  212.72    128.51
  139.11     57.85
  131.01    115.99
   19.61     32.18
   81.22     59.21
   52.55     24.99
   31.77     47.58
   56.02     32.77
   47.25     32.44
   17.68     15.51
   30.99     31.01
   75.53     95.17
   76.29    108.74
   49.54     62.70
   47.66      2.17
   33.94      0.72
   17.98     16.61
   15.09     30.88
    0.00      0.00
    0.72      0.00
   16.52      0.71
    0.00      0.00
    0.00      0.00
    0.00      0.00
    0.00      0.00
    0.00      0.00
    0.00      0.00
    0.00      0.00
    0.00      0.00
    0.00      0.00
    0.00      0.00
    0.00      0.00
    0.00      0.00
    0.00      0.00
    0.00      0.00
    0.00      0.00
    0.00      0.00
    0.00      0.00
    0.00      0.00
    0.00      0.00
    0.00      0.00
    0.00      0.00
    0.00      0.00
    0.00      0.00
    0.00      0.00
    0.00      0.00
    0.00      0.00
    0.00      0.00
    0.00      0.65
    0.00      0.00
   15.75     58.28
   29.47     28.87
   43.30      1.44
   29.47     30.33
   15.72     45.79
    0.00     43.73
   48.63     32.21
   30.17     16.43
   17.73     32.15
   46.54      5.79
    0.72      0.65
   16.43      0.71
   15.72     16.36
    3.92      4.85
    0.65      3.40
    7.51      6.35
    2.03      2.03
    2.88      0.72
    2.10      0.00
    0.00      0.72
    0.65      1.30
    0.00      0.72
    0.00      0.00
    1.37      0.72
    0.72      0.00
    0.00      0.00
    0.00      0.00
    0.00      0.00
    0.00      0.00
    0.00      0.00
    0.00      0.00
    0.00      0.00
    0.00      0.00
    0.82      0.00
    0.00      0.00
    0.00      0.00
    0.00      0.00
    0.00      0.00
    0.00      0.00
    0.00      0.00
    0.00      0.00
    0.00      0.00
    0.00      0.00
    0.00      0.00
    0.00      0.00
  144.93    201.62
  169.73    198.77
  343.17    472.26
  130.95    115.91
  346.89    165.34
  310.19    155.76
   82.76     49.95
   32.04     67.69
   46.62     30.44
   60.51      9.90
   44.78     44.91
    1.37     30.91
   17.27     31.32
   31.70     31.56
   14.79     31.27
   48.95     18.05
   15.83     17.28
   17.60      2.17
   16.53      4.06
    0.65      0.65
   17.85     22.62
    2.09      1.37
    6.94      3.47
    2.74      2.75
    2.09      1.44
    0.72      0.00
    0.72      0.00
    0.72      0.00
    0.00      0.65
    0.65      1.37
    0.00      0.00
    0.65      0.72
    1.44      0.00
    0.00      0.00
    0.00      0.00
    0.00      0.00
    0.00      0.00
    0.00      0.00
    0.00      0.00
    0.00      0.00
    0.00      0.00
    0.00      0.00
    0.00      0.00
    0.00      0.00
    0.00      0.00
    0.00      0.00
    0.00      0.00
    0.00      0.00
    0.00      0.00
    0.00      0.00
    0.00      0.00
    0.00      0.00
    0.00      0.65
    0.00      0.00
   14.99     15.05
   45.93     47.22
    0.71     44.58
   17.90     15.80
   43.17     59.51
   16.45     45.15
   47.28     17.23
   30.94      1.44
   16.37     17.16
   15.72     16.46
    2.09      1.37
    1.96     18.46
    2.82      1.37
   17.13     16.35
    0.65      1.37
    2.09      1.37
   18.97      4.27
    0.72      1.44
    3.98      4.84
    2.03      3.47
    2.03      2.68
    2.09      1.44
    3.40      2.09
    2.16      0.72
    0.00      0.00
    0.72      0.00
    0.00      0.00
    0.41      0.41
    0.65      2.03
    0.00      0.00
    0.00      0.00
    2.09      0.72
    0.00      0.00
    0.00      0.00
    0.41      0.00
    0.00      0.00
    0.00      0.00
    0.00      0.00
    0.00      0.00
    0.00      0.00
    0.00      0.00
    0.00      0.00
    0.00      0.00
    0.00      0.00
    0.00      0.00
   61.66     78.62
  165.45    214.47
   57.43    150.87
  311.15    422.11
  207.68    163.88
  224.90    102.26
  359.33    168.49
   68.65     61.71
   86.53     58.92
    5.22     16.38
   68.61     63.86
   45.90     61.30
   25.41     47.53
   61.44     17.27
   17.76      1.44
   15.83     16.56
   16.48     18.50
    4.19      1.44
    2.75     17.20
    1.37      0.00
   15.10      2.74
    2.17     17.72
    0.65      0.72
    3.47      3.98
   19.37      2.15
    3.54      0.65
    2.03      2.81
    1.31      2.68
    2.75      3.47
    0.00      0.00
    4.19      2.09
    0.72      0.00
    0.72      0.00
    0.00      0.00
    0.00      0.00
    0.00      0.00
    0.65      1.31
    0.00      0.72
    0.00      0.00
    1.37      0.72
    0.72      0.00
    0.00      0.00
    0.00      0.00
    0.00      0.00
    0.00      0.00
    0.00      0.00
    0.00      0.00
    0.00      0.00
    0.00      0.00
    0.00      0.00
    0.00      0.00
    0.00      0.00
    0.00      0.00
    0.00      0.65
    0.00      0.00
    0.65      0.72
   16.57     59.59
    1.37      1.31
   43.95     46.73
   89.07     50.25
    0.71      0.00
   33.79     31.54
   14.99     17.01
   17.25     15.65
   34.18     33.02
   16.44      1.44
    0.72      1.37
    3.40      3.40
    2.68      3.47
    2.82      2.09
    1.44      0.65
    1.37      0.72
    0.65      0.65
    3.33      3.47
    0.72      2.75
    3.26      3.54
    3.47      2.82
    1.37      0.72
    1.37      2.03
    0.72      0.00
    4.04      4.12
    0.65      2.09
    0.65      0.65
    3.54      1.44
    0.00      0.00
    0.72      0.00
    0.00      0.00
    0.00      0.00
    0.00      0.00
    0.00      1.31
    0.65      0.72
    0.00      0.00
    0.65      0.72
    1.44      0.00
    0.00      0.00
    0.00      0.00
    0.00      0.00
    0.00      0.00
    0.00      0.00
    0.00      0.00
   56.34     53.27
  110.05    206.03
   66.76    216.00
  163.16    236.16
  167.70    194.06
  203.80     80.68
  275.23     88.37
  169.84    147.42
  178.12    125.13
  125.30    136.24
  134.00     82.22
   87.71     90.03
   42.84      3.17
   39.96     33.05
   19.31     17.91
   17.27     16.48
   17.27     16.63
   30.26     18.58
    2.03      2.10
    4.26      1.96
    3.40      2.16
    1.37      2.10
    0.72      1.31
    0.72      1.96
    0.65      1.37
    2.75      2.61
    2.16      3.40
    2.16      0.65
    3.40      0.72
    2.82      2.16
    1.31      2.03
    0.72      0.72
    1.37      1.38
    2.68      4.12
    0.00      0.00
    2.10      0.65
    1.44      0.72
    0.00      0.00
    0.72      0.00
    0.00      0.00
    0.00      0.00
    0.00      0.00
    0.00      0.00
    0.65      2.03
    0.00      0.00
    0.00      0.00
    2.10      0.72
    0.00      0.00
    0.00      0.00
    0.00      0.00
    0.00      0.00
    0.00      0.65
    0.00      0.00
    0.00      0.00
    0.74      0.00
    0.65      0.72
    1.31     15.82
   15.82     30.11
    0.65      0.72
   43.96     89.73
   14.95      0.72
   76.20     47.56
   16.45     46.35
   16.38     17.14
   78.76     34.88
   30.05     17.74
    4.85      2.89
    2.80      0.65
    2.03      2.03
    3.33      4.26
    1.44      2.03
    1.37      1.37
    2.10      1.37
    2.03      1.44
    2.03      0.65
    1.31      1.44
    1.37      2.82
    2.61      2.10
    0.72      2.10
    0.65      2.03
    0.72      0.65
    2.75      2.09
    2.09      0.65
    0.00      0.72
    2.75      1.46
    1.31      1.37
    1.30      3.47
    0.00      0.00
    2.91      1.37
    0.72      0.00
    0.72      0.00
    0.00      0.00
    0.00      0.00
    0.00      0.00
    0.00      0.00
    0.00      0.00
    0.65      1.31
    0.00      0.72
    0.00      0.00
    1.37      0.72
   73.16    100.59
  156.86    233.56
  110.92    169.51
   81.21    105.91
  115.15     86.42
   82.63     54.23
  384.79    181.99
  126.53     82.82
   63.54     50.04
  110.57    107.12
   28.96     21.45
  155.00    115.64
   59.15     23.19
   44.86     35.66
   42.32     65.45
   17.54     17.91
   32.70     35.13
   79.91     21.54
    1.37      2.03
    2.83      3.33
    3.53      1.44
    2.10      1.37
    2.75      1.37
    0.00      1.37
    2.09      2.68
    1.37      2.03
    2.10      1.37
    0.72      2.61
    2.10      1.37
    2.16      0.00
    2.10      0.72
    1.37      2.03
    0.65      1.37
    0.00      0.00
    2.10      2.68
    0.72      0.00
    0.65      0.72
    2.82      0.72
    1.31      2.75
    0.65      1.37
    0.72      0.65
    1.37      0.72
    0.72      0.00
    0.72      0.00
    0.00      0.00
    0.00      0.00
    0.00      0.00
    0.00      0.00
    0.00      0.00
    0.00      1.31
    0.65      0.72
    0.00      0.00
    0.65      0.72
    1.44      0.00
    0.00      0.65
    0.65      0.72
   31.27     30.66
    1.44      2.03
   30.12     45.26
   15.68     15.06
   16.37     15.78
   15.79     45.80
   15.75     30.81
   45.21     32.25
   17.81     16.43
   32.89     18.47
   16.36     17.74
   33.46     21.94
   17.10      2.09
    4.78      4.78
    6.22      3.54
    2.03      2.75
    3.54      2.10
    1.37      0.00
    1.44      1.37
    1.31      0.72
    2.03      2.75
    1.96      1.44
    1.37      2.82
    3.33      2.16
    0.00      1.37
    1.37      1.37
    0.72      0.65
    1.37      0.00
    0.72      1.37
    0.65      0.72
    0.00      0.00
    2.03      2.75
    0.65      0.00
    0.72      0.72
    1.31      2.03
    1.37      1.44
    0.65      1.37
    2.10      0.65
    0.00      0.72
    0.72      0.00
    0.72      0.00
    0.00      0.00
    0.00      0.00
    0.00      0.00
  123.32    210.17
   13.94      0.72
   40.88    229.23
  189.70    239.49
   47.39     39.99
  271.29    166.28
   96.09     55.55
  268.39    199.25
   80.08     48.82
   42.82      3.47
  110.47    102.33
   24.70     18.96
  109.77     97.64
   73.27     72.18
   67.65     65.64
   71.87     54.56
   25.49     16.84
   48.56     21.37
    2.74     17.20
   19.64      5.26
   34.39     20.73
    2.82      2.68
    6.08      4.26
    1.37      1.37
    2.82      1.44
    0.72      1.31
    0.72      1.31
    2.10      2.03
    2.10      1.37
    0.00      3.26
    3.40      2.16
    2.89      0.65
    2.09      0.72
    0.65      1.37
    1.37      0.72
    0.00      0.65
    0.72      0.65
    0.00      0.65
    0.72      0.00
    1.37      0.65
    0.72      1.37
    1.37      0.72
    0.00      0.00
    1.31      2.75
    1.37      0.72
    1.37      2.03
    1.37      0.72
    0.00      0.00
    1.44      0.00
    0.00      0.00
    0.00      0.00
    0.00      0.00
    0.00      0.00
    0.00      0.65
    0.65      0.00
    0.65     15.10
   17.21     19.22
   16.61      2.09
   46.19     61.34
   46.60     30.94
   15.09     15.80
    2.82     15.75
    0.72      0.00
   32.18     33.54
    0.00     45.12
    1.37     15.75
   33.73      2.68
   60.35     35.06
    2.10      2.61
   19.11      6.15
    3.54      3.47
    4.12      2.82
    5.50      4.77
    2.10      2.09
    3.40      3.40
    2.75      2.16
    2.09      0.72
    2.10      1.37
    1.31      2.10
    2.68      2.16
    0.72      1.31
    1.96      2.75
    1.31      2.82
    2.82      0.65
    0.72      1.37
    1.44      0.00
    1.37      0.72
    0.00      0.00
    1.06      0.72
    0.65      0.72
    0.00      0.65
    0.00      0.65
    0.65      0.00
    2.09      1.44
    0.00      0.65
    0.65      2.03
    0.65      0.72
    1.37      0.72
    2.75      2.03
   15.60     27.22
  118.23    153.14
    1.42     26.18
  183.75    393.06
   87.23     87.51
  137.46    111.99
  225.30    167.13
   69.28     26.85
  203.72    142.52
   69.06     41.86
   85.07     56.41
   97.40     77.17
   88.63     55.62
   70.95     23.24
   35.62     38.78
   38.44     23.79
   24.32     20.69
   68.96     65.46
    1.37     45.11
   56.40     19.71
   63.80     34.53
    1.37      3.40
    4.04      5.49
   22.79      6.29
    2.16      1.31
    4.77      3.47
    0.72      2.03
    2.03      1.44
    2.09      2.68
    2.75      2.75
    1.44      1.96
    2.82      1.38
    1.37      2.02
    2.10      0.72
    2.03      2.75
    2.75      0.00
    0.65      2.82
    2.10      0.72
    0.00      0.65
    0.72      0.00
    0.00      0.65
    0.00      0.00
    1.44      0.00
    0.00      0.00
    0.00      1.31
    0.00      0.00
    1.31      1.44
    1.44      0.00
    0.00      1.31
    1.31      2.09
    0.00      0.00
    1.37      0.72
    2.75      2.75
    0.00      0.65
    0.00      0.00
    2.10      0.72
    2.05      0.74
    1.37      2.75
   15.81     30.19
   15.09     45.82
   32.80     45.86
   44.50      5.00
   18.00     15.72
   16.42     17.18
   15.65     30.80
   29.43     30.89
   15.89     17.67
   32.24     17.24
   18.53      2.83
    0.65      2.61
    0.72     47.02
   18.98     16.88
   17.90      2.75
   34.97      7.59
    5.49      4.12
    3.47      4.12
    3.54      2.03
    3.40      0.72
    2.82      2.16
    1.37      1.37
    1.31      2.03
    1.96      2.82
    2.68      3.54
    2.09      0.65
    2.10      2.03
    1.37      2.10
    1.37      2.02
    1.37      1.37
    1.37      0.72
    2.82      0.72
    0.00      0.00
    0.65      0.72
    0.65      0.72
    0.00      0.00
    0.00      0.00
    0.00      0.00
    0.00      0.65
    0.00      0.65
    0.65      0.00
    1.35      1.41
   47.51     79.52
   63.52     82.01
   20.43    130.84
   91.21    217.12
  161.73    160.81
   53.47    143.34
  240.21    136.06
   92.39     69.26
  164.00     67.20
   97.52     43.15
   34.06     54.74
  121.56    116.20
   80.46     46.67
  168.64    134.19
   74.48     56.88
   54.32     20.43
  112.25    115.02
   66.84     43.91
   27.85     17.27
   42.77      3.83
   35.07     18.07
    2.75      4.19
    2.68     47.43
    1.44      3.40
   17.69     19.19
   53.21      6.36
    4.12      2.03
    2.10      4.12
    4.12      2.82
    0.65      1.37
    3.54      1.37
    0.72      1.31
    1.37      1.96
    2.75      3.47
    2.03      2.03
    3.47      2.09
    0.72      0.72
    2.16      1.31
    2.61      2.83
    0.72      1.37
    1.37      0.72
    0.72      0.65
    0.72      0.65
    0.00      0.00
    1.44      0.00
    0.00      0.00
    0.00      0.00
    0.00      0.00
    0.00      0.00
    0.00      1.31
    0.00      0.00
    1.37      1.37
    1.37      0.72
    0.65      1.31
    0.72      1.37
    0.65      1.37
    2.77      0.72
    2.16      2.03
   17.74     18.54
   15.09     43.83
    0.65      0.72
   32.42     17.86
   15.10     47.14
    1.37     15.09
   49.34     34.99
   60.95     48.05
    2.74      2.19
   32.31     18.47
   17.16     30.01
    2.75     17.89
   17.17     19.01
   30.13      2.74
   20.42      5.57
    3.40      2.10
    4.84      2.68
    2.09      6.80
   19.94     17.97
    4.26      1.31
    1.37      4.71
    3.54      0.72
    4.05      3.54
    2.82      0.72
    0.65      1.37
    2.68      2.82
    1.31      1.44
    2.75      3.33
    0.41      1.13
    2.61      3.54
    3.29      1.96
    0.65      1.37
    2.09      0.72
    2.82      1.37
    0.65      0.72
    0.00      0.00
    2.03      1.44
    0.00      0.00
    0.00      0.00
    0.00      0.00
    0.00      0.00
    0.00      0.00
  144.84    152.97
   14.43     74.04
   43.32    209.88
  111.69    199.45
  100.58    114.00
  113.85     51.21
  131.26    108.97
   86.33     70.05
  157.71     71.99
   93.04     98.09
  176.43    102.98
  249.32    220.91
   59.28     13.21
   61.59      8.89
   30.95     65.79
   16.53     15.50
    2.81     16.48
   92.03     62.81
    1.36     16.49
   16.56      3.47
   32.74     17.24
    1.44     30.56
   18.50     19.05
    0.65      2.68
   49.77      8.39
    2.68      1.37
    3.40      4.84
    7.59      4.32
    4.06      2.82
    0.65      3.40
    2.68      2.75
    1.37      2.03
    2.09      2.75
    2.16      1.31
    1.37      2.03
    4.19      2.10
    1.44      0.65
    2.03      1.37
    0.65      2.75
    1.44      1.31
    4.05      2.88
    0.65      2.03
    2.09      0.00
    1.44      0.72
    0.65      2.68
    0.00      0.00
    1.44      0.00
    0.72      0.00
    0.00      0.00
    0.00      0.00
    0.00      0.00
    0.00      0.00
    0.00      0.65
    0.00      1.30
    0.00      0.00
    2.05      2.09
    2.75     17.12
    2.50      1.06
    2.10      2.75
   16.63     30.14
    0.65     15.09
   44.71     32.12
   32.15     30.69
   30.08     46.48
    0.65     17.04
   32.87     17.19
   45.90     19.98
   17.96     32.08
    2.16      1.31
   32.09     18.55
   17.01     17.73
    2.81      2.09
   19.34      4.79
    1.44      0.65
    4.12     34.02
    0.72      2.68
   22.04      3.46
   17.73      8.90
    4.19      4.05
    2.88      0.65
    5.63      2.75
    1.37      1.37
    2.03      2.10
    4.12      1.37
    1.31      3.47
    2.75      2.82
    2.75      1.44
    0.65      2.03
    1.37      0.72
    2.03      1.44
    1.37      2.61
    0.00      1.37
    1.37      1.37
    4.84      2.82
    0.00      0.00
    1.37      0.72
    2.68      2.09
    0.00      0.72
    0.72      0.00
    0.00      0.00
   88.33    101.98
   45.69    103.82
   17.07    103.90
   79.08    252.86
  137.02    142.70
   91.28    107.73
  137.38    125.13
  113.50     13.70
   52.02     28.62
  118.47    102.25
   73.04     64.95
  172.36    132.18
  186.94    158.37
  110.60     64.02
   42.70      3.89
   79.48     97.14
   28.80      8.50
   48.19     34.14
   27.25     17.25
   18.25     18.62
   17.63     19.23
   19.97      2.82
   16.56     31.73
   18.49      3.54
    3.39      3.47
   18.65      3.48
    2.68     34.40
    5.43      4.84
    0.00      1.37
   21.96      4.33
    5.43      4.84
    0.65      2.16
    1.38      2.61
    2.68      3.54
    1.44      1.96
    1.44      1.31
    3.40      3.47
    4.26      1.37
    1.44      1.31
    1.37      1.37
    2.03      1.44
    1.44      0.65
    1.31      2.10
    1.31      2.75
    0.72      0.00
    2.75      1.31
    0.72      2.75
    0.65      0.72
    2.82      0.72
    0.72      0.00
    0.00      0.00
    0.00      0.00
    0.00      0.00
    0.00      0.65
    0.65      0.00
    0.65      2.11
    2.77      2.75
    0.72      0.65
    2.82      2.68
   15.02     28.78
    1.37      1.44
   44.57     49.86
    2.81     15.71
   17.83     74.69
   46.71     32.10
   75.15     48.71
   32.23      3.61
   21.20      4.86
   14.38     31.48
    2.10      2.03
    2.75     17.68
    3.54     19.07
   33.45      2.87
   18.61      5.36
    3.46      2.75
    2.82      3.40
    3.47      2.03
    4.77      6.87
    4.19      0.00
    4.05      8.11
    2.16      3.40
    2.89      0.65
    4.26      2.03
    2.16      0.65
    1.96      2.03
    2.75      2.16
    3.99      4.19
    1.44      2.75
    3.40      2.16
    1.31      2.10
    1.44      1.31
    2.03      1.44
    1.37      1.31
    0.72      1.37
    1.37      0.72
    2.03      2.10
    0.72      0.65
    0.00      0.00
    2.66      2.66
   76.10    109.34
   92.33    103.53
   28.93    170.14
   46.28     95.29
  108.27    152.11
   92.08    102.84
   99.19     60.90
   17.28     41.74
  127.47     59.44
   65.42     33.17
   64.93     45.73
  117.94     63.46
   84.20     76.14
  169.45     69.25
   38.10     81.21
   82.90     43.23
   68.63     68.64
   93.41     35.02
   41.03     36.58
   45.81      2.88
    4.91      1.44
   15.47     15.52
    1.96     19.90
    1.37      2.75
    5.43     19.38
   33.08     17.95
    4.12      4.18
   19.30      5.50
    2.74      2.03
    5.50      4.13
    2.68      5.57
    3.47      1.44
    7.46      5.05
    3.99      2.82
    0.00      1.44
    1.38      2.03
    0.65      2.03
    0.65      3.99
    2.75      2.75
    4.26      2.03
    0.72      0.65
    4.85      2.75
    1.37      2.10
    2.10      1.37
    1.44      0.00
    1.31      2.75
    2.03      1.44
    0.00      0.00
    2.10      0.65
    0.00      2.03
    0.00      0.65
    2.09      1.37
    2.03      2.75
    1.44      0.00
    0.00      0.00
    2.11      0.72
    0.65      0.00
    2.85      3.39
    0.72      1.31
    1.37      1.37
   14.37     14.43
    1.37     43.82
   15.09     17.78
   30.94     46.95
   45.86     17.83
   47.29     17.95
   15.71     16.37
   17.16     63.54
   16.95     15.64
   50.65     21.99
   32.80     33.50
   17.14      1.37
    3.62      2.03
   15.72     16.36
    3.47      4.05
    2.68      3.40
    4.26      3.98
    4.12      4.19
    2.10      2.61
    6.15      6.94
    3.47      2.68
    5.63      3.47
    4.12      6.73
    2.03      4.70
    5.70      0.72
    3.54      1.37
    2.16      0.65
    0.72      0.00
    1.71      2.75
    4.64      4.98
    1.44      0.00
    2.68      4.12
    0.65      1.37
    0.65      2.03
    4.77      2.88
    2.16      1.31
    0.00      1.31
    1.37      0.72
    2.03      1.44
    1.44      0.00
   76.97    130.70
   79.39    135.29
   48.43    178.28
   80.33    181.96
   76.76     38.22
  135.54    100.98
   80.56     33.49
   97.83     33.12
   50.80     12.53
   92.49     68.05
    9.71      4.98
  205.92    152.76
   83.14     87.23
  124.64    117.40
  146.44    132.46
   90.52     44.35
  108.66     52.04
  101.52     61.73
   52.99     71.94
   30.31     46.58
   37.84      5.62
   19.28     16.58
   17.99     17.97
   33.03     17.26
    2.75      2.16
    2.68      3.33
   19.09     19.44
    2.10      3.47
    4.12      2.10
    2.75      5.43
    4.85      2.82
    2.61      6.81
    5.50      4.26
    3.40      2.75
    7.46      5.70
    2.68      2.10
    2.75      2.88
    2.03      2.10
    1.37      2.03
    0.65      2.61
    2.03      2.68
    3.61      2.10
    1.44      0.00
    1.44      0.00
    2.03      3.33
    1.31      2.75
    2.75      1.44
    2.75      2.75
    2.10      2.10
    0.00      0.00
    1.44      0.00
    0.72      1.31
    0.00      1.31
    1.37      1.31
    1.39      0.72
    1.44      1.37
    2.75      2.75
    2.16      1.31
    3.47      2.75
    0.65      0.72
    0.72     15.02
    1.37      2.03
   44.51     32.32
   15.09     28.79
   17.23     47.83
   62.31     76.42
   31.49     18.54
   30.85     17.75
   31.60     16.46
    4.17      2.03
   34.38     36.95
    0.65     17.74
   20.74      2.81
   18.05      3.33
    2.10      2.03
    2.75      2.75
    3.47      4.71
    3.47      2.03
    6.14      4.12
    2.81      3.47
    2.68      4.84
    2.82      1.31
    2.75      5.43
    4.78      4.13
    3.47      7.38
    4.84      4.77
    4.98      1.37
    3.54      2.03
    3.95      1.37
    1.44      0.65
    1.31      2.09
    5.43      3.60
    1.96      2.09
    2.03      2.82
    0.72      0.00
    0.41      1.06
    2.03      2.10
    0.72      1.96
    1.94      3.38
   58.15     53.46
  129.28    185.66
   44.51    127.47
   38.21    180.69
   55.10     73.87
   20.72     27.27
   89.63     56.03
   76.24    226.31
  118.48     70.41
  121.33     45.89
   92.53     50.79
  105.46     76.84
   78.14     91.93
   57.96     96.16
  101.23     81.39
   89.34     46.51
   70.08     93.94
   58.58     46.18
   99.04     77.95
   44.49     46.54
   47.04     37.65
   46.23     34.53
   15.89      4.57
   19.80     18.65
    3.39     18.50
    2.68      2.88
    4.12      4.19
    1.44      1.31
    2.68      2.75
    3.99      6.94
    3.40      2.75
    4.19      4.12
    4.91      2.09
    4.05      2.03
    2.75      5.50
    0.65      1.44
    3.40      4.71
    8.04      6.49
    1.31      1.37
    4.77      4.91
    2.82      1.44
    1.31      1.96
    2.10      4.77
    0.65      2.68
    4.33      1.31
    2.03      1.44
    4.91      1.46
    0.00      1.30
    0.65      0.72
    2.09      0.72
    0.00      1.96
    1.96      4.77
    2.03      1.44
    2.17      0.00
    1.46      0.65
    2.03      2.10
    0.72      0.65
    2.09     17.05
    1.44      0.65
    3.47      2.75
   29.46     15.87
    1.31      1.47
    2.09      2.68
   15.80     29.44
   15.67     30.17
    2.80     31.50
   47.29     33.28
   46.67     18.53
   29.98     33.36
   17.25     17.13
   19.33     16.41
    4.19      3.47
   45.19     33.46
   18.46     35.57
    4.19      3.33
    3.57      2.11
   19.26      4.71
    3.81      3.95
    2.89      1.96
    0.72      2.61
    4.19      2.03
    4.71      4.19
    6.08      6.29
    2.82      4.78
    2.75      2.68
    2.82      1.37
    4.71      4.85
    2.89      6.02
    0.72      0.65
    6.36      3.27
    2.75      4.19
    2.82      2.03
    2.89      1.31
    4.71      2.10
    3.33      5.05
    3.47      1.37
    1.31      3.40
    0.00      0.72
    3.47      1.37
    2.01      2.80
   90.21    125.96
   63.98    147.62
   20.69    156.27
   91.83    154.08
   55.93     61.93
   80.99     91.98
   72.23     87.69
  119.52      3.61
   88.17     47.82
  122.00     35.03
    2.89     45.30
    6.56      1.26
  173.61    131.03
   47.43     36.89
  136.43    126.19
   83.55     95.37
   53.80     73.59
   97.36     78.41
  110.32     67.74
   80.18     69.44
  107.50     83.55
   37.61     25.91
   50.98     19.70
   26.12      3.90
   16.48     19.31
   32.63     33.74
    4.71      4.19
    4.29      3.49
   18.67      2.82
    4.06      3.54
    2.68      4.13
    1.31      3.40
    1.37      4.64
    5.57      2.16
    5.57      3.47
    3.49      3.40
    3.99      4.85
    1.38      1.44
    6.22      1.44
    3.92      7.08
    0.65      0.72
    2.61      2.75
    1.37      3.47
    3.47      4.71
    0.65      1.38
    2.10      3.99
    6.29      1.44
    2.82      0.72
    1.37      4.06
    0.72      0.65
    2.03      1.44
    4.19      1.44
    0.65      0.00
    0.65      2.75
    0.65      1.31
    2.68      3.49
    2.03      3.49
    4.28      2.03
    3.54      2.70
    0.72     14.38
    0.65      0.72
   15.88      1.37
    0.65     15.73
    0.72      0.65
   45.99     49.75
   32.08     17.22
   34.94     63.82
   16.45     32.09
   17.95      2.68
   46.78     49.44
    4.19     17.69
   18.60     16.52
   34.73     34.49
    2.82      4.84
   18.97      2.15
   19.12     18.39
    2.03      2.61
   16.42      4.77
    6.22      4.84
    3.55      4.07
    2.16      1.96
    4.26      2.03
    4.77      2.75
    4.70      4.98
    2.03      4.77
    3.40      2.10
    2.10      5.36
    2.77      2.11
    6.15      7.52
    2.88      2.61
    0.72      0.65
    5.77      1.96
    2.03      2.10
    0.72      1.96
    3.54      1.37
    3.26      3.56
    4.12      3.54
    2.03      2.75
    1.36      0.64
   18.30     30.71
   95.77    160.38
   32.08     55.77
   19.02    200.37
   31.56     55.18
   35.14    106.03
  109.25     95.82
   71.08     81.18
  100.34     32.98
  107.93     84.26
   99.58     53.79
  118.43     79.10
   99.54     77.36
   85.58     30.58
   24.75     18.63
   69.51     59.96
   17.86     17.19
   79.96     89.86
  104.75     55.73
   98.01    134.45
   89.10     17.89
   88.20     66.24
   82.20     55.19
   14.30     35.83
    4.94      4.26
   33.72     17.74
   29.89     19.79
   17.82     23.22
   20.57     17.27
   55.05     59.78
   16.49      2.10
   22.24      4.25
    3.42      5.65
    2.03      3.33
    3.62      5.44
    1.96      2.75
    6.35      2.82
    2.82      1.38
    2.09      1.96
    3.99      6.87
    2.03      2.16
    8.92      2.18
    3.33      6.43
    0.65      0.65
    1.31      0.72
    2.03      2.89
    0.72      3.92
    1.96      2.75
    2.10      2.03
    4.98      2.77
    2.09      1.37
    0.00      1.31
    2.05      1.31
    4.05      4.91
    2.92      1.37
    0.65      0.00
    3.49      3.40
    2.10      3.40
    2.03      2.03
    3.61      1.39
    0.00      1.31
    2.03      2.03
    3.47     16.50
   15.03     17.89
   30.92     45.31
   31.22     17.03
   33.06     31.49
   16.56      3.41
    2.18      1.31
   15.72     16.45
    2.03     18.42
   17.02     21.07
    3.47     32.88
   36.38     18.84
   64.48     33.81
    2.09     19.05
    4.85      3.47
    2.17     16.50
   18.71     19.73
   19.23      4.85
   17.97      2.75
    5.63     20.45
    1.37      2.61
    3.60      2.68
   20.73      4.21
    4.79      1.31
    6.73      8.45
    2.03      2.10
    3.54      2.82
    0.72      3.26
    0.65      2.03
    5.29      9.62
    3.60      2.61
    2.89      0.65
    5.72      2.05
    2.10      2.03
    1.37      0.72
    2.16      1.31
    1.99      1.41
    2.61      4.19
  136.48    183.12
   15.66     47.52
   18.54    234.94
   26.00     53.65
   27.87     62.11
   63.94     69.69
   85.75    163.52
   70.19     82.30
   51.93     40.96
   92.06     39.78
  124.48     81.12
   60.50     25.99
   88.20     74.67
  121.79     78.50
   52.16     46.68
   92.68    110.51
  101.21     85.41
  108.99     63.11
   38.52     40.22
   58.05     44.45
    0.72      0.65
   97.58     69.74
   44.74     31.17
   63.56     56.57
   15.02     37.05
   60.80     34.60
   17.66      4.19
   19.77     20.01
    1.71      2.50
    3.48      1.38
    4.71     19.95
    4.05      4.98
    2.81      0.00
   32.44     42.33
    1.31      2.75
   27.17     32.19
   46.27     19.12
    4.77      5.56
   17.34      2.84
    4.40      2.09
    2.10      2.61
    4.06      4.19
    1.96      2.82
    8.17      4.32
    3.40      4.91
    0.65      0.72
    3.35      2.84
    1.37      2.75
    0.00      1.96
    2.03      2.75
    1.44      0.00
    2.88      1.31
    2.03      3.40
    1.44      0.65
    0.00      1.31
    5.45      4.95
    2.75      2.77
    2.91      1.96
    4.86      5.42
    0.72      0.65
    3.42      2.83
    2.03     17.13
    2.16      0.00
   16.41     17.28
   18.41      4.27
   15.00     17.10
   19.45     32.89
    2.82     32.03
   76.69     48.84
   16.89     18.26
   18.80     15.04
   17.17      3.55
    0.00      2.61
    3.47     18.43
    6.87      4.71
    4.26     21.79
   16.79     20.49
   34.80     47.73
   35.97      1.37
    2.82      2.75
   18.52      6.16
    2.10      2.68
    6.22      4.12
    2.16      5.29
    1.37      1.37
    5.70      2.03
    3.40     19.12
    4.05      3.40
   20.75      7.02
    6.30      3.61
    2.10     16.50
   15.10      4.06
    2.03      2.68
    5.50      7.52
    4.22      3.33
    1.38      1.38
    7.87      2.61
    0.00      1.37
    2.16      0.00
   18.87      3.47
  106.12    204.29
   34.96     80.33
   42.68    177.45
   38.47     54.18
   15.52      2.14
   96.45    108.07
   45.56    103.92
  115.02     77.20
   49.96     52.81
   76.62     39.00
   59.73     34.27
   99.44     58.28
   71.51     54.13
   88.46     81.83
   52.07     57.27
   78.95     38.71
   79.57     57.44
   55.84     14.44
   32.81     52.69
   11.56     18.99
  191.14    137.01
   74.69     60.38
   56.39     44.83
   81.53     39.75
   51.83     21.53
   34.47     41.55
   41.53     18.51
   26.10     38.98
   18.39     35.93
   29.46     35.48
    2.12      2.10
   19.31      4.19
   21.34      4.91
    2.75      2.16
    5.36      3.54
    1.31      3.54
    3.34      4.13
    0.72      2.68
    2.75     21.78
    4.78      4.13
   19.37      2.17
    5.66      3.49
    2.75      3.33
   16.90     18.35
    3.99      3.62
    6.87      2.82
    4.64      7.08
    1.96      1.44
    2.10      2.10
    2.03      2.03
    0.00      1.38
    1.31      3.99
    2.84      2.11
    0.72      0.65
    4.91      1.37
    2.12      3.40
    2.03      2.68
    4.12      4.19
    4.33      1.31
    1.37      1.39
    1.31      3.40
    2.77      3.42
    1.37      1.37
    2.03     16.48
    3.49     15.84
   30.94     15.89
    4.06     21.17
   17.98     17.13
   16.29     32.66
   34.49      6.15
    5.00     31.25
   17.33      1.37
   32.88     19.40
    1.37     34.08
   33.97     49.00
   34.91      7.01
   18.04     16.10
    3.55      3.40
   31.67     33.90
    4.83      4.70
   20.17      4.14
    4.77      6.23
   19.43     19.83
    4.91      2.75
    4.92      4.71
    2.16      1.96
    4.91      2.68
    3.88      0.72
    3.54      3.40
    1.96      3.47
    4.06      4.12
    4.13      4.85
    3.40      3.47
    3.49      4.14
    3.47      3.40
   18.33     21.07
    3.54      4.76
    2.16      1.31
    6.29      2.65
   63.23     52.15
   49.00    129.88
    1.96     54.32
   48.84    184.72
   25.64     54.85
    1.37     55.83
   29.50     89.65
    2.00    105.63
  100.58     52.21
   80.60    129.73
   50.02     37.58
   71.63     35.36
   89.07     68.10
   39.85     29.26
   98.64     69.19
   71.86     39.80
  100.10     96.29
   96.02     74.19
   97.52    103.21
   65.90     25.73
  151.43    118.31
   39.50     51.71
  102.69     64.89
   44.64     40.41
   16.89      3.47
   46.45     42.79
   85.67     60.20
   19.28     33.24
   34.19     17.29
   18.28     18.56
    4.05      3.56
   18.48     33.56
   19.79      3.52
    5.50      5.52
    6.74      7.03
    5.60      3.54
    3.40      2.17
    3.33      4.26
    1.96      2.75
    2.68      4.19
    1.44      1.96
    4.06      4.78
    2.10      3.40
    3.40      2.75
    2.16      2.68
    4.12      4.12
    5.91      3.49
    3.40      3.47
   20.53     18.78
    7.33      5.04
    1.38      1.44
    2.03      3.47
    0.65      2.03
    2.75      2.68
    0.72      3.99
    2.03      1.44
    2.12      2.03
    6.43      2.68
    2.10      2.70
    2.84      1.96
    1.96      4.19
    2.17      0.65
    4.19      2.10
    2.68      2.03
    1.31      3.56
    2.77     17.13
    0.00      0.65
   18.00     18.34
    3.47     17.24
   31.52     18.26
   32.61     36.28
    5.62     17.21
   59.09     63.47
    2.09     15.75
    5.61     17.85
   35.46     19.64
   33.02      8.18
   19.01     18.29
   23.25     19.72
   16.54     17.67
    1.39     19.22
   18.59      3.40
    4.93     18.50
   17.95     18.43
   20.60      7.52
    6.22      6.17
    4.92      5.36
    4.93      3.49
    5.41      1.96
    4.33      2.03
    2.75      1.44
    4.12      4.71
    1.31      2.09
    4.19      2.10
    3.40      2.17
    1.96      4.06
    1.37      4.78
    2.75      2.68
    6.24      7.54
   17.58     31.58
   89.67    127.52
   51.37     83.62
   61.39    179.71
   18.86     67.92
    1.31     40.45
   28.93     79.29
    4.63    105.82
   23.20     58.07
   73.07     68.07
   21.78     91.16
   92.48     78.19
  101.87     41.97
  116.68     62.36
   91.99     26.15
   72.13     33.25
   53.38     35.32
   84.77     56.99
   44.80     42.57
   61.08     46.63
   43.75     28.75
   49.35     26.42
   84.19     42.10
  102.89     98.13
   59.83     45.46
   64.77     47.93
   94.68     91.69
   40.65     38.55
   93.75     58.53
   67.95     28.41
   24.75     33.76
   71.95     67.85
    8.25      3.63
   29.58      6.02
    2.03      2.10
    2.68      4.05
    3.92      8.38
    5.36      3.54
    6.22      5.56
    7.32      6.37
    2.11      4.21
    5.48      2.82
    2.82      2.10
    2.68      2.68
    2.75      5.50
    0.65      2.03
    2.82      1.37
    3.47      1.37
    2.10      2.68
    2.68      4.78
    3.40      3.54
    6.89      3.62
    3.98      4.26
    3.99      4.78
    2.03      2.88
    2.75      2.03
    2.77      3.47
    2.82      5.22
    2.75      2.82
    3.61      0.65
    3.61      0.65
    0.41     16.10
    2.03      3.99
    1.31      2.82
   17.90      1.43
    4.07      2.84
    2.03      2.82
    3.47      2.68
    2.75     19.18
   17.27     16.38
    2.82     17.04
   32.21     17.19
    4.98     49.63
   48.10      3.54
   16.46     33.53
   32.17     20.69
    6.35     15.74
    4.15      4.85
   18.63     19.72
   61.17     65.19
    6.35      1.37
   19.20      7.47
   19.01     34.31
    6.23      6.88
   34.95     17.92
    6.48      2.68
    2.82      3.27
    4.12      4.05
    4.91      6.74
    4.19      5.43
    4.91      3.39
    6.22      6.85
    5.59      2.82
    4.28      2.68
    3.47      2.75
    2.09      0.65
    3.40      2.82
    3.33      4.19
    0.72      1.37
    2.75      1.37
   42.98     48.97
   60.59    132.88
   32.79     81.36
   43.28    211.30
   10.41     27.22
   48.11    108.52
   29.49     28.63
   69.35    139.95
   63.38      4.18
   65.29     85.18
   44.66     53.09
   76.79     36.90
   68.38     62.52
   13.44      3.99
   62.66     25.90
   49.68     26.17
   76.49     60.11
   59.30     51.93
   29.27     48.86
   74.45     53.90
   79.43     47.95
   54.61     71.93
   49.36     66.59
   81.35     53.10
   84.35     24.96
   30.27     20.77
   16.84     21.02
   33.98     26.15
   11.06     33.45
   32.50     33.02
   56.65     75.07
   61.19     20.72
   65.57     39.40
   45.67     33.88
   53.25     55.76
   30.59     11.36
   21.25      4.18
    4.92      5.57
    3.27      2.82
    3.47      3.54
    6.08      7.00
    2.61      3.34
    5.50      4.98
    4.71      6.26
    2.77      2.82
    5.59      2.75
    1.38      3.40
    1.37      1.96
    2.75      2.82
    4.26      2.03
    0.65      1.37
    1.38      0.72
    2.75      3.40
    3.99      4.12
    3.99      6.36
    8.72      6.40
    2.18      4.12
    5.57      2.68
    2.10      5.43
    2.82      3.99
    2.82      1.38
    1.44      0.65
    4.91      2.10
    2.06      1.31
    2.61      2.82
    0.72     16.47
   17.26     17.03
   17.82     17.54
    3.47      2.75
   16.53     17.81
    4.15      4.17
    3.53     48.53
   49.17      4.97
    4.98     31.17
    2.10     17.08
   47.59      5.53
    3.40      4.14
   33.27     36.17
    4.95     17.67
   18.41      8.12
    6.22      4.93
    6.48     30.46
    1.37      2.03
    2.11     18.98
   48.41      8.25
    5.52     19.83
   34.27     50.45
   22.73      7.61
   25.02      6.88
    2.82      2.68
    4.19      5.43
    4.99      1.96
    5.50      4.78
    1.37      3.47
    4.26      2.68
    6.08      6.17
    2.18      2.77
    2.75      1.44
    6.24      2.75
   56.62     95.84
   76.83    128.17
    2.75    105.09
   18.06    158.95
    0.72      2.61
    2.09     30.35
   44.62    118.39
   20.62    131.22
   85.86     95.65
   12.12     29.47
   97.21     77.34
   99.23    101.26
   82.97     50.29
  140.63    104.54
   42.29     42.36
   40.21     31.87
   41.21     38.46
   90.50     81.04
   69.20     39.87
   82.96     54.95
   22.42     32.23
   55.00     42.78
   21.46      6.22
   24.84     81.54
   93.94     29.79
   45.65     56.30
   49.69     85.89
  103.46     38.94
  108.88     36.07
   27.09     39.63
   67.23     49.76
  128.14     87.59
   39.82     12.16
   25.70      5.42
    5.55     32.87
    3.99      4.21
    2.11     18.49
   52.81      7.17
   20.52     36.75
    6.00      8.38
   20.28      6.27
    8.88      5.00
    4.01      4.92
    3.47      4.12
    4.78      2.75
    4.78      6.32
    2.75      1.44
    2.03      2.03
    3.99      6.24
    1.39      4.73
    2.75      1.38
    4.21      2.10
    4.92      4.06
    0.00      1.37
    3.40      2.82
    3.49      0.65
    4.06      4.26
    3.40      5.52
    4.71      6.22
    4.84      4.77
    3.33      2.84
    3.49      4.77
    2.16      2.61
    4.92      3.41
    1.31      1.44
    4.19      2.10
    2.75      2.68
    2.03      2.75
    4.05     35.05
    3.61     15.03
   16.50      1.37
   16.41     30.92
   18.49      6.21
   16.62     17.07
    0.72     15.65
   20.74     21.20
   17.87      2.77
   21.24     20.81
   18.35     63.49
   48.67      4.24
   22.39     21.83
    2.10      6.14
   47.63     32.31
    6.46      2.75
   20.99     22.02
    2.82      3.40
    4.87      4.05
    4.84     21.14
    5.86      6.92
   22.32      5.47
   21.49     21.33
    5.63     21.67
    4.71      6.11
   24.26      5.00
    6.22      5.43
    4.14      4.87
    2.82      2.68
    3.40      2.75
    3.99      1.87
   32.58     27.16
   66.98    134.20
   61.75    131.24
   38.26    167.23
   26.09     55.80
   37.72     59.47
    2.75     54.93
   35.47    129.76
   23.52     31.75
   55.86     52.17
   79.81     93.53
   31.73     43.41
   35.16     20.46
   60.68     19.94
   37.22     78.42
   36.81     30.95
   65.46     44.27
  136.00     43.21
   24.43     10.32
   62.78     53.61
   80.31     61.54
   61.22     76.38
  122.98     92.46
   67.19     59.52
   81.77     73.54
  126.23     75.49
  120.84     91.72
   26.91     53.67
   94.94     33.17
   56.85     25.47
   33.93     36.33
   18.49     33.20
   40.65     19.64
    7.14      5.46
   19.80      7.75
   30.10     17.60
    4.79      3.40
   19.66     18.13
    4.84      4.28
    3.99      4.14
    6.66      8.35
    6.11      7.03
    4.93      3.54
    6.03      5.43
    5.36     22.13
    3.99      6.95
   25.01      4.93
    1.38      2.10
    6.02      5.64
    2.77      3.56
    2.68      2.82
    0.72      1.96
    0.72      3.27
    4.78      2.84
    2.68      3.47
    4.95      3.49
    2.75      3.33
    4.86      4.19
    4.84      2.75
    6.08      6.30
    1.38      2.10
    4.05      3.47
    2.10      2.03
    1.96      4.12
    2.82      2.75
    1.96      3.40
    5.59      4.80
    2.03      2.82
    2.82      0.00
    6.87      8.87
    2.75      2.82
    2.89     15.04
    2.82     16.34
   18.55     17.83
    2.03      3.54
   32.85     20.38
   15.75     31.55
   17.85     17.79
   19.71     18.91
   48.82     35.68
   22.67     21.05
   16.84     17.64
   37.55     36.40
   19.31     37.78
   18.67     19.94
   20.63     15.11
   20.70      5.50
   34.03     21.41
    4.29      4.06
   17.95     19.77
    4.21      5.95
    6.22      6.10
    8.43      6.31
    6.38      4.57
    4.60      5.93
    4.12      3.33
    9.06      8.90
    3.41      2.82
    5.49      6.14
    5.61      3.39
   62.04    100.83
   64.35    104.73
   19.82    162.79
   29.86    102.90
   25.04     71.66
  104.02    107.38
   11.47    104.43
    5.43     43.23
   51.61     58.57
    0.65      5.50
   72.38     34.18
   58.91     56.68
   56.91     81.06
   40.24     69.58
   40.10     38.30
    4.21      5.57
   57.17     39.73
   49.96      8.26
   62.66     65.86
   12.56      5.63
  118.42     87.15
   32.38      7.66
   40.82     85.82
   72.90     51.30
   18.91     32.66
   66.95     50.29
   86.87     41.13
   77.08     98.90
  140.92    110.06
   57.78     83.71
   94.64     39.00
   35.83     21.85
   67.16     44.67
   31.48     35.92
   12.41     23.26
    5.45      4.78
   18.63     18.92
    3.42      2.82
    4.13     16.63
   20.53      5.59
    3.33     20.67
    7.98      8.34
    6.81      6.40
    4.95      4.91
    6.15      3.47
    6.74      9.05
    2.03      2.84
    4.84      4.05
    4.73      4.85
    6.09      6.43
    3.47      1.44
    2.82      1.37
    0.65      4.64
    1.96      2.68
    5.59      4.93
    4.78      4.87
    2.84      3.27
    4.92      4.14
    4.97      2.75
    4.15      2.61
    3.99      5.00
    3.44      4.20
    4.85      3.47
    2.03      2.82
    1.96      2.82
    3.40      3.40
    2.09      2.75
    2.88      2.61
    1.31      2.03
    2.75      4.14
    8.43      8.83
   17.06     18.65
    3.51      1.44
   20.04     19.90
    2.90      1.31
    2.03     31.45
   34.85     35.06
   18.68     19.80
   17.84      2.68
   20.67      6.80
    3.63      4.71
   19.37     17.78
   31.89     46.80
   49.55     65.74
   22.20     21.66
   21.50      7.55
   21.17     19.22
    4.13      4.21
   20.77     18.44
    2.10      4.06
    2.82      3.40
   19.26      8.70
    4.93      5.43
    9.04      6.33
    6.35      6.74
    5.57      6.74
    5.57      1.38
    9.10      5.57
    2.44      4.24
  105.60    103.77
   17.67    109.76
   20.50     81.58
   21.99    181.38
    4.12      1.37
    3.33     58.47
    3.82    148.88
   26.07     83.81
   63.92     89.28
   37.51     71.06
   82.06     68.94
   34.26     14.71
   93.74     98.64
    4.93      3.40
   61.62     44.02
   49.59     29.87
   82.98     38.59
  125.60     25.58
   53.40     45.27
   63.75     50.83
   64.77     10.90
   62.99     68.45
   70.53     38.74
   99.89     69.25
   85.48     73.07
  103.91     41.12
   85.28     84.90
  103.55     90.32
   30.74     32.63
   24.09     36.16
   36.14     26.19
  117.28     55.42
   38.23     39.72
   19.81      9.23
   77.97     40.10
   18.55     40.19
   61.92     38.30
    6.17     31.32
   40.05     31.64
   18.49      4.21
   17.96      4.19
    2.92     17.95
    3.48      4.87
    9.42      9.69
    4.70      6.41
    6.08      6.21
    6.19      4.92
    6.74      6.80
    6.22      5.64
    4.85      2.82
    2.89      2.10
    2.03      2.10
    3.27      5.61
    3.40      2.75
    2.68      6.80
    4.89      2.75
    3.47      4.06
    8.26      7.53
    2.89      4.06
    4.26      2.03
    2.82      0.72
    1.46      1.31
    4.71      4.17
    3.92      6.30
    4.08      4.29
    4.88      3.54
    3.47      2.75
    2.05      3.40
    2.03      0.00
    2.10     19.16
    2.10      3.99
    6.27      4.14
   18.67      4.21
    2.75      3.44
    3.58      2.05
    1.44      0.65
    4.77     17.06
   16.31     22.05
    4.86     16.41
   34.26     35.76
   32.36     21.02
   20.67     36.22
    5.10      2.68
    5.07     30.82
   34.80     36.61
   47.17     36.36
    7.05     19.71
   38.75     20.68
   19.94     19.90
    4.13     17.93
   24.62      4.87
   15.82      6.24
    2.75      3.42
   17.17     22.50
    5.59      4.64
    6.93      6.15
    9.15      6.98
    4.79      6.56
    8.25      6.22
   57.80     71.91
   23.30     57.78
    4.91     80.71
   81.43    186.02
    0.72      2.10
    3.63    131.46
   18.07    103.85
    5.36     31.85
    6.93      6.47
   25.91    161.76
   53.49     57.78
    5.69      4.28
   97.56     56.12
    8.42     23.82
   43.85     66.81
   69.58     52.42
   71.73     34.65
   27.59    108.93
   48.43     28.02
   77.41     73.14
   76.11     14.70
   52.39     40.41
  106.60     50.15
   29.82     78.32
   29.27      3.54
  101.18     59.66
   84.34     37.07
   43.44     67.26
    8.10      2.64
  128.94     70.65
   67.13     62.90
  129.46     95.29
   53.26     65.20
   34.05     46.72
   72.73     57.74
   52.00     49.58
   46.10     42.17
  109.91     32.92
   27.82     52.62
   39.38     21.61
   37.30     22.42
   18.09     21.68
    9.84      4.97
   34.20      5.65
    4.77      2.12
    4.57     23.93
   20.83      8.97
    5.43      5.69
    8.90      6.21
    5.61      4.98
    5.36      6.21
    4.78      6.15
    4.91      1.37
    3.54      4.16
    3.99      2.89
    3.40      2.10
    3.40      5.59
    2.77      4.64
    4.41      5.30
    5.36      5.52
    4.91      4.84
    4.23      4.71
    5.50      3.47
    5.02      1.44
    2.68      1.39
    2.03      4.85
    4.66      6.33
    3.33      2.86
    4.13      4.19
    4.16      2.77
    1.37      2.68
    5.04      2.75
    3.40      2.82
    1.31      2.68
    2.68      4.17
    2.75     32.91
    2.19      1.96
    2.68      4.12
   33.86      2.10
    2.14     17.09
    3.49      2.10
   17.20     20.49
    6.19     35.65
   33.54     20.16
   35.96     21.99
   31.68     19.24
    6.28     21.87
   23.86     38.73
   20.54     18.52
   25.07      6.22
    6.24      6.76
    4.35     15.12
    4.19     19.51
   20.89     36.30
   32.70     20.60
   34.52      6.08
    3.53      5.30
    6.83      6.24
   21.90     22.99
   58.80     48.67
   21.03     83.39
   21.96     83.61
   48.39    152.60
   21.91     55.11
   48.84    103.95
    2.82     84.15
    5.45     77.71
   26.63     57.95
   30.16     72.55
   45.82     88.28
   51.00     48.08
   40.83     41.46
   61.61     68.12
   41.67     46.98
   44.95     60.35
   97.13     31.58
   10.02     19.02
   13.92      3.40
   50.01     42.12
   23.64     16.17
    5.51     17.18
   60.11     26.72
  105.39     88.06
    6.89     30.06
   68.87     36.31
   58.46     28.31
   47.53     21.93
   47.92     73.84
   47.95     50.28
    2.86     16.63
  135.15     81.41
   46.12     70.79
   92.19     69.75
   27.41     57.75
   47.38     68.01
   45.25     25.73
  119.80     59.81
    6.17      6.43
   55.61     61.16
    8.42      8.49
   72.99     30.28
   15.25      6.07
    4.15      6.18
    2.84     31.13
   44.85     56.85
   35.35     19.79
   51.57     20.00
    8.90      5.63
    4.64      6.26
   20.61     22.23
    8.15      6.81
    4.94      5.05
    6.75      6.22
    4.91      3.56
    2.68      4.71
    4.41      2.77
    6.24      4.85
    5.54      5.54
    2.84      2.03
    4.06      6.20
    0.65      2.03
    5.67      4.06
    1.38      3.99
    4.12      2.16
    6.89      5.52
    2.77      2.79
    4.06      4.13
    6.93      5.58
    3.33      5.67
    4.78      2.10
    2.68      6.08
   10.55      4.91
    2.03      1.39
    7.03      2.92
    5.95      1.38
    4.45      2.03
    7.41      4.21
    0.00      4.73
   17.88      3.52
   20.50     17.72
    2.12     31.35
    3.96      2.03
   34.13     20.43
    6.82     22.02
   49.55     34.39
    3.56      2.61
   19.18     19.08
    3.99      8.22
   49.94     54.66
   21.15     20.95
   11.86     22.66
   24.16      7.72
   42.83     21.43
    4.92      2.84
    2.75      2.84
    4.05     35.53
   19.23     22.03
   16.39     14.16
   14.43      0.00
    0.00      0.00
    0.00      0.00
    0.00      0.00
    0.00      0.00
    0.00      0.00
    0.00      0.00
    0.00      0.00
    0.00      0.00
    0.00      0.00
    0.00      0.00
    0.00      0.00
    0.00      0.00
    0.00      0.00
    0.00      0.00
    0.00      0.00
    0.00      0.00
    0.00      0.00
    0.00      0.00
    0.00      0.00
    0.00      0.00
    0.00      0.00
    0.00      0.00
    0.00      0.00
    0.00      0.00
    0.00      0.00
    0.00      0.00
    0.00      0.00
    0.00      0.00
    0.41      0.41
    0.00      0.00
    0.00      0.00
    0.00      0.00
    0.00      0.00
    0.00      0.00
    0.00      0.00
    0.00      0.00
