      h_eth1      
 KB/s in  KB/s out
    0.00      0.00
    0.00      0.00
    0.00      0.00
    0.00      0.00
    0.00      0.00
    0.00      0.00
    0.00      0.00
    0.00      0.00
    0.00      0.00
    0.00      0.00
    0.00      0.00
    0.00      0.00
    0.00      0.00
    0.00      0.00
    0.00      0.00
    0.00      0.00
    0.00      0.00
    0.00      0.00
    0.00      0.00
    0.00      0.00
    0.00      0.00
    0.00      0.00
    0.00      0.00
    0.00      0.00
    0.00      0.00
    0.00      0.00
    0.00      0.00
    0.00      0.00
    0.68      0.00
    0.00      0.00
    0.00      0.00
    0.00      0.00
    0.00      0.00
    0.00      0.00
    0.00      0.00
    0.00      0.00
    0.00      0.00
    0.00      0.00
    0.00      0.00
    0.00      0.00
    0.00      0.00
    0.00      0.00
    0.00      0.00
    0.00      0.00
    0.00      0.00
    0.00      0.00
    0.00      0.00
    0.00      0.00
    0.00      0.00
    0.00      0.00
    0.00      0.00
    0.00      0.00
    0.00      0.00
    0.00      0.00
    0.00      0.00
    0.00      0.00
    0.00      0.00
    0.00      0.00
    0.00      0.00
    0.00      0.00
    0.00      0.00
    0.00      0.00
    0.00      0.00
    0.00      0.00
    0.00      0.00
    0.00      0.00
    0.00      0.00
    0.00      0.00
    0.00      0.00
    0.00      0.00
    0.00      0.00
    0.00      0.00
    0.00      0.00
    0.00      0.00
    0.00      0.00
    0.00      0.00
    0.00      0.00
    0.00      0.00
    0.00      0.00
    0.00      0.00
    0.00      0.00
    0.00      0.00
    0.00      0.00
    0.00      0.00
    0.00      0.00
    0.00      0.00
    0.00      0.00
    0.00      0.00
    0.00      0.00
    0.00      0.00
    0.00      0.00
    0.00      0.00
    0.00      0.00
    0.00      0.00
    0.00      0.00
    0.00      0.00
    0.00      0.00
    0.00      0.00
    0.00      0.00
    0.00      0.00
    0.00      0.00
    0.00      0.00
    0.00      0.00
    0.00      0.00
    0.00      0.00
    0.00      0.00
    0.00      0.00
    0.00      0.00
    0.00      0.00
    0.00      0.00
    0.41     26.16
    0.00      0.00
    0.00     25.75
    0.00      0.00
    0.00      0.00
   22.43     27.30
    0.00      0.00
   25.74      0.00
   24.89      2.31
    0.00      0.00
    0.00      1.11
    0.00      0.00
    0.00      0.00
  145.96    230.76
  114.62    109.97
  328.07    320.37
   77.81     55.91
  188.33    154.12
   75.92     58.85
  108.04     51.43
   53.89      8.37
    6.41      2.31
    0.00      0.00
    2.92      0.00
    1.36      0.72
    0.00      0.00
    0.00      0.00
    0.00      0.00
    0.00      0.00
    0.00      0.00
    0.00      0.00
    0.00      0.00
    0.00      0.00
    0.00      0.00
    0.00      0.00
    0.00      0.00
    0.00      0.00
    0.00      0.00
    0.00      0.00
    0.00      0.00
    0.00      0.00
    1.36      0.00
    0.00      0.00
    0.00      0.00
    0.00      0.00
    0.00      0.00
    0.00      0.00
    0.00      0.00
    0.00      0.00
    0.00      0.00
    0.00      0.00
    0.00      0.00
    0.00      0.00
    0.00      0.00
    0.00      0.00
    0.00      0.00
    0.41      0.41
    0.00      0.00
    0.00      0.00
    0.00      0.00
    0.00      0.00
    0.00      0.00
    0.00      0.00
    0.00     14.37
    0.00      0.00
   28.85     15.09
    0.00     15.08
   15.17      0.72
   14.37     15.16
   14.37     14.43
   15.09     44.56
    0.72      0.00
   14.43      0.72
   15.14      0.72
    0.00     14.37
    0.73      0.00
   14.44      0.72
    0.00      0.00
    0.00      0.00
    0.00      0.00
    0.00      0.00
    0.00      0.00
    0.00      0.00
    0.00      0.00
    0.00      0.00
    0.00      0.00
    0.00      0.00
    0.00      0.00
    0.00      0.00
    0.00      0.00
    0.00      0.00
    0.00      0.00
    0.00      0.00
    0.00      0.00
    0.00      0.00
    0.00      0.00
    0.00      0.00
    0.00      0.00
    0.00      0.00
    0.00      0.00
    0.00      0.00
    0.00      0.00
    0.00      0.00
    0.00      0.00
    0.00      0.00
    0.00      0.00
    0.00      0.00
    0.00      0.00
    0.00      0.00
    0.00      0.00
    0.00      0.00
    0.00      0.00
   92.05    146.55
  197.08    237.55
  309.39    262.91
  274.79    224.41
  128.13    113.38
  135.40     85.98
   72.01     18.74
    9.15      2.46
   27.41     14.86
   14.79     14.85
    0.72     44.37
   15.51      0.71
   14.84      0.00
   16.30      1.44
    0.00     14.79
    0.00      0.00
   14.13      0.00
    2.10      1.44
    0.00      0.00
    0.00      0.00
    0.00      0.00
    0.00      0.00
    0.00      0.00
    0.00      0.00
    0.00      0.00
    0.00      0.00
    0.00      0.00
    0.00      0.00
    0.00      0.00
    0.00      0.00
    0.00      0.00
    0.00      0.00
    0.00      0.00
    0.00      0.00
    0.00      0.00
    0.00      0.00
    0.00      0.00
    0.00      0.00
    0.00      0.00
    0.00      0.00
    0.00      0.00
    0.00      0.00
    0.00      0.00
    0.00      0.00
    0.00      0.00
    0.00      0.00
    0.00      0.00
    0.00      0.00
    0.00      0.00
    0.00      0.00
    0.00      0.00
    0.00      0.00
    0.00     15.00
   28.74     58.23
   60.29     45.98
   31.76      0.72
   14.37     30.88
   30.17     29.52
   15.09     15.16
   15.89      0.73
   29.99     30.11
    0.72      0.00
    1.44     15.00
   15.00     30.79
    0.00      0.00
   31.55      1.44
    0.00      0.00
    0.00     14.99
    0.00      0.00
    0.00      0.00
   15.06      0.73
    0.73      0.00
    0.00      0.00
    0.00      0.00
    0.00      0.00
    0.00      0.00
    0.00      0.00
    0.00      0.00
    0.00      0.00
    0.00      0.00
    0.00      0.00
    0.00      0.00
    0.00      0.00
    0.00      0.00
    0.00      0.00
    0.00      0.00
    0.00      0.00
    0.00      0.00
    0.41      0.00
    0.00      0.00
    0.00      0.00
    0.00      0.00
    0.00      0.00
    0.00      0.00
    0.00      0.00
    0.00      0.00
    0.00      0.00
    0.00      0.00
    0.00      0.00
   30.04     41.65
  211.85    268.45
  279.19    300.74
  263.95    248.77
  134.68     65.59
  213.51    163.91
  117.00    133.60
   70.07     36.91
   90.36     22.51
   35.25     22.37
   22.33     31.14
   15.52     14.86
   29.97     15.17
   16.47     15.88
    2.16      0.00
    0.00     15.11
   15.10     30.27
    0.00      0.00
   30.33      0.72
    0.72      0.72
    0.00      0.00
    0.00      0.00
    0.00     15.11
    0.00      0.00
    0.65      0.75
   15.18      0.74
    0.74      0.00
    0.00      0.00
    0.00      0.00
    0.00      0.00
    0.00      0.00
    0.00      0.00
    0.00      0.00
    0.00      0.00
    0.00      0.00
    0.00      0.00
    0.00      0.00
    0.00      0.00
    0.00      0.00
    0.00      0.00
    0.00      0.00
    0.00      0.00
    0.00      0.00
    0.00      0.00
    0.00      0.00
    0.00      0.00
    0.00      0.00
    0.00      0.00
    0.00      0.00
    0.00      0.00
    0.00      0.00
    0.00      0.00
    0.00      0.00
   15.80     44.53
   15.82      2.10
   74.15     77.08
   45.33     30.24
   15.72     31.45
   31.60     30.90
   15.06      1.37
   16.44     30.16
   14.44     15.09
   30.72     17.23
   14.99     30.78
    3.48      1.44
   15.70      0.71
    0.72      0.00
    0.00      0.00
    0.65      1.31
    0.00      0.72
    0.72      0.00
    0.72      0.00
    0.00      0.00
    0.00      0.00
    0.00      0.00
    0.00      0.00
    0.00      0.65
    0.00      0.00
    0.00      0.00
    0.65      0.72
    0.72      0.00
    0.00      0.00
    0.00      0.00
    0.00      0.00
    0.00      0.00
    0.00      0.00
    0.00      0.00
    0.00      0.00
    0.00      0.00
    0.00      0.00
    0.00      0.00
    0.00      0.00
    0.00      0.00
    0.00      0.00
    0.00      0.00
    0.00      0.00
    0.00      0.00
    0.00      0.00
    0.00      0.00
    0.00      0.00
  103.72    127.29
  113.20    172.21
  238.51    296.70
  204.31    239.09
  175.38    139.39
  151.29     68.36
  247.40    131.71
   23.94      2.80
  169.20    170.90
  105.75     41.13
   42.41     18.69
   34.34     18.64
    0.72     14.80
   16.55     15.16
   29.64     16.88
    0.72     15.11
   16.55     15.89
   16.54      0.71
    0.72      0.65
    0.00      0.00
    1.31      0.72
    0.72      0.72
    0.00      0.00
    0.00      0.00
    0.00      0.00
    0.00      0.00
    0.00      0.00
    0.00      0.00
    0.00      0.00
    0.00      0.00
    0.00      0.65
    0.65      0.72
    0.00      0.00
    0.72      0.00
    0.00      0.00
    0.00      0.00
    0.00      0.00
    0.00      0.00
    0.00      0.00
    0.00      0.00
    0.00      0.00
    0.00      0.00
    0.00      0.00
    0.00      0.00
    0.00      0.00
    0.00      0.00
    0.00      0.00
    0.00      0.00
    0.00      0.00
    0.00      0.00
    0.00      0.00
    0.00      0.00
    0.00      0.65
    0.72      0.00
   14.37     45.18
   32.23     33.55
   48.49     46.05
   29.46     31.51
   15.78     28.75
   62.29     50.80
   15.82     15.09
   33.19      1.44
    1.37      0.72
   15.00     15.79
    0.00     14.99
    2.05      0.72
   17.10     16.51
   14.34      2.09
    0.65      0.72
    1.37      0.00
    0.72      2.03
    0.65      0.72
    0.72      0.00
    0.72      0.00
    0.00      0.00
    0.00      0.00
    0.00      0.00
    0.00      0.00
    0.00      0.00
    0.00      0.00
    0.00      0.00
    0.00      0.00
    0.00      0.00
    0.00      0.65
    0.00      0.00
    0.00      0.00
    1.37      0.72
    0.00      0.00
    0.41      0.00
    0.00      0.00
    0.00      0.00
    0.00      0.00
    0.00      0.00
    0.00      0.00
    0.00      0.00
    0.00      0.00
    0.00      0.00
    0.00      0.00
    0.00      0.00
    0.00      0.00
  108.98    185.30
  181.20    198.19
  176.34    191.58
  253.36    183.24
  211.88     97.93
   93.64     62.29
  115.25    103.61
   68.93     26.56
   88.73     86.04
    7.03     32.02
   43.86      6.87
   76.66     93.15
    2.17      0.65
   34.78      1.44
    0.00      0.00
   15.09     17.11
    0.00     15.75
    2.89      0.00
    0.72      0.65
   30.25     16.61
    0.72      0.65
    0.00      0.65
    2.74      1.44
    1.37      0.72
    0.00      0.00
    0.00      0.00
    0.00      0.00
    0.00      0.00
    0.00      0.00
    0.00      0.00
    0.00      0.00
    0.00      0.00
    0.00      0.00
    0.00      0.00
    0.00      0.00
    0.00      0.00
    0.00      0.65
    0.00      0.00
    0.00      0.00
    0.00      0.00
    0.72      0.00
    0.00      0.00
    0.00      0.00
    0.00      0.00
    0.00      0.00
    0.00      0.00
    0.00      0.00
    0.00      0.00
    0.00      0.00
    0.00      0.00
    0.00      0.00
    0.00      0.00
    0.72      0.65
    0.41     15.42
   43.89     30.97
   58.81     75.30
   23.44      4.18
   15.82     30.12
    1.37     44.44
   30.82     17.19
   46.68      4.91
    3.53     16.29
   31.36     32.94
   33.46     47.84
    2.89      0.00
   30.79      0.00
    1.37      1.44
    1.96      2.16
    0.00      0.72
    0.00      0.65
    0.65      0.72
    0.72      0.00
    0.65      1.96
    0.65      2.09
    1.36      0.00
    2.16      0.72
    0.00      0.00
    0.00      0.00
    0.00      0.00
    0.00      0.00
    0.00      0.00
    0.00      0.00
    0.00      0.00
    0.00      0.00
    0.00      0.00
    0.00      0.00
    0.00      0.00
    0.00      0.00
    0.00      0.00
    0.65      0.72
    0.00      0.00
    0.00      0.00
    0.00      0.00
    0.00      0.00
    0.00      0.00
    0.00      0.00
    0.00      0.00
    0.00      0.00
    0.00      0.00
   31.17     53.01
  113.86    148.69
  128.74    206.88
  310.64    310.49
  129.85    132.72
  261.44    189.61
  104.31     36.41
  196.66    156.03
   89.03     34.51
   85.14     81.75
   49.38     64.76
   36.88     49.87
   32.81     19.57
   46.85      4.99
   17.21     33.01
   16.55     16.55
   17.20     46.75
   16.53      2.11
    0.72      1.96
   33.21      1.44
    0.72      0.00
    0.72      0.65
    0.65      0.72
    0.00      0.00
    0.72      0.65
    0.65      0.72
    2.03      1.37
    0.00      0.72
    0.65      0.72
    0.72      0.00
    0.00      0.00
    0.00      0.00
    0.00      0.00
    0.00      0.00
    0.00      0.00
    0.00      0.00
    0.00      0.00
    0.00      0.00
    0.00      0.00
    0.00      0.00
    0.00      0.65
    0.00      0.00
    0.00      0.00
    0.00      0.00
    0.00      0.00
    0.72      0.00
    0.00      0.00
    0.00      0.00
    0.00      0.00
    0.00      0.00
    0.00      0.00
    0.00      0.00
    0.00      0.00
    0.72      1.31
   28.74     28.88
   15.06     16.46
   16.56     44.46
   32.80     16.43
   62.22     63.75
   17.82     44.77
   46.88     31.65
   28.83      2.10
    2.17     32.02
   18.52     18.47
   29.40     16.44
    8.25      4.27
   15.78      1.44
    0.00      1.31
    1.96      3.40
    2.68      2.88
    2.10      0.72
    2.10      0.72
    0.00      0.65
    0.65      0.00
    0.72      0.72
    0.00      0.65
    0.65      2.03
    0.72      0.00
    0.72      0.65
    0.72      0.00
    0.65      0.72
    0.72      0.00
    0.00      0.00
    0.00      0.00
    0.00      0.00
    0.00      0.00
    0.00      0.00
    0.00      0.00
    0.00      0.00
    0.00      0.00
    0.00      0.00
    0.00      0.00
    0.00      0.00
    0.65      0.00
    0.00      0.72
    0.00      0.00
    0.00      0.00
    0.00      0.00
    0.00      0.00
    0.00      0.00
   86.61    125.18
  121.56    115.42
   29.14    126.39
  346.63    339.58
  173.26    215.87
  342.82    159.00
   81.25    110.61
  119.51    107.61
  129.25    105.04
   82.00     56.42
  173.38    136.39
    7.52     31.93
   54.61     20.46
   38.76      4.25
   17.68     17.20
   15.87     33.60
   17.14     17.93
   20.18      2.18
   16.54      1.36
    0.65      2.61
    0.65      3.40
    4.19      1.44
    2.10      0.72
    1.44      0.65
    0.65      0.72
    0.00      0.00
    0.72      0.65
    0.65      0.72
    1.31      1.44
    0.72      0.00
    0.00      0.00
    0.00      0.65
    0.00      0.00
    0.65      0.72
    0.72      0.00
    0.00      0.00
    0.00      0.00
    0.00      0.00
    0.00      0.00
    0.00      0.00
    0.00      0.00
    0.00      0.00
    0.00      0.00
    0.00      0.65
    0.00      0.00
    0.00      0.00
    0.00      0.00
    0.72      0.00
    0.00      0.00
    0.00      0.00
    0.00      0.00
    0.00      0.00
    0.00      0.00
    0.72      0.65
    0.00      0.65
    0.72      0.65
   29.98     73.21
   45.95     33.65
   64.58     33.63
    3.48      2.16
   17.08     32.17
    2.03     30.14
   17.09     61.52
   32.40      2.75
   32.34     47.89
   45.15     18.53
   34.92      2.89
    2.81      2.68
    1.31      2.03
    2.16      1.44
    4.06      0.72
    1.31      4.12
    0.00      2.75
    3.47      1.44
    0.65      1.37
    2.09      0.00
    0.72      0.72
    0.00      0.65
    0.65      2.03
    0.72      0.00
    0.72      0.00
    0.72      0.00
    0.00      0.00
    0.00      0.00
    0.00      0.65
    0.65      0.00
    0.72      0.72
    0.00      0.00
    0.00      0.00
    1.23      0.00
    0.00      0.00
    0.00      0.00
    0.00      0.00
    0.00      0.00
    0.00      0.00
    0.00      0.00
    0.65      0.72
    0.00      0.00
    0.00      0.00
    0.00      0.00
   72.53    100.74
   72.16     89.49
  225.62    309.65
  175.34    203.13
  130.75     69.47
  176.32    163.96
  221.61    143.85
  121.46    142.67
  211.23    144.12
    2.89      3.40
  127.43    101.80
   62.15     32.00
   12.50      2.39
   15.34     34.68
    1.31     31.99
   61.58     31.66
    0.72     33.61
   48.62     33.50
   33.82      3.56
   17.60      2.82
    2.10      3.27
    1.37      2.09
    2.82      0.72
    4.12      2.75
    0.00      1.37
    2.75      1.31
    0.00      1.44
    1.37      0.72
    1.44      0.65
    0.65      0.71
    1.31      0.72
    0.72      0.72
    0.00      0.00
    0.00      0.00
    0.00      0.00
    0.00      0.00
    0.00      0.65
    0.00      0.00
    0.65      0.72
    0.72      0.00
    0.00      0.00
    0.00      0.00
    0.00      0.00
    0.00      0.00
    0.00      0.00
    0.00      0.00
    0.00      0.65
    0.00      0.00
    0.00      0.00
    0.00      0.00
    0.72      0.00
    0.00      0.00
    0.00      0.65
    0.72      0.65
    0.72      0.65
   14.37     29.46
    1.46     14.37
   31.64     30.19
   49.88     37.86
   30.80     16.61
   17.74     33.53
   16.41     46.58
   17.80     30.70
   61.69      7.02
    2.82      2.03
    4.99     16.95
    0.00     16.37
   19.83      2.81
    1.44      2.09
   16.37      4.12
    2.68     17.02
    2.89      1.44
    3.98      3.48
   17.16      4.19
    1.31      1.44
    4.18      2.02
    0.00      0.72
    2.09      0.65
    0.65      2.09
    0.65      0.65
    2.10      2.03
    1.37      1.44
    0.00      0.00
    1.44      0.00
    0.00      0.00
    0.00      0.00
    0.00      0.00
    0.00      0.00
    0.00      0.00
    0.00      0.65
    0.65      0.72
    0.00      0.00
    0.72      0.00
    0.00      0.00
    0.00      0.00
    0.00      0.00
    0.00      0.00
    0.00      0.00
    0.65      0.00
    0.00      0.69
   72.05    100.02
   98.04    133.28
   85.75    132.61
  161.73    240.46
  112.53     85.21
  207.93    148.23
   67.89     22.27
  173.67    118.02
   60.90     53.01
  207.05    127.38
  131.05     46.57
  172.56    120.32
   27.55     35.45
   47.93     51.29
    2.68     32.33
   78.89      5.70
    0.65      1.44
    4.60     20.30
    0.65      0.72
   19.37     17.29
    0.72      0.00
   17.12      4.04
    2.03      4.05
    2.82     17.20
    2.81      0.72
   17.20      4.12
    2.03      1.44
    3.47      2.75
    0.72      0.00
    0.72      0.00
    1.37      1.96
    0.00      1.37
    2.68      2.16
    2.09      0.00
    0.72      0.72
    0.00      0.00
    0.00      0.00
    0.00      0.00
    0.00      0.00
    0.00      0.00
    0.00      0.00
    0.00      0.65
    0.00      0.00
    0.65      0.72
    0.72      0.00
    0.00      0.00
    0.00      0.00
    0.00      0.00
    0.00      0.65
    0.00      0.00
    0.00      0.00
    0.00      0.00
    1.44      0.65
    0.00      0.00
    0.72      0.65
   15.75     30.85
    0.72      0.00
    0.72      1.96
   35.44     17.56
    1.31     47.32
   32.15     32.16
   46.50     35.15
  105.98     76.85
    3.55      2.75
    4.17      3.40
   18.53     34.77
    2.82      0.65
    4.84      5.49
   17.80      2.09
    3.47      3.47
    1.44      0.00
    0.00      0.65
    2.09      1.30
    2.68      2.75
    3.40      3.47
    1.31      4.19
    3.54      0.72
    2.09      2.68
    0.65      0.65
    1.31      2.82
    3.47      1.44
    0.72      0.00
    0.72      1.96
    1.31      2.75
    0.65      0.00
    3.54      1.44
    1.37      0.72
    0.00      0.00
    0.41      0.00
    0.00      0.00
    0.00      0.00
    0.00      0.00
    0.00      0.00
    0.00      0.00
    0.00      0.65
    0.65      0.00
    0.00      0.72
    0.72      0.00
    0.00      0.00
    0.00      0.00
  124.86    212.08
   96.11     64.29
  107.79    139.12
   93.05    120.87
  108.57     91.36
  115.05     41.00
  137.56     93.38
  105.65     52.88
   21.18     25.33
   44.53     25.07
   70.75     60.50
   97.64     77.70
   58.22     60.10
   40.76     34.19
  107.92     65.91
   22.68     18.71
    4.25      3.47
    4.12     30.91
   17.85      5.55
    1.96      2.68
   19.42      2.88
    2.03      1.44
    1.44      0.00
    0.65      2.61
    0.65      3.40
    2.16      0.00
    3.47      4.05
    3.33      2.82
    3.54      1.44
    0.65      1.31
    0.72      2.03
    1.96      2.09
    3.54      2.75
    0.72      0.00
    0.65      0.72
    1.37      1.96
    0.72      1.37
    2.09      0.72
    2.09      0.72
    0.00      0.00
    0.00      0.00
    0.00      0.00
    0.00      0.00
    0.00      0.00
    0.00      0.00
    0.00      0.00
    0.00      0.65
    0.00      0.00
    0.65      0.72
    0.72      0.00
    0.00      0.00
    0.00      0.00
    0.72      1.31
    0.00      0.00
    0.72      1.31
   15.83     29.45
   45.65     30.87
   17.17     32.13
   34.85     17.66
    1.31      2.09
    2.03     30.80
    1.96      2.09
   32.17     33.54
   32.27     16.52
   32.03     47.69
   62.79     37.74
   50.60     50.80
    5.56      4.05
    0.65      2.75
    6.26      2.75
    3.47      3.47
    1.37      2.03
    3.47      2.75
    0.72      0.00
    2.81      0.00
    1.31      2.82
    2.68      2.03
    0.00      2.75
    2.03      3.33
    2.75      0.72
    3.46      2.88
    1.44      0.00
    1.31      2.75
    1.31      2.09
    2.03      1.37
    2.09      1.44
    0.00      0.00
    1.37      1.37
    1.06      2.03
    0.65      0.00
    2.09      0.72
    0.72      0.72
    0.00      0.00
    0.00      0.00
    0.00      0.00
    0.00      0.00
    0.00      0.00
    0.00      0.00
    0.00      0.00
   46.49     54.08
  104.30    178.64
  114.31    200.84
  128.38    201.08
  103.45    105.09
  135.04     70.76
   64.04     52.18
  135.03    139.58
   89.34     23.87
  127.35    122.42
  124.36     52.31
  127.32    109.09
    9.12     18.55
   65.68     66.62
   34.05     38.84
  119.36     58.76
   34.32     35.01
    4.20     18.58
   50.27     35.93
   31.59     33.03
   36.51     22.12
    4.77      3.54
    5.68      1.37
    1.31      2.09
    1.31      1.44
    1.37      2.68
    1.37      2.09
    2.10      2.68
    2.16      0.00
    0.72      0.65
    2.03      2.75
    0.65      2.68
    2.03      2.68
    3.47      2.16
    2.16      0.00
    1.44      1.31
    1.31      2.68
    2.03      2.10
    1.44      0.72
    1.44      0.00
    0.72      0.00
    0.65      1.31
    0.00      1.37
    0.65      0.72
    2.82      0.72
    0.00      0.00
    0.00      0.00
    0.00      0.00
    0.00      0.00
    0.00      0.00
    0.00      0.00
    0.00      0.00
    0.00      1.31
    0.72      0.65
    0.65      1.37
    2.18      0.00
    0.72     15.03
   29.53     45.86
   31.61     47.20
   50.03     19.30
   33.69     34.44
   33.55     30.90
   15.81     31.61
   32.14     17.31
    0.65      2.09
   15.09     31.95
   48.56     35.51
   20.51     19.31
   19.37      4.05
    3.40      2.10
    3.40      4.12
    2.68      5.43
    6.08      7.66
    4.92      2.10
    2.82      1.31
    1.44      1.37
    1.37      0.72
    2.03      1.44
    2.68      4.12
    2.03      0.72
    1.44      2.03
    0.00      0.00
    1.31      0.72
    2.10      2.75
    1.31      2.03
    3.33      3.61
    1.44      0.00
    0.72      1.31
    1.31      2.75
    1.31      2.10
    3.47      1.44
    0.72      0.00
    0.00      0.00
    0.72      0.65
    0.65      2.03
    0.00      0.00
    3.47      1.44
    0.00      0.00
    0.00      0.00
    0.00      0.00
   61.82     78.79
   78.05    159.09
  138.97    210.27
   60.88     95.85
  112.03     84.32
   92.28     30.09
   79.31     39.85
   63.44     27.36
   75.25     80.52
   71.45     83.92
  205.90    129.09
   68.91     37.80
  104.99     54.77
   98.68     66.96
   76.79     64.59
   57.83     19.99
   18.32     48.49
   34.34     47.71
   37.85      8.46
    2.75      2.82
   16.99      4.06
    3.47      2.75
    3.47      3.33
    5.50      4.91
    3.40      4.78
    3.33      1.44
    3.54      2.82
    2.10      1.37
    1.37      1.31
    1.37      2.03
    0.72      2.03
    2.75      2.10
    2.03      2.09
    1.44      0.65
    0.72      0.65
    1.37      2.68
    0.72      1.31
    4.77      1.44
    0.72      2.09
    2.09      1.31
    1.37      2.09
    0.65      1.37
    2.82      0.00
    0.65      1.37
    0.72      0.72
    0.00      0.00
    0.00      1.96
    1.37      0.72
    0.65      0.72
    2.82      0.72
    0.00      0.00
    0.00      0.00
    0.00      1.31
    0.72      0.00
    1.46      0.65
    0.00      0.65
    0.72      0.00
   16.47     32.14
   15.09     32.12
   19.91      3.54
   19.21     33.91
   33.82     65.65
   33.52      4.25
   30.83     15.81
    3.98      3.60
   14.80     45.31
   46.74     31.38
   17.24      3.39
   32.08     35.50
   22.10      4.83
    4.19     17.81
    4.12      2.10
    4.05      4.84
   15.64      4.12
    4.84      3.54
    3.54      2.03
    1.96      3.99
    2.82      3.47
    3.47      1.44
    3.54      0.72
    0.65      2.03
    1.96      1.44
    0.72      2.03
    2.03      2.75
    1.31      0.72
    1.44      0.72
    2.10      0.65
    0.65      2.75
    0.65      0.72
    2.75      3.40
    2.03      1.44
    2.09      0.72
    1.37      2.03
    0.65      1.37
    0.72      0.00
    1.37      0.72
    0.72      0.00
    0.65      0.72
    0.00      0.00
   16.26     29.18
  134.45    153.20
   33.67    131.49
   89.03    202.59
   82.69    173.03
  120.07     81.93
  189.25    105.41
   84.95     35.23
  160.19    111.27
   30.62     23.41
  221.09    178.20
   73.86     75.11
  147.83    118.10
  109.32     79.73
   20.73     34.78
   35.75      5.93
   35.97     16.23
    0.72     17.09
   45.06     60.75
   34.42      4.25
    2.68      4.70
   37.79     22.89
    2.10      2.10
    3.47      4.71
    1.44      1.31
    4.12     17.85
    5.50      3.61
    1.85      1.06
   17.14      3.54
    3.33      5.50
    3.40      3.47
    2.82      0.65
    1.44      1.37
    2.10      1.38
    1.37      2.03
    2.03      2.10
    0.72      1.31
    2.03      2.10
    0.72      0.65
    2.16      0.00
    1.37      2.03
    0.65      1.37
    2.68      2.68
    2.09      1.44
    1.44      1.37
    1.37      1.37
    0.00      0.00
    1.37      2.03
    0.72      0.00
    1.37      0.72
    0.00      0.00
    0.00      0.00
    0.72      2.61
    1.37      1.37
    2.05      0.74
    2.88      1.37
    0.72     15.02
    0.00      0.00
    1.37     15.74
   15.15     16.39
   30.38      2.06
    0.65     31.49
   48.39     81.70
   64.96     34.29
   32.21     47.95
   34.35      5.64
   18.38      5.56
    2.82      0.72
    2.50     16.23
   31.73     48.55
   32.97     18.55
   18.52      5.35
    6.22      4.19
    6.15      4.26
    4.77      3.47
    2.03      2.75
    1.37      4.06
    1.37      0.72
    2.82      2.68
    0.72      1.31
    4.12      3.47
    2.68      2.82
    3.47      2.68
    2.10      1.44
    2.68      2.10
    2.15      2.03
    0.00      0.65
    1.31      1.44
    2.09      0.72
    3.50      3.47
    0.65      1.37
    0.72      0.00
    0.72      1.31
    2.68      1.37
    1.37      2.75
    1.37      2.10
    2.09      1.37
    2.10      0.72
    0.72      0.65
    0.65      1.37
    0.00      0.00
  131.06    160.23
   97.94    155.24
   68.81    180.30
   71.17    160.58
   56.68     52.92
   85.77     41.61
   69.19     56.64
   85.08     77.34
   89.61     76.41
  121.76    109.79
   69.67     18.26
  114.09     79.11
   38.40     92.28
  161.98    108.87
  104.52     54.43
   77.75     36.29
   40.31      7.02
   18.67      3.47
    3.54      2.10
    4.06     17.93
   17.86     17.99
    2.68      5.43
   20.52      6.93
    3.47      4.06
    4.91      3.40
    3.47      2.16
    2.75      1.37
    1.37      2.09
    1.38      0.65
    2.68      3.54
    0.65      1.96
    3.40      4.12
    2.75      1.44
    3.54      2.68
    1.31      2.81
    1.37      0.65
    3.47      2.82
    0.00      0.00
    1.37      2.03
    0.72      0.65
    1.44      1.31
    2.68      2.16
    0.00      1.31
    2.10      0.00
    0.65      1.37
    2.10      1.37
    0.65      2.75
    2.75      1.37
    0.72      0.72
    1.44      0.65
    0.65      1.37
    0.00      0.65
    1.44      1.31
    3.40      2.84
    0.72      0.65
    2.18      0.65
    0.00      1.96
    2.03     16.47
   15.80     29.46
   61.99     33.37
    0.72     32.06
   34.42     32.84
   34.91      5.55
    1.37     31.41
    3.33     34.19
   78.47     66.51
   34.13     18.63
   34.30     19.83
   32.08     17.82
    4.05      6.94
    6.49      1.96
    2.03      2.68
    3.54      4.71
    4.77      3.47
    7.52      4.26
    2.75      4.78
    2.03      4.12
    4.19      2.10
    1.37      0.72
    0.72      2.61
    2.03      1.37
    3.47      2.10
    0.72      1.37
    2.03      3.40
    1.31      2.10
    3.47      1.37
    2.82      4.05
    0.72      0.00
    3.16      1.44
    2.09      0.72
    0.65      1.37
    1.31      2.09
    0.00      0.00
    2.75      3.40
    0.65      1.37
    0.72      0.00
    2.82      0.72
    0.65      1.37
    1.31      1.38
   71.85    103.79
   93.73    158.02
   49.30    171.02
   95.77    177.76
  107.81    111.12
   73.11     38.73
   84.20     24.40
   66.65     45.79
   69.78     16.93
   82.26    101.34
  125.43     91.02
   80.32     43.65
   47.83     85.69
  141.91     81.30
   43.86     23.34
   45.91     59.66
   52.31     38.94
   38.70     64.63
   89.90     52.91
   21.55      3.46
   21.27     17.86
   17.86     20.10
   19.22      4.25
    5.43      3.54
    1.38      4.71
    4.06      6.22
    4.98      1.96
    6.16      4.92
    2.10      2.10
    1.31      2.03
    2.09      1.44
    1.37      2.61
    2.03      2.82
    2.10      0.72
    2.82      1.37
    1.31      0.72
    2.03      4.12
    1.31      2.10
    2.82      1.37
    2.68      4.12
    0.00      0.65
    2.10      1.37
    1.44      0.00
    1.37      1.37
    1.37      0.72
    0.00      0.65
    2.68      1.31
    0.72      2.82
    0.00      0.65
    2.82      0.72
    0.72      0.00
    0.00      1.31
    1.96      4.77
    1.38      0.00
    3.62      1.37
    2.10      2.03
    0.65      1.31
    1.37     15.76
    2.16      1.37
   17.17     31.64
   31.56     32.79
   46.55     60.66
   32.23     19.76
   47.30     34.97
    4.11      4.19
   32.12     32.89
   17.75     15.07
    3.41     21.27
    4.26     17.04
   33.74     20.49
   34.90     23.23
   19.27     17.16
    2.16      2.61
    7.65      6.15
    4.85      3.40
    4.84      2.81
    6.08      5.63
    2.82      4.71
    3.33      2.75
    4.26      2.09
    2.03      2.82
    0.65      0.71
    2.75      2.68
    1.31      1.38
    2.82      2.82
    2.03      2.75
    0.00      0.65
    0.72      0.65
    4.05      3.47
    1.44      2.68
    1.46      0.00
    1.31      2.10
    2.75      2.10
    1.37      1.37
    2.76      1.44
    0.65      0.00
    1.37      2.03
    0.65      1.44
    0.00      0.00
   18.34     29.89
   76.10    128.80
   63.46    129.48
   39.96    171.69
   83.43    163.70
  105.03    110.86
  129.02     88.43
   93.12     23.66
  106.30     62.25
   58.14     22.86
  104.04     75.50
   80.46     71.65
   50.23     49.67
  132.14    103.89
  121.08    114.87
   91.91    120.03
  159.22     96.82
   79.38     48.07
   34.50      6.01
   82.25     62.09
   13.62     30.58
   21.36     34.32
   23.20      4.33
   21.47     20.83
   17.07     20.01
    5.43      4.19
    4.84      4.78
    2.75      5.43
    7.66      3.47
    4.79      3.41
    2.03      4.85
    3.54      2.10
    0.65      0.65
    4.12      3.54
    0.72      1.96
    2.68      2.16
    0.72      1.31
    3.40      1.44
    2.10      0.72
    0.65      2.75
    1.31      1.38
    1.37      2.77
    2.70      2.82
    1.44      0.65
    2.06      1.96
    0.72      1.37
    0.72      0.00
    3.49      2.10
    1.37      0.65
    1.37      1.37
    0.65      1.44
    0.72      0.65
    2.68      2.03
    1.44      2.10
    0.00      0.65
    2.16      1.31
    0.72      0.65
    2.77      2.03
    1.37      4.05
    2.16      0.65
    2.75      2.75
    4.26     16.41
    0.72     60.80
   62.43     35.63
   19.36      4.06
   34.37     33.71
   32.92     34.06
   31.86     17.98
   32.25     47.09
   32.05     21.28
   19.77      2.82
   20.56     20.47
    1.96     34.19
   21.47      4.57
   18.56      4.26
    3.54      5.36
    5.50      3.47
    4.19      4.12
    4.71      4.19
    5.43      6.08
    4.84      4.98
    4.19      2.77
    3.49      2.10
    1.37      2.68
    0.65      1.37
    3.47      2.75
    1.37      0.72
    2.81      2.03
    0.65      2.03
    2.03      2.10
    1.44      0.65
    2.09      0.72
    1.37      2.70
    1.39      2.03
    1.37      0.72
    3.40      0.72
    0.00      1.44
    2.03      2.75
    0.00      0.65
    0.72      1.30
   77.57     79.83
  115.50    148.17
   18.06    131.77
   49.16    185.87
   75.58    135.33
   84.26     49.82
  105.53     80.44
   50.52     60.44
  118.71    114.14
   62.82     30.08
   87.19     56.72
    6.01     13.39
  109.87     57.73
   47.33     79.26
   99.09     76.72
   74.69     58.94
   37.04     45.35
  136.46     93.38
   74.70     80.96
   69.66     47.61
   51.43     51.56
   63.88      8.35
    4.92      3.40
   23.35     35.26
    2.09     17.54
   20.52      4.77
   21.01      8.53
    3.40      4.12
    3.54      3.33
    3.54      3.99
    4.71      5.49
    6.15      4.33
    4.19      4.71
    2.75      0.72
    2.84      2.77
    2.68      2.82
    2.50      2.44
    1.96      2.09
    1.44      0.72
    1.37      2.03
    1.37      0.72
    2.68      2.03
    1.37      2.16
    2.09      2.05
    2.05      2.09
    0.65      2.03
    0.72      1.31
    2.16      0.00
    0.00      0.00
    2.03      2.09
    0.00      1.31
    1.37      1.30
    2.09      2.75
    3.47      2.10
    0.72      1.31
    2.84      0.72
    0.72      0.65
    2.03     16.99
    2.10      2.82
   15.89      0.72
   17.24     17.03
    2.03     18.37
   18.69      2.09
    4.08      4.06
   17.92     50.71
   34.50     30.02
   15.81      3.54
   19.21     34.14
   15.82     17.81
   22.51     19.42
   31.61     34.25
    2.90     30.76
   49.15     21.28
   63.44     39.07
    5.63      3.47
    4.84      6.80
    4.99     19.00
   21.07      5.20
    7.53      4.26
    6.87      4.33
    0.72      3.33
    2.68      4.64
    6.87      5.70
    3.54      1.31
    3.40      5.50
    3.47      2.75
    1.96      2.84
    3.56      2.03
    0.72      0.65
    2.75      2.10
    1.37      1.37
    0.72      0.65
    0.72      1.31
    2.03      2.10
    3.40      3.42
    1.46      0.72
    0.65      1.37
    3.40      2.16
    0.00      0.00
    1.33      0.70
   89.61    150.79
   60.75     80.80
   23.50    173.87
   41.98    108.48
   69.01    124.44
  123.84     88.25
   85.94      4.91
   30.53     32.24
   34.77     24.07
   76.34     23.14
   66.23     47.51
   35.35     25.17
   87.77    133.20
  120.10     56.77
   78.93     30.05
   44.41     97.12
   84.96     80.76
   99.06     84.11
  155.73    117.81
   38.47     55.15
   56.58     33.99
   23.53      3.67
    1.37     32.93
   36.05     18.57
   21.28     22.33
   48.19     33.59
   17.79      7.10
    6.73     19.95
    6.97      7.01
   17.20      6.74
    5.70      0.72
    5.56      4.12
    3.26      4.12
    3.47      4.19
    4.84      4.77
    2.10      2.03
    3.40      4.12
    4.13      2.82
    2.75      1.37
    2.77      2.84
    0.00      0.65
    2.10      0.72
    2.03      2.10
    0.00      0.65
    1.31      1.37
    2.11      3.42
    3.42      2.75
    0.72      0.72
    2.06      1.31
    1.44      0.72
    0.72      0.00
    0.72      0.00
    0.72      1.31
    0.65      1.37
    2.68      2.68
    1.44      2.77
    2.84      0.65
    2.75      3.49
    1.37      2.03
   17.13     16.45
    1.44      1.37
    3.53     17.61
    2.75      2.68
    0.65     32.11
   50.59     38.32
   48.64     32.34
   35.08     33.48
   18.72     18.48
   34.44     48.29
   31.94     17.62
    4.78     35.58
   18.65      2.10
   32.87     17.68
   16.81     21.14
    4.05     20.53
   20.71      4.12
   18.00      4.71
    6.15      5.49
    4.91      6.66
    2.82      1.39
   10.20      7.88
    4.88      5.43
    2.76      2.75
    3.40      3.40
    6.94      4.19
    1.44      2.03
    4.06      4.78
    2.03      4.77
    3.40      1.44
    3.54      3.40
    3.40      0.72
    2.09      2.83
    0.74      1.31
    0.72      0.00
    0.65      0.65
    2.10      2.10
    2.68      3.33
    1.37      2.11
    3.56      0.72
   15.45     26.56
   95.64    158.82
   47.53    106.08
   22.42    166.40
   60.35    141.27
  113.49    139.37
   69.16     47.96
   35.73     15.93
   26.11     12.28
    0.00      1.38
   63.08     40.35
   57.99     45.41
   81.42     68.37
  113.98    115.52
   52.72     45.11
   51.56     73.21
   95.31     41.76
   97.72     61.08
  106.54    107.41
   74.04     64.21
   82.87     38.72
   50.64     52.29
    4.78     17.93
    3.02      0.72
   31.49     19.17
    4.78     19.95
   61.38     39.79
   44.61     31.01
    8.84      8.31
    4.05      4.33
    8.84      9.63
    2.09      3.33
    5.72      4.80
    6.37      3.42
    4.82      3.47
    4.13      4.78
    4.78      3.54
    4.26      2.75
    2.68      4.07
    2.77      2.75
    3.40      3.54
    2.82      2.61
    2.68      3.54
    2.16      0.00
    2.03      0.72
    1.39      2.77
    0.00      0.00
    0.65      1.37
    2.75      2.03
    3.33      5.58
    0.74      0.65
    1.44      0.65
    1.44      0.65
    1.37      1.31
    1.44      0.72
    2.18      1.31
    1.37      1.37
    0.65      0.72
    2.82      2.03
    0.00      0.65
    2.03      3.40
   16.37     15.71
    3.54      2.68
   17.61     31.09
   18.32     17.71
   17.07      8.27
    3.54     31.42
    4.97     18.40
   35.50     35.04
   47.94      9.07
   53.29     79.70
   21.11     17.11
   20.66      6.23
   46.66     32.43
    2.89     16.38
    2.67      4.77
   19.27      4.13
    1.31      2.68
   18.67     20.53
   17.79     18.57
    8.38      8.04
    5.56      2.16
    6.22      3.54
    6.08      4.26
    1.37      5.36
    2.03      3.49
    6.24      4.86
    5.52      4.05
    3.53      3.46
    3.99      5.51
    3.56      2.10
    3.40      2.82
    1.44      1.96
    2.61      2.82
    2.81      2.09
    1.44      1.31
    0.00      0.65
    2.75      0.74
    0.74      1.37
    0.72      2.61
  153.30    185.63
   18.92     76.47
   18.35    210.54
   44.93     95.12
   71.59    102.39
   85.96    101.29
   41.22    124.14
   68.10     31.86
   36.62     25.65
    9.02      0.71
   57.27     50.95
  105.98     73.31
   70.61     22.85
   27.67     55.71
  168.24    112.96
   65.93     14.16
   77.23    117.77
   73.16     36.74
   49.01     54.41
   89.83     60.10
   55.91     62.22
  101.94     65.91
   22.36     39.16
   26.18      2.09
    9.62      4.26
   16.60      3.40
    4.06     19.30
    3.47      1.31
   17.85      4.34
    3.40      4.05
   20.13     20.40
    5.36      5.63
    5.43      9.55
   29.98     24.62
    3.54      1.31
   47.08     31.14
    5.56      4.05
    2.68      4.86
    5.19      4.53
    6.98      5.58
    2.03      4.80
    2.83      2.03
    5.49      2.16
    1.44      2.68
    1.96      2.10
    2.75      2.82
    2.03      1.44
    2.10      1.37
    0.41      1.06
    0.65      0.72
    1.37      1.39
    0.74      2.61
    0.65      2.05
    4.24      2.68
    4.14      4.12
    1.37      0.65
    4.32      0.74
    0.65      2.68
    3.40      1.37
    0.72      2.09
    2.16     15.02
    0.00     15.02
   17.25      1.96
   16.45      2.88
   17.20     31.57
   17.53     20.66
   18.05      3.26
   17.27     31.50
   35.49     16.43
   16.37     49.95
    2.68      3.99
   38.35     23.51
   19.90     34.20
   50.49     54.77
   22.17     19.31
    4.14      3.48
   19.21      5.50
   20.81      3.47
    2.82      2.68
    1.37      3.33
    4.21      4.64
   18.60     19.69
    4.77      2.68
    9.75      4.26
    3.98      4.91
    4.05      6.29
    3.40     17.94
    2.91      1.96
   17.20      2.10
    5.50      6.74
    3.99      4.28
    5.57      5.52
    4.25      4.14
    1.31      1.37
    4.76      2.68
    2.16      2.82
    2.10      2.68
    2.10      1.38
    1.36      0.72
    4.18      1.37
  104.44    177.54
   45.86     76.57
    1.94    179.27
    2.03     81.71
   66.19     76.52
   35.39     30.81
   57.49    135.05
   84.85    131.30
   44.72     11.64
  157.71     62.79
   27.44      3.61
   79.03     74.80
   77.61     56.57
   55.86     83.19
   66.60     39.35
   93.94     76.38
   78.26     24.78
   93.86    100.75
   82.59     70.57
  113.11     73.83
   10.28     20.38
   67.27     72.94
  101.51     71.91
   39.77     39.13
   90.35     44.51
   24.13      6.33
    5.56      6.24
    3.34      6.29
   19.53     29.91
    3.99      4.26
   18.07      4.28
    4.13      5.64
   21.26     20.66
    4.13      4.13
    3.47      4.71
    3.54      3.34
    3.47      4.06
    5.57     17.00
    3.56      2.10
   16.98      3.41
    5.50      5.52
    3.34      4.78
    4.78      6.18
    4.21      2.20
    4.23      3.40
    0.72      1.31
    3.99      2.89
    2.10      2.10
    2.75      0.72
    0.65      2.68
    2.03      2.10
    2.10      1.44
    1.44      1.31
    0.74      1.96
    2.10      2.70
    3.51      3.35
    2.82      1.44
    2.75      2.03
    2.82      1.44
    1.37      2.68
    2.03      2.12
    1.37      1.39
    2.83      1.31
    1.44      2.03
    0.65     30.76
    3.33     32.77
   46.75     33.32
   34.52      6.22
   34.32     17.79
    2.68     32.86
    2.10     15.68
   48.42     36.79
   19.28     19.12
   19.13     23.34
   23.59     19.86
   51.33     50.43
   20.47      8.22
   20.42      4.93
    6.83      5.61
    2.10      4.73
    2.79      3.33
    4.21      2.68
    6.38      7.39
    6.22     17.81
   18.54      4.12
    5.49      4.33
    3.34      2.82
    5.43      4.91
    1.37      4.08
    4.21     17.10
   17.83      4.06
    2.75      2.12
    5.52      4.93
    5.43      4.71
    3.42      6.98
    3.47      1.44
    3.51      4.07
    1.37      0.65
    2.10      3.40
   63.48     61.89
   78.76    184.00
    2.75     80.11
    3.82    175.48
   22.97     28.63
   23.77      2.18
   43.12    129.98
  132.24    157.02
   77.34     43.93
   42.46     23.43
   49.56     36.34
   45.06     21.20
  100.61     55.96
   55.40     30.59
   74.70     82.98
   35.87     28.77
   66.36     65.92
   69.32     72.74
   32.74     27.32
   18.26     19.80
   75.34     20.53
   54.12     61.45
  134.44    113.87
  141.82     96.67
   79.37    106.63
   67.32     67.64
   67.39     98.12
   51.23     21.44
   22.13     11.28
    5.50      2.84
   19.33      1.43
    4.01      6.26
    3.92      5.60
    6.84      6.94
    4.66      4.19
    7.33      6.87
    2.10      3.40
    4.12     19.24
   17.27      2.10
    5.56      2.03
    0.72      3.42
    4.21     17.21
   17.20      2.68
    3.42      4.87
    5.56      5.51
    4.77      4.79
    3.49      2.75
    3.47      3.49
    3.47      1.37
    2.79      2.84
    1.38      0.00
    2.03      2.82
    0.00      1.96
    2.03      1.37
    0.74      3.33
    3.54      1.37
    1.37      1.37
    4.19      2.05
    2.12      3.34
    1.44      2.03
    3.40      2.03
    4.87      4.28
    0.65      2.05
    3.47      2.75
    1.44      0.00
    1.96      3.49
    2.75      2.75
   17.56     62.09
   18.31     17.77
    4.11      3.48
   32.31     33.48
   33.39      4.92
    3.33      3.47
    5.64     17.02
    4.07     51.02
   60.39     35.00
   54.22     37.82
    6.30     50.50
   35.42     20.61
   37.91     21.95
    4.81      3.54
   20.11      5.55
   17.99      4.71
    5.02      4.64
    4.05      5.46
    8.33      7.54
    7.05      3.54
    2.68      2.75
    5.99      4.19
    4.64      3.54
    2.16      1.44
    2.03      3.35
    2.05      4.12
    3.47      2.03
    2.84      3.42
    4.64      6.29
    6.94      4.78
    4.14      3.49
    1.96      3.47
   58.68     29.09
   78.85    179.83
   48.28     80.84
   61.66    210.49
    1.44     27.80
   23.31     41.86
  108.49    115.54
   24.47    104.98
   83.04     68.77
   56.99     31.56
    5.68     11.77
   33.17      3.86
   15.83      4.78
   59.78     49.20
   39.21     29.02
   25.76     27.29
   51.05     50.59
  135.10     54.80
    6.97     30.14
   81.29     84.03
   76.14     51.48
   43.96     51.99
   30.10     41.19
   48.92     22.50
   57.80     50.31
  151.71    103.35
   63.83     47.08
   32.06     53.12
   36.28     38.30
   56.48     21.80
   58.04     70.40
   22.54     19.34
   33.92     20.05
    5.65      5.64
    4.05      2.86
    7.48      6.96
    4.14      3.54
    5.43      8.94
    2.68      4.78
    5.60      4.64
    4.47      5.28
    4.19      3.54
    4.92      0.72
    3.63      2.05
    3.27      3.47
    2.17      2.10
    2.11      2.70
    3.33      6.80
    6.08      6.17
    3.56      2.16
    4.91      2.75
    2.68      2.10
    2.10      1.44
    1.44      2.61
    1.31      1.38
    2.12      3.40
    4.14      2.85
    1.39      2.03
    3.54      2.03
    0.72      1.31
    2.10     16.99
    2.75      3.49
   17.26      1.37
    2.10      2.10
    5.50      6.18
    0.00      0.00
    2.61     17.94
    5.51     18.55
   30.90      3.46
    3.61      1.31
   17.72     35.56
   33.08     33.79
    5.67      2.03
    1.37     16.41
    3.40     21.17
   33.44     18.67
   51.06     33.81
   19.21     49.50
   18.64      3.40
   24.62     25.31
    5.50     18.65
   54.19     38.99
    4.19     18.48
   20.60      4.70
   17.72      4.07
    8.49      8.13
    5.36      9.08
    7.12      1.44
    6.05      4.13
    4.08      3.40
    2.75      4.89
    5.32      5.64
    5.61      2.82
    3.40      5.52
    1.39      2.03
    2.75      2.03
    3.47      2.82
    2.84      2.05
    3.33      3.49
    4.05      4.56
   65.42     82.66
   74.48    127.55
   21.08    134.40
   22.36    127.63
    5.96     77.98
   55.68     81.11
   29.81     43.24
   49.77     97.61
  153.84     90.65
   33.81     46.32
   53.28     15.32
   72.08     36.47
    3.58     16.93
   31.35     10.28
   56.38     25.47
   84.82     50.86
    5.48      4.77
   67.44     85.79
   48.62     32.93
   92.69     39.97
   72.32     49.32
   42.62     69.46
   45.99     13.52
   19.21     18.20
   27.56      3.83
   30.63     55.89
   34.00     33.64
  128.85     97.03
    9.65     20.59
   60.07     38.29
   12.45     38.23
   69.93     22.90
    8.99     34.24
   32.10     26.93
   22.83      3.54
   51.78     58.82
   24.56     19.99
   35.13      7.80
    6.23      7.61
    2.77      2.03
    2.82      4.06
    4.08      4.64
    6.31      5.70
    2.03      1.40
    4.30      2.10
    3.40      2.70
    1.96      4.26
    5.66      3.40
    1.39      2.05
    4.06      4.14
    3.51      6.15
    3.51      2.10
    4.91      3.33
    2.68      4.19
    4.06      4.12
    4.28      1.38
    2.12      1.44
    2.12      1.96
    2.03      4.13
    2.10      2.03
    2.10      1.39
    3.56      2.03
    1.96      2.05
    0.72      4.08
    3.56     30.13
   19.01      2.86
    1.96      3.47
   19.14     19.30
   18.33      4.85
    3.54     16.32
   62.57     51.96
    5.03      2.05
    4.19     15.83
    2.03     17.88
    4.06      4.87
   16.51     17.77
   48.44     20.73
   17.16     34.08
   20.67     23.19
   20.82      2.10
    5.57     21.20
   22.77     35.06
   33.69     31.66
   18.59      5.57
   19.28      8.04
    4.01      5.59
    8.46      6.09
    5.58      6.73
   19.71     18.35
    6.99      4.24
    6.87      6.24
    2.78      2.77
    3.40      4.71
    4.89      3.56
    6.83      6.33
    0.72      1.31
    2.03      2.68
    3.58      3.40
    4.05      2.11
   94.38    116.06
   35.07    106.69
   23.65    162.38
    5.54    107.43
   50.83     68.66
   16.35      3.45
   90.10    223.43
    2.68     81.59
   52.69     95.71
   38.75     28.76
   70.85     33.95
  100.21     89.96
   64.49     12.42
  134.83    139.96
   12.46      4.94
   83.82     60.28
   27.58     29.47
   62.36     37.87
   71.32     69.29
   22.97      4.12
   68.98     57.33
   19.12     48.25
  123.86     83.86
   36.40     11.97
  123.65     92.16
   31.05     32.21
   66.70     70.88
   55.84      8.45
   95.00     86.56
   54.32     27.95
   47.08     47.86
   55.50     44.95
   32.29      7.94
    6.45     34.14
   18.28     33.75
   21.85      4.13
   21.67      8.47
    5.50      5.51
    9.56      7.60
    5.52      4.93
    4.73      7.66
   19.16     17.77
    4.89      5.63
    4.93      4.05
    4.71      5.54
    3.52      1.44
    2.77      0.72
    4.13      5.55
    2.75      1.38
    1.37      2.75
    2.14      1.31
    3.47      4.15
    3.34      8.81
    7.00      4.18
    5.67      3.49
    2.74      2.68
    4.14      2.17
    2.91      3.33
    4.06      4.85
    2.70      2.75
    5.64      2.10
    0.65      4.06
    1.44      0.65
    2.77      2.12
    3.47      3.36
    2.75      4.06
    2.86      1.48
   17.78     31.55
   21.35      5.66
   17.28     19.72
   17.94     16.54
   19.88     19.22
    2.09     19.81
   19.93     17.18
   20.66     18.54
   16.47      2.10
    4.12     18.50
    2.70     34.10
   17.70     19.80
   19.17     19.81
   34.00     20.29
   39.52      6.15
    6.21      6.80
   18.27     17.69
    4.85      3.47
   19.80     49.20
   16.92     21.03
   36.31      6.26
    6.38      8.18
    5.57      6.09
    6.22      4.89
    5.26      3.88
    6.98      5.45
   20.57     20.04
    4.73      5.52
    5.76      3.51
    2.68      3.40
    4.94      3.56
    1.86      1.78
   80.37     82.07
   57.36    102.70
   17.39    105.89
   38.72    186.33
   56.20     53.39
   27.79     94.65
   25.22    127.98
   58.75     78.10
   11.00     41.06
   52.69    109.65
   28.58      4.13
   86.67      7.90
   25.25     57.99
   25.99     29.47
   38.00     85.35
   29.65     28.48
   40.20     30.85
   34.62     25.98
   25.22     55.55
   99.16     35.08
   52.58     50.77
    5.03      5.76
   77.14     50.50
   60.21     37.61
   77.33     77.94
    4.67     17.97
   71.05     78.76
  110.29     78.51
   29.83     25.78
   83.81     98.55
   43.83     27.56
   45.22     84.66
   49.66     24.98
  110.71     57.99
    4.13      2.75
  117.25     96.80
   34.94     44.42
   36.55     20.67
   34.05     51.69
   22.88      6.94
   23.32      4.91
    5.59      6.24
    4.40      6.72
    4.86      4.80
    5.52      6.17
    6.78      5.59
    7.03      5.67
    3.33      4.05
    3.58      2.20
    3.33      4.12
    2.89      1.39
    1.37      1.31
    1.46      0.72
    2.75      5.40
    2.79      3.35
    4.89      5.54
    5.54      4.73
    7.72      3.58
    4.14      6.24
    1.31      2.10
    3.47      3.33
    3.54      2.75
    3.42      1.96
    3.34      4.28
    2.84      3.44
    3.60      4.06
   17.13     17.21
    2.10      1.96
    2.12     17.08
    6.16      4.87
    5.52      6.31
   20.74      4.19
   17.77     18.57
    4.06      6.15
    3.47      2.75
   34.01     33.44
    2.16      2.03
    4.07      3.54
   18.41     35.59
    3.40     18.26
   33.36     35.23
   20.16      5.29
   49.98     81.80
   24.81      6.15
   24.40      4.78
   17.86     19.18
    5.56      2.82
   18.50     32.78
    2.10      6.67
   34.37     20.28
    6.22      7.57
   22.30     19.98
    3.54      3.27
    6.17      4.30
    3.47      4.12
    6.91      7.43
    6.08      7.71
    4.98      4.71
    6.97      4.19
   33.35      1.95
   69.05    118.70
   47.80     78.10
   60.22    214.75
    2.64     78.54
   40.85    119.18
   30.56     16.61
   40.03    172.19
   47.26     17.24
   60.42    151.98
   26.75     23.49
   25.17     65.34
   99.99     50.16
   60.94     43.20
  114.82     35.92
   30.15     32.46
    5.56     14.56
   47.13     51.84
   43.90     38.48
   54.89     50.54
   42.18     35.73
   31.36     36.80
   30.92     15.39
   78.36     46.23
   60.30     28.10
  129.79     99.64
   53.66     53.82
    3.46     69.26
  115.17     54.20
   64.03     34.96
   65.79     62.56
   78.83     60.19
   62.50     50.63
   82.74     59.28
   51.79     56.02
   35.60     32.18
   37.07     18.61
    7.91     17.94
    2.75      3.47
    2.75     19.13
    5.50      4.12
   21.15      6.93
   20.43     18.60
    6.19      6.30
    3.41      3.47
    3.42      3.49
    3.49      6.10
    6.12      4.90
    8.20      9.00
    4.71      5.65
    4.21      6.10
    4.20      1.38
    2.91      1.38
    4.19      3.42
    1.40      1.40
    2.75      5.39
    2.84      3.33
    4.89      3.40
    6.28      3.53
    5.54      5.54
    4.89      4.87
    4.87      4.21
    2.75      2.10
    1.37      1.37
    2.68      4.06
    2.05      3.47
    3.51      2.77
    2.82      2.70
    1.96      4.84
    2.93     17.01
    4.14      2.77
   34.92     36.27
    7.91      3.51
    3.42      2.86
   18.59     21.19
    3.42      3.47
   18.55      4.78
   21.39     20.14
    5.52     17.27
    2.05      2.03
   17.48      4.33
    2.90     17.08
   18.91     35.02
   62.28     57.47
   36.40     18.84
   38.98     51.24
   37.85     22.70
   22.55     23.02
    7.84      2.05
    4.87      4.71
    3.34      4.78
    4.19     21.26
    5.57      4.78
   18.00      5.38
   19.97     18.53
    7.03      4.95
    4.27      2.75
    3.42      4.01
    6.09      7.50
    3.54      4.05
   83.75    115.75
    4.03      5.63
   71.82    216.36
    5.81      6.21
   20.96    131.02
   29.91     50.73
    2.77    156.96
   15.50     29.91
   15.57     83.78
   25.92     45.44
    5.62     55.59
   94.71     59.51
   52.03     74.22
   40.85     41.27
  109.10     39.85
   97.00     48.59
   63.54     52.28
   55.73     39.84
   41.24     56.41
   70.05     55.56
   56.76     47.67
   20.94     52.42
   26.82     54.19
  108.27     46.97
   18.89     24.88
   69.60     32.16
    6.86     27.45
   66.09     33.28
   35.24     57.36
   76.56     32.21
   79.86     94.95
   77.35     57.70
   52.82     62.04
   88.40     88.84
   80.11     59.18
   45.81     24.37
   48.95     33.69
  101.11     54.28
   25.06     11.46
    6.31      2.10
    4.82      6.24
    6.81      4.85
    4.78      4.19
    1.31      3.54
    6.75      6.89
    2.68      4.91
    4.71      2.84
    5.54      6.28
    3.49      4.80
    7.41      5.73
    2.20      1.39
    2.68      3.33
    1.44      5.37
    4.85      3.33
    5.50      7.63
    5.68      4.04
    2.90      0.65
    5.50      4.06
    2.86      4.16
    4.12      4.72
    5.57      4.25
    5.53      5.60
    3.27      2.44
    4.73      2.75
    2.11      4.22
    5.44      4.92
    2.05      1.37
    3.42      2.75
    1.31      2.77
    3.47      4.08
    4.85      6.12
    4.86      5.59
    4.97      1.37
    2.75     32.81
    5.38      5.63
   18.56     21.23
   22.81      5.43
   16.76     20.45
   22.06     17.15
    3.56      2.88
   33.56     19.44
    2.84      2.05
    5.38     21.17
    3.40     34.16
   80.96     70.45
   54.15     22.11
    4.99     18.45
   37.60     37.21
   37.11     34.94
   20.67     21.99
    5.52      4.14
    8.32      8.25
   20.41      5.52
    5.07      2.70
    2.82      4.64
    2.82      2.68
    4.12      5.36
    5.57      4.87
    4.13      1.39
   93.12    133.90
    4.17      4.27
    5.61    132.98
   65.34    125.96
    2.66      3.44
   37.08    186.35
    4.01     84.31
    4.13      1.44
   24.71      4.06
   22.42    149.24
   54.82     45.59
    5.73     23.36
   75.33    102.86
   72.37    102.46
   36.95     58.39
   88.21     36.63
   56.18      8.10
   48.48     86.90
   44.75     22.06
   69.03     65.22
   83.66     59.51
   72.14     45.69
   77.24     69.41
    9.70     43.74
   37.15     35.46
   71.51     64.97
   39.67      8.32
   46.24    102.87
   76.99     50.90
   62.21     82.44
   30.02     24.52
   44.00     45.66
   84.29     55.20
   50.10     29.19
   73.97     45.02
   38.48     98.97
   50.76     27.81
   22.58      9.71
   47.33     35.33
   21.89     33.33
   31.48      6.30
   23.76     10.38
   31.49     25.70
    7.46     23.15
   28.91     15.03
    5.44      4.90
   17.91      4.93
    4.79      4.26
    2.68      4.80
    8.85      6.40
    0.72      2.70
    4.79      3.33
    6.04      9.25
    3.62      2.68
    2.75      4.06
    4.20      2.68
    4.19      5.45
    3.65      0.65
    6.17      4.93
    2.75      3.33
    2.03      3.99
    4.23      5.54
    3.57      0.65
    3.99      4.88
    6.43      4.23
    4.05      4.14
    4.10      5.61
    4.90      2.77
    2.68      2.18
    1.38      3.42
    3.42      3.98
    5.50      7.63
    5.50      4.71
    5.65      3.54
    1.37     15.69
    3.49      2.79
    4.74      5.60
   19.98      4.90
    4.12      6.87
   17.77     34.95
   33.48     17.95
    6.33      2.75
   19.87     18.64
    3.47     32.67
   32.50     36.59
   39.00     10.29
    7.06     21.25
    6.31     34.17
   36.37      7.62
   24.25     25.32
    8.48     19.73
    4.85     33.93
   36.12      7.55
   22.06      8.18
    9.64      9.08
    5.05      3.36
    3.56      2.03
   17.19     18.52
    3.41     16.73
   78.72     84.70
    5.11     27.45
    5.62     81.55
   75.41    146.52
   18.06      3.62
   26.06    160.99
   27.87    123.76
    4.81     28.89
   70.16     80.41
   24.64    133.03
   49.91     51.07
   42.38     54.49
   51.14     40.89
   63.79     35.56
   29.34     77.73
   61.40     11.53
  103.86     59.54
   38.18     34.27
   49.53     15.70
   18.05      3.44
   60.19     47.07
   10.70      4.63
   35.52     71.89
   58.80     35.63
   30.62     44.63
   73.28     33.58
   41.35     52.71
  118.48     68.99
   55.74     22.56
   74.61     36.13
   18.21     15.27
    6.94     16.05
   69.81     77.55
   19.02      4.69
  112.87     71.09
   77.08     55.52
   55.94     66.99
   32.17     10.30
   47.74     37.99
   75.54     16.55
    8.19      9.86
   21.17     22.76
    5.59     18.42
    5.61     35.64
   39.09     10.32
   34.57     27.45
   42.76     18.70
    8.32      4.19
    2.05      2.82
   18.13     19.07
    2.84      2.12
    4.08     19.98
    2.68      2.84
    6.17      4.21
    5.37      4.86
    5.12      7.57
    2.77      2.68
    7.04      7.54
    2.75      2.75
    2.89      1.31
    6.26      4.08
    2.68      4.12
    3.54      4.15
    2.86      1.37
    3.47      3.35
    2.05      4.78
    4.80      4.18
    6.45      2.68
    4.66      6.40
    4.16      2.94
    3.33      3.33
    2.75      6.91
   10.33      3.49
    7.05     19.96
    4.96      2.10
   19.64      4.72
    6.46      2.84
   23.76     21.79
    4.94      4.10
    6.67     19.90
    4.15      6.35
    7.66     19.88
   19.75      3.49
   17.70     20.60
   19.75     17.22
    3.99      7.53
   37.63     36.14
   36.70     54.69
   34.65     19.26
   21.18     49.91
   23.44      9.07
   35.54      5.50
    6.89      6.98
   22.64     35.78
    5.54      8.20
   21.25     10.40
    9.23     33.57
   22.76      7.68
    4.84      0.00
    1.29      0.00
    0.00      0.00
    0.00      0.00
    0.00      0.00
    0.00      0.00
    0.00      0.00
    0.00      0.00
    0.00      0.00
    0.00      0.00
    0.00      0.00
    0.00      0.00
    0.00      0.00
    0.00      0.00
    0.00      0.00
    0.00      0.00
    0.00      0.00
    0.00      0.00
    0.00      0.00
    0.00      0.00
    0.00      0.00
    0.00      0.00
    0.00      0.00
    0.00      0.00
    0.00      0.00
    0.00      0.00
    0.00      0.00
    0.00      0.00
    0.00      0.00
    0.00      0.00
    0.00      0.00
    0.00      0.00
    0.00      0.00
    0.00      0.00
    0.00      0.00
    0.41      0.41
    0.00      0.00
    0.00      0.00
