      h_eth1      
 KB/s in  KB/s out
    0.00      0.00
    0.00      0.00
    0.00      0.00
    0.00      0.00
    0.00      0.00
    0.00      0.00
    0.00      0.00
    0.00      0.00
    0.00      0.00
    0.00      0.00
    0.00      0.00
    0.00      0.00
    0.00      0.00
    0.00      0.00
    0.00      0.00
    0.00      0.00
    0.00      0.00
    0.00      0.00
    0.00      0.00
    0.00      0.00
    0.00      0.00
    0.00      0.00
    0.00      0.00
    0.00      0.00
    0.00      0.00
    0.00      0.00
    0.00      0.00
    0.00      0.00
    1.36      0.00
    0.00      0.00
    0.00      0.00
    0.00      0.00
    0.00      0.00
    0.00      0.00
    0.00      0.00
    0.00      0.00
    0.00      0.00
    0.00      0.00
    0.00      0.00
    0.00      0.00
    0.00      0.00
    0.00      0.00
    0.00      0.00
    0.00      0.00
    0.00      0.00
    0.00      0.00
    0.00      0.00
    0.00      0.00
    0.00      0.00
    0.00      0.00
    0.00      0.00
    0.00      0.00
    0.00      0.00
    0.00      0.00
    0.00      0.00
    0.00      0.00
    0.00      0.00
    0.00      0.00
    0.00      0.00
    0.00      0.00
    0.00      0.00
    0.00      0.00
    0.00      0.00
    0.00      0.00
    0.00      0.00
    0.00      0.00
    0.00      0.00
    0.00      0.00
    0.00      0.00
    0.68      0.00
    0.00      0.00
    0.00      0.00
    0.00      0.00
    0.00      0.00
    0.00      0.00
    0.00      0.00
    0.00      0.00
    0.00      0.00
    0.00      0.00
    0.00      0.00
    0.00      0.00
    0.00      0.00
    0.00      0.00
    0.00      0.00
    0.00      0.00
    0.00      0.00
    0.00      0.00
    0.00      0.00
    0.00      0.00
    0.00      0.00
    0.00      0.00
    0.00      0.00
    0.00      0.00
    0.00      0.00
    0.00      0.00
    0.00      0.00
    0.00      0.00
    0.00      0.00
    0.00      0.00
    0.00      0.00
    0.00      0.00
    0.00      0.00
    0.00      0.00
    0.00      0.00
    0.00      0.00
    0.00      0.00
    0.00      0.00
    0.00      0.00
    0.00      0.00
    0.00      0.00
    2.05      0.00
    0.41      0.00
    0.00      0.00
    0.00      0.00
    0.00      0.00
    0.00      0.00
    0.00      0.00
    0.00      0.00
    0.00      0.00
    0.00      0.00
    0.00      0.00
    0.00      0.00
    0.00      0.00
    0.00      0.00
    0.00      0.00
    0.00      0.00
    0.00      0.00
    0.00      0.00
    0.00      0.00
    0.00      0.00
    0.00      0.00
    0.00      0.00
    0.00      0.00
    0.00      0.00
    0.00      0.00
    0.00      0.00
    0.00      0.00
    0.00      0.00
    0.00      0.00
    0.00      0.00
    0.00      0.00
    0.00      0.00
    0.00      0.00
    0.00      0.00
    0.00      0.00
    0.00      0.00
    0.00      0.00
    0.00      0.00
    0.00      0.00
    0.00      0.00
    0.00      0.00
    1.36      0.00
    0.00      0.00
    0.00      0.00
    0.00      0.00
    0.00      0.00
    0.00      0.00
    0.00      0.00
    0.00      0.00
    0.00      0.00
    0.00      0.00
    0.00      0.00
    0.00      0.00
    0.00      0.00
    0.00      0.00
    0.00      0.00
    0.00      0.00
    0.00      0.00
    0.00      0.00
    0.00      0.00
    0.00      0.00
    0.00      0.00
    0.00      0.00
    0.00      0.00
    0.00      0.00
    0.00      0.00
    0.00      0.00
    0.00      0.00
    0.00      0.00
    0.00      0.00
    0.00      0.00
    0.00      0.00
    0.00      0.00
    0.00      0.00
    0.00      0.00
    0.00      0.00
    0.00      0.00
    0.00      0.00
    0.00      0.00
    0.00      0.00
    0.00      0.00
    0.00      0.00
    0.00      0.00
    0.00      0.00
    0.00      0.00
    0.00      0.00
    0.00      0.00
    0.00      0.00
    0.00      0.00
    0.00      0.00
    0.00      0.00
    0.00      0.00
    0.00      0.00
    0.00      0.00
    0.00      0.00
    0.00      0.00
    0.00      0.00
    0.00      0.00
    0.00      0.00
    0.00      0.00
    0.00      0.00
    0.00      0.00
    0.00      0.00
    0.00      0.00
    0.00      0.00
    0.00      0.00
    0.00      0.00
    0.00      0.00
    0.00      0.00
    0.00      0.00
    0.00      0.00
    0.00      0.00
    0.00      0.00
    0.00      0.00
    0.00      0.00
    0.00      0.00
    0.00      0.00
    0.00      0.00
    0.00      0.00
    0.00      0.00
    0.00      0.00
    0.00      0.00
    0.68      0.00
    0.00      0.00
    0.00      0.00
    0.00      0.00
    0.00      0.00
    0.00      0.00
    0.00      0.00
    0.00      0.00
    0.00      0.00
    0.00      0.00
    0.00      0.00
    0.00      0.00
    0.00      0.00
    0.00      0.00
    0.00      0.00
    0.00      0.00
    0.00      0.00
    0.00      0.00
    0.00      0.00
    0.00      0.00
    0.00      0.00
    0.00      0.00
    0.00      0.00
    0.00      0.00
    0.00      0.00
    0.00      0.00
    0.00      0.00
    0.00      0.00
    0.00      0.00
    0.00      0.00
    0.00      0.00
    0.00      0.00
    0.00      0.00
    0.00      0.00
    0.00      0.00
    0.00      0.00
    0.00      0.00
    0.00      0.00
    0.00      0.00
    0.00      0.00
    0.00      0.00
    0.00      0.00
    0.00      0.00
    0.00      0.00
    0.00      0.00
    0.00      0.00
    0.00      0.00
    0.00      0.00
    0.00      0.00
    0.00      0.00
    0.00      0.00
    0.00      0.00
    0.00      0.00
    0.00      0.00
    0.00      0.00
    0.00      0.00
    0.00      0.00
    0.00      0.00
    0.00      0.00
    0.00      0.00
    0.00      0.00
    0.00      0.00
    0.00      0.00
    0.00      0.00
    0.00      0.00
    0.00      0.00
    0.00      0.00
    0.00      0.00
    0.00      0.00
    0.00      0.00
    0.00      0.00
    0.00      0.00
    0.00      0.00
    0.00      0.00
    0.00      0.00
    0.00      0.00
    0.00      0.00
    0.00      0.00
    0.41      0.00
    0.00      0.00
    0.00      0.00
    0.00      0.00
    0.00      0.00
    0.00      0.00
    0.00      0.00
    0.00      0.00
    0.00      0.00
    0.00      0.00
    0.00      0.00
    0.00      0.00
    0.00      0.00
    0.00      0.00
    0.00      0.00
    0.00      0.00
    0.00      0.00
    0.00      0.00
    0.00      0.00
    0.00      0.00
    0.00      0.00
    0.00      0.00
    0.00      0.00
    0.00      0.00
    0.00      0.00
    0.00      0.00
    0.00      0.00
    0.00      0.00
    0.00      0.00
    0.00      0.00
    0.00      0.00
    0.00      0.00
    0.00      0.00
    0.00      0.00
    0.00      0.00
    0.00      0.00
    0.00      0.00
    0.00      0.00
    0.00      0.00
    0.00      0.00
    0.00      0.00
    0.00      0.00
    0.00      0.00
    0.00      0.00
    0.00      0.00
    0.00      0.00
    0.00      0.00
    0.00      0.00
    0.00      0.00
    0.00      0.00
    0.00      0.00
    0.00      0.00
    0.00      0.00
    0.00      0.00
    0.00      0.00
    0.00      0.00
    0.00      0.00
    0.00      0.00
    0.00      0.00
    0.00      0.00
    0.00      0.00
    0.00      0.00
    0.00      0.00
    0.00      0.00
    0.00      0.00
    0.00      0.00
    0.00      0.00
    0.00      0.00
    0.00      0.00
    0.00      0.00
    0.00      0.00
    0.00      0.00
    0.00      0.00
    0.00      0.00
    0.00      0.00
    0.00      0.00
    0.00      0.00
    0.00      0.00
    0.00      0.00
    0.00      0.00
    0.00      0.00
    0.00      0.00
    0.00      0.00
    0.00      0.00
    0.00      0.00
    0.00      0.00
    0.00      0.00
    0.00      0.00
    0.00      0.00
    0.00      0.00
    0.00      0.00
    0.00      0.00
    0.00      0.00
    0.00      0.00
    0.00      0.00
    0.00      0.00
    0.00      0.00
    0.00      0.00
    0.00      0.00
    0.00      0.00
   26.60     26.19
   21.23     47.73
   27.28     11.74
   13.92      1.43
    0.00      0.00
    0.00      0.00
    0.00      0.00
    0.00      0.00
    0.00      0.00
    0.00      0.00
    0.00     14.83
  606.33    246.59
  634.15    332.27
 1043.43   1675.17
  818.36    652.77
  423.18    592.23
  333.74    183.13
  286.59    118.41
  209.03     54.04
  108.24     40.36
   34.80     29.44
   53.82     34.43
   28.77      7.02
   12.42      3.18
    9.59      1.74
    0.00      0.00
    0.00      0.00
    0.00      0.00
    0.00      0.00
    0.00      0.00
    0.00      0.00
    0.00      0.00
    0.00      0.00
    0.00      0.00
    0.00      0.00
    0.00      0.00
    0.00      0.00
    0.00      0.00
    0.00      0.00
    0.00      0.00
    0.00      0.00
    0.00      0.00
    0.00      0.00
    0.00      0.00
    0.00      0.00
    0.00      0.00
    0.00      0.00
    0.00      0.00
    0.00      0.00
    0.00      0.00
    0.00      0.00
    0.00      0.00
    0.41      0.41
    0.00      0.00
    0.00      0.00
    0.00      0.00
    0.00      0.00
    0.00      0.00
    0.00      0.00
    0.00      0.00
    0.00      0.00
    0.00      0.00
    0.00      0.00
   45.45     44.79
   91.08    148.76
  118.41    107.57
   46.72     75.54
   90.75     63.27
   43.96     15.81
   44.64     59.06
   15.08     30.20
   46.72     15.86
    1.45     14.38
   14.43     15.10
    0.72      0.00
   15.82      1.45
   14.43      0.72
    0.00      0.00
    0.00      0.00
    0.00      0.00
    0.00      0.00
    0.00      0.00
    0.00      0.00
    0.00      0.00
    0.00      0.00
    0.00      0.00
    0.00      0.00
    0.00      0.00
    0.00      0.00
    0.00      0.00
    0.00      0.00
    0.00      0.00
    0.00      0.00
    0.00      0.00
    0.00      0.00
    0.00      0.00
    0.00      0.00
    0.00      0.00
    0.00      0.00
    0.00      0.00
    0.82      0.00
    0.00      0.00
    0.00      0.00
    0.00      0.00
    0.00      0.00
    0.00      0.00
    0.00      0.00
    0.00      0.00
    0.00      0.00
    0.00      0.00
   14.34     14.34
  239.64    360.08
  257.68    235.38
  249.10    184.77
  211.58    192.08
  101.14    112.71
  110.33     72.94
  140.87    146.55
  120.59     63.47
   66.47     33.89
   87.97     58.46
   44.25     52.12
   14.79     16.25
   41.33     32.83
   16.96      0.71
    0.00     14.79
   15.57     14.79
   16.23      2.17
    0.00      0.00
   14.85      0.72
    0.00      0.00
    0.00      0.00
    0.00      0.00
    0.00      0.00
    0.00      0.00
    0.00      0.00
    0.00      0.00
    0.00      0.00
    0.00      0.00
    0.00      0.00
    0.00      0.00
    0.00      0.00
    0.00      0.00
    0.00      0.00
    0.00      0.00
    0.00      0.00
    0.00      0.00
    0.00      0.00
    0.00      0.00
    0.68      0.00
    0.00      0.00
    0.00      0.00
    0.00      0.00
    0.00      0.00
    0.00      0.00
    0.00      0.00
    0.00      0.00
    0.00      0.00
    0.00      0.00
    0.00      0.00
    0.00      0.00
    0.00      0.00
    0.00     15.10
   89.14     89.98
   92.58     76.79
   46.59     90.23
   63.78     17.87
   60.12     93.75
   61.68     60.76
   30.70     62.22
   93.82     64.28
   47.36     31.58
   60.09     32.28
    1.44     14.99
    2.16     29.98
   30.70      2.15
   30.70     30.76
    0.71     14.99
    0.00      0.00
   31.48     16.45
    0.00      0.72
    0.00      0.00
   15.77      0.72
    0.00      0.00
    0.00      0.00
    0.00      0.00
    0.00      0.00
    0.00      0.00
    0.00      0.00
    0.00      0.00
    0.00      0.00
    0.00      0.00
    0.00      0.00
    0.00      0.00
    0.00      0.00
    0.00      0.00
    0.00      0.00
    0.00      0.00
    0.00      0.00
    0.82      0.00
    0.00      0.00
    0.00      0.00
    0.00      0.00
    0.00      0.00
    0.00      0.00
    0.00      0.00
    0.00      0.00
    0.00      0.00
    0.00      0.00
    0.00      0.00
  113.93    148.74
  223.97    271.92
  158.40    146.16
  302.13    241.66
   81.97     92.11
   64.08     48.13
   62.04     98.45
  166.83     81.77
   82.89    101.89
  109.55     62.10
   44.06     77.67
  135.97     77.31
   46.33     40.12
   16.55     16.55
   87.05     50.53
    0.00     15.10
    2.16     15.11
   30.20     17.26
   16.53     15.14
   16.52     31.66
    0.00      0.00
    0.72      0.00
   30.94     16.54
    0.00      0.72
    0.00      0.00
   15.16      0.72
    0.00      0.00
    0.00      0.00
    0.00      0.00
    0.00      0.00
    0.00      0.00
    0.00      0.00
    0.00      0.00
    0.00      0.00
    0.00      0.00
    0.00      0.00
    0.00      0.00
    0.00      0.00
    0.00      0.00
    0.00      0.00
    0.00      0.00
    0.00      0.00
    0.00      0.00
    0.00      0.00
    0.00      0.00
    0.00      0.00
    0.00      0.00
    0.00      0.00
    0.00      0.00
    0.00      0.00
    0.00      0.00
    0.00      0.65
    0.41      0.41
   49.30     76.16
   60.88     63.11
   33.63     30.80
   32.93     19.34
    0.72      1.31
    2.82     30.74
   60.95     49.98
   20.05      2.09
    2.09      4.64
    1.31     31.46
    5.63      2.09
   17.81      3.48
   15.15      0.72
   17.75     16.50
    0.00      0.00
    0.00      0.65
    1.37      1.31
    1.37      1.44
    0.65      0.72
    2.10      2.03
    0.00      0.00
    1.37      0.72
    0.00      0.65
    0.72      0.00
    0.00      0.00
    0.72      0.00
    0.00      0.00
    0.00      0.00
    0.00      0.00
    0.00      0.00
    0.00      0.00
    0.00      0.00
    0.00      0.00
    0.00      0.00
    0.00      0.00
    0.00      0.00
    0.82      0.00
    0.00      0.00
    0.00      0.00
    0.00      0.00
    0.00      0.00
    0.00      0.00
    0.00      0.00
    0.00      0.00
    0.00      0.00
    0.00      0.00
    0.00      0.00
  221.27    216.29
  201.44    278.47
  171.32    121.55
  272.96    209.94
  194.97    153.26
   73.94     42.08
   32.14     34.02
   62.77     39.96
   44.89     23.99
   22.02     40.36
   90.40     56.60
   19.33      4.26
    4.10      1.37
    1.96      3.47
    2.82     17.92
   18.60     18.28
    0.65      2.10
    0.72      0.00
   16.30      0.72
   15.10     15.89
    0.00      0.65
    0.00      1.31
    2.03      2.10
    0.72      0.00
    1.44      0.65
    1.37      0.00
    0.65      0.72
    0.72      0.72
    0.65      0.72
    0.00      0.00
    0.00      0.00
    0.00      0.00
    0.00      0.00
    0.00      0.00
    0.00      0.00
    0.00      0.00
    0.00      0.00
    0.00      0.00
    0.00      0.00
    0.00      0.00
    0.00      0.00
    0.00      0.00
    0.00      0.00
    0.00      0.00
    0.00      0.00
    0.00      0.00
    0.00      0.00
    0.00      0.00
    0.00      0.00
    0.00      0.00
    0.00      0.00
    0.00      0.65
    0.65      0.00
   34.91     48.58
   61.65    103.24
   63.08      5.76
    2.75     17.09
   31.50     48.90
   19.78      2.18
   15.05     15.75
    1.37     17.02
   32.27     19.15
   33.53     36.21
   17.29      0.72
    3.54      2.03
    1.31      4.05
    2.10      0.72
    4.84      2.16
    0.65     16.38
    0.00      0.00
    0.72      0.00
   15.70      1.44
    0.00      0.00
    0.65      0.65
    1.31      2.09
    1.37      2.09
    0.00      0.00
    0.72      0.65
    0.00      0.65
    2.10      0.72
    0.00      0.00
    0.72      0.00
    0.00      0.00
    0.00      0.00
    0.00      0.00
    0.00      0.00
    0.00      0.00
    0.00      0.00
    0.00      0.00
    0.00      0.00
    0.00      0.00
    0.00      0.00
    0.00      0.00
    0.00      0.00
    0.00      0.00
    0.00      0.00
    0.00      0.00
    0.00      0.00
    0.00      0.00
   15.61     26.50
   72.32    100.46
  216.26    264.13
  124.12    131.88
  159.53    171.27
  137.04    116.58
   32.04     49.12
  145.98     85.87
  124.39     62.36
  148.42    128.52
   32.48      5.65
   71.19     16.11
    3.52     30.63
   18.42      4.91
   47.73     49.32
    2.03      3.54
   18.87      1.13
    1.31      1.31
    2.68      6.22
    0.72      0.00
    4.19      1.37
    0.00      0.72
    0.72     15.76
    0.00      0.00
    0.00      0.65
   15.90      1.37
    0.00      0.65
    0.72      0.65
    2.02      1.44
    1.37      0.00
    0.72      1.37
    0.00      0.00
    1.31      0.72
    0.72      0.72
    0.00      0.00
    0.00      0.00
    0.00      0.00
    0.00      0.00
    0.00      0.00
    0.00      0.00
    0.00      0.00
    0.00      0.00
    0.00      0.00
    0.00      0.00
    0.00      0.00
    0.00      0.00
    0.00      0.00
    0.00      0.00
    0.00      0.00
    0.00      0.00
    0.00      0.00
    0.00      0.00
    0.00      0.65
    1.39      1.37
   19.15     19.27
   32.65     46.39
   31.99     33.03
    2.81     31.37
   77.25     50.11
    4.97      1.96
   46.05     63.41
    4.37      1.37
   32.30     31.65
    0.72     18.28
   19.36      2.74
   17.89     18.40
    5.56      3.47
   15.78      0.72
    0.72      1.96
    1.31      2.75
    4.84      2.82
    1.37      0.00
    1.37      2.09
    0.00      0.00
    0.72      0.00
    0.65      1.37
    0.00      0.00
    0.65      0.72
    1.37      1.37
    0.00      0.65
    1.31      0.65
    0.72      1.44
    0.00      0.65
    1.44      0.65
    0.00      0.00
    2.10      0.72
    0.00      0.00
    0.00      0.00
    0.00      0.00
    0.00      0.00
    0.41      0.00
    0.00      0.00
    0.00      0.00
    0.00      0.00
    0.00      0.00
    0.00      0.00
    0.00      0.00
    0.00      0.00
    0.00      0.00
    0.00      0.00
   15.60     26.49
   83.55     96.45
  175.85    250.58
   89.18     52.96
  223.09    318.54
   90.67     68.39
   83.95     47.38
   85.79     63.67
   72.03     76.42
  124.26     81.31
  134.29     64.20
  188.15    127.78
   26.83     13.44
   45.53     42.86
   35.02     28.47
   16.89     16.55
   16.37      7.37
   17.93     16.49
    0.00      1.44
   17.19      1.44
    0.65      3.33
    2.03      2.75
    2.16      0.72
    1.44      0.00
    0.65      2.03
    0.00      0.00
    0.72      0.00
    0.72      1.31
    0.65      0.72
    0.72      0.00
    0.72      0.00
    0.00      0.65
    0.65      0.65
    1.31      2.16
    0.72      0.00
    1.37      1.37
    0.00      0.00
    0.65      0.00
    0.72      0.72
    0.00      0.00
    0.00      0.00
    0.00      0.00
    0.00      0.00
    0.00      0.00
    0.00      0.00
    0.00      0.00
    0.00      0.00
    0.00      0.00
    0.00      0.00
    0.00      0.00
    0.00      0.00
    0.00      0.00
    0.00      0.00
    2.68     16.39
    3.40      4.19
   46.76     48.76
   34.40     17.33
    1.31      2.09
   16.37     31.49
   17.87      3.97
   18.46     32.83
   19.35     17.89
   76.44     91.15
   17.24     17.11
   17.26      5.43
   33.70     33.55
    2.82     17.06
   19.89      4.84
    2.16      0.00
   15.80      3.33
    0.00      0.72
    4.19      2.03
    1.30      1.44
    2.75      2.82
    0.72      0.00
    0.00      0.00
    0.65      1.37
    0.65      0.72
    0.72      0.65
    0.65      0.72
    0.65      0.72
    0.72      0.00
    0.00      0.65
    0.00      0.65
    0.00      0.00
    1.30      2.02
    1.44      0.72
    0.72      0.00
    0.72      0.65
    0.41      0.00
    1.37      0.72
    0.00      0.00
    0.00      0.00
    0.00      0.00
    0.00      0.00
    0.00      0.00
    0.00      0.00
    0.00      0.00
    0.00      0.00
    0.00      0.00
    0.00      0.00
  323.80    453.35
   34.01     25.92
   44.60     83.67
  115.24     94.12
   92.69     77.03
  139.37     88.23
   56.35     32.43
   63.57     31.07
   84.74     59.96
   97.65     48.54
   99.50     72.03
   63.23     50.11
   65.46     78.32
   17.69      2.16
   18.84     21.08
    3.53      1.37
   33.24     34.54
    2.75      2.82
   18.64     16.23
    0.65      0.00
    1.96      4.84
   14.85      0.72
    2.82      1.96
    2.75      2.10
    0.72      0.72
    0.72      0.00
    0.65      1.31
    0.00      0.72
    0.72      0.65
    0.72      0.65
    0.65      0.72
    0.72      0.00
    0.72      0.00
    0.00      0.00
    0.65      0.72
    0.00      0.65
    0.00      0.65
    2.68      2.16
    0.00      0.00
    0.72      0.65
    0.00      0.00
    0.65      0.72
    0.72      0.00
    0.00      0.00
    0.00      0.00
    0.00      0.00
    0.00      0.00
    0.00      0.00
    0.00      0.00
    0.00      0.00
    0.00      0.00
    0.65      0.65
    4.07      3.55
   17.59     18.25
    1.44      2.68
   48.74     77.60
   31.28      3.61
    2.03     17.18
    2.09     16.38
   32.04      4.11
   34.30     32.26
   17.91     19.28
   16.95     32.46
   35.66     33.67
   17.16     32.67
   19.97      2.75
   16.49     19.04
    4.84      2.75
    2.82      3.40
   18.61      1.37
    0.72      2.03
    0.72     15.00
    3.40      2.82
    0.65      1.31
   17.81      2.88
    2.09      1.37
    0.72      0.00
    0.00      0.00
    1.31      1.37
    0.00      0.72
    1.37      0.65
    0.65      0.72
    0.00      0.72
    0.72      0.00
    0.00      0.65
    0.00      0.00
    0.00      0.65
    0.72      0.65
    0.41      0.00
    1.31      1.37
    1.44      0.72
    0.72      0.65
    0.00      0.00
    0.00      0.00
    1.37      0.72
    0.00      0.00
    0.00      0.00
    0.00      0.00
    0.00      0.00
  118.67    179.35
  187.18    184.59
   60.84     95.82
   58.07    155.96
  117.32     84.36
   65.67     55.21
  119.01    131.44
  128.14     66.84
   34.84     30.01
   43.15     23.80
   61.16     77.07
  136.09     80.04
   85.31     42.07
   31.97     30.77
   74.92     59.22
   19.06     17.95
   31.56     21.83
   30.25     31.69
    4.64      5.57
   18.78      2.09
    3.47     18.57
    0.00      0.72
   18.50      2.16
    0.72      2.75
    0.65      1.31
    1.44     15.83
    1.44      1.31
    2.68      2.09
   15.88      1.44
    0.72      0.65
    0.00      0.00
    0.65      2.03
    0.72      0.65
    0.71      0.00
    1.37      0.72
    0.72      0.00
    0.00      0.00
    0.00      0.00
    0.65      0.72
    0.00      0.00
    0.65      0.00
    0.00      1.37
    0.00      0.65
    2.03      1.44
    0.00      0.00
    0.72      0.65
    0.00      0.00
    1.37      0.72
    0.00      0.00
    0.00      0.00
    0.00      0.00
    0.00      0.65
    0.65      0.00
    4.07      4.84
   31.57     17.24
    2.16      1.31
   47.72     61.57
   48.71     49.22
   20.28      5.62
    1.37      0.72
    0.72      2.68
   49.29     77.40
   47.33     32.53
   19.55     19.04
    2.03      4.05
   33.73     19.22
   16.55     34.19
    5.56      2.82
    2.16      3.92
   18.55      4.12
    3.54      2.09
    2.75      1.38
    1.44      3.99
    0.72      0.00
    4.12      0.00
    1.44      2.16
    1.30      1.37
    0.00      1.37
    2.03      2.75
    2.09      1.37
    0.72      0.00
    0.72      0.00
    0.65      0.72
    0.65      0.72
    0.65      1.37
    0.65      0.72
    0.00      0.00
    0.72      0.00
    0.00      0.65
    0.41      0.41
    0.00      0.65
    0.72      0.00
    0.00      0.00
    0.00      0.65
    0.72      0.00
    1.31      1.37
    0.72      0.72
    0.72      0.65
    0.00      0.00
   15.61      0.73
   63.61    132.29
  206.73    263.30
   22.87      3.47
   69.39    178.97
   91.63     94.31
   73.88     47.22
  154.73     98.19
  109.54     52.03
   56.53     57.91
   65.69     11.28
    1.37      0.72
  156.03    135.99
   74.59     76.59
  174.23    158.08
  118.06     40.28
   28.59     36.17
   94.18     56.33
    3.35      3.47
   13.41      5.35
   19.81     19.78
    2.03      3.54
    2.68      2.10
   17.04      2.10
    2.03      2.10
    3.33      4.84
    0.00      0.00
    2.82      1.37
    0.72      0.00
    0.65      1.37
    0.00      1.31
    2.68      2.10
    2.10      1.44
    0.72      0.65
    0.00      0.65
    1.44      0.65
    0.00      0.65
    0.00      0.00
    2.09      0.72
    0.00      0.00
    0.00      0.00
    0.00      0.00
    0.65      0.72
    0.00      0.00
    0.65      0.00
    0.00      0.72
    0.00      0.00
    0.00      0.65
    0.65      0.65
    1.37      1.44
    0.00      0.00
    0.72      0.65
    0.00      0.65
    2.03      2.10
    4.07      3.47
   17.84     17.85
    2.15      1.37
    4.05     17.91
   33.11     34.24
   31.99     30.50
   19.14     35.72
   16.44      2.83
    3.47      4.05
   18.25     16.96
   15.78     17.10
   48.99     79.29
   48.07     32.95
    5.63     18.33
   31.64      5.36
    5.63      2.09
    2.16     19.66
    3.40      2.09
   19.82      3.47
    2.75     16.37
    0.72      2.03
    2.75      4.05
   17.23      0.72
    2.75      2.10
    1.37      0.72
    1.37      0.72
    0.00      0.00
    0.65      1.37
    1.31      3.40
    2.10      1.37
    0.72      0.00
    2.75      1.44
    0.00      0.00
    0.65      0.00
    0.65      2.10
    0.00      0.00
    0.00      0.00
    0.72      0.00
    0.00      0.65
    0.00      0.00
    0.00      0.65
    0.72      0.00
    0.00      0.00
    0.00      0.00
    0.72      0.00
    0.00      0.65
   61.57    104.68
  103.70    152.22
  139.73    205.02
  121.06     92.19
   13.34     32.83
  110.99     56.37
   16.88     18.44
  108.41     54.87
   89.44     43.30
  153.77    131.53
  100.68     70.60
   95.22     72.44
   97.75     56.68
   92.51     54.63
   45.06     23.39
   23.33     26.90
   39.83     36.57
   16.55     16.54
   18.20     48.32
   18.12     19.04
   19.20      3.60
   18.26      4.12
    1.96     18.27
    4.84      2.16
   17.15      2.16
    0.65      2.03
    2.68     17.20
    2.75      3.47
    0.00      0.65
   16.60      1.37
    0.72      0.00
    1.37      0.71
    0.00      0.00
    1.31      2.68
    2.03      2.09
    2.10      2.75
    0.72      0.00
    0.72      0.65
    0.72      0.65
    0.00      0.00
    0.72      0.00
    1.37      0.72
    0.00      0.00
    0.00      0.00
    0.00      0.00
    0.65      0.72
    0.00      0.00
    0.65      0.00
    0.00      0.72
    0.00      0.00
    0.00      0.00
    0.00      0.65
    0.00      0.65
    4.07      2.11
    4.05      4.84
   17.20     19.30
    2.15      1.31
   18.39     32.17
   19.55      3.54
   30.26     33.88
   49.70     46.74
    2.82     20.00
    2.75     18.42
   36.65     19.20
   48.19     32.73
    1.44      1.37
   20.53     35.62
   16.55     18.00
   19.28      3.46
    2.16      2.61
   17.81     34.11
    5.57      3.99
   16.43     17.14
   21.44      4.12
    1.31     17.74
    2.82      0.00
   17.98      4.05
    1.31      2.82
    3.47      0.00
    1.37      2.10
    0.72      0.72
    0.00      0.65
    0.72      0.00
    1.37      0.72
    0.65      0.65
    1.31      4.12
    2.75      1.37
    1.37      0.72
    1.44      0.72
    0.41      0.00
    1.31      1.37
    0.00      0.72
    0.00      0.00
    0.00      0.00
    0.72      0.00
    0.00      0.65
    0.00      0.00
    0.00      0.65
    0.72      0.00
    0.00      0.00
   31.05     27.08
  177.77    277.29
    6.04      0.71
  105.26    255.24
   31.13     21.26
   89.41     73.30
   49.61     39.60
  168.90    150.65
   95.06     45.82
   55.54     24.11
   64.13     69.12
  104.55     49.86
  151.48     89.74
   32.50     64.36
  140.46     94.42
   85.75     43.68
   42.05     22.84
   27.46      6.36
    1.31     18.27
   18.66      3.28
    2.68      2.81
    2.61      3.54
    4.78      3.33
   17.07     35.27
    3.47      2.03
   32.27     17.25
    1.44     17.19
    2.68      1.37
    4.85      5.56
    2.09      0.65
    1.44      0.72
    0.72      0.00
    0.65      0.72
    0.00      0.65
    0.00      0.00
    1.37      0.72
    1.96      2.03
    0.65      2.75
    2.09      1.44
    0.72      0.65
    0.72      0.65
    0.00      0.00
    0.72      0.00
    1.38      0.00
    0.00      0.72
    0.00      0.00
    0.00      0.00
    0.00      0.00
    0.65      0.72
    0.00      0.00
    0.65      0.72
    0.00      0.00
    0.65      0.65
    2.68      3.56
    4.14      3.47
    2.10      2.68
    0.72      1.31
    2.68     18.46
   34.12     47.97
   49.22     20.15
   17.12     31.47
    5.48     20.08
    2.03     17.12
   34.11     23.02
   19.96     45.92
   30.00     46.45
   33.73     20.01
   35.41     38.20
   18.75      2.03
   18.62     18.39
    2.16      2.68
   18.55      2.76
    3.54      4.70
    1.37      2.03
    5.56      4.12
    2.09      2.03
    2.09      1.37
    1.37      2.03
    3.40      4.05
    4.12      3.47
    2.75      2.16
    2.09      0.72
    0.72      0.65
    0.00      0.00
    0.00      0.00
    0.72      0.65
    0.00      1.31
    1.37      1.37
    2.75      2.09
    1.06      1.37
    1.37      0.72
    1.44      0.00
    0.65      0.72
    0.65      1.37
    0.00      0.00
    0.00      0.00
    0.00      0.00
    0.72      0.00
    0.00      0.65
   15.60     26.50
   99.78    123.70
  147.16    215.75
   24.29     66.90
   57.09    181.30
   45.98     39.09
   20.21     18.03
   68.31     89.78
   36.00     34.74
  162.96     85.54
  128.68     95.10
   66.44     61.20
    6.71     21.56
   52.20     29.04
   92.03     64.13
  136.87     94.33
   65.77     69.18
  161.33    125.75
    6.98     20.37
   46.58     39.77
   13.08      5.21
   18.28      2.89
   15.76     18.65
   33.40      3.60
    2.68      3.40
    2.68      3.54
    1.44      1.96
    3.33      2.16
    1.44      1.37
    2.03      2.03
    3.40      2.75
    1.31      3.40
    4.13      4.92
    2.89      0.00
    0.72      0.00
    0.00      0.00
    0.65      0.72
    0.00      0.00
    0.65      1.37
    0.65      1.37
    2.75      2.03
    1.31      1.37
    0.72      1.44
    1.44      0.65
    0.00      0.65
    0.00      0.00
    1.44      0.00
    0.65      0.00
    0.00      0.72
    0.00      0.00
    0.00      0.00
    0.00      0.00
    0.65      1.37
    0.65      1.37
    4.07      2.82
    3.40      4.13
    2.16     15.74
   15.18      1.37
    3.40      2.82
    1.96      2.10
   18.40     19.25
   49.77     49.54
   20.69     21.31
    4.55      3.22
    2.03     18.36
   21.37     36.44
   46.84     32.72
   19.10     17.08
   17.74     36.22
   19.80     22.69
   20.16     17.85
   35.88     19.12
    2.09     17.05
   17.87     16.95
   18.48      4.12
    1.37      2.68
   19.26      2.82
    2.10      2.03
    2.68      2.10
    2.10      1.37
    0.72      3.34
    1.37      0.72
    4.85      2.68
    2.61      4.26
    2.09      2.09
    1.44      0.65
    0.00      0.00
    0.72      0.00
    0.00      1.31
    0.72      0.00
    2.10      1.37
    0.00      0.65
    2.03      2.10
    2.03      2.10
    0.00      0.00
    2.09      0.72
    0.65      0.72
    0.00      0.65
    0.00      0.00
    0.00      0.00
   31.20     53.00
   58.87     99.39
  100.90    182.03
   69.62    134.67
   43.46    147.93
   80.52    113.17
   37.65     24.67
   66.71     50.57
   29.97      5.37
   52.99     43.81
  138.06     79.39
   66.18     57.22
  107.13     79.57
  116.70     84.40
   27.76     12.05
  105.73    122.26
   61.42     30.38
   89.53     54.88
   42.47     36.84
   40.14     26.60
   50.59     46.62
    6.16     21.88
    4.77      2.88
   17.68     17.93
   18.99     17.67
    2.03     17.86
   34.30      6.36
    1.44      0.00
    2.03      2.75
   16.47      2.75
    1.44      0.72
    2.75      1.37
    1.96      4.84
    0.72      1.96
    2.75      2.10
    4.19      1.44
    1.37      0.65
    0.00      0.72
    0.65      0.00
    2.03      0.72
    0.00      2.10
    0.00      0.65
    0.72      0.00
    1.31      2.03
    2.03      2.82
    0.72      0.65
    1.44      0.65
    0.00      0.00
    0.72      0.00
    0.72      0.00
    0.65      0.72
    0.00      0.00
    0.00      0.00
    2.68      2.75
    3.42      2.10
    3.47      5.50
    0.72      0.00
    1.37      2.03
    3.33     17.16
   17.09      2.16
    1.96     32.26
   49.74     20.07
   18.50     20.59
   36.78     34.82
   31.66     31.74
    4.84      4.83
    3.46      4.71
   16.89     47.15
   50.61     47.78
   32.88     21.38
   22.16      8.89
    2.82      1.96
   20.73     20.59
    3.40     33.37
    4.34      2.03
   19.74      2.44
    1.37     19.05
   18.53      2.82
   17.25      2.68
    2.10      1.37
    2.81      1.44
    1.30      3.40
    0.72      1.31
    1.44      0.65
    5.49      3.54
    1.30      2.09
    2.71      0.65
    0.72      1.44
    0.72      0.65
    1.47      2.68
    0.00      0.00
    2.09      0.72
    1.44      0.00
    0.00      0.65
    0.00      0.65
    1.96      2.82
    2.10      0.72
    1.37      0.00
    0.65      1.44
    0.00      0.00
  160.27    174.39
   66.76    153.32
   20.43    176.85
   89.70    181.35
   45.05     60.68
   99.91    103.37
  122.89     53.61
   36.75     12.69
   55.75      6.44
   65.43     69.30
   83.13     42.86
   87.43     53.01
  103.33     96.19
  126.66     43.64
  140.18     94.35
   38.15     38.42
   34.41      9.31
   22.68     19.52
   27.16     71.19
   34.27     33.99
   84.52     70.96
    6.08      5.50
   29.25      5.99
   37.08     36.47
    2.03      3.47
    4.84     17.92
    5.43     18.65
   18.58      2.88
    2.03     17.93
    1.31      1.37
   17.99      3.47
    2.10      0.00
    0.65      1.44
    3.33      2.75
    0.00      4.05
    2.10      0.72
    2.82      0.72
    0.00      1.31
    2.03      1.44
    1.44      0.00
    0.65      0.72
    1.96      2.75
    0.00      0.72
    0.72      0.00
    0.72      0.00
    0.00      1.96
    0.65      1.37
    2.75      2.10
    1.44      0.65
    0.00      0.00
    0.72      0.00
    0.72      0.65
    1.31      0.00
    3.42      4.28
    3.33      2.75
    2.88      3.40
    0.00     14.37
    2.75      2.03
   32.08     18.69
    2.10      1.44
    3.33      4.84
   18.48     17.15
   33.68     49.40
   18.99      6.08
   34.83     32.73
   18.51     19.96
   34.13     35.10
   18.66     33.54
   19.79     16.32
   17.10      3.41
   20.46     25.38
   20.73     20.61
   19.24     32.65
    4.85      6.81
    4.78     17.90
   36.46      4.77
   19.12     18.93
    0.72      3.27
    3.40      3.47
    5.73      1.96
    1.37      2.03
    3.47      2.82
    0.72      0.65
    2.10      3.33
    0.72      0.00
    5.50      1.44
    0.72      2.75
    1.37      0.72
    1.37      1.37
    1.06      1.37
    2.10      1.38
    0.00      1.31
    2.10      0.00
    0.00      0.72
    1.37      0.72
    0.00      0.00
    0.00      0.00
    1.31      2.03
    0.65      2.12
   32.63     52.94
   90.66    128.32
   98.13    153.93
    1.52     77.19
  126.22    244.69
   38.01     29.34
   74.32     51.47
   34.01     10.29
   52.90     33.58
   66.03     41.70
   76.29     56.17
   84.06     36.56
   46.24     41.65
  105.68     84.58
   47.67     40.93
  103.84     62.19
   24.98     52.84
   82.05     67.22
  127.31     92.43
   42.29     30.31
   57.19     81.22
   49.62     18.47
    6.94     22.90
    8.90      5.70
    5.71      2.09
    3.27     20.61
   32.88     36.64
    5.50      4.26
   21.48      2.82
   17.61     20.05
    2.03      2.09
    1.96      2.75
    3.51      2.18
    2.10      1.37
    1.31      2.10
    1.96      1.44
    2.75      4.05
    0.00      0.72
    2.89      1.31
    2.03      1.44
    0.00      0.00
    0.65      1.31
    2.03      1.44
    2.10      2.10
    0.00      0.65
    1.37      0.72
    0.00      0.00
    0.72      0.65
    0.00      0.65
    0.72      0.00
    1.31      2.77
    2.12      1.38
    0.00      0.00
    3.40      2.12
    2.75      2.82
    4.12      4.12
    0.72      0.65
    0.65      1.37
    3.40      1.37
   16.36     17.66
    0.65     16.43
   33.37     20.61
    5.49     33.55
   18.24      3.47
   19.22     34.65
   21.00     50.70
   47.27      5.50
    5.57      3.47
   32.56     61.27
   30.70     19.78
   18.70      2.74
   20.59     49.59
    4.84      6.15
   35.51     20.52
   18.63      4.06
    4.91      3.40
    4.26      3.33
    3.99      3.47
    4.26      6.74
    2.03      4.05
    4.93      3.49
   19.49     16.40
    1.96      4.12
    2.10      1.37
    4.27      1.39
    0.00      2.61
    2.03      2.75
    4.12      0.00
    2.10      2.88
    1.85      1.31
    0.65      0.00
    2.10      1.44
    0.00      0.65
    0.65      2.68
    2.09      0.72
    2.09      1.37
    0.00      0.00
    0.65      0.72
    0.72      0.00
    0.65      1.37
   46.84     53.00
  112.90    188.88
   70.05    141.37
   92.02    151.69
   73.96    111.44
   34.35     32.95
   20.23     22.64
   30.31     28.77
  104.91     88.08
   75.10     58.84
   20.46     54.05
  127.10     67.60
   62.64    101.75
   70.09     29.13
   31.26     41.32
   89.30     79.05
   55.05     21.35
   72.97     35.19
   89.90     76.04
   91.62     74.07
  135.42    124.96
   16.90      7.53
   29.70     38.65
   22.91     17.99
   34.92     20.50
    4.05      4.91
   74.42     40.14
    3.40      2.75
    3.47      3.47
    4.06      4.19
    6.23      4.19
    3.47      4.91
    1.96      2.12
    4.80      3.56
    1.37      2.75
    1.37      0.72
    1.96      2.11
    2.77      4.78
    3.40      1.37
    2.82      2.16
    0.00      0.00
    1.37      2.03
    1.37      0.72
    0.65      0.72
    2.03      2.68
    0.00      0.72
    2.82      1.37
    0.00      0.00
    0.65      1.37
    0.72      0.00
    0.72      0.65
    0.65      0.72
    0.65      0.65
    4.06      5.52
    3.51      2.82
    4.19      4.06
    1.44      0.00
    0.72      1.31
    4.70     17.27
    1.31      2.16
    0.65      2.09
    3.40      2.75
    3.98      4.91
   16.88     35.19
   21.45      4.84
   19.84     33.10
   20.28     21.73
   35.68     36.99
   36.17     17.90
   17.28     34.33
   34.98     31.34
    2.16     15.00
   34.80      8.25
   18.60     22.52
    8.25     22.50
   34.20     18.89
   20.08     31.46
    4.77      4.70
   19.23      2.81
    2.82      4.77
    2.68      5.36
    3.54      2.75
    4.33      1.31
    2.03      4.71
    4.77      2.09
    2.90      2.11
    2.16      1.31
    0.65      3.34
    1.37      2.03
    7.06      3.56
    0.72      0.00
    2.10      2.03
    0.00      0.65
    2.09      0.65
    1.37      2.10
    0.72      0.65
    2.03      2.09
    1.37      0.65
    1.37      0.72
   31.15     53.72
  106.66    137.91
   33.92    131.74
   46.97    176.09
   53.96    126.15
   71.29     92.53
   23.45     79.71
   90.64    122.74
   79.13     90.00
   75.05     17.74
   31.12      8.38
   40.02      4.98
   28.51     26.02
   62.42     49.79
   52.19     18.59
  127.63     79.52
   53.14     90.53
   67.31     44.00
   37.83     62.21
   86.24     47.31
   68.07     41.55
   32.57     19.97
   27.89     23.34
    2.61     32.59
   45.21     33.62
   61.26     62.80
   26.76     21.72
   35.01     19.82
   17.11     32.95
    3.99      4.12
   17.32      2.82
    4.77      4.19
    4.64      3.54
    2.75      4.19
   28.52     21.14
   22.59     21.45
   29.25     27.99
   29.34      9.82
    2.11      0.74
   11.57      6.51
    2.68      3.47
    2.82      0.00
    2.77      2.18
    1.37      0.00
    0.65      3.40
    1.31      0.72
    2.09      2.09
    0.00      0.00
    2.10      2.05
    0.74      0.65
    1.37      1.37
    0.65      0.72
    1.46      0.65
    3.42      2.03
    2.71      3.54
    3.40      3.40
    2.16      3.33
    1.31      1.46
    2.84      1.31
    4.06      3.61
    0.65      0.72
   15.75     15.80
   18.43     17.91
    4.71      4.98
    2.81     18.35
   31.95     31.55
   35.73     20.66
   18.92     34.00
    4.25      5.43
   38.50     48.15
   20.69     21.66
   50.35     37.19
    4.26      2.09
    1.44      2.61
    4.73      4.91
    4.19     17.60
    4.12      6.08
   21.95     38.35
   22.14      3.54
    3.47      4.05
   33.60     19.45
    2.82      4.05
    2.82      3.26
    4.19      2.75
    4.91      3.40
    1.31      3.40
    2.88      2.03
    4.21      2.12
   15.51     16.89
    0.72      2.61
    2.02      2.77
    6.26      3.54
    0.00      1.31
    2.10      2.03
    0.65      0.00
    2.18      1.39
    2.82      1.96
    1.37      1.46
    2.03      1.44
    0.72      0.65
   84.03    143.14
   63.93     79.60
   40.41    204.81
    8.27    106.45
   72.96     85.34
   87.35     99.32
   47.07     47.71
   42.12     43.46
   15.54      6.89
    4.28      2.68
    2.09      1.31
   26.49     22.66
  116.31     70.43
   56.00     38.98
  105.45    107.69
  107.03     64.27
  121.71    130.18
   97.87     38.04
   51.39     23.41
   31.27     28.12
   40.61     36.00
   46.66     67.51
   33.63     23.46
   52.81     19.58
    6.08      5.64
   60.91     39.13
   17.14     18.64
    7.53     19.24
    5.30      8.39
   19.60     18.93
    5.50      4.26
    2.82      0.72
   20.89      5.63
    3.40      2.17
    0.65      2.03
    3.99      5.50
    2.03      2.82
    4.19      2.10
    2.12      1.46
    0.65      0.72
   17.62     19.86
    0.00      2.03
    4.14      2.10
    2.18      0.74
    2.03      2.10
    2.03      0.65
    0.65      2.16
    2.05      3.42
    1.38      1.40
    2.12      0.72
    0.00      0.65
    2.10      2.70
    1.39      0.65
    4.89      3.54
    4.06      2.82
    4.19      5.43
    0.00      0.00
    0.72      1.31
    3.41      2.10
    1.31      3.47
    3.34      2.84
    2.84      2.03
    4.71      2.16
   31.83     35.58
   19.24     32.74
    1.37     30.78
   34.05     37.04
   51.34     19.35
    7.02     20.17
   19.31     16.88
   16.42     34.27
   37.38     22.71
   21.83      4.06
    2.03     17.68
   16.47     19.15
   36.16     19.92
    3.47      2.75
    3.81      7.87
    4.26      3.40
    5.56      3.33
    6.15      8.32
    4.85      2.82
    2.16     18.28
    2.82      3.33
    2.10      0.72
   19.32      2.67
    1.96      2.68
    3.40      6.22
    4.67      2.03
    3.56      0.74
    0.00      2.61
    1.37      0.74
   19.96     17.99
    0.65      1.38
    0.00      2.03
    2.77      2.77
    0.72      0.65
    2.18      1.31
    2.10      1.38
   18.24     28.40
  110.97    159.45
   32.00    103.39
   45.26    210.65
  119.31    201.89
   60.40     45.67
   83.82     67.37
   12.46      1.38
   21.83     21.39
   21.74      4.03
   39.60     23.06
    2.03      2.03
   59.84     78.07
   23.70     17.17
   38.42     62.92
   99.38     72.37
   69.47     63.53
   62.88     54.83
  113.54    120.56
   51.24     61.93
  127.59     73.76
   99.50     36.36
   78.34     83.06
   46.59     38.78
   64.47     63.58
   26.60     37.02
  110.97     78.79
   25.05      5.86
   29.36     15.28
    7.54      5.64
    4.71      6.29
    2.68      5.36
    6.17      7.01
    7.15      0.72
    3.33      3.54
    2.68     18.00
    1.31      2.10
    0.72      1.96
   19.92      2.81
    5.36      5.57
    1.44      2.82
    2.84      0.74
    1.31      2.75
    1.96      3.49
    1.46      0.65
    1.44      0.00
    1.31      2.10
    2.42      0.72
    2.61      2.93
    2.05      2.10
    0.00      1.31
    1.44      0.65
    1.96      2.77
    4.25      3.49
    3.40      3.33
    3.42      5.58
    4.28      2.68
    2.03      0.72
    4.19      3.50
    3.98      2.82
    1.31      1.44
    1.37      2.10
    2.75      2.68
    3.99      2.82
    2.68      5.59
    4.93      4.12
   17.94     17.21
   19.78     33.64
   32.49     21.32
   22.79     52.29
   36.48     19.23
    5.50     18.63
    1.44      2.61
   20.95      6.22
    3.54     33.59
   19.23     37.06
   67.32     35.70
   36.72     51.28
   18.33      4.05
   18.70      4.77
   18.63     17.04
    4.98      2.75
    4.05      4.05
    4.05      6.22
    3.40      5.43
    5.70      4.05
    1.44      0.00
    2.82      0.65
    2.09      4.05
    2.75      4.06
    3.40      1.31
    4.91      4.91
    2.84      2.70
    0.72      0.65
    2.03      1.37
    3.47      2.83
    1.39      0.65
    0.00      2.03
    0.72      1.31
    1.46      1.31
   86.93     81.54
   45.77    146.55
   30.78    130.34
   20.71    133.18
   71.34    119.40
   69.20     64.36
   88.56    116.98
   78.45    100.84
   79.11     17.83
   84.54     56.87
    8.96      1.37
   11.01      4.26
    2.82      2.75
   34.15     27.24
   34.53     27.32
   45.28     49.10
   23.88     38.26
   53.46     28.74
   71.51     49.90
    5.50     18.79
   58.13    106.58
   37.30     13.72
   60.80     52.89
   45.79     41.61
   47.25     32.45
   75.14     87.94
  127.74     83.72
   67.29     52.55
   34.58     33.59
   46.35     24.88
   26.25     15.93
   18.84     20.49
    4.90      6.08
    4.99      2.16
    4.85      4.06
    3.92      5.05
    4.19      1.44
    1.96      2.75
    0.00      2.03
    2.69      1.44
    4.06      4.85
    2.75      2.82
    2.09      2.68
    3.42      2.10
    3.40      4.19
    1.37      0.65
    1.44      1.39
    0.74      0.00
    1.96      1.46
    1.37      1.44
    1.31      0.72
    0.00      1.37
    1.31      1.37
    3.42      4.21
    3.33      5.43
    7.13      5.45
    0.00      0.65
    4.14      4.07
    4.80      2.90
   16.41     16.53
    2.75      2.82
    3.49      3.42
    2.03      2.10
    3.27      3.54
    4.91      4.12
    2.03      2.03
    2.03      2.75
   35.03     49.39
   22.61     24.12
    3.54      3.40
   18.52     35.20
   21.89     16.93
   17.20      6.15
    6.94     21.29
   32.69     32.06
   18.64      4.84
    4.77      7.38
   39.61     52.76
   20.68     21.34
   22.00     36.96
   17.90      6.15
   36.39     17.61
   21.27     32.96
   17.90      4.12
    5.50      5.50
    0.72      1.31
    4.05      6.09
    5.05      1.37
    2.51      1.37
    0.72      0.65
    2.03      3.33
    2.68      3.40
    2.16      2.10
    3.47      2.77
    2.10      3.99
    3.40      1.44
    4.92      2.16
    0.65      1.31
    0.65      2.05
   31.97     54.41
   92.70    125.60
   55.71    155.97
   23.21    105.43
   77.60    153.95
   10.93     17.58
   60.29     43.73
   48.86     98.62
    4.82     29.35
  119.62    105.15
   12.46     14.24
  116.72     48.01
   61.23     25.97
   31.89     10.28
    9.16     10.44
    2.89      3.40
   28.59     23.40
   52.49     44.22
   89.44    108.76
   96.01     68.44
   65.62     40.13
   46.65     50.40
   94.86     68.88
   30.88     38.37
   20.61     45.73
   28.58     33.60
   59.74     28.22
    6.14      7.01
   77.64     62.50
   21.40      6.96
   31.28     46.31
   61.17     49.73
    5.36      5.64
  104.56     91.51
   30.55     23.89
   27.31      2.89
   33.59     32.30
   35.46     20.11
   18.39     11.80
    4.28      2.17
   10.26      3.11
    2.81      2.16
    2.68      2.75
    1.31      3.47
    4.86      2.03
    0.65      2.09
    2.68      6.15
    2.03      1.44
    3.61      0.00
    2.03      2.77
    2.05      0.74
    0.00      1.38
    3.34      2.17
    2.77      2.82
    2.68      2.75
    2.68      4.12
    2.84      2.10
    1.46      1.31
    3.34      3.42
    0.74      2.10
    2.68      4.78
    4.14      2.84
   17.77     16.43
   20.59     17.92
    4.12      6.87
    4.21      2.77
    2.75      1.44
    2.10      1.96
   32.85     36.19
    8.31      8.25
    5.43     19.26
   20.12     19.23
   19.94     17.55
    0.72     19.90
   35.80      8.09
    3.47     16.41
   52.74     35.45
    6.74      9.55
   22.19     20.82
   21.27     37.88
    2.82     17.48
   20.31     10.15
   22.48      6.22
    7.16     18.49
    5.43      4.80
   34.42     34.46
   18.55      4.13
    2.03      2.68
    2.99      2.03
   18.64     18.44
    2.68      2.82
    3.61     16.11
    2.10      1.38
    2.10      0.65
   16.89      4.87
    0.65      1.37
    3.54      3.34
    2.75      1.38
    3.40      4.19
   56.36     93.82
   77.08    105.84
   19.77    129.80
    2.11    134.44
   17.29     66.49
   79.43     86.77
   90.53    122.54
   70.06    131.41
   23.89    100.30
   81.78     52.89
   97.21     37.70
   57.90     83.76
   56.05     35.38
   83.44     18.68
   72.26     54.81
   68.22     41.45
   17.21      4.04
   70.05     54.47
   55.69     59.63
  109.06     58.11
   59.99     62.08
   43.48     44.27
  105.14     55.91
   40.25     64.38
   20.46     18.48
   31.92     50.94
   98.36     47.57
   97.66     45.89
   96.25     33.35
   55.52     30.75
   71.05     36.78
   60.73     33.88
    8.84      5.66
    7.46     39.66
   18.41      7.02
    4.06     19.17
   24.26     20.77
    1.37      1.37
   33.74      4.26
    4.71      3.54
    0.65      1.44
    1.39      2.70
   18.06     19.12
    3.47      1.44
    1.37     17.03
    1.40      0.00
    4.08      3.47
   17.09      2.75
    2.03      4.20
    2.75      0.00
    1.44      2.10
    1.40      1.31
    0.65      2.75
    4.80      2.10
    3.33      4.28
    4.13      4.20
    2.75      2.75
    0.65      1.31
    3.49      2.10
    2.05      2.16
    1.31      2.68
    1.37      2.75
    3.33      2.84
   18.59     18.47
    4.78      4.13
   17.88     17.87
    6.24      4.92
    2.10      2.68
    1.31     16.42
   21.49      9.51
    5.43      3.61
   19.50     19.70
    5.71     19.72
   19.91      2.75
    1.96     20.59
    4.93      4.64
   31.58     32.88
   21.84      3.47
    3.27     36.39
   51.48     38.19
   20.79      7.66
    6.93     35.50
   19.96     21.86
   18.65      6.09
    9.27      4.78
    6.87      4.78
   10.26     37.09
   19.25      4.94
    4.27      4.71
   19.76      4.78
    0.72      0.65
    3.61      0.65
    2.10      1.31
    2.05      4.73
   19.20     18.61
    3.47      0.74
    0.72      2.03
    0.72     16.41
    1.31      3.40
   48.58     78.00
   76.17     75.47
   46.96    180.12
    0.71    104.37
   85.00    129.14
   57.45     81.94
   81.17     59.53
  103.53    113.10
   34.77     26.08
   60.12     34.37
   40.63     23.53
    2.05     14.96
   28.58     38.30
   23.41      4.69
   74.23     70.07
   28.52     10.32
   51.99     15.81
   45.51     61.54
    4.26      2.10
   75.80     77.74
   29.74     68.82
   42.39     26.42
   98.52     47.14
   30.28     47.94
   79.38     84.40
   39.26     44.47
   93.69     58.97
   69.08    103.78
   52.39     22.74
  105.77     87.38
   28.51     51.05
   65.02     46.30
   39.37     22.90
   31.62     21.05
   23.36      7.76
   18.77     20.43
    4.91      8.18
    4.85      4.12
    7.61      5.61
    4.06     18.52
    3.47      2.89
    3.99      3.61
    3.46      1.44
    0.00      0.65
    1.31      1.37
    4.01      5.61
    3.47      3.47
   16.57     15.17
    0.72      0.00
    1.96      2.75
    3.33      6.22
    3.47      1.38
    2.16      2.03
    3.42      2.84
    2.12      1.37
    5.36      4.78
    3.99      5.68
    2.82      1.44
    1.44      2.03
    3.34      4.19
    2.14      0.00
    2.68      3.54
    2.68      1.38
    0.65      2.75
    3.99      2.82
    2.82      6.19
   18.52     17.86
    2.03      4.19
   19.96     18.57
    4.14      4.06
    4.28      2.68
    4.64     19.13
   19.93     23.43
   34.20     20.07
    3.56      0.65
   19.95     21.88
    3.47      1.38
    3.40      8.78
    7.07      3.54
   20.05     18.69
    2.68      5.57
   20.58     65.40
   41.80     53.96
   36.94     22.84
   34.37     25.87
   19.96      4.06
   37.05     35.73
    7.62      4.19
    4.78      7.46
    9.24      4.87
    1.37      2.75
    3.47      4.71
    2.03      2.68
    4.98      1.44
    1.44      1.31
    0.72      1.96
    2.86      2.68
    4.71      2.84
    2.91      1.44
   31.19     55.00
   70.43     47.46
   16.78    126.12
   69.17    193.82
   43.07     51.19
   50.31    162.65
   27.04     69.09
   49.42    143.65
   23.35     23.47
  129.92    165.85
   36.01     20.81
   88.50    111.23
   30.45     29.35
   72.18     22.66
   22.01     12.33
   72.94      6.26
    6.17      4.92
   15.94      3.29
   24.46     21.32
   28.47     24.69
   58.80     55.59
   51.86     50.87
  101.47     69.18
    7.62     78.32
   74.44     74.27
  119.40     48.15
   33.20     55.30
   56.24     25.46
   40.65     33.67
   54.74     88.14
   66.38     38.30
   96.59     67.63
  113.65     76.73
   52.69     62.15
   53.79     50.94
   62.85     45.01
   41.32     12.93
   32.89     23.95
    4.19      3.40
   22.57     23.43
    5.65      4.14
    4.06      3.54
    2.15      1.31
    6.02      4.98
    2.75      2.17
    0.00      0.65
    3.33      3.58
    1.31      2.10
    2.84      2.68
    1.96      2.12
    2.18      1.37
    2.03      0.00
    0.00      2.10
    3.34      4.80
    5.45      6.23
    6.26      3.47
    4.13      4.94
    2.77      2.77
    3.40      2.77
    2.68      4.19
    2.68      2.03
    2.75      3.55
    4.23      2.10
    1.96      2.16
    3.33      2.10
    2.03     19.25
    3.47      1.31
   16.49      4.28
    2.75      3.99
   18.40     20.01
    4.23      4.06
   19.33     17.54
    6.02      6.24
    4.36      4.12
    2.75      4.71
    4.92     17.69
   17.85      5.57
    6.97     17.09
   17.19      7.53
    3.61      2.03
    3.40      3.49
   22.87     24.74
   20.72     33.40
   63.76     49.84
    8.04     39.33
    8.32     21.22
   36.25     40.35
   38.73     21.63
    6.21      5.63
   23.47      8.29
    3.56      3.47
    5.52      4.80
    5.43      2.75
    2.82      7.55
    3.54      2.68
    2.10      0.00
    3.54      3.40
    1.46      1.31
    3.49      2.76
    1.92      0.68
  106.78     91.30
    3.66    133.07
   18.94    106.02
   39.56    161.11
    4.06      4.07
   71.47     81.45
   78.79    104.49
   46.69    129.76
   49.84     82.79
   45.16     41.63
   49.07     56.83
   17.16     12.50
   38.34     34.70
   23.51     14.91
    3.47      3.34
   24.80      4.33
   31.16     39.79
   78.87     40.82
   31.21      4.85
  105.61     78.26
   32.96     28.16
   41.56     38.84
   36.07     32.80
  134.42     83.63
   78.08     85.11
   57.67     49.47
   98.29    108.00
   56.53     65.65
   27.99     48.27
   30.59     10.58
   26.33     27.93
   18.47      5.81
   71.51     83.60
   53.36     25.60
   17.98      9.39
   34.97      4.87
   12.32     45.17
   62.99     53.93
   84.69     85.35
   26.91      9.31
   21.37      4.28
    4.06      4.01
    2.77      4.91
    4.85      1.31
    1.96      3.60
    4.06      5.57
    2.75      1.46
    2.61      3.49
    3.56      0.72
    1.37      2.10
    0.00      0.65
    1.38      1.38
    1.96      3.33
    4.86      4.91
    3.49      2.75
    6.90      4.13
    4.07      6.26
    2.79      2.75
    4.06      3.51
    1.37      2.84
    2.82      2.03
    2.61      4.21
    4.06      2.17
    2.77      3.40
    4.71      2.82
    4.93      5.63
    1.31      1.44
    3.33     18.41
   16.42     18.01
   18.49      4.80
    3.63      3.34
    4.06      3.42
    6.93      7.01
   18.56     17.20
    2.03      2.70
    5.53     19.81
   20.52      6.87
    5.59      2.75
   31.17     36.13
    4.91     16.38
    4.28      2.77
   19.85      6.22
   22.25     48.91
   33.64     37.18
    6.80     19.23
   22.50      7.66
    4.64     12.89
    9.04     20.72
   26.03     38.25
   36.21     23.43
   20.28     34.64
   39.67      2.75
    1.31      3.49
    5.52      5.45
    1.44      2.03
    3.46      4.06
    2.10      2.68
    3.56      2.70
    4.07      2.77
   49.47     81.05
    1.35      0.71
  110.02    209.21
   63.41     55.09
    4.09    132.72
    4.03     56.00
   26.69     85.10
    2.72      1.96
   26.46    169.99
   46.18    111.11
   77.12     59.82
   38.30     42.44
   71.30     76.97
   93.94     36.73
   85.74     15.92
   62.91     61.59
   28.12     32.19
   46.20     28.15
    2.87     28.31
   48.92     52.06
   71.65     33.89
   33.20      7.03
   25.34     12.42
   85.82     49.12
    3.56      2.20
   43.61     35.44
   14.52      9.35
   34.07     53.77
   53.91     26.27
   75.49     28.30
   84.02     86.84
   98.29     91.56
   94.68     49.35
   82.22    110.16
   86.41     43.26
   29.74     42.42
   73.34     62.78
   95.49     21.24
   54.95     54.57
   53.19     12.10
   62.13     52.63
   29.97     39.18
   34.77     19.49
   35.42      4.82
    3.55      2.18
    4.73      4.78
    2.10      2.82
    3.35      2.10
    2.03      3.40
    4.14      3.58
    0.74      1.37
    1.31      0.65
    3.40      2.82
    4.13      5.50
    3.49      1.37
    3.49      5.50
    3.99      5.50
    4.21      2.16
    2.75      2.03
    6.10      4.88
    2.70      4.88
    2.12      2.18
    3.42      2.75
    1.96      3.49
    4.72      5.67
    5.26      4.56
    2.17      0.00
    2.03      3.40
    3.92      2.84
    3.49      2.90
    4.14     20.55
   16.37     17.73
   18.54      4.85
    6.81      6.16
    2.83      2.82
    2.79      2.05
   19.23     18.48
    5.51     22.58
   33.50     17.85
    4.95      2.75
    2.10      3.92
   19.73     20.03
   20.45     20.51
    6.86      4.84
   20.11     35.17
    4.18     17.48
    6.08      5.58
   22.26     39.50
   20.37      9.57
   26.26     36.37
   23.44     24.67
   37.45     10.20
    8.22     21.24
    5.53     35.78
   50.95      5.70
    5.61      3.51
    0.72      1.96
    3.42      4.77
    4.19      2.03
   45.91     52.91
   34.70     80.14
    2.48     48.35
   60.14    177.51
   19.58     29.73
    4.13    106.56
   45.72    110.90
   23.20    101.45
   38.31     14.52
  107.08    174.93
    4.85     18.73
   91.91     60.68
   41.58     14.49
   44.35     58.38
   59.66     55.86
   41.56     29.35
   69.59     51.86
   34.92      5.10
   34.09      3.47
   29.94     50.33
   21.44     14.37
    5.35     32.05
   96.74     29.87
   66.65     67.33
   23.16     22.03
   39.77     58.86
  123.45     36.04
   55.51     44.05
   50.61     35.80
   45.61     40.32
    3.07      1.97
   70.13     47.35
   93.57     46.94
   48.48     47.98
   36.17     36.85
   23.07     19.31
   41.93     40.37
   22.99     11.35
   60.61     47.59
   32.31     31.40
   82.92     76.51
   55.76     27.33
   35.99     27.04
    6.22      3.47
   35.81     35.52
   47.73     24.18
    5.67     22.61
   30.70     14.55
    2.68      4.78
    5.72      4.20
    4.07      2.20
    2.77      3.47
    1.46      0.65
    4.06      4.82
    2.77      4.15
    4.86      4.06
    5.59      2.82
    2.03      4.13
    2.03      2.03
    4.80      3.49
    2.10      2.82
    3.40      2.13
    4.73      5.65
    3.92      2.91
    2.70      6.92
    4.93      3.40
    3.49      2.86
    4.06      2.10
    2.03      2.19
    2.61      4.23
    3.50      4.12
    4.14      3.49
    2.61      3.40
    9.09     18.45
   21.36     20.68
   21.33      5.57
   19.54     18.47
    9.47      3.40
   22.43     23.43
    7.05      3.40
   18.02     17.83
    1.37     18.38
   19.27     17.54
   52.62     40.28
   22.41      8.27
    7.82      4.78
    3.58      3.33
    4.85      2.82
    4.64      6.89
   18.85     23.12
    7.53     20.55
   10.38     24.04
   53.36     55.66
   24.19      7.53
    6.92     35.76
    5.49     19.23
    9.05      6.99
   20.77      6.24
    3.56      2.03
    0.43      0.00
    0.00      0.00
    0.00      0.00
    0.00      0.00
    0.00      0.00
    0.00      0.00
    0.00      0.00
    0.00      0.00
    0.00      0.00
    0.00      0.00
    0.00      0.00
    0.00      0.00
    0.00      0.00
    0.00      0.00
    0.00      0.00
    0.00      0.00
    0.00      0.00
    0.00      0.00
    0.00      0.00
    0.00      0.00
    0.00      0.00
    0.00      0.00
    0.00      0.00
    0.00      0.00
    0.00      0.00
    0.00      0.00
    0.00      0.00
    0.00      0.00
    0.00      0.00
    0.00      0.00
    0.00      0.00
    0.00      0.00
    0.00      0.00
    0.00      0.00
    0.00      0.00
    0.00      0.00
    0.00      0.00
