      h_eth1      
 KB/s in  KB/s out
    0.00      0.00
    0.00      0.00
    0.00      0.00
    0.00      0.00
    0.00      0.00
    0.00      0.00
    0.00      0.00
    0.00      0.00
    0.00      0.00
    0.00      0.00
    0.00      0.00
    0.00      0.00
    0.00      0.00
    0.00      0.00
    0.00      0.00
    0.00      0.00
    0.00      0.00
    0.00      0.00
    0.00      0.00
    0.00      0.00
    0.00      0.00
    0.00      0.00
    0.00      0.00
    0.00      0.00
    0.00      0.00
    0.00      0.00
    0.00      0.00
    0.00      0.00
    1.36      0.00
    0.00      0.00
    0.00      0.00
    0.00      0.00
    0.00      0.00
    0.00      0.00
    0.00      0.00
    0.00      0.00
    0.00      0.00
    0.00      0.00
    0.00      0.00
    0.00      0.00
    0.00      0.00
    0.00      0.00
    0.00      0.00
    0.00      0.00
    0.00      0.00
    0.00      0.00
    0.00      0.00
    0.00      0.00
    0.00      0.00
    0.00      0.00
    0.00      0.00
    0.00      0.00
    0.00      0.00
    0.00      0.00
    0.00      0.00
    0.00      0.00
    0.00      0.00
    0.00      0.00
    0.00      0.00
    0.00      0.00
    0.00      0.00
    0.00      0.00
    0.00      0.00
    0.00      0.00
    0.00      0.00
    0.00      0.00
    0.00      0.00
    0.00      0.00
    0.00      0.00
    0.68      0.00
    0.00      0.00
    0.00      0.00
    0.00      0.00
    0.00      0.00
    0.00      0.00
    0.00      0.00
    0.00      0.00
    0.00      0.00
    0.00      0.00
    0.00      0.00
    0.00      0.00
    0.00      0.00
    0.00      0.00
    0.00      0.00
    0.00      0.00
    0.00      0.00
    0.00      0.00
    0.00      0.00
    0.00      0.00
    0.00      0.00
    0.00      0.00
    0.00      0.00
    0.00      0.00
    0.00      0.00
    0.00      0.00
    0.00      0.00
    0.00      0.00
    0.00      0.00
    0.00      0.00
    0.00      0.00
    0.00      0.00
    0.00      0.00
    0.00      0.00
    0.00      0.00
    0.00      0.00
    0.00      0.00
    0.00      0.00
    0.00      0.00
    0.00      0.00
    0.00      0.00
    1.36      0.00
   61.31     63.06
   30.62     29.90
    0.00      0.72
    0.00      0.00
    0.00      0.00
    0.00      0.00
    0.00      0.00
    0.00      0.00
    0.00      0.00
    0.00      0.00
   49.50     96.09
  123.80    174.86
  135.21    111.59
  129.25    207.02
  163.88    131.61
   81.16     99.93
  204.60    116.69
   77.60     61.85
  141.84     70.16
    9.58      0.00
   31.68      2.46
    8.20      0.72
    0.00      0.00
    0.00      0.00
    0.00      0.00
    0.00      0.00
    0.00      0.00
    0.00      0.00
    0.00      0.00
    0.00      0.00
    0.00      0.00
    0.00      0.00
    0.00      0.00
    0.00      0.00
    0.00      0.00
    0.00      0.00
    0.00      0.00
    0.00      0.00
    0.00      0.00
    0.00      0.00
    0.68      0.00
    0.00      0.00
    0.00      0.00
    0.00      0.00
    0.00      0.00
    0.00      0.00
    0.00      0.00
    0.00      0.00
    0.00      0.00
    0.00      0.00
    0.00      0.00
    0.00      0.00
    0.00      0.00
    0.00      0.00
    0.00      0.00
    0.00      0.00
    0.00      0.00
    0.00      0.00
    0.00      0.00
    0.00      0.00
    0.00      0.00
    0.72      0.65
    0.00      0.00
   14.37     15.82
    0.71     14.37
   29.20     16.23
    1.46      0.72
    0.00      0.00
    0.00     14.37
    0.00      0.00
    0.00     14.37
   44.55     45.33
    0.00      0.00
   15.08      0.71
   16.53      0.71
    0.72      0.00
    0.00      0.00
    0.00      0.00
    0.00      0.00
    0.00      0.00
    0.00      0.00
    0.00      0.00
    0.00      0.00
    0.00      0.00
    0.00      0.00
    0.00      0.00
    0.00      0.00
    0.00      0.00
    0.00      0.00
    0.00      0.00
    0.00      0.00
    0.00      0.00
    0.00      0.00
    0.00      0.00
    0.00      0.00
    0.00      0.00
    0.00      0.00
    0.00      0.00
    0.00      0.00
    0.00      0.00
    0.00      0.00
    0.00      0.00
    0.00      0.00
    0.00      0.00
    0.00      0.00
    0.00      0.00
    0.00      0.00
    0.00      0.00
    0.00      0.00
    0.00      0.00
  152.17    205.53
  101.60    136.67
  161.42    172.05
   40.58    192.32
  253.30    160.05
  147.86    125.17
  201.06    113.96
  210.62    136.94
   88.92     43.98
   51.40     30.64
   44.91     24.55
   33.82     21.94
    0.00      0.00
   25.12     17.98
   30.31     45.15
    1.62      0.87
   15.50      1.44
   16.97      1.44
    0.72      0.00
    0.00      0.00
    0.00      0.00
    0.00      0.00
    0.00      0.00
    0.00      0.00
    0.00      0.00
    0.00      0.00
    0.00      0.00
    0.00      0.00
    0.00      0.00
    0.00      0.00
    0.00      0.00
    0.00      0.00
    0.00      0.00
    0.00      0.00
    0.00      0.00
    0.00      0.00
    0.00      0.00
    0.00      0.00
    0.00      0.00
    0.00      0.00
    0.00      0.00
    0.00      0.00
    0.00      0.00
    0.00      0.00
    0.00      0.00
    0.00      0.00
    0.00      0.00
    0.00      0.00
    0.00      0.00
    0.00      0.00
    0.00      0.00
    0.00     15.02
   15.15      1.40
    0.00      0.00
   15.00     16.45
    1.47     28.74
    0.00     15.00
   59.63     47.34
   16.51      0.72
   15.14     15.09
   28.73     29.59
    0.00     14.37
   14.43      0.72
    0.72     14.99
   30.17     16.61
   15.79      0.72
    0.00     14.99
   29.99     45.75
    0.72      0.00
   16.42      0.71
   16.41      0.71
    0.72      0.00
    0.00      0.00
    0.00      0.00
    0.00      0.00
    0.00      0.00
    0.00      0.00
    0.00      0.00
    0.00      0.00
    0.00      0.00
    0.00      0.00
    0.00      0.00
    0.00      0.00
    0.00      0.00
    0.00      0.00
    0.00      0.00
    0.00      0.00
    0.00      0.00
    0.00      0.00
    0.00      0.00
    0.00      0.00
    0.00      0.00
    0.00      0.00
    0.00      0.00
    0.00      0.00
    0.00      0.00
    0.00      0.00
    0.00      0.00
    0.00      0.00
   15.59     26.46
  183.86    273.79
  174.80    163.50
  162.84    193.91
  137.03    147.04
  137.71     96.00
  172.70     94.27
  158.01     93.39
  131.63    108.06
   82.96     70.50
  112.67     52.24
    3.62      0.00
   34.80      4.19
    0.00     14.79
   14.78     15.57
   29.63     30.37
    0.00     15.83
    0.72      0.00
   16.87     15.57
   29.27      1.44
    0.00     15.10
   15.09     30.97
   15.10     15.16
   15.89      0.72
   15.81      0.71
    1.44      0.00
    0.00      0.00
    0.00      0.00
    0.00      0.00
    0.00      0.00
    0.00      0.00
    0.00      0.00
    0.00      0.00
    0.00      0.00
    0.00      0.00
    0.00      0.00
    0.00      0.00
    0.00      0.00
    0.00      0.00
    0.00      0.00
    0.00      0.00
    0.00      0.00
    0.00      0.00
    0.00      0.00
    0.00      0.00
    0.00      0.00
    0.00      0.00
    0.00      0.00
    0.00      0.00
    0.00      0.00
    0.41      0.41
    0.00      0.00
   16.45     16.47
   30.14     29.40
   15.08     15.87
   15.09     15.08
    0.00     14.37
   16.46     15.88
   14.42      0.72
   14.36     30.80
    0.72     30.02
   61.63     63.08
   30.79      1.42
    0.71      0.00
   16.50      0.72
    0.72     14.99
    0.00      0.00
   14.99     15.77
   30.03     32.13
    0.00      0.00
    0.72      0.00
   17.15      0.71
   14.98     15.77
    0.00      0.65
    0.65      0.65
    0.65      1.44
    0.72      0.00
    2.09      0.72
    0.00      0.00
    0.00      0.00
    0.00      0.00
    0.00      0.00
    0.00      0.00
    0.00      0.00
    0.00      0.00
    0.00      0.00
    0.00      0.00
    0.00      0.00
    0.00      0.00
    0.00      0.00
    0.00      0.00
    0.00      0.00
    0.00      0.00
    0.00      0.00
    0.00      0.00
    0.00      0.00
    0.00      0.00
    0.00      0.00
    0.00      0.00
    0.00      0.00
  167.73    201.76
  153.30    203.16
  134.06    145.06
   93.38    124.13
  169.97    147.63
   92.86     56.23
   76.84     46.53
   42.20     39.89
  144.67     80.76
   30.40     15.58
  148.88    105.66
  107.20     71.06
   43.06     42.10
   61.17     38.29
   42.09     35.70
   33.17     17.75
   24.76      2.46
    1.45      0.00
    2.34     15.98
    0.00      0.00
   15.10     15.16
   31.67     31.72
    0.00      0.00
    0.72      0.00
   16.54      1.36
    0.00      0.65
   15.76     15.89
    0.41      1.06
    1.44      0.00
    0.00      0.00
    1.37      0.72
    0.72      0.00
    0.00      0.00
    0.00      0.00
    0.00      0.00
    0.00      0.00
    0.00      0.00
    0.00      0.00
    0.00      0.00
    0.00      0.00
    0.00      0.00
    0.00      0.00
    0.00      0.00
    0.00      0.00
    0.00      0.00
    0.00      0.00
    0.00      0.00
    0.00      0.00
    0.00      0.00
    0.00      0.00
    0.00      0.00
   15.50     15.50
   14.43     14.36
   30.77     31.56
    1.46     15.02
   59.53     46.72
   15.72     15.06
    2.81      0.00
   15.00     16.52
    0.72     15.00
    0.00     14.37
   59.56     47.47
    0.72      1.31
   15.70     17.10
   17.24      1.37
    2.09     31.45
    1.43      0.00
   30.69     17.15
   15.71     15.79
   14.42      0.72
    0.71      0.00
    0.72      1.30
    0.00      0.00
    1.37      0.72
    1.37      1.37
    0.00      0.00
    0.00      0.65
    2.03      1.44
    0.65      0.72
    0.72      0.00
    0.65      1.37
    0.00      0.00
    0.00      0.00
    0.65      0.00
    0.72      0.72
    0.00      0.00
    0.00      0.00
    0.00      0.00
    0.00      0.00
    0.00      0.00
    0.00      0.00
    0.00      0.00
    0.00      0.00
    0.00      0.00
    0.00      0.00
    0.00      0.00
    0.00      0.00
    0.00      0.00
    0.00      0.00
    0.00      0.00
  144.99    226.53
  115.88    157.05
  167.05    137.77
  135.84    172.00
  189.23    134.38
  129.82     93.03
  172.73     59.54
   81.67     71.79
   53.74     31.82
   99.47     72.21
   29.49     35.42
   36.84     29.01
   51.07     10.89
   17.37     30.82
   39.86     34.29
    0.72     15.75
   31.34      2.12
    3.48     17.27
    2.17      0.72
    0.00     14.79
   30.25     16.53
   15.10     15.16
    0.00      0.65
   16.89      2.16
    1.43      0.65
    0.00      0.00
    0.72      0.00
    0.72      1.31
    0.65      0.65
    0.00      0.72
    0.72      0.65
    1.44      0.00
    0.00      0.00
    0.00      0.00
    0.72      0.65
    0.00      0.00
    0.00      0.00
    1.37      0.72
    0.00      0.00
    0.00      0.00
    0.00      0.00
    0.00      0.00
    0.00      0.00
    0.00      0.00
    0.00      0.00
    0.00      0.00
    0.00      0.00
    0.00      0.00
    0.00      0.00
    0.00      0.00
   15.15     15.09
    0.74      1.37
    0.00      0.00
   30.08     31.53
   17.09     46.55
   46.81     17.33
   15.02     45.16
   32.99     15.80
   32.00     32.28
   28.83     15.16
    2.09      0.00
    0.00     15.09
    0.72     15.67
   15.81      1.36
    0.72      0.65
   16.45      2.16
    0.72     14.98
   29.97     32.69
    1.96      2.75
   15.77      0.72
    4.31      1.37
    0.00      0.00
    0.00      0.00
    1.37     16.95
    0.65      1.44
    1.37      0.00
    0.72      0.72
   17.16      1.44
    0.00      0.65
    0.00      0.00
    1.30      0.72
    0.65      1.44
    0.72      0.00
    0.00      0.00
    0.65      0.72
    0.00      0.00
    0.00      0.00
    0.00      0.65
    0.00      0.00
    0.00      0.00
    1.37      0.72
    0.00      0.00
    0.00      0.00
    0.00      0.00
    0.00      0.00
    0.00      0.00
    0.00      0.00
    0.00      0.00
    0.00      0.00
   93.15     95.24
  234.61    246.97
  142.12    177.97
   86.40     66.73
  178.22    252.88
   71.11     48.40
  152.69     89.83
  108.83     18.19
  118.98    115.67
   78.29     56.53
  111.75    114.57
  126.19     77.16
   22.90      6.15
   45.05     21.66
   12.49     18.12
    1.37      0.72
    0.65     16.88
   16.24      1.45
    0.72      0.00
   14.84      0.65
    0.65     31.65
   32.89     19.30
    0.00      1.44
   18.00      0.72
    2.16      0.72
    0.00      0.65
    0.65      1.37
    0.65      1.37
    1.37     16.48
    0.72      0.00
    0.00      0.00
    1.44      1.30
   15.81      2.09
    0.00      0.00
    0.72      0.00
    1.44      0.65
    0.00      0.00
    0.00      0.00
    0.00      0.00
    0.72      0.00
    0.00      0.00
    0.00      0.65
    0.00      0.00
    0.00      0.00
    1.37      0.72
    0.00      0.00
    0.00      0.00
    0.00      0.00
    0.00      0.00
    0.00      0.00
    0.00      0.00
   15.09     15.84
    2.76     17.22
    0.00      0.00
   29.44     44.53
   17.92      4.20
   16.46     16.54
    1.36     45.72
   48.14      3.55
   15.65     30.80
   33.55     17.87
   30.06     58.99
   17.25      2.16
   15.03     16.55
   17.27      2.02
   15.72     16.45
    1.43      0.65
    0.72     15.01
    2.09      0.72
   15.79     14.99
    0.00      1.37
    0.00      0.65
    0.72      0.65
   17.82      3.40
    2.03      2.75
    0.00      0.72
    1.44      0.65
    1.44      0.65
    1.37      0.72
    1.37      0.72
    1.37      0.00
    0.65      2.75
    0.00      0.65
    0.00      0.00
    2.03      1.44
    1.37      0.72
    0.72      0.00
    0.00      0.00
    0.00      0.00
    0.65      0.72
    0.00      0.00
    0.00      0.00
    0.00      0.00
    0.00      0.00
    0.00      0.65
    0.00      0.00
    0.00      0.00
    0.65      0.00
    0.72      0.72
    0.00      0.00
  154.10    148.05
  422.49    365.42
   79.38    103.12
   12.42     25.28
   70.63     87.41
  208.24    145.00
   63.24     16.66
   74.85     35.57
   47.12     50.92
   56.01     26.39
   75.82     54.43
   38.60     36.34
   42.31     58.24
   53.52     23.52
   31.74     31.16
   10.24     17.24
   30.95      2.14
   17.22     16.64
    0.65      1.37
    0.71     15.11
    1.44      0.00
    0.00      0.00
   16.56     16.55
    0.65      0.72
    0.00      0.65
    0.65      0.72
   17.91      3.47
    1.31      1.44
    1.31      2.75
    1.37      1.37
    0.72      0.65
    1.44      0.00
    0.72      0.00
    0.00      0.00
    1.37      1.96
    1.31      2.10
    0.00      0.72
    1.44      0.00
    1.44      0.00
    0.00      0.65
    0.00      0.00
    0.00      0.00
    0.00      0.00
    0.72      0.00
    0.00      0.00
    0.00      0.00
    0.00      0.00
    0.00      0.00
    0.00      0.65
    0.00      0.00
    0.00      0.00
   76.86     91.66
    1.39      1.37
    0.00      0.00
    0.00      0.00
   30.09     30.72
   32.25     61.71
   31.69      1.44
    1.36      0.72
   15.65     35.50
    5.58      2.10
   17.84      1.44
    1.38     15.83
    1.31     17.19
   30.85      2.88
    0.72      0.65
   16.43     32.09
   15.00     16.45
    1.44      0.00
   34.26     16.42
    0.65      1.44
    0.00      0.00
    0.71      1.96
    0.00      0.00
    1.44      0.00
    0.72      0.00
    0.00      2.61
    0.65      0.72
    0.72      0.65
    2.82      2.03
    0.65      1.37
    2.75      2.09
    1.37      0.72
    1.37      0.00
    0.72      0.72
    0.00      1.31
    0.00      0.00
    1.31      1.44
    2.03      2.10
    0.72      0.00
    0.00      0.00
    0.72      0.00
    0.00      0.00
    0.65      0.72
    0.00      0.00
    0.00      0.00
    0.00      0.00
    0.00      0.00
    0.00      0.00
    0.00      0.00
  135.78    144.17
  221.90    306.02
   21.82     27.78
   76.86    210.06
  153.58    165.86
  142.81     70.71
  156.84     75.53
   61.15     39.57
  121.67     86.43
   81.70     49.71
  227.42    174.94
   78.72     93.72
   97.77     41.45
   43.40     11.69
   13.31     18.04
   11.03      2.46
   15.45     16.23
   16.16      1.43
    0.65     15.82
   31.60     31.72
    0.00      0.65
   15.82     15.82
   17.99      0.71
    0.00      0.00
    1.96      1.44
    0.71      0.72
    0.00      0.00
    0.00      0.00
    0.65      0.65
    1.96      2.89
    1.37      0.00
    0.00      2.03
    1.31      2.10
    0.65      2.03
    2.10      1.37
    0.72      0.00
    0.72      0.00
    1.44      1.31
    0.65      1.36
    0.65      0.72
    1.44      0.00
    1.37      1.37
    0.00      0.65
    0.00      0.00
    0.72      0.00
    0.00      0.00
    0.00      0.00
    0.72      0.00
    0.00      0.00
    0.00      0.00
    0.00      0.65
   49.78     79.18
    1.06      1.13
    0.00      0.00
   16.95     15.50
    0.00      1.31
   17.18     15.80
   17.11     16.52
   15.75     30.82
   30.70     31.42
   17.21      2.75
    4.05     47.22
   17.12     17.27
   60.53     32.36
    4.12      3.54
    1.31      1.44
   16.61      1.37
    0.72     15.65
    0.00      0.65
   32.15     17.81
    0.00      0.00
    0.72      0.65
    4.06      2.88
    0.00      0.00
    1.37      3.33
    0.65      0.72
    1.44      0.00
    0.72      0.00
    0.72      0.65
    0.00      1.31
    0.00      1.31
    1.37      1.37
    2.16      0.00
    0.72      0.00
    2.03      2.11
    0.65      0.72
    1.31      1.37
    1.37      1.37
    0.00      1.37
    0.72      0.65
    1.31      1.44
    2.09      0.72
    0.00      0.00
    0.72      0.00
    0.65      1.37
    0.00      0.00
    0.65      0.00
    0.72      0.72
    0.00      0.00
   15.57      0.00
  124.26    136.71
  205.61    303.88
   27.93     27.71
    6.80    181.77
  150.93    163.41
  105.77     86.43
  152.37     50.87
  130.78     61.22
   55.50     24.91
   95.99     86.00
  107.96    115.03
  232.02    159.29
  100.40     71.58
  113.62    120.32
   56.82     40.18
   56.61      8.47
   45.26     35.27
    2.99      1.59
    0.00      0.00
   17.61     17.26
    0.65      0.00
    0.00      2.68
   30.25     17.92
    0.00      0.00
    2.16      0.65
    2.83      0.00
    1.31      1.44
    1.37      1.44
    0.65      1.37
    0.00      0.00
    0.00      0.00
    2.03      0.72
    1.31      2.09
    0.65      1.44
    1.37      2.03
    0.00      0.00
    0.00      0.65
    1.38      1.39
    0.72      0.00
    1.37      1.37
    0.72      1.31
    1.30      2.75
    0.72      0.00
    2.09      0.72
    1.44      0.00
    0.00      0.00
    0.00      0.65
    0.00      0.65
    0.65      0.72
    0.00      0.00
   17.18     17.05
   21.46     19.91
    0.00      1.44
    0.00      0.65
    0.65     15.18
   15.17     16.40
   16.52      2.09
   15.83     15.09
   17.00     16.49
    2.10      1.37
    0.65      2.03
   16.29     16.35
   17.19     45.99
    2.75     16.40
   47.31      5.70
   17.82     62.35
    3.39     31.43
   30.77     16.42
   64.55      6.48
   15.00     30.70
    2.16      0.65
    0.00      0.00
   16.50      1.37
    0.65      0.00
    1.96      2.89
    1.37      2.68
    0.00      0.00
    0.72      1.31
    1.44      0.00
    1.37      0.72
    0.72      0.00
    0.65      1.96
    0.00      1.37
    0.00      0.65
    2.10      1.31
    2.57      1.13
    0.72      0.00
    2.03      1.37
    0.00      0.72
    1.31      2.09
    0.74      0.65
    0.00      0.00
    1.37      0.65
    1.31      2.82
    2.03      2.09
    0.72      0.00
    0.00      0.00
    1.44      0.00
    0.00      0.00
    0.00      0.00
  141.89    238.22
   40.49     56.51
  125.19    222.58
   61.50    101.89
   66.94     33.10
  132.98     80.11
   96.32     56.36
  106.98     43.08
   45.66     23.81
  126.20    107.44
   13.16      4.98
  143.66    108.37
   39.05     26.06
  102.77     62.45
   60.71     86.30
   39.43     11.79
   19.71     19.66
   36.02     47.58
   16.88     47.21
   16.56     15.17
   78.62      3.60
   15.84     32.48
    1.37      0.72
    0.00      0.65
   16.54      1.96
    1.44      1.44
    0.72      0.00
    2.75      0.72
    0.65      2.09
    0.65      0.65
    0.00      0.72
    0.72      0.00
    1.37      0.72
    0.65      0.72
    1.31      1.37
    1.31      2.82
    1.31      0.72
    1.44      1.37
    0.00      0.00
    0.00      0.65
    1.37      1.37
    0.00      0.65
    1.37      1.37
    0.65      2.03
    1.44      0.00
    0.65      0.65
    1.44      0.72
    2.03      2.09
    0.72      0.00
    0.00      0.00
    3.47      4.71
    4.86      3.46
    0.00      0.00
    0.00      0.00
    1.37      1.37
    0.65      0.65
   17.20     33.51
    0.72      0.00
   45.88     44.67
   16.37     31.51
   17.90      2.82
   16.53      2.75
    2.03     16.39
    2.09     15.81
   32.22     17.99
   15.74      2.10
   17.83     47.75
   16.95     33.45
   17.03     17.09
   18.53      1.42
   30.12     34.71
   16.44     16.45
    2.75      0.72
   33.75      2.17
    1.38      1.31
    0.65      1.44
    1.31      0.72
    1.37      2.75
    1.44      0.00
    0.72      0.65
    0.00      0.00
    0.65      0.65
    0.72      1.37
    0.00      0.65
    1.37      1.31
    0.72      1.37
    0.72      0.65
    1.44      1.31
    2.03      1.44
    1.44      0.00
    0.65      0.72
    0.72      0.00
    0.65      0.72
    0.65      1.31
    0.65      2.10
    0.65      0.00
    1.37      2.09
    2.50      1.13
    0.65      0.65
  151.59    136.00
  161.80    211.86
   78.73    139.78
   40.96     80.04
   44.02    101.10
  158.50    121.42
  100.61     72.43
  113.27     74.11
   44.05     56.01
   53.85      8.39
   30.05     23.51
   35.79     63.81
  136.08    105.93
   49.40     16.74
  115.35     82.44
   72.24     40.19
   52.38     53.91
   66.68     20.81
    4.25      2.02
   35.30     32.69
   32.31     49.61
    3.02      0.00
   17.87     17.91
   32.39      3.54
    0.65     30.94
   17.28     15.82
    1.37      1.37
   32.47      4.12
    3.47      1.44
    1.37      0.72
    2.09      0.72
    0.00      0.00
    0.00      0.00
    0.65      0.72
    0.00      0.00
    0.65      0.65
    0.00      1.37
    0.65      0.72
    2.61      2.16
    1.44      0.72
    0.65      1.37
    0.65      2.03
    1.37      0.72
    0.00      0.65
    0.72      0.00
    0.72      0.00
    0.72      1.31
    1.30      2.03
    0.65      2.09
    0.00      0.00
    2.17      0.00
    6.21      5.43
    4.20     17.91
    0.65      0.72
    0.65      0.65
    0.00      1.37
    1.37      0.65
    2.10     17.13
   15.88     43.85
   44.73      2.81
   16.30     18.54
    2.81      1.31
   16.31     32.23
   17.03     17.74
   17.15     31.47
   17.91     17.26
   17.07     30.82
   15.82     17.16
   19.12     19.26
   31.63     30.74
   17.48     18.72
   47.28     17.16
   16.55      4.12
    2.16      3.33
    0.72      0.65
    2.75      2.09
    2.88      0.65
    0.00      1.31
    2.68      3.47
    1.37      1.37
    2.75      2.09
    2.16      0.00
    0.72      0.00
    0.00      0.65
    0.00      0.00
    0.00      0.00
    0.72      0.65
    0.00      0.00
    0.65      3.26
    0.72      0.72
    0.72      0.65
    2.09      0.72
    2.09      0.65
    1.44      0.72
    0.65      0.72
    0.65      1.37
    0.65      0.72
    0.00      0.65
    0.72      0.00
    1.31      0.00
  100.03    159.52
  115.11    168.39
   53.18     70.77
   13.62    116.06
   59.56     86.52
  164.63    142.42
  130.44     76.31
   93.33     49.90
   73.46     49.24
   23.17     50.11
   94.06     12.81
   17.94     18.67
  104.54     84.71
   20.71      9.08
  142.25    159.03
  140.09     88.99
   73.12     65.19
   74.18     35.48
   47.78     23.17
   37.96     61.43
   24.94     23.48
   12.50     32.37
   76.13     17.21
    2.91      4.48
   17.99      1.44
    3.92      3.47
    0.00      2.17
    0.72      0.65
    2.03      3.40
    0.00      0.65
    4.05      4.19
    2.82      0.72
    0.65      0.72
    1.44      0.00
    0.00      0.00
    0.65      0.72
    0.00      0.00
    0.00      0.00
    0.00      0.00
    0.65      0.72
    0.65      0.72
    1.31      1.37
    1.31      2.09
    0.00      2.03
    2.02      1.44
    1.44      0.00
    0.00      0.65
    0.72      0.00
    0.65      0.65
    0.72      2.03
    1.96      2.68
    4.91      4.77
    2.18      2.03
    2.10      0.72
    1.37      0.00
    1.37      1.44
    0.41      0.41
    2.03     32.57
   47.67     18.44
    1.37     16.37
   15.72     60.78
   47.94      6.36
   19.18      1.37
    0.72      2.82
    2.75      3.40
    2.10      2.03
   18.40     46.66
    1.44     15.75
    2.68     18.25
   32.26     17.87
   46.30     20.56
   18.50     16.60
   16.48     47.05
    0.65      1.31
   30.74      3.47
   32.98      4.70
    0.72      1.44
    2.09      0.72
    3.54      2.03
    0.00      0.00
    0.65      3.98
    4.05      3.54
    2.03      0.65
    2.89      1.44
    1.44      0.00
    0.00      0.65
    0.00      0.00
    0.00      0.00
    0.72      0.00
    0.00      0.65
    0.00      1.31
    0.00      0.65
    1.44      0.65
    0.00      0.00
    0.72      0.65
    2.10      2.03
    1.96      0.72
    1.44      1.44
    0.72      0.00
   47.84     80.83
  262.81    277.80
   45.50     81.33
   30.56    132.89
   41.78     80.64
   43.36     65.65
   40.94     24.77
  101.95     32.28
   58.65     38.94
  135.99     93.69
  101.27     91.39
  120.05    150.05
   98.07     73.56
  103.67     88.08
   71.90     29.02
    8.17      6.17
   39.54     32.52
   30.73     22.43
    3.54      2.81
   11.61      3.11
   17.86     62.34
    2.10     16.17
   18.42      5.43
   48.47     33.84
   17.03      1.37
   17.20     33.42
   32.13     32.29
    2.74      2.16
    4.05      2.82
   33.11      2.16
    0.72      2.09
    1.37      1.37
    0.65      2.68
    2.03      2.03
    3.40      2.82
    2.75      2.16
    1.44      0.00
    0.72      0.00
    0.65      0.00
    0.00      0.72
    0.00      0.00
    0.00      0.00
    0.65      0.00
    0.65      1.44
    1.06      1.13
    0.65      0.00
    0.65      1.44
    0.00      0.65
    0.00      1.31
    1.31      2.75
    2.82      0.72
   18.25     18.49
    4.93      4.13
    2.09      1.96
    0.00      1.37
    0.00      0.65
    1.37      0.72
    0.72      0.00
    2.03      2.68
   19.24     17.81
   15.75     31.70
   46.91     46.07
    4.86     47.23
   59.55     19.00
   16.46     18.53
   15.72     15.74
   19.16      5.49
    2.82     17.11
    4.76      3.40
    2.16      2.10
   18.57      2.81
    2.03      1.44
    1.37     16.42
   19.05     49.32
   17.35     16.44
    0.00      2.61
   18.39      4.19
   32.33      2.75
    2.82      3.34
   17.17     19.14
    2.09      0.00
    2.17      1.38
    2.10      0.00
    1.44      3.33
    4.78      2.68
    0.00      2.16
    2.03      1.44
    3.54      0.65
    0.72      1.37
    0.00      0.00
    0.72      0.00
    0.72      0.00
    0.00      0.65
    0.00      0.65
    0.00      0.65
    0.72      0.65
    0.72      0.65
    0.72      0.00
    0.00      0.00
    1.44      0.00
   16.27     28.51
  144.05    231.58
   60.67     84.84
   50.77    174.72
   34.38     74.59
  111.24    104.46
   87.43     66.34
  100.35     61.99
  126.39     76.48
   75.62     55.68
   45.10     41.04
   55.39     41.18
   74.57     63.78
  118.23    132.39
  153.09    131.31
  120.57     88.95
  120.15     63.43
  102.75     87.72
   53.83     27.55
   25.42      6.29
   16.24     20.14
    0.72      2.68
    4.19      1.37
   16.90      4.78
    2.10      2.10
    2.89      0.00
   16.48     46.69
    0.65     16.55
    3.40      2.82
   16.47      3.47
   35.05      4.26
    2.75      1.44
    2.03      2.82
   16.49     15.90
    1.37      3.40
    0.00      0.65
    2.61      2.10
    2.03      2.82
    2.88      0.72
    0.72      0.00
    1.37      1.37
    0.65      0.72
    0.00      0.00
    0.72      0.00
    0.00      0.00
    1.31      1.44
    0.00      0.00
    0.65      0.72
    1.31      0.72
    0.00      0.72
    0.00      0.65
   18.56     20.42
    4.86      4.79
    1.44      1.37
    0.72      0.00
    1.31      1.37
    2.09      2.75
    0.00      0.65
    1.37      2.03
    4.26      2.03
   15.09     29.86
   18.24     16.47
   33.73     20.73
   32.08     34.38
   34.34     62.49
   16.46     33.53
   32.93      2.09
   32.95     20.59
   16.40     17.26
   33.43     49.78
   17.02     17.74
   18.45      2.17
    7.00      3.47
    1.37     17.02
    1.37      1.44
   21.22      4.91
    0.72      1.37
    0.65      1.37
    2.10      2.03
    1.37      2.68
    0.72      3.27
    2.75      3.33
    2.09      3.40
    4.98      1.37
    2.82      1.37
    1.44      0.00
    2.82      2.61
    1.96      2.82
    1.31      2.16
    2.88      0.00
    1.37      1.37
    0.00      0.65
    0.00      0.00
    1.37      1.37
    0.72      0.00
    0.00      1.31
    0.72      0.00
    0.00      0.65
    1.44      1.31
    0.00      0.00
  164.67    171.53
  124.19    206.67
   23.75     29.95
   12.97    156.73
   88.37     90.13
   45.88     69.90
   27.40     20.50
   99.32     29.29
   28.38      5.40
   68.71     25.66
   93.38     66.25
  103.67     83.38
  132.79     81.19
   63.58     54.38
   84.54     42.46
  108.69     93.28
   55.51     63.94
  137.75    127.90
  113.90     40.26
    7.22     18.12
   49.99     25.12
   48.55     21.57
   46.90     64.10
   17.27      1.37
    3.40      4.12
    6.35     17.07
    1.44      1.44
    2.51      1.72
   17.20      2.82
    2.10      1.37
    1.31      2.16
    0.72      0.00
    4.64      3.47
    1.96      4.98
    2.03      2.10
    3.99      2.82
    1.44      2.10
    0.00      1.96
    2.03      2.03
    2.03      2.16
    2.10      0.72
    2.16      0.00
    0.65      0.65
    0.65      0.72
    0.00      0.72
    0.72      0.65
    0.65      0.72
    1.31      1.44
    0.72      0.00
    0.00      0.00
   16.17     17.55
    7.54      6.94
    2.16      2.68
    0.00      0.00
    0.00      0.00
    0.00      1.31
    1.37      0.72
    0.72      0.00
    2.09      2.03
    2.75      4.70
    0.72      0.65
    2.03     16.82
   34.10     50.42
   34.85     32.91
    2.75     17.85
   47.02     20.43
   17.24     16.45
    2.03      3.40
   17.12      4.78
   34.90     33.57
    3.40     17.78
    3.55     17.05
   18.48     33.48
   63.69     21.48
    1.37      1.96
   49.74     49.73
    5.43      2.82
    1.44      2.09
    3.61      1.96
    2.68      2.82
    0.72      1.31
    2.82      1.37
    1.38      4.64
    0.72      1.31
    1.37      1.31
    4.91      4.70
    3.54      2.75
    2.91      0.00
    3.54      1.96
    1.06      3.16
    2.68      2.09
    2.03      2.16
    2.16      0.00
    0.72      0.65
    0.00      0.00
    0.65      1.37
    0.72      0.00
    0.00      1.31
    0.72      0.65
   31.87     28.62
  110.74    175.37
  154.37    220.11
    1.37      2.16
   20.89    127.95
  102.91    102.53
    0.65     27.33
  103.65     38.69
   51.34     11.56
   10.26      4.98
   54.31     44.33
  103.77     64.11
   88.75     64.00
   49.17     45.61
  104.27     63.70
   75.79     49.33
   61.87    101.76
   68.67     72.57
  162.61     51.15
    2.76      4.19
   85.93     51.04
   14.80      2.74
   69.76     63.00
   30.80     43.16
    2.03     18.94
   35.95     20.00
   37.97     35.25
   32.78      4.11
   32.24     32.20
   19.93     18.64
    0.00      2.09
    4.18      1.44
    2.74      1.37
    1.31      2.10
    0.00      0.72
    3.26      1.37
    2.75      4.91
    1.96      2.88
    2.68      2.10
    4.14      3.54
    0.00      0.00
    0.65      3.34
    2.03      1.37
    1.31      2.82
    3.54      0.72
    0.00      0.00
    2.13      0.00
    0.65      0.72
    0.00      0.00
    0.65      1.37
    1.31      0.72
   17.91     19.95
    6.24      5.44
    2.09      2.09
    0.65      0.72
    1.38      0.72
    0.00      0.65
    0.00      0.00
    0.00      0.00
    2.10      3.33
    2.09      1.37
    1.37     15.75
   17.94      0.71
    0.65     33.14
   65.00     48.89
   33.37     23.40
    4.18      0.72
    4.84      4.19
   17.78     78.03
   30.18     33.58
   34.27      4.12
   31.71      1.44
    4.18      4.19
    2.82     16.37
   17.03      2.09
    6.15      6.29
    3.27     36.09
    2.90     16.89
   17.54      2.81
   20.66      4.19
   15.76      1.44
   17.84     19.21
    2.68      3.47
    1.44      0.65
    2.88      0.00
    0.72      3.26
    2.03      2.75
    0.00      2.61
    4.19      1.31
    3.47      4.12
    2.89      0.72
    1.37      0.65
    2.89      2.68
    1.37      0.65
    1.96      2.89
    1.37      0.00
    2.10      2.75
    0.72      0.00
    0.00      0.00
    1.44      0.00
  157.04    177.73
  251.15    196.60
   68.97    133.58
   92.30    151.93
   61.99     43.74
   42.34     80.71
   53.95     69.36
   20.72     29.44
   59.38     11.94
   66.19      3.52
   27.10     23.23
   70.49     61.47
   16.82     43.40
  143.99    119.73
  132.15     85.01
  110.76     60.76
   50.36     44.48
   89.30     40.22
   11.69      4.42
   99.72     74.34
    2.75     33.36
   55.29     48.74
   90.85     56.14
   16.22      1.44
   26.47      5.14
    4.40     19.37
   18.69      2.02
    6.11      4.14
    3.47     19.22
    3.40     19.29
   19.27     15.70
    0.71      3.33
   20.74      2.81
    2.68      1.44
    1.37      2.82
    2.75      1.37
    0.65      2.09
    3.33      1.44
    0.65      3.40
    5.36      4.26
    1.37      1.44
    2.75      2.75
    2.68      2.16
    0.00      2.68
    1.37      1.37
    2.03      2.09
    2.10      0.72
    1.44      0.00
    0.00      0.00
    2.03      2.12
    0.65      0.00
    4.12      4.78
    4.93      4.78
    2.09     15.72
    0.65      1.37
    0.00      0.00
    2.02     15.82
    0.72      0.72
    1.31      2.09
    0.65      3.33
    2.81      0.72
    1.44      0.65
   16.42     16.35
   14.38     17.05
    4.19     47.00
   68.06     52.09
   16.59     32.85
   32.59      4.19
   17.86      4.20
    3.47     17.79
    2.88      1.31
   18.43     21.89
    2.83     16.40
    4.91     16.45
   17.66     18.39
   48.48     34.95
   19.77      3.60
   17.09      4.19
    3.62      3.99
    4.72      4.85
    3.40      3.56
    2.82      1.37
    4.14     17.79
   16.56      4.86
    2.03      2.03
    4.26      2.03
    2.16      1.37
    0.72      2.61
    2.10      1.37
    2.03      5.37
    5.57      2.10
    0.00      2.68
    3.54      2.03
    3.54      0.00
    0.00      1.37
    3.54      2.68
    2.61      2.82
    0.72      0.72
    2.16      0.00
   16.97     27.86
  119.67    207.51
  143.32    173.09
   31.23     52.63
    8.17    121.00
   14.17      1.85
   62.31     81.20
    4.38      1.96
   85.02     55.97
   25.88      2.09
   38.82     44.12
   69.59     45.76
   88.75     31.97
   62.60     53.04
   29.09     18.16
   90.76     97.91
   48.30     50.71
  108.07     89.68
   40.69     51.71
   94.18     44.81
   68.39     50.79
   55.14     36.04
   36.10     31.87
   58.14     52.86
   26.95     17.96
   29.32     20.07
   30.80     32.84
   20.68     19.81
    0.00     18.50
   67.20     36.71
    3.54      2.68
   16.48      4.78
    5.56      1.44
    5.57      4.86
    2.03      2.82
    2.09      1.37
    2.70      3.47
    2.68      2.82
    1.37      0.72
    2.75      2.03
    3.33      1.37
    1.31      6.29
    1.38      0.72
    6.80      4.26
    1.37      2.10
    1.96      1.44
    1.37      2.09
    1.37      2.61
    0.00      0.72
    2.68      2.82
    2.82      1.37
    2.71      2.03
    6.96      5.49
    2.16      2.03
    1.37      0.72
    0.65      0.72
    0.65      1.37
    1.37      1.39
    0.00      0.00
    0.65      0.00
    2.05      4.12
    3.47      2.09
    1.37     16.40
   30.17     16.61
    2.10      3.33
   17.91     15.74
   17.73     49.42
   19.20      4.19
   33.75     34.86
   34.11     48.33
   18.37      4.18
   17.17     34.77
   17.89      2.09
   19.24      4.11
    2.82     16.39
    3.40     19.12
    3.54      1.31
   31.44     35.01
    4.85      1.44
    4.71     19.11
   32.41      4.98
    1.31      2.03
   18.38      7.59
    4.05      4.12
    2.82      2.03
    3.47      2.75
    2.82      2.77
    2.09      2.68
    2.84      1.37
    2.10      2.03
    2.09      3.98
    1.37      1.37
    2.03      2.68
    6.35      5.43
    1.31      2.10
    2.16      1.96
    5.63      0.65
    0.72      2.10
    0.72      0.65
    2.68      2.77
   18.34     29.30
  121.03    185.31
   73.81    110.15
   84.77    189.50
   12.74     73.40
   67.57     49.32
   21.90     23.56
   27.72     10.14
   62.55     91.39
   13.62      1.31
   67.76     41.92
   82.55     29.74
   76.30     73.07
  130.58    103.01
   42.45      7.92
   61.20     73.75
   57.58     12.39
   46.73     27.02
   63.20     45.72
   40.91     43.33
  102.42    103.12
  120.11     82.19
   64.64     74.46
   56.76     25.44
   64.16     27.26
   12.36      3.90
   15.74      5.21
   15.81     19.29
   18.02     39.76
   27.97     17.14
   53.44     49.50
    4.99      8.04
    5.56     18.66
   18.97      1.44
    2.09      4.05
   18.43      4.90
    4.84      2.82
    1.31      2.82
    2.03      2.77
    4.05      3.54
    1.46      0.00
    2.03      1.37
    3.33      4.05
    1.96      4.91
    1.44      0.72
    3.34      3.47
    5.50      4.26
    1.31      1.44
    2.75      1.44
    0.72      2.61
    1.31      2.10
    4.71      4.84
    7.68      6.17
    2.89      2.03
    1.31      0.72
    1.39      1.37
    0.00      1.39
    1.37      0.00
    0.72      0.72
    1.39      0.72
    0.65      3.33
    2.82      0.72
    2.03      2.10
   16.98     45.00
   31.94     33.39
   17.66      3.47
   19.13     19.91
   17.74     17.19
    4.05      4.12
   33.16     20.80
   19.73     17.04
   18.42     34.93
    1.44      4.72
    5.61     32.36
   49.07     48.39
   31.19      4.11
   17.39     17.78
    5.05      2.75
    4.04      4.19
    4.84      2.81
   16.45     17.02
    2.75      1.44
    1.31      5.51
   32.78     35.68
    3.48      1.44
    3.60      2.68
   17.73      4.84
    2.09      2.03
    2.82      2.03
    3.40      4.78
    0.00      1.31
    3.40      2.84
    3.54      3.98
    2.84      1.37
    3.47      1.37
    3.54      3.98
    1.96      4.77
    0.72      1.37
    4.33      2.61
    4.84      1.44
  263.11    291.27
   52.90     51.72
   30.28    162.72
  120.35    152.92
   47.37     50.02
  121.54    118.05
   64.22      9.88
   70.27     53.23
   16.37      1.30
   25.84     44.78
    8.23     17.88
   92.55     46.75
   36.97      9.06
   58.09     72.90
  110.84     42.81
   58.84     88.45
   57.31     11.24
   80.34     53.85
   45.61     26.73
   26.20     39.99
   64.46     49.75
   47.13     23.24
   30.00     23.04
   26.81     33.10
   46.62     51.88
    5.74      3.68
   34.83     19.30
   30.74     34.75
   19.50      2.81
   19.22      6.89
    3.47     16.16
    3.53      3.40
    1.46     15.76
    0.00      2.61
   20.35     17.68
   42.58     26.85
   18.00     17.19
   51.18     33.89
   31.38      9.11
   16.63      2.83
   10.33      2.39
    3.34     15.83
    3.33      4.19
    1.96      4.14
    5.84      4.60
    2.84      4.84
    3.64      1.31
    3.33      1.44
    1.96      4.19
    4.77      4.26
    1.31      1.37
    5.50      6.15
    6.96      6.88
    1.37      0.65
    2.09      1.44
    2.74      2.03
    2.81     17.02
    0.65      1.37
   17.85     17.28
    2.10      0.00
    0.65      3.40
    4.93      1.44
    1.37      2.70
   14.44     29.88
   18.34      3.40
    4.21     17.87
   17.85     32.17
   33.42     18.48
   34.00     35.09
    3.39      4.12
   18.25      3.54
    4.12     19.18
    0.00      1.96
   20.03      3.39
    2.82     17.78
    4.78      4.80
   18.65     21.04
   16.36     32.17
   20.61      5.44
   17.86     18.66
   21.80      3.54
   19.82     19.90
   19.27      2.17
    1.31      0.00
    1.31     19.77
    2.10      1.44
   16.44     19.06
    4.05      2.09
   17.88      6.15
    3.54      0.72
    3.49      2.11
    2.10      2.61
    0.72      1.38
    0.65      1.31
   16.06     18.92
    6.24      2.68
    3.34      5.61
    4.19      3.40
    4.21      3.40
    2.82      1.96
  126.18    207.19
   56.68    110.97
   15.26    134.44
   83.80    163.53
   51.45     49.54
   78.57     60.82
   61.32     62.54
   40.21     21.29
   13.70      3.54
    1.22      1.80
    8.92      2.82
   55.61     48.15
   40.80     49.17
   93.50     53.06
   78.23     52.00
   70.46     74.44
   15.38     48.04
  111.21     83.74
   31.22     62.57
   82.34     41.30
   67.31     48.94
   74.33     44.52
   67.59     50.08
   27.85     12.08
   43.90     39.16
    1.38     19.22
   38.82     25.74
   35.36     19.36
   30.09     17.98
   21.16     20.44
   18.64     20.61
    6.22      4.13
    2.75      2.82
   20.29      2.68
    1.37      2.03
    2.75     16.55
   18.58      4.20
    0.00     31.53
   18.52      4.27
    4.21      1.37
    2.68      2.82
   18.73      2.03
    1.39      2.18
    2.03      0.65
    2.68      3.61
    0.65      1.96
    2.68      2.88
   16.63     17.83
    2.75      4.07
    4.57      4.98
    8.27      7.66
    8.41      5.50
    2.03      2.10
    2.68      2.10
    2.68      4.20
    0.65      1.96
    4.19      3.48
    1.31      1.38
    2.90      1.37
    1.37      0.72
    2.10      3.33
    2.75      2.10
    1.37      1.31
    1.31      1.44
    2.03     34.06
   35.53     17.90
   17.86     16.47
   16.49      4.98
    6.09     20.01
   19.15     34.56
   49.25     24.20
    6.93     32.93
   14.43     31.28
   46.53      4.12
    3.54      5.36
    4.18      1.37
    3.47      2.82
   18.88     49.97
    2.10      2.11
   17.96     19.02
   18.91      3.61
   22.14      7.53
    4.84      2.10
    3.40     18.57
    2.10      0.65
    4.06      4.92
   17.92      2.75
    1.44      1.37
    2.03      2.75
    2.75      3.33
    1.37      2.10
    4.19      2.68
    0.00      1.37
    3.47      1.96
    1.37      4.12
    2.11      1.39
    3.54      2.68
    2.03      1.39
    1.44      1.38
  114.62    197.60
  110.09    125.42
    6.09    107.87
   68.98    150.22
   58.77     61.55
  112.49    120.51
   44.67     21.35
   91.73     32.98
   42.85      2.82
   27.91      3.52
   15.78      3.49
    2.62      4.09
   35.58     24.08
  115.06     86.57
   17.26      2.03
   62.88     64.94
   47.13     64.16
   31.08     62.40
   19.00      4.87
   81.77     82.88
   51.82     41.32
   36.05     70.86
  150.00     83.97
   73.23     88.95
   32.82     37.30
   79.42     77.18
   65.42     35.05
   64.73     17.69
   40.52     22.62
    7.52     20.83
   28.59     30.11
   61.40     48.69
    3.56     18.34
   34.04      9.06
   19.33      2.82
    2.18      2.03
    1.04     19.10
    4.92      0.72
    4.92      3.47
    0.65      1.37
    3.48      2.10
    2.75      2.03
    1.96      2.89
    1.44      0.65
    1.31      2.75
    1.37      2.03
    2.68      2.75
    3.40      3.54
    3.41      2.12
    4.09      3.61
    2.75      2.75
    4.80      3.40
    4.19      4.78
    1.96      3.47
   16.36      5.51
    5.36      3.54
    4.86      4.91
    5.52      2.75
    0.65      4.12
    2.12      0.65
    2.75      2.75
    4.85      3.40
    2.82      2.75
    2.75      1.39
    0.65      1.44
    2.82      2.68
    4.66      2.17
   44.91     50.04
    3.46     17.74
   20.57     18.26
   18.92     20.08
   19.66     39.12
   21.89     17.87
    6.21      4.19
   16.92     21.17
   19.99     31.58
   17.99     18.91
   17.67      4.05
   20.03     17.19
   16.37     32.78
    2.03      2.09
   33.20      6.73
    4.07      4.21
   18.59     64.39
    6.31      3.49
   20.39      2.57
   32.54      0.72
    5.36      5.57
    2.68      5.57
    0.72      0.65
    5.50      3.47
    0.72      2.03
    0.72      1.31
    3.47      2.10
    0.65      1.37
    3.47      2.09
    0.00      1.96
    1.44      2.61
    2.68      2.75
  113.96    129.07
  124.97    143.46
  123.61    161.50
    6.85     82.65
   35.45    104.94
   44.24     50.75
   44.21     59.63
   54.86     47.60
   67.95     66.63
   41.66      2.16
   52.34     58.11
   17.17      3.47
   38.32     24.03
    8.28      4.19
   41.54     26.28
   59.83     23.36
   61.87     78.58
   31.17     38.94
   61.67     50.96
   19.82     20.77
   39.85     39.23
   44.55     40.54
   59.73     24.88
   53.38     76.65
   74.65     29.92
   58.65     74.36
   26.70     12.22
  113.18     79.56
    4.07     18.16
  105.02     86.62
   32.90     12.21
   63.06     43.26
   13.15     49.49
   60.96     34.70
   45.92     29.39
   23.80      7.10
   11.72     16.50
   22.90     22.49
    3.03      3.40
   16.92      3.40
    2.82      1.37
    6.37      4.80
    1.31      0.72
    3.47      2.82
    2.12      1.38
    0.65      0.00
    2.03      3.47
    2.75      1.37
    0.65      2.12
    1.37      1.37
    2.68      3.47
    5.45      3.40
    6.82     10.41
    6.15      3.47
    2.03      2.89
    2.77      2.11
    1.31      2.10
    1.44      2.61
    5.29      2.89
    3.56      3.54
    1.38      1.31
    3.27      5.59
    2.75      3.33
    2.75      3.47
    4.21      4.12
    3.33      1.44
    2.16      3.41
    6.17      2.88
    1.31     17.61
   18.92      2.09
   33.46     50.92
    4.12      4.19
   18.96     18.63
    4.08      6.81
   20.81     31.49
   32.81     21.39
   18.00      4.80
    6.22     20.37
    6.87      6.94
   19.37     18.62
   32.40     17.92
    4.93      3.99
    0.72     15.73
    4.87     16.95
   33.92     36.10
   20.63     21.17
    4.12      4.19
   20.06      2.05
   17.78      3.40
    4.06     17.10
   21.98     18.71
    1.96      4.91
   16.44      2.75
    2.75      2.03
    2.10      2.77
    2.82      1.38
    1.37      1.37
    0.74      1.96
    0.65      0.72
    2.82      2.05
   80.73    122.46
   79.91    122.41
   69.06    131.74
    4.98     80.64
   54.95    106.38
   44.93     57.46
   87.95     90.06
   49.93     48.53
  100.81     36.47
   41.53     11.77
   40.74      2.74
   16.67      4.12
    6.77      3.53
   27.96     22.48
    3.40      4.14
   28.62     14.48
   25.40     21.97
   59.37     47.20
   33.91     24.30
   76.52     95.08
   71.01     36.08
   80.93    102.70
  112.19     72.79
  107.19     31.14
    3.47     25.52
    7.73     45.99
   73.40     56.53
   32.53      6.15
   14.62     21.62
   31.53     26.92
    7.51      2.09
   54.30     54.17
   32.60     27.72
   25.77     44.86
   29.84     21.98
   60.87     54.43
   41.34     37.22
   69.83     59.29
   25.52     11.93
   22.94      6.82
   12.27      8.61
   20.13     15.12
    2.68      4.13
   20.50     17.68
   17.20      1.44
    0.65      2.75
    2.10      0.65
    1.38      1.46
    2.03      1.44
    1.39      2.68
    3.34      4.89
    4.23      3.40
    8.92      6.87
    2.03      2.82
    3.33      5.57
    1.37      0.00
    2.75      2.03
    4.19      4.19
    1.31      3.40
    2.75      2.10
    4.73      2.91
    2.70      4.78
    4.12      4.19
    3.33      2.10
    0.72      2.10
    3.47      2.75
    2.70      3.33
   20.16     22.70
    3.40      1.44
    2.74      3.40
   20.56     22.19
    4.79      4.12
   34.11     50.19
   21.29     37.45
   36.05     18.70
   34.32     20.81
    2.10      3.99
   19.91     34.88
    7.04      2.84
    2.74     18.42
   36.00      8.35
    1.37      2.75
    4.25      4.71
    3.54      0.72
    6.21      6.82
    3.34      2.61
    5.56      7.68
    3.49     19.04
   32.26     15.80
   16.56     34.64
    4.07      1.46
   20.68     35.66
   20.37      4.18
    5.35      5.64
    2.10      3.40
   18.79      0.65
   17.10     16.51
    1.44      0.65
    0.65      2.03
  167.44    185.62
   45.98    113.68
   42.19     84.99
   38.63    148.29
   80.72    110.70
   66.78     69.45
  119.48     99.59
   24.61      4.17
   60.38     44.25
   23.72     21.63
   54.80     21.00
    2.75     25.18
   68.72     47.31
   68.09     54.89
   39.78     24.01
   42.21     37.00
   11.25      6.72
   33.07     52.13
   11.09      8.31
  134.48     85.65
   44.23     26.22
   51.66     64.81
   84.77     58.92
    5.42     21.01
   35.01     87.55
   94.70     93.26
   63.12     27.77
   47.93     17.97
   47.37     82.47
   56.40     43.31
   40.33     48.67
   29.41     23.47
   26.27     31.38
   85.94     36.71
   12.02      5.64
    3.46      2.82
    1.38      4.71
    4.73      4.78
    7.54      7.10
    3.47      0.72
    1.31      1.44
    3.42      4.71
   31.85     35.62
    4.78     22.50
    4.22      3.47
   18.20     18.98
   22.81     17.93
    3.47      2.16
    2.09      1.37
    0.00      0.00
   17.95     16.57
    3.41      4.13
    6.31      6.16
    4.14      3.47
    1.96      3.49
    2.77      1.44
    0.65      2.70
    4.78      4.14
    3.33      1.46
    4.26      3.54
    0.65      1.38
    1.96      3.47
    1.96      2.75
    4.85      4.85
    4.81     17.93
    2.75      2.82
    4.08      2.84
    3.35      2.82
    3.40      4.92
   17.07      2.74
    2.68     17.86
   32.60     21.32
    8.26      4.92
    2.10      3.47
    7.45     22.01
    4.78      6.88
    6.88     34.74
   34.29     21.32
   34.58     53.21
   34.05     34.19
   53.12     21.45
    6.15      2.75
    3.63      2.84
    1.44     18.27
   19.44     38.14
   19.38      4.89
   21.52      2.10
    6.23      4.14
    4.19      5.36
    3.40      4.85
    3.53      0.65
    2.75      4.07
    2.10      2.68
    2.70      2.82
    4.21      3.40
   19.15     19.89
    6.82     20.74
    4.85      6.22
   16.45     17.11
  112.52    123.86
  138.43    126.97
   55.97    100.34
   38.91    115.35
   95.93    157.31
   41.24     69.69
   54.45     51.23
   74.07     48.14
   62.80     68.83
   43.65     52.88
  101.19     70.78
   43.59     18.05
   83.39     39.88
   23.48     33.29
    6.79     18.33
   35.42     28.66
   50.99     18.45
   28.69     12.04
   50.43     54.69
   14.09      6.20
   55.20     55.92
   56.50     30.79
    2.68     18.88
   81.20     69.33
   58.70     25.52
  102.77     94.70
   46.59     10.92
  103.06    100.51
   83.83     55.59
   22.24     24.50
  107.58     82.98
   66.33     60.30
   97.63     60.16
   42.28      5.20
   24.78      6.72
    6.37     18.27
   39.45     22.87
    5.57     19.92
    5.45      4.12
    3.47      4.12
    5.51      4.26
    3.47      2.09
    1.31      0.72
    1.38      3.42
    2.68      3.40
    5.43      4.28
    2.68      6.02
    2.68      6.24
    5.74      0.00
   19.24     18.71
    3.40      3.40
    2.75      2.82
   19.90     21.13
    8.47      6.31
    2.03      3.42
    4.15      2.82
    0.00      0.00
    3.54      3.27
    4.06      4.28
    4.21      2.70
    1.31      1.44
    2.03      2.84
    4.06      2.12
    2.77      4.13
    4.15      4.20
    4.78      4.84
    2.77      1.37
    1.96      2.82
    6.10      4.26
    3.27      5.64
    3.99      3.47
    2.03      3.54
    3.40      2.77
    3.35     17.92
   19.17     21.46
   21.89      6.15
    6.15      5.57
    2.75      2.77
    5.43     20.02
    4.92      4.71
   32.17     33.73
   21.33     34.35
    5.43     22.97
   20.50      2.10
   34.74     48.70
   21.04      6.82
   18.48     50.84
   68.56     24.26
    4.84      4.73
    8.46      4.12
    5.52      4.85
    3.47      3.34
    3.47      2.10
    0.72      1.37
    4.87      2.68
    1.37      4.12
    0.00      1.31
    4.07      4.12
    7.52      6.17
   34.00     56.56
  201.99    164.32
  101.85     95.38
   16.18    131.92
   11.07    108.71
  106.70     73.23
   58.34     76.28
  103.87     66.50
   90.65     89.82
   42.36     29.39
   47.44     16.51
   14.62     12.94
   24.59     18.28
    9.55     14.97
   11.00      4.80
    2.76      1.42
    4.02      5.38
   19.59      3.42
    4.04      3.99
   29.29     37.84
   60.58     45.76
   37.08     26.36
   80.89     82.12
  124.27     72.60
   24.18     54.38
  118.12     83.82
   49.82     34.88
   34.61     36.92
   52.09     40.45
   43.84      6.94
  142.42     66.85
   20.86     23.61
   38.95     45.57
   42.67     39.26
   37.32     45.89
   52.42     53.69
   20.18      4.86
   25.42     67.39
   37.81      7.73
    6.10     22.53
   36.93      9.93
    6.36      2.82
    5.58      2.68
    2.75      2.89
    3.40      2.75
    1.31      4.15
    1.46      0.00
    4.19      2.05
    2.62      5.50
    4.13      2.82
    1.96      4.80
    5.52      4.97
    5.54      5.95
    9.64      7.08
    2.13      2.82
    1.38      2.05
    1.46      0.00
    2.82      3.99
    1.37      0.65
    4.06      3.40
    2.16      3.47
    2.61      3.49
    3.49      3.49
    3.40      3.47
    6.80      5.59
    2.12      2.75
   19.07     18.31
    5.45      4.33
    4.07      3.40
    3.27      4.98
    2.67     16.63
    6.08      5.57
    2.05      3.54
    2.68      1.44
    4.06      5.50
    2.68      4.78
    5.43     21.88
    6.88     33.06
   35.80      7.69
    6.22      3.40
   20.37      4.98
    3.40     19.10
   19.92     32.34
   15.83      4.78
   18.49     18.99
   19.07     32.93
   17.55     33.36
    4.06     21.84
   19.57     37.23
   36.02      6.83
   40.08     22.65
    4.73      7.67
    8.48     20.62
   22.06      4.27
    1.37      3.98
    7.10      1.37
    4.14      2.18
    1.37      4.05
    1.37      3.33
   44.09     51.42
  133.98    203.61
   54.68     30.10
   27.08    223.90
   81.80     87.62
   78.20     80.31
   62.60     82.50
   76.49     40.48
   40.23     13.13
   25.83     20.67
   54.13     53.67
   40.84     45.93
    7.52      4.68
    1.96     25.61
    6.19      6.06
   46.60      7.74
   25.41      9.58
    9.62     16.43
   32.07     26.67
   30.05     24.68
   27.25     16.41
  107.16     67.63
   17.09     42.71
   27.22     52.26
   42.78     30.42
   81.50     62.95
   63.84     61.02
   87.54     87.96
  125.84     76.08
   46.72     43.99
   39.04     43.70
   45.94     74.49
   57.38     13.43
   56.01     41.18
   35.62     44.76
   15.03     58.03
   50.04     45.36
   35.45     19.73
   80.19     81.02
    8.34     36.97
   48.53     18.12
   36.03     12.56
    7.75      9.05
   11.54      7.11
    4.28      3.56
    4.29      4.05
    6.02      7.05
    4.13      4.78
    4.28      1.44
    3.63      1.96
    1.96      0.65
    5.37      6.47
    3.47      2.10
    7.61      8.26
    3.92      6.80
    2.05      2.86
    1.46      2.68
    5.59      3.49
    4.23      2.79
    0.00      1.96
    2.82      2.03
    0.74      0.65
    1.37      0.72
    1.44      0.00
    6.67      6.15
    2.70      6.93
    6.25      5.58
    7.53      4.26
    1.96      4.19
    5.45      4.84
    3.92      5.07
    6.17      4.93
    3.47      4.12
    0.65      1.37
    4.73      2.85
    2.68      3.47
    3.41      5.57
    6.74      6.81
   16.71     19.07
    8.83      8.42
   21.82     18.43
    1.38      4.71
    6.15      6.87
   20.61     48.43
   20.47     19.29
   17.16     18.92
   36.37      4.92
   17.61     47.70
   15.23     17.83
   49.86     37.67
   20.72     21.14
    4.27     31.41
   22.82     22.57
   34.15      8.30
   23.55      7.61
    4.84      5.50
    5.63      3.35
    4.25      3.47
    6.26      4.12
    3.98      6.32
  149.08    192.26
   77.58     81.97
   87.43    148.80
   50.02    123.00
    6.47     80.04
   59.00     21.23
   26.22     24.63
   64.40     85.61
   24.16     55.17
   49.84     40.52
   28.03     11.75
   59.27      5.49
   19.36      2.76
   39.50     36.37
   13.25      4.72
   67.31     55.27
   31.98     28.14
   31.37     47.03
    8.27     28.55
   24.78     22.31
   72.05     39.45
   52.64     24.78
   74.89     44.70
   27.04     20.11
   28.38     19.64
   15.47      9.21
   40.46     12.65
   29.52     14.12
    7.01      4.77
   74.53     42.78
   32.77     29.60
  103.73     84.36
   69.59     55.00
   48.18     79.47
   49.78     49.03
   78.97     93.71
   78.45     66.11
   47.62     33.35
   77.25     65.98
  102.22     84.02
   33.51     36.95
   56.22     41.39
   19.56     21.90
   20.21     34.08
    5.57     35.75
   39.00      7.12
    4.71      5.66
    6.94      5.47
    2.77      4.82
    2.17      0.00
    4.23      4.07
    5.45      6.11
   10.30      9.66
   10.74      8.70
    1.44      2.19
    4.12      1.37
    1.31      6.05
    2.10      3.42
    3.49      2.21
    4.30      3.33
    2.12      0.72
    0.72      0.65
    0.72      0.65
    0.72      0.65
    3.27      4.97
    3.56      2.68
    7.50      7.57
    3.55      3.58
    4.09      4.78
    6.04      5.05
   20.49     21.76
    2.03      2.75
    4.05      4.26
    4.71      4.95
    4.08      2.11
    1.44      3.42
    4.79      4.78
    6.67      5.72
    3.41      6.90
   21.66     21.65
   21.77     21.48
    4.05      5.51
   22.05     21.34
    6.87      5.65
   21.32     32.14
   19.05      4.78
    2.74     20.70
   20.89      2.75
    1.96      3.40
   19.53     18.28
   19.19     38.38
    5.71     35.80
   48.00     18.03
   36.34     21.37
   32.56     20.04
   24.00     35.99
    2.61      4.71
    5.51      9.62
   23.00      2.05
   87.15    122.41
   47.02     30.66
   23.20     83.09
   90.60    114.20
   23.03     55.77
   22.05    127.51
   28.02     96.37
   52.50     53.20
   35.51     18.65
   80.01    174.17
   42.85     60.17
   52.17     57.31
   56.83     38.15
   62.00     46.95
   26.85     27.99
   99.05     45.40
   11.13      7.66
   15.43     31.85
   30.58     24.29
   11.06     33.42
    7.75      6.02
   88.90     54.17
   10.31      6.16
  119.80     72.66
   22.90      7.50
   31.36     53.44
   28.82     18.56
   54.59     51.93
   74.90     46.94
    6.15      6.44
   40.81     35.88
   64.06     57.14
   44.85     18.66
   44.70     58.30
   89.16     51.72
   21.39      5.49
   33.14     36.07
   42.95     21.33
   32.15     30.75
   50.59     23.35
   17.11     19.27
   59.44     39.90
   35.19     38.37
   32.70     65.90
   36.40     34.60
   18.38      7.75
   32.38     16.48
   48.68     41.30
   23.97      6.34
   57.00     77.37
    5.57      4.78
   17.55      4.81
   20.01      3.49
   10.44     11.06
    3.42      4.23
    4.82      1.44
    2.70      4.85
    6.17      4.23
    2.10      3.44
    4.15      6.13
    3.27      6.33
    3.65      0.65
    3.47      2.03
    3.58      2.77
    1.31      1.44
    2.75      4.08
    3.56      1.96
    2.77      1.44
    2.75      2.84
    5.38      4.92
    4.73      4.87
    4.04     35.94
    4.01      4.87
    3.47      3.49
    8.39      2.75
    6.92      4.26
    7.29      2.61
    3.99      6.33
   20.34     16.89
   11.06      7.55
    8.11      6.31
    4.12      4.88
   36.71     38.29
    6.22      6.15
   10.70      7.71
    5.59      3.49
   18.27     20.46
    2.68      5.36
   19.85     45.93
    9.68      6.44
    2.12     17.10
   19.89      7.70
    2.75     18.45
   49.69     21.18
   22.81     35.17
   20.77      7.50
    4.21     17.18
    6.24     18.46
   19.33     37.86
   15.01      1.51
   15.55      0.00
    1.36      0.00
    0.65      0.00
    0.00      0.00
    0.93      0.00
    0.00      0.00
    0.00      0.00
    0.00      0.00
    0.00      0.00
    0.00      0.00
    0.00      0.00
    0.00      0.00
    0.00      0.00
    0.00      0.00
    0.00      0.00
    0.00      0.00
    0.00      0.00
    0.00      0.00
    0.00      0.00
    0.00      0.00
    0.00      0.00
    0.00      0.00
    0.00      0.00
    0.00      0.00
    0.00      0.00
    0.00      0.00
    0.00      0.00
    0.00      0.00
    0.00      0.00
    0.00      0.00
    0.00      0.00
    0.00      0.00
    0.00      0.00
    0.00      0.00
    0.00      0.00
    0.00      0.00
    0.00      0.00
