      h_eth1      
 KB/s in  KB/s out
    0.00      0.00
    0.00      0.00
    0.00      0.00
    0.00      0.00
    0.00      0.00
    0.00      0.00
    0.00      0.00
    0.00      0.00
    0.00      0.00
    0.00      0.00
    0.00      0.00
    0.00      0.00
    0.00      0.00
    0.00      0.00
    0.00      0.00
    0.00      0.00
    0.00      0.00
    0.00      0.00
    0.00      0.00
    0.00      0.00
    0.00      0.00
    0.00      0.00
    0.00      0.00
    0.00      0.00
    0.00      0.00
    0.00      0.00
    0.00      0.00
    0.00      0.00
    0.00      0.00
    0.00      0.00
    0.00      0.00
    0.00      0.00
    0.00      0.00
    0.00      0.00
    0.00      0.00
    0.00      0.00
    0.00      0.00
    0.00      0.00
    0.00      0.00
    0.00      0.00
    0.00      0.00
    0.00      0.00
    0.00      0.00
    0.00      0.00
    0.00      0.00
    0.00      0.00
    0.00      0.00
    0.00      0.00
    0.00      0.00
    0.00      0.00
    0.00      0.00
    0.00      0.00
    0.00      0.00
    0.00      0.00
    0.00      0.00
    0.00      0.00
    0.00      0.00
    0.00      0.00
    0.00      0.00
    1.36      0.00
    0.00      0.00
    0.00      0.00
    0.00      0.00
    0.00      0.00
    0.00      0.00
    0.00      0.00
    0.00      0.00
    0.00      0.00
    0.00      0.00
    0.00      0.00
    0.00      0.00
    0.00      0.00
    0.00      0.00
    0.00      0.00
    0.00      0.00
    0.00      0.00
    0.00      0.00
    0.00      0.00
    0.00      0.00
    0.00      0.00
    0.00      0.00
    0.00      0.00
    0.00      0.00
    0.00      0.00
    0.00      0.00
    0.00      0.00
    0.00      0.00
    0.00      0.00
    0.00      0.00
    0.00      0.00
    0.00      0.00
    0.00      0.00
    0.00      0.00
    0.00      0.00
    0.00      0.00
    0.00      0.00
    0.00      0.00
    0.00      0.00
    0.00      0.00
    2.73      0.00
    0.00      0.00
    0.00      0.00
    0.00      0.00
    0.00      0.00
    0.00      0.00
    0.00      0.00
    0.00      0.00
    0.00      0.00
    0.00      0.00
    0.00      0.00
    0.00      0.00
    0.00      0.00
    0.00      0.00
    0.00      0.00
    0.00      0.00
    0.00      0.00
    0.00      0.00
    0.00      0.00
    0.00      0.00
    0.00      0.00
    0.00      0.00
    0.00      0.00
    0.00      0.00
    0.00      0.00
    0.00      0.00
    0.00      0.00
    0.00      0.00
    0.00      0.00
    0.00      0.00
    0.00      0.00
    0.00      0.00
    0.00      0.00
    0.00      0.00
    0.00      0.00
    0.00      0.00
    0.00      0.00
    0.00      0.00
    0.00      0.00
    0.00      0.00
    0.00      0.00
    0.00      0.00
    0.00      0.00
    0.00      0.00
    0.00      0.00
    0.00      0.00
    0.00      0.00
    0.00      0.00
    0.00      0.00
    0.00      0.00
    0.00      0.00
    0.00      0.00
    0.00      0.00
    0.00      0.00
    0.00      0.00
    0.00      0.00
    0.00      0.00
    0.00      0.00
    0.00      0.00
    0.00      0.00
    0.00      0.00
    0.00      0.00
    0.00      0.00
    0.00      0.00
    0.00      0.00
    0.00      0.00
    0.00      0.00
    0.00      0.00
    0.00      0.00
    0.00      0.00
    0.00      0.00
    0.00      0.00
    0.00      0.00
    0.00      0.00
    0.00      0.00
    0.00      0.00
    0.00      0.00
    0.00      0.00
    0.00      0.00
    0.00      0.00
    0.00      0.00
    0.00      0.00
    0.00      0.00
    0.00      0.00
    0.00      0.00
    0.00      0.00
    0.00      0.00
    0.00      0.00
    0.00      0.00
    0.00      0.00
    0.00      0.00
    0.00      0.00
    0.00      0.00
    0.00      0.00
    0.00      0.00
    0.00      0.00
    0.00      0.00
    0.00      0.00
    0.00      0.00
    0.00      0.00
    0.00      0.00
    0.00      0.00
    0.00      0.00
    0.00      0.00
    0.00      0.00
    0.00      0.00
    0.00      0.00
    0.00      0.00
    0.00      0.00
    0.00      0.00
    0.00      0.00
    0.00      0.00
    0.00      0.00
    0.00      0.00
    0.00      0.00
    0.00      0.00
    0.00      0.00
    0.00      0.00
    0.00      0.00
    0.00      0.00
    0.00      0.00
    0.00      0.00
    0.00      0.00
    0.68      0.00
    0.00      0.00
    0.00      0.00
    0.00      0.00
    0.00      0.00
    0.00      0.00
    0.00      0.00
    0.00      0.00
    0.00      0.00
    0.00      0.00
    0.00      0.00
    0.00      0.00
    0.00      0.00
    0.00      0.00
    0.00      0.00
    0.00      0.00
    0.00      0.00
    0.00      0.00
    0.00      0.00
    0.00      0.00
    0.00      0.00
    0.00      0.00
    0.00      0.00
    0.00      0.00
    0.00      0.00
    0.00      0.00
    0.00      0.00
    0.00      0.00
    0.00      0.00
    0.00      0.00
    0.00      0.00
    0.00      0.00
    0.00      0.00
    0.00      0.00
    0.00      0.00
    0.00      0.00
    0.00      0.00
    0.00      0.00
    0.00      0.00
    0.00      0.00
    0.00      0.00
    0.00      0.00
    0.00      0.00
    0.00      0.00
    0.00      0.00
    0.00      0.00
    0.00      0.00
    0.00      0.00
    0.00      0.00
    0.00      0.00
    0.00      0.00
    0.00      0.00
    0.00      0.00
    0.00      0.00
    0.00      0.00
    0.00      0.00
    0.00      0.00
    0.00      0.00
    0.00      0.00
    0.00      0.00
    0.00      0.00
    0.00      0.00
    0.00      0.00
    0.00      0.00
    0.00      0.00
    0.00      0.00
    0.00      0.00
    0.00      0.00
    0.00      0.00
    0.00      0.00
    0.00      0.00
    0.00      0.00
    0.00      0.00
    0.00      0.00
    0.00      0.00
    0.00      0.00
    0.00      0.00
    0.00      0.00
    0.00      0.00
    0.00      0.00
    0.00      0.00
    0.00      0.00
    0.00      0.00
    0.00      0.00
    0.00      0.00
    0.00      0.00
    0.00      0.00
    0.00      0.00
    0.00      0.00
    0.00      0.00
    0.00      0.00
    0.00      0.00
    0.00      0.00
    0.00      0.00
    0.00      0.00
    0.00      0.00
    0.00      0.00
    0.00      0.00
    0.00      0.00
    0.00      0.00
    0.00      0.00
    0.00      0.00
    0.00      0.00
    0.00      0.00
    0.00      0.00
    0.00      0.00
    0.00      0.00
    0.00      0.00
    0.00      0.00
    0.00      0.00
    0.00      0.00
    0.00      0.00
    0.00      0.00
    0.00      0.00
    0.00      0.00
    0.00      0.00
    0.00      0.00
    0.00      0.00
    0.00      0.00
    0.00      0.00
    0.00      0.00
    0.00      0.00
    0.00      0.00
    0.00      0.00
    0.00      0.00
    0.00      0.00
    0.00      0.00
    0.00      0.00
    0.00      0.00
    0.00      0.00
    0.00      0.00
    0.00      0.00
    0.00      0.00
    0.00      0.00
    0.00      0.00
    0.00      0.00
    0.00      0.00
    0.00      0.00
    0.00      0.00
    0.00      0.00
    0.00      0.00
    0.00      0.00
    0.00      0.00
    0.00      0.00
    0.00      0.00
    0.00      0.00
    0.00      0.00
    0.00      0.00
    0.00      0.00
    0.00      0.00
    0.00      0.00
    0.00      0.00
    0.00      0.00
    0.00      0.00
    0.00      0.00
    0.00      0.00
    0.00      0.00
    0.00      0.00
    0.00      0.00
    0.00      0.00
    0.00      0.00
    0.00      0.00
    0.00      0.00
    0.00      0.00
    0.00      0.00
    0.00      0.00
    0.00      0.00
    0.00      0.00
    0.00      0.00
    0.00      0.00
    0.00      0.00
    0.00      0.00
    0.00      0.00
    0.00      0.00
    0.00      0.00
    0.00      0.00
    0.00      0.00
    0.00      0.00
    0.00      0.00
    0.00      0.00
    0.00      0.00
    0.00      0.00
    0.00      0.00
    0.00      0.00
    0.00      0.00
    0.00      0.00
    0.00      0.00
    0.00      0.00
    1.23     26.17
    0.00      0.00
   12.88     26.57
   59.19     49.39
    0.81      0.00
   27.37     35.36
   24.30     20.12
   15.36      2.31
    0.00      0.00
    0.82      0.87
    6.87      2.70
    0.00      0.00
    0.00      0.00
  254.08     86.21
  261.97     86.82
 1157.09    431.61
  507.09    233.15
  463.25    368.00
  301.32    192.68
  338.94   1245.63
  553.40    541.89
  531.36    828.72
  122.01    120.09
  432.66     93.70
  115.77     43.90
   29.66      0.80
    8.67      0.72
    0.87      0.00
    0.87      0.00
    0.87      0.00
    0.00      0.00
    0.00      0.00
    0.00      0.00
    0.00      0.00
    0.00      0.00
    0.00      0.00
    0.00      0.00
    0.00      0.00
    0.00      0.00
    0.00      0.00
    0.00      0.00
    0.00      0.00
    0.00      0.00
    0.00      0.00
    0.00      0.00
    0.00      0.00
    0.00      0.00
    0.00      0.00
    0.00      0.00
    0.00      0.00
    0.00      0.00
    0.00      0.00
    0.00      0.00
    0.00      0.00
    0.00      0.00
    0.00      0.00
    0.00      0.00
    0.41      0.41
    0.00      0.00
    0.00      0.00
    0.00      0.00
    0.00      0.00
    0.00      0.00
    0.00      0.00
    0.00      0.00
    0.00      0.00
    0.00      0.00
    0.00      0.00
    0.00      0.00
    0.00      0.00
   16.87     45.71
  104.75    234.95
   73.61     46.00
  218.86    149.91
  104.45     78.21
   34.27     16.96
   17.74      0.72
    3.55      0.72
    0.72      0.00
    0.00      0.00
    0.00      0.00
    0.00      0.00
    0.00      0.00
    0.00      0.00
    0.00      0.00
    0.00      0.00
    0.00      0.00
    0.00      0.00
    0.00      0.00
    0.00      0.00
    0.00      0.00
    0.00      0.00
    0.00      0.00
    0.00      0.00
    0.00      0.00
    0.00      0.00
    0.00      0.00
    0.00      0.00
    0.00      0.00
    0.00      0.00
    0.00      0.00
    0.00      0.00
    0.00      0.00
    0.00      0.00
    0.00      0.00
    0.00      0.00
    0.00      0.00
    0.00      0.00
    0.00      0.00
    0.00      0.00
    0.00      0.00
   46.78     16.64
  102.58    205.66
  144.46    146.92
  194.02    271.07
  201.04    159.29
  238.47    131.48
   83.28     14.86
   24.33      4.92
   27.92     21.29
   22.17     30.04
  109.79    112.27
   69.09     87.80
  109.31    128.76
   66.24     93.02
  221.62    160.95
   92.13     33.31
   34.60     31.08
   18.39      1.45
   27.20     21.24
   43.51     29.76
    0.00      0.00
    0.00      0.00
    0.00      0.00
    0.00      0.00
    0.00      0.00
    0.00      0.00
    0.00      0.00
    0.00      0.00
    0.00      0.00
    0.00      0.00
    0.00      0.00
    0.00      0.00
    0.00      0.00
    0.00      0.00
    0.00      0.00
    0.00      0.00
    0.00      0.00
    0.00      0.00
    0.00      0.00
    0.00      0.00
    0.00      0.00
    0.00      0.00
    0.00      0.00
    0.00      0.00
    0.00      0.00
    0.00      0.00
    0.00      0.00
    0.00      0.00
    0.00      0.00
    0.00      0.00
    0.00      0.00
    0.00      0.00
    0.00      0.00
    0.00      0.00
    0.00     14.37
   15.81      0.71
    0.00     14.37
   43.10     44.74
   30.19     17.27
    2.76      0.72
   17.26     30.91
   92.55     92.43
   30.57     62.66
   75.77     62.43
   15.70     77.07
  136.66    124.46
  122.16    109.49
   78.79     32.27
   32.87     31.48
    3.61     14.37
   28.78      1.44
    1.37      0.72
    1.44      0.00
    0.00      0.00
    0.00      0.00
    0.00      0.00
    0.00      0.00
    0.00      0.00
    0.00      0.00
    0.00      0.00
    0.00      0.00
    0.00      0.00
    0.00      0.00
    0.00      0.00
    0.00      0.00
    0.00      0.00
    0.00      0.00
    0.00      0.00
    0.00      0.00
    0.00      0.00
    0.00      0.00
    0.00      0.00
    0.00      0.00
    0.00      0.00
    0.00      0.00
    0.00      0.00
    0.00      0.00
    0.00      0.00
    0.00      0.00
    0.00      0.00
   85.56     75.11
   51.58     42.69
   98.69    135.16
  202.00    162.30
  143.10    122.82
  184.27    118.87
   91.90    105.43
   73.02     51.26
   76.02     25.54
  100.62    101.74
   54.63     90.63
   93.82    182.17
  101.13     59.49
  146.23    176.03
  131.66     82.03
   51.59     86.96
   59.64     48.11
  124.81    111.55
   77.68     93.09
   78.59     33.23
  100.37     49.12
   43.07     31.70
    0.00     15.10
    0.72      0.00
   15.83      0.72
    0.72      0.72
    0.00      0.00
    0.00      0.00
    0.00      0.00
    0.00      0.00
    0.00      0.00
    0.00      0.00
    0.00      0.00
    0.00      0.00
    0.00      0.00
    0.00      0.00
    0.00      0.00
    0.00      0.00
    0.00      0.00
    0.00      0.00
    0.00      0.00
    0.00      0.00
    0.00      0.00
    0.00      0.00
    0.00      0.00
    0.00      0.00
    0.00      0.00
    0.00      0.00
    0.00      0.00
    0.00      0.00
    0.00      0.00
    0.00      0.00
    0.00      0.00
    0.00      0.00
    0.00      0.00
    0.00     14.99
   15.71     15.82
   14.37     43.82
   15.81      0.71
   31.56     18.61
   15.01     15.07
   48.37     32.85
    3.49     34.03
   75.10     61.07
    2.15     17.77
   30.89     15.15
   17.32      2.03
    1.31      5.43
   17.20     17.92
   22.68      4.20
    0.65     17.10
   35.35     19.83
    1.44      0.00
    2.03      1.44
    0.00      0.00
    0.00      0.65
    0.00      0.00
    0.65      0.72
    0.72      0.00
    0.00      0.00
    0.00      0.00
    0.00      0.00
    0.00      0.00
    0.00      0.00
    0.00      0.00
    0.00      0.00
    0.00      0.00
    0.00      0.00
    0.41      0.00
    0.00      0.00
    0.00      0.00
    0.00      0.00
    0.00      0.00
    0.00      0.00
    0.00      0.00
    0.00      0.00
    0.00      0.00
    0.00      0.00
    0.00      0.00
   14.24      0.00
  121.94    120.01
   46.20     68.14
  169.26    189.94
  108.04     64.83
  109.26     72.03
  171.59     50.78
   43.26     44.59
   17.83      8.30
   77.76     99.40
   68.17     78.67
   66.03     68.43
  172.49    201.55
   66.63     69.39
  113.90     77.18
   16.51      1.44
   46.43     48.28
   18.99     31.09
   15.58      1.37
   19.05      1.44
    3.92      7.59
    1.96      2.68
   20.15     20.66
   41.47     36.30
  150.28     60.49
    0.71      0.00
    0.65      0.00
    1.44      0.72
    0.87      0.00
    0.00      0.65
    0.00      0.00
    0.65      0.00
    0.00      0.72
    0.72      0.00
    0.00      0.00
    0.00      0.00
    0.00      0.00
    0.00      0.00
    0.00      0.00
    0.00      0.00
    0.00      0.00
    0.00      0.00
    0.00      0.00
    0.00      0.00
    0.00      0.00
    0.00      0.00
    0.00      0.00
    0.00      0.00
    0.00      0.00
    0.00      0.00
    0.00      0.00
    0.00      0.00
    0.00      0.00
    0.00      0.00
    0.41      0.41
    0.00      0.00
    0.00     14.37
   15.02     15.08
   30.92     30.24
    0.00      0.00
    2.03     15.82
   30.90     31.52
   15.89     30.73
   17.60     20.01
   32.92     18.54
   33.59     19.32
   32.28     18.64
   17.75     17.88
    3.54     15.74
   17.04     33.45
   15.78      3.98
   17.87      2.61
    6.94      4.98
   19.22     16.55
   19.82     20.09
   16.24     15.52
    1.37      0.71
    0.00      0.65
    0.00      0.00
    0.65      0.72
    0.72      0.00
    0.00      0.00
    0.00      0.00
    0.00      0.65
    0.00      0.00
    0.65      0.72
    0.72      0.00
    0.00      0.00
    0.00      0.00
    0.00      0.00
    0.00      0.00
    0.00      0.00
    0.00      0.00
    0.00      0.00
    0.00      0.00
    0.00      0.00
    0.00      0.00
    0.00      0.00
    0.00      0.00
    0.00      0.00
   15.42      0.74
   71.42    100.12
   38.68     22.02
  162.97    196.71
   85.24     95.15
  287.96    175.81
  126.29     88.00
  111.12     34.91
   58.20     73.96
  101.99    133.19
  104.44     57.15
   70.68    130.61
   51.74     92.42
  158.97     55.00
    4.26     17.85
   36.00     62.01
   21.60     31.20
   69.47     46.02
   25.09     17.74
    1.44      1.37
    2.10     15.10
   17.71     32.38
   17.12      8.38
    3.26      4.78
   35.96     19.69
   16.37     16.43
    4.97      2.03
    0.00      0.00
    0.71      0.00
    1.37      1.37
    0.00      0.00
    0.00      0.00
    1.37      0.72
    0.00      0.00
    0.00      0.00
    0.00      0.00
    0.00      0.65
    0.00      0.00
    0.65      0.00
    0.00      0.72
    0.72      0.00
    0.00      0.00
    0.00      0.00
    0.00      0.00
    0.00      0.00
    0.00      0.00
    0.00      0.00
    0.00      0.00
    0.00      0.00
    0.00      0.00
    0.00      0.00
    0.00      0.00
    0.00      0.00
    0.00      0.00
   25.77     21.16
   21.45      0.00
   19.25     29.03
   17.15     30.90
    0.71     29.38
   16.45     16.42
   15.73      2.16
   59.52     61.03
    2.08      0.72
   46.05     62.71
   31.95     20.49
   33.56      1.37
   17.50     34.58
   16.37      5.50
    6.86      4.84
    2.09      0.72
   19.86     20.00
    0.00      1.31
    2.16      3.26
    2.82      2.61
    6.86     20.63
    4.05      2.03
   19.29     19.42
    1.44      0.00
    1.37      1.37
    0.00      0.65
    0.72      0.00
    0.72      0.00
    0.00      0.65
    0.00      0.00
    0.65      0.00
    0.72      0.72
    0.00      0.00
    0.00      0.00
    0.82      0.00
    0.00      0.65
    0.00      0.00
    0.00      0.00
    0.65      0.72
    0.72      0.00
    0.00      0.00
    0.00      0.00
    0.00      0.00
    0.00      0.00
    0.00      0.00
    0.00      0.00
   45.57     53.71
   41.06     46.64
  104.88    168.59
   93.97    132.65
  223.11    201.26
  162.73     92.12
  183.07    182.03
   56.62     49.24
  111.17     49.12
   15.89     18.18
   25.69     23.18
   15.50     15.80
   33.57     30.99
   30.56     48.74
   19.54     16.50
   72.93     85.19
   78.59     26.23
  113.75     81.58
   35.17     23.43
   28.44     22.50
   69.21     59.41
   19.58     16.62
   20.67     18.04
    3.26      3.47
    3.39     21.39
    3.33      4.05
    4.19      4.05
    2.03      2.88
    4.33      0.00
    0.72      0.00
    0.65      0.65
    0.65      1.44
    0.72      0.00
    0.00      0.00
    0.00      0.00
    0.00      0.65
    0.00      0.00
    1.37      0.72
    0.00      0.00
    0.00      0.00
    0.00      0.00
    0.00      0.00
    0.00      0.00
    0.00      0.65
    0.00      0.00
    0.65      0.72
    0.72      0.00
    0.00      0.00
    0.00      0.00
    0.00      0.00
    0.00      0.00
    0.00      0.00
    0.00      0.00
    0.00      0.00
    0.00      0.00
    0.00      0.00
   14.38     14.44
   14.37     15.08
   29.46     43.65
   16.15     14.37
   47.31     35.79
   15.82     14.43
    2.88     30.64
    2.03      0.65
   65.54     38.03
   19.30     47.25
    0.00     15.66
   33.49     33.24
   33.39      7.01
   19.76      4.12
    4.05      2.82
    2.16      2.75
    0.72      3.27
    1.37      3.99
    7.01      3.40
    6.22      4.78
    1.37      2.16
    4.71      2.03
    3.47      4.98
    0.65      1.37
    1.44      0.00
    0.00      0.65
    1.37      0.65
    0.00      0.72
    1.44      0.00
    0.00      0.00
    0.00      0.00
    0.00      0.65
    0.00      0.00
    0.00      0.00
    1.37      0.72
    0.00      0.00
    0.00      0.00
    0.00      0.00
    0.00      0.00
    0.00      0.00
    0.00      0.65
    0.00      0.00
    0.65      0.72
    0.00      0.00
   62.55    105.81
   25.77     20.48
   56.55     95.22
  102.98     66.95
   64.02     44.85
  164.13    102.23
  166.42    138.16
   80.08    108.87
   85.87     93.59
   97.43     55.54
   91.13     76.22
   52.33     16.20
   47.50     61.77
   14.15      2.68
   20.04     33.64
   18.58     17.92
   32.37      3.48
   18.62     47.38
    2.82     18.98
   20.01     18.64
   59.43     27.47
    1.31      2.09
   46.66     13.91
    6.81      3.54
    2.61      6.28
    2.68      6.15
    4.13      2.82
    6.87      6.15
    1.52      2.10
    2.82      0.00
    3.54      2.09
    0.72      0.00
   26.41     21.92
   75.06     51.08
    1.37      1.37
   32.41      9.79
    1.45      0.00
    0.00      0.00
    0.00      0.00
    0.00      0.00
    0.41      1.06
    0.00      0.00
    0.65      0.72
    0.72      0.00
    0.00      0.00
    0.00      0.00
    0.00      0.00
    0.00      0.00
    0.00      0.00
    0.00      0.65
    0.00      0.00
    0.00      0.00
    0.65      0.72
   26.48     20.54
   21.45     13.74
    2.88     14.37
    0.00      0.72
   14.43     15.09
   43.91     30.24
    1.31     16.47
   15.71     30.17
   58.93     46.70
   48.71     32.29
    2.18      0.00
   35.45     35.71
    2.10     17.03
   19.33      3.48
    2.75      3.47
    5.43      4.12
    4.19      5.50
    4.12     19.22
   18.71      0.65
    2.75      3.47
    0.65      6.01
    2.16      1.31
   19.28     17.84
    2.82      3.40
    5.50      6.15
    3.47      0.65
    5.43      3.54
    2.82      2.89
    0.65      0.65
    0.72      0.72
    0.72      0.65
    0.65      0.65
   14.80     15.58
   15.74     15.08
    2.16      0.72
    0.00      0.00
    0.71      0.00
    0.00      0.00
    0.00      0.00
    0.00      0.00
    0.00      0.65
    0.00      0.00
    1.37      0.72
    0.00      0.00
    0.00      0.00
    0.00      0.00
    0.00      0.00
   61.12     79.48
    0.00      0.74
   69.03     98.98
  115.82    100.20
  112.49     67.37
  208.20    117.33
  135.80    142.09
   98.42     74.22
   64.70     79.24
  150.92     67.57
   83.01     93.93
   25.59     28.99
   76.52     75.53
   61.94    105.20
   36.07     66.42
   91.24     76.36
   27.88     20.66
   15.95      2.81
    5.91      3.33
   19.22     21.24
    4.84      2.75
    5.25      6.14
   28.59     23.24
   29.37      6.13
   21.91     27.38
    7.52      6.29
   15.51     14.84
    1.96      4.77
    4.77      3.54
    6.87      6.80
    0.72      1.37
    2.82      0.00
    3.54      1.44
    0.65      1.37
    0.00      0.00
    1.37      0.00
    0.00      0.72
   30.43     32.76
    0.65      0.00
    1.44      0.72
    0.72      0.00
   46.37     36.29
   27.29      7.02
    0.71      0.00
    0.00      0.00
    0.00      0.65
    0.00      0.00
    0.65      0.00
    0.72      0.72
    0.00      0.00
    0.00      0.00
    0.00      0.00
    0.00      0.00
    0.00      0.00
    0.00      0.00
    0.00      0.00
    0.00     15.44
   14.38     28.81
   15.57     15.09
    2.03     45.80
   59.78     16.64
   30.24      2.18
   15.09     15.73
   62.02     65.85
    4.03      2.82
    6.21     17.91
    2.75      4.85
   16.39      2.75
   17.12     17.98
    1.96      3.40
    6.91      6.22
    4.19      6.11
    4.77      2.85
    4.19      2.75
    3.47      2.82
    0.72     17.65
    3.40      2.80
   20.09      3.45
   16.31     19.20
    4.85      5.50
    2.75      2.10
    8.25      4.26
    0.72      1.37
    0.00      0.00
    1.37      0.00
    1.37      2.75
    0.72      0.00
    0.00      0.00
   30.83     31.62
    0.00      0.00
    2.81      1.37
    0.00      0.00
    0.72      0.00
   14.79     14.85
    0.72      0.00
    0.00      0.00
    0.00      0.00
    0.00      0.00
    0.00      0.65
   44.96     53.10
   25.89     20.73
    0.72     51.57
  105.48     82.92
   62.13     88.86
   71.70     55.94
  181.17    187.97
   76.69     80.85
  162.26    144.36
  140.73     80.75
   71.50    127.25
  123.22    123.21
   87.40     99.56
  113.02     27.86
   41.04     20.01
   76.54     83.46
   44.73     38.71
   51.37     36.46
   13.14     18.99
   15.82     15.82
   33.31     17.56
    4.64      5.50
    4.26      2.82
    4.71      6.22
    4.12      1.44
    1.38      3.40
    2.03      1.37
    5.43      2.89
    1.31     18.91
   16.76      4.20
   19.32     18.67
    2.10      2.10
    6.87      8.90
    0.72      0.00
    4.98      0.72
    1.37      0.72
    0.00      0.65
    0.65      1.37
    1.37      0.72
    1.37      0.72
   15.10     15.89
    1.31      1.44
    0.72      0.00
    0.65      0.65
    0.00      0.72
   14.99     15.78
    1.44      0.00
    0.00      0.00
    0.00      0.00
    0.00      0.00
    0.00      0.00
    0.00      0.00
    0.00      0.65
   25.76     20.51
    1.37      0.72
   21.43     13.73
   22.75     16.01
    0.00      0.00
    0.00     14.37
   28.09     15.17
    1.96     32.36
   45.25     29.48
   17.26     17.18
   44.51     62.35
   32.26     29.48
   34.16     19.91
   21.14     21.98
   18.52      2.10
    5.35      4.84
    2.75      3.54
   16.83     33.38
    4.12      3.33
   34.21     19.33
    3.54      4.05
    4.84      4.70
    3.47      2.82
    2.16      0.65
    2.75      5.36
    0.72      0.00
    2.82      1.96
    3.40     19.84
   21.14      4.77
    2.03      5.56
    2.16      0.72
    7.53      4.91
    0.72      0.72
    0.65      0.00
    1.44      0.72
    0.00      0.65
    0.65      1.37
    0.00      0.00
    1.44      1.31
    0.65      0.72
    1.44      0.00
    0.00      0.00
    0.00      0.00
   15.75     16.53
    0.00      0.00
    1.46      0.00
    0.00      0.00
   31.19     52.96
    0.00      0.00
   25.33     71.66
   49.76     28.07
   25.60     27.87
   93.82     50.28
   78.12     54.26
  180.11    150.93
   54.46     81.64
  120.74    131.55
  103.82     77.41
   82.25     48.39
   59.07     40.11
   75.04    106.63
   53.53     59.03
   88.75    113.09
   21.13     18.96
   51.21     22.82
   19.35     19.80
   18.64      3.39
    4.90      2.75
   19.18     18.38
    3.40     18.59
    4.19      2.16
   34.34     20.09
   29.88     25.43
    3.74      2.09
   47.95     33.12
    4.93      0.72
    4.12      2.88
   26.43     23.21
   55.05     54.18
   21.92      6.42
   35.01     13.11
    7.02     10.27
    0.65      1.44
    4.33      0.65
    2.96      0.72
    0.00      0.00
    1.37      1.37
    1.37      0.00
    0.65      2.09
    0.65      0.72
    1.37      0.72
    0.00      0.00
    0.00      0.00
    0.00      0.00
    0.65      0.72
    0.65      0.65
    0.00      0.72
    0.00      0.00
    0.72      0.00
    0.00      0.00
    0.00      0.00
    0.00      0.00
    0.00      0.00
    0.00      0.00
    0.00     15.45
   14.85      0.00
   63.56     48.70
   19.31     33.07
   29.52     15.15
    0.65     14.37
    1.37     17.09
   44.63     45.79
   32.59     34.98
   32.07      6.34
   52.05     49.33
    3.39      2.75
   19.35     17.17
    7.60      6.29
    4.77      4.26
   18.57     17.83
    4.78      4.13
    3.54      4.78
    2.68      4.12
    4.26      2.68
    3.40      2.75
    0.72     16.40
    3.47      2.75
   17.25      2.10
    0.72      1.96
    2.03      3.40
   20.45     21.30
    3.40      3.47
    2.89      0.72
   21.89     20.06
    1.45      0.65
    0.00      0.00
    1.38      1.38
    1.37      1.37
    0.65      1.37
    0.72      0.65
    1.37      1.37
    1.44      0.00
    0.72      0.00
    0.00      0.00
    0.00      0.65
    0.00      0.00
    0.71      0.00
   61.24     79.55
    0.65      2.12
   30.01    104.57
   68.90     69.45
   86.75    122.94
  102.79    105.27
  156.77    172.58
   68.79     95.67
  184.10    124.55
  184.62    130.06
   93.79     55.91
  123.84    125.88
   60.50     47.30
   92.56     37.37
    4.88     16.23
   11.09      3.69
   47.84     33.79
   19.94     49.56
   32.94     18.64
   18.65     34.39
   48.49     23.11
    6.36      3.33
    7.07      4.77
    6.15      4.15
   31.97     24.85
    2.03      2.03
   25.51     18.63
    5.57      2.82
    2.03      2.16
    3.55      4.05
    2.68     17.67
    2.16      0.00
   16.87      3.40
    1.31      4.78
   18.26     16.94
    5.56      4.77
    4.78      6.15
   16.17     16.23
    2.88      0.00
    3.55      0.72
    0.00      1.31
    0.00      0.00
    1.37      1.37
    2.03      2.09
    3.40      1.44
    0.00      0.72
    0.00      0.00
    0.00      0.00
    0.65      0.00
    0.00      0.72
    0.00      0.00
    0.00      0.00
    0.00      0.00
    0.00      0.00
    0.65      1.37
    0.00      0.00
    0.72      0.00
    0.00      0.00
    0.00     14.37
    1.31     31.56
   28.80     44.54
   88.92     47.06
    3.52     31.46
   45.97      2.82
   15.67     46.69
   17.22      1.44
   32.76     32.86
    3.40      4.84
   19.91      3.47
    2.03      2.10
    2.03      2.82
    6.67      8.24
   19.71     20.69
    4.78      6.15
    9.03      6.22
    2.10      3.40
    4.19      2.68
    3.47     17.12
   27.22     21.89
   43.78     17.26
    4.33      1.96
    3.40      3.54
    3.54     18.33
   15.80      0.65
    3.33      4.19
    5.49      4.91
   17.10     18.33
    2.82      1.37
    7.52      4.33
   14.99     17.81
    2.17      0.00
    1.37      0.00
    0.00      1.37
    0.00      1.96
    0.65      2.03
    3.68      0.72
    2.10      0.72
    0.72      0.00
    0.00      0.65
   15.39     26.15
   72.17     75.07
    0.00     25.63
   61.84     78.87
   50.92     56.10
   48.41     34.20
   80.87     60.69
   63.96     91.30
   88.63    108.69
   93.75     79.37
  151.36    148.44
  122.93    135.39
  131.08     83.42
  111.46     81.52
   45.69     53.35
   77.38     31.77
   32.54     16.87
   83.35     86.07
   50.12     30.41
   32.07     35.06
    7.16      4.91
   17.93      3.40
    3.54      3.99
    3.54      4.71
   20.61     19.22
    7.59      8.31
    2.75      2.10
   10.28      7.67
    3.40      3.47
    3.54      1.44
    1.37     15.45
   16.90     17.91
    0.65      2.03
   17.78      3.54
    1.44     15.83
    4.71      6.67
   17.27      3.54
    2.82      1.44
   18.58     17.27
    4.71      8.18
    0.72      0.00
   20.73     17.99
    1.37      1.37
    1.44      0.00
    0.72      0.00
    0.00      0.65
    2.68      2.09
    0.65      1.44
    0.00      0.65
    0.00      0.00
   47.74     37.57
   29.38      7.73
    0.72      0.72
    0.00      0.00
    0.00      0.00
    0.00      0.00
    0.00      0.00
    0.00      0.00
    0.00      0.00
    0.00      0.00
    1.96     17.19
   16.47     29.52
   28.85     30.78
   45.93     46.77
   15.80     32.11
   48.66     17.82
   30.82     32.31
    3.49      2.09
   47.85     49.24
   17.18     17.81
    4.84      3.54
   33.51     19.96
    3.40      2.89
    4.85      3.47
    4.71      5.57
    3.33      6.80
    6.22      3.61
    2.68      6.02
    6.22      4.87
    5.50      5.50
    1.44      1.37
    3.54     17.03
    2.09      2.68
   17.15     15.51
   18.39      2.16
    1.96      4.64
    0.65      3.47
    7.52      2.81
    2.17      3.47
    1.37      3.33
    2.10      2.03
    6.09      4.26
    2.68      2.75
    2.17      1.44
    1.37      0.72
    0.72      0.00
    0.65      2.68
    0.00      0.65
    1.44      0.00
    2.09      0.72
   29.44     28.00
   13.30     35.20
   21.86     53.85
   62.27     55.30
    2.41     61.90
  111.22     76.02
   41.81     53.84
   42.89     49.13
   97.00     52.14
   91.26    172.71
   89.33     83.27
  143.26    178.30
  162.12    149.19
   82.65     82.94
  210.77    118.09
   42.59     35.52
   70.50     26.51
   35.31     20.08
   19.70     31.35
   15.60      2.68
   72.64     71.55
   25.58     16.53
   19.05     19.57
   20.82      6.29
    8.51      5.36
   30.50     25.50
   33.66     17.84
    2.75      2.75
   10.35      6.26
    3.40      4.12
    2.09      2.09
    4.27      4.12
    1.96     17.94
    3.40     18.46
   18.62      2.16
   15.78      1.37
    2.75      1.96
    3.33      8.24
    3.40      2.10
    4.26      0.72
    3.40      4.05
    0.65      3.47
    2.03      1.37
    2.89      2.68
    4.05      2.82
    2.88      1.37
    0.00      0.00
    1.37      0.72
    1.96      0.72
    0.00      2.09
    0.00      0.00
    0.65      0.00
    0.72     15.71
    0.00      0.65
   17.09      0.71
    0.72      0.72
    0.00      0.00
    0.00      0.00
    0.00      0.00
    1.31      0.72
    0.00      0.72
    0.00     14.99
   15.05     15.09
   28.10     30.11
   31.58     46.58
   17.20     32.12
   47.24     19.83
   78.59     64.54
    4.92     18.46
    3.59     14.99
   33.45      2.81
    2.03      4.12
    3.40      6.15
    3.33      2.82
   34.14     37.03
    8.24      4.12
    4.76      6.28
    6.22      4.91
    4.06      5.43
   17.26     15.80
    3.33      4.06
    2.88      1.44
    1.37      2.03
    3.47      3.33
    1.37      4.71
    5.56     16.54
   17.91      3.54
    0.65      3.33
    4.05      3.40
    5.50      4.92
    2.82      2.68
    0.72      1.37
    4.77      1.37
    2.82      3.54
    1.96      2.75
    2.09      2.03
    2.09      1.44
    2.03      2.09
    0.72      1.96
    0.71      0.00
   77.67    104.52
    0.72      0.65
   14.90    103.35
   33.95     27.98
   59.91     63.72
  112.65    131.07
   77.49    144.69
  159.26     91.01
   48.21     61.14
  125.96    110.58
   18.73    101.28
  138.68    102.00
   99.82     54.23
   96.94     77.79
   90.15     89.17
  129.15     32.91
   16.18     31.77
   20.12     19.83
   36.74     50.81
   62.36     19.76
   17.25     48.08
   17.99      1.38
   44.34     26.04
   76.59     51.32
   47.46     29.00
   20.17     22.57
   24.70     18.99
    6.94      6.94
    4.84      4.05
    7.65      4.26
   16.16     16.87
    1.37      2.03
    5.58      2.17
    0.65      1.37
    1.96      2.10
    3.99      7.59
    2.10      1.37
    2.16      0.65
    4.71      5.36
    2.68      5.50
    2.75      2.89
    6.36      1.38
    2.03      3.99
    1.31      3.54
    1.37      0.65
    4.26      1.37
    2.10      2.75
    1.37      1.37
    2.10      1.38
    1.37      0.72
    1.31      1.44
    2.03      2.09
    0.65      0.00
    0.00      0.72
    0.00      0.00
    0.72      0.65
    1.37      0.72
    0.00      0.00
    0.00      0.65
    1.96      1.44
    0.72      0.72
   14.37     14.43
    0.00     15.02
   15.16     15.67
   32.19     47.40
   60.23     76.77
   47.10     19.03
   17.74      2.61
   20.55     21.40
    2.82     17.68
   18.39     19.10
   32.85     18.59
    3.39      3.33
    3.54      3.47
    4.78     18.91
   18.18      2.82
   20.88     25.22
   22.52     22.81
    7.00      3.47
    4.77      7.52
    4.84      2.10
    2.75      2.10
   18.47     19.18
    0.65      0.65
    3.61      2.03
    0.00      3.26
    2.75      1.44
    6.15      3.54
   27.79     24.47
   28.04     16.49
    9.62      4.27
    2.75      5.50
    2.10      2.75
    2.10      0.65
    3.40      2.09
    2.09      2.82
    2.68      2.82
    1.37      1.37
    2.82      1.37
   30.66      3.47
   34.17     80.67
   14.42      1.31
    4.34    101.21
   49.41     21.97
   54.67     81.95
   70.46     65.68
   53.79     80.25
   98.98    102.57
   86.64     49.28
  147.04    135.89
  115.21    143.35
  158.91    119.41
  146.74     87.74
   56.94     54.15
   58.18     57.19
   74.49     40.52
   32.73     46.88
   75.14     56.73
   18.71     17.94
   93.00     61.38
   29.89     23.19
   29.03     34.34
   39.22     31.62
   22.79      5.77
    4.40      2.68
    2.10     20.30
   19.91      5.50
   23.11     23.96
   21.39     20.66
    5.05      2.03
    6.87      4.78
    3.56      4.15
    1.31      2.10
   20.03     17.29
    2.68      1.44
    2.75      2.10
    3.33      2.82
    0.00      4.06
    1.44      0.65
    3.40      2.75
    3.40     21.85
   17.85      2.10
    5.64      3.56
    3.40      2.82
    2.03      4.71
    2.03      2.03
    2.82      0.72
    2.18      2.03
    2.68      2.10
    0.72      0.72
    2.75      2.75
    0.65      0.72
    2.10      0.72
    1.96      2.10
   13.54      2.90
   12.90     20.50
   22.18     11.75
    0.72      0.00
    3.41      2.82
    2.03      2.16
    0.72      0.00
    0.00     15.03
   14.38     30.85
   43.91     45.93
   34.31     17.24
   16.53     30.21
   31.64     17.81
   34.13     49.12
   36.49     20.06
   31.56     19.88
    4.78      4.06
    4.99     16.55
    2.10      1.37
   17.19      6.08
   18.35     19.36
    2.82      2.75
    5.50     19.22
   21.18      8.97
   23.42     20.01
    4.77      5.56
    4.04      6.28
    6.17      4.93
    2.10      0.65
    4.05      6.22
    2.09      1.31
    2.16      2.68
    4.14      4.79
    2.17      0.00
    2.75      1.44
    2.68      3.47
    0.00      1.96
    3.34     18.21
    4.78      5.64
   18.41      3.40
    4.12      3.40
    2.09      2.09
    5.50      3.54
    1.37      1.37
    1.24      1.31
   62.98     81.41
    2.76      3.41
   13.61     80.19
   88.05     45.62
   71.75    182.65
   39.40     54.03
   84.62    257.08
   95.76    125.80
  179.42    156.20
   77.71     21.33
  103.34     64.74
   90.80     62.72
   99.44     39.27
   59.82     27.22
   73.00     52.22
   71.48     78.77
   25.08     19.28
   43.84     48.66
   32.34     19.04
   21.88     35.71
   49.68     33.76
    2.67     16.48
   48.89     20.73
    3.47      2.82
    4.91     16.23
    1.39      2.70
   32.34     19.63
    3.31      5.98
   29.90     28.61
   37.59     21.46
    4.23      3.31
   36.49     25.44
   34.28     19.23
    3.49      4.79
    8.51      3.50
    2.18      1.37
    4.71      3.54
   27.89     23.96
    2.68      2.16
   31.33     19.35
    1.46      1.31
    2.87      0.72
    4.77      5.42
    1.37     17.02
    2.75      2.75
   19.17      3.54
   14.98      3.56
   39.07     45.32
   30.12      8.37
    4.98      0.65
    0.00      0.72
    2.10      1.37
    1.31      1.37
    0.65      2.11
    2.77      2.03
    1.31      2.16
    4.12      2.16
    0.00      1.31
    0.00      0.00
    2.06      0.72
    2.03     15.85
   15.08      2.09
   14.80     29.97
    1.37      1.37
   15.89     30.16
    1.45     29.39
   60.21     32.20
   31.71     15.72
    4.12     18.40
   49.86     51.44
   18.39      6.94
   21.43      2.68
    2.03      4.92
    3.40      3.40
    5.49      5.56
    2.88      0.65
    2.12     17.71
   16.31     17.89
   19.12      4.85
    8.83     10.93
    7.59      4.98
    8.17      6.35
   17.00     20.05
    2.82      2.03
    5.54     19.89
   19.08      6.39
    2.11      2.03
    3.54      2.75
    2.92      1.96
    1.38      4.06
   29.97     37.05
   26.29     14.45
   15.73      6.23
    4.20      2.09
    5.50      3.47
    2.24     17.86
   16.48      3.47
    2.10      1.96
    3.47     17.56
   21.61      7.80
  105.45     76.46
    1.28     52.61
   29.23    106.20
   61.07     80.61
   36.36     69.15
   52.36    133.00
   70.08    106.94
   60.59     50.24
  132.95    118.84
   11.40      4.23
   90.05     94.77
   97.36     67.23
  112.31     73.43
  115.78     52.51
   65.52     61.69
   49.18     11.75
   19.06     17.12
   68.10     50.80
   31.34     34.15
   20.42     19.98
   34.03     33.74
   50.31     35.84
    1.37      3.33
    6.07      4.91
   23.57      4.93
    0.65      2.16
    2.75      1.96
    0.74      2.11
   17.07     34.33
    7.52      6.66
   19.93     11.12
    8.38      7.45
    4.26      1.37
   21.87     18.90
    3.42      3.51
    3.40     18.77
   21.77      4.92
    2.88      2.09
    4.19      1.44
    1.31      1.44
    1.96      4.77
    3.40      4.78
    0.65     31.18
   19.14      1.46
   19.95      6.15
    1.39      1.46
    3.54      2.03
    4.06      3.47
    0.65      3.34
    2.03      4.12
   19.01     19.15
    7.15      1.31
    0.65      2.10
    2.03      0.65
    1.44      1.46
    0.00      0.65
    2.03      1.44
   16.47     17.13
   15.74     32.21
   18.42      4.97
   16.49     16.57
    0.72     14.37
   14.43      0.72
    2.85      1.37
   15.10     31.43
   81.67     65.78
   47.96     75.87
   31.78     30.85
   32.90     17.17
   33.25     36.28
    3.40      4.12
   84.44     53.51
   60.88     31.47
   19.79     23.27
    4.05      8.25
   31.36     21.83
   82.91     51.44
    7.09      2.12
    0.00      1.96
    4.64      6.88
    4.05      8.18
   11.07      6.36
    5.36      3.47
    6.08      8.45
    2.82      1.38
   19.15     17.18
    1.96     21.10
    6.76      4.30
   19.25      5.49
    1.46      2.03
    2.15      1.31
    2.10      2.03
    2.82      0.00
    4.05     34.64
    4.56      4.84
   31.39      2.75
    5.43      4.26
    4.34      3.42
    1.45      1.30
   41.43     47.23
   31.36     28.62
   16.92     72.80
   95.77    135.63
    3.51     15.45
   15.16    105.22
   99.79    158.19
   22.05     35.50
   35.76    136.81
  125.31    179.77
  117.89     59.77
   65.74     34.42
   14.41      2.90
  101.55     66.70
   38.42     20.59
   42.23     35.89
    2.02     16.24
   40.70     18.34
   49.72     86.57
   39.41     11.07
   32.84     18.20
   21.29      4.26
   15.77     48.90
   29.27     37.13
   61.93     12.98
   27.11     45.25
   37.09     20.03
   42.78      8.67
   31.55     31.55
    7.12      2.84
    1.31      3.99
    4.05      6.22
    8.18      8.97
    4.85      5.95
   55.83     47.35
   80.87     38.71
    6.30      2.75
   20.71     22.15
    5.58      4.73
    6.96     18.58
   19.23      3.55
    3.40      2.82
    2.70      2.10
    1.44      2.82
   26.43     25.15
    2.09     15.82
   32.96     31.55
   36.60      6.22
    2.03      3.41
    5.13      1.44
    2.03      2.10
    3.42      2.70
    2.10      3.40
    1.96      2.89
    4.85      4.71
    1.38      1.44
    4.18      2.10
    0.72      0.65
    0.65      1.37
    2.75      0.74
    2.61      3.56
   17.95     32.24
   15.04      2.82
    0.72      0.65
   18.58     17.94
    1.38      1.31
   15.83     17.12
    3.57     30.03
   17.90      4.06
   32.90     46.97
   18.98     20.57
    4.77     19.78
   17.88      2.10
   17.21      3.54
    5.57      5.43
    1.96      1.31
    3.40     19.96
   17.99     19.09
   33.36     32.55
   20.42      7.53
    4.15      2.05
    3.40      7.53
    7.61      6.95
    6.88      4.13
    4.77      3.60
    5.95      8.38
    5.26     18.76
    2.83      2.05
   34.62     20.09
   50.64     38.43
    7.61      6.94
    4.19      3.40
    4.26      3.34
    3.40      2.12
    1.44      1.38
    2.77      1.37
    4.92      4.78
    1.44     32.24
   20.75      1.44
   16.40      4.98
   59.49     78.23
    0.72      3.33
   30.35     76.82
   20.90     30.00
   16.18     16.89
   64.50    122.62
   32.68     56.29
   89.84    135.50
   78.24     55.99
  117.92    109.54
   49.23      4.91
    9.78     29.28
   77.70     69.61
   29.37     53.98
   88.53     85.59
   44.75     38.07
   81.28     38.72
   63.34     24.84
   68.67     87.77
   23.29     78.86
   87.58     48.73
  114.36     66.04
    2.68     33.04
   28.66     18.77
   46.45     25.94
   55.15     36.16
   51.37     32.70
    7.57     18.33
   18.41     48.34
   49.91      6.36
   30.58     25.37
    3.47      3.27
   33.31     22.08
   26.97     21.25
    6.37      5.58
    5.55      6.73
    6.28      2.09
    4.19      4.06
    3.56     18.44
   20.50      5.37
   32.74     34.24
    6.28      3.47
    5.43      4.85
    2.10      2.17
    3.40      2.82
    1.96      2.70
    1.44      4.06
    2.12      0.72
    6.15     22.33
    1.37      1.37
   18.41      0.72
    1.44      0.72
    1.31      3.40
    1.96      4.78
    1.46      1.31
    3.47      1.44
    3.49      2.77
    2.68      2.84
    1.96      2.68
    4.80      4.98
    0.72      1.31
    2.10      0.72
    4.45      2.16
    2.03      2.12
    1.39     15.12
   16.44     32.10
   31.60     18.40
   17.91     15.81
   16.62     17.77
   30.12     17.20
   18.26     21.23
    6.15     19.31
   20.13      5.58
   17.61     18.18
    6.15      4.77
    4.19      2.82
   16.89     31.32
   17.12     19.80
   19.30      4.12
   17.26     63.64
   52.24      5.63
    6.30      4.14
    2.03      5.36
    4.19      4.06
    8.85      7.75
   19.56     20.99
    6.73      7.03
    6.89      3.60
    3.43      2.10
    4.08     18.60
   17.71      7.76
   34.73     34.72
    2.68      5.36
    3.47      3.47
    7.08      3.40
    2.10      1.37
    3.47      1.44
    0.65      1.96
    3.27      6.77
   33.91     55.08
   39.74     75.69
   16.44     54.30
   35.67     79.06
   47.03     82.40
   17.66     27.24
    7.34    177.25
   52.29     82.36
   77.59    131.56
   87.02     69.40
  116.44     91.58
   95.55     62.81
   73.12     53.41
   77.38     31.41
   22.98     69.43
   67.75     19.15
   87.90     55.59
   14.31     34.66
  107.40     82.27
   16.17      2.89
   98.56     77.66
   26.28     11.09
   52.90     41.29
   28.43     37.04
   76.31     45.51
    2.03      4.86
   30.17     20.58
    7.25      5.50
    4.19     16.83
   33.97     32.75
   19.00      6.29
    4.71     35.70
   35.80      5.66
    6.29      3.40
    2.75      6.87
    4.79      4.79
    4.19      4.78
   46.23     44.90
   34.33     20.02
    7.08      3.42
    7.84      3.43
    2.75      4.05
   19.28     18.48
   19.95     19.38
    6.23      3.33
    2.68      6.43
    5.63      3.40
    3.40      2.82
    2.82      0.72
    0.65      2.03
    1.96      4.71
    3.47      4.07
    2.18     15.82
   19.94      4.18
   28.54     24.08
   29.41     12.48
    1.31      4.70
    4.22      3.47
    4.19      2.09
    2.04     15.75
   17.13      4.26
    3.42      3.49
   17.19     30.78
   15.84     17.93
   17.85      4.12
    2.03      1.37
    2.82     17.13
    4.85     18.53
   18.74     30.77
   45.31      4.91
    2.31     30.69
   33.55     35.82
   19.83      2.91
   33.60     21.33
    2.82      4.06
    1.44      1.96
    8.91      5.57
    3.34      4.26
   19.20     20.72
    2.03     33.51
   33.00     19.87
   33.04     20.05
    5.63      5.36
    6.24      6.17
    6.22      4.84
    6.29      4.05
    4.73      4.28
    4.85      4.06
    5.70     22.76
   21.26      6.35
    6.95     18.58
   17.86      4.28
   29.12     24.75
   43.54     31.68
    1.96      5.43
   55.14     36.16
   10.56      8.84
    5.08      2.82
    5.57      3.47
    2.78      1.35
   29.68     50.01
   48.32     55.80
   20.38     57.31
   18.00    108.35
   47.13     54.12
   24.76    128.16
   26.91    107.18
   79.42    111.21
   77.85     77.84
  113.03    115.55
   65.48     21.85
   55.93     41.81
   20.46      3.47
   36.67     16.98
   28.55     23.31
    0.74      2.70
   58.86     33.83
    3.47      4.85
   46.87     32.12
   17.86     33.56
   18.56     15.45
   58.94     39.81
   26.51     46.61
   36.14     35.24
   19.30      4.33
   34.91     17.93
    1.96      6.81
    5.64      2.75
    2.75      2.68
    5.50      4.85
    2.61     18.51
   22.15     19.47
   33.41     19.72
    4.08      6.89
    6.80      5.64
    3.40      4.13
    6.74      7.55
   30.77     26.05
   29.42     15.09
    4.12      7.46
   35.71     27.81
   61.77     50.28
   39.34     11.43
   20.66     24.83
    8.48      6.24
    3.36      4.06
   21.55     17.99
    4.92      5.57
    6.32      5.50
    1.44      2.75
    5.50      2.17
    2.10      4.06
    2.03      3.40
    2.84      1.38
    3.41      2.75
    2.75      2.17
    2.68      3.49
    0.72      1.96
    2.77      4.06
   19.01     16.55
   18.27     17.02
    0.65     30.15
   32.26     17.27
   15.90     16.49
   16.46      2.75
   25.77     22.61
   30.41     14.95
   17.80     18.60
    9.93      6.94
    0.72      1.31
    3.48      3.42
    4.13     33.50
   34.66     46.34
  119.64     56.79
   33.23     20.63
   19.99     33.56
    2.10      2.03
   19.78      5.64
    6.16      2.82
    2.75      4.85
    2.03      3.40
    4.78      8.77
    3.47      4.08
    7.75      3.99
   22.07     23.37
    4.19      1.38
    4.99      5.36
    4.73      6.24
   31.36     23.97
   31.69     19.38
    5.43      7.01
   19.16     20.75
    5.52     17.78
   21.18     20.50
   34.10     20.09
   16.63     17.78
    2.61     18.21
   21.39      4.80
    2.75      4.86
    5.34      2.39
   79.50    112.76
    2.03      4.12
    8.88    103.93
   51.81     30.07
    1.36      2.72
   53.25     57.88
   36.02    183.60
    1.44     11.64
   40.11    130.22
   54.53     84.04
    9.03     18.98
  112.30    135.87
   85.63     88.69
  117.31    108.54
   22.33     32.07
   57.03     17.25
   28.37     22.58
   11.78      6.99
   98.73     76.95
   76.88     62.03
   86.95     47.88
   10.21     24.38
    2.81     34.71
   22.39     33.20
   58.64     56.23
   35.08      3.52
   49.29     20.09
   38.55     49.09
    4.90      5.43
   16.55      1.36
   36.91     25.30
   21.94     19.31
   57.14     37.16
    8.10     11.94
   15.77      7.34
    6.73      4.19
   18.66     20.66
    2.75      3.35
   31.31     25.97
   62.77     44.62
    3.67      6.74
    9.11      2.82
   21.77     22.41
    2.77     19.16
   51.31     34.72
    5.65      2.07
   44.00     53.82
   66.44     30.61
   25.33     29.10
   39.22     14.13
    2.19      0.00
    2.68      2.03
    4.13      8.90
    6.17      5.63
    4.26      2.03
    2.10      0.72
    1.37      1.31
    2.68      2.10
    2.10      3.47
    4.01      5.50
    0.72      0.72
    3.47      2.70
    3.40      2.16
   17.88     18.01
    2.05     15.82
   56.07     52.86
   16.49      1.30
   32.82     19.99
    4.96      2.03
   16.43     18.49
   18.54     45.84
   34.42     20.51
   19.21     17.20
   34.38     37.12
    2.18      3.99
    3.40      4.12
   18.72     17.20
    6.08     19.86
    4.12      2.89
   18.58      4.80
    2.68      6.80
    5.49      5.56
    6.29      4.12
    3.54     19.43
    4.84      4.77
   17.63      7.39
    8.40      3.54
    3.34      5.52
    6.33      2.77
    3.47     20.25
   38.42     21.93
    7.01      6.15
    3.26      4.98
   20.57     18.54
    4.77     19.88
   36.97     22.16
    2.03      2.68
   19.77     19.04
   16.52     17.03
   46.96     82.44
   20.77      8.95
   17.21     55.04
   35.97     30.61
   29.70      5.65
    5.88     50.95
   49.79     83.93
   16.09     28.86
    2.03     40.57
   45.84    103.92
   16.83      2.62
   34.76    106.12
  101.23    185.28
   65.22     62.36
  123.78    160.13
   41.47     40.77
   85.49     49.20
   40.48      4.15
   73.46     95.16
   81.49     34.47
   31.78     37.90
   70.07     67.61
   93.50     62.14
   69.37     69.29
   49.83     44.16
   39.08      8.34
    3.35      4.35
    4.86      2.68
    2.75      4.85
    1.44      1.31
    4.08     19.54
    5.59      4.21
   19.42      4.06
    4.71      6.94
    5.43      7.59
    6.08      4.26
   34.29     45.19
    2.75      2.84
   45.86     17.92
    9.09      6.25
   29.77     41.04
   20.73     10.14
   47.88     30.29
   34.55     25.02
   60.74     38.41
   46.58     34.43
    7.58      4.86
   48.68     41.24
   24.99     15.66
    6.16      0.72
   20.63     24.36
    3.69     30.04
   19.55      4.21
   22.09      7.58
    2.61      3.56
    7.05      4.78
    1.37      3.33
    5.43      6.30
    1.44      1.31
    6.14      4.26
    4.12      2.81
    0.74      0.65
   27.78     25.29
    0.72      0.00
   31.47     27.52
   17.23      4.19
    4.07      5.64
   20.99     21.03
    2.16      1.96
    4.21      0.72
    1.44     32.56
   18.49      2.12
    1.96     61.68
   34.50      2.75
   65.37     39.05
   17.92     33.63
   46.54     20.51
    3.47      3.49
    6.32      4.81
    4.12      2.83
    3.47      1.37
    1.31      4.05
    4.87     19.87
    4.79      6.17
   17.14      3.98
    6.87      4.71
    4.78     11.00
    8.16      2.03
    7.66     21.38
    1.37     17.06
   35.17      5.66
   19.29     19.82
    8.84      7.02
   19.17     20.74
    8.13      9.69
   19.25     17.99
    4.91     17.19
   22.56      6.44
   19.76     20.65
   48.82     57.94
   47.10     81.44
    3.20     50.51
   49.76    186.35
   49.37     46.46
   37.28    108.79
    5.31    106.08
    2.77     78.59
    4.93      4.21
   66.84    150.48
   55.15     54.24
  111.41    118.99
   55.55     34.63
   91.40     43.47
    8.70     11.31
   27.97     15.18
    8.90      0.75
    0.72      2.68
   99.23     81.64
   28.53     23.35
   89.04     71.23
   24.09     35.31
   24.06     31.84
   24.15      4.78
   37.18     57.82
   43.76     67.19
   43.35     59.82
  149.30     77.94
   59.58     40.14
   44.61     25.55
   33.62      8.41
    4.14      6.93
    2.77      2.75
    4.95      2.03
    1.37     17.79
    4.71      4.93
   19.99      6.88
    5.50      6.24
    8.11      5.64
    4.05      7.58
   28.59     22.46
    8.18     20.45
   44.98     17.85
    8.34      8.11
    4.85      6.12
    5.65      6.08
    8.76      6.10
   23.44     22.56
    3.42     20.23
    5.07      4.66
   35.96     17.68
    5.64      2.75
    2.17      2.12
    1.44      2.68
   18.21     17.62
   29.18     56.86
   35.17      2.17
   27.61     19.19
    5.40      5.59
    4.73      6.17
   18.56     19.31
    4.21      2.68
   20.67     17.20
    2.12      2.89
    2.03      1.96
    0.72     16.47
   16.41      2.82
    3.47      2.10
    4.12      3.40
    2.82      4.15
   31.30     34.13
    3.55      2.68
    5.80      2.14
    3.34     33.71
   20.02      3.49
   32.02     21.69
    5.55      1.44
   15.13     62.81
    3.40     18.42
   92.82     37.54
    5.64     18.85
    5.57      3.56
   20.53      3.40
    5.43      5.67
    4.95      2.12
    2.68      4.79
    0.72      3.27
    4.78      6.18
    6.26      7.39
    7.01      4.19
    6.94      2.82
    2.10      6.67
    5.31      4.93
    2.82     33.51
   23.40      4.90
   21.18      6.45
    5.38      6.08
    6.04      9.65
   19.07     19.44
    9.55     20.65
   82.35     55.35
   33.10     77.91
   21.48    103.54
   19.52     29.26
   34.70     56.47
   29.81     44.41
   23.39    239.04
   27.75     32.55
    3.40     89.47
   19.16     40.48
   43.97     90.06
   70.83     83.83
   78.72    123.00
  119.16     85.38
   76.60     64.22
   78.03     56.11
   75.27     34.45
   32.83     26.98
   12.33      4.89
   31.62     13.02
    3.40      0.70
   43.43     41.13
   70.14     36.27
   30.57     49.94
   26.24     13.23
   69.34     67.13
   42.18     23.05
   38.21     24.41
   11.20     21.36
   66.79     86.52
   64.65     48.98
   76.39     63.42
   42.12      7.83
   34.76     26.72
   33.10     17.21
    4.94      3.47
    6.26      3.49
    4.07      5.52
    6.74      4.19
    6.38      7.68
    2.75      4.78
    6.22      3.54
    3.62      4.73
    5.52      2.10
    3.98     39.41
   67.91     44.48
   46.90     23.08
   33.10     14.95
   11.82      6.86
   22.44     23.70
   42.18     23.85
   39.32     44.43
   82.08     55.24
   10.07      4.07
    8.98      5.84
    4.20      2.77
   17.79     21.43
    3.99      5.57
    5.61     18.30
    7.48      5.64
   18.26      4.93
    2.10      2.03
    0.65      3.34
   32.01     23.22
   25.65     16.70
    4.81     18.68
   18.58      4.85
   18.61     17.86
    2.82      2.68
    3.54      2.75
    4.19      2.77
    2.24      2.70
   16.18     31.36
   36.27     21.44
    4.92      3.33
    2.03     18.51
    4.86     17.14
   47.16     18.27
   18.45     22.17
    4.92      4.78
    3.58      2.61
   19.95     32.23
    2.68     18.58
   50.32     22.05
    6.22     18.59
   33.11     18.59
    3.99      6.26
    3.90      4.01
    4.23      5.43
    7.61      5.52
    6.29      4.80
    4.87      4.19
    3.40      2.75
    5.45      8.21
    2.10      2.10
    4.85     19.80
    7.53      3.47
   21.56      8.88
    6.54     24.42
   66.51     57.45
   66.06     98.51
   32.62     78.51
   35.06     84.12
   20.66     73.02
   17.24     42.20
   60.83    106.72
    3.66    106.09
    2.66      3.91
    7.71     81.29
   33.91     84.06
   87.80     78.17
   46.31     91.62
   63.49     52.04
   51.76     27.70
   11.92      4.72
   38.93     40.38
   69.60     21.46
   25.17     20.40
   32.58     26.28
    9.78      4.94
   27.73     30.21
   56.60     28.87
   15.72     17.67
   50.67     41.53
    2.03      4.78
   83.02     58.04
    2.75      2.68
   99.33     66.60
   43.72     23.90
   36.30     20.59
   33.46     43.12
   30.57     25.35
   52.87     29.77
   22.11     34.12
    2.10     16.90
   34.36      8.33
   19.76     16.96
    4.84      5.47
    4.14      6.17
    6.03      4.98
    6.24      6.87
    4.87      4.15
    5.56      4.88
    4.21      3.42
    4.78      4.12
    4.56      5.56
    4.26     21.25
    1.44      6.53
   22.19      6.17
   11.82     20.36
   17.67      6.15
   33.49     33.94
    4.91      3.35
    4.95      4.78
    4.19     18.20
    3.42     18.94
   36.00      2.84
    4.05      6.15
    7.42      7.76
    2.16      1.48
    4.78     19.24
   32.97     19.30
    3.40      6.17
    2.82      2.03
    2.82      1.44
    6.17      3.42
   16.47     32.40
   32.00     33.94
   19.88      8.32
    4.11      3.27
    5.07      2.88
   19.24     17.22
    2.12      1.37
   19.87     22.15
    4.15      2.12
    0.72     16.43
    3.51      3.40
   18.28      3.54
    2.03      4.00
   18.80     49.12
   34.20     22.10
   21.41      2.77
    5.60      5.37
   19.81     36.26
   19.76      4.11
    4.28     30.67
   17.68      4.87
    4.12      6.24
   34.88     21.21
    3.40      3.44
    8.41      6.15
    4.19      5.54
    4.86      4.07
    4.05      3.49
   70.17     54.88
   33.44     19.58
    4.73      4.91
    5.04      1.92
   35.81     55.68
   36.14     39.99
    5.52     67.07
   64.69     48.46
   69.41     83.82
   18.34     99.41
    4.12    106.63
   23.65    160.93
    4.74     36.84
   19.10     29.60
   65.35     87.21
   13.76    120.28
   56.06     44.27
   41.39     66.81
   77.24     81.56
   37.96     21.21
   32.54     18.09
    2.11     40.44
   36.44     60.48
   96.68     68.77
   46.15     56.90
  105.87     61.38
   71.45     33.62
   80.27     67.66
   42.44     55.52
   68.40     71.19
   79.02     64.92
   59.39     28.80
   23.56     47.35
   48.15     29.43
   17.74     29.80
   70.76     27.34
   28.72     50.91
   72.52     30.70
   20.72      9.46
   87.53     56.28
   31.87     12.62
   43.07     45.07
    2.68      3.46
   43.50     61.09
    5.01      4.08
   85.14     61.98
   53.21     30.72
   34.55     17.14
    8.52      6.53
    3.40      4.01
   21.41     19.95
    3.42      5.47
    5.45      5.57
    6.31      6.15
    3.51      7.32
    6.29      4.71
    9.78     21.43
    4.26      4.71
   17.99      4.06
   18.58     19.23
    3.54      3.41
    4.86      3.40
    4.19     18.53
    4.80     20.51
   37.93      6.40
    5.50      7.10
   27.89     37.13
   21.20      4.12
   23.49     18.07
    7.04      6.26
    1.44      3.27
    4.78      2.16
    7.71      6.22
    2.83     17.86
   34.46     34.39
   20.63     21.18
   16.62      3.40
    4.35      0.65
    6.15      6.10
    2.77      2.94
    5.40      7.02
   17.06     31.50
   17.22      3.56
   27.88     36.47
   40.63     31.46
    2.68      4.21
   20.10      5.49
   19.29     62.32
   19.18     32.64
   38.54     13.07
   49.86     38.71
   23.01      4.07
    3.56      2.03
    5.45      3.51
    3.40      4.26
    2.77     19.70
    6.93      7.62
   20.57     21.88
    4.93      2.77
   32.72     17.93
    5.49     21.98
    2.35      2.91
    3.57      0.00
    0.65      0.00
    1.05      0.00
    0.00      0.00
    0.00      0.00
    0.00      0.00
    0.00      0.00
    0.00      0.00
    0.00      0.00
    0.00      0.00
    0.00      0.00
    0.00      0.00
    0.00      0.00
    0.00      0.00
    0.00      0.00
    0.00      0.00
    0.00      0.00
    0.00      0.00
    0.00      0.00
    0.41      0.41
    0.00      0.00
    0.00      0.00
    0.00      0.00
    0.00      0.00
    0.00      0.00
    0.00      0.00
    0.00      0.00
    0.00      0.00
    0.00      0.00
    0.00      0.00
    0.00      0.00
    0.00      0.00
    0.00      0.00
    0.00      0.00
    0.00      0.00
    0.00      0.00
    0.00      0.00
    0.00      0.00
