      h_eth1      
 KB/s in  KB/s out
    0.00      0.00
    0.00      0.00
    0.00      0.00
    0.00      0.00
    0.00      0.00
    0.00      0.00
    0.00      0.00
    0.00      0.00
    0.00      0.00
    0.00      0.00
    0.00      0.00
    0.00      0.00
    0.00      0.00
    0.00      0.00
    0.00      0.00
    0.00      0.00
    0.00      0.00
    0.00      0.00
    0.00      0.00
    0.00      0.00
    0.00      0.00
    0.00      0.00
    0.00      0.00
    0.00      0.00
    0.00      0.00
    0.00      0.00
    0.00      0.00
    0.00      0.00
    0.00      0.00
    0.00      0.00
    0.00      0.00
    0.00      0.00
    0.00      0.00
    0.00      0.00
    0.00      0.00
    0.00      0.00
    0.00      0.00
    0.00      0.00
    0.00      0.00
    0.00      0.00
    0.00      0.00
    0.00      0.00
    0.00      0.00
    0.00      0.00
    0.00      0.00
    0.00      0.00
    0.00      0.00
    0.00      0.00
    0.00      0.00
    0.00      0.00
    0.00      0.00
    0.00      0.00
    0.00      0.00
    0.00      0.00
    0.00      0.00
    0.00      0.00
    0.00      0.00
    0.00      0.00
    1.36      0.00
    0.00      0.00
    0.00      0.00
    0.00      0.00
    0.00      0.00
    0.00      0.00
    0.00      0.00
    0.00      0.00
    0.00      0.00
    0.00      0.00
    0.00      0.00
    0.00      0.00
    0.00      0.00
    0.00      0.00
    0.00      0.00
    0.00      0.00
    0.00      0.00
    0.00      0.00
    0.00      0.00
    0.00      0.00
    0.00      0.00
    0.00      0.00
    0.00      0.00
    0.00      0.00
    0.00      0.00
    0.00      0.00
    0.00      0.00
    0.00      0.00
    0.00      0.00
    0.00      0.00
    0.00      0.00
    0.00      0.00
    0.00      0.00
    0.00      0.00
    0.00      0.00
    0.00      0.00
    0.00      0.00
    0.00      0.00
    0.00      0.00
    0.00      0.00
    0.00      0.00
    2.05      0.00
    0.00      0.00
    0.00      0.00
    0.00      0.00
    0.00      0.00
    0.00      0.00
    0.00      0.00
    0.00      0.00
    0.00      0.00
    0.00      0.00
    0.00      0.00
    0.00      0.00
    0.00      0.00
    0.00      0.00
    0.00      0.00
    0.00      0.00
    0.00      0.00
    0.00      0.00
    0.00      0.00
    0.00      0.00
    0.00      0.00
    0.00      0.00
    0.00      0.00
    0.00      0.00
    0.00      0.00
    0.00      0.00
    0.00      0.00
    0.00      0.00
    0.00      0.00
    0.00      0.00
    0.00      0.00
    0.00      0.00
    0.00      0.00
    0.00      0.00
    0.00      0.00
    0.00      0.00
    0.00      0.00
    0.00      0.00
    0.00      0.00
    0.00      0.00
    0.00      0.00
    0.00      0.00
    0.00      0.00
    0.00      0.00
    0.00      0.00
    0.00      0.00
    0.00      0.00
    0.00      0.00
    0.00      0.00
    0.00      0.00
    0.00      0.00
    0.00      0.00
    0.00      0.00
    0.00      0.00
    0.00      0.00
    0.00      0.00
    0.00      0.00
    0.00      0.00
    0.00      0.00
    0.00      0.00
    0.00      0.00
    0.00      0.00
    0.00      0.00
    0.00      0.00
    0.00      0.00
    0.00      0.00
    0.00      0.00
    0.00      0.00
    0.00      0.00
    0.00      0.00
    0.00      0.00
    0.00      0.00
    0.00      0.00
    0.00      0.00
    0.00      0.00
    0.00      0.00
    0.00      0.00
    0.00      0.00
    0.00      0.00
    0.00      0.00
    0.00      0.00
    0.00      0.00
    0.00      0.00
    0.00      0.00
    0.00      0.00
    0.00      0.00
    0.00      0.00
    0.00      0.00
    0.00      0.00
    0.00      0.00
    0.00      0.00
    0.00      0.00
    0.00      0.00
    0.00      0.00
    0.00      0.00
    0.00      0.00
    0.00      0.00
    0.00      0.00
    0.00      0.00
    0.00      0.00
    0.00      0.00
    0.00      0.00
    0.00      0.00
    0.00      0.00
    0.00      0.00
    0.00      0.00
    0.00      0.00
    0.00      0.00
    0.00      0.00
    0.00      0.00
    0.00      0.00
    0.00      0.00
    0.00      0.00
    0.00      0.00
    0.00      0.00
    0.00      0.00
    0.00      0.00
    0.00      0.00
    0.00      0.00
    0.00      0.00
    0.00      0.00
    0.00      0.00
    0.00      0.00
    0.68      0.00
    0.00      0.00
    0.00      0.00
    0.00      0.00
    0.00      0.00
    0.00      0.00
    0.00      0.00
    0.00      0.00
    0.00      0.00
    0.00      0.00
    0.00      0.00
    0.00      0.00
    0.00      0.00
    0.00      0.00
    0.00      0.00
    0.00      0.00
    0.00      0.00
    0.00      0.00
    0.00      0.00
    0.00      0.00
    0.00      0.00
    0.00      0.00
    0.00      0.00
    0.00      0.00
    0.00      0.00
    0.00      0.00
    0.00      0.00
    0.00      0.00
    0.00      0.00
    0.00      0.00
    0.00      0.00
    0.00      0.00
    0.00      0.00
    0.00      0.00
    0.00      0.00
    0.00      0.00
    0.00      0.00
    0.00      0.00
    0.00      0.00
    0.00      0.00
    0.00      0.00
    0.00      0.00
    0.00      0.00
    0.00      0.00
    0.00      0.00
    0.00      0.00
    0.00      0.00
    0.00      0.00
    0.00      0.00
    0.00      0.00
    0.00      0.00
    0.00      0.00
    0.00      0.00
    0.00      0.00
    0.00      0.00
    0.00      0.00
    0.00      0.00
    0.00      0.00
    0.00      0.00
    0.00      0.00
    0.00      0.00
    0.00      0.00
    0.00      0.00
    0.00      0.00
    0.00      0.00
    0.00      0.00
    0.00      0.00
    0.00      0.00
    0.00      0.00
    0.00      0.00
    0.00      0.00
    0.00      0.00
    0.00      0.00
    0.00      0.00
    0.00      0.00
    0.00      0.00
    0.00      0.00
    0.00      0.00
    0.00      0.00
    0.00      0.00
    0.00      0.00
    0.00      0.00
    0.00      0.00
    0.00      0.00
    0.00      0.00
    0.00      0.00
    0.00      0.00
    0.00      0.00
    0.00      0.00
    0.00      0.00
    0.00      0.00
    0.00      0.00
    0.00      0.00
    0.00      0.00
    0.00      0.00
    0.00      0.00
    0.00      0.00
    0.00      0.00
    0.00      0.00
    0.00      0.00
    0.00      0.00
    0.00      0.00
    0.00      0.00
    0.00      0.00
    0.00      0.00
    0.00      0.00
    0.00      0.00
    0.00      0.00
    0.00      0.00
    0.00      0.00
    0.00      0.00
    0.00      0.00
    0.00      0.00
    0.00      0.00
    0.00      0.00
    0.00      0.00
    0.00      0.00
    0.00      0.00
    0.00      0.00
    0.00      0.00
    0.00      0.00
    0.00      0.00
    0.00      0.00
    0.00      0.00
    0.00      0.00
    0.00      0.00
    0.00      0.00
    0.00      0.00
    0.00      0.00
    0.00      0.00
    0.00      0.00
    0.00      0.00
    0.00      0.00
    0.00      0.00
    0.00      0.00
    0.00      0.00
    0.00      0.00
    0.00      0.00
    0.00      0.00
    0.00      0.00
    0.00      0.00
    0.00      0.00
    0.00      0.00
    0.00      0.00
    0.00      0.00
    0.00      0.00
    0.00      0.00
    0.00      0.00
    0.00      0.00
    0.00      0.00
    0.00      0.00
    0.00      0.00
    0.00      0.00
    0.00      0.00
    0.00      0.00
    0.00      0.00
    0.00      0.00
    0.00      0.00
    0.00      0.00
    0.00      0.00
    0.00      0.00
    0.00      0.00
    0.00      0.00
    0.00      0.00
    0.00      0.00
    0.00      0.00
    0.00      0.00
    0.00      0.00
    0.00      0.00
    0.00      0.00
    0.00      0.00
    0.00      0.00
    0.00      0.00
    0.00      0.00
    0.00      0.00
    0.00      0.00
    0.00      0.00
    0.00      0.00
    0.00      0.00
    0.00      0.00
    0.00      0.00
    0.00      0.00
    0.00      0.00
    0.00      0.00
    0.00      0.00
    0.00      0.00
    0.00      0.00
    1.23      0.00
    0.00      0.00
    0.00      0.00
    0.00      0.00
    0.00      0.00
    0.00      0.00
    0.00      0.00
    0.00      0.00
    0.00      0.00
    0.00      0.00
    0.00      0.00
    0.00      0.00
    0.00      0.00
    0.00      0.00
    0.00      0.00
    0.00      0.00
    0.00      0.00
    0.00      0.00
    0.00      0.00
    0.00      0.00
    0.00      0.00
    0.00      0.00
    0.00      0.00
    0.00      0.00
    0.00      0.00
    0.00      0.00
    0.00      0.00
    0.00      0.00
    0.00      0.00
    0.00      0.00
    0.00      0.00
    0.00      0.00
    0.00      0.00
    0.00      0.00
    0.00      0.00
    0.00      0.00
    0.00      0.00
    0.00      0.00
    0.00      0.00
    0.00      0.00
    0.00      0.00
    0.00      0.00
    0.00      0.00
    0.00      0.00
    0.00      0.00
    0.00      0.00
    0.00      0.00
    0.00      0.00
    0.00      0.00
    0.00      0.00
    0.00      0.00
    0.00      0.00
    0.00      0.00
    0.00      0.00
    0.00      0.00
    0.00      0.00
    0.00      0.00
    0.00      0.00
    0.00      0.00
    0.00      0.00
    0.00      0.00
    0.00      0.00
    0.00      0.00
    0.00      0.00
    0.00      0.00
    0.00      0.00
    0.00      0.00
    0.00      0.00
    0.00      0.00
    0.00      0.00
    0.00      0.00
    0.00      0.00
    0.00      0.00
    0.00      0.00
    0.00      0.00
    0.00      0.00
    0.00      0.00
    0.00      0.00
    0.00      0.00
    0.00      0.00
    0.00      0.00
    0.00      0.00
    0.00      0.00
    0.00      0.00
    0.00      0.00
    0.00      0.00
    0.00      0.00
    0.00      0.00
    0.00      0.00
    0.00      0.00
    0.00      0.00
    0.00      0.00
    0.00      0.00
    0.00      0.00
    0.00      0.00
    0.00      0.00
    0.00      0.00
    0.00      0.00
    0.00      0.00
    0.00      0.00
    0.00      0.00
    0.00      0.00
    0.00      0.00
    0.00      0.00
    0.00      0.00
    0.00      0.00
    0.00      0.00
    0.00      0.00
    0.00      0.00
    0.00      0.00
    0.00      0.00
    0.00      0.00
    0.00      0.00
    0.00      0.00
    0.00      0.00
    0.00      0.00
    0.00      0.00
    0.00      0.00
    0.00      0.00
    0.00      0.00
    0.00      0.00
    0.00      0.00
    0.00      0.00
    0.00      0.00
    0.00      0.00
    0.00      0.00
    0.00      0.00
    0.00      0.00
    0.00      0.00
    0.00      0.00
    0.00      0.00
    0.00      0.00
    0.00      0.00
    0.00      0.00
    0.00      0.00
    0.00      0.00
    0.00      0.00
    0.00      0.00
    0.00      0.00
    0.00      0.00
    0.00      0.00
    0.00      0.00
    0.00      0.00
    0.00      0.00
    0.00      0.00
    0.00      0.00
    0.00      0.00
    0.00      0.00
    0.00      0.00
    0.00      0.00
    0.00      0.00
    0.00      0.00
    0.00      0.00
    0.00      0.00
    0.00      0.00
    0.00      0.00
    0.00      0.00
    0.00      0.00
    0.00      0.00
    0.00      0.00
    0.00      0.00
    0.00      0.00
    0.00      0.00
    0.00      0.00
    0.00      0.00
    0.00      0.00
    0.00      0.00
    0.00      0.00
    0.00      0.00
    0.00      0.00
    0.00      0.00
    0.00      0.00
    0.00      0.00
    0.00      0.00
    0.00      0.00
    0.00      0.00
    0.00      0.00
    0.00      0.00
    0.00      0.00
    0.00      0.00
    0.00      0.00
    0.00      0.00
    0.00      0.00
    0.00      0.00
    0.00      0.00
    0.00      0.00
    0.00      0.00
    0.00      0.00
    0.00      0.00
    0.00      0.00
    0.00      0.00
    0.00      0.00
    0.00      0.00
    0.00      0.00
    0.00      0.00
    0.00      0.00
    0.00      0.00
    0.00      0.00
    0.00      0.00
    0.00      0.00
    0.00      0.00
    0.00      0.00
    0.00      0.00
    0.00      0.00
    0.00      0.00
    0.00      0.00
    0.00      0.00
    0.00      0.00
    0.00      0.00
    0.00      0.00
    0.00      0.00
    0.00      0.00
    0.00      0.00
    0.00      0.00
    0.00      0.00
    0.00      0.00
    0.00      0.00
    0.00      0.00
    0.00      0.00
    0.00      0.00
    0.00      0.00
    0.00      0.00
    0.00      0.00
    0.00      0.00
    0.00      0.00
    0.00      0.00
    0.00      0.00
    0.00      0.00
    0.00      0.00
    0.00      0.00
    0.00      0.00
    0.00      0.00
    0.00      0.00
    0.00      0.00
    0.00      0.00
    0.00      0.00
    0.00      0.00
    0.00      0.00
    0.00      0.00
    0.00      0.00
    0.00      0.00
    0.00      0.00
    0.00      0.00
    0.00      0.00
    0.00      0.00
    0.00      0.00
    0.00      0.00
    0.00      0.00
    0.00      0.00
    0.00      0.00
    0.00      0.00
    0.00      0.00
    0.00      0.00
    0.00      0.00
    0.00      0.00
    0.00      0.00
    0.00      0.00
    0.00      0.00
    0.00      0.00
    0.00      0.00
    0.00      0.00
    0.00      0.00
    0.00      0.00
    0.00      0.00
    0.00      0.00
    0.00      0.00
    0.00      0.00
    0.00      0.00
    0.00      0.00
    0.00      0.00
    0.00      0.00
    0.00      0.00
    0.00      0.00
    0.00      0.00
    0.00      0.00
    0.00      0.00
    0.00      0.00
    0.00      0.00
    0.00      0.00
    0.00      0.00
    0.00      0.00
    0.00      0.00
    0.00      0.00
    0.00      0.00
    0.00      0.00
    0.00      0.00
    0.00      0.00
    0.00      0.00
    0.00      0.00
    0.00      0.00
    0.00      0.00
    0.00      0.00
    0.00      0.00
    0.00      0.00
    0.00      0.00
    0.00      0.00
    0.00      0.00
    0.00      0.00
    0.00      0.00
    0.00      0.00
    0.41      0.00
    0.00      0.00
    0.00      0.00
    0.00      0.00
    0.00      0.00
    0.00      0.00
    0.00      0.00
    0.00      0.00
    0.00      0.00
    0.00      0.00
    0.00      0.00
    0.00      0.00
    0.00      0.00
    0.00      0.00
    0.00      0.00
    0.00      0.00
    0.00      0.00
    0.00      0.00
    0.00      0.00
    0.00      0.00
    0.00      0.00
    0.00      0.00
    0.00      0.00
    0.00      0.00
    0.00      0.00
    0.00      0.00
    0.00      0.00
    0.00      0.00
    0.00      0.00
    0.00      0.00
    0.00      0.00
    0.00      0.00
    0.00      0.00
    0.00      0.00
    0.00      0.00
    0.00      0.00
    0.00      0.00
    0.00      0.00
    0.00      0.00
    0.00      0.00
    0.00      0.00
    0.00      0.00
    0.00      0.00
    0.00      0.00
    0.00      0.00
    0.00      0.00
    0.00      0.00
    0.00      0.00
    0.00      0.00
    0.00      0.00
    0.00      0.00
    0.00      0.00
    0.00      0.00
    0.00      0.00
    0.00      0.00
    0.00      0.00
    0.00      0.00
    0.00      0.00
    0.00      0.00
    0.00      0.00
    0.00      0.00
    0.00      0.00
    0.00      0.00
    0.00      0.00
    0.00      0.00
    0.00      0.00
    0.00      0.00
    0.00      0.00
    0.00      0.00
    0.00      0.00
    0.00      0.00
    0.00      0.00
    0.00      0.00
    0.00      0.00
    0.00      0.00
    0.00      0.00
    0.00      0.00
    0.00      0.00
    0.00      0.00
    0.00      0.00
    0.00      0.00
    0.00      0.00
    0.00      0.00
    0.00      0.00
    0.00      0.00
    0.00      0.00
    0.00      0.00
    0.00      0.00
    0.00      0.00
    0.00      0.00
    0.00      0.00
    0.00      0.00
    0.00      0.00
    0.00      0.00
    0.00      0.00
    0.00      0.00
    0.00      0.00
    0.00      0.00
    0.00      0.00
    0.00      0.00
    0.00      0.00
    0.00      0.00
    0.00      0.00
    0.00      0.00
    0.00      0.00
    0.00      0.00
    0.00      0.00
    0.00      0.00
    0.00      0.00
    0.00      0.00
    0.00      0.00
    0.00      0.00
    0.00      0.00
    0.00      0.00
    0.00      0.00
    0.00      0.00
    0.00      0.00
    0.00      0.00
    0.00      0.00
    0.00      0.00
    0.00      0.00
    0.00      0.00
    0.00      0.00
    0.00      0.00
    0.00      0.00
    0.00      0.00
    0.00      0.00
    0.00      0.00
    0.00      0.00
    0.00      0.00
    0.00      0.00
    0.00      0.00
    0.00      0.00
    0.00      0.00
    0.00      0.00
    0.00      0.00
    0.00      0.00
    0.00      0.00
    0.00      0.00
    0.00      0.00
    0.00      0.00
    0.00      0.00
    0.00      0.00
    0.00      0.00
    0.00      0.00
    0.00      0.00
    0.00      0.00
    0.00      0.00
    0.00      0.00
    0.00      0.00
    0.00      0.00
    0.00      0.00
    0.00      0.00
    0.00      0.00
    0.00      0.00
    0.00      0.00
    0.00      0.00
    0.00      0.00
    0.00      0.00
    0.00      0.00
    0.00      0.00
    0.00      0.00
    0.00      0.00
    0.00      0.00
    0.00      0.00
    0.00      0.00
    0.00      0.00
    0.00      0.00
    0.00      0.00
    0.00      0.00
    0.00      0.00
    0.00      0.00
    0.00      0.00
    0.00      0.00
    0.00      0.00
    0.00      0.00
    0.00      0.00
    0.00      0.00
    0.00      0.00
    0.00      0.00
    0.00      0.00
    0.00      0.00
    0.00      0.00
    0.00      0.00
    0.00      0.00
    0.00      0.00
    0.00      0.00
    0.00      0.00
    0.00      0.00
    0.00      0.00
    0.00      0.00
    0.00      0.00
    0.00      0.00
    0.00      0.00
    0.00      0.00
    0.00      0.00
    0.00      0.00
    0.00      0.00
    0.00      0.00
    0.82     26.17
   12.88      0.81
   25.76     46.22
    8.48     27.29
   25.76     27.39
   41.78     22.00
   24.57      1.58
    4.79      0.00
    5.50      0.00
    0.72      0.00
    0.72      1.11
    0.00      0.00
    0.00      0.00
 1607.56    971.60
  311.08    198.71
 1869.18   1053.87
  793.84    431.02
  478.11    202.93
  456.92    145.09
  283.34     68.53
  442.12    133.17
  106.80     41.20
  227.14     82.47
  184.82     55.54
   62.38     13.80
  100.81      0.73
  167.69     48.50
   27.76      0.73
  285.99   2419.43
  615.38    749.88
 1213.83   2115.02
  707.89    873.99
  755.81    778.34
 1041.57    252.80
  452.19     50.77
  148.18     26.33
   29.59      3.04
   20.49      0.00
   16.03      1.44
    0.72      0.00
    0.00      0.00
    0.00      0.00
    0.00      0.00
    0.00      0.00
    0.00      0.00
    0.00      0.00
    0.00      0.00
    0.00      0.00
    0.00      0.00
    0.00      0.00
    0.00      0.00
    0.00      0.00
    0.00      0.00
    0.00      0.00
    0.41      0.41
    0.00      0.00
    0.00      0.00
    0.00      0.00
    0.00      0.00
    0.00      0.00
    0.00      0.00
    0.00      0.00
    0.00      0.00
    0.00      0.00
    0.00      0.00
    0.00      0.00
    0.00      0.00
    0.00      0.00
    0.00      0.00
    0.00      0.00
    0.00      0.00
    0.00      0.00
    0.00      0.00
    0.00      0.00
    0.00      0.00
    0.00      0.00
    0.00      0.00
    0.00      0.00
    0.00      0.00
   15.70     15.70
  146.98    263.93
  136.82     80.02
  146.41    150.66
  127.95    180.87
  220.91    329.32
  208.51    167.63
  202.04     80.05
   83.41      5.77
    4.34     29.16
   15.81     15.08
    0.00      0.00
   29.94      2.17
    2.16      0.00
    0.00      0.00
    0.00      0.00
    0.00      0.00
    0.00      0.00
    0.00      0.00
    0.00      0.00
    0.00      0.00
    0.00      0.00
    0.00      0.00
    0.00      0.00
    0.00      0.00
    0.00      0.00
    0.00      0.00
    0.00      0.00
    0.00      0.00
    0.00      0.00
    0.00      0.00
    0.00      0.00
   31.19     41.64
   46.37     80.29
  106.51    150.72
  147.74    199.44
  129.50    112.17
  102.23     42.98
  112.61     86.86
   89.53     48.25
   16.32     27.22
   45.21     32.51
   31.94     20.48
   93.64     61.30
   24.98      7.02
    0.00      0.72
    0.00      0.00
    0.00      0.00
    0.00      0.00
    0.00      0.00
   30.15     16.47
   31.43     47.14
  199.40    183.15
   71.37     98.46
  162.35    165.68
   66.34     92.74
   94.97    123.24
  213.05    303.52
  182.25    170.39
  206.29     95.52
   86.68      5.02
   16.52      0.72
    4.99     29.86
   14.14     15.51
   13.81      0.00
   41.42     21.88
   50.13     35.77
   48.70     15.30
    0.00     14.51
    4.30      0.00
    0.00      0.72
    0.00      0.00
    0.00      0.00
    0.00      0.00
    0.00      0.00
    0.87      0.00
    0.00      0.00
    0.00      0.00
    0.00      0.00
    0.00      0.00
    0.00      0.00
    0.00      0.00
    0.00      0.00
    0.00      0.00
    0.00      0.00
   25.75     20.39
    0.00      0.00
   21.44     11.68
    2.76     30.83
    0.00     14.80
   44.68     45.35
   29.47      2.16
   14.96      0.00
    2.15      0.74
   14.79     29.64
   16.43      0.00
    0.00      0.72
    0.00      0.00
    0.00      0.00
    0.00      0.00
    1.37      1.37
   16.48      2.82
  136.54    212.63
   95.62     35.87
   45.09     62.19
   91.52    122.01
   50.99     91.97
   95.40     64.35
  124.77    125.07
  195.73    305.05
  139.19    155.77
  146.06     35.15
  100.16     65.20
   62.77      4.34
    5.06      0.00
    0.00      0.00
    0.65     45.81
   14.34     15.09
   30.08      2.16
   16.59     15.09
    0.71      0.00
   15.17      0.72
    0.00      0.00
    0.00      0.00
    0.00      0.00
    0.00      0.00
    0.00      0.00
    0.00      0.00
    0.00      0.00
    0.00      0.00
    0.00      0.00
    0.00      0.00
   59.26      2.95
   93.10    209.61
   24.17     44.10
  202.30    324.08
   67.84     74.67
  255.67     87.85
  117.61     91.44
  127.37    104.34
   63.11     60.61
   94.89     57.93
   54.46     35.94
   58.97     39.59
    9.59      0.87
   16.42     30.04
   16.51      0.73
    0.00      0.00
    0.00      0.00
    0.00      0.00
    1.37      2.68
    2.82      1.37
   90.59    184.38
  113.46     20.10
   26.17     37.58
   61.09     64.03
   75.40     73.71
   22.24     20.28
   31.57     78.35
   65.80     19.33
  140.26    113.68
   93.56     96.37
   82.00     78.72
   25.79     19.96
   84.18     80.20
    4.19      1.44
    2.89      0.00
    2.16      0.00
    0.00     14.80
   15.11     32.32
   14.85      0.72
   16.49     16.24
   17.03      0.72
    1.44      0.72
   25.76     20.39
   27.29     13.72
    0.00      0.00
    3.67      0.72
    0.00      0.00
    0.00      0.00
    0.00      0.00
    0.00      0.00
    0.00      0.00
    0.00      0.00
    0.00      0.00
    0.00      0.00
    0.00      0.65
    0.00      0.00
    0.00      0.00
   15.11     29.53
   57.94     60.30
   14.37     45.06
   49.60     15.14
   15.76     15.09
    0.00      0.72
   45.16     32.24
   15.10     30.26
   17.26      0.71
    2.16      0.00
    0.00      0.00
    1.96      2.16
    1.37      1.37
    0.65      1.31
    6.01      9.03
    3.61      0.00
    0.00      0.65
    2.68      2.61
    3.98      7.07
    3.53      0.65
   19.08     36.15
   15.70      3.54
   10.26      4.33
    7.90      7.79
    4.57      9.89
    4.64      6.36
    4.77      3.47
    5.36      3.53
    3.33      4.98
    1.44      0.72
    1.44      0.00
    0.00     15.01
   15.05      1.37
    0.65     15.73
    0.00      1.31
   15.80      0.72
    1.37      0.72
    0.65     15.08
    1.44      0.00
   14.43      0.72
    0.00      0.00
    0.00      0.00
   15.09      0.71
   77.97    106.86
   67.14    120.63
   84.28    127.42
  215.08    349.76
  122.28    100.89
  236.25    126.68
  113.06     38.40
   52.22     55.08
   96.47     40.42
   71.62     67.28
   60.93     71.81
   72.76     58.76
   78.79     45.77
   59.45     37.42
   24.48      0.87
   41.64     52.19
   57.18     24.90
    2.81      0.73
    3.60      1.96
    0.72      0.65
    0.72      0.65
    5.36      6.74
    4.26      2.88
    0.00      0.00
    0.65      2.03
    0.65      1.96
    6.15      6.22
    1.44      2.68
    2.16     15.12
   19.98     25.35
   19.31      7.98
    6.48      6.74
    7.14      3.92
    4.26      4.71
    6.42      3.99
    3.54      2.03
    3.54      1.37
    4.12      3.47
    2.82      0.72
    0.00     15.10
   17.33      0.72
    0.00      0.00
    0.00     15.11
   15.90      0.65
    0.65      2.10
    0.00      0.65
    1.37     15.51
   15.50      1.44
    1.44      0.00
    0.00      0.00
    0.00      0.00
    0.00      0.00
   25.79      0.00
    0.00     20.42
   21.42     11.67
    2.76      1.44
    0.00      0.65
    0.72      0.00
   14.37     72.65
   28.81     16.55
   30.99     16.55
   75.99     62.46
   30.79     45.85
   46.31     33.39
   16.44     16.36
   20.19     15.79
   16.43      1.44
    0.00     14.78
   19.47      4.96
    0.65      0.72
    0.65      0.72
    5.29      8.17
    5.05      1.44
    0.00      0.00
    0.00      0.65
    2.03      1.31
    1.31      3.54
    3.40      2.68
    3.47      2.88
    2.03      4.05
    4.05     18.54
   18.33      6.29
   11.37      7.93
    6.73      5.05
    2.61      4.98
    2.61      4.12
    3.33      3.54
    4.12      2.88
    1.31      2.03
    0.72      0.72
    3.33      4.84
    0.72      0.00
    2.15      0.00
    0.00      0.65
    0.00      0.00
    0.72      0.00
    0.00      0.65
    0.65     15.70
   16.43      1.31
   15.54      2.18
   62.67    106.88
   34.82     50.88
  103.11    141.13
   72.53    122.71
  141.92    148.79
  145.38     61.00
   84.98     96.59
  108.98     17.76
   77.21     94.71
   47.34     12.61
   68.74     70.27
   43.34     63.11
   41.39      4.62
   62.39     47.75
   44.95     63.01
   32.64     17.98
   17.26     17.18
   35.33     30.80
    2.16      3.33
   16.42      0.71
    2.16      1.31
    3.98      6.73
    6.28      3.60
    0.72      0.00
    0.00      0.00
   26.43     23.36
   29.40     13.76
    2.75      1.37
    3.41      6.87
   29.92     23.14
   69.31     48.14
    4.76      4.71
   46.84     37.65
    4.93      7.98
   12.78      4.12
    6.49      3.33
    3.54      3.26
    1.31      2.09
    3.60      2.03
    4.26      0.72
    0.72      1.31
    2.24      0.72
    1.96      2.16
    2.10      0.72
    0.00      0.00
    0.65      0.72
    0.00      0.00
    0.00      0.00
    0.00     15.10
   15.16      0.00
    0.65      2.09
    1.06      1.78
    0.00      0.00
    1.37      0.72
    0.72     14.37
   14.43      0.72
    0.00     15.02
   14.11     29.64
   57.10     37.49
   32.21     28.83
   15.72      2.15
   16.71     30.21
    0.00     31.31
   91.11     47.26
    0.00     16.44
   33.50     19.35
    2.17      1.37
   34.17     19.91
    2.61     17.99
    4.27      0.72
   17.85      3.60
    3.92      5.36
    4.98      4.26
    1.37      1.37
    0.00      0.00
    0.00      0.65
    2.75      2.09
    2.03      2.75
    1.37      0.00
    2.03      3.47
   17.05     17.19
    2.68     18.26
    4.84      2.82
   21.61      5.64
    3.92      8.51
   21.70     20.86
    4.71      3.60
    3.40      1.37
    1.31      3.54
    2.68      3.54
    2.68      1.44
    0.65      1.37
    0.72      2.03
    0.72      1.31
    0.65      0.00
    3.54      2.09
    0.00      0.00
    0.72      0.00
    0.00      0.00
   73.36      2.07
   15.61    129.71
   31.92      2.12
   81.62    223.63
   82.16     78.70
   92.43    111.85
  178.84    137.53
   77.48     86.47
  167.74    130.26
  107.01     52.03
  104.56    100.93
  158.98    139.09
   69.83     29.51
   42.00      3.89
   26.48     63.72
   15.58      2.03
   75.36     50.34
    2.68      2.82
   18.06     17.79
    4.98      1.31
   15.75     19.86
   17.20      0.65
    4.19      8.17
   10.48      3.60
   13.60      0.81
   12.88     20.39
   27.30     12.38
    1.31      3.40
    4.85      4.19
    4.40      1.37
    0.65      2.03
    2.09      2.03
   16.89     18.93
    3.40     19.77
   19.96      6.66
    2.16      4.64
    6.35      6.53
   16.96     16.95
    9.24      3.98
    4.91      3.33
    0.72      1.44
    3.61      1.96
    2.82      0.65
    2.82      1.44
    0.65      0.00
    2.03      2.16
    0.00      1.31
    0.65      0.72
    1.31      0.72
    1.44      0.72
    0.00      0.00
    0.65      0.00
    0.00      0.72
    0.00      0.00
    0.00      0.00
    0.65      1.37
    0.00      0.00
    0.65      0.65
    0.72     30.76
    0.00     44.37
   91.23     20.14
   31.63     45.08
   31.40     30.26
    0.72     29.36
   15.15     31.39
   31.67     16.44
   15.08     17.01
   31.40      4.84
   23.24      4.98
    2.03      2.88
    1.37      0.65
    0.00      1.37
    2.68      5.29
   10.93     10.54
    2.09      0.72
    1.44      0.00
    1.37      1.37
    0.00      0.00
   28.44     23.24
   37.87     30.23
    1.37      0.00
    4.85      3.52
    2.75      2.03
    0.65      3.40
   20.43     35.82
   18.55      2.16
    8.69      6.49
    2.61      1.44
    5.88      9.17
   16.37     19.26
    4.77      2.82
    4.05      2.88
    2.03      2.88
    1.31      2.75
    1.52      0.00
    1.44      2.68
    0.00      0.00
    1.37      1.37
    1.44      0.00
   13.52      2.10
   73.38     99.81
    2.69      2.05
   27.39    131.24
   92.10     73.45
   81.19    106.04
   52.09     54.52
  103.09    102.40
  112.30    115.19
  113.49    100.15
  118.88     76.00
  133.22    128.71
   95.07     77.02
   79.78     23.18
   23.62      7.89
   69.19     51.73
   48.19     65.69
   66.87     46.34
   30.76     45.25
   59.04     39.09
   22.92      3.55
   18.92      2.10
    2.10      0.72
    1.31      5.23
    9.72      6.95
    1.38      2.16
    1.37      1.96
    2.10      1.44
    0.65      0.65
    1.44      2.68
    2.82      0.72
   16.91     16.24
    0.65      1.38
   16.48     16.47
    3.47      2.03
    1.37      4.06
   19.89     20.55
    2.17      8.05
    4.33      3.92
    5.77      3.27
    4.26      0.65
   19.37     21.19
    4.91      3.40
    3.54      2.03
    3.54      1.31
    3.54      1.44
    1.44      0.65
    0.65      0.00
    2.03      2.09
    0.65      0.72
   27.13     21.90
   21.45     11.68
    0.00      1.31
    3.41      2.08
    2.10      1.44
    0.72      0.00
    0.00      0.00
    0.00      0.00
    0.00      0.00
    0.00     14.37
    0.00     29.39
   15.74     15.81
   58.81     33.29
   33.50     50.16
   46.72     31.51
   30.70     17.79
   18.54     16.40
    2.09     15.77
   32.39     30.08
   17.54     35.99
    4.77     18.49
   36.34      4.97
   17.17      2.81
    2.75      1.37
    6.73      9.68
    3.61      0.65
    2.68      2.09
    0.65      1.44
    0.00      0.65
    2.03      2.68
    3.99      3.56
    2.16      2.09
    0.65      0.65
   18.22     16.90
   16.16     16.95
    0.65      1.96
    4.71      5.63
    2.82      0.65
    6.60      5.70
    6.73      6.49
    3.26      2.88
    3.92      5.05
    1.31      3.40
    2.03      3.47
    5.43      3.61
    3.33      4.19
    1.96      1.44
    1.44      0.72
    0.00      1.96
    0.65      0.65
   16.34     27.90
   46.99     52.85
    0.72     25.76
   28.92     92.38
  119.95    178.32
   83.43    103.38
  114.13     92.17
  112.44     53.62
  105.50     98.86
   71.89     38.46
  144.15    117.98
   98.24     73.35
  149.02    149.71
  112.11     63.48
   56.77     83.19
   33.34      2.96
   58.51     35.98
   17.20      1.43
   32.37     46.73
   17.63     17.55
   60.72     41.77
    4.91     34.36
   30.05     30.67
   52.91      4.83
    7.67      6.87
   32.78     24.73
    0.00      1.96
   22.82     12.45
    3.48      3.47
    2.03      2.03
    1.37      2.03
    3.75      2.03
    2.68      2.83
    1.31      2.09
   17.26     15.81
   17.09     16.44
    1.37      3.40
    2.03      4.05
    4.91      7.97
    2.03      3.26
    6.49      5.36
    5.77      3.26
    2.88      0.65
    4.98      3.27
    2.75      4.05
    2.10      3.40
    4.98      2.03
    3.54      1.37
    2.10      0.00
    0.72      0.72
    1.31      0.65
    0.65      2.16
    2.03      1.44
    0.00      0.00
    0.65      0.65
   14.79     15.57
    0.00      0.00
    1.44      0.65
    0.00      0.65
    0.65     15.09
   15.14      0.00
    0.74     29.47
    0.00      0.00
   59.75     60.37
   30.17     49.37
   17.07     15.08
   31.46     19.17
   31.62     17.74
   18.45     17.08
   18.34      4.33
   17.73     20.49
   21.32     19.94
    4.19      2.81
    2.09     33.42
    8.04      9.68
   39.43      4.20
    1.44      0.72
    0.00      0.65
    3.33      1.44
    0.72      2.10
   15.68     15.82
    2.68      3.54
    1.44      1.37
    1.37      1.31
    2.03      2.75
    2.68      2.82
   16.49     16.55
    3.47      2.09
    4.77      4.19
    3.33      2.89
    5.95      6.36
    3.99      5.70
    4.64      3.61
    3.99      4.98
    0.65      0.72
    1.96      2.03
    3.33      4.91
    4.05      4.26
    3.40      1.44
    0.72      1.37
   57.76     76.21
   16.32     27.89
   15.47     78.70
   55.62    130.28
   36.64     14.49
  154.66    228.06
  107.12    117.94
  118.79     67.94
   71.84     83.44
  112.65     66.02
   41.28     65.78
  148.50    109.28
   79.68     47.25
   40.85     67.76
  117.22     58.83
   41.32     22.66
   89.78     74.31
   18.98     32.78
   17.14      4.84
   35.04      2.75
   17.71     33.59
   17.93     20.69
   52.58     42.68
   71.65     31.76
   51.11     52.17
    8.45     19.78
   34.88      4.98
    2.10      0.72
    0.72      2.61
    0.00      0.00
    3.40      2.75
   17.60     17.60
    1.44      0.65
    2.75      1.37
    0.65      2.09
    1.44      1.31
    1.37      1.96
    4.05      5.49
    1.37      2.09
    5.70      3.99
    1.38      5.95
    2.89      1.96
    7.07      6.66
    2.82      4.64
    4.33      0.00
    5.70      3.33
    0.72      1.96
    2.75      4.05
    4.19      2.75
    1.44      0.65
    4.26      0.72
    0.72      0.65
    1.31      0.72
    2.03      2.16
    0.65      1.37
    0.65      0.00
    1.37      2.75
   15.10     15.16
    0.00      0.00
    2.18      0.00
    0.00      0.00
   14.36     29.41
   15.78     15.74
   15.09     30.19
   47.25     76.68
   17.34     17.09
   59.64     17.87
   15.78     16.82
   20.27     20.56
   32.05     34.13
   17.09      2.03
    3.51      3.40
    4.78      6.87
    2.68      3.47
   24.33     23.60
   23.31     20.42
    3.40     18.53
    5.63      2.75
   16.51      1.37
    1.31      0.72
    1.37      3.40
    4.77      3.54
   17.02     15.78
    1.37      2.08
    1.38      1.31
    1.37      1.44
    2.03      1.37
    1.38      2.75
   27.12     21.71
   34.01     18.01
    0.65      3.47
    6.79      3.61
    6.07      5.77
    1.96      2.10
    5.95      6.42
    3.98      4.98
    0.65      1.37
    2.03      2.09
    3.55      2.82
   33.88      4.16
   48.95     84.46
    0.00     25.49
   32.50    107.01
   51.51     99.64
    2.99     25.78
  110.22    185.64
   91.12    135.13
  171.06    152.98
   71.36     40.59
   65.92     33.14
   96.15     66.65
   63.84     33.71
   90.56     84.95
   88.82     90.63
  109.84     99.95
  105.05     86.44
   29.89     51.19
   82.31     53.80
   57.14      8.31
   65.76     37.86
   17.21     46.77
   67.54     42.72
   45.20     17.89
    9.67      5.49
    7.02      7.39
   24.75     22.85
   18.45     17.80
    1.31     17.78
    4.19      2.16
   16.53      2.09
    1.44      1.31
    1.31      3.33
    5.57      4.19
    2.89      0.65
   15.77     16.57
    1.38      2.10
    2.10      1.96
    1.37      0.72
    4.13      3.40
    0.00      3.40
    1.44     16.35
   17.90      6.60
    2.75      5.50
    5.77      1.96
    3.61      5.88
    4.19      2.75
    6.42      0.65
    2.88      2.68
    1.31      3.40
    1.44      2.61
    2.82      2.03
    2.82      0.65
    4.26      2.10
    1.37      0.00
    0.73      0.72
   27.71     24.03
   28.59      1.37
    0.72     12.45
    2.76     19.14
    0.65      0.00
   17.34      1.44
    0.72     14.37
    0.00      0.00
   14.42      2.03
   17.11     30.91
   31.45     60.30
    1.45     15.03
   60.39     62.80
   32.81     35.84
   49.40      5.57
   20.08      4.19
    1.44      2.61
   19.63     18.25
    2.75     19.75
   21.74      8.95
   12.57     10.47
    2.75     17.13
   33.80     17.97
    4.85      2.82
    1.44      1.31
    2.82      2.03
    1.31      2.03
    2.68      4.19
    5.49      3.54
    1.37      1.37
    2.62      3.54
    0.72      0.00
    2.75      1.38
    1.31      4.05
    1.37      0.72
    5.50      2.88
    0.65     17.54
    3.33      2.16
   20.83      6.43
    3.33      2.82
    2.61      4.98
    5.29      4.91
    3.40      4.33
    2.50      0.59
   46.33     55.17
   28.13     23.92
   18.88     55.15
   61.72    136.60
   16.96      3.48
   54.71    118.30
   44.01    145.44
   85.17     51.77
  102.03    201.80
   34.10     62.69
  123.77     61.18
  101.22     73.16
   60.24     82.72
  109.36     76.56
   93.43     37.48
   40.31     13.27
   57.76     64.47
   47.77     32.13
   12.56     49.65
   35.66     33.43
   31.10     48.80
   34.84     19.38
   49.66      3.61
    2.68      4.84
    3.47      2.09
   19.77     39.19
   24.33      9.84
    6.14      3.53
   30.62     24.66
   32.77     20.09
    3.53      0.72
    5.66      2.82
   25.79     22.67
   30.85     15.13
    1.44      3.33
    8.47      5.63
    2.10      1.96
    4.19      2.82
   26.51     23.23
   29.39     11.66
    4.05      3.47
    4.13      6.22
    2.16      2.03
    3.54     17.68
    1.37      5.94
   17.93      2.03
    5.77      3.92
   28.07     26.41
    4.91      2.10
   33.58     15.85
    4.26      1.37
    4.20      4.15
    0.00      2.61
    2.89      0.00
    2.75      3.40
    3.54      0.00
    2.68      4.19
    0.72      0.00
    4.04      2.88
    0.00     14.38
    0.00     15.68
   15.84     15.76
   44.39     18.34
   15.84     15.82
    2.83     15.70
    3.40     31.58
   17.43     17.86
   32.28     16.39
   32.22      3.54
   17.01     34.15
    2.03     31.38
   17.08     19.92
   32.99      4.71
    2.10      3.34
   21.27      4.18
    4.19      5.36
    8.19     23.27
   36.40     21.47
    4.85      3.40
    2.82      4.77
    5.50      5.43
    4.13     17.20
   18.70      2.16
    2.75      1.96
    2.75      1.44
    2.03      3.54
   15.69     16.55
    2.03      4.13
    4.22      2.17
    2.68      1.44
   27.86     24.43
   28.05     12.33
   18.50     17.34
    5.37      6.28
    3.54      2.10
    3.99     18.65
   22.06      6.48
    1.31      1.44
    4.63      3.60
    3.92      5.56
   52.97     70.95
   17.87      2.90
   30.07     93.30
   34.39     56.75
   71.86     72.74
   17.57     73.49
   76.39    160.47
  112.64     94.43
   87.88    129.75
   71.26     21.95
   68.20     44.20
   24.37     15.45
   85.72     69.80
    1.31     30.51
  153.40    106.15
  111.44     43.18
   41.98     37.00
   60.39     71.02
   18.43     17.48
   33.55      2.82
   17.62     17.85
    0.65     32.21
   33.67     18.72
   19.23     19.30
   19.22      4.92
    4.06      7.53
   24.11      7.58
    3.99     21.39
   16.60      1.37
    6.87      3.54
    2.68      5.49
    2.68      2.82
    4.71     20.29
   18.33      2.75
    4.91      4.84
    1.44      1.31
    2.09      1.37
   16.82     16.81
    3.54      3.47
    0.72      2.61
    2.16      0.00
    5.36      4.91
    0.72      2.68
    3.23      1.06
   31.33     32.62
    2.75      5.29
    2.82      3.40
    7.07      5.35
    3.54      3.98
    2.16      2.61
    4.26      0.00
    7.01      4.05
    1.37      3.40
    2.82      3.40
   15.52     17.47
    2.16      0.65
    2.88      0.00
   17.91     17.13
    0.00      0.72
   19.56     32.94
   16.38     19.34
   29.53     16.54
    1.44      0.65
    0.72      1.31
    0.72     15.03
   57.30     67.81
   48.65     44.07
   91.14     64.68
   20.42      4.32
    3.51     32.76
    1.38     16.39
   80.92     37.60
   62.68     34.14
   17.33     19.77
    2.10      4.64
   32.00     26.72
   59.67     41.77
   27.87     16.31
    6.10      5.64
    5.64      4.13
    2.03      3.40
    4.91      2.03
    1.44      3.33
    4.06     19.20
    4.70      5.49
   21.35      2.82
    1.44      2.10
    2.68      2.10
    3.40      4.19
   17.51     16.94
    4.06      2.83
    0.65      4.71
    1.37      0.00
    5.06      2.75
    4.20      3.60
   32.06     30.65
    3.55      2.10
    6.67      6.22
    2.03      3.61
   19.67     26.80
   53.74     50.23
    5.29     31.48
   30.69     54.45
   73.61    108.01
    9.22     27.88
   17.63    119.80
   42.60     81.27
   59.81     55.30
   72.22    133.61
   75.02    147.68
  140.30    134.06
   49.24      6.54
  127.73     81.35
   19.04     18.40
   25.78      2.83
    3.68      2.03
   17.75     46.75
   45.67     53.83
   51.83      7.48
   70.47     69.33
   18.44     19.36
    3.58     17.14
   42.32     36.27
   41.38     31.92
   45.00     24.69
   48.03     38.71
   15.33      7.08
   17.19     19.35
   17.85     19.15
    2.67      4.19
    4.13      2.10
    4.78      4.26
    2.10      1.31
   28.47     23.28
   72.74     68.58
   55.69     29.22
   21.75      2.75
    3.50      4.06
    2.10      1.96
    4.91      3.47
   17.21     17.84
    2.82      0.72
    4.70      3.46
   14.34      4.08
   14.91     23.27
   29.41     12.33
   32.93     34.95
    4.86      8.19
    5.13      2.68
    7.08      4.06
    2.82      2.68
    1.44      3.27
    3.47      3.41
    5.64      2.75
    2.82      1.37
    2.16      2.61
    0.72      2.61
   16.48     31.59
    4.18      2.16
    2.89      0.65
   15.76     17.13
   17.92      3.54
    4.14     17.18
   15.80      2.09
    1.37      2.03
   16.49     15.83
   16.49     17.20
   19.91     17.74
   19.24     64.38
   17.03      3.54
   35.17      4.06
   30.53     33.33
    4.84      2.68
    3.54      4.12
    2.75      4.05
    7.01      6.67
   21.90     39.16
   20.51     15.51
   20.80      6.81
   18.24     16.87
    4.12      4.77
    4.19      3.40
    2.82      2.10
    1.37      1.31
    2.16      2.68
    5.43     18.41
    2.68      5.43
   32.33     17.56
   30.02     23.08
   34.82     19.28
    3.47      2.10
    4.12      2.82
    1.38      4.71
    2.09      0.72
    2.82      1.37
    3.40      2.82
    2.17      1.37
   16.42     17.27
   19.28     18.33
   81.30    112.11
    4.06      3.54
   17.73    107.32
   48.51     55.92
    6.71      4.11
   23.19     75.22
   68.75    103.12
   26.06     40.48
   82.80     81.83
  144.94    140.11
   49.00     61.18
  114.73    106.74
   37.38     34.17
   29.65     41.61
  106.12     62.19
   47.32     15.44
   14.45      6.58
   94.29     69.96
   17.85     18.55
   75.81     97.06
   27.92     45.31
   70.20     88.99
   74.37     21.85
   21.85      6.59
   17.21     17.27
   55.47     45.02
   54.88     30.24
   13.67     11.04
   36.89     51.90
   20.24      4.90
   45.85     41.16
    3.99      5.57
   23.50     13.07
    6.88      7.08
    2.82      0.65
    3.63      4.78
    1.31      2.10
    2.82     17.02
    5.57      2.16
   32.77     19.42
   16.52     18.36
    4.77      5.50
    2.82      4.12
    4.91      2.10
    4.78      3.47
    2.10      1.44
    1.38      3.34
    0.00      0.65
    2.82      2.61
    2.09      5.36
   18.26     18.98
    5.56      4.12
    4.33      1.96
    2.16      4.57
    4.78      4.78
    1.37      2.75
    5.05      0.65
    2.89      1.30
    2.10      3.99
    0.72      1.96
    2.09      0.72
    4.19      2.75
    2.82      1.38
    1.37     16.40
    1.96     17.75
   34.29     20.63
   33.63     30.94
    2.75      3.34
   19.19      4.91
    2.10      1.37
   19.20     17.90
    0.65     30.78
   14.79     17.46
   51.88     21.16
    2.03      2.75
    5.23      3.99
    4.06      6.09
   11.00     26.76
   36.03     17.19
   18.00     34.16
   32.87     33.51
   22.05      6.94
    6.29      2.75
    3.47      2.75
    1.37      2.75
   17.84     18.57
    2.03      1.31
    4.33      2.10
    2.61      4.84
    1.34     15.12
   33.82     33.23
   17.47      6.22
    3.47      2.82
    5.44      4.85
    3.41      4.78
    4.91      3.47
    2.75      2.10
    2.03      0.00
    1.97      2.04
   44.82      3.41
   18.22     82.98
   21.08      6.95
   31.50     96.05
   20.60     55.81
    4.81      3.54
   54.87    108.28
   28.00     86.02
   48.07     38.93
   84.38     67.09
   58.16     72.99
   41.67     34.71
  104.35    109.67
   77.22     78.88
   36.81     30.94
   82.74     86.58
   43.64     26.21
  148.95    108.38
   40.25     33.85
   65.05     43.47
   56.61     56.91
   18.52      4.84
   55.06     44.35
   60.00     43.68
   18.51     62.59
   94.89     60.26
   37.03      5.12
   33.59      7.32
   10.37     12.30
    9.76     20.58
   33.57     19.19
    4.85     20.03
   34.29     20.75
    3.40      5.50
    5.43      4.19
    4.12      2.10
    2.10      2.82
   17.55     18.93
   31.29     25.96
   28.05     12.33
    5.58      3.45
    2.10      2.03
   17.17     30.70
    6.16      5.64
    2.72      4.59
    1.44      2.75
    7.60      6.22
    4.78      2.82
    2.89      2.03
    1.31      2.75
    1.44      1.31
    2.10      2.68
    2.10      5.29
    2.80      1.37
   47.35     39.84
    0.65      2.68
   30.13     17.75
    5.56      4.13
    2.87      1.31
    6.36      2.03
    0.72     15.76
   17.27      4.64
    2.03      3.51
    2.84     30.15
   32.41     17.18
    2.17      0.65
   15.81      3.99
    3.47      1.37
   19.78     35.75
   19.83     35.77
   34.28     32.92
   33.05      6.35
    6.28      3.40
    2.16      1.37
   16.16     18.27
    2.89     15.69
   18.27     49.64
   17.54      6.07
   21.94     22.48
   26.92      9.91
   20.18     18.99
   32.18     19.78
    4.91      4.01
    6.43      4.06
    4.78      4.78
    4.12      4.19
    4.19      2.03
    3.47      3.47
   18.75     20.58
    3.54      0.72
    3.55      2.75
   16.33     17.24
   26.49     15.11
   46.55     39.77
    5.60      2.82
   30.31     23.13
   31.59     19.95
    6.21      6.16
    4.85      2.75
    4.12      1.99
   18.28     27.53
   31.33     30.00
    2.68     28.61
   22.78     56.58
   48.57     60.22
    3.64     53.58
   40.19     82.26
   39.74    108.76
   45.38     44.50
   40.58     57.23
   50.62     98.92
  111.18    129.08
   36.67     41.12
   85.00     56.36
   36.68     44.86
   41.72     12.07
    1.31      1.99
   35.67     28.08
   18.03     19.83
   31.57      7.71
    3.40     18.94
   18.29     32.01
   65.12     67.64
   53.79     10.01
    7.01      1.37
   17.58     18.50
    1.31      2.09
    2.75     31.94
    6.02     25.40
   10.20      8.38
   19.84     19.79
   23.48     19.47
   31.58     20.02
   22.35      7.73
    2.61      3.56
    6.17      7.60
    0.72      1.30
   29.92     24.21
   22.58     19.90
   51.63     28.43
    2.02      3.46
   29.34     20.43
   54.68     34.14
   48.38     42.25
   17.92      7.77
    6.30      6.81
    2.03     18.37
   21.40      4.33
    5.71      2.75
    0.65      3.40
    4.99      4.71
    2.81      2.10
    2.82      2.68
    2.82      3.34
    1.31      3.92
    4.26      3.40
    4.33      2.68
    2.75      3.40
    2.17      3.27
    2.82     17.49
    4.33      1.31
   33.58     30.95
   15.16      1.37
   15.83     33.43
   15.82      3.40
   30.64     54.85
   30.86     15.90
   36.55      4.04
    8.89      5.68
   19.48     18.72
    1.96      2.10
    2.18      2.75
    1.39      2.05
   97.27     98.63
   48.54     50.49
   18.53      4.04
   21.36      3.46
   20.76     17.93
    3.47      6.67
    9.69      8.18
    6.22     19.13
    3.47      8.11
   19.45      3.41
    5.50     20.45
    7.17      4.08
   19.20      6.08
    5.43      2.18
    6.38      4.13
   25.80     22.45
   29.01     34.01
    4.12      2.10
   17.62      4.26
    2.17      0.65
    2.68      2.82
   32.04     48.52
   17.61      3.47
    4.92     15.83
   34.75     20.94
    5.07      6.31
    6.32      0.72
   45.60     55.83
   18.23     29.33
    2.74     55.45
   34.55     57.25
   45.94     48.30
   67.46     96.70
   29.20     95.09
    6.81     93.21
   51.86     55.35
   40.51    121.27
   59.13     67.04
   25.37    142.95
   72.45     30.07
  117.26     40.55
   34.61     67.05
   83.71     26.82
    5.43     19.07
   82.56     78.28
   42.05     21.90
   83.80     38.32
   18.69     23.34
   72.96     54.28
   50.03     34.99
   24.15      4.92
   46.09     59.40
   29.28     32.48
   17.07     20.66
   22.85     22.08
   24.06      8.23
   11.75      7.80
   29.91     23.92
   23.29     19.42
   29.18     47.84
   34.79     13.39
    6.09      4.19
   15.86     21.14
    3.33      6.80
   19.16      4.97
    6.24      3.42
   29.91     39.86
   67.44     41.94
    4.18      2.03
   17.90      3.47
    0.00      2.68
    1.38     16.38
   50.54     34.30
   27.46      2.64
   47.15     76.30
   90.71     38.50
    6.87      5.50
    4.97      2.82
    3.55      1.31
    0.65      2.68
    3.62      2.75
    3.47      5.43
    2.03      5.36
    4.26      1.37
    4.92      3.34
    2.17      3.34
    4.19      2.68
    2.82      6.01
    1.44      1.31
    5.05     16.42
    2.16      0.00
   16.54     15.74
   16.63     17.41
   41.92     25.98
   31.51     14.95
    6.96     50.09
   24.78     20.40
   32.94     17.92
   15.60      1.37
    2.68      2.75
   31.55     46.66
   17.68     18.57
   30.97      6.82
    3.51      2.14
    2.12     16.35
    4.84      8.76
   25.27     14.52
    9.76      5.50
    6.45      4.77
    2.75      2.10
   20.45     20.23
    4.12      6.67
    4.98      4.71
    4.98      2.68
    4.93      3.42
    5.36      5.43
    4.26     19.63
   22.33      5.73
   19.01     19.00
    2.02     18.61
   16.55      0.72
    2.17      1.38
   18.54     19.96
   17.03     17.88
    3.47     16.55
   18.10     18.47
   42.43     40.50
   19.22      8.40
   34.13     45.70
   37.32     82.25
    2.19      1.96
   34.04     79.47
    2.10     52.94
    3.98      4.84
   22.19     85.88
   21.80     81.41
   26.86     82.54
   52.43     76.07
  141.49    107.10
   11.61    102.85
   98.75     78.55
   75.46     92.24
   34.13     74.14
   72.16      5.77
   87.97    107.81
   19.12     16.42
   41.08     86.02
   42.75      1.43
  127.40     82.94
   25.44     21.00
  110.41     85.76
   52.30     64.20
   39.12      7.09
   17.60      3.56
    4.66      6.33
    4.79     20.89
    9.58      8.39
   20.96      8.97
    4.77      5.60
    8.13      5.57
    6.96      5.72
   20.51     17.22
   30.43     27.45
   30.68      9.77
    3.47     13.00
    6.82      5.58
    6.79     20.16
   43.38     27.14
   70.12     50.02
   32.23     23.93
   50.01     54.83
   29.26     25.26
    4.18      4.12
   24.92     15.14
   18.62     21.27
    6.27      1.45
    4.26     17.04
   16.62     17.93
   21.07      2.75
   18.18     21.00
    3.61      3.40
    4.18      1.44
    3.54      4.05
    0.65      4.64
    3.54      1.31
    4.19      6.08
    3.47      3.40
    5.63      2.65
   29.58     28.50
    2.84      2.07
   31.66     27.44
    5.58      3.47
   15.90      2.75
   20.01     19.16
    6.17      6.96
    2.75      4.71
    3.47      3.47
   19.93     30.58
   17.90      3.42
    2.75     31.56
   32.24     18.63
   48.73     63.27
   14.38     18.41
   35.15     19.13
   17.15      3.27
    7.60      5.52
    7.72      9.58
    4.20     17.77
    4.08      5.54
   20.59      9.50
    7.55      5.43
    6.38      7.48
    6.31      4.12
   20.74     19.25
    4.69      3.33
    3.54     17.77
   20.60      7.45
   22.06     19.39
    7.64      2.84
   17.86     20.80
    2.68     17.79
    3.49     30.95
   19.24      4.20
   34.34      4.92
    1.40      2.18
   45.63     64.20
   15.75      4.99
    4.12     52.96
   30.64     20.65
   51.78    109.54
    4.56     17.29
   37.02    159.65
   33.65     30.79
   23.96     51.95
    6.32     55.17
   88.25    163.26
   25.81     66.79
  118.51    121.58
   55.01     52.15
   64.80     41.18
   27.60     31.47
   22.27     23.62
   34.54     23.40
   38.76     73.41
   32.18     42.99
   32.16     34.95
  122.07     48.35
   67.47     54.61
   60.07     84.09
   87.91     44.68
   13.36     19.07
   31.49     22.23
   61.75     68.89
   45.37     19.70
   56.98     69.72
   68.52     33.91
   26.28      7.77
    3.41      4.94
    6.24     18.65
    0.00      2.62
   21.84      7.59
    5.95      7.12
    6.98      3.54
    5.45      6.97
    4.73      4.26
   31.16     26.15
    4.73     23.70
   38.93     17.16
    9.83      6.82
    6.32      4.13
    4.21      2.10
    4.85     17.55
    3.41     34.43
   33.13      4.79
   17.69      5.57
    3.61      2.61
    5.59     16.97
    0.72      1.31
   17.76      2.76
    2.03      4.06
    1.96      2.75
   31.49     23.93
   45.20     29.61
    7.02      4.10
    1.38      3.34
    1.44      3.92
    4.92      1.38
   20.42     19.90
    1.44      2.03
    2.82      3.34
    5.84     23.59
   19.35      3.54
   19.49     17.00
    3.47      3.47
    5.43      3.47
   16.82     21.02
    4.15      5.50
    4.41     17.71
    2.17      1.31
   19.40      2.10
   34.26     33.54
    2.75     30.78
    3.33      4.28
   61.37     36.38
    2.84      1.96
   36.40     36.82
   21.03     37.93
   18.38     18.34
    9.05      6.96
   19.23      4.22
    4.99      3.33
    1.96      6.04
    6.22      6.08
    4.98      4.80
    7.05      6.05
    2.75      4.80
    5.00      3.99
    8.20     19.15
    8.97      9.76
   21.98      4.99
   20.62     17.84
    2.03      4.87
    3.49      2.75
    2.67     31.92
   31.48     17.63
   91.17     55.46
    6.63     61.18
    3.48     68.04
   46.94     81.89
   37.70     30.63
   16.28     30.59
   59.92    135.11
    5.00    117.66
   25.28     93.36
   30.27     80.37
   90.05     71.02
   33.26     32.29
   60.28     54.22
   53.85     52.20
   17.96      6.15
  163.29    115.82
   44.14     28.13
   70.21     70.84
   48.30     34.46
   47.82     40.49
    3.43     16.43
   40.58     52.72
   26.36     11.26
   29.24     36.47
    5.36      5.72
   69.10     45.37
    6.97     19.93
   95.28     80.50
   64.13     37.13
   49.78     37.40
   74.21     17.83
   37.20     36.70
   21.85     24.82
   59.43     41.09
   28.32     33.02
    6.38      2.84
   18.46      4.13
    4.72      5.64
    4.71      4.19
    7.57      7.84
    3.55      2.75
    4.08      4.92
    5.23     10.96
    6.33     20.57
    6.09      8.34
   48.97     24.06
   64.69     50.03
   58.69     24.01
   31.27     35.70
   17.01     63.30
   95.08     71.26
   25.11     20.60
   60.01     24.58
    5.85     19.42
    1.59      0.00
   19.25      6.19
    3.49      3.47
    3.47      4.06
    3.47      2.75
    4.13      3.40
   16.19     33.32
   18.00      4.71
    5.71      0.00
   28.66     23.78
   28.00     16.42
    6.36      1.31
    4.12      9.51
    2.82      1.96
   23.81     24.08
    9.20      2.82
    5.43      4.91
    2.16      4.06
   15.11     31.50
    3.56      2.03
   31.62     19.71
    6.44     17.68
    4.13      2.10
   19.30      2.91
   16.49     17.20
    2.03     34.71
   25.39     23.72
   21.44     21.32
   17.06      4.71
   21.18     17.15
   35.71     38.51
   34.43     20.76
    5.65      3.27
    3.25      4.73
    4.91      4.73
    3.47      4.06
    7.03      5.38
    4.12      5.59
    4.28      5.30
    6.94      4.06
    6.88      4.85
    5.36      8.43
    8.27      8.27
   20.48     34.45
   17.88      3.27
   49.87      3.72
   18.78     80.51
   18.37     21.85
   34.10    112.93
   85.08    163.44
   20.77      2.17
   16.91    181.47
   19.10     82.29
    4.70      4.12
   65.86     78.29
   10.86    119.57
   21.09     28.38
   26.48     28.73
  102.96    111.93
   49.38     57.56
   31.22      8.94
   61.11     28.96
   75.53     50.25
   17.56      4.29
   56.53     52.11
   37.39     20.02
   31.80     28.06
   15.98      2.83
   37.55     31.66
   87.79     52.15
   38.28     47.18
   63.78     60.65
   83.99     18.81
    3.53     19.70
   46.18     25.26
   43.74     24.21
   28.14     37.11
   57.55     62.46
   31.57     24.84
   33.51     22.46
    6.23      6.89
   21.09     17.64
   31.81     22.52
    3.40      5.52
    8.93      5.72
    3.40      2.82
    4.73      4.94
    1.46      1.31
    7.98      8.99
    4.65      6.37
    5.53      7.52
    6.28      4.19
    2.82      6.60
    4.78      4.81
   24.13     37.01
   21.75      4.30
    3.61      2.68
    3.49      4.64
   18.23     18.29
    6.30     20.36
   18.48     19.14
   21.23      2.18
    2.03      4.71
    2.09      3.34
   18.57     19.88
    3.47      2.10
    4.21      1.39
    3.49     19.16
   30.93     22.57
    4.19      2.10
    5.71     15.76
   16.61      2.68
    1.38     17.51
   35.55     18.48
    4.84     23.79
   19.94      4.98
    6.28      4.07
    2.90     16.45
    4.71      7.47
    2.12      3.40
   34.38     22.63
    7.16      2.03
    2.77     32.47
   18.33     17.92
   18.42      0.00
   18.53      6.81
    6.83      6.69
    8.32     22.18
   17.65     19.01
   17.33     19.75
    6.08      6.24
   21.57     19.80
   17.18     17.82
    3.49      3.40
   33.65     23.04
    4.80      6.18
    7.81      5.45
    6.31      2.20
    3.54      5.95
    2.05      5.29
   76.55     39.13
   23.84     22.77
    6.24      2.16
    5.36      3.34
   18.26      6.92
   52.36     97.54
   33.19     36.99
   12.36     86.93
   55.21     33.47
   39.05     74.54
   21.00     29.30
   20.02    163.14
   32.83     80.83
   20.48     56.53
   18.26     44.69
   39.03    121.52
   62.88     88.21
    1.46     25.76
   65.95    109.73
   79.59     99.64
   41.74     40.74
   42.10      2.88
   60.10      4.89
   14.50     83.97
   19.17      4.84
   74.78     21.95
   17.91      9.61
   60.71     24.88
    2.11      1.37
   30.56     64.70
   11.21      7.56
   55.58     65.03
   89.64     29.44
   15.55     25.35
   12.30     50.58
   96.14     66.88
   66.25     10.37
   55.24     84.25
   73.80     42.04
   81.52     58.16
   46.94     15.68
   59.49     28.34
   40.37     27.08
    3.42     18.64
   79.41     36.02
   46.90     43.24
   29.57     18.75
   27.81     43.22
    9.78      6.09
    6.01      4.93
   23.56     23.78
    4.80      8.33
    7.52      5.56
    4.35      2.68
    2.16      0.65
    2.75     15.83
    1.37      5.38
   22.01      8.31
    6.08      9.56
    6.16      6.24
   23.48     22.91
    7.13     16.58
    4.89      4.06
   17.20      2.10
    4.78      5.58
    2.75      5.33
   28.58     23.27
   25.01     11.75
    2.19      4.64
    4.07      8.12
    4.99     15.75
    7.04      5.52
   21.33     18.51
   17.85     21.43
    4.12      4.12
   18.73      6.09
    3.40     18.49
   20.72     17.14
   17.25      2.75
    3.62      5.45
    3.49      4.71
    2.82      1.31
    5.48     37.50
   18.72      2.61
   61.34     41.26
   39.29     44.56
   27.29     28.43
   22.20      1.96
   21.41     20.83
    2.84     47.84
   51.48     22.75
   22.12     20.23
   16.95      4.06
    4.14      2.75
    4.30      2.83
    2.84      3.92
    2.68     21.12
    6.29      5.45
   22.79      5.67
   34.33     35.60
   20.10     21.09
    4.19      3.40
    8.64      1.79
    0.69      0.95
    0.65      0.92
    0.65      0.92
    0.00      0.00
    0.00      0.00
    0.00      0.00
    0.00      0.00
    0.00      0.00
    0.00      0.00
    0.00      0.00
    0.00      0.00
    0.00      0.00
    0.00      0.00
    0.00      0.00
    0.00      0.00
    0.00      0.00
    0.00      0.00
    0.00      0.00
    0.00      0.00
    0.41      0.41
    0.00      0.00
    0.00      0.00
    0.00      0.00
    0.00      0.00
    0.00      0.00
    0.00      0.00
    0.00      0.00
    0.00      0.00
    0.00      0.00
    0.00      0.00
    0.00      0.00
    0.00      0.00
    0.00      0.00
    0.00      0.00
    0.00      0.00
    0.00      0.00
    0.00      0.00
    0.00      0.00
