      h_eth1      
 KB/s in  KB/s out
    0.00      0.00
    1.30      0.00
    0.00      0.00
    0.00      0.00
    0.00      0.00
    0.00      0.00
    0.00      0.00
    0.00      0.00
    0.00      0.00
    0.00      0.00
    0.00      0.00
    0.00      0.00
    0.00      0.00
    0.00      0.00
    0.00      0.00
    0.00      0.00
    0.00      0.00
    0.00      0.00
    0.00      0.00
    0.00      0.00
    0.00      0.00
    0.00      0.00
    0.00      0.00
    0.00      0.00
    0.00      0.00
    0.00      0.00
    0.00      0.00
    0.00      0.00
    0.00      0.00
    0.00      0.00
    0.00      0.00
    0.00      0.00
    0.00      0.00
    0.00      0.00
    0.00      0.00
    0.00      0.00
    0.00      0.00
    0.00      0.00
    0.00      0.00
    0.00      0.00
    0.00      0.00
    0.00      0.00
    0.00      0.00
    0.00      0.00
    0.00      0.00
    0.00      0.00
    0.00      0.00
    0.00      0.00
    0.00      0.00
    0.00      0.00
    0.00      0.00
    0.00      0.00
    0.00      0.00
    0.00      0.00
    0.00      0.00
    0.00      0.00
    0.00      0.00
    0.00      0.00
    0.00      0.00
    0.00      0.00
    0.00      0.00
    0.00      0.00
    0.00      0.00
    0.00      0.00
    0.00      0.00
    0.00      0.00
    0.00      0.00
    0.00      0.00
    0.00      0.00
    0.00      0.00
    0.00      0.00
    0.00      0.00
    0.00      0.00
    0.00      0.00
    0.00      0.00
    0.00      0.00
    0.00      0.00
    0.00      0.00
    0.00      0.00
    0.00      0.00
    0.00      0.00
    0.00      0.00
    0.00      0.00
    0.00      0.00
    0.00      0.00
    0.00      0.00
    0.00      0.00
    0.00      0.00
    0.00      0.00
    0.00      0.00
    0.00      0.00
    0.00      0.00
    0.00      0.00
    0.00      0.00
    0.00      0.00
    0.00      0.00
    0.00      0.00
    0.00      0.00
    0.00      0.00
    0.00      0.00
    0.00      0.00
    0.00      0.00
    0.00      0.00
    0.00      0.00
    0.00      0.00
    0.00      0.00
    0.00      0.00
    0.00      0.00
    0.00      0.00
    0.00      0.00
    0.41      0.00
    0.00      0.00
    0.00      0.00
    0.00      0.00
    0.00      0.00
    0.00      0.00
    0.00      0.00
    0.00      0.00
    0.00      0.00
    0.00      0.00
    0.00      0.00
    0.00      0.00
    0.00      0.00
    0.00      0.00
    0.68      0.00
    0.00      0.00
    0.00      0.00
    0.00      0.00
    0.00      0.00
    0.00      0.00
    0.00      0.00
    0.00      0.00
    0.00      0.00
    0.00      0.00
    0.00      0.00
    0.00      0.00
    0.00      0.00
    0.00      0.00
    0.00      0.00
    0.00      0.00
    0.00      0.00
    0.00      0.00
    0.00      0.00
    0.00      0.00
    0.00      0.00
    0.00      0.00
    0.00      0.00
    0.00      0.00
    0.00      0.00
    0.00      0.00
    0.00      0.00
    0.00      0.00
    0.00      0.00
    0.00      0.00
    0.00      0.00
    0.00      0.00
    0.00      0.00
    0.00      0.00
    0.00      0.00
    0.00      0.00
    0.00      0.00
    0.00      0.00
    0.00      0.00
    0.00      0.00
    0.00      0.00
    0.68      0.00
    0.00      0.00
    0.00      0.00
    0.00      0.00
    0.00      0.00
    0.00      0.00
    0.00      0.00
    0.00      0.00
    0.00      0.00
    0.00      0.00
    0.00      0.00
    0.00      0.00
    0.00      0.00
    0.00      0.00
    0.00      0.00
    0.00      0.00
    0.00      0.00
    0.00      0.00
    0.00      0.00
    0.00      0.00
    0.00      0.00
    0.00      0.00
    0.00      0.00
    0.00      0.00
    0.00      0.00
    0.00      0.00
    0.00      0.00
    0.00      0.00
    0.00      0.00
    0.00      0.00
    0.00      0.00
    0.00      0.00
    0.00      0.00
    0.00      0.00
    0.00      0.00
    0.00      0.00
    0.00      0.00
    0.00      0.00
    0.00      0.00
    0.00      0.00
    2.04      0.00
    0.00      0.00
    0.00      0.00
    0.00      0.00
    0.00      0.00
    0.41      0.00
    0.00      0.00
    0.00      0.00
    0.00      0.00
    0.00      0.00
    0.00      0.00
    0.00      0.00
    0.00      0.00
    0.00      0.00
    0.00      0.00
    0.00      0.00
    0.00      0.00
    0.00      0.00
    0.00      0.00
    0.00      0.00
    0.00      0.00
    0.00      0.00
    0.00      0.00
    0.00      0.00
    0.00      0.00
    0.00      0.00
    0.00      0.00
    0.00      0.00
    0.00      0.00
    0.00      0.00
    0.00      0.00
    0.00      0.00
    0.00      0.00
    0.00      0.00
    0.00      0.00
    0.00      0.00
    0.00      0.00
    0.00      0.00
    0.00      0.00
    0.00      0.00
    0.00      0.00
    0.00      0.00
    0.00      0.00
    0.00      0.00
    0.00      0.00
    0.00      0.00
    0.00      0.00
    0.00      0.00
    0.00      0.00
    0.00      0.00
    0.00      0.00
    0.00      0.00
    0.00      0.00
    0.00      0.00
    0.00      0.00
    0.00      0.00
    0.00      0.00
    0.00      0.00
    0.00      0.00
    0.00      0.00
    0.00      0.00
    0.00      0.00
    0.00      0.00
    0.00      0.00
    0.00      0.00
    0.00      0.00
    0.00      0.00
    0.00      0.00
    0.00      0.00
    0.00      0.00
    0.00      0.00
    0.00      0.00
    0.00      0.00
    0.00      0.00
    0.00      0.00
    0.00      0.00
    0.00      0.00
    0.00      0.00
    0.00      0.00
    0.00      0.00
    0.00      0.00
    0.00      0.00
    0.00      0.00
    0.00      0.00
    0.00      0.00
    0.00      0.00
    0.00      0.00
    0.00      0.00
    0.00      0.00
    0.00      0.00
    0.00      0.00
    0.00      0.00
    0.00      0.00
    0.00      0.00
    0.00      0.00
    0.00      0.00
    0.00      0.00
    0.00      0.00
    0.00      0.00
    0.00      0.00
    0.00      0.00
    0.00      0.00
    0.00      0.00
    0.00      0.00
    0.00      0.00
    0.00      0.00
    0.00      0.00
    0.00      0.00
    0.00      0.00
    0.00      0.00
    0.00      0.00
    0.00      0.00
    0.00      0.00
    0.00      0.00
    0.00      0.00
    0.00      0.00
    0.00      0.00
    0.00      0.00
    0.00      0.00
    0.00      0.00
    0.00      0.00
    0.00      0.00
    0.00      0.00
    0.00      0.00
    0.00      0.00
    0.00      0.00
    0.00      0.00
    0.00      0.00
    0.00      0.00
    0.00      0.00
    0.00      0.00
    0.00      0.00
    0.00      0.00
    0.00      0.00
    0.00      0.00
    0.00      0.00
    0.00      0.00
    0.00      0.00
    0.00      0.00
    0.00      0.00
    0.00      0.00
    0.00      0.00
    0.00      0.00
    0.00      0.00
    0.00      0.00
    0.00      0.00
    0.00      0.00
    0.00      0.00
    0.00      0.00
    0.00      0.00
    0.00      0.00
    0.00      0.00
    0.00      0.00
    0.00      0.00
    0.00      0.00
    0.00      0.00
    0.00      0.00
    0.00      0.00
    0.00      0.00
    0.00      0.00
    0.00      0.00
    0.00      0.00
    0.00      0.00
    0.00      0.00
    0.00      0.00
    0.00      0.00
    0.00      0.00
    0.00      0.00
    0.00      0.00
    0.00      0.00
    0.00      0.00
    0.00      0.00
    0.00      0.00
    0.00      0.00
    0.00      0.00
    0.00      0.00
    0.00      0.00
    0.00      0.00
    0.00      0.00
    0.00      0.00
    0.00      0.00
    0.00      0.00
    0.00      0.00
    0.00      0.00
    0.00      0.00
    0.00      0.00
    0.00      0.00
    0.00      0.00
    0.00      0.00
    0.00      0.00
    0.00      0.00
    0.00      0.00
    0.00      0.00
    0.00      0.00
    0.00      0.00
    0.00      0.00
    0.00      0.00
    0.00      0.00
    0.00      0.00
    0.00      0.00
    0.00      0.00
    0.00      0.00
    0.00      0.00
    0.00      0.00
    0.00      0.00
    0.00      0.00
    0.00      0.00
    0.00      0.00
    0.00      0.00
    0.00      0.00
    0.00      0.00
    0.00      0.00
    0.00      0.00
    0.00      0.00
    0.00      0.00
    0.00      0.00
    0.00      0.00
    0.00      0.00
    0.00      0.00
    0.00      0.00
    0.00      0.00
    0.00      0.00
    0.00      0.00
    0.00      0.00
    0.00      0.00
    0.00      0.00
    0.00      0.00
    0.00      0.00
    0.00      0.00
    0.00      0.00
    0.00      0.00
    0.00      0.00
    0.00      0.00
    0.00      0.00
    0.00      0.00
    0.00      0.00
    0.00      0.00
    0.00      0.00
    0.00      0.00
    0.00      0.00
    0.00      0.00
    0.00      0.00
    0.00      0.00
    0.00      0.00
    0.00      0.00
    0.00      0.00
    0.00      0.00
    0.00      0.00
    0.00      0.00
    0.00      0.00
    0.00      0.00
    0.00      0.00
    0.00      0.00
    0.00      0.00
    0.00      0.00
    0.00      0.00
    0.00      0.00
    0.00      0.00
    0.00      0.00
    0.00      0.00
    0.00      0.00
    0.00      0.00
    0.00      0.00
    0.00      0.00
    0.00      0.00
    0.00      0.00
    0.00      0.00
    0.00      0.00
    0.00      0.00
    0.00      0.00
    0.00      0.00
    0.00      0.00
    0.00      0.00
    0.00      0.00
    0.00      0.00
    0.00      0.00
    0.00      0.00
    0.00      0.00
    0.00      0.00
    0.00      0.00
    0.00      0.00
    0.00      0.00
    0.00      0.00
    0.00      0.00
    0.00      0.00
    0.00      0.00
    0.00      0.00
    0.00      0.00
    0.00      0.00
    0.00      0.00
    0.00      0.00
    0.00      0.00
    0.00      0.00
    0.00      0.00
    0.00      0.00
    0.00      0.00
    0.00      0.00
    0.00      0.00
    0.00      0.00
    0.00      0.00
    0.00      0.00
    0.00      0.00
    0.00      0.00
    0.00      0.00
    0.00      0.00
    0.00      0.00
    0.00      0.00
    0.00      0.00
    0.00      0.00
    0.00      0.00
    0.00      0.00
    0.00      0.00
    0.00      0.00
    0.00      0.00
    0.00      0.00
    0.00      0.00
    0.00      0.00
    0.00      0.00
    0.00      0.00
    0.00      0.00
    0.00      0.00
    0.00      0.00
    0.00      0.00
    0.00      0.00
    0.00      0.00
    0.00      0.00
    0.00      0.00
    0.00      0.00
    0.00      0.00
    0.00      0.00
    0.00      0.00
    0.00      0.00
    0.00      0.00
    0.00      0.00
    0.00      0.00
    0.00      0.00
    0.00      0.00
    0.00      0.00
    0.00      0.00
    0.00      0.00
    0.00      0.00
    0.00      0.00
    0.00      0.00
    0.00      0.00
    0.00      0.00
    0.00      0.00
    0.00      0.00
    0.00      0.00
    0.00      0.00
    0.00      0.00
    0.00      0.00
    0.00      0.00
    0.00      0.00
    0.00      0.00
    0.00      0.00
    0.00      0.00
    0.00      0.00
    0.00      0.00
    0.00      0.00
    0.00      0.00
    0.00      0.00
    0.00      0.00
    0.00      0.00
    0.00      0.00
    0.00      0.00
    0.00      0.00
    0.00      0.00
    0.00      0.00
    0.00      0.00
    0.00      0.00
    0.00      0.00
    0.00      0.00
    0.00      0.00
    0.00      0.00
    0.00      0.00
    0.00      0.00
    0.00      0.00
    0.00      0.00
    0.00      0.00
    0.00      0.00
    0.00      0.00
    0.00      0.00
    0.00      0.00
    0.00      0.00
    0.00      0.00
    0.00      0.00
    0.00      0.00
    0.00      0.00
    0.00      0.00
    0.00      0.00
    0.00      0.00
    0.00      0.00
    0.00      0.00
    0.00      0.00
    0.00      0.00
    0.00      0.00
    0.00      0.00
    0.00      0.00
    0.00      0.00
    0.00      0.00
    0.00      0.00
    0.00      0.00
    0.00      0.00
    0.00      0.00
    0.82     26.15
   25.76     20.55
   47.76     33.08
   12.40      1.45
    1.58      0.00
    0.00      0.00
    0.00      0.00
    0.00      0.00
    0.00      0.00
    0.00      0.00
    0.00      1.11
  255.18     56.11
 1329.31    499.89
 1128.04   1133.33
 1195.20   2139.97
 1075.59   1072.37
  463.40    597.29
  481.07    283.81
  367.16    126.24
  264.10     88.20
   78.41      6.49
   13.79      0.00
   11.98      0.00
    3.03      0.00
    0.00      0.00
    0.00      0.00
    0.00      0.00
    0.00      0.00
    0.00      0.00
    0.00      0.00
    0.00      0.00
    0.00      0.00
    0.00      0.00
    0.00      0.00
    0.00      0.00
    0.00      0.00
    0.00      0.00
    0.00      0.00
    0.00      0.00
    0.00      0.00
    0.00      0.00
    0.00      0.00
    0.00      0.00
    0.00      0.00
    0.00      0.00
    0.00      0.00
    0.00      0.00
    0.00      0.00
    0.00      0.00
    0.00      0.00
    0.00      0.00
    0.41      0.41
    0.00      0.00
    0.00      0.00
    0.00      0.00
    0.00      0.00
    0.00      0.00
    0.00      0.00
    0.00      0.00
    0.00      0.00
    0.00      0.00
    0.00      0.00
    0.00      0.00
    0.00      0.00
   44.20     74.62
  195.24    257.28
  106.83    133.15
  195.11    139.02
   92.75     75.64
   74.82    133.81
   61.12     17.31
    2.15      0.00
   72.82     18.06
   29.45     29.57
    0.00      0.00
    0.00      0.00
    1.44      0.00
    0.72      0.00
    0.00      0.00
    0.00      0.00
    0.00      0.00
    0.00      0.00
    0.00      0.00
    0.00      0.00
    0.00      0.00
    0.00      0.00
    0.00      0.00
    0.00      0.00
    0.00      0.00
    0.00      0.00
    0.00      0.00
    0.00      0.00
    0.00      0.00
    0.00      0.00
    0.00      0.00
    0.00      0.00
    0.00      0.00
    0.00      0.00
    0.00      0.00
    0.00      0.00
    0.41      0.00
    0.00      0.00
    0.00      0.00
    0.00      0.00
    0.00      0.00
    0.00      0.00
    0.00      0.00
    0.00      0.00
    0.00      0.00
    0.00      0.00
   29.89     41.58
  159.51    199.21
  149.97    160.30
   69.71    123.27
  217.59    201.65
  204.54    255.64
  281.79    206.56
  292.28    250.80
  313.69    208.16
   97.76     92.00
  204.77    126.08
   44.88     33.57
   50.34     62.62
   17.60     17.03
    0.72      0.00
   74.89     18.47
   29.59     30.43
    0.00      0.00
    0.72      0.00
    0.72      0.00
    0.72      0.00
    0.00      0.00
    0.00      0.00
    0.00      0.00
    0.00      0.00
    0.00      0.00
    0.00      0.00
    0.00      0.00
    0.00      0.00
    0.00      0.00
    0.00      0.00
    0.00      0.00
    0.00      0.00
    0.00      0.00
    0.00      0.00
    0.00      0.00
    0.00      0.00
    0.00      0.00
    0.00      0.00
    0.00      0.00
    0.00      0.00
    0.00      0.00
    0.00      0.00
    0.00      0.00
    0.00      0.00
    0.00      0.00
    0.00      0.00
    0.00      0.00
    0.00      0.00
    0.00      0.00
    0.00      0.00
    0.00      0.00
    0.00     15.10
   15.09      1.49
   32.35     31.60
   62.22    122.39
  169.75    113.89
   65.09    108.29
   47.27    107.17
  152.54     65.16
  121.53    171.82
   82.54     62.44
   77.20     78.76
   29.99     31.50
   20.16      0.71
   48.63     77.17
    0.72      0.00
    0.00      0.00
   75.94     18.68
   29.99     30.10
    0.00      0.00
    0.72      0.00
    0.72      0.00
    0.72      0.00
    0.00      0.00
    0.00      0.00
    0.00      0.00
    0.00      0.00
    0.00      0.00
    0.00      0.00
    0.00      0.00
    0.00      0.00
    0.00      0.00
    0.00      0.00
    0.00      0.00
    0.00      0.00
    0.00      0.00
    0.00      0.00
    0.00      0.00
    0.00      0.00
    0.00      0.00
    0.00      0.00
    0.00      0.00
    0.00      0.00
    0.00      0.00
    0.00      0.00
    0.00      0.00
    0.00      0.00
    0.00      0.00
    0.00      0.00
   15.59     26.50
  149.34    230.09
  102.17    118.05
  168.50    213.90
   61.35     25.50
  163.28     84.83
  168.75    184.74
  270.06    174.82
  186.44    129.11
   66.65    106.82
  157.08    100.87
  123.15    129.08
  112.49     81.87
   48.69     31.50
   86.36     94.80
   45.75     46.60
   17.01      0.00
   48.25     18.06
    1.44     60.45
    0.00      0.00
    0.72      0.00
   90.85     33.95
    0.00      0.00
   15.10     15.89
    0.72      0.00
    0.72      0.00
    0.72      0.00
    0.00      0.00
    0.00      0.00
    0.00      0.00
    0.00      0.00
    0.00      0.00
    0.00      0.00
    0.00      0.00
    0.00      0.00
    0.00      0.00
    0.00      0.00
    0.00      0.00
    0.00      0.00
    0.00      0.00
    0.00      0.00
    0.00      0.00
    0.00      0.00
    0.00      0.00
    0.00      0.00
    0.00      0.00
    0.00      0.00
    0.00      0.00
    0.00      0.00
    0.00      0.00
    0.00      0.00
    0.00      0.65
    0.00      0.00
    1.37      0.74
    2.75     16.40
   29.38     18.63
   19.28     18.48
    8.24     35.62
   60.96     47.30
   45.84     33.05
   19.93     50.62
   33.50      3.41
   23.13     38.46
    4.05      5.63
   18.65      1.37
    2.75      0.72
   18.39     17.87
   15.65     34.18
   15.72     15.79
   15.80      0.00
    4.95      3.47
    0.72      1.31
    0.00      0.00
    0.00      0.00
    4.19      0.72
    0.00      0.72
    0.65      0.72
    0.00      0.00
    0.00      0.00
    0.00      0.00
    0.00      0.00
    0.00      0.00
    0.00      0.00
    0.00      0.00
    0.00      0.00
    0.00      0.00
    0.00      0.00
    0.00      0.00
    0.00      0.00
    0.00      0.00
    0.00      0.00
    0.00      0.00
    0.00      0.00
    0.00      0.00
    0.00      0.00
    0.00      0.00
    0.00      0.00
    0.00      0.00
    0.00      0.00
    0.00      0.00
   45.92     77.48
  170.51    260.29
  135.18    138.69
  123.92    153.46
   77.56     44.12
   99.62     49.76
   85.25     75.38
  127.02     62.16
   59.28     55.50
  344.86    233.77
   61.77     39.77
   58.30     67.66
   35.74      7.59
    4.12      4.71
    6.87     20.01
   18.26     18.32
   16.60      2.03
    2.16      0.65
    2.75      2.09
   16.48     31.64
   15.83     16.56
   15.10     15.16
   17.26      0.72
    4.04      1.37
    0.72      3.54
    0.00      0.00
    0.00      0.65
    1.44      0.00
    0.00      0.00
    0.72      0.00
    0.00      0.00
    0.00      0.00
    0.00      0.00
    0.00      0.00
    0.00      0.00
    0.00      0.00
    0.00      0.00
    0.00      0.00
    0.00      0.00
    0.00      0.00
    0.00      0.00
    0.00      0.00
    0.00      0.00
    0.00      0.00
    0.00      0.00
    0.00      0.00
    0.00      0.00
    0.00      0.00
    0.00      0.00
    0.00      0.00
    0.00      0.00
    0.00      0.65
    0.00      0.00
    0.74      0.65
    2.75      2.10
    0.00     14.37
   33.79     18.99
   33.01     50.86
   22.01     18.55
   46.69     49.77
   51.13     91.98
   80.90     38.49
   32.14     33.38
   19.29      3.54
    4.11      3.47
    4.64      6.80
    4.26      3.54
   18.39     16.49
    1.44      1.37
    0.65      1.37
    2.75      2.10
    0.00      0.00
    2.75      2.75
    0.65      3.33
    0.65      0.72
    1.37      0.72
    1.37      0.72
    3.54      0.72
    0.00      0.00
    0.65      0.72
    0.00      0.00
    0.00      0.00
    0.00      0.00
    0.00      0.00
    0.00      0.00
    0.00      0.00
    0.00      0.00
    0.00      0.00
    0.00      0.00
    0.41      0.00
    0.00      0.00
    0.00      0.00
    0.00      0.00
    0.00      0.00
    0.00      0.00
    0.00      0.00
    0.00      0.00
    0.00      0.00
    0.00      0.00
   15.62     26.49
  144.44    198.41
  118.32    137.01
  124.74    181.43
   55.78     32.76
  117.16     81.72
   68.95     64.45
  166.80    135.32
  135.38     67.35
  125.79    142.30
   75.15     43.49
  169.08    130.05
   75.44     68.72
   59.71     35.54
   49.88     22.09
   17.91     17.84
    2.88      2.61
    4.70      5.49
    6.87      5.56
    1.44      0.72
   17.27     16.54
    0.00      0.65
    2.03      0.65
    2.10      3.47
    0.00      0.65
    1.44      0.65
    1.37      1.37
    3.33      3.54
    1.37      0.65
    0.72      1.37
    0.72      0.00
    0.72      0.00
    0.00      0.00
    0.72      0.00
    0.00      0.00
    0.00      0.00
    0.00      0.00
    0.00      0.00
    0.00      0.00
    0.00      0.00
    0.00      0.00
    0.00      0.00
    0.00      0.00
    0.00      0.00
    0.00      0.00
    0.00      0.00
    0.00      0.00
    0.00      0.00
    0.00      0.00
    0.00      0.00
    0.00      0.00
    0.00      0.00
    0.00      0.00
    0.65      1.39
    1.37     15.68
    2.11      1.44
   29.94     15.57
   17.12     17.77
   32.34     35.01
   34.08     61.82
   19.21      2.81
   33.65     35.10
   51.97     79.58
   62.07     53.86
   19.23     19.11
   18.62      2.88
   19.76      4.27
    2.75      3.40
    0.72      4.64
    8.90      5.70
    4.84      3.47
    0.00      0.00
    2.12      1.37
    0.65      1.37
    0.00      0.00
    3.40      2.82
    0.65      1.37
    1.38      3.34
    0.65      1.37
    0.72      0.00
    3.54      0.72
    2.03      1.44
    0.00      0.00
    0.65      0.72
    0.00      0.00
    0.00      0.00
    0.00      0.00
    0.00      0.00
    0.00      0.00
    0.00      0.00
    0.00      0.00
    0.00      0.00
    0.00      0.00
    0.00      0.00
    0.00      0.00
    0.00      0.00
    0.00      0.00
    0.00      0.00
    0.00      0.00
    0.00      0.00
   31.22     53.01
  160.68    228.07
   78.80     96.67
  128.97    211.29
   80.69     67.16
   26.46      2.82
  108.19     92.07
   77.25     32.74
  103.19     78.19
  126.07     62.35
   72.91     51.17
  111.61     79.31
   86.90     53.66
   56.11     55.39
   61.90     57.55
   93.33     51.82
   19.82     33.35
    2.82      1.36
   32.10      2.83
    3.40      6.73
    6.87      5.63
    4.19      1.44
    2.75      3.40
    0.72      0.65
    1.44      0.00
    1.37      2.68
    0.00      0.65
    2.75      2.10
    0.00      0.65
    2.09      1.37
    3.33      2.88
    0.71      1.31
    0.00      0.00
    1.37      0.65
    1.44      0.72
    0.00      0.00
    0.72      0.00
    0.00      0.00
    0.00      0.00
    0.00      0.00
    0.00      0.00
    0.00      0.00
    0.00      0.00
    0.00      0.00
    0.00      0.00
    0.00      0.00
    0.00      0.00
    0.00      0.00
    0.00      0.00
    0.00      0.00
    0.00      0.00
    0.00      0.65
    0.00      0.00
    0.75      0.00
    2.10      2.03
   15.03     29.52
   15.83     15.16
   31.68     32.76
   17.81      3.47
   34.20     50.65
   48.82     33.02
    3.47      2.75
   19.05     19.10
   19.93     50.11
   31.10     32.52
   49.31     25.39
    8.64      2.88
    3.47     15.82
   15.08     17.02
    2.03      3.40
   14.99     19.77
   21.27      5.56
    5.50      2.82
    4.26      1.37
    1.31      3.47
    1.37      0.72
    0.72      0.00
    1.37      1.37
    0.65      0.00
    2.68      3.47
    0.00      3.33
    1.37      0.72
    1.37      0.00
    3.95      1.13
    0.00      1.37
    0.00      0.00
    2.03      1.44
    0.00      0.00
    0.00      0.00
    0.00      0.00
    0.00      0.00
    0.00      0.00
    0.00      0.00
    0.00      0.00
    0.00      0.00
    0.00      0.00
    0.00      0.00
    0.00      0.00
    0.00      0.00
    0.00      0.00
   15.53      0.73
  133.44    247.74
   68.38     48.39
   60.09    233.11
   62.21     57.95
   96.63     80.11
  129.82     70.01
   84.07     58.62
  182.37    115.34
   93.43     38.66
  152.40    103.94
   70.71     42.58
  170.07    105.34
   28.04     56.72
   28.97     21.24
   45.19     78.57
   80.41     43.58
   19.09      3.47
   11.03     17.89
   17.89      2.24
    2.68     17.20
    3.33      4.84
    2.82      2.75
   18.50     20.01
   17.91      2.82
    2.09      2.03
    2.08      1.37
    1.37      1.37
    1.44      0.65
    0.72      1.31
    0.00      0.00
    3.40      2.75
    1.37      1.37
    2.68      3.54
    0.72      0.00
    0.72      0.65
    0.00      0.65
    0.72      0.00
    0.00      0.00
    2.10      0.72
    0.00      0.00
    0.00      0.00
    0.00      0.00
    0.00      0.00
    0.00      0.00
    0.00      0.00
    0.00      0.00
    0.00      0.00
    0.00      0.00
    0.00      0.00
    0.00      0.00
    0.00      0.65
    0.00      0.00
    0.74      0.00
    2.75      2.03
    0.00      1.37
   29.46     30.25
    2.81      2.68
   17.73     45.74
   45.86     19.94
    6.94     35.58
   35.74     32.94
   47.15     50.11
   48.25     34.00
   20.66      4.83
    4.19     17.76
   19.00     23.94
    7.73     18.47
   21.45      3.59
   17.01     32.21
   31.57      2.75
    0.00      2.61
    4.91      2.75
    4.12      3.47
    0.72      1.31
    4.71      4.19
    2.75      2.83
    2.75      2.75
    1.37      1.37
    2.10      0.72
    0.72      0.00
    0.65      2.03
    0.65      3.33
    2.03      2.10
    0.65      0.72
    2.09      0.72
    3.54      0.72
    0.00      0.00
    0.00      0.00
    0.65      1.37
    0.00      0.00
    0.65      0.00
    0.72      0.72
    0.00      0.00
    0.00      0.00
    0.00      0.00
    0.00      0.00
    0.00      0.00
    0.00      0.00
   15.63     26.52
  135.05    153.91
   90.70    160.06
   81.28    238.84
  100.97    113.33
   20.50      4.18
   87.32     69.98
   14.22     17.96
  156.47    101.72
    9.63      2.80
  155.78    133.35
   46.43      8.58
  205.22    141.09
   80.06     40.76
   95.29     92.26
   67.75     66.61
   29.55     21.45
   20.78      4.20
   22.24      7.84
    3.40     20.28
    4.26      2.03
    2.16     30.20
   32.13      2.17
   32.94     20.07
    1.96      2.75
    2.82      2.10
    2.16      1.96
    3.02      3.88
    3.47      3.47
    2.09      0.65
    1.37      2.75
    2.75      2.10
    0.72      0.65
    0.72      0.65
    0.72      0.65
    1.37      1.31
    5.36      2.82
    0.72      3.54
    0.72      0.00
    0.72      0.65
    0.72      0.00
    0.00      0.00
    0.00      0.65
    0.72      0.00
    0.00      0.00
    1.37      0.72
    0.00      0.00
    0.00      0.00
    0.00      0.00
    0.00      0.00
    0.00      0.00
    0.00      0.00
    0.00      0.65
    0.00      0.00
    0.74      0.65
    2.75     16.47
    0.72      0.65
   28.80     15.89
   32.09     32.79
    4.27      1.37
    1.31     32.73
   18.63      2.82
   19.29      5.48
   36.81     65.76
   18.74     45.83
   78.79     37.96
   19.20     32.11
   32.82     21.84
   21.29      8.77
    7.07      3.60
    6.29     17.03
   19.12      3.59
    0.00     16.36
    1.43      3.26
    0.72      0.65
   19.84      3.55
    5.50      4.26
    0.00      1.31
    0.65      1.31
    4.77      4.26
    3.47      2.03
    0.65      2.09
    1.37      0.72
    2.09      1.37
    0.65      1.37
    1.37      1.37
    0.65      3.99
    0.72      0.65
    3.40      2.16
    4.26      0.72
    0.65      0.72
    0.00      0.00
    0.00      0.00
    0.65      0.72
    0.00      0.00
    0.00      0.65
    0.00      0.00
    0.00      0.00
    1.37      0.72
    0.00      0.00
   41.39     47.06
  105.96    154.26
  112.15    152.36
   36.28    160.12
   94.50    114.30
   45.17     46.86
   95.79    111.16
   82.57     10.76
   64.88     45.43
  116.54     81.49
   31.92      6.40
   99.63     69.18
  132.18    105.74
  110.19     50.52
  127.60    137.90
   75.68     69.28
   90.98     37.62
   41.56     52.58
   21.36     18.92
   38.07     23.59
    4.12      5.50
   19.03      4.11
    3.61      0.00
    2.75     15.82
   15.75      2.81
    1.31     17.85
    2.81      2.68
    1.37      0.00
   19.36      3.56
    0.65      3.33
    4.06      3.47
    2.09      1.44
    3.40      3.40
    0.72      0.72
    2.16      0.00
    0.65      2.03
    0.00      0.00
    0.65      0.65
    1.37      3.40
    3.98      3.54
    1.37      2.09
    2.16      0.00
    0.72      0.65
    0.72      0.00
    0.00      0.00
    0.00      0.00
    0.72      0.00
    0.00      0.00
    0.00      0.65
    0.00      0.00
    1.37      0.72
    0.00      0.00
    0.00      0.00
    0.65      1.39
    2.52      1.71
    1.37     15.81
   15.89      0.65
    0.00      0.72
   16.38     47.14
   34.02      3.54
    2.03      3.47
    2.75     18.43
    2.88     15.74
   34.08     35.71
   34.30     64.65
   65.92     36.20
   35.09     49.80
   34.40      6.38
   34.83     21.22
    4.12      7.45
    5.63     19.11
   22.60     18.47
    4.70      5.04
    2.15      2.03
   17.22      1.37
    0.00      1.96
    2.03      2.09
    3.40      2.09
    0.72      2.03
    2.09      0.72
    0.65      2.03
    2.75      2.74
    5.36      4.19
    2.16      1.44
    1.96      2.82
    0.72      0.65
    0.72      0.00
    1.37      0.00
    0.65      1.37
    0.00      3.33
    0.00      1.31
    3.98      2.82
    3.61      1.44
    1.37      0.72
    0.72      0.00
    0.00      0.00
    0.65      0.72
    0.00      0.00
    0.00      0.00
    0.00      0.00
   31.21     53.66
  121.16    179.49
   14.41     77.05
   96.95    323.95
   97.48     99.01
   29.46     29.38
   60.53     53.09
   77.74     55.80
  101.25     69.01
  113.08     60.90
  149.15    110.15
   49.09     41.50
  101.86     95.55
   99.24     80.28
   69.05     79.63
  120.55     67.81
   53.59     53.07
   20.58     36.15
   18.58     19.23
   77.76     43.92
   43.49     19.41
    6.93      6.79
    2.24      4.05
    5.63     17.92
   19.30     17.99
    1.44      0.65
    1.31      1.37
   17.92      4.19
    0.72      0.00
    1.44      1.31
    0.65      0.65
    1.38      2.75
    0.72      3.26
    4.78      2.82
    4.12      4.19
    2.16      0.00
    2.75      1.37
    0.00      1.37
    0.72      0.65
    0.00      0.00
    1.37      0.00
    0.72      2.03
    2.61      4.19
    1.31      0.65
    2.82      2.82
    0.72      0.65
    0.72      0.00
    0.72      0.00
    0.00      0.00
    0.72      0.00
    0.00      0.00
    0.00      0.00
    0.00      0.65
    0.00      0.65
    3.49      2.03
    2.08      2.09
    0.00      0.00
    0.00      0.00
    1.37     16.96
   17.80     17.16
   32.71     18.56
   17.53     21.00
   19.99     30.87
   33.25     32.67
   19.12     35.68
   31.40     47.64
   67.72     50.74
   37.21      8.38
    2.10      2.68
    6.81     37.55
   20.49     23.25
   21.98     19.29
   37.29      2.15
    4.64      4.19
    1.37      5.50
    3.47      2.75
    2.75      1.38
    0.65      2.68
    2.75      1.44
    2.16      0.72
    0.72      0.65
    0.00      0.00
    2.03      2.09
    0.65      2.03
    1.31      3.33
    5.36      4.26
    2.82      2.82
    2.82      0.72
    1.37      1.37
    0.41      0.00
    1.37      1.37
    0.65      2.68
    0.00      0.65
    0.72      0.00
    1.31      2.09
    4.85      1.38
    0.72      1.44
    1.37      0.65
    0.00      0.72
   16.22     27.16
  103.31    107.55
  151.74    227.52
   19.42     81.26
   83.32    208.14
   42.78     19.67
   11.21     17.13
   70.75     82.51
   41.57     76.45
   36.12     40.46
  103.86     71.80
  166.26    100.93
   88.33     50.34
   87.70     86.96
  166.32    128.37
   99.29     84.17
  137.40    110.79
  108.07     91.86
   32.06     23.93
   62.74      8.29
    3.46      5.43
    7.46      5.43
   22.64     38.80
    5.57     34.03
   31.99      5.48
    4.92      1.37
   19.36      2.82
    0.65      3.40
    2.03      2.09
    4.12      3.40
    2.10      1.44
    2.10      0.72
    0.00      0.00
    0.00      1.31
    0.65      0.65
    1.44      2.03
    0.65      3.33
    4.06      3.40
    4.92      2.82
    2.09      1.44
    0.00      0.00
    2.09      2.68
    0.00      0.00
    0.72      0.00
    1.37      0.72
    3.33      2.75
    0.00      2.10
    0.00      0.65
    2.75      1.37
    1.44      1.37
    0.72      0.00
    0.00      0.00
    0.65      2.03
    0.72      0.00
    2.11      1.39
    2.75      2.09
   15.10     30.20
   14.43      0.72
    0.72      0.00
    1.37      1.96
    2.09      2.09
   17.77     18.26
   17.85     20.55
   20.66     19.94
    4.91     29.40
   17.71     21.29
   32.80     32.82
   91.49     95.55
   37.91     35.71
   19.98     19.65
   34.63      6.29
    6.87      6.87
    6.87      9.42
    6.88      4.98
    7.07     17.08
    1.96      4.12
   19.76      6.28
    3.54      0.72
    1.31      2.03
    1.38      4.06
    4.12      2.82
    2.82      2.03
    1.37      0.72
    0.00      0.00
    1.44      0.65
    0.65      0.72
    2.03      2.09
    0.65      1.31
    1.31      3.47
    5.18      4.19
    2.82      1.37
    1.37      0.72
    0.65      0.72
    0.65      1.37
    2.03      1.37
    1.13      3.74
    0.00      0.00
    1.37      0.00
    3.54      1.44
    0.65      1.37
    0.65      1.37
  166.20    169.32
    8.64    127.95
   76.91    147.29
   42.88    105.02
   24.94     24.92
   81.51     60.53
   90.83     93.51
   54.35     11.76
  106.76     76.62
   59.91     37.50
   34.28     72.44
  153.44    106.34
   67.16     49.79
  101.14    106.17
   87.97     45.02
   55.98     52.50
  144.75    128.95
   75.06     47.21
   63.61     76.70
  104.52     67.24
   62.57     31.65
   34.02      9.97
   10.56      8.39
    7.65      6.22
    2.75     18.44
   19.93      4.99
    2.09      2.75
    2.82      0.65
    2.03      2.09
    2.03      4.12
    3.40      3.47
    2.10      0.72
    1.44      0.00
    1.31      2.03
    0.00      0.72
    0.72      1.31
    2.09      2.03
    0.00      0.65
    2.75      2.68
    4.05      4.84
    4.22      1.44
    0.72      0.00
    0.00      0.65
    0.72      1.31
    1.31      2.10
    0.65      0.72
    2.87      1.31
    2.61      2.88
    0.00      0.65
    0.72      0.00
    0.72      0.65
    1.37      1.96
    0.72      0.72
    4.14      2.77
    1.37      2.09
    1.44      0.00
    0.00      0.00
    0.65     15.65
   17.09     19.19
   16.43      1.44
    4.04     18.64
    2.75      3.40
   17.84     33.51
   36.21     18.81
   18.57     46.70
   31.56      2.81
   16.55     19.81
   23.42     20.94
   17.93     32.37
   19.13     51.25
   20.34      6.15
   20.64     21.86
   67.89     53.72
    4.19      4.19
   22.04      3.47
    5.50      5.50
    4.77      2.09
    3.47      4.91
    2.10      2.03
    0.00      0.00
    3.40      3.98
    3.36      2.88
    3.54      1.37
    0.72      1.37
    0.72      0.00
    0.65      0.65
    1.37      2.09
    1.31      0.72
    2.91      2.75
    1.31      2.03
    1.31      2.75
    5.56      2.82
    2.09      1.44
    0.00      0.00
    0.00      0.00
    0.65      0.65
    1.31      3.47
    0.00      2.61
    2.10      0.72
  122.88    163.15
   84.13    140.66
  122.05    215.79
   91.93    111.53
   46.09     34.20
   10.25      2.64
   22.41     22.17
   21.42     52.24
    8.50      0.72
   33.51     38.53
   24.00     18.70
   85.73     61.41
  123.63     62.53
   82.90     87.20
  126.15    106.31
   96.75     76.71
   16.96     19.14
  154.79     89.61
   88.71     88.11
   68.74     42.54
    3.55      3.40
    4.18     35.34
    7.53     35.09
   50.77     11.14
   22.99     20.44
   50.26     50.19
    1.38      3.40
    6.15      5.57
   20.16      2.68
    4.85      2.89
    0.72      0.65
    1.31      2.10
    2.68      2.68
    1.37      2.82
    2.75      2.10
    2.10      0.72
    0.00      0.65
    1.37      0.72
    1.13      2.37
    0.65      1.31
    2.10      2.10
    2.75      1.31
    1.37      2.82
    4.84      4.12
    1.37      0.72
    0.72      0.00
    0.72      1.31
    0.00      0.00
    0.65      1.38
    1.37      1.37
    3.33      0.65
    0.72      3.54
    1.37      1.37
    0.65      1.39
   18.58     18.49
    2.16      1.96
    1.36      0.00
    1.44      0.72
    0.00      0.00
    2.09      2.68
    2.75      0.72
    2.61      3.47
   16.82     18.41
   33.35     37.65
    7.79     15.74
   47.89     34.01
   19.12     34.93
    2.87     31.74
   46.59     34.80
   50.86     35.59
    6.35      2.75
   17.03     33.46
   19.76      5.42
    4.77     21.87
    8.16      8.89
   37.89     21.99
    4.26      2.03
    3.40      3.40
   19.95     19.35
    4.70      4.84
    3.60      1.37
    2.75      2.75
    1.37      2.68
    1.37      0.72
    3.47      2.75
    0.72      0.65
    1.37      2.03
    2.75      1.44
    0.65      0.72
    1.37      0.00
    1.37      2.10
    0.65      1.96
    2.03      2.82
    1.31      2.76
    4.19      1.31
    3.40      2.88
    1.44      0.72
    0.00      0.00
    0.00      0.00
    1.31      2.09
  127.54    174.65
   35.00     79.60
   35.95    207.49
    4.35     27.10
  107.07    113.71
   71.33     51.18
   20.61     77.52
   68.67     36.44
   62.86     38.60
   77.43     49.54
  112.93     70.41
   53.03     55.47
   85.35     59.69
   72.08     64.20
   57.34     53.35
  114.94     99.92
   17.82     64.77
  145.84     83.65
   89.91     92.58
  139.35    101.33
  132.75     71.32
   52.21     23.57
   13.06     19.59
   32.25     39.58
   22.77     23.99
   10.87      8.52
   20.79     17.93
    1.38      2.68
    4.12      4.12
    3.40      3.40
    3.98      4.26
    4.33      2.03
    0.65      2.03
    2.68      2.09
    3.47      2.16
    1.37      0.65
    0.00      0.72
    1.38      2.68
    0.00      0.65
    3.40      2.82
    1.44      0.65
    0.72      1.31
    0.72      1.31
    2.68      2.82
    2.03      2.75
    2.75      1.30
    3.47      3.54
    1.44      0.00
    0.72      0.65
    0.00      0.65
    0.00      0.65
    0.65      1.37
    2.16      0.65
    4.73      4.26
    1.37      2.68
    1.85      1.06
    0.00      0.00
   16.45     16.37
    0.65      2.03
    4.19      2.68
   17.54     16.60
    4.12      0.72
    1.31      4.12
   19.21     21.16
   22.17     20.62
   18.64     60.38
   33.29      4.19
   15.74     31.47
   49.34     37.80
   20.63     66.99
   51.36     34.08
   19.28      3.40
   19.28      4.84
    4.84      4.91
   33.80     37.47
    7.00      7.45
    8.20      8.42
    6.35      2.75
    3.40      3.47
    2.75      2.68
    2.75      2.82
    4.12      4.07
    1.38      2.09
    3.47      2.75
    2.75      3.40
    2.03      1.44
    2.89      0.00
    0.65      1.37
    1.13      0.00
    1.31      2.68
    0.65      1.37
    2.03      2.16
    2.10      0.72
    0.72      1.96
    2.68      2.10
    1.37      1.44
    0.72      1.96
    4.05      3.47
    2.05      2.18
  155.73    101.24
   13.71    156.50
    7.48     78.77
   21.88    183.78
  111.27    105.72
   37.25     50.00
   34.98     11.78
   17.21     63.40
   44.98     55.39
   24.29     15.90
   86.04     56.08
  136.53     87.86
   62.15     58.22
  118.67    116.68
   58.26     47.33
   56.40     45.38
   36.54     51.90
   93.04     63.79
   79.45     53.89
   75.29     77.35
  115.95     91.20
  104.83     77.35
   68.50     51.19
   21.41     27.56
    4.19      5.49
   18.26      3.99
   25.08     23.88
   23.92     23.39
    4.93      4.86
    2.75      2.09
    3.54      2.03
    4.05      4.84
    2.03      1.37
    2.83      2.77
    2.03      3.40
    2.10      1.37
    4.06      3.47
    0.65      1.44
    3.54      0.72
    0.65      1.37
    0.72      0.65
    0.00      1.31
    1.37      1.37
    2.75      2.03
    0.65      1.37
    2.82      2.68
    1.31      1.44
    2.10      1.44
    0.72      1.96
    2.75      3.42
    2.70      2.86
    2.20      0.00
    1.46      1.31
    0.65      0.65
    2.75      2.09
    2.82      2.75
    2.61      2.16
    0.00      2.03
    0.72      0.00
    0.72      1.96
    5.50      2.10
    0.00      2.09
   17.07     15.78
    2.82      4.77
    4.05      6.59
    8.38     22.05
   35.83     18.56
   17.92     18.58
    6.29     17.74
   30.88     35.22
   53.06     49.26
   48.60     53.07
    9.12     35.27
   34.83     33.25
   37.34      7.02
    8.17      5.56
    2.10     22.47
   21.86     22.66
   24.07      7.71
   20.69     17.92
    5.50      4.26
    1.38      3.40
    2.16      0.65
    3.33      2.68
    3.49      3.56
    1.37      2.03
    2.82      3.40
    1.96      1.37
    2.16      2.75
    1.38      0.72
    1.38      1.38
    2.10      0.72
    2.03      0.72
    0.00      2.03
    0.65      0.72
    2.03      2.68
    1.37      1.37
    3.47      2.75
    2.03      2.16
   57.72     49.24
  126.08    226.35
   41.16     68.06
   26.11    195.59
   31.23     45.30
   58.42     63.57
  103.16    116.17
   54.18     40.16
   47.54     47.98
   93.95      2.12
   50.15     68.86
   21.58      6.31
   63.32     51.10
   27.12     37.58
   74.85     61.38
  148.12     67.25
   55.03     81.40
  137.29     79.55
   67.21     75.86
   52.32     62.77
  102.33     89.94
   41.76     34.69
  193.73    175.67
   70.53     21.38
   46.36     52.92
   79.67     30.44
   32.99     26.62
    7.73      3.40
   19.69     22.20
    6.94     22.80
    6.19      6.83
   20.76      4.94
    4.19      0.72
    2.75      2.16
    0.65      1.96
    1.31      2.77
    3.49      1.44
    1.44      2.68
    3.33      3.47
    1.37      2.10
    2.75      1.44
    1.44      1.31
    0.65      1.31
    2.03      2.82
    1.44      0.00
    1.44      0.65
    0.65      0.65
    0.65      2.75
    2.75      2.75
    1.38      2.03
    2.75      1.45
    2.10      0.72
    0.72      1.96
    1.96      2.70
    4.82      4.34
    4.41      3.33
    0.65      1.38
    0.65     15.10
    1.37      1.37
   15.88      1.37
    2.61      5.50
    4.85      2.16
    1.37      0.00
    1.31      0.72
    3.40      4.91
    3.47      4.64
    6.94      8.17
    2.16      1.31
    2.82     18.34
   36.91     34.97
   33.37     48.46
   19.12     19.19
   50.63     38.80
   37.28     33.75
   20.50     36.84
   20.03     64.11
   53.87     23.79
   42.05     12.00
    4.92      4.05
    6.15      6.81
    9.78      6.17
    3.49      4.87
    5.50      4.19
    1.37      2.75
    3.61      0.65
    0.00      0.00
    1.96      4.08
    2.77      2.16
    3.23      1.96
    0.65      2.10
    3.47      2.03
    1.37      2.10
    0.65      0.72
    2.16      0.65
    1.96      1.31
    1.38      2.89
    1.37      0.72
    0.00      0.65
    2.03      2.03
    0.65      2.03
  107.18    157.88
   18.08     82.10
   82.42    244.24
   59.03    124.66
   47.56     35.04
   42.40     32.09
   27.17     53.29
    0.00     25.79
   14.84     27.89
   71.31     38.99
   82.01     42.01
   28.57     22.74
   54.01     51.27
   89.94     68.53
   87.44     73.94
   52.34     82.88
   91.67     80.49
   51.37     33.52
   27.59     65.47
   88.39     53.23
  102.65     76.87
  148.20    116.86
   97.93    116.41
   33.77     17.69
   67.15     36.21
   60.41     28.19
    7.88     56.01
   41.67     24.26
   23.39      6.28
    8.03      8.31
    7.03      3.49
    3.99      7.68
    2.16      1.31
    6.15      2.88
    0.00      0.72
    0.72      1.31
    1.31      3.42
    4.14      2.82
    0.72      0.00
    3.79      2.75
    1.31      2.09
    1.85      0.41
    0.65      2.03
    2.03      0.65
    0.72      2.75
    1.37      1.37
    2.82      0.72
    0.72      1.31
    0.65      1.37
    1.31      2.10
    2.75      0.72
    1.44      2.03
    0.74      1.96
    2.68      2.77
    4.30      4.64
    1.46      1.38
    4.07      2.87
    2.92      2.03
    0.65      0.72
    0.00     15.00
    4.77      6.08
   17.89      2.16
    3.35      3.54
    4.06      4.19
    3.40      3.40
    6.22      7.46
    4.33      2.68
   17.19     16.46
    1.37      2.03
   19.18     35.74
   35.55     19.97
    4.98      2.68
    4.05     22.55
   64.09     49.96
   38.75     81.96
   35.58     20.64
   22.72     35.09
   38.87     24.81
    8.39     24.75
   21.31     22.52
   37.62      9.04
    7.84      5.52
    7.60      4.26
    3.53      4.70
    0.72      0.00
    3.54      0.72
    0.00      0.65
    1.96      4.80
    0.74      0.00
    4.12      3.47
    0.72      0.65
    2.10      1.37
    2.10      1.37
    0.65      0.72
    0.00      0.65
    2.03      0.72
    1.37      3.40
    1.31      1.44
   32.53     27.87
  110.22    188.29
   51.02    106.78
   30.03    189.45
   57.95     63.65
   72.79     71.66
   73.37     68.14
   59.60     83.77
   34.06     39.45
    7.49      3.43
   81.33     37.78
   14.43      3.54
   31.25     15.16
   70.92     63.96
   23.40      4.84
  107.79    104.02
  102.35     41.47
   51.04     53.68
   78.34     81.57
   50.50     24.66
   67.94     51.93
   16.50      7.23
   42.22     49.66
   74.75     42.34
   46.63     10.47
   33.57     52.71
  117.94     66.75
   44.08     75.93
   83.59     29.07
   27.78     37.07
   10.50     19.33
    9.57     10.35
   38.63      9.24
    7.51      8.27
   22.75     22.01
    4.19      2.89
    5.49      0.72
    1.37      3.54
    0.00      1.31
    0.00      0.65
    2.75      1.40
    2.77      3.47
    2.03      2.10
    1.38      0.72
    2.10      2.03
    0.65      0.72
    0.72      0.65
    1.37      1.37
    0.72      0.65
    0.65      0.72
    2.10      2.03
    1.31      0.65
    1.37      2.82
    0.00      0.65
    3.49      1.38
    4.12      6.15
    1.37     17.06
   16.64      0.72
    0.74      1.31
    3.47      1.47
    0.72      1.96
    3.99      4.95
    3.58      3.33
    2.10      1.37
    0.65      0.65
    6.96      4.12
    5.94      5.05
    4.78     11.45
    6.42     17.19
    2.16      1.96
   19.20     48.04
   33.83      3.61
    1.31     34.17
    5.64      1.37
   32.54     34.21
    4.19      8.11
   20.80     17.49
   37.57      7.69
   49.52     96.56
   25.27      6.15
   21.19     10.48
    4.80      6.82
   22.94     21.12
    7.47      9.69
    8.47      5.47
    8.19      4.92
    4.91      6.83
    2.10      0.65
    2.10      1.44
    2.91      0.00
    2.75      2.75
    0.65      2.77
    2.12      1.96
    2.03      1.44
    2.82      2.10
    0.72      0.65
    1.40      0.00
    2.03      2.10
    0.65      0.72
    0.65      0.71
   78.74     81.54
  102.76    142.72
   38.99    150.15
   27.94    129.60
   76.56     58.65
   11.07     69.74
  100.24     50.87
   15.09    105.02
   33.51     77.31
   38.00     29.41
   29.98     10.47
   89.74     62.21
   35.81      8.83
   52.63     49.43
  109.94     58.28
  156.95     92.85
   89.41     67.00
   72.76     87.56
   41.01     35.42
   34.23     47.62
   33.95     67.04
  120.07     47.82
   57.77     56.28
   49.18     61.41
   35.08     10.55
   89.76     84.00
   68.62     56.68
   54.86     70.72
   43.19     22.81
   34.34     32.22
   23.45      4.19
   11.67      8.35
   20.23     23.27
    6.88      6.97
    8.77      8.91
    6.46      4.82
    8.20      4.28
    4.80      1.44
    1.31      2.89
    0.72      1.96
    1.37      2.03
    1.31      2.12
    3.56      1.37
    2.68      3.40
    2.75      2.17
    1.37      0.72
    0.72      0.65
    0.65      1.31
    0.72      1.37
    1.38      0.72
    0.72      0.00
    0.72      0.00
    0.65      1.31
    1.31      2.84
    3.49      4.06
    2.10      1.37
    2.75      2.03
    0.72     16.41
    0.65     17.69
   17.96      2.21
   18.55      2.12
    0.72      3.33
    5.43      3.56
    2.77      2.78
    2.18      4.01
    3.42      3.47
    3.34      4.13
   10.43     10.93
    4.91      1.96
    3.47     17.92
    5.50      6.15
   18.57     17.89
   50.14     50.41
    3.47      1.37
   18.34     34.87
    3.47     20.36
   20.06     19.80
   52.65     47.68
   52.61     56.19
   20.72      4.87
   22.73     37.52
   39.33     10.99
    2.84      4.07
    9.68      8.20
   21.35     21.28
    8.27      7.48
    6.90      6.38
    2.75      4.07
    3.32      1.31
    3.54      1.38
    1.38      0.72
    1.38      1.38
    2.68      3.49
    2.05      3.34
    1.38      2.03
    4.13      2.10
    2.17      1.44
    1.44      0.00
    0.00      0.65
   58.03     49.06
  111.64    206.36
   53.10     95.66
   66.79    183.03
   58.70     55.93
   40.93     40.33
   11.25     13.15
   44.91    135.01
   43.26     55.44
   26.96     24.98
   49.61     57.49
   25.05     14.54
   49.82      4.97
   22.62      2.75
   25.90      2.82
    9.54      6.21
   29.19     25.83
   59.87     47.24
   54.75     70.52
   82.12     63.91
   30.12     19.58
   89.14    111.21
   55.57     55.85
  139.32     72.42
  102.27     30.58
   51.78     74.78
   44.53     19.68
   43.75    106.77
   48.73     66.27
   53.18     39.47
  102.50     61.79
    6.17     44.69
   67.10     35.38
   39.09     28.52
    7.54      5.61
   33.21     25.42
    3.35      6.15
    4.88      4.82
    8.96      5.00
    4.14      2.82
    1.31      2.10
    0.65      1.44
    1.44      1.96
    0.65      0.65
    2.77      2.12
    2.75      2.03
    2.68      4.19
    2.03      2.10
    1.37      0.72
    1.44      1.38
    0.72      1.31
    1.39      0.00
    1.37      0.72
    0.72      2.03
    2.68      2.12
    3.49      3.49
    0.72      1.31
   15.05     15.10
    0.72      1.37
    2.78      1.38
    2.84     16.38
    1.96      4.16
   17.16      2.68
    3.47      4.12
    2.75      0.65
    2.16      2.12
    3.40      6.08
    5.29      8.31
   11.27      6.81
    2.18      3.40
    4.91     19.08
   19.21      2.81
    5.29      7.66
    3.53     32.75
   34.62     18.99
   32.19     32.22
   17.79     35.53
    6.22     21.66
   50.40      4.89
    7.67     22.33
   24.14     38.40
   22.54      7.04
   22.53     38.28
   38.31     39.09
   21.35      8.79
   25.19      9.13
    5.65      1.37
    4.21      6.10
    6.76      6.31
    3.33      5.45
    5.79      2.75
    1.44      0.65
    2.10      0.72
    1.37      0.65
    2.03      2.10
    2.05      3.42
    0.72      2.03
    2.03      1.31
    2.10      1.44
    2.82      2.10
   94.66     91.23
    0.00     52.84
   66.27    208.35
    0.65     53.01
   29.21    126.54
   36.18     43.73
   15.32     91.63
   21.21     76.74
   15.09     66.18
   67.84     62.35
   72.27     59.06
   43.37     30.05
   45.80     48.12
   25.38      5.05
   32.41      3.46
   56.95     42.71
   36.58      5.48
  126.43     77.51
   90.88     70.12
   65.65     29.79
   64.80     90.13
   46.61     36.78
   63.79     48.01
   45.08     78.15
  107.28     62.59
    7.56     18.49
   59.21     45.07
   29.14     15.50
   80.97     75.98
    5.41      9.63
    9.51     47.78
  112.16     70.88
   15.40     23.45
  107.77    100.22
   43.50     32.49
   45.59     58.04
   39.18      9.86
    7.76      8.23
    2.77      3.51
    6.23      3.34
    6.17      5.00
    4.19      2.82
    1.31      2.17
    0.72      1.31
    0.00      0.65
    3.43      3.49
    0.72      0.00
    2.68      2.10
    0.72      2.68
    2.68      1.44
    1.37      2.10
    1.85      0.41
    0.74      1.96
    1.31      1.38
    3.49      4.06
    4.85      3.58
    0.65      0.00
    1.44      1.37
    0.00      0.00
    0.00      0.65
   16.38     17.10
    2.77      1.44
    5.49      6.13
    0.72      2.68
    2.82      2.03
    2.88      0.65
    4.05      4.21
   19.45     22.41
    6.44     19.09
   20.66      6.60
    5.57      7.05
    2.86     15.76
   19.58     18.40
   21.52     21.92
   34.28     20.65
   16.81     19.58
    2.68     19.06
   19.91     21.82
   33.90     18.52
    7.21      3.99
   21.53     21.59
   20.52     38.41
   11.58     25.23
   39.82     26.22
   20.82      7.98
   25.43     24.79
    6.94      8.20
    8.39     18.44
    4.08      4.21
   38.51     22.87
    0.74      2.03
    4.94      4.66
    3.33      4.19
    4.33      0.74
    0.72      0.00
    2.10      1.96
    1.39      1.46
    3.40      3.40
    0.65      1.38
   58.54     80.80
   18.43     52.00
   17.21    106.71
   47.92    132.01
   18.11     29.19
   25.06    108.56
    6.85    105.04
   22.68     73.65
  100.29    128.50
   63.58     35.84
  105.20     79.70
   14.56      3.62
   93.16     73.77
   15.71     14.61
   29.02     32.56
   91.66     45.99
  102.83     65.22
   49.92     57.18
   59.23     72.17
   46.86     32.36
    3.77     46.00
   57.92     18.08
   59.87     33.21
   73.81     44.84
   49.96     29.82
   74.91     60.23
   38.90     35.99
   64.55     46.29
    8.63     22.35
    7.32     34.19
   99.26     41.63
   56.30     32.94
   80.08     67.20
   58.39     38.47
   64.71     76.52
   47.53     24.93
   83.26     62.36
   24.62     13.80
    6.95      3.92
    4.78      8.77
    2.77     16.47
   22.42     19.95
    4.22      2.84
    3.42      4.71
    4.73      3.61
    2.09      1.44
    0.72      0.65
    1.31      4.08
    1.46      0.00
    3.40      2.81
    0.65      0.72
    2.10      2.03
    1.31      1.37
    2.14      1.39
    2.82      3.40
    0.72      1.31
    1.39      0.00
    0.65      2.77
    2.75      2.12
    2.77      0.72
    0.65      2.10
    0.72      1.31
    1.31      1.96
    6.89      4.30
    2.13      4.08
    1.46      1.96
    2.82      2.68
    5.36      2.82
   19.17     24.93
    7.09      5.29
    4.98      3.40
    5.50      4.21
    3.50     18.41
   17.81     22.01
   22.22      4.16
   20.50     20.44
   18.66     16.41
    5.44     19.77
   16.17     21.75
    7.81     21.04
   19.41     32.76
   35.43      5.57
    7.39     10.34
   51.69     66.62
   53.30     41.41
   12.60     24.66
   36.77      9.62
   25.29     41.97
   12.67      5.52
   17.93      6.34
    6.26      4.21
    6.17      5.50
   16.40     19.14
    2.10      2.05
    6.24      5.52
    4.14      2.75
    4.26      2.75
    0.72      0.00
    3.40      2.77
   63.05     86.41
    2.02      3.40
   81.39    106.94
    1.54    156.11
   25.92     30.83
   17.77    170.39
   75.55    119.87
   32.66     27.15
   45.93     24.49
    9.58    143.12
   13.56      3.54
    8.80      1.41
   22.35     27.04
   25.54     32.91
    2.10     13.02
   32.09     28.69
   68.60     33.78
   27.15     25.25
   42.62      6.15
   22.17     50.06
  102.64     73.40
   49.22     60.43
   94.40    140.35
   67.40      8.06
   72.94    108.70
   52.31     30.09
  117.30     79.87
   91.82     47.85
   76.80     58.34
   42.55     33.51
   31.06     40.42
   63.82     62.96
   73.78     40.11
   62.52     74.37
   23.51      9.78
   97.46     82.68
   24.20     20.88
   11.01     11.66
   54.11     47.30
   23.54     20.43
   52.04     44.41
   18.93      6.99
   14.38      1.31
    8.50      6.43
   19.18     20.05
    1.45      1.31
    4.07      2.75
    4.71      4.33
    4.99      4.12
    0.65      2.12
    2.18      0.65
    2.03      2.10
    0.65      0.00
    2.68      4.13
    3.47      4.06
    2.86      1.46
    0.74      0.00
    0.72      0.00
    0.65      1.39
    0.00      0.65
    1.31      1.37
    2.75      2.86
    0.74      1.96
    4.13      2.75
    2.77      3.40
    2.75      3.44
    2.12      2.10
    3.40      3.47
    5.43      3.47
    6.08     10.82
    9.17      6.28
    1.39      4.73
    7.62      2.84
    3.51      4.86
    2.82     17.06
   19.79      4.73
    7.48     37.74
   19.15      4.23
    5.68      3.40
   17.20     19.72
    5.63      5.36
    6.35     18.84
   33.53     34.35
   23.18     50.82
   56.63     16.00
   24.19     36.79
   41.47     54.09
   38.06     27.52
   23.85     26.67
   27.74     24.82
    8.39      6.94
    5.00     17.06
   20.70      5.59
   19.81      6.23
    4.86      5.60
   15.67     17.20
    4.95      4.14
    1.44      1.31
    3.47      3.27
   59.24     67.94
   89.27    110.37
   35.53    156.08
    4.96     31.95
   45.66    186.21
    8.18      3.55
   48.37     53.74
   16.10     25.74
   48.33    166.80
    8.46      0.72
   48.87     31.50
   71.30     57.29
   46.99     33.90
   43.34     39.12
   77.34      2.82
   32.61     40.35
   93.66     96.93
   26.03     19.65
   89.66     71.20
   84.13     29.38
   62.77     61.38
   86.88     58.69
   30.35     62.31
   71.50     79.12
   16.41     45.40
  145.00    113.71
   39.41     60.07
   73.99     91.92
  187.93     71.61
    6.99     31.51
   46.92     28.40
   63.32     27.03
   23.29      6.51
   20.62     23.36
   89.15     47.00
   29.02     54.17
  124.47     82.33
    8.51      4.12
   74.57     53.97
   10.91     26.84
   31.25     21.95
    8.85     24.17
    7.75      3.47
    5.00     19.34
    4.12      3.41
   18.66      2.76
    4.71      6.24
    3.51      1.47
   17.58     17.04
    2.03      4.12
    2.77      2.75
    2.09      1.31
    3.40      4.14
    4.14      4.19
    5.57      4.13
    2.68      1.44
    1.46      0.74
    0.65      2.03
    1.39      0.74
    0.65      0.74
    1.38      0.72
    0.00      1.31
    0.65      1.39
    3.47      3.33
    3.47      2.84
    2.86      1.96
    2.05      2.86
    0.72      1.31
    5.36      4.85
    6.22      8.84
    6.36      4.78
    4.78      4.17
    4.13      3.40
    2.10      4.15
    3.47      4.73
    6.33      5.37
    6.15      3.54
    2.12     48.11
   34.21     34.81
    5.58     34.84
   32.31      6.81
   40.56      3.42
   18.92     37.35
   34.45     20.65
   10.21      5.57
   23.22     26.10
   21.37     54.04
   13.87     20.91
   19.64     22.60
   25.18     10.94
   22.03     25.62
    7.62      7.46
    7.53      8.31
    6.89      4.85
    7.00      4.86
    4.92      4.12
    5.45      4.79
    2.75      4.95
   18.60     27.37
   67.86     97.57
   65.61    145.56
    2.84    135.05
    4.20     29.12
   65.80    157.74
   13.62     33.55
   21.76     82.58
   54.20     63.53
   56.39    107.69
    0.71     34.93
   61.34     14.00
   34.80     41.47
   45.85     30.12
   49.66     87.98
   20.55     17.67
   40.79     11.74
   29.94     52.12
   54.47     22.02
    3.30     12.17
   49.92     35.51
   20.53      7.76
    3.37     19.36
  131.18     51.58
   52.23     78.29
  124.34     35.49
   45.66    110.17
   18.51     31.92
   91.34    120.25
    4.05     46.04
   72.61     54.81
   44.05     62.29
   37.21     69.44
   64.82     38.90
   63.01     30.39
   68.68     49.81
   88.43     29.26
   72.78     61.30
   66.20     57.71
   28.30     47.68
   18.87     29.48
   83.24     39.42
   37.58     50.68
   27.97     15.78
   11.20     10.30
   27.59     23.24
    6.15      5.61
    3.49      4.80
    4.87      4.01
    6.19      3.56
    3.54      2.89
    2.05      1.46
    2.75      2.02
    1.37      2.68
   19.20     20.85
    5.50      6.17
    0.00      1.31
    4.93      2.75
    4.73      3.61
    2.10      0.65
    1.38      2.77
    2.37      2.59
    2.12      0.74
    0.00      0.00
    3.54      4.64
   16.43     15.90
    1.44      1.96
    2.12      0.65
    3.42      3.58
    4.08      5.52
    5.43      6.89
    8.45      7.39
    5.57      3.40
    2.12      1.39
    2.68      3.58
    2.17      3.92
    2.75      4.71
    7.61      3.47
    2.17      4.06
    2.68     18.55
    5.58     19.91
    2.89      3.99
   22.84      7.54
   18.57     19.06
    4.83     21.05
   36.61     51.23
   25.45      6.42
   10.04     12.51
   50.52     67.95
   42.50     24.91
   21.70     35.43
   39.66     26.80
   24.22      7.60
   23.22     18.36
    3.47      6.83
    8.18     22.71
    5.61      5.41
   34.98     19.42
    2.99      1.31
    1.75      2.45
    0.00      0.00
    0.00      0.00
    0.00      0.00
    0.00      0.00
    0.00      0.00
    0.00      0.00
    0.00      0.00
    0.00      0.00
    0.00      0.00
    0.00      0.00
    0.00      0.00
    0.00      0.00
    0.00      0.00
    0.00      0.00
    0.00      0.00
    0.00      0.00
    0.00      0.00
    0.00      0.00
    0.00      0.00
    0.00      0.00
    0.00      0.00
    0.00      0.00
    0.00      0.00
    0.00      0.00
    0.00      0.00
    0.00      0.00
    0.00      0.00
    0.00      0.00
    0.00      0.00
    0.00      0.00
    0.00      0.00
    0.00      0.00
    0.00      0.00
    0.00      0.00
    0.00      0.00
