      h_eth1      
 KB/s in  KB/s out
    0.00      0.00
    0.66      0.00
    0.00      0.00
    0.00      0.00
    0.00      0.00
    0.00      0.00
    0.00      0.00
    0.00      0.00
    0.00      0.00
    0.00      0.00
    0.00      0.00
    0.00      0.00
    0.00      0.00
    0.00      0.00
    0.00      0.00
    0.00      0.00
    0.00      0.00
    0.00      0.00
    0.00      0.00
    0.00      0.00
    0.00      0.00
    0.00      0.00
    0.00      0.00
    0.00      0.00
    0.00      0.00
    0.00      0.00
    0.00      0.00
    0.00      0.00
    0.00      0.00
    0.00      0.00
    0.00      0.00
    0.00      0.00
    0.00      0.00
    0.00      0.00
    0.00      0.00
    0.00      0.00
    0.00      0.00
    0.00      0.00
    0.00      0.00
    0.00      0.00
    0.00      0.00
    0.00      0.00
    0.00      0.00
    0.00      0.00
    0.00      0.00
    0.00      0.00
    0.00      0.00
    0.00      0.00
    0.00      0.00
    0.00      0.00
    0.00      0.00
    0.00      0.00
    0.00      0.00
    0.00      0.00
    0.00      0.00
    0.00      0.00
    0.00      0.00
    0.00      0.00
    0.00      0.00
    0.00      0.00
    0.00      0.00
    0.00      0.00
    0.00      0.00
    0.00      0.00
    0.00      0.00
    0.00      0.00
    0.00      0.00
    0.00      0.00
    0.00      0.00
    0.00      0.00
    0.00      0.00
    0.00      0.00
    0.00      0.00
    0.00      0.00
    0.00      0.00
    0.00      0.00
    0.00      0.00
    0.00      0.00
    0.00      0.00
    0.00      0.00
    0.00      0.00
    0.00      0.00
    0.00      0.00
    0.00      0.00
    0.00      0.00
    0.00      0.00
    0.00      0.00
    0.00      0.00
    0.00      0.00
    0.00      0.00
    0.00      0.00
    0.00      0.00
    0.00      0.00
    0.00      0.00
    0.00      0.00
    0.00      0.00
    0.00      0.00
    0.00      0.00
    0.00      0.00
    0.00      0.00
    0.00      0.00
    0.00      0.00
    0.00      0.00
    0.00      0.00
    0.00      0.00
    0.00      0.00
    0.00      0.00
    0.00      0.00
    0.00      0.00
    0.00      0.00
    0.41      0.00
    0.00      0.00
    0.00      0.00
    0.00      0.00
    0.00      0.00
    0.00      0.00
    0.00      0.00
    0.00      0.00
    0.00      0.00
    0.00      0.00
    0.00      0.00
    0.00      0.00
    0.00      0.00
    3.41      0.00
    0.00      0.00
    0.00      0.00
    0.00      0.00
    0.00      0.00
    0.00      0.00
    0.00      0.00
    0.00      0.00
    0.00      0.00
    0.00      0.00
    0.00      0.00
    0.00      0.00
    0.00      0.00
    0.00      0.00
    0.00      0.00
    0.00      0.00
    0.00      0.00
    0.00      0.00
    0.00      0.00
    0.00      0.00
    0.00      0.00
    0.00      0.00
    0.00      0.00
    0.00      0.00
    0.00      0.00
    0.00      0.00
    0.00      0.00
    0.00      0.00
    0.00      0.00
    0.00      0.00
    0.00      0.00
    0.00      0.00
    0.00      0.00
    0.00      0.00
    0.00      0.00
    0.00      0.00
    0.00      0.00
    0.00      0.00
    0.00      0.00
    0.00      0.00
    0.00      0.00
    1.36      0.00
    0.00      0.00
    0.00      0.00
    0.00      0.00
    0.00      0.00
    0.00      0.00
    0.00      0.00
    0.00      0.00
    0.00      0.00
    0.00      0.00
    0.00      0.00
    0.00      0.00
    0.00      0.00
    0.00      0.00
    0.00      0.00
    0.00      0.00
    0.00      0.00
    0.00      0.00
    0.00      0.00
    0.00      0.00
    0.00      0.00
    0.00      0.00
    0.00      0.00
    0.00      0.00
    0.00      0.00
    0.00      0.00
    0.00      0.00
    0.00      0.00
    0.00      0.00
    0.00      0.00
    0.00      0.00
    0.00      0.00
    0.00      0.00
    0.00      0.00
    0.00      0.00
    0.00      0.00
    0.00      0.00
    0.00      0.00
    0.00      0.00
    0.00      0.00
    0.00      0.00
    1.36      0.00
    0.00      0.00
    0.00      0.00
    0.00      0.00
    0.00      0.00
    0.41      0.00
    0.00      0.00
    0.00      0.00
    0.00      0.00
    0.00      0.00
    0.00      0.00
    0.00      0.00
    0.00      0.00
    0.00      0.00
    0.00      0.00
    0.00      0.00
    0.00      0.00
    0.00      0.00
    0.00      0.00
    0.00      0.00
    0.00      0.00
    0.00      0.00
    0.00      0.00
    0.00      0.00
    0.00      0.00
    0.00      0.00
    0.00      0.00
    0.00      0.00
    0.00      0.00
    0.00      0.00
    0.00      0.00
    0.00      0.00
    0.00      0.00
    0.00      0.00
    0.00      0.00
    0.00      0.00
    0.00      0.00
    0.00      0.00
    0.00      0.00
    0.00      0.00
    0.00      0.00
    0.68      0.00
    0.00      0.00
    0.00      0.00
    0.00      0.00
    0.00      0.00
    0.00      0.00
    0.00      0.00
    0.00      0.00
    0.00      0.00
    0.00      0.00
    0.00      0.00
    0.00      0.00
    0.00      0.00
    0.00      0.00
    0.00      0.00
    0.00      0.00
    0.00      0.00
    0.00      0.00
    0.00      0.00
    0.00      0.00
    0.00      0.00
    0.00      0.00
    0.00      0.00
    0.00      0.00
    0.00      0.00
    0.00      0.00
    0.00      0.00
    0.00      0.00
    0.00      0.00
    0.00      0.00
    0.00      0.00
    0.00      0.00
    0.00      0.00
    0.00      0.00
    0.00      0.00
    0.00      0.00
    0.00      0.00
    0.00      0.00
    0.00      0.00
    0.00      0.00
    0.00      0.00
    0.00      0.00
    0.00      0.00
    0.00      0.00
    0.00      0.00
    0.00      0.00
    0.00      0.00
    0.00      0.00
    0.00      0.00
    0.00      0.00
    0.00      0.00
    0.00      0.00
    0.00      0.00
    0.00      0.00
    0.00      0.00
    0.00      0.00
    0.00      0.00
    0.00      0.00
    0.00      0.00
    0.00      0.00
    0.00      0.00
    0.00      0.00
    0.00      0.00
    1.23      0.00
    0.00      0.00
    0.00      0.00
    0.00      0.00
    0.00      0.00
    0.00      0.00
    0.00      0.00
    0.00      0.00
    0.00      0.00
    0.00      0.00
    0.00      0.00
    0.00      0.00
    0.00      0.00
    0.00      0.00
    0.00      0.00
    0.00      0.00
    0.00      0.00
    0.00      0.00
    0.00      0.00
    0.00      0.00
    0.00      0.00
    0.00      0.00
    0.00      0.00
    0.00      0.00
    0.00      0.00
    0.00      0.00
    0.00      0.00
    0.00      0.00
    0.00      0.00
    0.00      0.00
    0.00      0.00
    0.00      0.00
    0.00      0.00
    0.00      0.00
    0.00      0.00
    0.00      0.00
    0.00      0.00
    0.00      0.00
    0.00      0.00
    0.00      0.00
    0.00      0.00
    0.00      0.00
    0.00      0.00
    0.00      0.00
    0.00      0.00
    0.00      0.00
    0.00      0.00
    0.00      0.00
    0.00      0.00
    0.00      0.00
    0.00      0.00
    0.00      0.00
    0.00      0.00
    0.00      0.00
    0.00      0.00
    0.00      0.00
    0.00      0.00
    0.00      0.00
    0.00      0.00
    0.00      0.00
    0.00      0.00
    0.00      0.00
    0.00      0.00
    0.00      0.00
    0.00      0.00
    0.00      0.00
    0.00      0.00
    0.00      0.00
    0.00      0.00
    0.00      0.00
    0.00      0.00
    0.00      0.00
    0.00      0.00
    0.00      0.00
    0.00      0.00
    0.00      0.00
    0.00      0.00
    0.00      0.00
    0.00      0.00
    0.00      0.00
    0.00      0.00
    0.00      0.00
    0.00      0.00
    0.00      0.00
    0.00      0.00
    0.00      0.00
    0.00      0.00
    0.00      0.00
    0.00      0.00
    0.00      0.00
    0.00      0.00
    0.00      0.00
    0.00      0.00
    0.00      0.00
    0.00      0.00
    0.00      0.00
    0.00      0.00
    0.00      0.00
    0.00      0.00
    0.00      0.00
    0.41      0.00
    0.00      0.00
    0.00      0.00
    0.00      0.00
    0.00      0.00
    0.00      0.00
    0.00      0.00
    0.00      0.00
    0.00      0.00
    0.00      0.00
    0.00      0.00
    0.00      0.00
    0.00      0.00
    0.00      0.00
    0.00      0.00
    0.00      0.00
    0.00      0.00
    0.00      0.00
    0.00      0.00
    0.00      0.00
    0.00      0.00
    0.00      0.00
    0.00      0.00
    0.00      0.00
    0.00      0.00
    0.00      0.00
    0.00      0.00
    0.00      0.00
    0.00      0.00
    0.00      0.00
    0.00      0.00
    0.00      0.00
    0.00      0.00
    0.00      0.00
    0.00      0.00
    0.00      0.00
    0.00      0.00
    0.00      0.00
    0.00      0.00
    0.00      0.00
    0.00      0.00
    0.00      0.00
    0.00      0.00
    0.00      0.00
    0.00      0.00
    0.00      0.00
    0.00      0.00
    0.00      0.00
    0.00      0.00
    0.00      0.00
    0.00      0.00
    0.00      0.00
    0.00      0.00
    0.00      0.00
    0.00      0.00
    0.00      0.00
    0.00      0.00
    0.00      0.00
    0.00      0.00
    0.00      0.00
    0.00      0.00
    0.00      0.00
    0.00      0.00
    0.00      0.00
    0.00      0.00
    0.00      0.00
    0.00      0.00
    0.00      0.00
    0.00      0.00
    0.00      0.00
    0.00      0.00
    0.00      0.00
    0.00      0.00
    0.00      0.00
    0.00      0.00
    0.00      0.00
    0.00      0.00
    0.00      0.00
    0.00      0.00
    0.00      0.00
    0.00      0.00
    0.00      0.00
    0.00      0.00
    0.00      0.00
    0.00      0.00
    0.00      0.00
    0.00      0.00
    0.00      0.00
    0.00      0.00
    0.00      0.00
    0.00      0.00
    0.00      0.00
    0.00      0.00
    0.00      0.00
    0.00      0.00
    0.00      0.00
    0.00      0.00
    0.00      0.00
    0.00      0.00
    0.00      0.00
    0.82      0.00
    0.00      0.00
    0.00      0.00
    0.00      0.00
    0.00      0.00
    0.00      0.00
    0.00      0.00
    0.00      0.00
    0.00      0.00
    0.00      0.00
    0.00      0.00
    0.00      0.00
    0.00      0.00
    0.00      0.00
    0.00      0.00
    0.00      0.00
    0.00      0.00
    0.00      0.00
    0.00      0.00
    0.00      0.00
    0.00      0.00
    0.00      0.00
    0.00      0.00
    0.00      0.00
    0.00      0.00
    0.00      0.00
    0.00      0.00
    0.00      0.00
    0.00      0.00
    0.00      0.00
    0.00      0.00
    0.00      0.00
    0.00      0.00
    0.00      0.00
    0.00      0.00
    0.00      0.00
    0.00      0.00
    0.00      0.00
    0.00      0.00
    0.00      0.00
    0.00      0.00
    0.00      0.00
    0.00      0.00
    0.00      0.00
    0.00      0.00
    0.00      0.00
    0.00      0.00
    0.00      0.00
    0.00      0.00
    0.00      0.00
    0.00      0.00
    0.00      0.00
    0.00      0.00
    0.00      0.00
    0.00      0.00
    0.00      0.00
    0.00      0.00
    0.00      0.00
    0.00      0.00
    0.00      0.00
    0.00      0.00
    0.00      0.00
    0.00      0.00
    0.00      0.00
    0.00      0.00
    0.00      0.00
    0.00      0.00
    0.00      0.00
    0.00      0.00
    0.00      0.00
    0.00      0.00
    0.00      0.00
    0.00      0.00
    0.00      0.00
    0.00      0.00
    0.00      0.00
    0.00      0.00
    0.00      0.00
    0.00      0.00
    0.00      0.00
    0.00      0.00
    0.00      0.00
    0.00      0.00
    0.00      0.00
    0.00      0.00
    0.00      0.00
    0.00      0.00
    0.00      0.00
    0.00      0.00
    0.00      0.00
    0.00      0.00
    0.00      0.00
    0.00      0.00
    0.00      0.00
    0.00      0.00
    0.00      0.00
    0.00      0.00
    0.00      0.00
    0.00      0.00
    0.00      0.00
    0.00      0.00
    0.00      0.00
    0.00      0.00
    0.00      0.00
    0.00      0.00
    0.00      0.00
    0.00      0.00
    0.00      0.00
    0.00      0.00
    0.00      0.00
    0.00      0.00
    0.00      0.00
    0.00      0.00
    0.00      0.00
    0.00      0.00
    0.00      0.00
    0.00      0.00
    0.00      0.00
    0.00      0.00
    0.00      0.00
    0.00      0.00
    0.00      0.00
    0.00      0.00
    0.00      0.00
    0.00      0.00
    0.00      0.00
    0.00      0.00
    0.00      0.00
    0.00      0.00
    0.00      0.00
    0.00      0.00
    0.00      0.00
    0.00      0.00
    0.00      0.00
    0.00      0.00
    0.00      0.00
    0.00      0.00
    0.00      0.00
    0.00      0.00
    0.00      0.00
    0.00      0.00
    0.00      0.00
    0.00      0.00
    0.00      0.00
    0.00      0.00
    0.00      0.00
    0.00      0.00
    0.00      0.00
    0.00      0.00
    0.00      0.00
    0.00      0.00
    0.00      0.00
    0.00      0.00
    0.00      0.00
    0.00      0.00
    0.00      0.00
    0.00      0.00
    0.00      0.00
    0.00      0.00
    0.00      0.00
    0.00      0.00
    0.00      0.00
    0.00      0.00
    0.00      0.00
    0.00      0.00
    0.00      0.00
    0.00      0.00
    0.00      0.00
    0.00      0.00
    0.00      0.00
    0.00      0.00
    0.00      0.00
    0.00      0.00
    0.00      0.00
    0.00      0.00
    0.00      0.00
    0.00      0.00
    0.00      0.00
    0.00      0.00
    0.00      0.00
    0.00      0.00
    0.00      0.00
    0.00      0.00
    0.00      0.00
    0.00      0.00
    0.00      0.00
    0.00      0.00
    0.00      0.00
    0.00      0.00
    0.00      0.00
    0.00      0.00
    0.00      0.00
    0.00      0.00
    0.00      0.00
    0.00      0.00
    0.00      0.00
    0.00      0.00
    0.00      0.00
    0.00      0.00
    0.41      0.00
    0.00      0.00
    0.00      0.00
    0.00      0.00
    0.00      0.00
    0.00      0.00
    0.00      0.00
    0.00      0.00
    0.00      0.00
    0.00      0.00
    0.00      0.00
    0.00      0.00
    0.00      0.00
    0.00      0.00
    0.00      0.00
    0.00      0.00
    0.00      0.00
    0.00      0.00
    0.00      0.00
    0.00      0.00
    0.00      0.00
    0.00      0.00
    0.00      0.00
    0.00      0.00
    0.00      0.00
    0.00      0.00
    0.00      0.00
    0.00      0.00
    0.00      0.00
    0.00      0.00
    0.00      0.00
    0.00      0.00
    0.00      0.00
    0.00      0.00
    0.00      0.00
    0.00      0.00
    0.00      0.00
    0.00      0.00
    0.00      0.00
    0.00      0.00
    0.00      0.00
    0.00      0.00
    0.00      0.00
    0.00      0.00
    0.00      0.00
    0.00      0.00
    0.00      0.00
    0.00      0.00
    0.00      0.00
    0.00      0.00
    0.00      0.00
    0.00      0.00
    0.00      0.00
    0.00      0.00
    0.00      0.00
    0.00      0.00
    0.00      0.00
    0.00      0.00
    0.00      0.00
    0.00      0.00
    0.00      0.00
    0.00      0.00
    0.00      0.00
    0.00      0.00
    0.00      0.00
    0.00      0.00
    0.00      0.00
    0.00      0.00
    0.00      0.00
    0.00      0.00
    0.00      0.00
    0.00      0.00
    0.00      0.00
    0.00      0.00
    0.00      0.00
    0.00      0.00
    0.00      0.00
    0.00      0.00
    0.00      0.00
    0.00      0.00
    0.00      0.00
    0.00      0.00
    0.00      0.00
    0.00      0.00
    0.00      0.00
    0.00      0.00
    0.00      0.00
    0.00      0.00
    0.00      0.00
    0.00      0.00
    0.00      0.00
    0.00      0.00
    0.00      0.00
    0.00      0.00
    0.00      0.00
    0.00      0.00
    0.00      0.00
    0.00      0.00
    0.00      0.00
    0.00      0.00
    0.00      0.00
    0.00      0.00
    0.00      0.00
    0.00      0.00
    0.00      0.00
    0.00      0.00
    0.00      0.00
    0.00      0.00
    0.00      0.00
    0.00      0.00
    0.00      0.00
    0.00      0.00
    0.00      0.00
    0.00      0.00
    0.00      0.00
    0.00      0.00
    0.00      0.00
    0.00      0.00
    0.00      0.00
    0.00      0.00
    0.00      0.00
    0.00      0.00
    0.00      0.00
    0.00      0.00
    0.00      0.00
    0.00      0.00
    0.00      0.00
    0.00      0.00
    0.00      0.00
    0.00      0.00
    0.00      0.00
    0.00      0.00
    0.00      0.00
    0.00      0.00
    0.00      0.00
    0.00      0.00
    0.00      0.00
    0.00      0.00
    0.00      0.00
    0.00      0.00
    0.00      0.00
    0.00      0.00
    0.00      0.00
    0.00      0.00
    0.00      0.00
    0.00      0.00
    0.00      0.00
    0.00      0.00
    0.00      0.00
    0.00      0.00
    0.00      0.00
    0.00      0.00
    0.00      0.00
    0.00      0.00
    0.00      0.00
    0.00      0.00
    0.00      0.00
    0.00      0.00
    0.00      0.00
    0.00      0.00
    0.00      0.00
    0.00      0.00
    0.00      0.00
    0.00      0.00
    0.00      0.00
    0.00      0.00
    0.00      0.00
    0.00      0.00
    0.00      0.00
    0.00      0.00
    0.00      0.00
    0.00      0.00
    0.00      0.00
    0.00      0.00
    0.00      0.00
    0.00      0.00
    0.00      0.00
    0.00      0.00
    0.00      0.00
    0.00      0.00
    0.00      0.00
    0.00      0.00
    0.00      0.00
    0.00      0.00
    0.00      0.00
    0.00      0.00
    0.00      0.00
    0.00      0.00
    0.00      0.00
    0.00      0.00
    0.00      0.00
    0.00      0.00
    0.00      0.00
    0.00      0.00
    0.00      0.00
    0.00      0.00
    0.00      0.00
    0.00      0.00
    0.00      0.00
    0.00      0.00
    1.23      0.00
    0.00      0.00
    0.00      0.00
    0.00      0.00
    0.00      0.00
    0.00      0.00
    0.00      0.00
    0.00      0.00
    0.00      0.00
    0.00      0.00
    0.00      0.00
    0.00      0.00
    0.00      0.00
    0.00      0.00
    0.00      0.00
    0.00      0.00
    0.00      0.00
    0.00      0.00
    0.00      0.00
    0.00      0.00
    0.00      0.00
    0.00      0.00
    0.00      0.00
    0.00      0.00
    0.00      0.00
    0.00      0.00
    0.00      0.00
    0.00      0.00
    0.00      0.00
    0.00      0.00
    0.00      0.00
    0.00      0.00
    0.00      0.00
    0.00      0.00
    0.00      0.00
    0.00      0.00
    0.00      0.00
    0.00      0.00
    0.00      0.00
    0.00      0.00
    0.00      0.00
    0.00      0.00
    0.00      0.00
    0.00      0.00
    0.00      0.00
    0.00      0.00
    0.00      0.00
    0.00      0.00
    0.00      0.00
    0.00      0.00
    0.00      0.00
    0.00      0.00
    0.00      0.00
    0.00      0.00
    0.00      0.00
    0.00      0.00
    0.00      0.00
    0.00      0.00
    0.00      0.00
    0.00      0.00
    0.00      0.00
    0.00      0.00
    0.00      0.00
    0.00      0.00
    0.00      0.00
    0.00      0.00
    0.00      0.00
    0.00      0.00
    0.00      0.00
    0.00      0.00
    0.00      0.00
    0.00      0.00
    0.00      0.00
    0.00      0.00
    0.00      0.00
    0.00      0.00
    0.00      0.00
    0.00      0.00
    0.00      0.00
    0.00      0.00
    0.00      0.00
    0.00      0.00
    0.00      0.00
    0.00      0.00
    0.00      0.00
    0.00      0.00
    0.00      0.00
    0.00      0.00
    0.00      0.00
    0.00      0.00
    0.00      0.00
    0.00      0.00
    0.00      0.00
    0.00      0.00
    0.00      0.00
    0.00      0.00
    0.00      0.00
    0.00      0.00
    0.00      0.00
    0.00      0.00
    0.00      0.00
    0.00      0.00
    0.00      0.00
    0.00      0.00
    0.00      0.00
    0.00      0.00
    0.00      0.00
    0.00      0.00
    0.00      0.00
    0.00      0.00
    0.00      0.00
    0.00      0.00
    0.00      0.00
    0.00      0.00
    0.00      0.00
    0.00      0.00
    0.00      0.00
    0.00      0.00
    0.00      0.00
    0.00      0.00
    0.00      0.00
    0.00      0.00
    0.00      0.00
    0.00      0.00
    0.00      0.00
    0.00      0.00
    0.00      0.00
    0.00      0.00
    0.00      0.00
    0.00      0.00
    0.00      0.00
    0.00      0.00
    0.00      0.00
    0.00      0.00
    0.00      0.00
    0.00      0.00
    0.00      0.00
    0.00      0.00
    0.00      0.00
    0.00      0.00
    0.00      0.00
    0.00      0.00
    0.00      0.00
    0.00      0.00
    0.00      0.00
    0.00      0.00
    0.00      0.00
    0.00      0.00
    0.00      0.00
    0.00      0.00
    0.00      0.00
    0.00      0.00
    0.00      0.00
    0.00      0.00
    0.00      0.00
    0.00      0.00
    0.00      0.00
    0.00      0.00
    0.00      0.00
    0.00      0.00
    0.00      0.00
    0.00      0.00
    0.00      0.00
    0.00      0.00
    0.00      0.00
    0.00      0.00
    0.00      0.00
    0.00      0.00
    0.00      0.00
    0.00      0.00
    0.00      0.00
    0.00      0.00
    0.00      0.00
    0.00      0.00
    0.00      0.00
    0.00      0.00
    0.00      0.00
    0.00      0.00
    0.00      0.00
    0.00      0.00
    0.00      0.00
    0.00      0.00
    0.00      0.00
    0.00      0.00
    0.00      0.00
    0.00      0.00
    0.00      0.00
    0.00      0.00
    0.00      0.00
    0.00      0.00
    0.00      0.00
    0.00      0.00
    0.00      0.00
    0.00      0.00
    0.00      0.00
    0.00      0.00
    0.00      0.00
    0.00      0.00
    0.00      0.00
    0.00      0.00
    0.00      0.00
    0.00      0.00
    0.00      0.00
    0.00      0.00
    0.00      0.00
    0.00      0.00
    0.00      0.00
    0.00      0.00
    0.00      0.00
    0.00      0.00
    0.00      0.00
    0.00      0.00
    0.00      0.00
    0.00      0.00
    0.00      0.00
    0.00      0.00
    0.00      0.00
    0.00      0.00
    0.00      0.00
    0.00      0.00
    0.00      0.00
    0.00      0.00
    0.00      0.00
    0.00      0.00
    0.00      0.00
    0.00      0.00
    0.00      0.00
    0.00      0.00
    0.00      0.00
    0.00      0.00
    0.00      0.00
    0.00      0.00
    0.00      0.00
    0.00      0.00
    0.00      0.00
    0.00      0.00
    0.00      0.00
    0.00      0.00
    0.00      0.00
    0.00      0.00
    0.00      0.00
    0.00      0.00
    0.00      0.00
    0.00      0.00
    0.00      0.00
    0.00      0.00
    0.00      0.00
    0.00      0.00
    0.00      0.00
    0.00      0.00
    0.00      0.00
    0.00      0.00
    0.00      0.00
    0.00      0.00
    0.00      0.00
    0.00      0.00
    0.00      0.00
    0.00      0.00
    0.00      0.00
    0.00      0.00
    0.00      0.00
    0.00      0.00
    0.00      0.00
    0.00      0.00
    0.00      0.00
    0.00      0.00
    0.00      0.00
    0.00      0.00
    0.00      0.00
    0.00      0.00
    0.00      0.00
    0.00      0.00
    0.00      0.00
    0.00      0.00
    0.00      0.00
    0.00      0.00
    0.00      0.00
    0.00      0.00
    0.00      0.00
    0.00      0.00
    0.00      0.00
    0.00      0.00
    0.00      0.00
    0.00      0.00
    0.00      0.00
    0.00      0.00
    0.00      0.00
    0.00      0.00
    0.00      0.00
    0.00      0.00
    0.00      0.00
    0.00      0.00
    0.00      0.00
    0.00      0.00
    0.00      0.00
    0.00      0.00
    0.00      0.00
    0.00      0.00
    0.00      0.00
   26.98     46.56
   20.33     27.29
   33.74     12.43
    1.58      0.72
    0.00      0.00
    0.00      0.00
    0.00      0.00
    0.00      0.00
    0.00      0.00
    0.00      0.00
    0.00     14.82
  887.56    253.80
 1773.57    408.30
 1775.07   1115.06
 1507.15    891.80
  921.61    610.72
  717.79    412.69
  543.76    175.63
  549.40    126.89
  350.32    881.56
  505.52    709.34
  783.58   1774.48
 1719.92   3662.72
 1431.84   1551.72
  857.56    741.53
  393.20    308.04
  451.77     99.53
  311.91     94.86
   49.46      0.00
   24.92      0.00
   10.12      0.00
    1.74      0.00
    0.00      0.00
    0.00      0.00
    0.00      0.00
    0.00      0.00
    0.00      0.00
    0.00      0.00
    0.00      0.00
    0.00      0.00
    0.00      0.00
    0.00      0.00
    0.00      0.00
    0.00      0.00
    0.00      0.00
    0.00      0.00
    0.00      0.00
    0.00      0.00
    0.00      0.00
    0.00      0.00
    0.00      0.00
    0.00      0.00
    0.00      0.00
    0.00      0.00
    0.00      0.00
    0.41      0.41
    0.00      0.00
    0.00      0.00
    0.00      0.00
    0.00      0.00
    0.00      0.00
    0.00      0.00
    0.00      0.00
    0.00      0.00
    0.00      0.00
    0.00      0.00
    0.00      0.00
    0.00      0.00
    0.00      0.00
    0.00      0.00
    0.00      0.00
   14.36     14.84
  105.36    225.14
  569.49    632.35
  386.48    385.24
  273.41    172.45
  152.76    123.72
  104.72    121.12
  108.59     47.34
   78.45     47.55
   19.41     15.82
    0.72      0.00
    2.17      0.00
    1.43      0.00
    0.00      0.00
    0.00      0.00
    0.00      0.00
    0.00      0.00
    0.00      0.00
    0.00      0.00
    0.00      0.00
    0.00      0.00
    0.00      0.00
    0.00      0.00
    0.00      0.00
    0.00      0.00
    0.00      0.00
    0.00      0.00
    0.00      0.00
    0.41      0.00
    0.00      0.00
    0.00      0.00
    0.00      0.00
    0.00      0.00
    0.00      0.00
    0.00      0.00
    0.00      0.00
    0.00      0.00
    0.00      0.00
    0.00      0.00
   30.07     41.72
  196.66    281.96
   47.90     33.15
   60.17    175.37
   76.56     77.53
   50.69     47.70
  105.25     71.35
   62.43     43.85
   52.29     30.89
   44.19     14.04
  123.91     72.32
   85.32     42.77
  271.11    242.49
  404.76    574.47
  385.26    377.59
  334.80    206.55
  139.35     88.95
  122.30    111.91
  118.56    154.56
   76.43     76.51
  111.09     65.18
   78.51     17.02
   45.10     48.12
   18.41     16.24
    2.16      0.00
    0.72      0.00
    0.72      0.00
    1.45      0.00
    0.00      0.00
    0.00      0.00
    0.00      0.00
    0.00      0.00
    0.00      0.00
    0.00      0.00
    0.00      0.00
    0.00      0.00
    0.00      0.00
    0.00      0.00
    0.00      0.00
    0.00      0.00
    0.00      0.00
    0.00      0.00
    0.00      0.00
    0.00      0.00
    0.00      0.00
    0.00      0.00
    0.00      0.00
    0.00      0.00
    0.00      0.00
    0.00      0.00
    0.00      0.00
    0.00      0.65
    0.00      0.00
    1.37      0.74
   14.37     15.82
    0.00      0.00
    0.71      0.00
   15.72     15.72
    0.00      0.00
    0.00     28.73
   14.44      0.72
   15.16      0.72
  211.83    184.21
  156.21    170.19
  280.87    388.02
  374.08    318.74
  208.11    189.75
  110.06      6.50
   49.62     93.84
   62.22     63.30
  122.32     94.65
   62.33    137.28
   99.65     48.82
   62.24     46.64
   92.30     33.65
   17.17     16.52
   30.80     30.07
    3.54      0.71
    0.00      0.00
    1.44      0.00
    0.71      0.00
    0.00      0.00
    0.00      0.00
    0.00      0.00
    0.00      0.00
    0.00      0.00
    0.00      0.00
    0.00      0.00
    0.00      0.00
    0.82      0.00
    0.00      0.00
    0.00      0.00
    0.00      0.00
    0.00      0.00
    0.00      0.00
    0.00      0.00
    0.00      0.00
    0.00      0.00
    0.00      0.00
    0.00      0.00
   75.01    118.44
  203.46    240.87
   74.67     91.37
   94.93    166.74
    6.11      2.29
   67.45     74.69
   45.04     28.75
  100.00     54.90
   50.77     14.45
   33.37      3.92
   96.29     96.73
   95.77     77.68
  300.97    159.45
   96.46    109.05
  158.40    111.07
  168.53     70.54
   99.75     75.65
   24.88     51.21
    4.26     15.82
   49.35     21.14
   33.09     61.84
   62.24     48.95
   92.74     50.38
   49.57     64.01
   20.81     91.47
   61.98     17.31
   61.89     46.19
   77.76     33.83
   32.37     30.31
    1.43      0.00
   17.26     16.55
    0.00      0.00
    1.44      0.00
    0.71      0.00
    0.00      0.00
    0.00      0.00
    0.00      0.00
    0.00      0.00
    0.00      0.00
    0.00      0.00
    0.00      0.00
    0.00      0.00
    0.00      0.00
    0.00      0.00
    0.00      0.00
    0.00      0.00
    0.00      0.00
    0.00      0.00
    0.00      0.00
    0.00      0.00
    0.00      0.00
    0.00      0.00
    0.65      0.00
    0.00      0.74
    0.00      0.00
   14.36     14.42
    0.72     14.99
   15.65      1.43
   15.14     15.09
    0.00      0.00
    0.00     14.99
   18.38      3.54
   19.87     36.95
   80.43     80.81
   24.09     25.50
   40.40     40.66
   41.65     58.31
   43.80     14.73
    6.20      4.98
    2.09      1.96
    4.05      4.84
    2.09     31.41
   17.80      3.39
    1.31      2.75
   21.07      6.99
    6.80      5.56
    4.20      2.82
    2.75      3.40
    1.44      0.65
    3.26      4.26
    2.03      0.72
    2.16      0.72
    2.03      1.44
    0.65      1.37
    0.00      0.00
    0.00      0.00
    0.00      0.00
    0.72      0.00
    0.00      0.00
    0.82      0.00
    0.00      0.00
    0.00      0.00
    0.00      0.00
    0.00      0.00
    0.00      0.00
    0.00      0.00
    0.00      0.00
    0.00      0.00
    0.00      0.00
    0.00      0.00
  202.64    279.69
   32.63     46.94
  123.89    233.51
   17.78     50.14
   32.78     28.71
   34.27     21.78
  217.94    149.68
   56.68     39.91
   62.02     90.45
  113.97     58.65
  104.13     81.54
   32.99     71.42
   97.51     92.18
   79.04     63.13
  111.48     95.21
   91.47     40.19
   26.07     56.86
   45.96     40.79
   36.11     27.60
   60.80     18.65
    4.95      1.37
    3.40      2.75
    2.68      2.82
    2.31      2.68
   15.83     32.97
    1.44      2.61
    4.12      6.09
   21.31      5.63
    5.57      2.16
    1.44      1.96
    2.75      2.03
    0.00      2.68
    2.75      1.44
    1.44      0.00
    1.37      0.72
    2.16      0.00
    0.65      0.65
    0.00      0.72
    0.00      0.00
    0.00      0.00
    0.72      0.00
    0.00      0.00
    0.00      0.00
    0.00      0.00
    0.00      0.00
    0.00      0.00
    0.00      0.00
    0.00      0.00
    0.00      0.00
    0.00      0.00
    0.00      0.65
    0.00      0.00
    0.74      0.00
    0.00      0.00
    0.00      0.00
    0.00      0.00
    1.06      0.41
   30.06     32.24
    0.72      0.00
    1.31      2.09
   16.24     15.06
    4.39      3.95
   35.11     51.80
   52.95     64.92
   34.79     23.79
   38.78     22.40
   39.47     42.09
   22.51     41.12
   25.90     11.13
    9.03     19.90
   30.14     31.45
   17.09      4.12
    3.48      2.09
    3.53      2.03
    3.26      1.44
    1.44      2.16
    1.31      2.09
    1.31      4.64
    3.26      5.49
    5.50      4.33
    4.91      2.68
    1.44      0.72
    1.96      2.82
    2.09      1.37
    0.72      0.00
    2.68      2.81
    0.00      0.00
    1.38      0.00
    0.72      0.72
    0.00      0.00
    0.65      1.37
    0.00      0.00
    0.00      0.00
    0.00      0.00
    0.72      0.00
    0.00      0.00
    0.00      0.00
    0.00      0.00
    0.00      0.00
   82.84     94.77
  157.41    210.73
   34.15     51.26
   72.94    225.92
   74.31     75.93
   45.22     26.18
   59.58     56.88
   45.05     12.44
   60.54     17.45
   47.02     18.06
   65.39     67.26
   60.18     40.62
  170.10    151.02
   31.78     49.62
  186.73    147.42
  178.14    101.36
   50.28     73.40
   74.08     57.70
   65.06     40.12
   22.68     24.71
   36.72     25.50
    3.47     16.88
   15.55     16.46
   17.85     18.58
   17.13      2.81
    2.83      2.68
    1.37      1.96
    3.53      1.44
    1.44      1.31
    1.37      2.61
    3.33      5.43
    4.77      4.26
    2.75      2.82
    3.61      2.61
    2.68      2.16
    0.65      2.03
    2.88      0.00
    0.72      0.65
    0.72      0.00
    1.37      1.37
    0.00      0.00
    1.38      0.00
    0.72      0.72
    0.00      0.00
    0.65      1.37
    0.00      0.00
    0.00      0.00
    0.00      0.00
    0.72      0.00
    0.00      0.00
    0.00      0.00
    0.00      0.65
    0.74      0.00
    0.00      0.00
   14.38     29.55
   14.43      0.72
    0.72      0.00
    0.65      0.72
    0.72      0.65
    0.65      0.72
    0.65      0.72
   18.44      3.53
   20.91     23.15
   17.86     31.58
   22.55     55.49
   35.36     47.78
   79.62     66.31
   58.36     30.44
   23.28     24.23
    4.12      4.71
   24.60      9.74
    7.59     19.83
   19.17      2.82
    0.72      2.75
    2.09      2.03
    1.37      1.31
    4.12      2.82
    2.68      3.56
    1.31      2.10
    2.03      2.10
    2.09      2.68
    1.96      3.47
    1.37      1.37
    5.50      4.85
    1.31      3.40
    3.47      1.37
    3.47      2.82
    2.75      1.44
    2.03      0.72
    0.72      0.72
    0.00      0.00
    0.00      0.65
    0.00      0.65
    0.65      0.72
    0.72      0.00
    0.65      0.72
    0.72      0.00
    0.00      0.00
    0.65      1.37
    0.00      0.00
  132.75    173.29
   16.32    104.51
   81.81    232.38
   61.97    101.78
   32.84     22.19
   61.11     60.76
   78.02     65.67
  131.61     61.72
  119.05     46.15
   47.43     25.03
   42.30      4.73
   70.65     48.87
  107.52     85.67
   63.81     88.62
   89.83     84.83
   86.16     91.61
   70.46     66.18
  104.97     86.45
   90.91     42.97
   70.67     21.07
   23.33     37.33
    7.59      7.59
   23.64     20.01
   19.35      2.87
    2.03      2.03
    1.31      2.75
    0.72      2.68
    3.47      1.37
    2.16      2.03
    0.65      2.03
    2.75      3.40
    3.47      3.40
    2.03      2.09
    2.82      1.37
    2.75      1.37
    2.10      4.71
    2.68      3.40
    3.33      2.89
    2.16      2.03
    2.82      0.65
    0.72      0.72
    1.44      0.00
    0.72      0.00
    0.00      0.00
    0.00      0.65
    0.00      0.00
    0.65      1.37
    0.72      0.00
    0.65      0.00
    0.72      0.72
    0.00      0.00
    0.65      2.03
    0.74      0.00
    0.00      0.00
    0.00      0.00
    0.72      0.00
   15.66     30.80
   16.52      2.10
    0.72      0.00
    0.65      0.72
    0.72      0.65
    3.99      4.26
    5.50     34.66
   48.21     20.74
   18.44     35.54
    8.96     38.58
   25.36     21.39
   53.99     70.97
   37.68      8.31
   21.91     52.05
   47.91     21.42
   47.98     19.20
   24.01     23.31
    6.14      6.28
    4.27      1.37
    2.09      1.37
    0.00      1.31
    3.40      2.82
    2.68      2.82
    2.10      0.72
    0.65      1.37
    0.65      2.68
    2.68      4.12
    4.05      2.82
    2.03      2.82
    2.82      1.37
    0.00      1.31
    2.75      3.40
    2.91      1.96
    3.92      4.33
    4.26      1.44
    2.75      1.37
    0.65      0.72
    0.00      0.72
    0.72      0.00
    0.00      0.00
    0.00      0.00
    0.00      0.65
    0.00      0.00
   78.68     80.91
  170.79    266.83
  108.73    155.60
   81.36    101.71
   78.82     87.84
    9.83      3.45
   13.41     29.24
   38.80      2.81
   42.27     51.55
   15.89      1.37
   22.70     42.01
  166.08    121.35
   76.78     82.06
   47.08    125.24
  105.69     75.81
  109.35     68.96
   64.83     69.56
   60.36     48.53
   68.45     48.64
   79.04    104.63
   50.59     47.65
   21.15     20.37
   79.42     79.16
   19.31      5.56
   37.65      8.25
   37.97     21.62
    1.38      1.38
    1.37      0.00
    0.65      2.03
    1.38      3.40
    2.10      1.31
    3.54      2.75
    0.00      0.00
    1.44      1.96
    1.37      3.99
    3.99      2.88
    4.26      2.10
    1.44      0.65
    1.31      2.10
    1.37      2.68
    1.37      2.03
    3.40      4.12
    1.96      3.40
    3.54      1.44
    2.16      0.00
    1.44      0.65
    1.37      0.72
    0.00      0.00
    0.72      0.00
    0.00      0.00
    0.00      0.00
    0.00      0.00
    0.00      1.31
    0.74      0.00
    0.65      1.37
    0.72      0.00
   14.38     15.17
    1.31      1.44
    2.16      0.65
    1.31      2.03
    0.65      1.44
   18.57     17.03
    3.99      6.29
    4.91      2.82
   15.70     49.64
   50.10      8.22
    6.36     19.74
   37.51     51.28
   51.49     23.91
   10.13     10.48
   39.19     40.32
    5.43     18.41
    2.88     34.81
   32.09     32.14
   36.33     21.06
   22.57      9.61
   22.01      4.98
    4.26      2.09
    0.00      0.00
    1.37      0.65
    2.61      2.10
    2.09      3.54
    0.65      0.65
    2.68      2.16
    0.00      1.37
    1.37      2.68
    2.68      3.40
    1.96      2.16
    5.63      2.09
    0.41      0.72
    0.00      1.31
    1.31      4.05
    2.75      1.44
    3.39      2.10
    3.47      2.75
    1.96      2.09
    2.82      2.16
    0.00      0.00
    0.72      0.65
    0.65      0.72
  119.66    151.83
  109.60    151.32
    6.91    111.71
   98.29    176.33
   43.11     76.06
   68.30     41.36
   18.89     23.17
   18.98      2.02
   37.96     38.14
   35.03      9.78
   80.06     64.57
   78.35     70.74
   73.50     92.62
   84.32      9.82
   57.48     66.29
  103.44     71.54
   91.67     57.42
  147.30    163.91
   82.57     53.74
   71.51    108.11
   91.08     47.06
  105.31     55.64
   22.18      8.37
   43.47     36.40
    4.18     32.89
    2.75     20.60
   23.98     22.67
   21.37      5.63
   15.81      2.16
   17.99      2.10
    0.00      1.96
    0.72      1.31
    3.54      0.72
    0.65      1.96
    2.09      1.44
    1.37      3.33
    1.37      0.72
    1.31      3.40
    4.19      2.68
    2.09      1.44
    2.09      0.72
    2.10      0.72
    0.00      1.96
    2.61      3.40
    2.03      2.82
    1.44      2.03
    1.37      1.96
    2.10      2.10
    4.19      1.44
    1.44      0.00
    1.13      0.41
    0.00      0.65
    1.31      2.12
    0.74      0.00
    0.72      0.00
    0.00      0.00
    0.00      0.00
    0.65      0.72
    0.72      0.65
   15.64     16.42
    1.37      0.65
    6.08      6.28
   20.35     20.60
   16.87     16.22
    2.68      4.91
    6.22     19.73
    7.07      8.83
    5.56     31.39
   65.41     55.52
   23.89     26.71
   40.80     69.53
   55.11     24.99
   51.91     50.74
   16.54      3.40
    4.12      3.47
    4.19      2.68
    3.40      6.80
    5.43      7.46
    7.01      2.82
    2.82      3.41
    0.65      0.72
    2.75      1.44
    3.47      2.10
    0.65      1.37
    0.72      0.65
    2.03      1.44
    2.71      2.10
    0.65      1.96
    3.09      3.54
    1.31      1.37
    3.54      2.75
    2.03      2.09
    0.72      0.00
    1.37      2.02
    0.00      1.31
    2.68      2.09
    3.40      2.16
    2.16      0.72
    1.31      3.40
    1.96      2.10
  156.12    244.06
   24.01     28.79
  142.76    335.31
   64.51     44.69
   28.75     48.68
    6.02      1.40
    0.72      9.61
   27.15      0.65
   38.16      2.16
   25.16     20.10
   67.36     58.05
   58.34     58.54
   70.55     92.49
   37.05     48.33
   59.58     64.10
   44.53     13.36
  169.76    144.06
   63.94     79.92
  147.01    108.63
  146.91     88.46
   66.47    109.63
   87.38     40.45
   37.22     29.45
   21.88     32.50
   18.47      5.71
    3.40      4.05
    3.23      2.50
    6.81      5.43
    7.52      7.66
    1.44      1.44
    1.96      2.10
    2.75      4.78
    2.10      0.72
    1.44      0.65
    1.37      1.37
    0.72      1.31
    1.37      1.37
    0.72      1.96
    2.75      2.10
    2.68      2.10
    2.10      2.75
    0.72      1.31
    2.10      1.37
    2.82      0.72
    0.65      0.72
    2.03      3.40
    1.96      3.40
    1.37      2.09
    1.44      0.65
    2.16      0.00
    0.00      1.96
    3.42      2.75
    0.72      0.72
    3.47      1.38
    0.72      0.72
    0.00      0.00
    1.37      0.65
    1.37      2.09
    0.65      0.00
    0.72      0.72
    3.33      1.31
    5.29      7.66
   35.25     34.42
    0.65     16.54
   19.27      4.12
    3.98      8.10
    6.36      4.78
    6.89     17.13
   21.72     35.44
   51.68     42.04
   41.75     39.66
   39.39     71.36
   39.83     22.02
   36.40     51.29
   33.49      5.50
    5.04     17.92
   17.78      5.57
    2.75      3.40
    5.50      6.74
    7.66      3.47
    2.09      2.75
    1.44      2.68
    2.03      1.44
    2.68      2.16
    2.16      0.65
    0.65      1.37
    2.03      1.37
    1.37      2.10
    1.37      1.37
    1.96      2.68
    0.72      1.44
    3.47      0.72
    1.37      1.44
    0.65      2.03
    0.65      1.37
    2.10      2.03
    0.00      1.31
    0.65      0.65
   19.72     30.03
  105.36    101.96
  107.44    176.86
    1.96     92.42
    2.09    154.85
   45.84     61.82
   86.02     79.54
   33.86     66.24
   95.56     51.48
   57.76     10.94
    8.94      2.09
   53.93     35.71
   11.01      6.09
   51.82     29.28
    9.33     19.26
   96.69     93.70
   65.24     27.66
  142.55    112.59
   58.94     33.59
   92.36    124.96
   36.24     41.35
  163.75    165.22
  136.86     61.04
   73.79     39.61
   88.71     62.66
   26.99     38.20
   46.63     25.51
   19.87      6.36
    4.85      4.71
    2.81      2.75
    4.78      3.54
    3.99      5.50
    6.88      5.57
    2.10      2.10
    0.72      1.96
    2.03      2.10
    2.10      0.72
    1.44      0.00
    0.00      1.96
    2.03      2.10
    0.00      0.65
    4.19      2.68
    0.65      1.38
    2.68      3.54
    1.44      1.31
    0.72      0.00
    1.44      0.00
    1.37      2.03
    0.65      0.00
    2.75      2.75
    0.00      1.37
    1.99      3.40
    1.37      1.37
    2.18      1.31
    2.10      0.72
    0.72      0.00
    0.72      0.00
    1.38      1.31
    1.31     16.48
    2.10      2.03
   16.53      2.16
    0.65      2.03
    4.71      4.26
    6.87      6.15
    3.40      4.19
    2.03      1.44
    1.37      1.96
    6.08      6.29
    5.64      6.02
    4.20     17.21
    4.64      6.94
   35.41     50.55
   52.60     70.01
   59.73     53.06
   35.69     10.98
   52.98     67.61
   23.48     35.70
   32.14      5.51
    7.09      4.12
    5.49      2.10
    4.13      5.57
    1.37      2.03
    5.43      8.18
    5.57      3.40
    2.82      1.44
    3.47      2.75
    1.31      2.10
    0.65      0.72
    1.44      0.00
    1.54      0.65
    1.31      1.44
    2.03      2.68
    0.65      2.10
    3.40      3.40
    0.72      0.72
    2.82      0.72
    2.03      1.44
    0.65      0.72
    0.00      0.00
    0.65      3.34
    1.38      0.00
  122.91    206.56
   21.91     22.11
   67.76    270.83
   44.83     44.36
   58.34     88.53
   47.78     29.47
   20.27     58.06
    8.14      2.06
   20.56     27.15
   50.46      2.10
   46.44     27.57
   72.16     48.13
   86.00     68.76
   39.75     34.10
   54.51     74.50
   68.50     38.54
   72.64     88.57
    6.03     24.06
  142.55    105.41
  121.04     48.24
   65.25     71.67
  142.60    109.94
  135.48     57.43
   16.18     37.56
  116.53     80.35
   56.96     44.18
   22.53     51.21
    3.33      4.91
   35.60      6.90
    4.19      2.10
    3.40      2.10
    4.74      5.50
    4.85      4.78
    6.09      6.36
    0.00      1.31
    2.16      0.65
    2.10      1.38
    2.03      1.44
    0.72      0.00
    0.00      1.96
    0.65      0.72
    1.44      1.31
    3.40      3.40
    1.96      3.54
    3.54      2.03
    0.00      0.65
    0.72      0.00
    1.44      0.00
    0.72      0.00
    0.65      0.65
    0.65      2.03
    2.79      3.47
    0.72      0.65
    1.31      2.75
    0.65      1.37
    2.82      0.65
    3.14      1.37
    2.09      2.09
    0.65      0.65
    0.72     15.73
   19.85      4.05
    5.36      8.38
    5.57      2.82
    2.75      2.82
    1.37      1.37
    3.40      4.78
    3.33      6.80
   23.34     19.93
    4.98      2.75
   20.42     22.10
    4.78      4.78
   50.79     54.71
   30.37     39.23
   23.24     37.31
   23.96     54.28
   65.18     37.20
   21.38     22.26
   17.68      4.13
   34.23     63.02
    4.27      3.47
   35.12      5.50
    3.53      2.75
    4.05      4.78
    7.01      6.08
    4.13      2.89
    4.13      2.10
    1.31      3.47
    0.00      0.65
    1.37      0.72
    0.72      0.00
    0.72      0.00
    1.37      1.37
    2.03      2.75
    0.00      1.96
    4.06      4.19
    2.03      0.72
    2.17      0.72
    1.95      1.39
   57.60     74.16
  108.37    180.00
   50.68     88.96
   83.31    263.96
   42.64     28.67
  106.02     91.25
   32.04     37.57
   83.93     22.70
   15.60      2.77
    8.22      2.16
    9.61      2.82
    0.64      0.71
    4.85     21.21
   21.40      5.50
   53.57     45.86
   82.34     56.04
   44.85     56.92
   38.17     24.19
   64.42     67.61
   39.18     14.03
   46.09     65.73
  109.19     36.71
   92.68     57.04
   83.88     22.72
   34.20     57.80
   76.61     59.70
  107.58     99.25
   46.96     16.43
   44.56     63.41
   22.63     36.54
   19.38      4.25
    2.03     17.14
    4.77     18.59
   16.54     19.30
   21.57      4.92
    2.61      5.43
   11.00      6.22
    2.16      3.54
    0.72      1.31
    2.10      1.31
    2.09      0.72
    0.65      0.72
    2.09      2.09
    0.00      0.65
    0.00      0.65
    2.10      2.68
    1.37      1.37
    3.33      3.54
    2.82      2.68
    0.65      0.72
    0.72      0.65
    2.16      0.65
    0.00      0.00
    1.46      0.00
    0.00      0.65
    2.67      2.09
   16.40     17.11
    2.75      1.37
    2.03      3.54
    1.44      0.65
    1.38      2.03
    1.44      0.65
    5.43      4.91
    6.15      6.80
    2.75      1.44
    1.44      1.37
    2.44      4.47
    3.40      2.75
    4.77      8.17
    9.71     18.27
   34.49     36.80
    5.49      4.85
    5.49     21.32
    3.99      7.40
   26.43     50.04
   37.40     23.58
   10.87     39.99
   39.68     68.48
   36.33     35.55
   20.70     34.92
   36.60      7.74
    1.37      1.37
    3.47      5.36
    4.06      1.44
    1.44      4.71
    2.75      2.10
    6.86      8.04
    6.29      4.20
    5.50      2.82
    4.13      2.17
    0.00      2.10
    0.72      1.31
    1.31      2.10
    0.72      0.00
    1.37      0.00
    1.45      1.37
    1.99      2.10
    0.72      2.61
    4.06      3.54
    2.10      0.00
   62.70     79.58
   99.75     94.26
    0.65    176.73
   88.82    142.78
   12.88    110.62
   42.12     26.84
   58.32     58.74
   43.00     58.23
   41.48     92.17
   46.73     35.25
   44.87     54.43
   11.74     15.77
   32.95     26.06
   41.42     24.62
  160.57     93.92
   53.71     50.23
  124.90    138.68
   96.16     41.10
   78.58     68.91
   50.81     43.10
   62.87     40.57
   66.51     10.17
    5.63     24.38
   69.61     50.85
   17.94     11.08
  101.95     95.36
   35.39     37.57
  124.83    102.19
   38.88     21.76
   36.47     23.85
   22.52      3.54
    2.10      2.82
    1.37      3.33
    3.40      2.16
    2.75      1.37
    3.98      4.77
    5.39      8.35
    5.57      5.43
    4.78      4.84
    2.10      1.44
    2.17      0.65
    0.00      0.65
    2.03      1.44
    2.03      2.03
    1.37      2.10
    0.72      0.00
    0.72      1.31
    2.75      3.40
    2.61      2.82
    3.54      2.10
    0.00      1.31
    0.72      0.65
    1.46      0.65
    0.72      0.00
    1.38      0.72
    0.72      0.00
    0.65      0.00
   30.76     32.90
    2.68      4.12
    4.12      1.37
    2.75      2.82
    4.64      5.57
    7.01      7.52
    2.03      2.75
    1.44      0.65
    1.44      0.00
    3.47      3.40
    4.06      6.81
    7.01     16.41
   19.90     35.06
   20.00      6.94
   22.57     22.83
   17.13      4.92
    6.02     10.21
   12.43     22.02
   22.43     22.37
   36.65     40.44
   69.49     67.84
    9.18     54.00
   66.19     36.20
   22.58      7.52
   20.67      4.98
    2.09      2.09
    2.75      3.33
    3.47      2.83
    0.72      2.61
    2.10      2.68
    6.08      6.87
    6.76      4.05
    4.78      2.82
    3.40      2.88
    0.72      0.72
    1.38      1.31
    0.65      2.10
    0.00      1.31
    2.75      0.65
    0.65      2.16
    2.09      2.03
   17.69     29.18
  126.94    119.30
   61.70     51.16
   37.57    234.65
   31.59     55.04
   37.16     72.14
   44.55     29.50
   78.05    109.40
   36.75     94.52
   16.18     47.40
   98.82     84.35
   47.25     37.27
   12.57     15.69
   28.89      9.11
    3.45     13.00
    9.66      2.10
    6.81      3.60
   46.83     37.78
   78.73     73.87
   36.15     37.64
   61.73     55.21
   37.51     55.48
   66.27     72.57
   97.25     88.66
  102.26     44.45
   88.76     91.23
   47.89     25.05
   72.02     25.25
   64.35     65.05
   70.17     72.11
  122.14    119.21
   22.83     22.94
   47.05     50.79
   29.08     31.01
    2.82      2.17
    6.22      6.15
    3.40      2.90
    3.68      0.00
    2.03      2.75
    3.99      6.15
    6.96      6.94
    5.44      5.59
    0.72      0.65
    2.16      0.65
    1.31      2.10
    0.72      0.00
    0.65      0.72
    2.10      2.03
    0.65      2.03
    2.03      1.37
    2.03      4.78
    2.10      0.72
    4.12      3.47
    2.17      1.31
    0.00      0.65
    1.46      0.65
    1.37      1.37
   15.09     14.43
    2.11      1.37
    1.44      0.65
   16.97     17.90
    1.31      2.82
    6.88      4.91
    7.46      8.90
    4.07      4.85
    0.65      2.10
    2.90      1.31
    2.16      1.96
    2.75      2.03
    4.78      7.46
    8.38      4.91
    5.37      6.22
   19.89     17.92
   20.22     19.36
    1.38     19.21
   19.57     38.02
   26.79     40.34
   38.28     21.15
   36.32     24.14
   40.36     67.61
   22.76     24.16
   23.11     36.85
   36.31     24.22
    8.38      6.15
    5.56      4.12
    4.85      2.82
    2.68      2.68
   17.94     18.65
    0.65      1.96
    4.60      3.40
    2.03      5.38
    7.03      6.15
    6.24      2.92
    4.14      2.17
    0.72      0.65
    0.00      0.00
    1.37      2.03
    0.65      0.72
    0.65      2.03
    1.37      0.72
   16.95     28.52
  135.55    196.96
    3.33     81.39
   76.39    197.90
   75.17     79.00
   68.39     69.21
    8.22     40.51
   64.52     38.23
   29.34     29.09
   31.96     10.33
    1.44      2.02
   69.95     22.86
   13.82      6.76
   13.87      6.36
    2.80      3.24
   26.76     22.49
   26.03     21.36
   56.12     31.22
   52.58     45.72
   26.71     10.42
   72.32     98.66
   56.59     19.19
   38.32     40.44
   59.58     57.83
   88.88     62.58
   53.74     61.56
    6.55     28.15
   11.88     80.67
   83.55     30.87
   60.67     63.10
   49.21     36.08
   36.64     21.26
   47.47     27.43
   34.01     28.14
   32.88     19.92
   34.36     17.19
    1.37      2.68
    6.18      6.31
   19.71     16.30
    1.59      1.31
    5.50      3.44
    5.40      8.35
    5.43      6.17
    4.96      3.58
    2.31      0.00
    1.44      0.00
    0.00      1.31
    0.65      0.72
    2.10      1.37
    0.00      0.65
    0.65      0.65
    2.03      2.82
    1.46      1.96
    2.68      1.31
    4.80      5.66
    1.31      3.47
    1.44      0.65
    2.75      1.37
    2.17      1.38
   16.39     15.79
    0.72      0.65
    6.08      4.85
    7.39      9.04
    4.19      3.54
    1.37      1.37
    2.03      3.34
    1.37      2.68
   17.16     17.94
    5.43      4.80
    7.16      7.39
    6.81     20.04
    6.15      6.22
   19.96     17.15
   20.61     21.44
   17.86      3.55
    3.33     23.92
   26.15     22.38
   38.93     22.75
   50.10     53.96
    6.29      6.87
   24.08     26.11
   21.19     47.71
   36.29     39.25
    6.24      4.77
   36.42      7.61
    5.59     19.89
   20.00      3.47
    4.78      2.03
    3.11      7.03
   15.82     15.83
   18.46     19.84
    2.77      4.10
    4.16      4.08
    6.94      5.45
    6.21      4.39
    2.10      1.38
    1.44      0.72
    0.00      0.00
    1.38      2.03
   16.24     27.21
  155.85    120.12
   27.13    176.02
   21.79    151.06
   64.18     98.30
   22.05     29.36
   53.82     90.59
   68.31     94.32
   31.88     38.28
   46.89     30.91
   52.69     28.78
   31.11     19.21
    4.80     14.31
   21.28     18.47
    3.47      4.06
   21.29     17.60
   86.46     62.79
    6.18      6.05
   82.60     99.75
   73.46     56.60
   57.53     47.25
   33.16     53.23
   51.35     31.40
   40.18     77.21
   34.83     64.66
   87.91     14.68
   63.53     22.24
   19.94     27.80
   56.78     42.50
   72.47     43.52
   74.30     52.63
   48.92     44.69
   99.81     84.63
   85.78     43.70
    7.00     35.94
   21.96     20.01
   35.85     21.73
   92.07     35.27
    5.74     10.39
    2.77      4.23
    4.21      2.10
   16.88     18.27
   18.59     17.22
    5.40      6.98
    5.73      6.02
    5.56      4.39
    3.58      1.38
    1.37      0.74
    0.65      2.03
    0.74      0.00
    1.37      0.00
    1.37      2.68
    0.00      1.37
    2.18      0.65
    1.31      1.37
    1.46      1.37
    1.96      3.47
    4.08      2.77
    1.37      3.47
    2.03      2.10
    2.17      1.31
    5.36      3.47
    6.15      9.04
    4.84      3.47
    5.41      2.19
    3.49      2.03
    0.65      2.10
   16.45     15.72
    2.10      2.68
    5.43      7.46
    9.49      8.98
    5.43      8.92
    7.68      5.00
    7.62      5.50
    5.11     19.72
    2.68      2.75
   19.21     23.84
   11.72      6.29
   36.26     37.29
   21.22     37.52
   37.28     24.87
   21.50      6.87
   24.10     21.48
   33.22     61.67
   50.95     22.59
    2.84     17.72
    6.08      6.87
    4.85     36.80
   38.07      4.90
   33.99     19.38
    4.88      4.89
    2.77      1.38
   17.10     19.21
    2.05      3.36
    6.34      4.82
    5.52      6.17
    6.14      5.71
    1.39      1.46
    2.17      0.00
   16.79     27.37
  109.73    185.34
    1.29     26.98
   53.13    255.57
   20.33      3.66
   25.47     68.48
   72.50     95.39
  122.19    146.53
   42.39     25.53
   37.63     14.72
   28.64     11.69
    2.02      1.37
   16.42      7.29
    6.78      7.50
    3.61      4.06
    2.75      2.10
    0.65      2.03
   26.49     21.05
   44.27     37.25
   45.15     40.58
   57.36     49.65
   50.62     44.78
  154.31     93.78
   59.20     71.16
   88.73     88.97
   92.37     50.62
   31.56     76.67
  143.57    115.69
   49.78     15.34
   62.45     68.50
   84.01     30.23
   55.22     45.90
   46.01     41.81
   50.48      6.92
   46.97     68.63
   83.46     31.53
   25.68     20.01
   19.07     17.68
    7.59     22.77
   47.11     55.74
   18.25      4.85
   69.02     62.90
   18.50      2.12
   12.49      2.10
    4.18     17.87
   19.77      8.44
    4.97      4.10
    5.62      3.44
    4.88      3.49
    3.42      2.86
    0.87      0.72
    0.00      0.65
    1.46      0.65
    0.00      0.65
    2.68      3.49
    1.48      1.96
    2.10      0.72
    2.84      0.65
    2.68      3.54
    2.68      2.75
    2.70      4.21
    2.03      0.65
    6.73      6.28
    6.28      6.15
    1.31      4.19
    2.03      2.75
    2.82      0.72
    2.10      0.00
    1.31      3.47
    4.71      4.06
    2.82      5.50
    8.25      6.22
    3.99      8.27
    7.54      8.90
    8.96      6.28
   21.54     21.10
    3.49      4.91
   21.87     25.01
   12.60      5.57
    6.02      4.85
    4.85      8.32
    8.98     22.40
   21.88     38.05
   23.45     49.59
   36.87     23.79
   35.98     50.14
   35.05      4.91
   16.25     16.17
   19.92     20.15
    4.85      7.53
   22.30     32.99
   17.76     19.07
   22.70     22.06
    4.09      4.19
    4.91     15.69
    2.12      4.16
   20.01      4.89
   18.51      5.61
    7.65      6.26
    2.13      2.77
  170.63    167.77
    0.74     77.94
    2.03    156.57
   67.36    146.44
   42.87     28.04
   58.14     97.10
   22.59     91.86
   54.87     53.88
   36.94     18.37
   67.87     25.35
    0.00      0.65
   30.02     27.40
   28.59      5.99
    2.09      5.56
    1.36      2.00
   51.61     53.37
   39.97     25.36
   26.24     26.89
  109.20     51.97
   28.68     30.88
   92.55     74.41
   20.54     33.31
  108.33     68.16
   68.86     60.75
   69.65     68.16
  117.40     89.54
   96.57     83.97
   82.47     69.76
   71.63     65.53
   37.02     22.59
   30.31     27.95
   74.76     42.28
   10.99     22.57
   17.36     22.55
  128.35     94.80
   17.30     68.77
   70.10     30.19
   71.63     42.19
   33.31     32.24
   27.26     23.71
   24.97     28.57
   24.19     37.24
    5.14      4.09
   21.37      4.83
    1.31      2.84
    5.61     19.27
    1.96     18.33
    6.93      6.10
    5.62      4.17
   19.80      4.30
    0.00      1.31
    4.23      1.46
    0.00      0.00
    0.00      0.65
    0.65      1.39
    2.68      1.96
    0.00      2.83
    3.58      2.03
    2.68      2.68
    2.03      2.18
    6.83      4.19
    7.32      9.75
    6.30      6.24
    1.37      2.09
    2.09      1.37
    1.37      1.37
    1.37      0.65
    0.65      1.46
    3.49      3.40
    2.03      4.05
    8.18      6.22
    6.08      4.98
    4.12      6.15
    5.50      5.50
    7.46      6.94
    5.36     37.14
   33.37      7.59
   19.22     23.22
   14.55     37.74
   23.86      8.97
    6.87     22.73
   10.95      6.22
   20.81     24.71
    8.47      6.24
    4.78     50.15
   38.58     21.60
    5.64     17.93
   20.68     21.11
   18.53     18.02
   31.95     21.81
    7.01      4.80
   20.79     18.68
   19.81     20.10
    4.86      5.45
    2.13      1.37
    2.09      3.98
    4.80      3.51
    6.91      5.60
   20.24     31.24
   92.04    163.20
   17.74     80.74
   21.64    179.75
   43.71     75.98
   61.29     53.67
   56.93     45.52
   89.43    205.80
   92.32     52.72
    7.35     31.19
  106.01     49.26
   34.92      6.15
   30.72     23.86
   55.41     15.17
    7.55      5.51
    4.21      4.14
    2.10      1.37
   25.52     12.10
    1.44      9.53
    1.96     28.61
   47.11      5.95
   31.93     41.64
   31.36     25.32
  106.81     80.51
   63.29     54.21
   40.10     75.40
   51.75     47.70
  115.71     89.60
   81.61     36.96
   55.33     92.56
   82.82     60.04
   61.13     55.03
   63.12     46.53
   47.46      9.87
   44.42     46.19
   94.76     28.49
   20.21     43.81
   57.28     24.42
  113.61     78.75
   32.57     31.24
    5.67     15.97
   33.71     56.05
   57.05      7.83
   42.45     26.03
    4.21      4.87
    4.93      2.77
    2.03      0.00
    3.34      4.85
    2.77      6.19
    4.81      5.46
    5.62      2.20
    3.54      3.98
    2.70     18.70
    4.36      1.41
   17.12      2.77
    1.39      2.82
    0.74      0.00
    1.38      2.68
    2.84      0.00
    1.31      2.10
    1.37      2.05
    6.15      6.33
    6.15      6.87
    8.07      7.69
    1.96      5.57
   17.13     15.83
    4.26      2.12
    2.77      1.44
    0.00      1.96
    3.47      2.11
    3.35      4.12
    7.59      6.22
    2.03      2.82
    6.15      5.49
    4.05      6.15
    6.74      6.36
    6.15      4.98
   17.20     17.11
    3.33      9.48
   11.51     11.06
    8.91     21.41
   38.45     27.82
    9.70      8.34
    8.99      9.51
   39.12     35.82
   19.97      8.19
    8.90     22.67
   22.93     20.54
   24.17     32.87
   18.33     34.39
   17.62      5.43
   20.54     18.20
   20.01     33.16
   36.76     36.98
   22.72      4.87
    4.80      6.31
    4.28      2.77
    0.72      1.96
    1.72      0.00
    0.72      0.00
    0.00      0.00
    0.00      0.00
    0.00      0.00
    0.00      0.00
    0.00      0.00
    0.00      0.00
    0.00      0.00
    0.00      0.00
    0.00      0.00
    0.00      0.00
    0.00      0.00
    0.00      0.00
    0.00      0.00
    0.00      0.00
    0.00      0.00
    0.00      0.00
    0.00      0.00
    0.00      0.00
    0.00      0.00
    0.00      0.00
    0.00      0.00
    0.00      0.00
    0.00      0.00
    0.00      0.00
    0.00      0.00
    0.00      0.00
    0.00      0.00
    0.00      0.00
    0.00      0.00
    0.00      0.00
    0.00      0.00
    0.00      0.00
    0.00      0.00
    0.00      0.00
    0.00      0.00
    0.00      0.00
