1773730425065 E 9e25ff97-0973-43ab-9e51-aec49a5eb640
1773730425065 J 68be74ca-03c4-4c2e-91eb-d60ed2099da5
1773730425085 J 35ac78f6-c2fb-4982-9d07-e0b55f5bd72e
1773730425086 J adae1ea2-0465-4fd3-b970-107f263db30a
1773730425086 J 7648e6ff-bfb8-48ef-82da-20bbd8ab6d88
1773730425086 J 936f99c7-8639-44e7-947a-84d8ac6f8813
1773730425090 J a9926a5d-66ef-4b87-903b-9c13b58701d9
1773730425119 J 36257446-0ade-4338-9562-ff3228c13262
1773730425204 J 43e90b7f-c604-4b6e-99ab-6f970f8cc191
1773730425207 J 899bd204-c92b-444d-b6cb-2101859dc9ac
1773730425207 J 21a7ab1c-c0ff-4665-9849-aaa3f6acee00
1773730425208 J 004000dd-4f90-473d-acf7-de96257d3ada
1773730425210 J 4ca902af-008c-49d5-aa7c-b543adfa9b33
1773730425210 J e8752cbe-4a30-4cbd-a9f3-5629b65a8f4a
1773730425225 J cde1f80c-58ad-4e6a-96cd-9b72164733df
1773730425247 J b4f58df3-f5e6-4d0d-adf2-bb401d6f9583
1773730425299 J 09cb4b7c-8a8e-4e4a-ade7-b0b9f6e79a1f
1773730425307 J fbbe324a-bae7-4fc9-a63c-7fbc7b07956f
1773730425316 J 35b76722-af00-4731-bdca-74f0c2dec439
1773730425329 J f29086f8-b9d9-4146-999a-ee5785147ab3
1773730425331 J 908414bf-9fb5-40b3-ab0e-5b72246432da
1773730425334 J c94c79a3-5baf-4b92-88dc-65e7de5d6a9e
1773730425334 J b8d44137-de8a-401e-98d2-3b483836905c
1773730425338 J f2a3ec0b-29bd-4f3b-b1d2-26b1602aa11e
1773730425347 J ca5103e2-3abc-4401-9014-98b7a2207bf6
1773730425350 J 86995c4d-51cf-4037-a17c-5a59cb51a307
1773730425354 J 886f93e7-3189-45e3-bc71-366292bc8e55
1773730425355 J d736a71e-937a-4412-b9df-32f178f0d428
1773730425364 J a372c4e1-6803-4675-96ba-6cac9f51c847
1773730425364 J e9b78b40-a1d8-4884-a7dc-ab50aaddb71f
1773730425368 J f2442f4b-d5a7-497e-bced-71656bfdeabc
1773730425369 J 3b984532-e67f-44be-a618-086041df4822
1773730425371 J 99c36a2a-d5c1-494f-a424-64ff3412aacd
1773730425376 J d89be3ed-2b0e-46b2-8e33-fb5dc673cf51
1773730425377 J 8e612ee3-d3d7-4f4f-b4cc-3d71d9b4337e
1773730425377 J 02bf2760-e791-458d-bb93-b98579991309
1773730425380 J df279a8a-e181-45c8-ab49-3c8ec2d08c1b
1773730425382 J 947824ad-41b4-4674-b1b6-9568aaf4fd2d
1773730425383 J 8cbf73dc-66e0-4bb0-845f-380b31919c01
1773730425384 J 718c7a56-3b8d-4fdf-af4e-02212aa0d500
1773730425391 J a83a4d16-a05a-4e97-866b-a65c806140dc
1773730425394 J b240f8bb-2047-42a5-bb5a-8938c93025c7
1773730425395 J 6719d13f-39a9-4d98-beaa-2b403f76c8e2
1773730425399 J 5dd43109-cce1-4b67-ad5f-f6066f112ced
1773730425402 J d7bcb4bf-08ac-4725-9ead-5f4d25cf5301
1773730425409 J 0f4d20a4-0788-4fdf-aba3-d3445f80c8d1
1773730425413 J 76b2240a-6b79-42e8-9643-8ee35e6f995f
1773730425414 J 70faf6d4-5447-4edc-baad-0ae4579431ae
1773730425420 J 21b6cc1c-a981-4d7e-8855-79824b6a4bdf
1773730425431 J 4fedda7c-939c-4bfa-bad4-8e0fa8791c9f
1773730425434 J 37a9fa31-4bb6-4e5d-b3b3-bbfcc520d621
1773730425437 J 641f8832-0bfa-4497-b5e3-73eb362708ea
1773730425440 J c9fadd57-7f8f-4dba-9fd6-146ace48a233
1773730425445 J 731bb3ff-6391-4fb4-a043-5a7ef6b38a11
1773730425448 J c79cea7b-ccc4-4744-92c1-da1106099f6a
1773730425448 J 74a301e3-5505-4e8c-b16b-7b9870920078
1773730425448 J 68e82292-a458-4237-a9e7-c72d0f212bda
1773730425448 J 4a8f8b69-624c-4155-bf26-1c32f686f8cc
1773730425449 J 37a58d96-0960-4de6-a8fb-01e167a093ce
1773730425450 J 28093a08-e25c-439d-b920-ba82bdcb713f
1773730425450 J 5aebb732-4cfe-4e0b-a238-83cdad89164b
1773730425451 J 5a668948-5fbf-496f-abe3-143e5c084218
1773730425454 J 1bfb09c1-e1b5-4df3-8df7-ad04024864d8
1773730425455 J b6c7b94e-66f0-4008-9108-58aef9b010ed
1773730425458 J 8104d194-d788-42c2-82e8-07da3b1e76e4
1773730425458 J 77c4ca0c-15c5-45ba-8eac-4404e5ba169b
1773730425458 J 34cc5179-ef44-4460-843d-227fd7744720
1773730425460 J 589bd0ec-8f2d-460a-88f7-239d0226e12c
1773730425463 J d92752ee-2604-4ca1-a5fb-5a89bf8df39f
1773730425464 J ef6a9e30-5124-4e72-bb7f-d1b22e9b5b22
1773730425470 J 5d051ebb-d81b-477d-a610-c15f2e291624
1773730425470 J f1124e1e-bcd2-4a20-a4a5-00f7962ce73c
1773730425471 J 03b29880-a7cf-4a3e-9df0-2de81037cf98
1773730425471 J 7d522ac6-f8d0-4b9b-b128-7428912da3be
1773730425472 J 77843637-12ba-45e0-951c-f9e402973444
1773730425478 J a4f3e1ac-084d-4d3d-b8c8-d9fad624bc1d
1773730425487 J 682f76d2-4363-49a9-b542-466029632ced
1773730425489 J 688cd5e2-4225-40bc-bba9-c2571568dbf2
1773730425501 J 707886b6-b4cf-4ad5-b02c-24a3a155b462
1773730425501 J 6ea7348e-24ea-4406-a845-d05d0f9c59de
1773730425505 J 965e796d-7d72-47cc-8018-e88e1746a206
1773730425508 J eab9aef7-f4ae-4748-bcc1-a0e127b6a60c
1773730425520 J d63335a1-d266-4317-b93e-c74ba18e821a
1773730425522 J 48f66578-cb50-4003-93f9-2d2b93bfd962
1773730425523 J 8019300b-a9b3-43a9-905f-f25225132a4c
1773730425524 J 5b66507c-fc44-4a5d-8a2d-c74d6f9bfad9
1773730425530 J 2d41ee6b-4a69-4891-b0b5-c9c606010012
1773730425531 J a03243c4-2b05-4331-8f8e-6eac3ceec8cf
1773730425531 J c2013cbf-5216-4777-b61d-7d6146f1602d
1773730425533 J 2b8f0395-11f5-4d89-9a60-40d0700a72d7
1773730425541 J 6928a9c3-41c1-48d2-87a1-7c64d4915adf
1773730425556 J 2ae4d9a6-680f-4133-b04b-2295fdeef485
1773730425565 J 571a1f8e-49aa-48b0-85a2-7dd3a679daff
1773730425567 J 6bf0bc70-8054-4195-9fc6-2d35107dd546
1773730425569 J c6219813-7245-4d55-af18-5acb2242f659
1773730425604 J f8cb14ca-aece-400a-9d84-f4beab367658
1773730425605 J 09bb2dbb-7a0f-4857-bd3d-270ea5135456
1773730425607 J 2154c39d-f364-490b-b861-a88ee85bfaf6
1773730425626 J dc990107-cf68-40c4-babe-eaa27c2f0d97
1773730425626 J 3cd32298-927d-4ddd-8344-a283a20c96a4
1773730433964 L 43e90b7f-c604-4b6e-99ab-6f970f8cc191
1773730433967 L 947824ad-41b4-4674-b1b6-9568aaf4fd2d
1773730434017 L ca5103e2-3abc-4401-9014-98b7a2207bf6
1773730434020 L 35b76722-af00-4731-bdca-74f0c2dec439
1773730434025 L 28093a08-e25c-439d-b920-ba82bdcb713f
1773730434041 L f8cb14ca-aece-400a-9d84-f4beab367658
1773730434043 L 77c4ca0c-15c5-45ba-8eac-4404e5ba169b
1773730434045 L 7d522ac6-f8d0-4b9b-b128-7428912da3be
1773730434047 L 4fedda7c-939c-4bfa-bad4-8e0fa8791c9f
1773730434076 L 5b66507c-fc44-4a5d-8a2d-c74d6f9bfad9
1773730434815 J cb812a09-f2c8-45b6-bc80-74c5bd1f621f
1773730434831 J 181474ec-4890-4a2c-bea5-3040e6232b51
1773730434841 J 31f0e2db-48da-4d36-b10c-549fbf105830
1773730434930 J 28801393-028b-4190-82f9-2c970355fb8c
1773730434955 J 8ec36152-d127-46be-ab6c-858785571ed3
1773730435001 J 198ec04a-d9a6-4ec4-be8c-e41526dbbd15
1773730435183 J fcae2111-697e-43eb-8610-6dfac7737b2b
1773730435331 J 5b741a80-e682-458e-b7f1-d0e7c7c9d667
1773730435338 J 1c85ddf4-7f45-40b4-b71b-3c2df5929783
1773730435343 J 8e6bafdc-e9dc-450c-ac53-8679350ad2c5
1773730443886 L 35ac78f6-c2fb-4982-9d07-e0b55f5bd72e
1773730443967 L c94c79a3-5baf-4b92-88dc-65e7de5d6a9e
1773730444014 L a83a4d16-a05a-4e97-866b-a65c806140dc
1773730444032 L 74a301e3-5505-4e8c-b16b-7b9870920078
1773730444039 L b240f8bb-2047-42a5-bb5a-8938c93025c7
1773730444039 L d7bcb4bf-08ac-4725-9ead-5f4d25cf5301
1773730444039 L 76b2240a-6b79-42e8-9643-8ee35e6f995f
1773730444041 L 8cbf73dc-66e0-4bb0-845f-380b31919c01
1773730444044 L 6928a9c3-41c1-48d2-87a1-7c64d4915adf
1773730444052 L cb812a09-f2c8-45b6-bc80-74c5bd1f621f
1773730444862 J e1d50d4a-0a50-473b-8637-0b1876b6df1c
1773730444870 J 645d6c05-fbb9-494a-aeda-0af06f606eac
1773730444910 J 19b4bd92-5584-4a5a-b841-10be82c2ffd1
1773730445083 J 769035a9-40b4-4d70-a031-95fb0020c034
1773730445140 J d34d58f2-93ac-4059-bfc8-2ab34461c8c6
1773730445178 J fba6298a-a618-4869-906f-3be6391290e8
1773730445246 J b869ddbf-2789-47c1-a784-45396872dcb4
1773730445330 J a4165a78-c29b-4646-afd1-652c78661211
1773730445333 J f5fcca51-6f8e-44b8-aee8-8ccc7e0b94dd
1773730445366 J b5a0d204-d37a-4479-9d72-5558087a0688
1773730453890 L a9926a5d-66ef-4b87-903b-9c13b58701d9
1773730453890 L adae1ea2-0465-4fd3-b970-107f263db30a
1773730453961 L 4ca902af-008c-49d5-aa7c-b543adfa9b33
1773730454002 L b5a0d204-d37a-4479-9d72-5558087a0688
1773730454009 L 8e612ee3-d3d7-4f4f-b4cc-3d71d9b4337e
1773730454014 L fcae2111-697e-43eb-8610-6dfac7737b2b
1773730454017 L 571a1f8e-49aa-48b0-85a2-7dd3a679daff
1773730454032 L 4a8f8b69-624c-4155-bf26-1c32f686f8cc
1773730454045 L 70faf6d4-5447-4edc-baad-0ae4579431ae
1773730454051 L c2013cbf-5216-4777-b61d-7d6146f1602d
1773730454861 J b617a3c5-4115-4ff5-8871-22c2c451131f
1773730454915 J 020403cd-3081-4960-9de2-683543a5585b
1773730455128 J 467d9068-156a-4c42-a035-c14e2db88ea3
1773730455136 J 095e3acc-2307-4865-a25c-ea73e7303bb0
1773730455203 J 06d23272-ac8c-4a4b-b688-f9b7f7c536a4
1773730455255 J b951e257-3a10-4af5-8d78-46b3442fc14a
1773730455273 J a12ed930-7b91-4e55-aec6-0c1054253048
1773730455280 J 45a0ea19-ae94-4e23-a13a-20d1f3f159fa
1773730455405 J 35c811c6-e19f-4bfe-b3d9-c1ce6b5a620f
1773730455432 J dff1d6b8-5d14-4d73-a9de-74799363abed
1773730463963 L 09cb4b7c-8a8e-4e4a-ade7-b0b9f6e79a1f
1773730463998 L a372c4e1-6803-4675-96ba-6cac9f51c847
1773730464003 L 5dd43109-cce1-4b67-ad5f-f6066f112ced
1773730464027 L 99c36a2a-d5c1-494f-a424-64ff3412aacd
1773730464032 L 1bfb09c1-e1b5-4df3-8df7-ad04024864d8
1773730464048 L 2154c39d-f364-490b-b861-a88ee85bfaf6
1773730464049 L d92752ee-2604-4ca1-a5fb-5a89bf8df39f
1773730464055 L e1d50d4a-0a50-473b-8637-0b1876b6df1c
1773730464066 L 8e6bafdc-e9dc-450c-ac53-8679350ad2c5
1773730464067 L a12ed930-7b91-4e55-aec6-0c1054253048
1773730464802 J e305c89d-a145-4cd2-971b-f7b827810eb6
1773730464850 J 8f8189bf-aab2-4744-b4b5-f00caebde397
1773730464977 J a3bc18af-95b4-4ff0-9dea-793d38fa3524
1773730465014 J 436311d0-efd0-47a2-af80-8eb17123cb72
1773730465024 J 39a94dbb-08a1-414b-b5c5-1872b2f72caf
1773730465071 J efcbc2c4-ba13-43b9-ba5f-ef184c886393
1773730465076 J 7e89deef-e06f-4ed0-af60-91c148e69cf6
1773730465230 J 5cc26229-0e5a-4704-b1c5-ac08e6494250
1773730465337 J 8d11c2d4-b27b-4b5b-9b65-3cf9857333da
1773730465465 J fb95ed1e-8575-4453-b9d4-ebc9aa14e349
