      h_eth1      
 KB/s in  KB/s out
    0.00      0.00
    0.00      0.00
    0.00      0.00
    0.00      0.00
    0.00      0.00
    0.00      0.00
    0.00      0.00
    0.00      0.00
    0.00      0.00
    0.00      0.00
    0.00      0.00
    0.00      0.00
    0.00      0.00
    0.00      0.00
    0.00      0.00
    0.00      0.00
    0.00      0.00
    0.00      0.00
    0.00      0.00
    0.00      0.00
    0.00      0.00
    0.00      0.00
    0.00      0.00
    0.00      0.00
    0.00      0.00
    0.00      0.00
    0.00      0.00
    0.00      0.00
    0.00      0.00
    0.00      0.00
    0.00      0.00
    0.00      0.00
    0.00      0.00
    0.00      0.00
    0.00      0.00
    0.00      0.00
    1.36      0.00
    0.00      0.00
    0.00      0.00
    0.00      0.00
    0.00      0.00
    0.00      0.00
    0.00      0.00
    0.00      0.00
    0.00      0.00
    0.00      0.00
    0.00      0.00
    0.00      0.00
    0.00      0.00
    0.00      0.00
    0.00      0.00
    0.00      0.00
    0.00      0.00
    0.00      0.00
    0.00      0.00
    0.00      0.00
    0.00      0.00
    0.00      0.00
    0.00      0.00
    0.00      0.00
    0.00      0.00
    0.00      0.00
    0.00      0.00
    0.00      0.00
    0.00      0.00
    0.00      0.00
    0.00      0.00
    0.00      0.00
    0.00      0.00
    0.00      0.00
    0.00      0.00
    0.00      0.00
    0.00      0.00
    0.00      0.00
    0.00      0.00
    0.00      0.00
    0.00      0.00
    2.04      0.68
    0.00      0.00
    0.00      0.00
    0.00      0.00
    0.00      0.00
    0.00      0.00
    0.00      0.00
    0.00      0.00
    0.00      0.00
    0.00      0.00
    0.00      0.00
    0.00      0.00
    0.00      0.00
    0.00      0.00
    0.00      0.00
    0.00      0.00
    0.00      0.00
    0.00      0.00
    0.00      0.00
    0.00      0.00
    0.00      0.00
    0.00      0.00
    0.00      0.00
    0.00      0.00
    0.00      0.00
    0.00      0.00
    0.00      0.00
    0.00      0.00
    0.00      0.00
    0.00      0.00
    0.00      0.00
    0.00      0.00
    0.00      0.00
    2.86     26.15
    0.00      0.00
    0.00     25.73
   21.19     12.88
    1.62     14.42
   11.72      2.11
    0.00      0.00
    0.72      0.00
    0.68      0.00
    0.00      0.00
    0.00      1.07
    0.00      0.00
  405.17    132.05
  253.43     86.35
  419.13    196.08
  583.93    146.69
  283.86     87.95
  293.49    148.24
  295.11     50.74
  229.90    212.62
  294.45    138.08
  253.41    468.07
  368.69    112.79
  427.76    156.07
  318.33    481.71
  318.41     53.00
  456.29    876.34
  536.19    216.96
  625.63    964.53
  539.36    635.94
  541.74    262.31
  520.76     71.62
  482.05   1081.98
  410.66    596.82
  501.54    228.82
  334.53    254.04
  320.16    133.67
  513.10    764.62
  338.97    457.52
  456.13     67.06
  266.08    402.60
  319.51    392.61
  297.24    861.06
  325.92    744.56
  302.99    172.06
  327.69    116.56
  288.34    933.42
  273.97    761.73
  260.53    512.82
  231.52    489.21
  343.08    243.56
  261.05    190.98
  231.69    395.17
  287.74    102.60
  365.89    284.77
  325.75    178.49
  199.80    203.74
  255.42     68.14
  242.78    122.23
  124.63    143.02
  261.19    108.90
  188.79     32.28
   67.58     16.70
   31.57      3.18
    0.87      0.00
    5.20      0.00
    0.72      0.00
    0.00      0.00
    0.00      0.00
    0.00      0.00
    0.00      0.00
    0.00      0.00
    0.00      0.00
    0.00      0.00
    0.00      0.00
    0.00      0.00
    0.00      0.00
   14.37     15.59
    0.00     14.37
    0.74     14.37
   30.02      0.72
   14.37     15.15
    0.72      0.00
   58.67     74.31
  103.99    150.11
   46.48     31.88
  107.93     62.95
   45.33     44.68
    1.44      0.00
    0.00      0.00
   15.09     15.05
   28.85     30.18
   30.31     30.22
   45.03    104.34
   63.05     76.08
   74.26     18.62
   16.51      0.00
   30.18     29.58
  104.05    101.54
    0.00     16.53
   43.81     88.59
   30.44      0.72
   30.32     16.55
   16.29     71.84
   28.73      2.14
   46.24     30.20
    0.71     72.55
   73.43     61.25
   88.68     31.45
   44.57     75.64
   30.98     44.63
   44.70     44.55
   45.35     61.84
   33.14     15.79
   45.37      1.43
   15.87      1.44
    1.45     14.37
   14.37     15.08
   15.15      0.72
    0.00      0.00
    0.72      0.00
    0.72      0.00
    0.00      0.00
    0.00      0.00
    0.00      0.00
    0.00      0.00
    0.00      0.00
    0.00      0.00
    0.00      0.00
   14.79     15.70
    0.71     29.60
   45.41     15.56
    0.72      0.72
   15.51     29.64
   75.31     76.91
   61.01     91.38
   92.12     91.22
   77.55     61.20
   46.38     17.75
    2.16      0.00
   16.24     15.16
   30.45     29.60
   15.71     17.01
   44.84     45.83
   46.83     61.97
   16.60     45.84
   29.65     46.23
   75.86     32.61
  109.33     91.06
   15.51     16.29
    0.00      0.00
    0.72     44.76
   60.38     46.58
   45.34     31.81
   16.29     16.23
    0.00     44.39
   31.75     17.68
   46.69     46.49
   31.82     61.31
   30.26     45.39
   45.16     30.42
   60.85     61.31
   46.51     74.81
   31.81     31.01
   77.74     48.71
    1.44     15.51
   61.74     33.18
   30.37      0.71
   15.59      1.46
    1.46      0.00
    0.74      0.00
   14.79     15.59
    0.00      0.00
    0.00      0.00
    0.00      0.00
    0.72      0.00
    0.00      0.00
    0.00      0.00
    0.00      0.00
    0.00      0.00
   15.00     15.91
    0.00     44.78
   46.35     16.50
   31.59     16.49
    0.71     30.08
   61.60     47.44
   63.07     91.17
   76.64     76.91
   78.25     78.54
   61.14     31.67
   17.16      1.43
   31.54     29.98
   15.82     17.22
   15.78     14.99
   46.56     33.75
   15.71     15.70
    2.09     14.99
   45.76     62.33
  110.27    107.94
   30.78     17.87
   17.07     16.49
    0.00      0.00
    0.72     45.19
   61.23     32.17
   16.44     32.23
   16.44     16.44
   31.51     15.78
   16.45     60.71
   31.49     32.15
   47.28     17.15
   14.99     31.44
   47.15     91.72
   15.05      0.72
   47.29     47.22
   61.54     78.64
   46.49     31.57
   47.28     61.41
   15.06     16.45
   51.17     17.89
    0.72      0.00
   45.77     31.48
   15.07      0.72
    0.72      0.72
    1.47      0.00
    0.74      0.00
   15.00     16.45
    0.00      0.00
    0.00      0.00
    0.00      0.00
    1.44      0.00
    0.00      0.00
    0.00      0.00
   15.10     16.55
   46.08     46.14
    1.37      0.65
   33.07     31.64
   47.44     47.64
   17.85     48.13
   61.99      4.24
    1.44      1.31
   32.30      4.27
   17.85     48.20
   32.41     16.61
    0.72     15.10
   31.71     32.83
   17.22      0.72
   15.76     16.54
   31.65     45.42
   81.40    108.80
   15.89     16.55
   16.62     16.47
   31.64     16.61
   16.62      0.72
    1.43     16.41
    0.72     15.10
   15.82     30.91
   32.37     31.70
   15.15      0.00
   17.25     32.37
   15.10     60.45
   45.41     17.25
   46.10     17.98
    2.17     15.11
   33.12     48.22
   30.26     46.10
   32.50     30.93
   62.61     63.37
   31.08     31.66
   61.96     78.58
   17.35     15.84
   62.47     17.25
    2.15      0.72
   45.24     31.72
    0.65      1.44
    1.45     15.10
   30.92      1.43
    1.45      0.72
    0.00      0.00
    1.44      0.00
   15.10     15.81
    0.00      0.00
    0.00      0.00
    0.00      0.65
    3.42      1.37
    2.09      1.44
    1.36      3.40
    3.40      2.75
    2.75      3.47
    1.37      1.96
    4.19      2.09
    0.65      2.68
    3.47      2.08
    3.47      4.12
    2.74      2.75
    2.68      1.44
    1.37      1.44
    0.00      0.65
    2.68      1.44
    4.70      6.96
    1.44      0.00
    0.65      2.03
    0.65      0.00
    2.09      2.75
    1.36     16.47
   18.57      2.16
    0.72      1.37
    0.00      0.65
    1.37      2.03
    2.75      2.09
    1.44      0.00
    0.00      1.31
    1.37      0.65
    0.72      2.03
    2.68      2.09
    2.10      1.37
    1.37      2.75
    0.65      2.68
    1.37      1.37
    2.82      1.37
    2.75      2.03
    2.09      3.33
    2.09      1.44
    0.72      0.65
    2.82      0.72
    0.00      0.65
    1.37      0.72
    0.00      0.65
    0.00      0.00
   15.76      2.10
    0.65      0.72
    1.37      0.72
    0.00      0.00
    0.00      0.00
    2.09      2.03
    1.37      2.03
    2.03      0.72
    3.40      4.19
    2.09      1.31
    2.03      2.09
    1.96      4.19
    0.72      0.65
    3.47      2.75
    2.03      2.09
    2.10      1.31
    2.09      3.40
    3.47      2.09
    0.72      0.00
    1.37      3.33
    6.22      4.12
    0.65      1.44
    0.72      0.00
    0.65      0.65
    0.65      2.09
    3.40      2.09
    0.72      2.03
    0.72      0.65
    1.37      0.00
    0.00      1.37
    2.03      2.68
    2.75      2.16
    1.44      0.00
    1.31      2.09
    0.00      0.00
    0.65      0.72
    0.72      1.96
    1.72      2.44
    2.09      2.09
    2.75      0.72
    3.40      3.47
    0.65      1.44
    2.75      2.75
    1.96      2.03
    1.31      2.16
    1.44      2.03
    2.09      0.72
    0.65      0.65
   15.78      1.44
    0.00      0.00
    0.72      0.65
    0.00      0.00
    0.00      0.65
    0.65      0.00
    0.00      0.72
    2.02      2.74
    1.37      0.72
    1.44      1.31
    2.03      3.40
    4.84      2.16
    0.72      1.96
    2.75      2.68
    2.03      0.72
    2.09      3.47
    3.47      2.03
    1.37      2.09
    2.03      2.09
    1.31      2.09
    2.03      1.37
    2.68      1.44
    3.40      5.56
    2.10      1.39
    0.72      0.00
    0.00      0.65
    0.00      0.00
    2.04      1.37
    0.65      1.44
    2.68      2.16
    0.00      0.00
    0.00      0.65
    0.72      1.31
    0.65      2.68
    2.68      1.44
    2.88      2.03
    0.72      0.65
    0.72      0.00
    0.65      0.72
    0.72      0.00
    1.31      1.37
    0.65      4.05
    2.68      3.40
    2.10      0.72
    2.16      2.68
    2.10      2.03
    1.44      0.65
    2.09      2.03
    2.03      2.09
    1.37      1.37
    1.44      0.65
    0.72      0.00
    2.75      1.44
    0.00      0.00
    0.00      0.00
    0.00      0.00
    0.00      0.00
    0.72      1.96
    1.31      2.09
    2.03      0.72
    1.37      2.75
    4.12      4.12
    2.10      0.72
    0.65      2.03
    2.61      3.40
    2.89      1.44
    4.77      3.47
    0.00      1.37
    2.82      2.03
    0.72      1.96
    2.10      1.37
    2.82      2.61
    4.78      3.54
    0.72      1.37
    0.65      0.72
    0.72      0.00
    0.00      0.00
    0.65      2.03
    1.44      0.65
    0.65      1.96
    2.82      1.44
    0.72      0.00
    0.65      0.72
    0.65      0.65
    0.00      1.37
    1.31      3.40
    4.19      1.44
    1.37      0.72
    0.65      0.65
    0.00      0.72
    0.00      0.65
    0.72      0.65
    1.37      2.03
    1.37      2.03
    3.33      2.82
    3.39      2.16
    0.72      1.37
    4.05      4.19
    0.00      0.00
    0.65      0.72
    2.03      2.03
    1.37      0.72
    0.72      2.68
    0.72      0.00
   15.09      0.00
    2.16      1.44
    0.00      0.00
    0.65      0.72
    0.00      1.31
    2.09      1.37
    1.37      2.03
    2.68      3.40
    2.82      2.09
    0.72      0.65
    2.03      3.33
    3.40      3.54
    5.56      4.77
    0.00      0.00
    4.77      2.82
    1.37      0.72
    1.96      2.81
    1.30      3.46
    4.12      3.47
    2.10      0.72
    0.00      0.65
    1.37      0.75
    0.00      0.00
    0.65      1.37
    0.65      0.72
    1.37      0.00
    1.31      2.16
    0.65      1.37
    1.78      1.78
    0.00      0.65
    0.72      0.00
    2.03      1.37
    0.00      2.68
    2.82      1.31
    1.37      2.10
    1.44      0.00
    1.37      0.00
    0.65      0.72
    0.65      0.72
    0.00      1.37
    1.31      3.98
    2.09      2.75
    2.16      0.65
    2.75      4.71
    2.09      0.00
    1.44      1.37
    3.47      1.37
    0.00      0.72
    1.37      1.37
    0.72      0.65
    2.03      0.00
    0.00      2.75
    0.72      0.00
    2.81      1.37
    0.00      0.65
    2.03      1.44
    1.37      1.37
    2.03      2.68
    1.96      2.82
    1.44      0.72
    0.65      2.03
    4.05      2.03
    3.40      6.27
    2.09      0.00
    3.47      4.77
    0.65      2.03
    4.26      2.68
    3.47      1.96
    4.77      2.82
    0.00      2.81
    1.44      0.00
    0.65      1.37
    0.00      0.00
    1.44      0.65
    0.65      0.65
    0.00      1.37
    0.72      1.31
    2.16      0.00
    1.31      0.72
    0.00      0.72
    1.31      1.44
    0.00      1.31
    0.00      0.00
    2.75      2.09
    0.65      0.72
    0.72      1.30
    1.96      2.82
    1.44      0.65
    0.00      0.65
    1.44      0.00
    0.72      0.65
    0.65      1.37
    3.26      2.88
    2.75      2.09
    0.00      1.37
    2.03      1.37
    2.61      5.56
    2.10      0.00
    0.72      0.72
    1.37      0.72
    1.37      2.03
    0.00      0.00
    0.72      0.65
    1.37      2.02
    0.65      0.72
    2.10      2.03
    4.19      2.09
    0.65      2.68
    2.09      2.03
    1.37      0.72
    1.37      0.65
    1.37      4.05
    3.47      2.75
    4.12      2.75
    2.75      3.47
    2.82      0.00
    1.96      3.54
    3.98      3.47
    1.37      4.05
    1.44      0.72
    3.40      2.82
    0.65      0.72
    2.09      0.74
    0.65      0.72
    0.00      0.65
    0.00      0.00
    1.37      0.72
    1.96      2.16
    0.72      0.65
    0.00      0.00
    0.65      2.03
    0.72      0.00
    1.37      2.03
    1.31      1.44
    0.72      1.31
    0.72      0.00
    1.44      1.31
    0.00      0.65
    2.82      0.72
    1.31      1.44
    0.65      0.72
    0.00      0.65
    0.65      2.61
    0.00      2.03
    2.82      0.72
    3.54      1.96
    0.00      1.37
    0.72      1.96
    4.05      2.09
    2.82      2.09
    0.72      0.72
    1.44      0.00
    0.65      1.37
    1.37      1.37
    0.72      0.00
    0.65      2.68
    2.75      3.40
    1.37      0.72
    4.77      2.81
    0.72      1.37
    1.31      1.37
    2.10      2.10
    3.40      2.75
    2.03      3.46
    3.40      3.40
    3.47      2.81
    0.72      1.96
    3.54      3.98
    3.47      1.44
    2.68      2.82
    0.00      1.31
    1.37      0.00
    0.72      2.03
    0.72      0.65
    1.44      0.00
    0.65      1.37
    1.37      1.37
    0.72      1.31
    2.10      0.72
    0.72      0.00
    0.00      0.00
    1.31      1.44
    0.00      0.65
    0.65      1.31
    2.03      1.44
    1.44      0.72
    0.65      1.37
    1.37      0.00
    0.65      2.10
    0.00      1.30
    1.37      1.37
    0.72      0.00
    1.44      0.65
    1.31      0.00
    1.96      2.88
    2.03      2.09
    0.00      0.72
    2.68      1.37
    0.00      2.10
    0.65      2.68
    2.03      1.44
    3.40      2.82
    0.72      0.00
    2.09      1.37
    0.65      2.03
    0.72      0.00
    4.12      2.75
    0.72      0.72
    0.72      3.92
    2.09      0.72
    1.96      2.75
    3.54      2.09
    2.75      2.75
    1.37      2.68
    4.84      3.47
    1.96      4.12
    2.82      0.72
    5.77      3.54
    2.75      3.47
    2.03      3.47
    0.72      0.00
    2.03      2.10
    0.00      0.00
    1.37      0.72
    1.31      2.12
    0.00      0.00
    0.00      1.31
    3.00    168.59
   57.16      6.04
  125.78     37.79
   21.97      0.72
   57.92     67.01
    3.04      0.00
   47.94     27.43
   39.33     26.56
   74.10     28.43
   54.52     26.64
    5.85      6.12
   21.48      0.00
    0.72      0.72
    0.00      0.00
    0.00      0.00
    0.00      0.00
    0.00      0.00
    0.00      0.00
    0.00      0.00
    0.00      0.00
    0.41      0.41
    0.00      0.00
    0.00      0.00
    0.00      0.00
    0.00      0.00
    0.00      0.00
    0.00      0.00
    0.00      0.00
    0.00      0.00
    0.00      0.00
    0.00      0.00
    0.00      0.00
    0.00      0.00
    0.00      0.00
    0.00      0.00
    0.00      0.00
    0.00      0.00
    0.00      0.00
    0.00      0.00
    0.00      0.00
    0.00      0.00
    0.00      0.00
    0.00      0.00
    0.00      0.00
    0.00      0.00
    0.00      0.00
    0.00      0.00
    0.00      0.00
    0.00      0.00
    0.00      0.00
   11.10      0.00
   13.77     23.00
   22.19     33.41
   14.06     12.50
    4.05      7.81
    3.42     17.84
   19.28      2.17
   15.08     15.88
    2.16     14.37
   45.32     30.23
    0.72      0.00
    0.00      0.00
    0.00     14.37
    0.71      0.00
   13.71      0.72
    0.00      0.00
    0.00      0.00
    0.00      0.00
    0.00      0.00
    0.00      0.00
    0.00      0.00
    0.00      0.00
    0.00      0.00
    0.00      0.00
    0.00      0.00
    0.00      0.00
    0.00      0.00
    0.00      0.00
    0.00      0.00
    0.00      0.00
    0.00      0.00
    0.00      0.00
    0.00      0.00
    0.00      0.00
    0.00      0.00
    0.00      0.00
    0.00      0.00
    0.00      0.00
    0.00      0.00
    0.00      0.00
    0.41      0.00
    0.00      0.00
    0.00      0.00
    0.00      0.00
    0.00      0.00
    0.00      0.00
    0.00      0.00
    0.00      0.00
    0.00      0.00
    0.00      0.00
    4.19     13.71
   12.26     11.24
    6.49     19.60
   10.45     12.58
   20.94      3.41
    6.96      4.75
    5.71      2.03
   18.87     19.01
   18.33     31.02
   34.57     31.02
   16.91      3.54
    1.37      1.44
    0.00      0.00
    2.16      0.00
    0.00     14.80
    0.00      0.00
   15.60      0.72
    0.00      0.00
    0.00      0.00
    0.00      0.00
    0.00      0.00
    0.00      0.00
    0.00      0.00
    0.00      0.00
    0.00      0.00
    0.00      0.00
    0.00      0.00
    0.00      0.00
    0.00      0.00
    0.00      0.00
    0.00      0.00
    0.00      0.00
    0.00      0.00
    0.00      0.00
    0.00      0.00
    0.00      0.00
    0.00      0.00
    0.00      0.00
    0.00      0.00
    0.00      0.00
    0.00      0.00
    0.00      0.00
    0.00      0.00
    0.00      0.00
    0.00      0.00
    0.00      0.00
    0.00      0.00
    0.00      0.00
    0.00      0.00
    0.00      0.00
   10.45      3.54
    4.64     12.97
    9.14      8.65
   12.41      5.05
    8.48     22.00
    8.69      8.61
    5.36      4.91
    1.31      2.82
    2.81     18.32
   63.42     47.90
   17.17     17.88
    4.25      1.37
    0.72      0.00
    1.31      1.96
    0.00      1.44
    2.03      1.44
    0.00     14.99
   15.79      0.72
    2.10      0.72
    0.72      0.00
    0.00      0.00
    0.00      0.00
    0.00      0.00
    0.00      0.00
    0.00      0.00
    0.00      0.00
    0.00      0.00
    0.00      0.00
    0.00      0.00
    0.00      0.00
    0.00      0.00
    0.00      0.00
    0.00      0.00
    0.00      0.00
    0.00      0.00
    0.00      0.00
    0.00      0.00
    0.00      0.00
    0.00      0.00
    0.00      0.00
    0.00      0.00
    0.00      0.00
    0.00      0.00
    0.00      0.00
    0.00      0.00
    0.00      0.00
    0.00      0.00
    0.00      0.00
    0.00      0.00
    0.00      0.00
    3.54     12.48
   13.61      3.29
    0.00      8.34
    9.38     13.07
    5.22      6.53
   12.13      8.56
   10.29      6.08
    8.16      2.16
    2.89      1.31
    6.37      2.10
    2.10      1.37
    0.72      1.96
    1.96      2.82
    2.89      0.00
    0.65      0.72
    0.72      0.65
    0.00      0.00
    0.65      1.30
    0.65      2.09
    1.31      1.44
    0.72      0.00
    1.44      0.00
    0.00      0.00
    0.72      0.00
    0.00      0.00
    0.00      0.00
    0.00      0.00
    0.00      0.00
    0.00      0.00
    0.00      0.00
    0.00      0.00
    0.00      0.00
    0.00      0.00
    0.00      0.00
    0.00      0.00
    0.00      0.00
    0.00      0.00
    0.00      0.00
    0.00      0.00
    0.00      0.00
    2.05      0.00
    0.00      0.00
    0.00      0.00
    0.00      0.00
    0.00      0.00
    0.00      0.00
    0.00      0.00
    0.00      0.00
    0.00      0.00
    0.00      0.00
   11.16      7.86
    3.92      8.65
    2.61      2.88
    6.53      7.21
    3.27      3.61
   10.21     11.23
    7.18      8.58
    6.53     10.49
    5.57      0.00
    2.61      5.05
    0.72      1.31
    1.31      2.09
    2.09      0.72
    0.72      2.61
    1.96      0.72
    0.73      2.10
    2.16      0.72
    0.65      0.72
    0.72      0.00
    0.00      0.65
    0.00      0.00
    0.00      1.31
    1.31      0.72
    0.65      2.10
    1.37      0.72
    0.72      0.00
    0.72      0.00
    0.00      0.00
    0.72      0.00
    0.00      0.00
    0.00      0.00
    1.36      0.00
    0.00      0.00
    0.00      0.00
    0.00      0.00
    0.00      0.00
    0.00      0.00
    0.00      0.00
    0.00      0.00
    0.00      0.00
    0.00      0.00
    0.00      0.00
    0.00      0.00
    0.00      0.00
    0.00      0.00
    0.00      0.00
    0.00      0.00
    0.00      0.00
    0.00      0.00
    1.04      0.00
    6.42     11.16
   10.03      3.99
    0.00      4.53
    2.84      4.50
    7.21      3.27
    0.00     10.42
    4.96      5.77
   10.76      3.92
    9.12      8.76
    4.26      2.03
    3.84      1.30
    3.60      1.30
    2.75      0.00
    1.44      2.09
    0.65      0.72
    0.72      1.31
    0.65      1.31
    1.31      2.16
    2.88      0.65
    0.65      0.00
    0.00      0.72
    0.72      0.00
    0.00      0.00
    0.00      0.65
    0.00      0.00
    0.00      0.65
    0.65      0.72
    1.31      2.09
    1.37      0.72
    0.00      0.00
    0.72      0.00
    0.72      0.00
    0.00      0.00
    0.00      0.00
    0.00      0.00
    0.00      0.00
    0.00      0.00
    0.00      0.00
    0.00      0.00
    0.00      0.00
    0.00      0.00
    0.00      0.00
    0.00      0.00
    0.00      0.00
    0.00      0.00
    0.00      0.00
    0.00      0.00
    0.00      0.00
    0.00      0.00
    0.00      0.00
   11.17     12.19
    3.92      4.33
    0.00      0.00
    5.88      6.49
    3.26      3.60
    3.26      3.60
    9.79      6.49
    5.88     11.47
    0.65      0.74
    7.25      8.31
    2.16      2.82
    3.33      2.89
    4.08      2.16
    0.00      1.30
    1.31      1.44
    1.44      0.65
    0.65      0.72
    0.72      0.00
    0.00      2.61
    1.96      0.72
    1.44      1.44
    1.44      0.65
    0.65      0.00
    0.00      0.72
    0.72      0.00
    0.00      0.00
    0.00      0.65
    0.00      0.00
    0.00      0.65
    0.00      0.00
    0.72      0.65
    0.65      0.65
    2.03      2.16
    0.00      0.00
    0.72      0.00
    0.72      0.00
    0.00      0.00
    0.00      0.00
    0.00      0.00
    0.00      0.00
    0.00      0.00
    0.00      0.00
    0.00      0.00
    0.00      0.00
    0.00      0.00
    0.00      0.00
    0.00      0.00
    0.00      0.00
    0.00      0.00
    0.71      2.61
   11.28     11.62
    4.26      0.72
    0.00      0.00
    0.41      6.26
    6.26      3.15
    3.61      3.26
    0.00      8.89
    3.61      6.54
   11.71      1.32
    6.51      3.27
    1.96      5.36
    4.19      4.06
    4.33      1.37
    0.72      0.00
    2.82      0.00
    2.17      2.03
    1.31      1.44
    1.44      0.65
    0.65      0.72
    0.72      0.00
    0.00      1.31
    0.65      2.03
    1.31      1.44
    2.89      0.00
    0.00      0.65
    0.65      0.72
    0.00      0.00
    0.72      0.00
    0.00      0.00
    0.65      0.00
    0.00      0.72
    0.00      0.00
    0.00      0.65
    0.00      0.65
    0.00      0.00
    0.65      0.65
    0.65      0.72
    1.37      1.44
    0.72      0.00
    0.72      0.00
    0.00      0.00
    0.00      0.00
    0.00      0.00
    0.00      0.00
    0.00      0.00
    0.00      0.00
    0.00      0.00
    0.00      0.00
    0.00      0.00
    2.68      3.47
   11.81      8.65
    0.65      4.32
    0.00      0.00
    2.61      2.88
    3.27      3.61
    3.27      3.61
    3.26      3.60
    5.88      1.43
    4.57     10.75
    5.87      6.51
    0.00      0.00
    6.59      7.59
    1.31      3.61
    5.50      1.44
    2.03      1.44
    0.00      2.09
    0.00      0.00
    0.72      1.31
    1.31      1.44
    1.44      0.65
    0.65      0.72
    0.72      0.00
    0.00      0.65
    0.00      1.96
    1.96      0.72
    1.44      1.44
    1.44      0.00
    0.00      0.65
    0.65      0.72
    0.00      0.65
    0.72      0.00
    0.00      0.00
    0.00      0.00
    0.00      0.00
    1.37      0.72
    0.00      0.00
    0.00      0.00
    0.00      0.65
    0.00      0.65
    0.00      0.65
    0.65      0.00
    1.30      2.16
    1.44      0.00
    0.00      0.00
    0.72      0.00
    0.00      0.00
    0.00      0.00
    0.00      0.00
    0.00      0.00
    3.47      3.40
    8.55     10.97
    4.25      0.00
    0.00      0.72
    0.00      2.61
    2.72      6.17
    3.60      0.00
    3.61      3.27
    0.00      9.14
    3.61      1.31
   10.75      6.60
    1.44      0.65
    6.51      3.92
    0.65      2.68
    4.71      6.15
    6.49      2.03
    0.00      0.00
    2.82      0.00
    0.72      0.72
    1.44      1.31
    0.65      0.00
    2.10      1.44
    0.00      0.65
    0.65      0.72
    0.72      0.00
    0.00      0.00
    1.36      1.31
    0.65      2.03
    2.03      1.44
    2.16      0.00
    0.00      0.00
    0.00      0.65
    0.65      0.72
    0.00      0.00
    0.72      0.00
    0.00      0.65
    0.00      0.00
    0.00      0.00
    0.00      0.00
    0.65      0.72
    0.72      0.00
    0.00      0.00
    0.00      0.65
    0.00      0.65
    0.00      0.00
    1.31      2.10
    1.37      0.72
    0.72      0.00
    0.00      0.00
    0.72      0.00
    3.40      3.47
   10.45      8.66
    1.31      3.60
    0.00      0.72
    0.00      0.00
    5.87      2.88
    3.26      3.60
    0.00      3.61
    3.26      0.72
    0.00      2.88
    9.79     10.74
    3.92      0.72
    2.68      6.50
    0.00      0.00
    4.57      2.03
    1.96      8.38
    3.60      0.72
    4.02      3.54
    1.31      0.00
    1.37      2.16
    0.00      0.00
    0.00      1.31
    1.31      0.00
    1.44      1.44
    0.00      0.65
    0.65      0.72
    0.72      0.00
    0.00      0.00
    0.00      1.31
    0.00      1.31
    1.96      0.72
    1.44      1.44
    1.44      0.00
    0.00      0.00
    0.00      0.65
    0.65      0.72
    0.00      0.00
    0.72      0.00
    0.00      0.00
    0.00      0.65
    0.00      0.00
    0.00      0.00
    0.00      0.00
    0.72      0.00
    0.00      0.00
    0.00      0.00
    0.00      0.65
    0.00      0.65
    0.00      0.00
    1.30      1.45
    4.84      7.32
    8.66      7.91
    4.33      0.00
    0.64      0.71
    0.00      2.59
    2.14      3.23
    4.32      3.26
    0.00      0.00
    4.29      3.27
    0.00      0.65
    3.61      9.14
    1.44      5.88
   10.04      0.72
    2.90      0.00
    3.61      3.92
    0.00      0.00
    3.99      5.43
    7.87      4.77
    0.00      1.31
    0.00      0.65
    3.54      0.72
    1.44      0.00
    0.72      0.00
    0.00      1.30
    1.31      1.44
    1.44      0.00
    0.00      0.65
    0.65      0.72
    0.72      0.00
    0.00      0.00
    0.00      0.00
    0.00      1.31
    0.65      2.03
    1.31      1.44
    1.44      0.00
    1.44      0.00
    0.00      0.00
    0.00      0.65
    0.65      0.72
    0.00      0.00
    0.72      0.00
    0.00      0.00
    0.00      0.00
    0.65      0.65
    0.00      0.72
    0.00      0.00
    0.00      0.00
    0.72      0.00
    0.00      0.65
    0.68      0.68
    7.32      4.12
    3.92      8.66
    3.92      4.26
    1.37      1.44
    0.72      0.00
    2.61      2.88
    3.99      3.61
    3.27      0.72
    0.00      2.88
    3.27      0.00
    0.00      3.61
    7.18      3.54
    2.61      7.93
    6.60      6.51
    0.00      0.00
    0.00      0.00
    0.65      1.37
    4.57      8.96
    3.47      1.44
    4.80      0.72
    1.38      2.89
    1.96      2.16
    0.00      0.00
    0.00      0.00
    0.00      0.00
    0.00      1.31
    1.31      1.44
    1.44      0.00
    0.00      0.65
    0.65      0.72
    0.72      0.00
    0.00      0.00
    0.00      0.00
    0.00      0.65
    0.00      1.96
    0.65      0.72
    2.75      1.44
    1.44      0.00
    0.00      0.00
    0.00      0.00
    0.00      0.65
    0.65      0.72
    0.00      0.00
    0.72      0.00
    0.00      0.00
    0.00      0.00
    0.00      0.00
    0.65      0.65
    0.00      0.72
    0.00      0.00
    3.47     11.25
    8.64      3.26
    4.85      0.70
    0.61      0.67
    0.00      0.65
    1.01      3.55
    3.52      4.62
    3.61      3.27
    4.32      0.00
    0.00      3.26
    0.72      0.00
    3.61      9.80
    0.00      0.00
   11.47      6.60
    0.00      0.00
    6.50      0.00
    0.00      3.26
    0.00      0.00
    2.03      3.33
    6.94      6.87
    1.44      0.65
    1.38      2.68
    2.89      0.00
    1.37      0.72
    2.16      0.00
    0.00      0.00
    0.00      0.00
    0.00      1.31
    1.31      1.44
    1.44      0.00
    0.00      0.65
    1.34      0.72
    0.72      0.00
    0.00      0.00
    0.00      0.00
    0.00      0.00
    0.00      1.31
    0.65      1.30
    2.03      2.18
    0.72      0.00
    1.44      0.00
    0.00      0.00
    0.00      0.65
    0.00      0.00
    0.65      0.72
    0.00      0.00
    0.72      0.00
    0.00      0.00
    0.00      0.00
    1.96      1.30
    9.27      4.97
    3.35      6.48
    0.65      4.91
    1.31      1.44
    0.00      0.00
    0.00      0.00
    3.33      2.88
    3.98      3.60
    3.91      4.25
    0.00      0.72
    0.65      0.72
    3.27      3.61
    4.64      0.00
    5.87     11.45
    0.65      0.00
    5.94      6.51
    0.41      0.41
    0.00      0.00
    0.65      1.37
    3.27      5.57
    1.96      2.81
    4.29      0.65
    2.61      3.54
    2.03      2.09
    2.03      1.44
    0.00      0.00
    0.72      0.00
    0.00      0.00
    0.00      0.00
    0.65      1.31
    2.11      1.46
    0.00      0.00
    0.00      0.65
    0.65      0.72
    0.72      0.00
    0.00      0.00
    0.00      0.00
    0.00      0.00
    0.00      0.65
    0.82      1.31
    0.65      1.37
    2.75      1.46
    1.46      0.00
    0.00      0.00
    0.00      0.00
    0.00      0.65
    0.00      0.00
    0.65      0.72
    0.00      0.00
    4.18      2.68
    0.00      7.91
    9.30      4.63
    3.60      0.00
    0.65      0.72
    0.00      0.00
    0.65      0.74
    0.00      5.22
    2.84      1.29
    4.20      3.93
    3.61      0.00
    0.72      3.92
    0.00      0.00
    3.61      5.88
    0.65      5.29
    9.25      2.11
    3.61      5.23
    0.74      0.00
    6.49      0.00
    0.00      1.96
    0.00      1.31
    1.37      0.00
    5.50      5.50
    2.88      2.68
    0.00      1.31
    0.65      2.68
    4.84      2.16
    0.72      0.00
    2.16      0.00
    0.00      0.00
    0.00      0.00
    0.00      1.31
    1.31      0.00
    1.46      1.46
    0.00      0.00
    0.00      0.65
    0.65      0.72
    0.72      0.00
    0.00      0.00
    0.00      0.00
    0.00      0.00
    0.00      0.00
    0.00      1.31
    0.65      1.31
    1.31      2.18
    1.44      0.00
    1.46      0.00
    0.00      0.00
    0.00      0.00
    0.00      0.65
    3.40      3.47
    7.84      8.65
    1.37      0.72
    3.27      3.61
    0.65      0.72
    0.00      0.00
    0.00      0.65
    2.61      2.88
    3.26      0.00
    0.00      3.60
    3.26      3.61
    0.74      0.65
    0.00      0.00
    3.92      4.33
    0.00      0.00
    9.80     10.69
    0.72      1.44
    6.60      1.39
    1.38      5.77
    0.65      1.46
    0.00      0.00
    0.65      0.72
    3.34      3.54
    1.96      4.06
    3.54      1.44
    1.37      0.00
    0.65      3.40
    1.31      2.09
    1.96      2.82
    2.82      0.72
    1.44      0.00
    0.00      0.00
    0.00      0.00
    0.00      1.31
    1.31      1.46
    1.46      0.00
    0.00      0.00
    0.00      0.65
    0.65      0.00
    0.00      0.72
    1.13      0.00
    0.00      0.00
    0.00      0.00
    0.00      0.00
    0.00      0.65
    0.00      0.65
    0.65      2.03
    2.75      1.46
    1.46      0.00
    0.00      0.00
    3.44      3.37
    5.05      7.18
    3.61      4.57
    3.40      0.00
    1.30      0.72
    0.71      0.71
    0.00      0.00
    0.00      2.61
    2.88      3.26
    3.61      0.00
    0.65      4.01
    3.61      0.00
    0.00      1.96
    0.00      1.31
    3.60      0.65
    0.00      9.14
    1.44      0.65
   10.68      7.32
    0.74      0.65
    5.76      0.00
    0.00      0.00
    0.72      0.65
    0.00      3.27
    2.11      0.74
    5.49      4.05
    2.82      3.47
    1.48      0.00
    0.00      1.31
    1.44      0.00
    1.96      3.47
    0.65      1.37
    2.16      0.00
    1.37      0.72
    0.72      0.00
    0.00      0.00
    0.00      1.31
    1.31      1.48
    1.48      0.00
    0.00      0.00
    0.00      0.65
    0.65      0.00
    0.00      0.72
    0.72      0.00
    0.00      0.00
    0.00      0.00
    0.00      0.00
    0.00      0.00
    0.00      1.31
    0.65      1.31
    2.03      2.18
    4.12      3.47
    8.64      7.93
    0.65      0.72
    3.26      3.60
    0.65      0.00
    0.00      1.37
    0.00      0.00
    0.65      0.72
    2.61      2.88
    3.98      3.60
    0.00      0.65
    3.26      3.60
    0.00      0.00
    0.00      0.00
    4.01      3.61
    0.00      0.00
    5.87      2.82
    3.91      8.65
    0.65      0.74
    5.94      5.77
    0.00      0.00
    0.65      1.37
    0.65      0.74
    0.65      0.72
    2.61      3.54
    0.65      2.68
    4.05      3.49
    2.94      0.74
    1.31      1.44
    0.00      1.31
    2.05      0.00
    0.72      2.09
    2.03      2.11
    1.39      1.37
    0.00      0.00
    2.09      0.72
    0.00      0.65
    0.00      0.65
    2.05      1.48
    0.74      0.00
    0.00      0.00
    0.00      0.65
    0.65      0.00
    0.00      0.72
    0.72      0.00
    0.00      0.00
    0.00      0.00
    0.00      0.00
    0.00      0.00
    0.00      0.65
    3.47      4.06
    8.59      9.21
    3.47      5.38
    5.07      0.00
    0.00      0.00
    1.37      0.73
    0.00      0.00
    0.00      0.00
    0.71      3.26
    2.16      3.27
    4.26      0.72
    0.00      3.26
    4.33      0.00
    0.00      0.00
    0.65      4.01
    3.61      0.00
    0.00      7.19
    0.72      2.61
    7.87      1.37
    2.88      5.22
    0.74      0.00
    5.77      0.00
    0.00      0.65
    0.00      0.65
    0.00      2.61
    0.00      0.65
    3.42      2.11
    4.84      4.89
    3.66      1.31
    0.00      0.00
    0.00      1.96
    3.49      2.11
    0.00      0.65
    0.65      0.74
    2.90      0.00
    2.03      2.03
    0.00      0.72
    0.00      0.00
    1.37      1.37
    0.72      0.65
    2.05      1.48
    0.74      0.00
    0.00      0.00
    0.00      0.00
    0.65      0.65
    0.00      0.72
    0.74      0.00
    0.00      0.00
    0.00      0.00
    0.00      0.00
    3.40      3.47
    7.18      7.93
    0.65      2.03
    3.27      4.91
    2.68      0.74
    1.39      2.20
    1.48      0.00
    0.00      0.00
    2.61      0.65
    0.72      2.88
    3.26      3.60
    0.00      0.65
    3.26      3.60
    0.65      0.74
    0.74      0.65
    3.26      3.60
    0.00      0.00
    0.65      0.72
    9.79     10.04
    0.74      1.44
    1.37      0.74
    5.22      5.77
    0.00      0.00
    0.00      0.00
    0.00      0.00
    1.31      0.74
    2.61      4.26
    0.65      0.00
    2.68      4.82
    2.20      0.74
    1.39      0.74
    1.31      1.44
    0.00      0.00
    1.31      1.31
    1.39      2.82
    0.65      1.39
    0.00      0.00
    0.72      0.00
    2.77      2.75
    0.00      0.00
    0.00      0.65
    3.40      1.37
    0.74      1.48
    0.74      0.00
    0.00      0.00
    0.00      0.00
    0.00      0.65
    0.65      0.74
    0.74      0.00
    0.65      1.96
    2.82      1.44
    7.93      7.18
    0.72      3.26
    3.60      0.65
    0.00      0.65
    0.72      1.31
    0.65      2.05
    2.77      1.48
    0.74      1.96
    3.56      3.33
    0.72      1.31
    3.61      0.65
    0.00      2.61
    3.61      0.00
    0.00      0.65
    0.00      3.27
    0.65      0.74
    4.35      1.31
    0.72      8.49
    2.09      1.31
    8.66      0.72
    0.74      5.22
    0.00      0.00
    7.16      0.74
    0.00      0.00
    0.00      1.31
    0.00      2.61
    0.00      0.65
    1.37      0.72
    4.91      3.35
    4.25      3.53
    0.74      0.65
    0.00      0.00
    0.00      1.31
    2.18      0.65
    1.06      1.15
    0.00      0.00
    2.10      1.37
    0.74      1.31
    0.65      0.74
    1.39      0.65
    0.72      1.37
    0.74      1.31
    2.03      1.48
    2.20      0.00
    0.00      0.00
    0.00      0.00
    0.00      0.00
    0.00      0.65
    2.61      1.39
    2.18      2.82
    7.18      7.93
    0.65      0.72
    3.26      3.60
    0.00      0.00
    0.65      0.72
    0.41      0.41
    0.00      1.31
    0.65      1.31
    2.61      2.90
    5.38      2.20
    2.14      3.61
    0.65      0.00
    2.61      3.61
    0.00      0.00
    0.00      0.00
    3.27      2.89
    0.00      1.37
    0.65      0.72
    7.18      3.55
    3.35      7.93
    1.37      0.74
    1.31      0.00
    3.92      6.43
    0.00      0.00
    0.00      0.00
    0.00      0.00
    0.65      0.00
    4.66      2.11
    0.00      3.61
    0.00      2.61
    2.68      2.88
    2.94      0.00
    1.31      0.72
    1.39      1.46
    0.00      0.00
    1.31      1.44
    0.00      0.00
    0.65      0.74
    0.65      0.74
    0.00      0.00
    0.65      0.72
    0.00      0.65
    1.31      2.11
    0.65      2.03
    1.31      1.48
    2.94      0.00
    0.00      0.00
    0.00      0.00
    0.00      0.00
    0.00      0.00
    0.00      0.00
    0.00      0.00
    0.00      0.00
    0.00      0.00
    0.00      0.00
    0.00      0.00
    0.00      0.00
    0.00      0.00
    0.00      0.00
    0.00      0.00
    0.00      0.00
    0.00      0.00
    0.00      0.00
    0.00      0.00
    0.00      0.00
    0.00      0.00
    0.00      0.00
    0.00      0.00
    0.00      0.00
    0.00      0.00
    0.00      0.00
    0.00      0.00
    0.00      0.00
    0.00      0.00
    0.00      0.00
    0.00      0.00
    0.00      0.00
    0.00      0.00
