      h_eth1      
 KB/s in  KB/s out
    0.00      0.00
    0.00      0.00
    0.00      0.00
    0.00      0.00
    0.00      0.00
    0.00      0.00
    0.00      0.00
    0.00      0.00
    0.00      0.00
    0.00      0.00
    0.00      0.00
    0.00      0.00
    0.00      0.00
    0.00      0.00
    0.00      0.00
    0.00      0.00
    0.00      0.00
    0.00      0.00
    0.00      0.00
    0.00      0.00
    0.00      0.00
    0.00      0.00
    0.00      0.00
    0.00      0.00
    0.00      0.00
    0.00      0.00
    0.00      0.00
    0.00      0.00
    0.00      0.00
    0.00      0.00
    0.00      0.00
    0.00      0.00
    0.00      0.00
    0.00      0.00
    0.00      0.00
    0.00      0.00
    0.00      0.00
    0.00      0.00
    1.36      0.00
    0.00      0.00
    0.00      0.00
    0.00      0.00
    0.00      0.00
    0.00      0.00
    0.00      0.00
    0.00      0.00
    0.00      0.00
    0.00      0.00
    0.00      0.00
    0.00      0.00
    0.00      0.00
    0.00      0.00
    0.00      0.00
    0.00      0.00
    0.00      0.00
    0.00      0.00
    0.00      0.00
    0.00      0.00
    0.00      0.00
    0.00      0.00
    0.00      0.00
    0.00      0.00
    0.00      0.00
    0.00      0.00
    0.00      0.00
    0.00      0.00
    0.00      0.00
    0.00      0.00
    0.00      0.00
    0.00      0.00
    0.00      0.00
    0.00      0.00
    0.00      0.00
    0.00      0.00
    0.00      0.00
    0.00      0.00
    0.00      0.00
    0.00      0.00
    0.00      0.00
    0.68      0.68
    0.00      0.00
    0.00      0.00
    0.00      0.00
    0.00      0.00
    0.00      0.00
    0.00      0.00
    0.00      0.00
    0.00      0.00
    0.00      0.00
    0.00      0.00
    0.00      0.00
    0.00      0.00
    0.00      0.00
    0.00      0.00
    0.00      0.00
    0.00      0.00
    0.00      0.00
    0.00      0.00
    0.00      0.00
    0.00      0.00
    0.00      0.00
    0.00      0.00
    0.00      0.00
    0.00      0.00
    0.00      0.00
    0.00      0.00
    0.00      0.00
    0.00      0.00
    0.00      0.00
    0.00      0.00
    0.00      0.00
    0.00      0.00
    0.00      0.00
    0.00      0.00
    0.00      0.00
    0.00      0.00
    0.00      0.00
    0.00      0.00
    0.00      0.00
    0.00      0.00
    0.68      0.00
    0.00      0.00
    0.00      0.00
    0.00      0.00
    0.00      0.00
    0.00      0.00
    0.00      0.00
    0.00      0.00
    0.00      0.00
    0.00      0.00
    0.00      0.00
    0.00      0.00
    0.00      0.00
    0.00      0.00
    0.00      0.00
    0.00      0.00
    0.00      0.00
    0.00      0.00
    0.00      0.00
    0.00      0.00
    0.00      0.00
    0.00      0.00
    0.00      0.00
    0.00      0.00
    0.00      0.00
    0.00      0.00
    0.00      0.00
    0.00      0.00
    0.00      0.00
    0.00      0.00
    0.00      0.00
    0.00      0.00
    0.00      0.00
    0.00      0.00
    0.00      0.00
    0.00      0.00
    0.00      0.00
    0.00      0.00
    0.00      0.00
    0.00      0.00
    0.00      0.00
    0.00      0.00
    0.00      0.00
    0.00      0.00
    0.00      0.00
    0.00      0.00
    0.00      0.00
    0.00      0.00
    0.00      0.00
    0.00      0.00
    0.00      0.00
    0.00      0.00
    0.00      0.00
    0.00      0.00
    0.00      0.00
    0.00      0.00
    0.00      0.00
    0.00      0.00
    0.00      0.00
    0.00      0.00
    0.00      0.00
    0.00      0.00
    0.00      0.00
    0.00      0.00
    0.00      0.00
    0.00      0.00
    0.00      0.00
    0.00      0.00
    0.00      0.00
    0.00      0.00
    0.00      0.00
    0.00      0.00
    0.00      0.00
    0.00      0.00
    0.00      0.00
    0.00      0.00
    0.00      0.00
    0.00      0.00
    0.00      0.00
    0.00      0.00
    0.00      0.00
    0.00      0.00
    1.36      0.00
    0.00      0.00
    0.00      0.00
    0.00      0.00
    0.00      0.00
    0.00      0.00
    0.00      0.00
    0.00      0.00
    0.00      0.00
    0.00      0.00
    0.00      0.00
    0.00      0.00
    0.00      0.00
    0.00      0.00
    0.00      0.00
    0.00      0.00
    0.00      0.00
    0.00      0.00
    0.00      0.00
    0.00      0.00
    0.00      0.00
    0.00      0.00
    0.00      0.00
    0.00      0.00
    0.00      0.00
    0.00      0.00
    0.00      0.00
    0.00      0.00
    0.00      0.00
    0.00      0.00
    0.00      0.00
    0.00      0.00
    0.00      0.00
    0.00      0.00
    0.00      0.00
    0.00      0.00
    0.00      0.00
    0.00      0.00
    0.00      0.00
    0.00      0.00
    0.00      0.00
    0.68      0.00
    0.00      0.00
    0.00      0.00
    0.00      0.00
    0.00      0.00
    0.00      0.00
    0.00      0.00
    0.00      0.00
    0.00      0.00
    0.00      0.00
    0.00      0.00
    0.00      0.00
    0.00      0.00
    0.00      0.00
    0.00      0.00
    0.00      0.00
    0.00      0.00
    0.00      0.00
    0.00      0.00
    0.00      0.00
    0.00      0.00
    0.00      0.00
    0.00      0.00
    0.00      0.00
    0.00      0.00
    0.00      0.00
    0.00      0.00
    0.00      0.00
    0.00      0.00
    0.00      0.00
    0.00      0.00
    0.00      0.00
    0.00      0.00
    0.00      0.00
    0.00      0.00
    0.00      0.00
    0.00      0.00
    0.00      0.00
    0.00      0.00
    0.00      0.00
    0.00      0.00
    0.00      0.00
    0.00      0.00
    0.00      0.00
    0.00      0.00
    0.00      0.00
    0.00      0.00
    0.00      0.00
    0.00      0.00
    0.00      0.00
    0.00      0.00
    0.00      0.00
    0.00      0.00
    0.00      0.00
    0.00      0.00
    0.00      0.00
    0.00      0.00
    0.00      0.00
    0.00      0.00
    0.00      0.00
    0.00      0.00
    0.00      0.00
    0.00      0.00
    0.00      0.00
    0.00      0.00
    0.00      0.00
    0.41      0.00
    0.00      0.00
    0.00      0.00
    0.00      0.00
    0.00      0.00
    0.00      0.00
    0.00      0.00
    0.00      0.00
    0.00      0.00
    0.00      0.00
    0.00      0.00
    0.00      0.00
    0.00      0.00
    0.00      0.00
    0.00      0.00
    0.00      0.00
    0.00      0.00
    0.00      0.00
    0.00      0.00
    0.00      0.00
    0.00      0.00
    0.00      0.00
    0.00      0.00
    0.00      0.00
    0.00      0.00
    0.00      0.00
    0.00      0.00
    0.00      0.00
    0.00      0.00
    0.00      0.00
    0.00      0.00
    0.00      0.00
    0.00      0.00
    0.00      0.00
    0.00      0.00
    0.00      0.00
    0.00      0.00
    0.00      0.00
    0.00      0.00
    0.00      0.00
    0.00      0.00
    0.00      0.00
    0.00      0.00
    0.00      0.00
    0.00      0.00
    0.00      0.00
    0.00      0.00
    0.00      0.00
    0.00      0.00
    0.00      0.00
    0.00      0.00
    0.00      0.00
    0.00      0.00
    0.00      0.00
    0.00      0.00
    0.00      0.00
    0.00      0.00
    0.00      0.00
    0.00      0.00
    0.00      0.00
    0.00      0.00
    0.00      0.00
    0.00      0.00
    0.00      0.00
    0.00      0.00
    0.00      0.00
    0.00      0.00
    0.00      0.00
    0.00      0.00
    0.00      0.00
    0.00      0.00
    0.00      0.00
    0.00      0.00
    0.00      0.00
    0.00      0.00
    0.00      0.00
    0.00      0.00
    0.00      0.00
    0.00      0.00
    0.00      0.00
    0.00      0.00
    0.00      0.00
    0.00      0.00
    0.00      0.00
    0.00      0.00
    0.00      0.00
    0.00      0.00
    0.00      0.00
    0.00      0.00
    0.00      0.00
    0.00      0.00
    0.00      0.00
    0.00      0.00
    0.00      0.00
    0.00      0.00
    0.00      0.00
    0.00      0.00
    0.00      0.00
    0.00      0.00
    0.00      0.00
    0.00      0.00
    0.00      0.00
    0.00      0.00
    0.00      0.00
    0.00      0.00
    0.00      0.00
    0.00      0.00
    0.00      0.00
    0.00      0.00
    0.00      0.00
    0.00      0.00
    0.00      0.00
    0.00      0.00
    0.00      0.00
    0.00      0.00
    0.00      0.00
    0.00      0.00
    0.00      0.00
    0.00      0.00
    0.00      0.00
    0.00      0.00
    0.00      0.00
    0.00      0.00
    0.00      0.00
    0.00      0.00
    0.00      0.00
    0.00      0.00
    0.00      0.00
    0.00      0.00
    0.00      0.00
    0.00      0.00
    0.00      0.00
    0.00      0.00
    0.00      0.00
    0.00      0.00
    0.00      0.00
    0.00      0.00
    0.00      0.00
    0.00      0.00
    0.00      0.00
    0.00      0.00
    0.00      0.00
    0.00      0.00
    0.00      0.00
    0.00      0.00
    0.00      0.00
    0.00      0.00
    0.00      0.00
    0.00      0.00
    0.00      0.00
    0.00      0.00
    0.00      0.00
    0.00      0.00
    0.00      0.00
    0.00      0.00
    0.00      0.00
    0.00      0.00
    0.00      0.00
    0.00      0.00
    0.00      0.00
    0.00      0.00
    0.00      0.00
    0.00      0.00
    0.00      0.00
    0.00      0.00
    0.00      0.00
    0.00      0.00
    0.00      0.00
    0.00      0.00
    0.00      0.00
    0.00      0.00
    0.00      0.00
    0.00      0.00
    0.00      0.00
    0.00      0.00
    0.00      0.00
    0.00      0.00
    0.00      0.00
    0.00      0.00
    0.00      0.00
    0.00      0.00
    0.00      0.00
    0.00      0.00
    0.00      0.00
    0.00      0.00
    0.00      0.00
    0.00      0.00
    0.00      0.00
    0.00      0.00
    0.00      0.00
    0.00      0.00
    0.00      0.00
    0.00      0.00
    0.00      0.00
    0.00      0.00
    0.00      0.00
    0.00      0.00
    0.00      0.00
    0.00      0.00
    0.00      0.00
    0.41      0.00
    0.00      0.00
    0.00      0.00
    0.00      0.00
    0.00      0.00
    0.00      0.00
    0.00      0.00
    0.00      0.00
    0.00      0.00
    0.00      0.00
    0.00      0.00
    0.00      0.00
    0.00      0.00
    0.00      0.00
    0.00      0.00
    0.00      0.00
    0.00      0.00
    0.00      0.00
    0.00      0.00
    0.00      0.00
    0.00      0.00
    0.00      0.00
    0.00      0.00
    0.00      0.00
    0.00      0.00
    0.00      0.00
    0.00      0.00
    0.00      0.00
    0.00      0.00
    0.00      0.00
    0.00      0.00
    0.00      0.00
    0.00      0.00
    0.00      0.00
    0.00      0.00
    0.00      0.00
    0.00      0.00
    0.00      0.00
    0.00      0.00
    0.00      0.00
    0.00      0.00
    0.00      0.00
    0.00      0.00
    0.00      0.00
    0.00      0.00
    0.00      0.00
    0.00      0.00
    0.00      0.00
    0.00      0.00
    0.00      0.00
    0.00      0.00
    0.00      0.00
    0.00      0.00
    0.00      0.00
    0.00      0.00
    0.00      0.00
    0.00      0.00
    0.00      0.00
    0.00      0.00
    0.00      0.00
    0.00      0.00
    0.00      0.00
    0.00      0.00
    0.00      0.00
    0.00      0.00
    0.00      0.00
    0.00      0.00
    0.00      0.00
    0.00      0.00
    0.00      0.00
    0.00      0.00
    0.00      0.00
    0.00      0.00
    0.00      0.00
    0.00      0.00
    0.00      0.00
    0.00      0.00
    0.00      0.00
    0.00      0.00
    0.00      0.00
    0.00      0.00
    0.00      0.00
    0.00      0.00
    0.00      0.00
    0.00      0.00
    0.00      0.00
    0.00      0.00
    0.00      0.00
    0.00      0.00
    0.00      0.00
    0.00      0.00
    0.00      0.00
    0.00      0.00
    0.00      0.00
    0.00      0.00
    0.00      0.00
    0.00      0.00
    0.00      0.00
    0.00      0.00
    0.00      0.00
    0.00      0.00
    0.00      0.00
    0.00      0.00
    0.00      0.00
    0.00      0.00
    0.00      0.00
    0.00      0.00
    0.00      0.00
    0.00      0.00
    0.00      0.00
    0.00      0.00
    0.00      0.00
    0.00      0.00
    0.00      0.00
    0.00      0.00
    0.00      0.00
    0.00      0.00
    0.00      0.00
    0.00      0.00
    0.00      0.00
    0.00      0.00
    0.00      0.00
    0.00      0.00
    0.00      0.00
    0.00      0.00
    0.00      0.00
    0.00      0.00
    0.00      0.00
    0.00      0.00
    0.00      0.00
    0.00      0.00
    0.00      0.00
    0.00      0.00
    0.00      0.00
    0.00      0.00
    0.00      0.00
    0.00      0.00
    0.00      0.00
    0.00      0.00
    0.00      0.00
    0.00      0.00
    0.00      0.00
    0.00      0.00
    0.00      0.00
    0.00      0.00
    0.00      0.00
    0.00      0.00
    0.00      0.00
    0.00      0.00
    0.00      0.00
    0.00      0.00
    0.00      0.00
    0.00      0.00
    0.00      0.00
    0.00      0.00
    0.00      0.00
    0.00      0.00
    0.00      0.00
    0.00      0.00
    0.00      0.00
    0.00      0.00
    0.00      0.00
    0.00      0.00
    0.00      0.00
    0.00      0.00
    0.00      0.00
    0.00      0.00
    0.00      0.00
    0.00      0.00
    0.00      0.00
    0.00      0.00
    0.00      0.00
    0.00      0.00
    0.00      0.00
    0.00      0.00
    0.00      0.00
    0.00      0.00
    0.00      0.00
    0.00      0.00
    0.00      0.00
    0.00      0.00
    0.00      0.00
    0.00      0.00
    0.00      0.00
    0.00      0.00
    0.00      0.00
    0.00      0.00
    0.00      0.00
    0.00      0.00
    0.00      0.00
    0.00      0.00
    0.00      0.00
    0.00      0.00
    0.00      0.00
    0.00      0.00
    0.00      0.00
    0.00      0.00
    0.00      0.00
    0.00      0.00
    0.00      0.00
    0.00      0.00
    0.00      0.00
    0.00      0.00
    0.00      0.00
    0.00      0.00
    0.00      0.00
    0.00      0.00
    0.00      0.00
    0.00      0.00
    0.00      0.00
    0.00      0.00
    0.00      0.00
    0.00      0.00
    0.00      0.00
    0.00      0.00
    0.00      0.00
    0.00      0.00
    0.00      0.00
    0.00      0.00
    0.00      0.00
    0.00      0.00
    0.00      0.00
    0.00      0.00
    0.00      0.00
    0.00      0.00
    0.00      0.00
    0.00      0.00
    0.00      0.00
    0.00      0.00
    0.00      0.00
    0.00      0.00
    0.00      0.00
    0.00      0.00
    0.00      0.00
    0.00      0.00
    0.00      0.00
    0.00      0.00
    0.00      0.00
    0.00      0.00
    0.00      0.00
    0.00      0.00
    0.00      0.00
    0.00      0.00
    0.00      0.00
    0.00      0.00
    0.00      0.00
    0.00      0.00
    0.00      0.00
    0.00      0.00
    0.00      0.00
    0.00      0.00
    0.00      0.00
    0.00      0.00
    0.00      0.00
    0.00      0.00
    0.00      0.00
    0.00      0.00
    0.00      0.00
    0.00      0.00
    0.00      0.00
    0.00      0.00
    0.00      0.00
    0.00      0.00
    0.00      0.00
    0.00      0.00
    0.00      0.00
    0.00      0.00
    0.00      0.00
    0.00      0.00
    0.00      0.00
    0.00      0.00
    0.00      0.00
    0.00      0.00
    0.00      0.00
    0.00      0.00
    0.00      0.00
    0.00      0.00
    0.00      0.00
    0.00      0.00
    0.00      0.00
    0.00      0.00
    0.00      0.00
    0.00      0.00
    0.00      0.00
    0.00      0.00
    0.00      0.00
    0.00      0.00
    0.00      0.00
    0.00      0.00
    0.00      0.00
    0.00      0.00
    0.00      0.00
    0.00      0.00
    0.00      0.00
    0.00      0.00
    0.00      0.00
    0.00      0.00
    0.00      0.00
    0.00      0.00
    0.00      0.00
    0.00      0.00
    0.00      0.00
    0.00      0.00
    0.00      0.00
    0.00      0.00
    0.00      0.00
    0.00      0.00
    0.00      0.00
    0.00      0.00
    0.00      0.00
    0.00      0.00
    0.00      0.00
    0.00      0.00
    0.00      0.00
    0.00      0.00
    0.00      0.00
    0.00      0.00
    0.00      0.00
    0.00      0.00
    0.00      0.00
    0.00      0.00
    0.00      0.00
    0.00      0.00
    0.00      0.00
    0.00      0.00
    0.00      0.00
    0.00      0.00
    0.00      0.00
    0.00      0.00
    0.00      0.00
    0.00      0.00
    0.00      0.00
    0.00      0.00
    0.00      0.00
    0.00      0.00
    0.00      0.00
    0.00      0.00
    0.00      0.00
    0.00      0.00
    0.00      0.00
    0.00      0.00
    0.00      0.00
    0.00      0.00
    0.00      0.00
    0.00      0.00
    0.00      0.00
    0.00      0.00
    0.00      0.00
    0.00      0.00
    0.00      0.00
    0.00      0.00
    0.00      0.00
    0.00      0.00
    0.00      0.00
    0.00      0.00
    0.00      0.00
    0.00      0.00
    0.00      0.00
    0.00      0.00
    0.00      0.00
    0.00      0.00
    0.00      0.00
    0.00      0.00
    0.00      0.00
    0.00      0.00
    0.00      0.00
    0.00      0.00
    0.00      0.00
    0.00      0.00
    0.00      0.00
    0.00      0.00
    0.00      0.00
    0.00      0.00
    0.00      0.00
    0.00      0.00
    0.00      0.00
    0.00      0.00
    0.00      0.00
    0.00      0.00
    0.00      0.00
    0.00      0.00
    0.00      0.00
    0.00      0.00
    0.00      0.00
    0.00      0.00
    0.00      0.00
    0.00      0.00
    0.00      0.00
    0.00      0.00
    0.00      0.00
    0.00      0.00
    0.00      0.00
    0.00      0.00
    0.00      0.00
    0.00      0.00
    0.00      0.00
    0.00      0.00
    0.00      0.00
    0.00      0.00
    0.00      0.00
    0.00      0.00
    0.00      0.00
    0.00      0.00
    0.00      0.00
    0.00      0.00
    0.00      0.00
    0.00      0.00
    0.00      0.00
    0.00      0.00
    0.00      0.00
    0.00      0.00
    0.00      0.00
    0.00      0.00
    0.00      0.00
    0.00      0.00
    0.00      0.00
    0.00      0.00
    0.00      0.00
    0.00      0.00
    0.00      0.00
    0.00      0.00
    0.00      0.00
    0.00      0.00
    0.00      0.00
    0.00      0.00
    0.00      0.00
    0.00      0.00
    0.00      0.00
    0.00      0.00
    0.00      0.00
    0.00      0.00
    0.00      0.00
    0.00      0.00
    0.00      0.00
    0.00      0.00
    0.00      0.00
    0.00      0.00
    0.00      0.00
    0.00      0.00
    0.00      0.00
    0.00      0.00
    0.00      0.00
    0.00      0.00
    0.00      0.00
    0.00      0.00
    0.00      0.00
    0.00      0.00
    0.00      0.00
    0.00      0.00
    0.00      0.00
    0.00      0.00
    0.00      0.00
    0.00      0.00
    0.00      0.00
    0.00      0.00
    0.00      0.00
    0.00      0.00
    0.00      0.00
    0.00      0.00
    0.00      0.00
    0.00      0.00
    0.00      0.00
    0.00      0.00
    0.00      0.00
    0.00      0.00
    0.00      0.00
    0.00      0.00
    0.00      0.00
    0.00      0.00
    0.00      0.00
    0.00      0.00
    0.00      0.00
    0.00      0.00
    0.00      0.00
    0.00      0.00
    0.00      0.00
    0.00      0.00
    0.00      0.00
    0.00      0.00
    0.00      0.00
    0.00      0.00
    0.00      0.00
    0.00      0.00
    0.00      0.00
    0.00      0.00
    0.00      0.00
    0.00      0.00
    0.00      0.00
    0.00      0.00
    0.00      0.00
    0.00      0.00
    0.00      0.00
    0.00      0.00
    0.00      0.00
    0.00      0.00
    0.00      0.00
    0.00      0.00
    0.00      0.00
    0.00      0.00
    0.82      0.00
    0.00      0.00
    0.00      0.00
    0.00      0.00
    0.00      0.00
    0.00      0.00
    0.00      0.00
    0.00      0.00
    0.00      0.00
    0.00      0.00
    0.00      0.00
    0.00      0.00
    0.00      0.00
    0.00      0.00
    0.00      0.00
    0.00      0.00
    0.00      0.00
    0.00      0.00
    0.00      0.00
    0.00      0.00
    0.00      0.00
    0.00      0.00
    0.00      0.00
    0.00      0.00
    0.00      0.00
    0.00      0.00
    0.00      0.00
    0.00      0.00
    0.00      0.00
    0.00      0.00
    0.00      0.00
    0.00      0.00
    0.00      0.00
    0.00      0.00
    0.00      0.00
    0.00      0.00
    0.00      0.00
    0.00      0.00
    0.00      0.00
    0.00      0.00
    0.00      0.00
    0.00      0.00
    0.00      0.00
    0.00      0.00
    0.00      0.00
    0.00      0.00
    0.00      0.00
    0.00      0.00
    0.00      0.00
    0.00      0.00
    0.00      0.00
    0.00      0.00
    0.00      0.00
    0.00      0.00
    0.00      0.00
    0.00      0.00
    0.00      0.00
    0.00      0.00
    0.00      0.00
    0.00      0.00
    0.00      0.00
    0.00      0.00
    0.00      0.00
    0.00      0.00
    0.00      0.00
    0.00      0.00
    0.00      0.00
    0.00      0.00
    0.00      0.00
    0.00      0.00
    0.00      0.00
    0.00      0.00
    0.00      0.00
    0.00      0.00
    0.00      0.00
    0.00      0.00
    0.00      0.00
    0.00      0.00
    0.00      0.00
    0.00      0.00
    0.00      0.00
    0.00      0.00
    0.00      0.00
    0.00      0.00
    0.00      0.00
    0.00      0.00
    0.00      0.00
    0.00      0.00
    0.00      0.00
    0.00      0.00
    0.00      0.00
    0.00      0.00
    0.00      0.00
    0.00      0.00
    0.00      0.00
    0.00      0.00
    0.00      0.00
    0.00      0.00
    0.00      0.00
    1.23      0.00
    0.00      0.00
    0.00      0.00
    0.00      0.00
    0.00      0.00
    0.00      0.00
    0.00      0.00
    0.00      0.00
    0.00      0.00
    0.00      0.00
    0.00      0.00
    0.00      0.00
    0.00      0.00
    0.00      0.00
    0.00      0.00
    0.00      0.00
    0.00      0.00
    0.00      0.00
    0.00      0.00
    0.00      0.00
    0.00      0.00
    0.00      0.00
    0.00      0.00
    0.00      0.00
    0.00      0.00
    0.00      0.00
    0.00      0.00
    0.00      0.00
    0.00      0.00
    0.00      0.00
    0.00      0.00
    0.00      0.00
    0.00      0.00
    0.00      0.00
    0.00      0.00
    0.00      0.00
    0.00      0.00
    0.00      0.00
    0.00      0.00
    0.00      0.00
    0.00      0.00
    0.00      0.00
    0.00      0.00
    0.00      0.00
    0.00      0.00
    0.00      0.00
    0.00      0.00
    0.00      0.00
    0.00      0.00
    0.00      0.00
    0.00      0.00
    0.00      0.00
    0.00      0.00
    0.00      0.00
    0.00      0.00
    0.00      0.00
    0.00      0.00
    0.00      0.00
    0.00      0.00
    0.00      0.00
    0.00      0.00
    0.00      0.00
    0.00      0.00
    0.00      0.00
    0.00      0.00
    0.00      0.00
    0.00      0.00
    0.00      0.00
    0.00      0.00
    0.00      0.00
    0.00      0.00
    0.00      0.00
    0.00      0.00
    0.00      0.00
    0.00      0.00
    0.00      0.00
    0.00      0.00
    0.00      0.00
    0.00      0.00
    0.00      0.00
    0.00      0.00
    0.00      0.00
    0.00      0.00
    0.00      0.00
    0.00      0.00
    0.00      0.00
    0.00      0.00
    0.00      0.00
    0.00      0.00
    0.00      0.00
    0.00      0.00
    0.00      0.00
    0.00      0.00
    0.00      0.00
    0.00      0.00
    0.00      0.00
    0.00      0.00
    0.00      0.00
    0.00      0.00
    0.00      0.00
    0.41     26.17
    0.00      0.00
   25.76     46.31
   21.22     27.27
   25.78     27.40
   54.68     21.32
   24.91      3.18
    9.61      0.00
    0.71      0.00
    0.00      0.00
    0.00      1.11
    0.00      0.00
   25.23      0.79
 1756.94    810.38
 1641.18   1022.80
 1484.88    936.38
 1993.02    631.74
 1260.32    616.39
  529.49     96.45
  471.18     75.79
  649.85    179.50
  238.84   1771.63
  455.72   2439.11
 1497.80   2407.87
 1030.55   1817.70
 1310.89    474.90
 1069.50    299.34
  445.03    127.80
  154.74     20.63
   56.92      1.44
   23.84      0.71
    1.73      0.00
    0.00      0.00
    0.00      0.00
    0.00      0.00
    0.00      0.00
    0.00      0.00
    0.00      0.00
    0.00      0.00
    0.00      0.00
    0.00      0.00
    0.00      0.00
    0.00      0.00
    0.00      0.00
    0.00      0.00
    0.00      0.00
    0.00      0.00
    0.00      0.00
    0.00      0.00
    0.00      0.00
    0.00      0.00
    0.00      0.00
    0.41      0.41
    0.00      0.00
    0.00      0.00
    0.00      0.00
    0.00      0.00
    0.00      0.00
    0.00      0.00
    0.00      0.00
    0.00      0.00
    0.00      0.00
    0.00      0.00
    0.00      0.00
    0.00      0.00
    0.00      0.00
    0.00      0.00
    0.00      0.00
    0.00      0.00
    0.00      0.00
    0.00      0.00
    0.00      0.00
   62.01     47.20
   46.81     61.25
   73.09    394.14
  264.37    422.13
  378.41    303.35
  426.30    308.96
  234.45    127.28
  184.98     94.76
   94.57     37.07
   34.58      2.16
   17.04      0.72
    0.71      0.00
    0.00      0.00
    0.00      0.00
    0.00      0.00
    0.00      0.00
    0.00      0.00
    0.00      0.00
    0.00      0.00
    0.00      0.00
    0.00      0.00
    0.00      0.00
    0.00      0.00
    0.00      0.00
    0.00      0.00
    0.00      0.00
    0.00      0.00
    0.00      0.00
    0.00      0.00
    0.00      0.00
    0.00      0.00
    0.00      0.00
    0.00      0.00
    0.00      0.00
    0.00      0.00
    0.00      0.00
    0.00      0.00
    0.00      0.00
    0.00      0.00
   29.85     41.47
  119.35    179.40
   67.06    132.14
   64.54    204.34
  102.46    129.74
  142.11    123.04
  121.87     47.47
  138.58     77.57
   78.96     42.77
   56.94     31.15
   32.50      7.87
  184.20    151.98
   90.51     47.03
   88.80     58.33
   90.07    131.97
   97.18    302.91
  320.78    416.59
  301.15    296.38
  385.68    314.15
  231.07    115.39
  131.39     95.90
  128.17     38.44
   64.68     18.39
   15.78      0.72
    1.45      0.00
   27.21     21.27
   27.30     11.72
    2.76      2.16
    0.72      0.00
    0.00      0.00
    0.87      0.00
    0.00      0.00
    0.00      0.00
    0.00      0.00
    0.00      0.00
    0.00      0.00
    0.00      0.00
    0.00      0.00
    0.00      0.00
    0.00      0.00
    0.00      0.00
    0.00      0.00
    0.00      0.00
    0.00      0.00
    0.00      0.00
    0.00      0.00
    0.00      0.00
    0.00      0.00
    0.00      0.00
    0.00      0.00
    0.00      0.00
    0.00      0.00
    0.00      0.00
    0.00     15.11
    0.00      0.00
   15.10      1.48
    1.44      0.00
    0.00      0.00
    0.00     14.37
    0.00     28.73
   14.44      0.72
   62.33     34.42
   17.84     17.90
   28.80     29.52
   44.26     58.81
   46.74     47.39
   34.38    197.25
  182.58    264.58
  338.47    374.94
  329.04    284.22
  287.36    253.85
  158.51    158.96
  172.17    114.12
   85.94     17.96
   94.21      5.78
   32.88     17.88
    0.72      0.00
    0.00      0.00
   15.83     15.83
    0.72      0.00
    0.00      0.00
    0.00      0.00
    0.00      0.00
    0.00      0.00
    0.00      0.00
    0.00      0.00
    0.00      0.00
    0.00      0.00
    0.00      0.00
    0.00      0.00
    0.00      0.00
    0.00      0.00
    0.00      0.00
    0.00      0.00
    0.00      0.00
    0.00      0.00
    0.00      0.00
    0.00      0.00
    0.00      0.00
    0.00      0.00
   15.61      0.73
   93.65    184.05
   46.03     78.83
   20.39    207.81
   81.74    168.95
  146.67    121.40
  121.16     43.60
  114.80     88.29
   63.80     24.96
  117.68     78.96
   77.27     59.78
   99.74     96.39
  119.91     65.22
  125.77     92.86
  101.82     49.98
   76.35     69.69
   52.79     44.45
   55.07     79.67
  109.02    160.14
  169.65    191.22
  223.44    238.49
  225.94    161.88
  212.47    162.79
   81.30    110.75
   97.23     97.73
   52.52     17.95
   70.69     17.32
   49.04      2.15
   45.71     32.85
    0.72      0.00
    0.72      0.00
    0.71      0.00
    0.00      0.00
    0.00      0.00
    0.00      0.00
    0.00      0.00
    0.00      0.00
    0.00      0.00
    0.00      0.00
    0.00      0.00
    0.00      0.00
    0.00      0.00
    0.00      0.00
    0.00      0.00
    0.00      0.00
    0.00      0.00
    0.00      0.00
    0.00      0.00
    0.00      0.00
    0.00      0.00
    0.00      0.00
    0.00      0.00
    0.00      0.00
    0.00      0.00
    0.00      0.00
    0.65      1.39
    0.00      0.00
    0.00     14.37
   15.92      0.00
    0.00     15.09
    0.00     15.68
   19.29     18.46
   30.94     44.55
    0.00     30.70
   46.69     15.80
   29.54     18.45
   47.66     45.73
   32.17     47.31
   35.42     22.58
   34.57     20.22
    6.15     13.60
   35.11     19.42
   15.12     19.45
   13.81      6.94
   10.92      9.10
    9.05      7.01
    5.43     10.29
    4.84      4.12
    2.75      2.10
   22.01     16.50
    3.54      0.72
    1.37      2.10
    0.00      0.00
    0.00      0.00
    0.72      0.00
    0.00      0.00
    0.00      0.00
    0.00      0.00
    0.41      0.00
    0.00      0.00
    0.00      0.00
    0.00      0.00
    0.00      0.00
    0.00      0.00
    0.00      0.00
    0.00      0.00
    0.00      0.00
    0.00      0.00
    0.00      0.00
    0.00      0.00
   46.59     79.25
   93.69    158.37
   56.48    120.93
   48.41    160.11
   79.47    100.57
   92.44     85.27
  122.45     56.96
   71.42     11.04
   60.94     76.65
   70.04     28.16
   33.92     25.98
  146.14     80.51
  158.33    118.97
  117.75     85.30
  132.61     59.41
  133.06    101.67
   16.96     32.82
   90.88     34.70
   52.99     79.67
   36.49     21.33
    2.16     20.99
   53.44     29.32
    9.10     13.32
   37.72     16.16
   13.15     14.45
    7.01      6.74
   12.43      6.94
    9.03      4.98
    4.77      4.12
    2.75      4.84
   17.13     18.00
    4.19      2.10
    3.47      0.72
    1.37      0.72
    1.37      2.09
    0.00      0.00
    0.00      0.00
    0.72      0.00
    0.00      0.00
    0.00      0.00
    0.00      0.00
    0.00      0.00
    0.00      0.00
    0.00      0.00
    0.00      0.00
    0.00      0.00
    0.00      0.00
    0.00      0.00
    0.00      0.00
    0.00      0.00
    0.00      0.00
    0.00      0.65
    0.41      0.41
    0.00      0.00
    0.00      0.00
    0.74      0.00
    0.00      0.00
    0.00      0.00
    0.00     28.72
   14.44     15.72
   16.52      1.31
   17.79      4.91
   15.05     29.87
    0.00     30.02
   30.61     31.53
   45.98     31.45
    0.00     17.01
   32.27     30.49
   30.35     33.96
   49.93     51.61
   19.08      2.81
   30.96      7.52
   23.06     27.51
   12.16     15.90
   12.50     10.78
   12.95     11.91
   17.14     14.59
    4.19      5.43
    6.80      7.59
    8.25      4.19
    4.33      2.10
    4.77      3.47
    0.72      2.68
    2.09      1.37
    2.75      1.37
    2.82      1.44
    1.37      0.72
    2.03      2.09
    0.00      0.00
    0.00      0.00
    0.72      0.00
    0.00      0.00
    0.00      0.00
    0.00      0.00
    0.00      0.00
    0.00      0.00
    0.00      0.00
    0.00      0.00
    0.00      0.00
    0.00      0.00
  109.27    156.85
   44.74    100.54
    7.55    154.55
   52.11    141.93
  131.19    124.72
   55.82     59.19
  157.53     28.70
   38.80     44.03
   76.22     44.08
   98.36     96.25
   74.11     86.70
   59.18     58.76
  117.75    101.23
   88.08     60.04
   99.23     65.35
   86.58     89.82
   66.88     59.92
   85.75     39.08
   53.09     39.40
   49.92     51.38
   19.32     35.05
   33.16     18.85
   35.59      7.32
    5.56     10.14
   14.26     11.06
    9.81     12.95
   11.06     12.30
   11.51      9.03
   12.57      9.69
    6.36      3.47
    6.67      6.87
    4.19      3.54
    6.94      3.61
    1.44      0.65
    1.31      2.75
    0.65      2.68
    1.44      0.65
    2.03      2.10
    2.82      0.72
    1.37      0.72
    2.03      2.10
    0.00      0.00
    0.00      0.00
    0.71      0.00
    0.00      0.00
    0.00      0.00
    0.00      0.00
    0.00      0.00
    0.00      0.00
    0.00      0.00
    0.00      0.00
    0.00      0.65
    0.00      0.00
    0.00      0.00
    1.39      0.74
    0.00      0.00
    0.00      0.00
    0.00      0.00
    0.00      0.00
    0.00     14.37
   17.13     32.77
   46.61     18.62
    1.44     45.17
   15.81      0.71
   30.55     30.59
   29.44     30.76
   17.98     16.38
   32.76     32.50
    2.16      0.00
   31.47     32.71
    2.61     18.57
   65.66     34.94
    3.33     22.58
    8.03      7.52
   23.14     11.71
    8.45      8.97
   10.92     10.26
    4.78      6.08
   13.02     13.15
    9.55      9.82
    8.25      6.88
    6.35      4.12
    3.33      6.01
    7.66      4.33
    1.96      0.72
    5.05      1.44
    0.00      1.96
    1.31      1.44
    1.37      2.68
    1.44      0.65
    1.31      0.65
    2.82      2.16
    1.37      0.72
    2.03      2.09
    0.00      0.00
    0.00      0.00
    0.72      0.00
    0.00      0.00
    0.00      0.00
   98.01    145.23
   56.98     73.36
   46.10    229.67
   94.26    100.62
   59.09    126.03
  108.16     50.05
   55.82    111.30
  107.41     89.76
   57.50     32.37
   69.23     35.85
   47.37     11.21
   55.42     68.01
  105.96     82.15
   84.12     78.04
  197.74    116.84
   64.15     27.57
   87.58     79.73
   29.42     50.28
   71.95     43.70
   35.20     36.01
   19.20      2.81
   18.73      2.03
   18.16     37.53
    2.10      1.31
   37.82     23.75
    3.99     23.93
   40.30     32.52
   49.50     20.66
   10.46      6.80
    9.62      9.41
    4.92      6.80
    8.45      7.52
   11.64      9.82
    8.18      4.91
    4.98      5.50
    2.03      3.33
    6.80      5.70
    1.37      0.72
    4.91      1.44
    0.00      0.65
    1.31      2.03
    0.65      0.72
    0.72      2.68
    1.44      0.65
    1.31      0.65
    2.82      2.16
    1.37      0.72
    2.03      2.09
    0.00      0.00
    0.00      0.00
    0.72      0.00
    0.00      0.00
    0.00      0.00
    0.00      0.65
    0.00      0.00
    0.00      0.00
    0.74      0.00
    0.00      0.00
    0.00      0.00
    0.00     14.37
    0.72      1.31
   18.49     17.17
   15.17      2.10
   15.72     45.76
    1.43     14.99
   45.95     45.21
   72.90     33.48
   32.98     32.26
    3.59      1.30
   16.54     32.20
   32.83     17.05
   30.50     31.43
    3.39      2.82
    5.50      1.37
    4.12      6.95
   17.71     19.15
    8.63     15.91
    8.18      6.94
   12.64     22.61
   20.67      6.87
    6.81      4.19
    7.52      7.67
    6.87      9.54
    3.40      6.01
    8.24      7.07
    7.52      4.19
    6.35      6.15
    1.37      0.00
    4.88      6.88
    3.54      0.72
    4.85      2.16
    0.72      0.00
    0.00      0.65
    1.31      2.75
    0.65      0.72
    0.72      1.96
    1.44      0.65
    0.00      0.65
    4.12      2.16
    1.37      0.72
   63.71    106.19
   93.50    158.00
   66.35    170.86
   47.85    140.70
   57.43      2.17
   56.43     64.94
   97.55    117.17
   64.68     19.91
  123.85     48.77
   85.89     78.67
   80.99     37.97
   76.71    122.65
   71.40     55.64
   74.39     70.97
  155.28     85.59
   44.02     81.08
   71.46     66.26
  160.72     92.20
   73.80     37.11
   27.94     29.71
   37.19     37.98
   31.60     17.84
   26.80     34.13
   33.65     19.62
    2.73      2.03
    5.70      7.34
    2.61      6.67
   14.40      9.82
    9.49     11.00
    7.07     19.70
   20.43      7.53
    4.12      6.73
    4.85      4.78
    6.35      4.05
    8.97      7.59
    2.68      3.33
    8.97      7.67
    4.78      3.54
    4.78      3.47
    1.44      2.75
    5.43      5.43
    2.10      2.16
    1.31      0.72
    4.27      1.44
    0.00      0.00
    0.65      1.96
    0.65      1.44
    1.37      0.72
    1.44      1.96
    0.00      0.65
    0.00      0.65
    4.13      2.17
    1.38      0.72
    2.03      2.10
    0.00      0.65
    0.00      0.00
    0.72      0.00
    0.74      0.00
    0.00      0.00
    0.00      0.00
    2.09      2.03
    2.75      2.75
   29.88     44.96
   15.09     30.21
   15.14     17.01
   15.79      1.37
    3.53     31.01
   59.96     46.41
   30.48     49.99
   34.96     17.87
   17.87      2.68
   17.15     17.82
   15.52     16.17
   18.14     19.71
   19.38     17.10
    4.64      4.92
    4.98      3.33
    8.63     13.81
    4.05      8.18
   14.47      6.80
    6.15     24.18
   23.58      4.12
    4.06      2.89
    4.71      5.50
    3.99      8.25
    4.13      3.54
    6.95      7.46
    2.75      2.68
    5.57      6.15
    6.81      4.19
    2.82      2.75
    2.75      2.03
    3.54      2.16
    4.13      5.43
    0.65      0.72
    4.91      1.44
    0.00      0.00
    0.00      0.65
    0.65      1.29
   90.46     52.23
   75.01    205.50
   16.97     80.93
    0.00    181.06
   45.91     52.68
   59.66    103.57
   56.38    104.03
   71.63    152.38
   78.92     53.97
   35.08     37.54
  150.56     95.79
   58.67     36.40
   98.49     67.03
   61.76     18.76
   66.43     85.74
   86.89     56.98
  105.20     66.91
   68.23     33.33
  154.06    148.54
   63.23     39.40
  161.54    125.70
   62.69     24.30
   43.35     22.91
    1.31      4.78
   33.74     17.31
   17.87     17.00
   16.95     19.17
    5.64     19.11
    2.75      9.35
   12.29      7.66
   11.19      8.96
    5.50     20.67
   26.03     10.41
    4.19      6.73
    4.19      4.78
    2.88      1.31
    7.02      4.78
    4.78      3.40
    4.06      3.54
    5.57      6.87
    2.68      3.40
    4.84      4.12
    6.80      4.98
    1.44      2.68
    2.03      2.03
    2.75      1.44
    4.05      6.22
    2.10      0.72
    2.03      0.72
    2.16      0.72
    0.00      0.00
    0.00      0.65
    0.65      1.37
    0.65      0.00
    0.72      1.37
    2.03      3.42
    0.00      0.65
    0.74      1.31
    1.96      2.16
    2.82      0.72
    2.09      0.72
    4.19      3.33
    1.37      1.44
    0.72      0.65
   14.37     15.08
    0.00     15.11
   29.50     47.32
   17.80     60.36
   47.75     62.49
   48.99     35.31
   63.45      4.84
    2.81     17.85
   15.52     31.85
   18.71      1.37
   18.96      5.49
    2.68      3.53
    2.75      2.03
   19.89     19.45
    2.75      2.82
   25.12     27.41
    2.61     10.35
   12.58      6.94
    7.59      8.24
    6.21      5.49
    8.25      6.22
    8.83      4.98
    4.12      4.26
    1.37      3.99
    2.68      3.47
    4.13      4.71
    4.12      2.82
    2.16      4.05
    5.49      4.71
    4.19      4.19
    3.33      2.82
    4.98      3.40
    1.31      1.31
    2.82      2.75
    3.40      2.82
    3.02      2.97
  132.53    149.51
   33.93    104.99
   42.08    181.80
   13.99    103.05
   13.63     39.20
   63.21     82.65
   74.63    134.21
  106.32    126.10
  133.15     71.76
   93.86     13.85
   86.55     42.39
   68.99     33.29
   86.28     71.06
    8.34     29.34
   91.30     75.99
   26.14     21.79
  118.13     60.90
   82.25     83.76
   53.21     48.95
   96.39    114.12
    4.63     57.20
  127.48    107.55
   77.15     16.70
   40.12     48.06
   24.76     35.03
   19.78      2.15
   21.48      6.22
    1.31      4.05
    4.91      1.37
    2.10      9.93
    8.83      4.77
   11.85     12.43
    6.73      8.17
    8.31      5.63
    7.67      5.57
    3.40     10.07
    5.57      3.47
    7.15      2.03
    2.10      2.68
    4.05      2.75
    3.47      3.47
    4.77      4.91
    2.75      2.10
    0.65      3.33
    5.43      3.40
    4.84      4.91
    4.12      4.12
    2.10      1.44
    2.03      2.09
    2.75      2.68
    2.68      0.72
    1.44      4.12
    2.03      1.44
    0.65      1.37
    1.44      0.00
    0.74      0.00
    0.72      0.65
    1.31     15.74
    0.00      0.72
    1.37      1.37
   18.64      2.76
    2.75      4.77
    0.00      1.96
    1.44      0.65
    1.96      1.44
    2.81      0.72
    1.37     58.19
    1.44      2.68
   58.34      3.53
    4.97     61.48
   32.13      5.49
   34.60     48.48
   18.39     49.94
   48.68      4.26
   49.45     32.91
    3.40     30.07
   16.51     20.56
   32.26      2.84
   19.30      5.56
    4.05      3.54
    7.32      8.76
    6.08     11.84
    8.31      4.84
    8.18      7.46
    6.87      8.46
    4.84      2.03
    6.22      6.28
    8.70      7.73
    3.47      3.54
    2.82      2.68
    2.68      3.33
    2.03      4.84
    3.60      1.31
    2.75      1.44
    4.84      4.77
    1.37      3.33
    2.61      3.40
    4.91      4.12
    5.46      2.76
   77.99     92.73
   46.79    115.68
   59.12    178.75
    1.33     26.35
   79.74    201.01
   14.94     14.16
  109.34    168.38
  113.85    136.50
   54.58     82.21
   71.07     52.49
   72.44     36.62
   35.37     59.60
   42.42     33.02
   43.75     16.05
   26.18     29.38
   45.45     10.87
    7.94      2.77
   86.19     65.56
   29.90     53.01
  150.41    135.76
  123.20    131.34
  118.70     69.42
   62.38     36.61
   40.62     70.22
   33.80      5.64
   60.15     71.12
   22.04     21.54
   45.94     39.81
   36.33     20.52
   32.78      2.10
    5.64      6.22
    3.33     10.00
    7.45      6.29
   11.28      6.88
    6.15      8.89
    5.57      2.75
    9.31      7.94
    3.47      8.17
    4.77      4.77
    4.91      4.77
    6.35      1.44
    4.26      1.31
    0.65      3.40
    4.70      2.81
    2.75      4.84
    2.75      1.44
    3.43      2.09
    0.72      3.26
    3.99      2.89
    4.84      4.12
    2.68      4.19
    4.12      2.75
    2.10      1.37
    2.09      2.09
    1.37      2.68
    1.37      1.37
    2.75      2.75
    1.39      1.37
    1.37      0.00
    2.17      0.72
    0.65      2.68
    4.84      2.75
    0.00      1.38
    1.44     15.69
    0.00     15.00
   15.11      0.71
   15.81     14.43
   30.80     17.19
    0.00     16.32
    1.38     16.97
   17.32     16.37
   19.76     52.37
   19.28     48.84
   83.66     21.23
   33.15     34.13
    2.10     18.47
   19.97      4.77
   33.57      4.91
    3.47     33.49
    4.12     18.39
   34.68      6.94
   17.16      2.82
   12.88      9.55
    4.64     10.54
    8.38      6.87
    4.71      4.78
    9.04      8.32
    3.47      2.75
    5.84      4.85
    8.69      7.07
    3.61      3.47
    3.99      6.22
    1.37      2.03
    4.19      2.10
    0.72      2.61
    4.12      3.47
    2.10      1.31
    3.88      3.23
    3.47      2.76
   15.52     28.31
   89.78    101.07
   68.04    164.48
   44.12    134.52
    5.58    133.76
   24.46     37.46
   58.13     67.38
   28.08    106.64
   83.24    165.83
  109.96     78.50
   26.13     33.22
   98.63     22.67
   61.86     36.59
   16.00      2.16
   97.63     73.53
   48.54     26.06
   81.71     76.01
   27.88     77.64
   57.42     45.87
   70.21     36.04
   34.98     19.40
   93.19    123.83
   27.81     37.57
  107.96     67.48
   30.15     70.57
   46.23     23.11
  107.57     57.82
    6.14      4.91
   41.78     46.63
   20.71      4.13
   48.62     40.94
   23.56     33.42
   21.36     19.20
   21.92     12.18
   23.43      4.78
    9.94      9.02
    6.80      8.25
    7.59      6.87
    5.78      3.40
    6.15      4.91
    2.75      5.94
    5.50      4.77
    5.70      2.82
    4.84      2.03
    2.75      5.49
    2.75      1.44
    4.19      1.44
    1.31      3.33
    2.68      2.82
    2.09      2.75
    2.68      1.44
    3.47      1.44
    0.00      1.37
    0.65      2.68
    3.33      4.12
    2.03      4.12
    6.88      4.21
    2.82      1.44
    1.44      0.65
    0.00     16.98
    0.65      1.37
    4.84      2.75
   20.75      4.12
    2.75      4.21
    0.00      0.65
    0.72      0.00
    1.44      1.30
    0.00      0.00
   15.09     43.83
   15.88      0.00
   31.56     33.55
    0.00      0.65
   32.60     18.91
   32.89     47.93
   18.54     19.06
   19.19     20.64
   19.27     47.80
   35.88     21.34
   34.40     20.81
    7.59      5.57
   17.61     17.79
    4.12      3.47
   20.53      8.31
    4.12     35.47
    8.25      6.09
   39.13     10.55
    8.37      6.14
    4.78      7.60
    8.11      7.07
    7.01      6.15
    2.75      1.31
    4.85      4.85
    7.39      7.15
    4.12      2.75
    2.03      2.75
    2.75      4.13
    1.31      4.06
    4.19      2.75
    2.16      1.31
    2.73      0.65
   43.99     72.28
   64.28     83.95
   48.89    184.10
    2.16     79.31
    3.52    103.86
   60.67     79.29
   66.97     84.35
   39.09    104.35
   58.09     75.07
   42.45      2.16
   57.23     60.16
   35.92      4.19
   42.32     31.32
   28.45     22.62
   37.71     25.93
   83.58     54.77
   83.98     70.02
   62.04     61.36
   51.74     30.26
   69.24     84.45
   97.07     48.84
   97.24     44.33
   54.34     59.57
  103.87    104.64
   16.98     29.20
   93.62    113.94
   95.16     37.98
   61.97     39.49
   32.00     28.73
   34.45      9.27
   59.27     65.15
    7.00     20.92
   31.77      6.14
   23.02      7.67
    3.33     40.75
    8.89      8.24
   25.39      8.31
    4.19      4.64
    8.83      8.38
    4.91      3.47
    6.86      3.40
    3.47      9.48
    4.13      2.68
    4.19      3.47
    7.07      2.09
    1.37      2.75
    3.33      2.68
    1.37      3.54
    5.89      2.10
    3.40      2.82
    0.00      2.03
    3.36      1.44
    2.82      2.75
    0.65      2.03
    3.33      3.54
    3.49      1.44
    0.74      1.31
    1.31      1.37
    2.10      3.40
    1.96      4.12
    4.84      4.05
    7.66      4.84
    0.72      2.03
    1.44      0.00
    1.37      1.31
    2.03     17.75
    2.09     16.46
   15.82      2.02
   33.00     16.54
   15.04     30.22
   30.87     15.78
    1.85     46.86
   47.90     16.38
   32.81     19.91
    2.83     17.85
   16.54      4.79
   33.87     46.55
   18.20     16.88
   19.47      7.66
    8.31      2.75
    2.09      6.22
    3.99     19.81
    5.63     19.11
    4.05     21.80
   35.51      6.95
   24.52     26.70
   10.78     10.63
   26.91      6.29
    3.40      8.17
    6.08      4.19
    5.49      6.87
    3.54      3.40
    5.56      4.13
    5.36      3.47
    4.71      7.07
    5.50      2.82
    2.16      1.37
    1.37      2.68
    3.33      4.85
   16.55     29.09
   91.07    126.92
   65.26    134.49
   18.31    157.10
   70.85    134.99
    6.62     15.32
   35.19     34.96
    2.58    107.13
   32.35    103.02
    3.60      1.34
   69.60     66.39
   59.65     60.68
   60.63     44.46
   66.61      4.26
   80.10     51.61
    7.58      1.44
   81.61     42.04
   37.20     25.95
   54.90     66.12
   60.25     45.46
   70.96     32.15
   43.67     33.20
  110.19     86.49
   55.55     65.29
   95.80     94.58
  126.16     40.98
   19.28     36.49
   19.37     22.38
   24.92     30.84
   32.81     34.85
   21.67      6.94
    5.70      2.09
    5.57      2.03
    2.68      7.46
   31.89     40.95
    4.98     34.27
   45.08     23.78
   26.62     13.02
   16.75     26.25
   25.06      4.91
   33.54     28.14
   32.10     18.01
    8.45      8.93
    6.30      7.60
    2.03      5.36
    5.50      4.21
    4.98      2.61
    6.15      2.10
    2.16      4.19
    2.82      1.37
    1.31      0.72
    3.40      2.88
    2.03      2.68
    2.61      3.47
    1.37      3.47
    2.68      2.10
    4.30      2.11
    2.68      1.37
    2.68      2.82
    1.37      2.82
    0.65      0.72
    3.54      2.68
    3.40      3.40
    2.09      4.71
   16.34     19.15
    4.78      2.10
    3.61      2.17
    2.15      0.00
    1.38      3.34
    0.00     16.34
    2.75     30.82
   31.48     19.30
   19.51      0.65
   31.47     49.96
   31.56     34.29
   20.78      2.75
   32.04     20.29
   19.06     18.27
   16.55     16.48
    4.85     16.41
    3.47     19.24
   65.64     37.42
    4.26      4.12
    2.17      0.65
    2.68      4.06
    5.43      6.94
    4.78     19.06
    8.18     12.89
    9.28     25.52
   29.12     11.20
   21.40      8.25
    7.46      6.22
    8.32      5.70
   20.11     18.52
    2.03      1.31
    6.15      6.94
    5.95      4.91
    2.88      3.54
    2.09      1.96
    4.04      4.83
   79.61     26.84
   34.39    136.55
   16.98     80.72
   32.58    158.15
    5.43     76.27
    5.57     54.41
   58.15     58.04
    9.22    127.33
    2.64     36.46
   87.76    128.24
   41.37     59.46
   35.89     23.24
   98.10     74.25
   53.01     23.37
   87.88     48.04
   59.72     30.22
   55.08     27.33
   62.59     60.85
   41.54     34.19
   79.88     70.88
   78.52     72.07
  147.10    144.63
   52.68     43.39
   95.43    103.88
   81.13     48.72
   83.76      9.88
   79.36     57.05
   48.22     26.12
   62.81     60.39
   13.52      6.45
   16.28     10.91
   14.13     22.46
   37.59      4.41
   27.94     23.26
    3.41      4.06
   54.46     44.56
    6.23      4.20
   12.28      9.22
   12.23     28.20
   16.19     25.86
    9.76      4.85
   23.16     10.27
    6.09      4.78
   20.37     21.30
    8.39      4.85
    2.51      4.47
    4.13      5.36
    6.15      4.26
    4.33      2.03
    2.03      2.10
    1.38      2.68
    2.75      1.44
    2.75      1.44
    2.68      2.68
    1.31      2.82
    2.68      4.85
    2.78      1.38
    3.40      4.12
    2.10      1.38
    6.24      2.86
    1.96      5.50
    4.85      2.75
    4.12      3.56
    0.72      1.31
    1.40      0.72
    0.00      1.31
    2.03     17.71
    1.44      2.03
    3.47      3.40
   21.26     19.91
   17.11      2.88
    1.44      1.31
    1.44     31.11
   59.83     32.80
   18.81     37.97
   21.35     47.21
    4.93      4.06
   32.24     19.96
   21.14     19.23
   31.44     17.85
   33.10     31.35
    3.48      5.43
   22.13     24.11
    4.19      2.03
   19.98      4.85
    2.75      1.37
    3.40      4.84
    0.65      2.03
    8.18     23.80
    6.60     14.47
   26.66      9.89
   10.40     22.58
    7.07      6.73
   21.79      7.07
   20.58     21.82
    4.99      2.82
    5.50      3.47
    4.67      6.22
    5.91      6.31
   34.49     51.83
   44.01     49.08
  100.74    215.76
    2.03     54.34
   27.88    184.11
    1.40     15.38
   22.04     74.38
   24.54     64.29
   53.78     87.05
  105.77     96.95
   22.68     28.10
   44.54     41.80
   34.50     25.75
   53.50     43.49
   53.97     89.76
   51.77     50.00
  102.93     23.29
   67.16     22.04
   51.64     24.45
  119.16    106.55
   53.95     48.21
   85.26     70.60
   44.27     19.68
   43.78     51.11
   82.12     89.99
   42.75     21.66
   60.58     38.23
   33.69     21.97
    5.95     32.79
    4.28     19.77
   72.26     38.66
   48.78     28.02
   27.74     34.15
  132.09     91.34
   22.17     20.15
   53.05     19.20
   17.93      6.22
    4.92      2.80
    5.57      3.40
    2.03      9.29
   10.42     24.35
   11.13     11.06
   23.74      4.84
    6.29     24.08
    7.46      5.50
   37.97     22.99
    7.02      5.43
    3.33      4.78
    2.89      5.29
    5.50      3.47
    4.71      4.21
    5.72      2.75
    2.75      2.84
    2.75      2.03
    2.75      2.18
    1.46      1.31
    3.27      2.89
    2.03      1.44
    1.37      3.40
    1.31      3.40
    0.72      0.65
    7.67      6.09
    5.43      4.19
    4.16      4.28
    2.03      2.10
    1.37      2.03
    1.39      0.74
    2.18     15.02
    0.00      0.65
   15.02     17.76
   16.46      1.44
    2.84      2.79
    2.10     18.91
    3.51      1.46
   19.13     48.66
   20.02     35.82
   63.13     50.58
   36.90      4.79
   31.88     21.13
    5.57      5.52
    4.35     16.31
    4.87     17.86
   18.67     19.79
    6.08     18.43
   19.29      9.71
   19.19     34.76
   35.04      4.84
   22.48      3.54
    4.85      5.57
   14.38     15.09
    7.39     10.14
    6.01     11.13
   11.65     23.31
    7.66      5.50
    4.20      6.09
   23.18      8.97
    7.59      6.94
    5.71      2.10
    4.73      3.46
   19.83      7.13
   77.53    150.99
   33.73     32.37
   35.30    184.16
    3.40     82.15
    2.86     54.35
    5.54     27.73
   26.19    132.61
    1.40     73.34
   22.92     78.14
   47.92     80.45
   71.33     63.74
   33.46     29.14
   40.34     39.72
  105.74     46.55
   34.81     92.55
   99.97     52.73
   66.08     50.90
  121.21     74.99
   62.68      8.56
   33.32     41.92
   31.35     18.55
   38.09     36.88
    7.96     10.90
   16.91      2.76
   87.95     63.88
   78.73     62.14
   65.77     90.08
  143.73     85.93
  101.72     55.30
   61.38     31.43
   48.67     34.97
   25.74     21.07
   61.54     12.06
   41.63     43.37
   30.63     40.53
   39.89     58.52
   71.71     59.84
   63.26     23.24
   10.02      4.96
   22.74      5.50
   16.95     20.79
    8.33     10.22
   13.37      7.59
    6.80      5.63
    5.63     20.61
    4.06      6.74
   22.70      6.29
   23.58      9.17
    4.19      4.05
    2.16      1.31
    4.13      3.99
    3.47      4.19
    5.57      5.43
    1.37      1.37
    2.75      2.68
    5.58      4.19
    1.31      1.48
    4.88      0.74
    2.70      4.28
    1.31      1.37
    3.40      4.78
    2.75      3.47
    4.85      2.75
    0.00      2.03
    2.75      4.05
    3.33      2.85
    4.88     16.55
    3.49      3.47
    0.00      0.65
   42.26      2.03
    2.05      2.84
    0.00      0.00
    2.16      0.65
    0.72     16.31
   16.31     18.48
    2.70     17.15
   19.85     24.54
   24.11     34.68
   20.30     53.44
   35.66     19.78
   50.33     34.31
   20.07      4.12
   32.86     18.92
    3.40      6.83
   22.40     20.00
    5.56      6.19
    4.23      3.40
   19.86     34.10
   21.18      5.51
    6.80     24.93
   35.80     17.98
   21.83     10.26
   21.81     24.02
    8.83      8.31
    7.01      4.12
    6.36      4.12
    3.99      6.81
    4.78      7.46
    7.99      5.50
   92.23     75.86
   36.66    139.93
    1.99     77.56
   38.59    185.39
    5.50      3.53
   19.44     57.76
    2.10     78.03
    3.47    130.23
   47.63     53.98
   21.47     73.00
   52.55     66.28
   46.34     62.39
   29.86     25.00
  138.39     90.57
   39.71     36.72
   47.12     36.48
   29.19     45.40
   71.73    101.88
   80.09     31.82
   91.11     65.86
   60.75     49.44
  100.74     79.22
   24.35     26.46
   74.71     79.42
   70.79     34.20
   60.81     38.58
   30.49     22.79
   79.30     41.10
   32.77     43.16
  120.69     46.98
   20.38     64.67
   94.48     42.59
   21.18     32.08
   17.91     44.70
   65.12     49.62
   21.97      7.08
   56.04     28.01
   31.37     38.25
   32.01     11.72
   85.56     79.17
   19.07     20.61
   21.31     14.06
   37.31     23.31
   12.08      7.59
   25.51     23.49
    7.53      5.63
    4.91      4.71
    4.78      6.22
    5.43      4.19
    7.45      6.28
    4.19      4.84
    4.85      4.78
    3.53      3.26
    4.71      5.63
    1.37      1.31
    4.91      4.07
    2.10      1.44
    4.05      4.19
    4.14      2.15
    2.68      2.16
    3.33      3.42
    4.12      6.28
    2.09      3.98
    2.68      2.86
    4.16      1.45
    2.90      1.39
    0.00      0.65
    2.03      2.75
    2.77     17.70
    4.66      5.02
    3.53      2.84
   15.85      0.72
    0.72      1.96
    1.37     16.39
   16.49     15.18
    1.31      2.10
   16.43      1.37
    2.10     18.37
    3.99     19.22
   22.63     24.61
   17.27     17.65
   21.36     66.40
   53.25      8.48
   20.75      6.98
   20.47     19.70
    6.11     21.84
   21.35     21.34
   34.96     21.09
   19.37      3.40
    3.55     17.70
    4.71     20.67
   22.17     32.67
   21.81     11.58
   37.77     13.63
   26.73     26.15
    8.97      7.53
   10.43      5.63
    4.98      4.05
    4.55      5.88
   41.59     68.41
   66.46    112.14
    7.73     81.33
   51.84    185.40
   25.84     27.03
   26.60    108.00
   42.15     87.57
   33.30     54.26
   29.33     40.39
    8.94     52.87
   29.67     25.73
   32.15     34.18
   25.39     24.13
   54.37     35.25
   23.57     63.31
   28.24     37.24
   61.82     33.03
   40.87     14.51
   30.83     30.02
   22.73     11.04
   27.88     24.62
   54.41     37.58
   55.63     65.16
   72.27     31.51
   38.68     81.43
   44.15     25.67
  101.99    103.93
  120.89     63.48
   58.75     93.69
  103.67     88.09
   20.34     25.31
   92.55     57.93
   14.95     51.56
   34.45     48.73
   52.77     43.48
   24.20     22.29
   85.76     46.93
   60.08     32.19
    7.60     20.33
   34.90     19.30
   18.30     16.44
    4.12      6.10
    4.93     18.58
    4.05     52.40
   23.53      9.42
   41.36     15.11
   36.99     29.61
   52.91     35.32
    9.00      6.92
    7.10      6.15
    2.61      4.12
    7.59      4.19
    3.40      4.19
    4.84      4.85
    2.75      4.06
    7.39      7.53
    3.49     19.97
   19.51      1.31
    4.78      3.54
    1.39      0.72
    3.47      3.49
    5.37      4.15
    2.82      4.21
    2.03      2.10
    3.55      2.82
    1.38      1.96
    1.96      2.16
    1.44      2.70
    2.10      2.03
    2.10      1.31
    2.70      2.93
    3.53      1.38
    2.70      4.14
    2.75      2.84
    2.13     16.39
    1.39      2.03
   16.11     16.98
   16.52      1.39
    4.84      3.56
   17.77     20.22
   18.47     18.46
   20.37     34.75
   17.34     17.62
    4.19     18.88
   35.69     22.99
   19.13     21.40
   38.50     37.39
   22.57     39.72
   25.35     22.09
   37.08      6.87
    5.50      4.14
   21.36     17.60
   18.49     20.03
    3.47      2.10
    6.89      8.85
    6.59     37.60
   13.00     13.99
   41.23     10.33
    7.98     21.57
   70.24     86.41
   19.65     30.49
   51.78    156.86
    4.44     29.06
   51.85    158.81
   19.43      3.49
    3.47    160.50
   38.34     56.81
    9.68     82.85
   10.98      5.47
    1.37     53.50
   43.72     28.95
   72.88    100.10
   49.84     38.98
   50.19    119.73
   45.00     13.00
   71.26     18.74
    2.12      1.38
   51.04     68.89
   50.88     58.37
   55.30     13.08
   62.32     58.39
   62.24     36.94
   73.02     58.59
   55.83     46.64
   42.20     37.77
   29.61     31.44
   36.91     47.23
   63.58     75.54
   93.99     56.17
   61.52     40.30
   65.14     66.75
   44.34     32.85
   27.69     48.32
   64.63     21.03
    3.48     36.55
   83.17     67.58
   32.94     30.92
   31.09     25.49
   13.19     37.75
   48.82     43.70
   26.87     23.44
   61.06     34.24
   49.18     26.10
   46.10     27.30
   13.18      5.79
   77.67     66.59
    8.33      9.42
   23.39     23.52
   10.62      8.46
   38.32     23.85
    7.47      8.25
    5.57      4.88
    4.91      4.06
    5.45      5.50
    7.55      5.64
    3.54      2.10
    4.06      6.74
    3.34      5.50
    4.87      3.54
    7.01      2.75
    6.08      6.31
    2.75      3.47
    3.47      1.39
    1.38      2.12
    0.72      0.00
    1.96      2.82
    2.03      2.03
    2.77      3.40
    1.37      1.46
    1.37      1.37
    1.37      1.37
    2.12      2.03
    3.42      2.84
    0.74      1.96
    2.03      2.09
    2.05      2.06
    2.70      4.25
   18.72     17.40
    3.51     60.34
   18.44      4.11
    4.20      6.80
   49.29     20.03
   18.01     17.85
    4.91      3.33
    4.13      3.40
   19.31     21.26
   17.72     35.84
   21.75     34.63
    9.73     25.18
   25.97      8.94
   22.59      9.66
   22.70     48.67
   22.21     19.68
   23.37      8.97
   19.06     19.38
    4.71      6.10
    8.25      7.53
    8.76      2.77
    4.63      0.00
    0.65      0.00
    0.00      0.00
    0.00      0.00
    0.00      0.00
    0.00      0.00
    0.00      0.00
    0.00      0.00
    0.00      0.00
    0.00      0.00
    0.00      0.00
    0.00      0.00
    0.00      0.00
    0.00      0.00
    0.00      0.00
    0.00      0.00
    0.00      0.00
    0.00      0.00
    0.00      0.00
    0.00      0.00
    0.00      0.00
    0.00      0.00
    0.00      0.00
    0.00      0.00
    0.00      0.00
    0.00      0.00
    0.00      0.00
    0.00      0.00
    0.00      0.00
    0.00      0.00
    3.41      0.68
    0.00      0.00
    0.00      0.00
    0.00      0.00
    0.00      0.00
    0.00      0.00
    0.00      0.00
    0.00      0.00
    0.00      0.00
