      h_eth1      
 KB/s in  KB/s out
    0.00      0.00
    0.00      0.00
    0.00      0.00
    0.00      0.00
    0.00      0.00
    0.00      0.00
    0.00      0.00
    0.00      0.00
    0.00      0.00
    0.00      0.00
    0.00      0.00
    0.00      0.00
    0.00      0.00
    0.00      0.00
    0.00      0.00
    0.00      0.00
    0.00      0.00
    0.00      0.00
    0.00      0.00
    0.00      0.00
    0.00      0.00
    0.00      0.00
    0.00      0.00
    0.00      0.00
    0.00      0.00
    0.00      0.00
    0.00      0.00
    0.00      0.00
    0.00      0.00
    0.00      0.00
    0.00      0.00
    0.00      0.00
    0.00      0.00
    0.00      0.00
    0.00      0.00
    0.00      0.00
    0.00      0.00
    0.00      0.00
    1.36      0.00
    0.00      0.00
    0.00      0.00
    0.00      0.00
    0.00      0.00
    0.00      0.00
    0.00      0.00
    0.00      0.00
    0.00      0.00
    0.00      0.00
    0.00      0.00
    0.00      0.00
    0.00      0.00
    0.00      0.00
    0.00      0.00
    0.00      0.00
    0.00      0.00
    0.00      0.00
    0.00      0.00
    0.00      0.00
    0.00      0.00
    0.00      0.00
    0.00      0.00
    0.00      0.00
    0.00      0.00
    0.00      0.00
    0.00      0.00
    0.00      0.00
    0.00      0.00
    0.00      0.00
    0.00      0.00
    0.00      0.00
    0.00      0.00
    0.00      0.00
    0.00      0.00
    0.00      0.00
    0.00      0.00
    0.00      0.00
    0.00      0.00
    0.00      0.00
    0.00      0.00
    0.68      0.00
    0.00      0.00
    0.00      0.00
    0.00      0.00
    0.00      0.00
    0.00      0.00
    0.00      0.00
    0.00      0.00
    0.00      0.00
    0.00      0.00
    0.00      0.00
    0.00      0.00
    0.00      0.00
    0.00      0.00
    0.00      0.00
    0.00      0.00
    0.00      0.00
    0.00      0.00
    0.00      0.00
    0.00      0.00
    0.00      0.00
    0.00      0.00
    0.00      0.00
    0.00      0.00
    0.00      0.00
    0.00      0.00
    0.00      0.00
    0.00      0.00
    0.00      0.00
    0.00      0.00
    0.00      0.00
    0.41      0.00
    0.00      0.00
    0.00      0.00
    0.00      0.00
    0.00      0.00
    0.00      0.00
    0.00      0.00
    0.00      0.00
    0.00      0.00
    0.00      0.00
    1.36      0.00
    0.00      0.00
    0.00      0.00
    0.00      0.00
    0.00      0.00
    0.00      0.00
    0.00      0.00
    0.00      0.00
    0.00      0.00
    0.00      0.00
    0.00      0.00
    0.00      0.00
    0.00      0.00
    0.00      0.00
    0.00      0.00
    0.00      0.00
    0.00      0.00
    0.00      0.00
    0.00      0.00
    0.00      0.00
    0.00      0.00
    0.00      0.00
    0.00      0.00
    0.00      0.00
    0.00      0.00
    0.00      0.00
    0.00      0.00
    0.00      0.00
    0.00      0.00
    0.00      0.00
    0.00      0.00
    0.00      0.00
    0.00      0.00
    0.00      0.00
    0.00      0.00
    0.00      0.00
    0.00      0.00
    0.00      0.00
    0.00      0.00
    0.00      0.00
    0.00      0.00
    1.36      0.00
    0.00      0.00
    0.00      0.00
    0.00      0.00
    0.00      0.00
    0.00      0.00
    0.00      0.00
    0.00      0.00
    0.00      0.00
    0.00      0.00
    0.00      0.00
    0.00      0.00
    0.00      0.00
    0.00      0.00
    0.00      0.00
    0.00      0.00
    0.00      0.00
    0.00      0.00
    0.00      0.00
    0.00      0.00
    0.00      0.00
    0.00      0.00
    0.00      0.00
    0.00      0.00
    0.00      0.00
    0.00      0.00
    0.00      0.00
    0.00      0.00
    0.00      0.00
    0.00      0.00
    0.00      0.00
    0.00      0.00
    0.00      0.00
    0.00      0.00
    0.00      0.00
    0.00      0.00
    0.00      0.00
    0.00      0.00
    0.00      0.00
    0.00      0.00
    0.00      0.00
    0.00      0.00
    0.00      0.00
    0.00      0.00
    0.00      0.00
    0.00      0.00
    0.00      0.00
    0.00      0.00
    0.00      0.00
    0.00      0.00
    0.00      0.00
    0.00      0.00
    0.00      0.00
    0.00      0.00
    0.00      0.00
    0.00      0.00
    0.00      0.00
    0.00      0.00
    0.00      0.00
    0.00      0.00
    0.00      0.00
    0.00      0.00
    0.00      0.00
    0.00      0.00
    0.00      0.00
    0.00      0.00
    0.00      0.00
    0.00      0.00
    0.00      0.00
    0.00      0.00
    0.00      0.00
    0.00      0.00
    0.00      0.00
    0.00      0.00
    0.00      0.00
    0.00      0.00
    0.00      0.00
    0.00      0.00
    0.00      0.00
    0.00      0.00
    0.00      0.00
    0.68      0.00
    0.00      0.00
    0.00      0.00
    0.00      0.00
    0.00      0.00
    0.00      0.00
    0.00      0.00
    0.00      0.00
    0.00      0.00
    0.00      0.00
    0.00      0.00
    0.00      0.00
    0.00      0.00
    0.00      0.00
    0.00      0.00
    0.00      0.00
    0.00      0.00
    0.00      0.00
    0.00      0.00
    0.00      0.00
    0.00      0.00
    0.00      0.00
    0.00      0.00
    0.00      0.00
    0.00      0.00
    0.00      0.00
    0.00      0.00
    0.00      0.00
    0.00      0.00
    0.00      0.00
    0.00      0.00
    0.00      0.00
    0.00      0.00
    0.00      0.00
    0.00      0.00
    0.00      0.00
    0.00      0.00
    0.00      0.00
    0.00      0.00
    0.00      0.00
    0.00      0.00
    0.00      0.00
    0.00      0.00
    0.00      0.00
    0.00      0.00
    0.00      0.00
    0.00      0.00
    0.00      0.00
    0.00      0.00
    0.00      0.00
    0.00      0.00
    0.00      0.00
    0.00      0.00
    0.00      0.00
    0.00      0.00
    0.00      0.00
    0.00      0.00
    0.00      0.00
    0.00      0.00
    0.00      0.00
    0.00      0.00
    0.00      0.00
    0.00      0.00
    0.00      0.00
    0.00      0.00
    0.00      0.00
    0.00      0.00
    0.00      0.00
    0.00      0.00
    0.00      0.00
    0.00      0.00
    0.00      0.00
    0.00      0.00
    0.00      0.00
    0.00      0.00
    0.00      0.00
    0.00      0.00
    0.00      0.00
    0.00      0.00
    0.00      0.00
    0.00      0.00
    0.00      0.00
    0.00      0.00
    0.00      0.00
    0.00      0.00
    0.00      0.00
    0.00      0.00
    0.00      0.00
    0.00      0.00
    0.00      0.00
    0.00      0.00
    0.00      0.00
    0.00      0.00
    0.00      0.00
    0.00      0.00
    0.00      0.00
    0.00      0.00
    0.00      0.00
    0.00      0.00
    0.00      0.00
    0.00      0.00
    0.00      0.00
    0.00      0.00
    0.00      0.00
    0.00      0.00
    0.00      0.00
    0.00      0.00
    0.00      0.00
    0.00      0.00
    0.00      0.00
    0.00      0.00
    0.00      0.00
    0.00      0.00
    0.00      0.00
    0.00      0.00
    0.00      0.00
    0.00      0.00
    0.00      0.00
    0.00      0.00
    0.00      0.00
    0.00      0.00
    0.00      0.00
    0.00      0.00
    0.68      0.00
    0.00      0.00
    0.00      0.00
    0.00      0.00
    0.00      0.00
    0.00      0.00
    0.00      0.00
    0.00      0.00
    0.00      0.00
    0.00      0.00
    0.00      0.00
    0.00      0.00
    0.00      0.00
    0.00      0.00
    0.00      0.00
    0.00      0.00
    0.00      0.00
    0.00      0.00
    0.00      0.00
    0.00      0.00
    0.00      0.00
    0.00      0.00
    0.00      0.00
    0.00      0.00
    0.00      0.00
    0.00      0.00
    0.00      0.00
    0.00      0.00
    0.00      0.00
    0.00      0.00
    0.00      0.00
    0.00      0.00
    0.00      0.00
    0.00      0.00
    0.00      0.00
    0.00      0.00
    0.00      0.00
    0.00      0.00
    0.00      0.00
    0.00      0.00
    0.00      0.00
    0.68      0.00
    0.00      0.00
    0.00      0.00
    0.00      0.00
    0.00      0.00
    0.00      0.00
    0.00      0.00
    0.00      0.00
    0.00      0.00
    0.00      0.00
    0.00      0.00
    0.00      0.00
    0.00      0.00
    0.00      0.00
    0.00      0.00
    0.00      0.00
    0.00      0.00
    0.00      0.00
    0.00      0.00
    0.00      0.00
    0.00      0.00
    0.00      0.00
    0.00      0.00
    0.00      0.00
    0.00      0.00
    0.00      0.00
    0.00      0.00
    0.00      0.00
    0.00      0.00
    0.00      0.00
    0.00      0.00
    0.00      0.00
    0.00      0.00
    0.00      0.00
    0.00      0.00
    0.00      0.00
    0.00      0.00
    0.00      0.00
    0.00      0.00
    0.00      0.00
    0.00      0.00
    0.00      0.00
    0.00      0.00
    0.00      0.00
    0.00      0.00
    0.00      0.00
    0.00      0.00
    0.00      0.00
    0.00      0.00
    0.00      0.00
    0.00      0.00
    0.00      0.00
    0.00      0.00
    0.00      0.00
    0.00      0.00
    0.00      0.00
    0.00      0.00
    0.00      0.00
    0.00      0.00
    0.00      0.00
    0.00      0.00
    0.00      0.00
    0.00      0.00
    0.00      0.00
    0.00      0.00
    0.00      0.00
    0.00      0.00
    0.00      0.00
    0.00      0.00
    0.00      0.00
    0.00      0.00
    0.00      0.00
    0.00      0.00
    0.00      0.00
    0.00      0.00
    0.00      0.00
    0.00      0.00
    0.00      0.00
    0.00      0.00
    0.00      0.00
    0.00      0.00
    0.00      0.00
    0.00      0.00
    0.00      0.00
    0.00      0.00
    0.00      0.00
    0.00      0.00
    0.00      0.00
    0.00      0.00
    0.00      0.00
    0.00      0.00
    0.00      0.00
    0.00      0.00
    0.00      0.00
    0.00      0.00
    0.00      0.00
    0.00      0.00
    0.00      0.00
    0.00      0.00
    0.00      0.00
    0.00      0.00
    0.00      0.00
    0.00      0.00
    0.00      0.00
    0.00      0.00
    0.00      0.00
    0.00      0.00
    0.00      0.00
    0.00      0.00
    0.00      0.00
    0.00      0.00
    0.00      0.00
    0.00      0.00
    0.41      0.00
    0.00      0.00
    0.00      0.00
    0.00      0.00
    0.00      0.00
    0.00      0.00
    0.00      0.00
    0.00      0.00
    0.00      0.00
    0.00      0.00
    0.00      0.00
    0.00      0.00
    0.00      0.00
    0.00      0.00
    0.00      0.00
    0.00      0.00
    0.00      0.00
    0.00      0.00
    0.00      0.00
    0.00      0.00
    0.00      0.00
    0.00      0.00
    0.00      0.00
    0.00      0.00
    0.00      0.00
    0.00      0.00
    0.00      0.00
    0.00      0.00
    0.00      0.00
    0.00      0.00
    0.00      0.00
    0.00      0.00
    0.00      0.00
    0.00      0.00
    0.00      0.00
    0.00      0.00
    0.00      0.00
    0.00      0.00
    0.00      0.00
    0.00      0.00
    0.00      0.00
    0.00      0.00
    0.00      0.00
    0.00      0.00
    0.00      0.00
    0.00      0.00
    0.00      0.00
    0.00      0.00
    0.00      0.00
    0.00      0.00
    0.00      0.00
    0.00      0.00
    0.00      0.00
    0.00      0.00
    0.00      0.00
    0.00      0.00
    0.00      0.00
    0.00      0.00
    0.00      0.00
    0.00      0.00
    0.00      0.00
    0.00      0.00
    0.00      0.00
    0.00      0.00
    0.00      0.00
    0.00      0.00
    0.00      0.00
    0.00      0.00
    0.00      0.00
    0.00      0.00
    0.00      0.00
    0.00      0.00
    0.00      0.00
    0.00      0.00
    0.00      0.00
    0.00      0.00
    0.00      0.00
    0.00      0.00
    0.00      0.00
    0.00      0.00
    0.00      0.00
    0.00      0.00
    0.00      0.00
    0.00      0.00
    0.00      0.00
    0.00      0.00
    0.00      0.00
    0.00      0.00
    0.00      0.00
    0.00      0.00
    0.00      0.00
    0.00      0.00
    0.00      0.00
    0.00      0.00
    0.00      0.00
    0.00      0.00
    0.00      0.00
    0.00      0.00
    0.00      0.00
    0.41      0.00
    0.00      0.00
    0.00      0.00
    0.00      0.00
    0.00      0.00
    0.00      0.00
    0.00      0.00
    0.00      0.00
    0.00      0.00
    0.00      0.00
    0.00      0.00
    0.00      0.00
    0.00      0.00
    0.00      0.00
    0.00      0.00
    0.00      0.00
    0.00      0.00
    0.00      0.00
    0.00      0.00
    0.00      0.00
    0.00      0.00
    0.00      0.00
    0.00      0.00
    0.00      0.00
    0.00      0.00
    0.00      0.00
    0.00      0.00
    0.00      0.00
    0.00      0.00
    0.00      0.00
    0.00      0.00
    0.00      0.00
    0.00      0.00
    0.00      0.00
    0.00      0.00
    0.00      0.00
    0.00      0.00
    0.00      0.00
    0.00      0.00
    0.00      0.00
    0.00      0.00
    0.00      0.00
    0.00      0.00
    0.00      0.00
    0.00      0.00
    0.00      0.00
    0.00      0.00
    0.00      0.00
    0.00      0.00
    0.00      0.00
    0.00      0.00
    0.00      0.00
    0.00      0.00
    0.00      0.00
    0.00      0.00
    0.00      0.00
    0.00      0.00
    0.00      0.00
    0.00      0.00
    0.00      0.00
    0.00      0.00
    0.00      0.00
    0.00      0.00
    0.00      0.00
    0.00      0.00
    0.00      0.00
    0.00      0.00
    0.00      0.00
    0.00      0.00
    0.00      0.00
    0.00      0.00
    0.00      0.00
    0.00      0.00
    0.00      0.00
    0.00      0.00
    0.00      0.00
    0.00      0.00
    0.00      0.00
    0.00      0.00
    0.00      0.00
    0.00      0.00
    0.00      0.00
    0.00      0.00
    0.00      0.00
    0.00      0.00
    0.00      0.00
    0.00      0.00
    0.00      0.00
    0.00      0.00
    0.00      0.00
    0.00      0.00
    0.00      0.00
    0.00      0.00
    0.00      0.00
    0.00      0.00
    0.00      0.00
    0.00      0.00
    0.00      0.00
    0.00      0.00
    0.00      0.00
    0.41      0.00
    0.00      0.00
    0.00      0.00
    0.00      0.00
    0.00      0.00
    0.00      0.00
    0.00      0.00
    0.00      0.00
    0.00      0.00
    0.00      0.00
    0.00      0.00
    0.00      0.00
    0.00      0.00
    0.00      0.00
    0.00      0.00
    0.00      0.00
    0.00      0.00
    0.00      0.00
    0.00      0.00
    0.00      0.00
    0.00      0.00
    0.00      0.00
    0.00      0.00
    0.00      0.00
    0.00      0.00
    0.00      0.00
    0.00      0.00
    0.00      0.00
    0.00      0.00
    0.00      0.00
    0.00      0.00
    0.00      0.00
    0.00      0.00
    0.00      0.00
    0.00      0.00
    0.00      0.00
    0.00      0.00
    0.00      0.00
    0.00      0.00
    0.00      0.00
    0.00      0.00
    0.00      0.00
    0.00      0.00
    0.00      0.00
    0.00      0.00
    0.00      0.00
    0.00      0.00
    0.00      0.00
    0.00      0.00
    0.00      0.00
    0.00      0.00
    0.00      0.00
    0.00      0.00
    0.00      0.00
    0.00      0.00
    0.00      0.00
    0.00      0.00
    0.00      0.00
    0.00      0.00
    0.00      0.00
    0.00      0.00
    0.00      0.00
    0.00      0.00
    0.00      0.00
    0.00      0.00
    0.00      0.00
    0.00      0.00
    0.00      0.00
    0.00      0.00
    0.00      0.00
    0.00      0.00
    0.00      0.00
    0.00      0.00
    0.00      0.00
    0.00      0.00
    0.00      0.00
    0.00      0.00
    0.00      0.00
    0.00      0.00
    0.00      0.00
    0.00      0.00
    0.00      0.00
    0.00      0.00
    0.00      0.00
    0.00      0.00
    0.00      0.00
    0.00      0.00
    0.00      0.00
    0.00      0.00
    0.00      0.00
    0.00      0.00
    0.00      0.00
    0.00      0.00
    0.00      0.00
    0.00      0.00
    0.00      0.00
    0.00      0.00
    0.00      0.00
    0.00      0.00
    0.00      0.00
    0.41      0.00
    0.00      0.00
    0.00      0.00
    0.00      0.00
    0.00      0.00
    0.00      0.00
    0.00      0.00
    0.00      0.00
    0.00      0.00
    0.00      0.00
    0.00      0.00
    0.00      0.00
    0.00      0.00
    0.00      0.00
    0.00      0.00
    0.00      0.00
    0.00      0.00
    0.00      0.00
    0.00      0.00
    0.00      0.00
    0.00      0.00
    0.00      0.00
    0.00      0.00
    0.00      0.00
    0.00      0.00
    0.00      0.00
    0.00      0.00
    0.00      0.00
    0.00      0.00
    0.00      0.00
    0.00      0.00
    0.00      0.00
    0.00      0.00
    0.00      0.00
    0.00      0.00
    0.00      0.00
    0.00      0.00
    0.00      0.00
    0.00      0.00
    0.00      0.00
    0.00      0.00
    0.00      0.00
    0.00      0.00
    0.00      0.00
    0.00      0.00
    0.00      0.00
    0.00      0.00
    0.00      0.00
    0.00      0.00
    0.00      0.00
    0.00      0.00
    0.00      0.00
    0.00      0.00
    0.00      0.00
    0.00      0.00
    0.00      0.00
    0.00      0.00
    0.00      0.00
    0.00      0.00
    0.00      0.00
    0.00      0.00
    0.00      0.00
    0.00      0.00
    0.00      0.00
    0.00      0.00
    0.00      0.00
    0.00      0.00
    0.00      0.00
    0.00      0.00
    0.00      0.00
    0.00      0.00
    0.00      0.00
    0.00      0.00
    0.00      0.00
    0.00      0.00
    0.00      0.00
    0.00      0.00
    0.00      0.00
    0.00      0.00
    0.00      0.00
    0.00      0.00
    0.00      0.00
    0.00      0.00
    0.00      0.00
    0.00      0.00
    0.00      0.00
    0.00      0.00
    0.00      0.00
    0.00      0.00
    0.00      0.00
    0.00      0.00
    0.00      0.00
    0.00      0.00
    0.00      0.00
    0.00      0.00
    0.00      0.00
    0.00      0.00
    0.00      0.00
    0.00      0.00
    0.00      0.00
    0.82      0.00
    0.00      0.00
    0.00      0.00
    0.00      0.00
    0.00      0.00
    0.00      0.00
    0.00      0.00
    0.00      0.00
    0.00      0.00
    0.00      0.00
    0.00      0.00
    0.00      0.00
    0.00      0.00
    0.00      0.00
    0.00      0.00
    0.00      0.00
    0.00      0.00
    0.00      0.00
    0.00      0.00
    0.00      0.00
    0.00      0.00
    0.00      0.00
    0.00      0.00
    0.00      0.00
    0.00      0.00
    0.00      0.00
    0.00      0.00
    0.00      0.00
    0.00      0.00
    0.00      0.00
    0.00      0.00
    0.00      0.00
    0.00      0.00
    0.00      0.00
    0.00      0.00
    0.00      0.00
    0.00      0.00
    0.00      0.00
    0.00      0.00
    0.00      0.00
    0.00      0.00
    0.00      0.00
    0.00      0.00
    0.00      0.00
    0.00      0.00
    0.00      0.00
    0.00      0.00
    0.00      0.00
    0.00      0.00
    0.00      0.00
    0.00      0.00
    0.00      0.00
    0.00      0.00
    0.00      0.00
    0.00      0.00
    0.00      0.00
    0.00      0.00
    0.00      0.00
    0.00      0.00
    0.00      0.00
    0.00      0.00
    0.00      0.00
    0.00      0.00
    0.00      0.00
    0.00      0.00
    0.00      0.00
    0.00      0.00
    0.00      0.00
    0.00      0.00
    0.00      0.00
    0.00      0.00
    0.00      0.00
    0.00      0.00
    0.00      0.00
    0.00      0.00
    0.00      0.00
    0.00      0.00
    0.00      0.00
    0.00      0.00
    0.00      0.00
    0.00      0.00
    0.00      0.00
    0.00      0.00
    0.00      0.00
    0.00      0.00
    0.00      0.00
    0.00      0.00
    0.00      0.00
    0.00      0.00
    0.00      0.00
    0.00      0.00
    0.00      0.00
    0.00      0.00
    0.00      0.00
    0.00      0.00
    0.00      0.00
    0.00      0.00
    0.00      0.00
    0.00      0.00
    0.41      0.00
    0.00      0.00
    0.00      0.00
    0.00      0.00
    0.00      0.00
    0.00      0.00
    0.00      0.00
    0.00      0.00
    0.00      0.00
    0.00      0.00
    0.00      0.00
    0.00      0.00
    0.00      0.00
    0.00      0.00
    0.00      0.00
    0.00      0.00
    0.00      0.00
    0.00      0.00
    0.00      0.00
    0.00      0.00
    0.00      0.00
    0.00      0.00
    0.00      0.00
    0.00      0.00
    0.00      0.00
    0.00      0.00
    0.00      0.00
    0.00      0.00
    0.00      0.00
    0.00      0.00
    0.00      0.00
    0.00      0.00
    0.00      0.00
    0.00      0.00
    0.00      0.00
    0.00      0.00
    0.00      0.00
    0.00      0.00
    0.00      0.00
    0.00      0.00
    0.00      0.00
    0.00      0.00
    0.00      0.00
    0.00      0.00
    0.00      0.00
    0.00      0.00
    0.00      0.00
    0.00      0.00
    0.00      0.00
    0.00      0.00
    0.00      0.00
    0.00      0.00
    0.00      0.00
    0.00      0.00
    0.00      0.00
    0.00      0.00
    0.00      0.00
    0.00      0.00
    0.00      0.00
    0.00      0.00
    0.00      0.00
    0.00      0.00
    0.00      0.00
    0.00      0.00
    0.00      0.00
    0.00      0.00
    0.00      0.00
    0.00      0.00
    0.00      0.00
    0.00      0.00
    0.00      0.00
    0.00      0.00
    0.00      0.00
    0.00      0.00
    0.00      0.00
    0.00      0.00
    0.00      0.00
    0.00      0.00
    0.00      0.00
    0.00      0.00
    0.00      0.00
    0.00      0.00
    0.00      0.00
    0.00      0.00
    0.00      0.00
    0.00      0.00
    0.00      0.00
    0.00      0.00
    0.00      0.00
    0.00      0.00
    0.00      0.00
    0.00      0.00
    0.00      0.00
    0.00      0.00
    0.00      0.00
    0.00      0.00
    0.00      0.00
    0.00      0.00
    0.00      0.00
    0.00      0.00
    0.00      0.00
    0.00      0.00
    0.00      0.00
    0.00      0.00
    0.00      0.00
    0.00      0.00
    0.00      0.00
    0.00      0.00
    0.00      0.00
    0.00      0.00
    0.00      0.00
    0.00      0.00
    0.00      0.00
    0.00      0.00
    0.00      0.00
    0.00      0.00
    0.00      0.00
    0.00      0.00
    0.00      0.00
    0.00      0.00
    0.00      0.00
    0.00      0.00
    0.00      0.00
    0.00      0.00
    0.00      0.00
    0.00      0.00
    0.00      0.00
    0.00      0.00
    0.00      0.00
    0.00      0.00
    0.00      0.00
    0.00      0.00
    0.00      0.00
    0.00      0.00
    0.00      0.00
    0.00      0.00
    0.00      0.00
    0.00      0.00
    0.00      0.00
    0.00      0.00
    0.00      0.00
    0.00      0.00
    0.00      0.00
    0.00      0.00
    0.00      0.00
    0.00      0.00
    0.00      0.00
    0.00      0.00
    0.00      0.00
    0.00      0.00
    0.00      0.00
    0.00      0.00
    0.00      0.00
    0.00      0.00
    0.00      0.00
    0.00      0.00
    0.00      0.00
    0.00      0.00
    0.00      0.00
    0.00      0.00
    0.00      0.00
    0.00      0.00
    0.00      0.00
    0.00      0.00
    0.00      0.00
    0.00      0.00
    0.00      0.00
    0.00      0.00
    0.00      0.00
    0.00      0.00
    0.00      0.00
    0.00      0.00
    0.00      0.00
    0.00      0.00
    0.00      0.00
    0.00      0.00
    0.00      0.00
    0.00      0.00
    0.00      0.00
    0.00      0.00
    0.00      0.00
    0.00      0.00
    0.00      0.00
    0.00      0.00
    0.00      0.00
    0.00      0.00
    0.00      0.00
    0.00      0.00
    0.00      0.00
    0.00      0.00
    0.00      0.00
    0.00      0.00
    0.00      0.00
    0.00      0.00
    0.00      0.00
    0.00      0.00
    0.00      0.00
    0.00      0.00
    0.00      0.00
    0.00      0.00
    0.40      0.00
    0.00      0.00
    0.00      0.00
    0.00      0.00
    0.00      0.00
    0.00      0.00
    0.00      0.00
    0.00      0.00
    0.00      0.00
    0.00      0.00
    0.00      0.00
    0.00      0.00
    0.00      0.00
    0.00      0.00
    0.00      0.00
    0.00      0.00
    0.00      0.00
    0.00      0.00
    0.00      0.00
    0.00      0.00
    0.00      0.00
    0.00      0.00
    0.00      0.00
    0.00      0.00
    0.00      0.00
    0.00      0.00
    0.00      0.00
    0.00      0.00
    0.00      0.00
    0.00      0.00
    0.00      0.00
    0.00      0.00
    0.00      0.00
    0.00      0.00
    0.00      0.00
    0.00      0.00
    0.00      0.00
    0.00      0.00
    0.00      0.00
    0.00      0.00
    0.00      0.00
    0.00      0.00
    0.00      0.00
    0.00      0.00
    0.00      0.00
    0.00      0.00
    0.00      0.00
    0.00      0.00
    0.00      0.00
    0.00      0.00
    0.00      0.00
    0.00      0.00
    0.00      0.00
    0.00      0.00
    0.00      0.00
    0.00      0.00
    0.00      0.00
    0.00      0.00
    0.00      0.00
    0.00      0.00
    0.00      0.00
    0.00      0.00
    0.00      0.00
    0.00      0.00
    0.00      0.00
    0.00      0.00
    0.00      0.00
    0.00      0.00
    0.00      0.00
    0.00      0.00
    0.00      0.00
    0.00      0.00
    0.00      0.00
    0.00      0.00
    0.00      0.00
    0.00      0.00
    0.00      0.00
    0.00      0.00
    0.00      0.00
    0.00      0.00
    0.00      0.00
    0.00      0.00
    0.00      0.00
    0.00      0.00
    0.00      0.00
    0.00      0.00
    0.00      0.00
    0.00      0.00
    0.00      0.00
    0.00      0.00
    0.00      0.00
    0.00      0.00
    0.00      0.00
    0.00      0.00
    0.00      0.00
    0.00      0.00
    0.00      0.00
    0.00      0.00
    0.00      0.00
    0.00      0.00
    0.82      0.00
    0.00      0.00
    0.00      0.00
    0.00      0.00
    0.00      0.00
    0.00      0.00
    0.00      0.00
    0.00      0.00
    0.00      0.00
    0.00      0.00
    0.00      0.00
    0.00      0.00
    0.00      0.00
    0.00      0.00
    0.00      0.00
    0.00      0.00
    0.00      0.00
    0.00      0.00
    0.00      0.00
    0.00      0.00
    0.00      0.00
    0.00      0.00
    0.00      0.00
    0.00      0.00
    0.00      0.00
    0.00      0.00
    0.00      0.00
    0.00      0.00
    0.00      0.00
    0.00      0.00
    0.00      0.00
    0.00      0.00
    0.00      0.00
    0.00      0.00
    0.00      0.00
    0.00      0.00
    0.00      0.00
    0.00      0.00
    0.00      0.00
    0.00      0.00
    0.00      0.00
    0.00      0.00
    0.00      0.00
    0.00      0.00
    0.00      0.00
    0.00      0.00
    0.00      0.00
    0.00      0.00
    0.00      0.00
    0.00      0.00
    0.00      0.00
    0.00      0.00
    0.00      0.00
    0.00      0.00
    0.00      0.00
    0.00      0.00
    0.00      0.00
    0.00      0.00
    0.00      0.00
    0.00      0.00
    0.00      0.00
    0.00      0.00
    0.00      0.00
    0.00      0.00
    0.00      0.00
    0.00      0.00
    0.00      0.00
    0.00      0.00
    0.00      0.00
    0.00      0.00
    0.00      0.00
    0.00      0.00
    0.00      0.00
    0.00      0.00
    0.00      0.00
    0.00      0.00
    0.00      0.00
    0.00      0.00
    0.00      0.00
    0.00      0.00
    0.00      0.00
    0.00      0.00
    0.00      0.00
    0.00      0.00
    0.00      0.00
    0.00      0.00
    0.00      0.00
    0.00      0.00
    0.00      0.00
    0.00      0.00
    0.00      0.00
    0.00      0.00
    0.00      0.00
    0.00      0.00
    0.00      0.00
    0.00      0.00
    0.00      0.00
    0.00      0.00
    0.00      0.00
    0.00      0.00
    0.00      0.00
    0.00      0.00
    0.00      0.00
    0.00      0.00
    0.00      0.00
    0.00      0.00
    0.00      0.00
    0.00      0.00
    0.00      0.00
    0.00      0.00
    0.00      0.00
    0.00      0.00
    0.00      0.00
    0.00      0.00
    0.00      0.00
    0.00      0.00
    0.00      0.00
    0.00      0.00
    0.00      0.00
    0.00      0.00
    0.00      0.00
    0.00      0.00
    0.00      0.00
    0.00      0.00
    0.00      0.00
    0.00      0.00
    0.00      0.00
    0.00      0.00
    0.00      0.00
    0.00      0.00
    0.00      0.00
    0.00      0.00
    0.00      0.00
    0.00      0.00
    0.00      0.00
    0.00      0.00
    0.00      0.00
    0.00      0.00
    0.00      0.00
    0.00      0.00
    0.00      0.00
    0.00      0.00
    0.00      0.00
    0.00      0.00
    0.00      0.00
    0.00      0.00
    0.00      0.00
    0.00      0.00
    0.00      0.00
    0.00      0.00
    0.00      0.00
    0.00      0.00
    0.00      0.00
    0.00      0.00
    0.00      0.00
    0.00      0.00
    0.00      0.00
    0.00      0.00
    0.00      0.00
    0.00      0.00
    0.00      0.00
    0.00      0.00
    0.00      0.00
    0.00      0.00
    0.00      0.00
    0.00      0.00
    0.00      0.00
    0.00      0.00
    0.00      0.00
    0.00      0.00
    0.00      0.00
    0.00      0.00
    0.00      0.00
    0.00      0.00
    0.00      0.00
    0.00      0.00
    0.00      0.00
    0.00      0.00
    0.00      0.00
    0.00      0.00
    0.00      0.00
    0.00      0.00
    0.00      0.00
    0.00      0.00
    0.00      0.00
    0.00      0.00
    0.00      0.00
    0.00      0.00
    0.00      0.00
    0.00      0.00
    0.00      0.00
    0.68      0.00
    0.00      0.00
    0.00      0.00
    0.00      0.00
    0.00      0.00
    0.00      0.00
    0.00      0.00
    0.00      0.00
    0.00      0.00
    0.00      0.00
    0.00      0.00
    0.00      0.00
    0.00      0.00
    0.00      0.00
    0.00      0.00
    0.00      0.00
    0.00      0.00
    0.00      0.00
    0.00      0.00
    0.00      0.00
    0.00      0.00
    0.00      0.00
    0.00      0.00
    0.00      0.00
    0.00      0.00
    0.00      0.00
    0.00      0.00
    0.00      0.00
    0.00      0.00
    0.00      0.00
    0.00      0.00
    0.00      0.00
    0.00      0.00
    0.00      0.00
    0.00      0.00
    0.00      0.00
    0.00      0.00
    0.00      0.00
    0.00      0.00
    0.00      0.00
    0.00      0.00
    0.00      0.00
    0.00      0.00
    0.00      0.00
    0.00      0.00
    0.00      0.00
    0.00      0.00
    0.00      0.00
    0.00      0.00
    0.00      0.00
    0.00      0.00
    0.00      0.00
    0.00      0.00
    0.00      0.00
    0.00      0.00
    0.00      0.00
    0.00      0.00
    0.00      0.00
    0.00      0.00
    0.00      0.00
    0.00      0.00
    0.00      0.00
    0.00      0.00
    0.00      0.00
    0.00      0.00
    0.00      0.00
    0.00      0.00
    0.00      0.00
    0.00      0.00
    0.00      0.00
    0.00      0.00
    0.00      0.00
    0.00      0.00
    0.00      0.00
    0.00      0.00
    0.00      0.00
    0.00      0.00
    0.00      0.00
    0.00      0.00
    0.00      0.00
    0.00      0.00
    0.00      0.00
    0.68      0.00
    0.00      0.00
    0.00      0.00
    0.00      0.00
    0.00      0.00
    0.00      0.00
    0.00      0.00
    0.00      0.00
    0.00      0.00
    0.00      0.00
    0.00      0.00
    0.00      0.00
    0.00      0.00
    0.00      0.00
    0.00      0.00
    0.00      0.00
    0.00      0.00
    0.00      0.00
    0.00      0.00
    0.00      0.00
    0.00      0.00
    0.00      0.00
    0.00      0.00
    0.00      0.00
    0.00      0.00
    0.00      0.00
    0.00      0.00
    0.00      0.00
    0.00      0.00
    0.00      0.00
    0.00      0.00
    0.00      0.00
    0.00      0.00
    0.00      0.00
    0.00      0.00
    0.00      0.00
    0.00      0.00
    0.00      0.00
    0.00      0.00
    0.00      0.00
    0.00      0.00
    0.00      0.00
    0.00      0.00
    0.00      0.00
    0.00      0.00
    0.00      0.00
    0.00      0.00
    0.00      0.00
    0.00      0.00
    0.00      0.00
    0.00      0.00
    0.00      0.00
    0.00      0.00
    0.00      0.00
    0.00      0.00
    0.00      0.00
    0.00      0.00
    0.00      0.00
    0.00      0.00
    0.00      0.00
    0.00      0.00
    0.00      0.00
    0.00      0.00
    0.00      0.00
    0.00      0.00
    0.00      0.00
    0.00      0.00
    0.00      0.00
    0.00      0.00
    0.00      0.00
    0.00      0.00
    0.00      0.00
    0.00      0.00
    0.00      0.00
    0.00      0.00
    0.00      0.00
    0.00      0.00
    0.00      0.00
    0.00      0.00
    0.00      0.00
    0.00      0.00
    0.00      0.00
    0.00      0.00
    0.00      0.00
    0.00      0.00
    0.00      0.00
    0.00      0.00
    0.00      0.00
    0.00      0.00
    0.00      0.00
    0.00      0.00
    0.00      0.00
    0.00      0.00
    0.00      0.00
    0.00      0.00
    0.00      0.00
    0.00      0.00
    0.00      0.00
    0.00      0.00
    0.00      0.00
    0.00      0.00
    0.00      0.00
    0.00      0.00
    0.00      0.00
    0.00      0.00
    0.00      0.00
    0.00      0.00
    0.00      0.00
    0.00      0.00
    0.00      0.00
    0.00      0.00
    0.00      0.00
    0.00      0.00
    0.00      0.00
    0.00      0.00
    0.00      0.00
    0.00      0.00
    0.00      0.00
    0.00      0.00
    0.00      0.00
    0.00      0.00
    0.00      0.00
    0.00      0.00
    0.68      0.00
    0.00      0.00
    0.82      0.00
    0.00      0.00
    0.00      0.00
    0.00      0.00
    0.00      0.00
    0.00      0.00
    0.00      0.00
    0.00      0.00
    0.00      0.00
    0.00      0.00
    0.00      0.00
    0.00      0.00
    0.00      0.00
    0.00      0.00
    0.00      0.00
    0.00      0.00
    0.00      0.00
    0.00      0.00
    0.00      0.00
    0.00      0.00
    0.00      0.00
    0.00      0.00
    0.00      0.00
    0.00      0.00
    0.00      0.00
    0.00      0.00
    0.00      0.00
    0.00      0.00
    0.00      0.00
    0.00      0.00
    0.00      0.00
    0.00      0.00
    0.00      0.00
    0.00      0.00
    0.00      0.00
    0.00      0.00
    0.00      0.00
    0.00      0.00
    0.00      0.00
    0.00      0.00
    0.00      0.00
    0.00      0.00
    0.00      0.00
    0.00      0.00
    0.00      0.00
    0.00      0.00
    0.00      0.00
    0.00      0.00
    0.00      0.00
    0.00      0.00
    0.00      0.00
    0.00      0.00
    0.00      0.00
    0.00      0.00
    0.00      0.00
    0.00      0.00
    0.00      0.00
    0.00      0.00
    0.00      0.00
    0.00      0.00
    0.00      0.00
    0.00      0.00
    0.00      0.00
    0.00      0.00
    0.00      0.00
    0.00      0.00
    0.00      0.00
    0.00      0.00
    0.00      0.00
    0.00      0.00
    0.00      0.00
    0.00      0.00
    0.00      0.00
    0.00      0.00
    0.00      0.00
    0.00      0.00
    0.00      0.00
    0.00      0.00
    0.00      0.00
    0.00      0.00
    0.00      0.00
    0.00      0.00
    0.00      0.00
    0.00      0.00
    0.00      0.00
    0.00      0.00
    0.00      0.00
    0.00      0.00
    0.00      0.00
    0.00      0.00
    0.00      0.00
    0.00      0.00
    0.00      0.00
    0.00      0.00
    0.00      0.00
    0.00      0.00
    0.00      0.00
    0.00      0.00
    0.00      0.00
    0.00      0.00
    0.00      0.00
    0.00      0.00
    0.00      0.00
    0.00      0.00
    0.00      0.00
    0.00      0.00
    0.00      0.00
    0.00      0.00
    0.00      0.00
    0.00      0.00
    0.00      0.00
    0.00      0.00
    0.00      0.00
    0.00      0.00
    0.00      0.00
    0.00      0.00
    0.00      0.00
    0.00      0.00
    0.00      0.00
    0.00      0.00
    0.00      0.00
    0.00      0.00
    0.00      0.00
    0.00      0.00
    0.00      0.00
    0.00      0.00
    0.00      0.00
    0.00      0.00
    0.00      0.00
    0.00      0.00
    0.00      0.00
    0.00      0.00
    0.00      0.00
    0.00      0.00
    0.00      0.00
    0.00      0.00
    0.00      0.00
    0.00      0.00
    0.00      0.00
    0.00      0.00
    0.00      0.00
    0.00      0.00
    0.00      0.00
    0.00      0.00
    0.00      0.00
    0.00      0.00
    0.00      0.00
    0.00      0.00
    0.00      0.00
    0.00      0.00
    0.00      0.00
    0.00      0.00
    0.00      0.00
    0.00      0.00
    0.00      0.00
    0.00      0.00
    0.00      0.00
    0.00      0.00
    0.00      0.00
    0.00      0.00
    0.00      0.00
    0.00      0.00
    0.00      0.00
    0.00      0.00
    0.00      0.00
    0.00      0.00
    0.00      0.00
    0.00      0.00
    0.00      0.00
    0.00      0.00
    0.00      0.00
    0.00      0.00
    0.00      0.00
    0.00      0.00
    0.00      0.00
    0.00      0.00
    0.00      0.00
    0.00      0.00
    0.00      0.00
    0.00      0.00
    0.00      0.00
    0.00      0.00
    0.00      0.00
    0.00      0.00
    0.00      0.00
    0.00      0.00
    0.00      0.00
    0.00      0.00
    0.00      0.00
   80.05     81.08
    0.00      0.00
    0.00      0.00
    0.00      0.00
    0.00      0.00
    0.00      0.00
    0.00      0.00
    0.00      0.00
    0.00      0.00
    0.00      0.00
 3392.98    566.95
 1776.51   1237.28
 1585.75    337.48
 3471.33   1351.34
 2023.77   2025.60
 2774.12   1693.09
 1368.00    681.63
 1119.92   1576.24
 2258.16    594.30
 2363.04   2747.76
 1800.40   1282.53
 1077.74   3787.62
 2499.50   2753.20
 1551.84   1777.72
 1605.02    621.06
  874.57    442.83
  589.37    295.63
  119.37     78.39
  116.71     42.87
  134.90     96.27
   75.91     60.17
   60.79     27.10
   22.18     38.36
   31.97      3.06
   39.25     20.18
    1.59      0.00
   10.31      1.73
    1.60      0.87
    0.00      0.00
    0.00      0.00
    0.00      0.00
    0.00      0.00
    0.00      0.00
    0.00      0.00
    0.00      0.00
    0.00      0.00
    0.00      0.00
    0.00      0.00
    0.00      0.00
    0.00      0.00
    0.00      0.00
    0.00      0.00
    0.00      0.00
    0.00      0.00
    0.00      0.00
    0.00      0.00
    0.00      0.00
    0.00      0.00
    0.00      0.00
    0.00      0.00
    0.00      0.00
    0.00      0.00
    0.00      0.00
    1.06      0.41
    0.00      0.74
    0.00      0.00
    0.00      0.00
    0.00      0.00
    2.61      0.71
  217.05    226.14
  211.52    213.28
  143.01    366.98
  304.76    201.19
  282.54    254.68
  221.81    282.23
  208.00    268.23
  123.09    207.95
  169.96    178.56
  180.63    253.40
  239.30    143.53
  136.88     66.36
  171.02     21.59
   17.32      2.16
   46.86      2.88
   30.28     16.56
   14.38     14.44
    0.00      0.00
    0.71      0.00
    0.72      0.00
    0.00      0.00
    0.00      0.00
    0.00      0.00
    0.00      0.00
    0.00      0.00
    0.00      0.00
    0.00      0.00
    0.00      0.00
    0.00      0.00
    0.00      0.00
    0.00      0.00
    0.00      0.00
    0.00      0.00
    0.00      0.00
    0.00      0.00
    0.00      0.00
    0.00      0.00
    0.00      0.00
    0.00      0.00
    0.00      0.00
   15.54     26.48
  209.64    262.56
   37.12     36.05
   45.48    234.01
   90.13     95.45
   57.53     98.22
   53.99     19.19
   27.39     29.48
   72.73     29.46
   11.32      2.68
   37.47     40.17
  297.14    269.19
  212.56    275.43
  273.58    288.97
  324.63    234.76
  157.71    196.91
  200.04    183.17
  216.03    304.07
  239.76    206.03
  142.43    180.14
  219.56    289.98
  273.95    188.71
  223.36    229.31
  150.99    117.88
  144.57     75.95
  228.25     46.91
    2.17      1.44
   26.50     27.42
   60.76     17.69
   40.53     36.64
    0.00      0.00
   11.05      1.74
    0.00      0.00
   15.32     14.59
    0.00      0.72
    0.00      0.00
    0.00      0.00
    0.00      0.00
    0.72      0.00
    0.00      0.00
    0.00      0.00
    0.00      0.00
    0.00      0.00
    0.00      0.00
    0.00      0.00
    0.00      0.00
    0.00      0.00
    0.00      0.00
    0.00      0.00
    0.00      0.00
    0.00      0.00
    0.00      0.00
    0.72      0.65
    0.00      0.00
   15.83     15.16
    0.00      0.00
    0.00      0.00
    0.00      0.00
    0.00      0.00
    2.68      2.82
   32.88     33.68
   78.28     76.80
  197.94    213.73
  178.48    236.30
  157.42    201.15
  202.14    127.82
   79.34    183.41
  247.14    185.89
   92.18    109.40
  187.65    157.58
  109.36    169.79
  174.58    259.96
  122.90    153.02
   96.36    110.29
  219.87    188.39
  158.90    264.13
  140.17     65.31
   78.29      4.33
  240.90     84.52
    1.44      2.16
    1.44      0.00
   30.00     32.25
   46.46      2.16
    1.44      0.72
    1.43      0.00
    0.00      0.00
    0.00      0.00
    0.00      0.00
   14.79     14.85
    0.00      0.00
    0.00      0.00
    0.00      0.00
    0.72      0.00
    0.00      0.00
    0.00      0.00
    0.00      0.00
    0.00      0.00
    0.00      0.00
    0.00      0.00
    0.00      0.00
  172.73    196.18
  138.96    154.69
   92.27    117.81
   60.12    127.24
  113.96    113.07
   77.21     56.13
   45.83     26.64
   29.26     42.55
    6.86     26.51
   49.90     29.77
   24.54      5.05
   43.42     11.57
  126.71    148.03
  187.85    168.07
  150.41    210.07
  157.30    229.40
  154.24     39.05
  150.47    151.45
  178.23    116.00
  203.66    213.03
  138.29    154.45
  266.22    194.47
  189.66    219.74
  134.31    179.90
  211.47    230.45
  120.45    140.70
  158.19    146.95
  202.10    177.73
  152.34    239.51
  143.47     68.81
   78.00      2.16
  145.81     22.32
   64.17     64.17
   16.54     15.90
   15.11     16.57
   15.80      1.45
   33.88      2.17
    0.71      0.00
    0.00      0.00
    0.00      0.00
    0.00      0.00
   14.99     15.05
    0.00      0.00
    0.00      0.00
    0.00      0.00
    0.00      0.00
    0.72      0.00
    0.00      0.00
    0.00      0.00
    0.00      0.00
    0.00      0.00
    0.00      0.00
    0.72      0.65
    0.00      0.00
    0.72      0.65
    0.00      0.00
    0.00      0.00
    0.00      0.00
    0.00      0.65
    2.68      2.16
    2.88      3.92
    2.75      2.75
    4.84      5.43
   10.06      9.23
    7.97      8.45
    4.71      7.38
    8.17     13.74
    7.59      4.77
    8.45      5.50
   20.39     50.53
   36.00     20.70
   17.88      4.12
   27.92     42.22
   17.84      4.98
    6.29     32.05
   19.28     33.99
   49.12     23.99
   21.53     26.79
   18.99     32.58
   22.00      6.93
   10.41      6.87
    4.71     10.79
   22.63      8.52
    2.10      0.72
    7.08      1.44
    4.32      0.65
    3.40      3.47
    0.65      0.65
    0.00      0.72
    2.70      0.68
   93.45      0.72
    0.72      0.00
    0.00      0.00
    0.00      0.00
    0.00      0.00
   15.10     15.16
    0.00      0.00
    0.00      0.00
    0.00      0.00
    0.00      0.00
  204.22    243.54
   89.50    121.20
   94.72    114.69
   34.01    137.30
   55.04     66.89
   47.87     28.03
   47.07     47.75
   44.75     58.78
   52.83     27.02
   32.33     22.67
   38.22     12.77
    2.50     12.13
   76.34     27.83
   24.12     11.61
   84.83     76.88
    6.50      3.92
   59.01     93.03
   96.10     69.17
   73.06     58.54
  110.16     92.07
   53.46     23.51
   87.69     54.11
   81.54     55.33
   22.42     19.68
   79.78     58.17
   30.73     55.80
   32.21     46.37
   97.82     78.77
    8.23     22.85
   58.03     48.20
   80.37     36.15
   45.01     41.61
   15.96      6.73
   36.14     35.27
   20.20      8.38
   32.03     14.62
    8.27      4.12
    7.55      0.72
    4.20      2.80
    2.24      0.65
    2.75      2.09
    0.72      0.72
    0.00      0.00
    0.65      0.72
    1.44      0.00
    0.00      0.00
    0.00      0.00
    0.00      0.00
    0.00      0.00
    0.65      0.72
    0.00      0.00
    0.00      0.00
    0.72      0.65
    1.43     15.76
    0.00      0.00
    0.00      0.00
    0.00      0.00
    0.00      0.00
    2.68      2.82
    0.72      2.61
    2.16      0.00
    1.37      2.03
    6.86      6.86
    6.60      4.84
    8.83      6.36
    1.96      6.49
    4.57      4.64
    4.91     10.93
    7.52      6.15
    7.73     35.75
   21.34      4.19
   36.47     38.31
   51.04     38.92
   22.74     17.75
    3.40      7.01
    2.75      1.96
    4.71      5.64
   19.72     36.14
    3.33      4.05
   20.68     36.97
    6.95      6.87
   18.65     32.89
   34.81      4.77
    6.22      9.56
   18.98      6.80
   23.15     36.46
    5.05      3.47
    4.98      2.68
    6.87      4.26
   15.80      0.65
    4.12      3.54
   17.19     15.89
    0.00      0.00
    0.72      0.65
    2.09      1.37
    0.00      0.00
    0.00      0.00
    1.37      0.00
    0.72      0.72
   31.16     53.67
  108.51    179.56
   44.46     55.25
   55.42    145.71
   43.03     75.57
   33.58     76.48
   32.95     45.93
   94.84     73.10
   89.11     45.89
   63.63     22.57
   33.46     12.49
   18.90      2.12
   16.39      3.47
    4.84      5.50
    2.74      5.92
   33.42     31.38
   80.60     41.02
   70.49     54.41
   18.29     28.88
   83.34     41.24
   32.50     43.82
   17.71     39.61
  138.73     63.13
   76.97     81.98
   40.91     68.27
   80.43     82.70
   67.75     42.00
   55.02     59.14
   92.21     59.93
   85.40     77.45
   59.05     33.11
   53.97     70.10
   27.01     34.50
   19.56     23.56
    4.12     18.93
   22.33     21.40
   22.53      7.52
   21.27      3.60
   21.58     21.33
    5.63      4.05
    2.75     18.50
    3.40      2.03
    3.47      3.54
    0.00      0.00
   20.74      2.88
   16.88     16.30
    0.00      0.00
    0.00      0.00
    1.37      2.03
    0.00      0.00
    0.00      0.00
    0.72      0.00
    2.02      1.46
    0.65      0.65
    2.10      2.10
    0.00      0.00
    0.00      0.00
    0.00      0.00
    1.96      0.65
    0.72      2.16
    2.88      2.61
    0.72      0.65
    4.12      3.40
    1.96      4.19
    4.70      4.05
    4.84      4.98
    6.59      6.49
    0.65      3.33
    4.57     21.81
   33.50     33.45
    5.57      5.43
   23.89      7.52
   36.87     35.53
    6.21     36.35
   18.56     22.61
    6.08      3.54
   38.92     22.07
    4.12      2.10
   16.10     16.95
    2.75      4.71
    4.12      4.12
    6.80      7.53
   17.60     33.18
   22.68     21.95
   18.26      4.92
   18.98     17.59
    5.49     21.71
    4.12     21.06
    3.47      4.77
   36.12     21.16
   20.78      3.47
   21.99     17.93
    3.47      3.40
    1.40      0.00
    4.12      6.08
    4.78      3.54
    0.00      0.00
    1.37      0.00
   19.96     16.49
   15.56     26.43
  139.15    169.93
  106.62    147.91
   38.79    124.63
   94.13    129.76
   86.20    139.36
   89.08     84.30
   43.77     48.79
   80.23     19.84
   76.62     13.49
   16.32      3.61
   13.40     11.82
    7.55     12.35
   16.49      5.29
   29.11     23.20
    4.72      6.73
   15.99     35.33
   73.76     49.27
    7.76      3.29
   97.33     99.82
   98.21     45.21
   59.20     16.32
   75.29     92.31
   31.84     26.30
  129.80     92.95
   59.93     30.24
   19.04     10.77
   30.28     21.96
    8.55      5.71
    2.75      3.47
    3.47      1.37
   17.76     18.54
    3.40      7.39
    5.30      6.22
    7.08      4.85
   18.44     32.17
   29.89     24.70
   19.93      6.14
   72.88     61.19
    3.54     17.08
   14.38      6.22
    8.10     22.26
   32.11     25.33
   16.45     15.72
   48.34     47.38
   30.05     15.21
    0.72      0.65
   10.96      0.65
    8.06      7.01
    3.60      3.54
    0.00      0.00
   17.21     16.63
    4.34      1.37
    0.73      0.74
    0.72      1.31
    2.10      1.37
    0.00      0.00
    0.65      0.72
    0.65      1.37
    4.12      2.82
    3.29      3.02
    0.00      0.00
    2.03      3.40
    4.77      2.75
    1.37      2.09
    3.47      4.05
    4.71      4.98
    6.60      5.05
    0.00      1.44
    2.61      6.80
    5.57     46.37
   48.98     23.30
   22.61      6.83
   21.22     36.33
   23.57     21.24
   23.98     34.35
   19.36     22.63
   19.08      4.11
   19.04     20.35
   20.51      3.54
    3.33      3.47
    2.10      2.75
    1.31      2.10
    4.19      5.29
   18.45     22.13
    6.22      4.19
    5.50      3.47
    4.85     19.30
   16.48     17.85
    2.68      2.68
   21.98      9.70
   18.58     34.25
    3.40      3.47
    4.26      2.10
   20.66      6.22
    4.91      2.75
    1.38      0.65
   18.51     18.80
    4.78      4.12
    1.44      2.68
   99.18    159.03
   62.09    102.05
   21.56    155.97
   51.28     92.46
   66.33    133.38
   37.47     68.28
   58.24     99.16
   48.58     11.08
   65.61     22.57
    3.42     28.10
   20.96      5.08
   30.40     27.86
    4.12     14.43
    9.05     12.27
    2.68      3.47
   36.03     28.07
   49.99      4.29
    0.00     52.06
  102.30     33.83
   95.39     81.30
   55.63     52.32
   55.40    100.14
  103.81     52.55
   80.29     41.48
   50.84     38.22
  129.48    106.07
   46.49     11.84
   66.87     74.32
   52.07     40.76
   20.01     18.00
   78.44     29.67
   11.76      3.83
   47.15     18.78
   15.82      2.03
    6.24      4.84
   29.98     28.07
    4.78      6.87
   31.35     29.40
   48.62     24.93
    5.57      4.06
   11.68      5.79
    4.91      3.48
    8.18      6.94
    4.78     19.72
    4.71      5.63
    3.54      1.96
   16.31      2.75
    2.75      2.03
    4.19      4.77
    3.40      1.44
    2.75      1.45
    2.75      2.75
    2.75      2.82
    1.46      1.31
   16.83     18.21
    3.47      3.54
    0.00      0.00
    3.43      1.38
    4.78      2.75
    1.44      4.78
    4.26      0.72
    2.03      2.03
    4.12      4.85
    1.96      2.82
    3.47      2.68
    2.82      2.75
    4.71      4.26
    1.31      0.00
    4.58      6.50
    1.31      2.61
   17.55     19.28
    5.50      4.11
   17.95     49.14
   37.47     21.15
    8.11     22.71
   36.54     21.97
   52.86     49.95
   22.40     11.07
    4.05      3.54
    2.82      2.10
   20.16     49.27
   17.21      2.82
   20.62     21.22
   17.74     17.92
    1.44     17.06
   18.64      2.03
   19.77      5.56
    2.61      6.08
    4.71      2.82
    8.38      6.29
    1.37      2.10
    1.38     15.28
    3.41      6.02
    2.03      5.50
   21.80      6.87
    5.43      4.26
    4.19     15.72
    5.71      1.44
    2.03      4.71
  100.93     97.28
  237.64    180.48
  105.49    162.57
   15.71    116.20
   34.92    160.69
   63.02     46.28
   84.23    135.21
   50.51     70.67
  132.73     82.16
   48.15     18.80
  103.13     32.57
   32.64      2.64
    9.44     23.69
    5.46      4.81
   15.14     12.02
    8.85      4.90
    5.50      4.19
    0.65      3.99
    3.61      5.23
    2.17      0.65
    5.05      2.61
    3.99      3.47
   44.24     40.37
   26.40     35.66
   97.15     77.52
   34.09     13.66
   87.26    115.35
   60.64     51.78
   72.06     81.86
   78.41     15.74
   61.86     47.24
   61.42     29.09
   27.14     23.84
   39.44     41.97
   29.49     30.52
   78.35     77.98
   50.72     50.09
   75.24     68.37
   18.48      4.12
   41.62     15.55
   17.74      6.88
   15.25      3.90
    4.19      0.65
    2.82      4.12
    2.03      2.03
    1.38     19.30
    6.08      4.91
    5.43      4.19
   20.43      7.73
    2.89      0.72
    0.72     15.77
    2.09      2.68
   18.66      2.03
    1.44      3.40
    2.82      3.33
    1.44      0.65
    4.71      2.89
    3.47      2.82
    0.72      1.31
    4.13      5.43
   19.36     17.77
   17.19     16.61
    5.49      7.52
    4.12      2.82
    2.03      2.75
    5.50      4.13
    4.84      4.19
    4.78      1.38
    0.65      2.88
    6.53      3.61
    0.00      3.61
    2.61      4.64
    3.61      2.82
   19.16     20.55
    4.91     20.27
   22.45     20.58
    6.94      6.81
    7.59      6.29
   22.56     37.70
    4.64     50.75
   35.91     22.04
   50.56     19.18
   18.72      3.54
   19.83     19.90
   16.40     17.14
    4.05      5.56
    5.56      4.12
    0.72     15.76
    5.64     17.69
   16.40     19.44
   31.94     32.58
    4.78      5.50
   21.65      5.56
   22.81      4.98
    1.44      2.68
    2.03      1.37
    2.75      4.78
    2.68      6.60
    3.40     18.44
    6.28      2.82
  153.60    212.50
   99.38    103.72
   18.04    134.60
   36.98    131.82
   60.06    101.11
   30.11     64.23
   46.16     62.83
   80.89     65.20
   33.11     22.71
   68.05     69.70
   21.97      6.45
   21.81     38.31
   42.15     15.10
   34.84     12.99
    2.67      2.02
   13.69      9.69
    4.11      4.18
    1.30      4.70
   10.86      1.31
   28.54     29.89
   58.78     41.66
   31.97     31.53
  146.76     88.91
   25.81     25.26
   21.25     90.70
   54.46     54.24
   29.77     40.70
  123.05     91.03
   19.77     38.29
   56.90     30.10
   56.55     30.10
   25.67     51.75
   59.05     50.15
  107.11     58.87
   37.01     30.98
   44.76     42.39
   67.30     42.56
   36.75     32.90
   37.41     27.08
   29.41     42.38
    2.75      5.45
   39.76     18.78
    2.67      6.15
   17.75     37.05
   19.27      2.16
    6.36      4.78
    4.26      1.37
    1.96      3.47
    2.10      3.33
    6.23      4.92
    6.74      5.71
    2.82     17.80
    2.16      1.96
    1.46      1.31
    4.18      2.09
    1.38      1.38
    4.12      4.12
    0.72      0.65
    3.40      2.61
    3.47      7.53
    6.36      2.75
    2.75      2.75
    5.50      4.12
    3.49      2.82
    2.75      3.40
    2.10      4.64
    3.47      3.40
    2.10      0.65
    8.04      7.73
    2.75      2.82
    5.95      6.49
    2.03      3.40
    4.71     19.22
    5.70      2.03
   18.90      6.22
    3.33      6.74
    7.79      4.77
    6.15      8.25
    6.94     17.78
   18.52     21.29
    6.09      6.81
   22.32      9.76
    8.45     35.98
   15.76     46.50
   22.46      4.19
   31.21     19.20
   49.73     36.50
   20.74      4.78
    1.38      2.75
    4.28      2.10
   32.51     33.39
    2.75     19.81
    0.72     16.32
   20.02      2.82
   22.66     18.36
    2.68      6.22
   19.83     21.48
   18.74      2.75
    3.40      2.75
   93.10     83.94
  142.87    184.57
   65.86     83.20
    4.21    179.83
   64.14    101.81
   70.63    106.65
   78.59     81.65
   80.18     76.46
   16.45      0.69
   42.68     32.88
   11.62     17.33
    2.75      2.09
    8.10      2.65
   29.38     31.49
    4.10      2.02
   38.24     27.66
   28.22      4.58
   76.14     35.71
    8.57     25.36
   21.43      5.34
   38.80     50.85
    2.68      0.72
   75.65     69.75
   20.82     10.65
   52.69     64.31
   24.11      7.69
   61.01     44.41
   25.49     17.40
   33.31     40.77
   49.54     42.53
   57.67     33.62
   29.89     62.00
   33.24     41.73
   80.83     52.61
   71.69     55.58
   57.54     94.69
   35.06     80.32
   89.28     61.45
   20.81     18.93
   92.84     41.50
   37.49     34.95
   24.21     10.33
    0.72      0.72
   29.35     35.87
   19.89     32.96
   16.26      6.22
    2.03      3.41
   20.17     17.73
    4.19      4.12
    6.22      4.13
    4.12      3.47
    1.37      2.10
    6.24      5.50
    4.05      3.47
    7.52      7.01
    2.16      1.31
    0.00      1.96
    2.02      1.37
    4.19      4.12
    4.13      4.13
    8.45      6.08
    0.72      1.31
    4.12      3.40
    2.68      2.75
    4.12      4.12
    4.19      4.77
    3.40      4.71
    4.92      4.19
    2.10      0.00
    4.71      4.98
    2.10      0.65
    5.22      6.49
    0.65      2.68
    3.99      6.02
   35.85     35.59
    8.25     21.29
    3.47      7.46
   20.03      3.40
    9.04      7.53
    6.87      4.26
    4.78      7.60
   18.99     18.27
    5.43      6.93
    6.15      4.19
    6.81     25.28
    2.10      1.31
   52.74     48.71
    3.40     21.26
   31.95     19.73
   35.17     65.62
   32.53      5.56
    6.42      2.75
   33.51      2.81
   17.29     18.98
    2.10      4.06
    2.89     15.66
   32.19     17.27
    5.49      4.92
    2.68      4.19
    4.71      4.12
   50.17     83.61
  104.48    176.37
   43.44    110.73
   44.44    156.62
   10.41     24.76
  120.58    136.84
    4.79     26.17
  127.92     91.13
   43.16     69.00
   58.23     15.54
   28.52     16.60
   23.02     49.28
   23.79      6.43
   42.70     13.87
   18.91      7.66
   15.84      3.70
    2.75      3.40
   11.51     13.61
   43.91     37.03
    8.92     12.28
   55.74     71.74
   59.09      9.81
   51.13     89.06
   67.77     32.82
   41.37     69.87
  104.13     87.02
   27.82     20.34
   23.02     23.32
   74.71     66.19
   56.09     23.66
   82.58     90.92
    5.04      5.58
   41.14     52.59
   18.54      6.20
   64.43     28.95
   60.36     32.49
   40.08     61.58
   46.46     63.54
   77.70     32.93
   41.95     72.06
   72.61     13.97
   54.19     36.58
    5.55     19.97
    2.74      2.75
   19.14      2.16
   21.67     18.60
    1.93     18.90
   15.85      4.06
   28.58     24.07
    4.19      3.40
   28.66     30.66
   32.42     31.09
   24.96     18.78
   12.99      5.43
    9.92      4.13
    2.61      4.25
    6.81      6.36
    2.03      3.40
    6.29      4.12
    5.71      5.95
    2.10      1.38
    2.82      3.33
    3.47      2.10
    4.12      3.40
    4.78      4.78
    2.10      3.47
    4.05      4.05
    3.54      2.82
    2.82      1.38
    2.61      4.84
    2.75      0.65
    5.94      3.47
    2.68      7.79
    4.84      3.99
    6.29      6.29
    4.85      2.75
   35.00     35.80
    5.50     22.42
   34.85     21.01
    5.50     18.50
    6.08      6.36
   21.08      6.22
   16.97     18.20
   20.94     22.38
   22.51     20.23
    4.85      7.53
    6.94      4.12
   19.92     19.19
    7.48      7.59
   17.93     18.59
    7.67     21.88
   16.89     61.31
   20.04     17.20
   34.94      6.30
    2.68     18.27
   34.73      7.79
    2.89      1.96
   17.79     15.83
   32.85      3.48
   92.53    154.40
   23.13     22.09
  131.73    187.38
    3.40      4.78
    4.57    193.48
   24.54     23.07
    2.11      3.33
   26.18     32.69
   42.90    158.96
   52.70     29.60
   29.29     42.97
   76.33     66.06
   43.19     15.89
   27.53     26.13
    3.30      4.08
   60.47     13.78
    8.27      2.68
   10.98     13.79
    3.95      6.23
   20.22      2.67
   76.89     64.79
   10.91      3.46
   59.23     87.92
   79.74     35.14
   55.37     63.25
    8.11      7.65
   70.51     60.59
   16.03     24.90
  122.07     94.66
   45.18     29.75
   20.26     45.86
   25.93     37.83
   27.21      9.39
   17.57      6.81
   18.73     19.60
   29.88     15.75
   57.52     48.26
   48.99     28.22
   19.69     20.54
   48.29     30.63
   32.67     27.30
    5.43      4.19
   31.29     31.66
   50.72     56.97
    1.96     29.95
  110.05     76.94
   32.83     30.55
   12.21      4.26
   33.24     17.95
   23.56      4.12
   17.08      7.58
    3.69      0.00
    3.40      4.80
    2.89      2.03
    3.54      2.61
    3.46      3.39
    4.05      5.56
    4.12      2.09
    7.46     22.39
    6.94      7.52
    6.22      4.91
   17.67      3.33
    4.13      5.50
    5.50      4.12
    2.81      4.05
    3.47      2.09
    2.10      2.03
    2.75      2.75
    5.63      4.05
    0.00      0.00
    2.61      2.10
    2.68      4.91
    4.78      3.54
    4.58      5.71
    3.54      2.03
    3.24      6.03
    6.36      5.50
    4.12      5.36
   37.67     38.20
    4.91     21.09
   22.68     20.82
   21.32      3.47
    4.05      7.66
    3.54     17.03
   18.65     15.75
    3.33      9.55
   20.36      4.19
   21.60     37.25
   36.29     21.08
   50.61     52.29
    6.94      5.43
    4.19      4.13
    4.85      4.64
    6.89      4.92
   17.67     18.34
    4.12     19.02
   19.30      4.78
    3.46      3.32
   21.33     34.12
   17.16     12.99
    0.00      0.00
    0.00      0.00
    0.00      0.00
    0.00      0.00
    0.00      0.00
    0.00      0.00
    0.00      0.00
    0.00      0.00
    0.00      0.00
    0.00      0.00
    0.00      0.00
    0.00      0.00
    0.00      0.00
    0.00      0.00
    0.00      0.00
    0.00      0.00
    0.00      0.00
    0.00      0.00
    0.00      0.00
    0.00      0.00
    0.00      0.00
    0.00      0.00
    0.00      0.00
    0.00      0.00
    0.00      0.00
    0.00      0.00
    0.00      0.00
    0.00      0.00
    0.00      0.00
    0.00      0.00
    1.36      0.00
    0.00      0.00
    0.00      0.00
    0.00      0.00
    0.00      0.00
    0.00      0.00
    0.00      0.00
    0.00      0.00
