      h_eth1      
 KB/s in  KB/s out
    0.00      0.00
    0.00      0.00
    0.00      0.00
    0.00      0.00
    0.00      0.00
    0.00      0.00
    0.00      0.00
    0.00      0.00
    0.00      0.00
    0.00      0.00
    0.00      0.00
    0.00      0.00
    0.00      0.00
    0.00      0.00
    0.00      0.00
    0.00      0.00
    0.00      0.00
    0.00      0.00
    0.00      0.00
    0.00      0.00
    0.00      0.00
    0.00      0.00
    0.00      0.00
    0.00      0.00
    0.00      0.00
    0.00      0.00
    0.00      0.00
    0.00      0.00
    0.00      0.00
    0.00      0.00
    0.00      0.00
    0.00      0.00
    0.00      0.00
    0.00      0.00
    0.00      0.00
    0.00      0.00
    0.00      0.00
    0.00      0.00
    0.00      0.00
    0.00      0.00
    0.00      0.00
    0.00      0.00
    0.00      0.00
    0.00      0.00
    0.00      0.00
    0.00      0.00
    0.00      0.00
    0.00      0.00
    0.00      0.00
    0.68      0.00
    0.00      0.00
    0.00      0.00
    0.00      0.00
    0.00      0.00
    0.00      0.00
    0.00      0.00
    0.00      0.00
    0.00      0.00
    0.00      0.00
    0.00      0.00
    0.00      0.00
    0.00      0.00
    0.00      0.00
    0.00      0.00
    0.00      0.00
    0.00      0.00
    0.00      0.00
    0.00      0.00
    0.00      0.00
    0.00      0.00
    0.00      0.00
    0.00      0.00
    0.00      0.00
    0.00      0.00
    0.00      0.00
    0.00      0.00
    0.00      0.00
    0.00      0.00
    0.00      0.00
    0.00      0.00
    0.00      0.00
    0.00      0.00
    0.00      0.00
    0.00      0.00
    0.00      0.00
    0.00      0.00
    0.00      0.00
    0.00      0.00
    0.00      0.00
    2.04      0.00
    0.00      0.00
    0.00      0.00
    0.00      0.00
    0.00      0.00
    0.00      0.00
    0.00      0.00
    0.00      0.00
    0.00      0.00
    0.00      0.00
    0.00      0.00
    0.00      0.00
    0.00      0.00
    0.00      0.00
    0.00      0.00
    0.00      0.00
    0.00      0.00
    0.00      0.00
    0.00      0.00
    0.00      0.00
    0.00      0.00
   48.32      0.00
    0.00      0.00
    0.00      0.00
    0.00      0.00
    0.00      0.00
    0.00      0.00
    0.00      0.00
    0.00      0.00
    0.00      0.00
    0.00      0.00
    0.41      0.00
    0.00      0.00
    0.00      0.00
    0.00      0.00
    0.00      0.00
    0.00      0.00
    0.00      0.00
    0.00      0.00
    0.00      0.00
    0.00      0.00
    0.00      0.00
    0.00      0.00
    0.00      0.00
    0.00      0.00
    0.00      0.00
    0.00      0.00
    0.00      0.00
    0.00      0.00
    0.00      0.00
    0.00      0.00
    0.00      0.00
    0.00      0.00
    0.00      0.00
    0.00      0.00
    0.00      0.00
    0.00      0.00
    0.00      0.00
    0.00      0.00
    0.00      0.00
    0.00      0.00
    0.00      0.00
    0.00      0.00
    0.00      0.00
    0.00      0.00
    0.00      0.00
    0.00      0.00
    0.00      0.00
    0.00      0.00
    0.00      0.00
    0.00      0.00
    0.00      0.00
    0.00      0.00
    0.00      0.00
    0.00      0.00
    0.00      0.00
    0.00      0.00
    0.00      0.00
    0.00      0.00
    0.00      0.00
    0.00      0.00
    0.00      0.00
    1.36      0.00
    0.00      0.00
    0.00      0.00
    0.00      0.00
    0.00      0.00
    0.00      0.00
    0.00      0.00
    0.00      0.00
    0.00      0.00
    0.00      0.00
    0.00      0.00
    0.00      0.00
    0.00      0.00
    0.00      0.00
    0.00      0.00
    0.00      0.00
    0.00      0.00
    0.00      0.00
    0.00      0.00
    0.00      0.00
    0.00      0.00
    0.00      0.00
    0.00      0.00
    0.00      0.00
    0.00      0.00
    0.00      0.00
    0.00      0.00
    0.00      0.00
    0.00      0.00
    0.00      0.00
    0.00      0.00
    0.00      0.00
    0.00      0.00
    0.00      0.00
    0.00      0.00
    0.00      0.00
    0.00      0.00
    0.00      0.00
    0.00      0.00
    0.00      0.00
    0.00      0.00
    0.68      0.00
    0.00      0.00
    0.00      0.00
    0.00      0.00
    0.00      0.00
    0.00      0.00
    0.00      0.00
    0.00      0.00
    1.23      0.00
    0.00      0.00
    0.00      0.00
    0.00      0.00
    0.00      0.00
    0.00      0.00
    0.00      0.00
    0.00      0.00
    0.00      0.00
    0.00      0.00
    0.00      0.00
    0.00      0.00
    0.00      0.00
    0.00      0.00
    0.00      0.00
    0.00      0.00
    0.00      0.00
    0.00      0.00
    0.00      0.00
    0.00      0.00
    0.00      0.00
    0.00      0.00
    0.00      0.00
    0.00      0.00
    0.00      0.00
    0.00      0.00
    0.00      0.00
    0.00      0.00
    0.00      0.00
    0.00      0.00
    0.00      0.00
    0.00      0.00
    0.00      0.00
    0.00      0.00
    0.00      0.00
    0.00      0.00
    0.00      0.00
    0.00      0.00
    0.00      0.00
    0.00      0.00
    0.00      0.00
    0.00      0.00
    0.00      0.00
    0.00      0.00
    0.00      0.00
    0.00      0.00
    0.00      0.00
    0.00      0.00
    0.00      0.00
    0.00      0.00
    0.00      0.00
    0.00      0.00
    0.00      0.00
    0.00      0.00
    0.00      0.00
    0.00      0.00
    0.00      0.00
    0.00      0.00
    0.00      0.00
    0.00      0.00
    0.00      0.00
    0.00      0.00
    0.00      0.00
    0.00      0.00
    0.00      0.00
    0.00      0.00
    0.00      0.00
    0.00      0.00
    0.00      0.00
    0.00      0.00
    0.00      0.00
    0.00      0.00
    0.00      0.00
    0.00      0.00
    0.00      0.00
    0.00      0.00
    0.00      0.00
    0.00      0.00
    0.00      0.00
    0.00      0.00
    0.00      0.00
    0.00      0.00
    0.00      0.00
    0.00      0.00
    0.00      0.00
    0.00      0.00
    0.00      0.00
    0.00      0.00
    0.00      0.00
    0.00      0.00
    0.00      0.00
    0.00      0.00
    0.00      0.00
    0.00      0.00
    0.00      0.00
    0.00      0.00
    0.00      0.00
    0.00      0.00
    0.00      0.00
    0.00      0.00
    0.00      0.00
    0.00      0.00
    0.00      0.00
    0.00      0.00
    0.00      0.00
    0.00      0.00
    0.00      0.00
    0.00      0.00
    0.00      0.00
    0.00      0.00
    0.00      0.00
    0.00      0.00
    0.00      0.00
    0.00      0.00
    0.00      0.00
    0.00      0.00
    0.00      0.00
    0.00      0.00
    0.00      0.00
    0.00      0.00
    0.00      0.00
    0.00      0.00
    0.00      0.00
    0.00      0.00
    0.00      0.00
    0.00      0.00
    0.00      0.00
    0.00      0.00
    0.00      0.00
    0.00      0.00
    0.00      0.00
    0.00      0.00
    0.00      0.00
    0.00      0.00
    0.00      0.00
    0.00      0.00
    0.00      0.00
    0.00      0.00
    0.00      0.00
    0.00      0.00
    0.00      0.00
    0.00      0.00
    0.00      0.00
    0.00      0.00
    0.00      0.00
    0.00      0.00
    0.00      0.00
    0.00      0.00
    0.00      0.00
    0.00      0.00
    0.00      0.00
    0.00      0.00
    0.00      0.00
    0.00      0.00
    0.00      0.00
    0.00      0.00
    0.00      0.00
    0.00      0.00
    0.00      0.00
    0.00      0.00
    0.00      0.00
    0.00      0.00
    0.00      0.00
    0.00      0.00
    0.00      0.00
    0.00      0.00
    0.00      0.00
    0.00      0.00
    0.00      0.00
    0.00      0.00
    0.00      0.00
    0.00      0.00
    0.00      0.00
    0.00      0.00
    0.00      0.00
    0.00      0.00
    0.00      0.00
    0.00      0.00
    0.00      0.00
    0.00      0.00
    0.00      0.00
    0.00      0.00
    0.00      0.00
    0.00      0.00
    0.00      0.00
    0.00      0.00
    0.00      0.00
    0.00      0.00
    0.00      0.00
    0.00      0.00
    0.00      0.00
    0.00      0.00
    0.00      0.00
    0.00      0.00
    0.00      0.00
    0.00      0.00
    0.00      0.00
    0.00      0.00
    0.00      0.00
    0.41      0.00
    0.00      0.00
    0.00      0.00
    0.00      0.00
    0.00      0.00
    0.00      0.00
    0.00      0.00
    0.00      0.00
    0.00      0.00
    0.00      0.00
    0.00      0.00
    0.00      0.00
    0.00      0.00
    0.00      0.00
    0.00      0.00
    0.00      0.00
    0.00      0.00
    0.00      0.00
    0.00      0.00
    0.00      0.00
    0.00      0.00
    0.00      0.00
    0.00      0.00
    0.00      0.00
    0.00      0.00
    0.00      0.00
    0.00      0.00
    0.00      0.00
    0.00      0.00
    0.00      0.00
    0.00      0.00
    0.00      0.00
    0.00      0.00
    0.00      0.00
    0.00      0.00
    0.00      0.00
    0.00      0.00
    0.00      0.00
    0.00      0.00
    0.00      0.00
    0.00      0.00
    0.00      0.00
    0.00      0.00
    0.00      0.00
    0.00      0.00
    0.00      0.00
    0.00      0.00
    0.00      0.00
    0.00      0.00
    0.00      0.00
    0.00      0.00
    0.00      0.00
    0.00      0.00
    0.00      0.00
    0.00      0.00
    0.00      0.00
    0.00      0.00
    0.00      0.00
    0.00      0.00
    0.00      0.00
    0.00      0.00
    0.00      0.00
    0.00      0.00
    0.00      0.00
    0.00      0.00
    0.00      0.00
    0.00      0.00
    0.00      0.00
    0.00      0.00
    0.00      0.00
    0.00      0.00
    0.00      0.00
    0.00      0.00
    0.00      0.00
    0.00      0.00
    0.00      0.00
    0.00      0.00
    0.00      0.00
    0.00      0.00
    0.00      0.00
    0.00      0.00
    0.00      0.00
    0.00      0.00
    0.00      0.00
    0.00      0.00
    0.00      0.00
    0.00      0.00
    0.00      0.00
    0.00      0.00
    0.00      0.00
    0.00      0.00
    0.00      0.00
    0.00      0.00
    0.00      0.00
    0.00      0.00
    0.00      0.00
    0.00      0.00
    0.00      0.00
    0.00      0.00
    0.00      0.00
    0.00      0.00
    0.00      0.00
    0.00      0.00
    0.00      0.00
    0.00      0.00
    0.00      0.00
    0.00      0.00
    0.00      0.00
    0.00      0.00
    0.00      0.00
    0.00      0.00
    0.00      0.00
    0.00      0.00
    0.00      0.00
    0.00      0.00
    0.00      0.00
    0.00      0.00
    0.00      0.00
    0.00      0.00
    0.00      0.00
    0.00      0.00
    0.00      0.00
    0.00      0.00
    0.00      0.00
    0.00      0.00
    0.00      0.00
    0.00      0.00
    0.00      0.00
    0.00      0.00
    0.00      0.00
    0.00      0.00
    0.00      0.00
    0.00      0.00
    0.00      0.00
    0.00      0.00
    0.00      0.00
    0.00      0.00
    0.00      0.00
    0.00      0.00
    0.00      0.00
    0.00      0.00
    0.00      0.00
    0.00      0.00
    0.00      0.00
    0.00      0.00
    0.00      0.00
    0.00      0.00
    0.00      0.00
    0.00      0.00
    0.00      0.00
    0.00      0.00
    0.00      0.00
    0.00      0.00
    0.00      0.00
    0.00      0.00
    0.00      0.00
    0.00      0.00
    0.00      0.00
    0.00      0.00
    0.00      0.00
    0.00      0.00
    0.00      0.00
    0.00      0.00
    0.00      0.00
    0.00      0.00
    0.00      0.00
    0.00      0.00
    0.00      0.00
    0.00      0.00
    0.00      0.00
    0.00      0.00
    0.00      0.00
    0.00      0.00
    0.00      0.00
    0.00      0.00
    0.00      0.00
    0.00      0.00
    0.00      0.00
    0.00      0.00
    0.00      0.00
    0.00      0.00
    0.00      0.00
    0.00      0.00
    0.00      0.00
    0.00      0.00
    0.00      0.00
    0.00      0.00
    0.00      0.00
    0.00      0.00
    0.00      0.00
    0.00      0.00
    0.00      0.00
    0.00      0.00
    0.00      0.00
    0.00      0.00
    0.00      0.00
    0.00      0.00
    0.00      0.00
    0.00      0.00
    0.00      0.00
    0.00      0.00
    0.00      0.00
    0.00      0.00
    0.00      0.00
    0.00      0.00
    0.00      0.00
    0.00      0.00
    0.00      0.00
    0.00      0.00
    0.00      0.00
    0.00      0.00
    0.00      0.00
    0.00      0.00
    0.00      0.00
    0.00      0.00
    0.00      0.00
    0.00      0.00
    0.00      0.00
    0.00      0.00
    0.00      0.00
    0.00      0.00
    0.00      0.00
    0.00      0.00
    0.00      0.00
    0.00      0.00
    0.00      0.00
    0.00      0.00
    0.00      0.00
    0.00      0.00
    0.00      0.00
    0.00      0.00
    0.00      0.00
    0.00      0.00
    0.00      0.00
    0.00      0.00
    0.00      0.00
    0.00      0.00
    0.00      0.00
    0.00      0.00
    0.00      0.00
    0.00      0.00
    0.00      0.00
    0.00      0.00
    0.00      0.00
    0.00      0.00
    0.00      0.00
    0.00      0.00
    0.00      0.00
    0.00      0.00
    0.00      0.00
    0.00      0.00
    0.00      0.00
    0.00      0.00
    0.00      0.00
    0.00      0.00
    0.00      0.00
    0.00      0.00
    0.00      0.00
    0.00      0.00
    0.00      0.00
    0.00      0.00
    0.00      0.00
    0.00      0.00
    0.00      0.00
    0.00      0.00
    0.00      0.00
    0.00      0.00
    0.00      0.00
    0.00      0.00
    0.00      0.00
    0.00      0.00
    0.00      0.00
    0.00      0.00
    0.00      0.00
    0.00      0.00
    0.00      0.00
    0.00      0.00
    0.00      0.00
    0.00      0.00
    0.00      0.00
    0.00      0.00
    0.00      0.00
    0.00      0.00
    0.00      0.00
    0.00      0.00
    0.00      0.00
    0.00      0.00
    0.00      0.00
    0.00      0.00
    0.00      0.00
    0.00      0.00
    0.00      0.00
    0.00      0.00
    0.00      0.00
    0.00      0.00
    0.00      0.00
    0.00      0.00
    0.00      0.00
    0.00      0.00
    0.00      0.00
    0.00      0.00
    0.00      0.00
    0.00      0.00
    0.00      0.00
    0.00      0.00
    0.00      0.00
    0.00      0.00
    0.00      0.00
    0.00      0.00
    0.00      0.00
    0.00      0.00
    0.00      0.00
    0.00      0.00
    0.00      0.00
    0.00      0.00
    0.00      0.00
    0.00      0.00
    0.00      0.00
    0.00      0.00
    0.00      0.00
    0.00      0.00
    0.00      0.00
    0.00      0.00
    0.00      0.00
    0.00      0.00
    0.00      0.00
    0.00      0.00
    0.00      0.00
    0.00      0.00
    0.00      0.00
    0.00      0.00
    0.00      0.00
    0.00      0.00
    0.00      0.00
    0.00      0.00
    0.00      0.00
    0.00      0.00
    0.00      0.00
    0.00      0.00
    0.00      0.00
    0.00      0.00
    0.00      0.00
    0.00      0.00
    0.00      0.00
    0.00      0.00
    0.00      0.00
    0.00      0.00
    0.00      0.00
    0.00      0.00
    0.00      0.00
    0.00      0.00
    0.00      0.00
    0.00      0.00
    0.00      0.00
    0.00      0.00
    0.00      0.00
    0.00      0.00
    0.00      0.00
    0.00      0.00
    0.00      0.00
    0.00      0.00
    0.00      0.00
    0.00      0.00
    0.00      0.00
    0.00      0.00
    0.00      0.00
    0.00      0.00
    0.00      0.00
    0.00      0.00
    0.00      0.00
    0.00      0.00
    0.00      0.00
    0.00      0.00
    0.00      0.00
    0.00      0.00
    0.00      0.00
    0.00      0.00
    0.00      0.00
    0.00      0.00
    0.00      0.00
    0.00      0.00
    0.00      0.00
    0.00      0.00
    0.00      0.00
    0.00      0.00
    0.00      0.00
    0.00      0.00
    0.00      0.00
    0.00      0.00
    0.00      0.00
    0.00      0.00
    0.00      0.00
    0.00      0.00
    0.00      0.00
    0.00      0.00
    0.00      0.00
    0.00      0.00
    0.00      0.00
    0.00      0.00
    0.00      0.00
    0.00      0.00
    0.00      0.00
    0.00      0.00
    0.00      0.00
    0.00      0.00
    0.00      0.00
    0.00      0.00
    0.00      0.00
    0.00      0.00
    0.00      0.00
    0.00      0.00
    0.00      0.00
    0.00      0.00
    0.00      0.00
    0.00      0.00
    0.00      0.00
    0.00      0.00
    0.00      0.00
    0.00      0.00
    0.00      0.00
    0.00      0.00
    0.00      0.00
    0.00      0.00
    0.00      0.00
    0.00      0.00
    0.00      0.00
    0.00      0.00
    0.00      0.00
    0.00      0.00
    0.00      0.00
    0.00      0.00
    0.00      0.00
    0.00      0.00
    0.00      0.00
    0.00      0.00
    0.00      0.00
    0.00      0.00
    0.00      0.00
    0.00      0.00
    0.00      0.00
    0.00      0.00
    0.00      0.00
    0.00      0.00
    0.00      0.00
    0.00      0.00
    0.00      0.00
    0.00      0.00
    0.00      0.00
    0.00      0.00
    0.00      0.00
    0.00      0.00
    0.00      0.00
    0.00      0.00
    0.00      0.00
    0.00      0.00
    0.00      0.00
    0.00      0.00
    0.00      0.00
    0.00      0.00
    0.00      0.00
    0.00      0.00
    0.00      0.00
    0.00      0.00
    0.00      0.00
    0.00      0.00
    0.00      0.00
    0.00      0.00
    0.00      0.00
    0.00      0.00
    0.00      0.00
    0.00      0.00
    0.00      0.00
    0.00      0.00
    0.00      0.00
    0.00      0.00
    0.00      0.00
    0.00      0.00
    0.00      0.00
    0.00      0.00
    0.00      0.00
    0.00      0.00
    0.00      0.00
    0.00      0.00
    0.00      0.00
    0.00      0.00
    0.00      0.00
    0.00      0.00
    0.00      0.00
    0.00      0.00
    0.00      0.00
    0.00      0.00
    0.00      0.00
    0.00      0.00
    0.00      0.00
    0.00      0.00
    0.00      0.00
    0.00      0.00
    0.00      0.00
    0.00      0.00
    0.00      0.00
    0.00      0.00
    0.00      0.00
    0.00      0.00
    0.00      0.00
    0.00      0.00
    0.00      0.00
    0.00      0.00
    0.00      0.00
    0.00      0.00
    0.00      0.00
    0.00      0.00
    0.00      0.00
    0.00      0.00
    0.00      0.00
    0.00      0.00
    0.00      0.00
    0.00      0.00
    0.00      0.00
    0.00      0.00
    0.00      0.00
    0.00      0.00
    0.00      0.00
    0.00      0.00
    0.00      0.00
    0.00      0.00
    0.00      0.00
    0.00      0.00
    0.00      0.00
    0.00      0.00
    0.00      0.00
    0.00      0.00
    0.00      0.00
    0.00      0.00
    0.00      0.00
    0.00      0.00
    0.00      0.00
    0.00      0.00
    0.00      0.00
    0.00      0.00
    0.00      0.00
    0.00      0.00
    0.00      0.00
    0.00      0.00
    0.00      0.00
    0.00      0.00
    0.00      0.00
    0.00      0.00
    0.00      0.00
    0.00      0.00
    0.00      0.00
    0.00      0.00
    0.00      0.00
    0.00      0.00
    0.00      0.00
    0.00      0.00
    0.00      0.00
    0.00      0.00
    0.00      0.00
    0.00      0.00
    0.00      0.00
    0.00      0.00
    0.00      0.00
    0.00      0.00
    0.00      0.00
    0.00      0.00
    0.00      0.00
    0.00      0.00
    0.00      0.00
    0.00      0.00
    0.00      0.00
    0.00      0.00
    0.00      0.00
    0.00      0.00
    0.00      0.00
    0.00      0.00
    0.00      0.00
    0.00      0.00
    0.00      0.00
    0.00      0.00
    0.00      0.00
    0.00      0.00
    0.00      0.00
    0.00      0.00
    0.00      0.00
    0.00      0.00
    0.00      0.00
    0.00      0.00
    0.00      0.00
    0.00      0.00
    0.00      0.00
    0.00      0.00
    0.00      0.00
    0.00      0.00
    0.00      0.00
    0.00      0.00
    0.00      0.00
    0.00      0.00
    0.00      0.00
    0.00      0.00
    0.00      0.00
    0.00      0.00
    0.00      0.00
    0.00      0.00
    0.00      0.00
    0.00      0.00
    0.00      0.00
    0.00      0.00
    0.00      0.00
    0.00      0.00
    0.00      0.00
    0.00      0.00
    0.00      0.00
    0.00      0.00
    0.00      0.00
    0.00      0.00
    0.00      0.00
    0.00      0.00
    0.00      0.00
    0.00      0.00
    0.00      0.00
    0.00      0.00
    0.00      0.00
    0.00      0.00
    0.00      0.00
    0.00      0.00
    0.00      0.00
    0.00      0.00
    0.00      0.00
    0.00      0.00
    0.00      0.00
    0.00      0.00
    0.00      0.00
    0.00      0.00
    0.00      0.00
    0.00      0.00
    0.00      0.00
    0.00      0.00
    0.00      0.00
    0.00      0.00
    0.00      0.00
    0.00      0.00
    0.00      0.00
    0.00      0.00
    0.00      0.00
    0.00      0.00
    0.00      0.00
    0.00      0.00
    0.00      0.00
    0.00      0.00
    0.00      0.00
    0.00      0.00
    0.00      0.00
    0.00      0.00
    0.00      0.00
    0.00      0.00
    0.00      0.00
    0.00      0.00
    0.00      0.00
    0.00      0.00
    0.00      0.00
    0.00      0.00
    0.00      0.00
    0.00      0.00
    0.00      0.00
    0.00      0.00
    0.00      0.00
    0.00      0.00
    0.00      0.00
    0.00      0.00
    0.00      0.00
    0.00      0.00
    0.00      0.00
    0.00      0.00
    0.00      0.00
    0.00      0.00
    0.00      0.00
    0.00      0.00
    0.00      0.00
    0.00      0.00
    0.00      0.00
    0.00      0.00
    0.00      0.00
    0.00      0.00
    0.00      0.00
    0.00      0.00
    0.00      0.00
    0.00      0.00
    0.00      0.00
    0.00      0.00
    0.00      0.00
    0.00      0.00
    0.00      0.00
    0.00      0.00
    0.00      0.00
    0.00      0.00
    0.00      0.00
    0.00      0.00
    0.00      0.00
    0.80      0.00
    0.00      0.00
    0.00      0.00
    0.00      0.00
    0.00      0.00
    0.00      0.00
    0.00      0.00
    0.00      0.00
    0.00      0.00
    0.00      0.00
    0.00      0.00
    0.00      0.00
    0.00      0.00
    0.00      0.00
    0.00      0.00
    0.00      0.00
    0.00      0.00
    0.00      0.00
    0.00      0.00
    0.00      0.00
    0.00      0.00
    0.00      0.00
    0.00      0.00
    0.00      0.00
    0.00      0.00
    0.00      0.00
    0.00      0.00
    0.00      0.00
    0.00      0.00
    0.00      0.00
    0.00      0.00
    0.00      0.00
    0.00      0.00
    0.00      0.00
    0.00      0.00
    0.00      0.00
    0.00      0.00
    0.00      0.00
    0.00      0.00
    0.00      0.00
    0.00      0.00
    0.00      0.00
    0.00      0.00
    0.00      0.00
    0.00      0.00
    0.00      0.00
    0.00      0.00
    0.00      0.00
    0.00      0.00
    0.00      0.00
    0.00      0.00
    0.00      0.00
    0.00      0.00
    0.00      0.00
    0.00      0.00
    0.00      0.00
    0.00      0.00
    0.00      0.00
    0.00      0.00
    0.00      0.00
    0.00      0.00
    0.00      0.00
    0.00      0.00
    0.00      0.00
    0.00      0.00
    0.00      0.00
    0.00      0.00
    0.00      0.00
    0.00      0.00
    0.00      0.00
    0.00      0.00
    0.00      0.00
    0.00      0.00
    0.00      0.00
    0.00      0.00
    0.00      0.00
    0.00      0.00
    0.00      0.00
    0.00      0.00
    0.00      0.00
    0.00      0.00
    0.00      0.00
    0.00      0.00
    0.00      0.00
    0.00      0.00
    0.00      0.00
    0.00      0.00
    0.00      0.00
    0.00      0.00
    0.00      0.00
    0.00      0.00
    0.00      0.00
    0.00      0.00
    0.00      0.00
    0.00      0.00
    0.00      0.00
    0.00      0.00
    0.00      0.00
    0.00      0.00
    0.00      0.00
    0.81      0.00
    0.00      0.00
    0.00      0.00
    0.00      0.00
    0.00      0.00
    0.00      0.00
    0.00      0.00
    0.00      0.00
    0.00      0.00
    0.00      0.00
    0.00      0.00
    0.00      0.00
    0.00      0.00
    0.00      0.00
    0.00      0.00
    0.00      0.00
    0.00      0.00
    0.00      0.00
    0.00      0.00
    0.00      0.00
    0.00      0.00
    0.00      0.00
    0.00      0.00
    0.00      0.00
    0.00      0.00
    0.00      0.00
    0.00      0.00
    0.00      0.00
    0.00      0.00
    0.00      0.00
    0.00      0.00
    0.00      0.00
    0.00      0.00
    0.00      0.00
    0.00      0.00
    0.00      0.00
    0.00      0.00
    0.00      0.00
    0.00      0.00
    0.00      0.00
    0.00      0.00
    0.00      0.00
    0.00      0.00
    0.00      0.00
    0.00      0.00
    0.00      0.00
    0.00      0.00
    0.00      0.00
    0.00      0.00
    0.00      0.00
    0.00      0.00
    0.00      0.00
    0.00      0.00
    0.00      0.00
    0.00      0.00
    0.00      0.00
    0.00      0.00
    0.00      0.00
    0.00      0.00
    0.00      0.00
    0.00      0.00
    0.00      0.00
    0.00      0.00
    0.00      0.00
    0.00      0.00
    0.00      0.00
    0.00      0.00
    0.00      0.00
    0.00      0.00
    0.00      0.00
    0.00      0.00
    0.00      0.00
    0.00      0.00
    0.00      0.00
    0.00      0.00
    0.00      0.00
    0.00      0.00
    0.00      0.00
    0.00      0.00
    0.00      0.00
    0.00      0.00
    0.00      0.00
    0.00      0.00
    0.00      0.00
    0.00      0.00
    0.00      0.00
    0.00      0.00
    0.00      0.00
    0.00      0.00
    0.00      0.00
    0.00      0.00
    0.00      0.00
    0.00      0.00
    0.00      0.00
    0.00      0.00
    0.00      0.00
    0.00      0.00
    0.00      0.00
    0.00      0.00
    0.00      0.00
    0.00      0.00
    0.00      0.00
    0.00      0.00
    0.00      0.00
    0.00      0.00
    0.00      0.00
    0.00      0.00
    0.00      0.00
    0.00      0.00
    0.00      0.00
    0.00      0.00
    0.00      0.00
    0.00      0.00
    0.00      0.00
    0.00      0.00
    0.00      0.00
    0.00      0.00
    0.00      0.00
    0.00      0.00
    0.00      0.00
    0.00      0.00
    0.00      0.00
    0.00      0.00
    0.00      0.00
    0.00      0.00
    0.00      0.00
    0.00      0.00
    0.00      0.00
    0.00      0.00
    0.00      0.00
    0.00      0.00
    0.00      0.00
    0.00      0.00
    0.00      0.00
    0.00      0.00
    0.00      0.00
    0.00      0.00
    0.00      0.00
    0.00      0.00
    0.00      0.00
    0.00      0.00
    0.00      0.00
    0.00      0.00
    0.00      0.00
    0.00      0.00
    0.00      0.00
    0.00      0.00
    0.00      0.00
    0.00      0.00
    0.00      0.00
    0.00      0.00
    0.00      0.00
    0.00      0.00
    0.00      0.00
    0.00      0.00
    0.00      0.00
    0.00      0.00
    0.00      0.00
    0.00      0.00
    0.00      0.00
    0.00      0.00
    0.00      0.00
    0.00      0.00
    0.00      0.00
    0.00      0.00
    0.00      0.00
    0.00      0.00
    0.00      0.00
    0.00      0.00
    0.00      0.00
    0.00      0.00
    0.00      0.00
    0.00      0.00
    0.00      0.00
    0.00      0.00
    0.00      0.00
    0.00      0.00
    0.00      0.00
    0.00      0.00
    0.00      0.00
    0.00      0.00
    0.00      0.00
    0.00      0.00
    0.00      0.00
    0.00      0.00
    0.00      0.00
    0.00      0.00
    0.00      0.00
    0.00      0.00
    0.00      0.00
    0.00      0.00
    0.00      0.00
    0.00      0.00
    0.00      0.00
    0.00      0.00
    0.00      0.00
    0.00      0.00
    0.00      0.00
    0.00      0.00
    0.82      0.00
    0.00      0.00
    0.00      0.00
    0.00      0.00
    0.00      0.00
    0.00      0.00
    0.00      0.00
    0.00      0.00
    0.00      0.00
    0.00      0.00
    0.00      0.00
    0.00      0.00
    0.00      0.00
    0.00      0.00
    0.00      0.00
    0.00      0.00
    0.00      0.00
    0.00      0.00
    0.00      0.00
    0.00      0.00
    0.00      0.00
    0.00      0.00
    0.00      0.00
    0.00      0.00
    0.00      0.00
    0.00      0.00
    0.00      0.00
    0.00      0.00
    0.00      0.00
    0.00      0.00
    0.00      0.00
    0.00      0.00
    0.00      0.00
    0.00      0.00
    0.00      0.00
    0.00      0.00
    0.00      0.00
    0.00      0.00
    0.00      0.00
    0.00      0.00
    0.00      0.00
    0.00      0.00
    0.00      0.00
    0.00      0.00
    0.00      0.00
    0.00      0.00
    0.00      0.00
    0.00      0.00
    0.00      0.00
    0.00      0.00
    0.00      0.00
    0.00      0.00
    0.00      0.00
    0.00      0.00
    0.00      0.00
    0.00      0.00
    0.00      0.00
    0.00      0.00
    0.00      0.00
    0.00      0.00
    0.00      0.00
    0.00      0.00
    0.00      0.00
    0.00      0.00
    0.00      0.00
    0.00      0.00
    0.00      0.00
    0.00      0.00
    0.00      0.00
    0.00      0.00
    0.00      0.00
    0.00      0.00
    0.00      0.00
    0.00      0.00
    0.00      0.00
    0.00      0.00
    0.00      0.00
    0.00      0.00
    0.00      0.00
    0.00      0.00
    0.00      0.00
    0.00      0.00
    0.00      0.00
    0.00      0.00
    0.00      0.00
    0.00      0.00
    0.00      0.00
    0.00      0.00
    0.00      0.00
    0.00      0.00
   90.57    108.62
   16.30     29.51
    0.00      0.00
    0.00      0.00
    0.00      0.00
    0.00      0.00
    0.00      0.00
    0.00      0.00
    0.00      0.00
    0.00      0.00
 2802.78    351.21
 1675.16   1024.33
 1159.35    740.06
 2833.44   2642.91
 2224.94   1382.46
 2143.06   2381.01
 2377.43   1928.20
 2555.48   2044.99
 2346.77   1042.50
 1977.00   1331.51
 1079.39   1400.32
  786.68   1325.49
  947.57    605.93
  625.27    296.13
  274.71    135.69
  136.68     45.11
   93.37     43.54
   79.26     72.88
   58.90     31.35
   39.72     48.29
   30.99      8.59
    9.60      1.73
   11.20      2.60
    0.00      0.00
    0.00      0.00
    0.00      0.00
    0.00      0.00
    0.00      0.00
    0.00      0.00
    0.00      0.00
    0.00      0.00
    0.00      0.00
    0.00      0.00
    0.00      0.00
    0.00      0.00
    0.00      0.00
    0.00      0.00
    0.00      0.00
    0.00      0.00
    0.00      0.00
    0.00      0.00
    0.00      0.00
    0.00      0.00
    0.00      0.00
    0.00      0.00
    0.00      0.00
    0.00      0.00
    0.00      0.00
    0.00      0.00
    0.00      0.00
    0.00      0.00
    0.00      0.00
    0.00      0.00
    0.00      0.00
    1.13      1.06
   15.71     15.05
   30.13     31.46
  122.12    193.77
  177.76    137.00
   60.37    333.72
  385.08    201.72
  223.01    267.77
  196.14    168.70
  164.00    322.95
  222.37    339.77
   48.21     43.87
  155.54     51.05
  242.09      8.64
   46.15     48.24
    0.00     14.37
   17.97     15.82
   14.43      0.72
   15.80      0.71
   28.85      1.44
    0.00      0.00
    0.00      0.00
    0.00      0.00
    0.00      0.00
    0.00      0.00
    0.00      0.00
    0.00      0.00
    0.00      0.00
    0.00      0.00
    0.00      0.00
    0.00      0.00
    0.00      0.00
    0.00      0.00
    0.00      0.00
    0.00      0.00
    0.00      0.00
    0.00      0.00
    0.00      0.00
    0.00      0.00
    0.00      0.00
    0.00      0.00
    0.00      0.00
    0.00      0.00
    0.00      0.00
    0.00      0.00
   30.62     51.28
  224.40    155.65
  184.94    207.44
   19.57     26.97
    0.00    154.68
   73.61     40.96
   57.65     78.07
  106.37     84.25
  113.70     81.51
  181.71    131.75
  131.20    150.38
  259.53    314.95
  317.10    245.84
  229.61    230.56
  191.97    141.28
  261.83    256.82
  228.46    195.38
  193.07    259.89
  176.20    341.04
  153.10     60.47
  119.30     35.74
  284.37     69.61
   39.74     36.19
   42.12     49.90
   31.17     15.51
   11.74      2.45
   18.31      2.18
   32.78      2.31
    0.00      0.00
    0.00      0.00
    0.00      0.00
    0.00      0.00
    0.00      0.00
    0.00      0.00
    0.00      0.00
    0.00      0.00
    0.00      0.00
    0.00      0.00
    0.00      0.00
    0.00      0.00
    0.00      0.00
    0.00      0.00
    0.00      0.00
    0.00      0.00
    0.00      0.00
    0.00      0.00
    0.00      0.00
    0.00      0.00
    0.00      0.00
    0.00      0.00
    0.00      0.00
   15.06     14.38
    2.10     16.91
    0.00      0.00
    0.00      0.00
    0.65      0.00
    0.00      0.72
    2.09      1.96
    3.47     48.46
  124.32     95.32
   77.95     63.06
   62.13    195.85
  216.26    219.53
  202.70    157.46
  201.00    203.02
  127.08    110.83
   93.95    107.40
   65.14     63.04
  105.02    109.71
  138.74    230.32
  136.69    185.93
  154.52    290.51
   70.96     18.61
   93.90      2.88
  190.51     52.22
   94.53     36.55
    0.00     44.36
   30.79     31.50
   16.52      0.00
    2.17      0.72
   63.11      4.35
    0.72      0.00
    0.00      0.00
    0.00      0.00
    0.00      0.00
    0.00      0.00
    0.00      0.00
    0.00      0.00
    0.00      0.00
    0.00      0.00
    0.00      0.00
    0.00      0.00
    0.00      0.00
    0.00      0.00
    0.00      0.00
    0.00      0.00
    0.00      0.00
    0.00      0.00
    0.00      0.00
    0.00      0.00
   42.62     47.99
  187.03    234.38
   30.70     66.06
    0.81    180.36
   41.92     78.90
  106.69    152.82
   41.56      9.53
  130.44    101.69
   54.94      7.33
  144.18    149.36
  109.30     33.53
   57.46     46.12
  162.71    296.71
  302.17    253.06
  271.61    248.43
  248.18    209.27
  195.43    157.54
  168.13    152.69
  191.26    127.32
   67.54    111.32
  132.73    103.10
  175.92    192.82
  139.11    117.72
   88.82    210.29
  191.35    278.18
   48.19     37.53
  112.56      5.77
  185.61     25.48
   93.60     65.56
   16.79     31.09
    0.65     45.77
   14.44      0.72
   17.33      0.72
   31.77      1.44
   31.40      2.17
    0.72      0.00
    0.00      0.00
    0.00      0.00
    0.00      0.00
    0.00      0.00
    0.00      0.00
    0.00      0.00
    0.00      0.00
    0.00      0.00
    0.00      0.00
    0.00      0.00
    0.00      0.00
    0.00      0.00
    0.00      0.00
    0.00      0.00
    0.00      0.00
   16.21     30.07
    2.09     15.82
    0.00      0.00
    0.00      0.00
    0.65      0.72
    0.00      0.00
    2.82      3.33
    2.82      2.03
    3.92      3.47
    6.22      6.94
    1.37      1.44
    1.31      1.44
    1.96      8.62
   11.78      8.82
   20.51     36.44
   10.40     49.37
   47.03     20.58
   21.29     36.32
    2.09      1.44
   35.56     18.55
   30.80     32.16
    0.72     31.28
   34.15      7.07
   39.57     11.21
    2.61      4.91
   17.73     53.03
   22.51     10.19
    2.10      4.12
    7.80      0.65
   20.13      2.15
    7.14      0.72
    2.68      2.03
    0.00      2.75
    0.65     15.65
    0.00      0.72
    2.16      0.00
    0.72      0.00
   17.16      1.45
    0.00      0.00
    0.68      0.00
    0.00      0.00
    0.00      0.00
    0.00      0.00
    0.00      0.00
    0.00      0.00
    0.00      0.00
    0.00      0.00
    0.00      0.00
    0.00      0.00
   99.35    172.64
  120.14    185.76
   36.85    106.10
   52.94    132.62
    0.81     25.79
   97.81     89.95
    8.84      1.40
   29.15     32.21
   46.78     29.99
   52.70      6.87
  132.06     95.16
    9.05      4.84
   90.10     87.44
   13.56     12.69
  100.74     81.55
   48.51     45.09
   46.87     56.81
  114.51    137.78
  135.01     68.73
   55.91     91.35
   89.18     30.29
   43.49      7.70
   59.32     44.82
   41.66     24.30
   26.43     74.87
   19.13      2.82
   67.75     54.53
   22.84      5.42
   12.28      3.18
   21.78     39.47
   27.65     24.24
    1.37      2.75
    4.12      2.10
    1.44      0.72
   17.69      2.09
    1.31      0.72
    2.75      2.82
    0.00     15.11
    1.37      0.72
    0.00      0.00
    0.72      0.00
   16.55      1.45
    0.00      0.00
    0.00      0.00
    0.00      0.00
    0.00      0.00
    0.00      0.00
    0.00      0.00
    0.00      0.00
    0.00      0.00
    0.00      0.00
    1.31      1.45
    2.03      2.12
    0.00      0.00
    0.00      0.00
    0.65      0.72
    1.44      1.31
    3.47      4.05
    2.03      1.44
    3.33      4.12
    2.75      2.75
    4.12      3.54
   15.68     30.68
   16.25      7.32
    9.10      6.15
    7.54     21.66
   34.55     19.61
    8.23     18.49
   17.05     22.08
   20.64     34.80
   36.82     51.55
   17.19     18.48
   47.94     49.35
   18.72      2.08
   16.51      0.72
   19.79     19.19
    6.68     24.14
    2.68     19.13
   17.89      4.05
   19.26      6.07
   22.64     11.51
    0.65      2.75
    7.80      3.40
    7.21      1.37
    3.54     17.02
    3.40      1.31
    2.10      3.54
    1.44      0.65
   15.71      1.44
    1.44      0.00
    1.37      0.65
    0.00      1.37
    0.72      0.00
    0.00      0.00
    0.00      0.00
    1.37      0.00
    0.72      0.72
    0.00      0.00
    0.00      0.00
   57.65     78.83
  170.37    171.28
  150.43    177.51
   28.21     82.49
   21.12    131.17
   67.43     64.86
   61.97     91.59
   66.27     36.65
   67.67     33.85
   94.58      5.07
   36.17     25.83
   27.94     23.34
   97.82     52.26
   53.79     16.05
   78.00     68.16
   20.17     11.11
   14.65     13.04
   64.48     62.36
   59.71     44.73
   49.86     86.48
  100.96     73.27
   65.95     34.06
   65.52     40.78
   45.99     55.35
   57.09     55.52
   55.39     23.59
   43.78     49.86
   61.74     28.06
   18.73     32.22
   32.06     29.34
   38.41     43.99
   16.60     16.82
   15.61      5.27
   21.39      8.01
    9.41      7.87
   18.34      2.88
    2.03      3.92
    0.72      1.44
    1.31      1.44
    4.05     16.48
    2.82      2.16
    0.72      0.72
    0.65      0.00
   16.63      1.44
    0.00      0.00
    0.65      0.65
    0.00      1.37
    0.00      0.00
    0.00      0.00
    0.00      0.00
    0.72      0.00
    1.37      0.00
    2.69      3.56
    2.70      0.72
    0.00      0.00
    0.65      0.00
    0.00      0.72
    2.82      3.33
    2.82      2.03
    1.96      1.44
    2.03      4.12
    3.40      2.15
    0.65      2.03
   19.65     16.98
    0.00     48.56
   46.56      5.50
   25.36     21.33
    5.50      6.74
    4.91     19.28
   36.49     17.97
   32.77     52.20
    6.28      2.68
   17.12     34.21
   17.81      4.17
   20.65      3.40
    2.09     19.19
    1.44     16.31
   17.75      1.36
   34.63     19.76
   19.74     21.32
   17.95     36.92
    2.82      2.10
    5.56      6.02
   19.70      6.60
    2.03      8.24
    4.26     17.02
    5.71      1.38
    7.07      2.10
    3.54      2.03
   15.80      3.34
    3.33      4.12
    1.44      0.72
    1.44      0.65
    4.84      2.81
    0.68      0.00
    0.72      0.00
    0.72      0.00
    0.72      0.00
    0.00      0.00
    0.00      0.00
  212.93    256.93
   58.50     68.99
  132.10    224.51
    0.72     26.44
   90.49     96.13
   39.45     23.46
   54.66     59.82
   29.86     14.49
   58.21     20.79
   22.33      3.56
   20.63      8.41
   61.27     45.14
    2.81      1.37
  109.88    113.85
   37.79     18.71
   65.96    149.85
  132.60     60.88
  145.51    105.87
   46.91     40.14
   16.47     35.76
   63.66     22.59
   30.95     38.09
   62.64     14.00
   29.90     66.29
   41.21     40.32
   44.07     46.51
   71.66     29.67
    3.71      2.31
   30.90     37.57
   19.60      5.35
   18.57      4.83
   22.72     16.49
   35.94     35.06
    3.47     18.19
    2.10      2.75
   10.16      6.35
   20.42      3.54
    8.11      7.85
    1.44      2.09
    1.31     17.12
    2.75      2.75
    2.03      2.16
    2.75      3.40
   17.20      3.47
    2.09      0.72
    0.72      0.00
    4.12      2.16
    0.72      0.00
    0.00      0.00
    0.00      0.00
    0.00      0.65
    1.31      1.37
    2.11      2.09
    0.65      0.72
    1.37      0.72
    0.65      0.72
    0.00      1.31
    4.83      3.42
    2.75      1.37
    0.65      2.16
    2.03      3.40
    3.47      2.09
    0.65      0.72
    0.72      1.31
    2.68     17.26
   16.55      6.59
   37.55     66.02
   19.23     16.96
   36.78     23.98
   19.13     18.93
   24.51     21.69
   21.10      7.08
    1.44      2.61
    4.12      2.03
    3.40      4.19
   16.48     15.82
    4.71     35.59
    2.09      2.03
   19.33     17.82
   32.03      2.83
    2.03      3.33
   20.17     22.77
    5.36      5.63
   19.88     20.08
   18.57     15.11
    4.12      7.38
    4.05     21.73
    2.75      6.08
    4.26      1.37
   19.52      0.65
    8.46      3.54
    2.16      1.31
    1.31      3.34
    2.03      2.10
    3.47      2.82
    2.16      0.65
    3.33      4.78
    0.72      0.72
    1.44      0.00
   38.24     48.71
  132.03    173.12
   70.07     98.51
   22.06    122.32
   64.18    154.15
  126.46    127.48
   57.40     60.46
   65.90     21.34
   63.08     24.71
   27.61      2.00
   26.63      4.27
    8.69      4.72
    2.10      0.72
   57.04     36.84
   33.35     31.57
   27.13     75.19
   90.78     51.61
   68.21     98.92
  120.01    100.16
   36.36     85.59
  105.18     49.06
   43.20     71.78
  103.80     60.81
   70.39     42.71
  105.94     78.22
   19.93      4.42
   73.11     49.88
    1.37      3.40
   21.93     16.22
    4.84     20.74
    1.31     15.53
   17.27      4.05
    2.10     19.03
   32.22      6.88
    6.22      2.75
   21.28     20.50
    4.85      2.89
    4.13      5.43
   18.46      2.83
    5.95      5.77
    7.46     20.09
    3.41      6.29
    0.00      0.00
    2.83      1.38
    2.82      2.03
    1.31      2.03
    2.61      4.91
    2.75      2.10
    0.72      0.00
    3.54      1.37
    1.96      2.75
    1.37      1.44
    3.42      2.75
    3.47      1.44
    0.00      0.72
    0.65      0.65
    0.65      1.44
    2.10      1.96
    4.13      4.19
    2.03      1.44
    1.37      1.37
    2.74      3.40
    2.03      1.44
    0.65      1.37
    0.72      0.00
    1.31      0.65
    2.68      6.15
    4.12     18.51
   35.23     21.82
   34.95     66.09
   33.64     21.14
   39.23     19.06
    5.50     21.25
   35.23     36.90
   34.96     18.92
    4.27     32.01
    2.68      3.40
    2.10      1.44
   33.94     17.85
   16.48      4.77
    2.75      2.82
   19.19     17.81
    0.72      1.31
    2.75     15.66
    3.33      6.94
    5.37      5.50
   19.97      6.22
    3.54      3.40
   18.50     20.48
    4.98      5.29
    3.40      7.46
    4.85      2.75
    5.05      0.72
    5.70      0.65
    4.12      4.85
    1.37      0.65
    0.72      2.03
    1.44      1.31
    1.37      0.65
    5.40      5.64
  151.80    200.76
   62.84    113.24
   93.81     96.50
   40.78    137.16
   80.77    119.85
   67.10     59.50
   69.19     40.59
   59.41     46.93
   18.85     18.11
   77.00     40.95
    9.77     14.75
   73.71     72.92
   43.10     17.93
   26.28     42.35
   32.46      8.46
   18.34     46.04
   49.99     29.27
   20.97     24.92
  122.54    149.28
   96.67     33.48
   73.22     98.17
  110.05     71.78
   40.11     48.67
   82.83    102.89
   96.69     41.40
   32.24     38.72
   42.22      6.44
    6.30     17.11
    2.10     17.54
    1.37     15.44
   18.12      3.47
   47.01      4.26
   14.92     22.65
   28.65     20.71
   41.59     41.02
    1.37     18.44
   38.00      6.85
    4.12      3.54
    6.37      4.12
    5.50      4.12
    3.99     19.23
    4.71      4.98
    5.36      5.05
    7.46      7.08
    4.19      2.10
    0.00      0.00
    1.37      1.31
    2.75      1.44
    2.03      3.47
    1.37      2.68
    0.00      0.65
    2.61      2.75
    6.87      5.70
    2.11      1.37
    2.75      0.72
    2.03      2.82
    0.65      3.34
    4.12      2.76
    4.12      2.75
    2.75      2.89
    0.72      0.65
    3.40      3.40
    2.75      2.17
   15.82     17.21
    0.72      0.00
    0.00      0.00
    2.61      2.82
    2.03      6.67
    9.03     19.26
   17.61     34.06
   37.14      9.56
   18.93     33.59
   22.73      4.77
   21.97     34.87
   36.85     38.35
   33.82     18.27
   17.14     18.26
   34.06     36.29
    2.11      0.65
    4.19      1.44
    2.03     19.15
    1.34     32.09
   34.53      2.75
    2.10      1.44
   17.26      2.75
    2.68      1.31
    2.61      6.28
    4.05      3.40
    2.68      5.57
   19.57     21.39
    2.89      1.31
    4.27      5.29
    3.40      4.64
    5.43      8.83
    2.82      4.12
    7.08      0.72
    7.80      2.17
    2.82      2.03
    0.00      1.96
   58.33     75.85
  152.46    199.99
   67.39    106.07
  100.22    119.76
   84.85    104.71
   15.67     57.05
   68.58     57.97
   22.00     17.24
   42.96     54.99
   56.85     77.28
   38.28     19.74
   46.85     40.98
   64.94     27.07
   64.76     26.62
   76.52     70.48
    6.14      2.31
   45.03     43.06
   61.01     30.21
   22.53      4.98
   28.48     54.78
    6.19     32.72
   16.66     39.31
  103.31     69.82
   48.91     62.47
   73.73     49.86
    6.93     19.91
   94.04    106.77
  111.56     42.93
    0.00     14.58
  109.15     39.98
   53.37     48.99
   11.76      3.04
   39.43     32.46
    3.47     17.93
   55.20     51.19
    2.09      2.16
   10.97      6.37
    1.37      2.03
    3.54      5.36
    5.57      2.68
    3.47      3.47
    4.85      3.54
   20.51     18.42
    2.75      4.12
    3.48      3.40
    4.57      4.91
    7.39      9.17
    4.78      3.47
    2.68      2.82
    2.17      0.72
    2.10      0.72
    2.10      1.38
    3.92      4.91
    2.77      4.12
    0.72      0.00
    2.68      2.10
    0.72      2.03
    4.85      4.06
    5.43      5.57
    5.43      4.26
    1.44      1.38
    2.10      2.03
    3.40      3.40
   17.82     19.20
    0.65      2.09
    1.44      0.00
    2.03      0.72
    3.40      2.88
    2.03      7.33
    9.76     19.71
   16.96      2.75
    4.05     19.23
    4.04      7.46
   19.85     35.04
   36.80     22.08
    6.86      5.43
   35.87     50.33
    5.65     33.64
   32.38      3.62
    3.46      4.06
    0.65     30.11
    4.84     16.47
   16.48      4.20
   46.37     19.44
    1.37      2.61
    2.81      1.44
    4.91      1.37
    1.37      2.68
   16.76     17.04
    4.05      6.29
    3.99      3.40
    2.68      4.20
    3.47      4.78
    2.82      3.40
   18.65     17.74
    2.10      4.58
    4.84      6.74
    2.75      4.12
    3.61      0.65
    7.08      3.40
  165.14    245.94
   16.16     31.77
   63.48    185.86
   42.37     77.42
   63.03     98.04
  115.24    100.86
   90.65     53.54
   44.50     44.67
   72.44     32.96
   15.22      5.43
   21.15      3.64
   54.15     40.06
   11.37      6.18
    4.99     41.77
   27.86      2.34
    2.05     13.84
    1.31      3.40
   52.88     44.45
   55.33     15.09
   25.97     43.45
   46.26     40.46
   20.54      7.67
   32.53     25.44
   47.23     39.56
   49.42     79.88
   49.48     57.29
   36.94     51.38
  102.44     70.27
   65.65     49.82
   68.85     38.01
   15.89     30.98
   99.92     44.46
   53.20     60.57
   35.91      8.19
    4.20     15.10
   34.07     18.26
    1.31      2.89
   18.28      2.74
    0.00      2.68
    4.13      4.71
    1.44      3.33
    4.12      2.68
   19.21     20.01
    4.84      2.10
    5.50      3.54
    2.75      2.75
    1.37     18.52
    3.33      2.82
    5.94      6.49
    6.15      4.85
    2.75      4.12
    2.68      0.72
    3.42      5.50
    5.57      2.89
    6.49      3.54
    4.47      3.30
    4.48      3.27
    6.56      2.75
    5.85      2.75
    3.41      4.20
    5.54      0.72
    1.37      3.33
    5.37      4.26
    3.99      4.19
    1.38      2.82
    4.87      0.72
    3.88      0.65
    1.96     15.83
    2.99      6.67
   23.66      4.78
    9.41      6.36
    2.10     31.22
   36.12      8.97
    3.54     20.48
   37.64     21.88
    5.49     18.25
   38.06     39.24
   19.99      6.23
    2.82      2.03
    4.06     16.48
   18.25     19.68
    1.37      0.72
   33.13     31.35
    2.75      3.40
    3.34      4.13
   31.78     48.37
    2.16      0.65
   17.76      3.46
    4.25      0.72
   16.57     18.41
    2.68      1.38
   19.00      7.02
    2.75      2.82
    3.39      4.85
    4.06      4.78
    1.38      3.41
   18.65     15.83
    3.54      3.40
    1.44      5.22
   60.93     81.27
  129.20    174.85
   22.71     17.31
  137.31    196.13
   45.33    104.18
   94.32    117.24
   15.70     59.03
   65.57     41.16
    7.64      4.83
   58.51     88.60
   13.83      3.83
   29.31     25.32
   22.36     39.15
   29.60      6.63
    6.30     20.46
   97.57     52.18
   20.76      3.67
   55.11     58.96
   57.66     33.82
   80.76     42.93
   27.77     44.92
   91.32     65.82
   53.14     24.56
   91.97     91.81
   24.01     38.43
   48.07     39.05
   34.13     47.51
   44.57     27.62
   25.03      9.46
   27.81     24.08
    3.54      2.61
   49.68     62.50
   30.78      8.40
   17.11     31.97
   28.31      3.75
    3.40     18.85
   18.55      2.15
   19.16     18.54
   17.69     17.29
    2.18     17.15
    2.03      1.44
   17.92      4.07
   28.52     26.55
   22.00     21.35
   29.33     44.57
   20.68      3.53
   32.21     21.47
    3.99      4.92
   13.14      3.83
    3.63      3.62
    3.40      2.68
    3.99      2.89
    5.88      7.15
    6.24      8.32
    4.13      2.82
    1.31      0.72
    2.82      2.10
    4.78      4.71
    7.46      8.46
    3.34      4.13
    2.75      2.75
   27.24     23.39
    2.75      3.40
   31.88     31.68
    0.65      0.72
   30.15     55.80
    2.10      0.00
   10.98     17.14
    3.38      0.72
    7.11     19.57
   33.51      9.56
   10.50     34.01
   33.41      4.19
    3.96     17.97
   38.30     38.32
   19.37      7.46
   23.71     20.66
   19.97     50.99
   24.72      6.87
   17.93      5.50
    5.57      3.54
    1.44      1.96
   21.20     20.11
    2.10     16.64
   17.28     16.18
    1.38      2.75
    1.31     17.04
   21.02      4.90
   15.12     32.88
   20.12      2.82
    1.38      1.38
    2.82      2.03
   18.58      4.05
    1.31      1.44
    5.43      4.92
    4.06      5.57
   18.85     19.70
    2.68      4.06
    1.44      2.03
    4.20      2.75
   83.02    142.02
   97.14    170.35
    9.61     83.79
   24.71    183.65
   30.08     19.82
  136.08    137.72
   71.32     85.62
   82.78     77.95
   10.32     17.12
   17.29     14.37
    9.57      2.82
   15.87      4.68
   15.62      3.43
    4.92      6.09
    4.12      3.47
   27.81     23.47
   46.47     17.29
   14.27     49.10
   40.43     33.16
   40.46     19.28
   55.46     33.46
  135.57    124.13
   67.63     61.05
   98.24    134.94
   89.01     74.30
  144.79    143.59
   97.10     53.53
  104.70    109.08
   63.48     43.53
   60.47     25.71
   38.05     23.90
   18.35      4.20
   19.87      5.48
   16.16      8.92
    3.03      3.68
    2.74      2.90
    1.38     18.41
    2.75      1.37
    4.12      2.10
   17.74     20.09
    1.96      2.82
    0.72     15.78
    4.84      2.09
    2.10      3.99
    3.41      6.15
    2.68      5.35
    4.26      2.09
    5.56      3.47
    4.91      1.37
   18.33     19.31
    2.75      2.03
    2.77      2.68
    3.39      5.50
    4.06      3.47
    5.30      5.05
    4.71      7.01
    8.25      6.15
    4.06      5.57
    3.40      2.75
    5.66      2.82
    3.99      4.92
    3.40      2.10
    3.40      4.13
    3.99      4.98
    1.37      4.05
    2.16      1.31
    2.68      2.03
    2.10      1.44
    2.10      1.44
    2.75      3.40
    2.68     22.47
   39.08     18.72
    3.47      2.82
    0.65     32.52
   37.10     23.51
   20.30     22.39
   21.23     35.70
   37.64     10.33
   24.09      5.64
   20.68     36.21
    3.47     15.51
   50.40     48.24
   34.30     20.29
    5.43      6.94
   19.13      2.83
    2.82     15.81
   15.09      2.03
    2.03      2.10
    2.75      5.43
    2.75     16.55
    2.16      1.96
   16.48      0.72
    3.46      2.81
    0.72      1.96
    2.03      2.75
    2.75      1.31
    3.34      5.57
    4.77      4.91
    5.36      4.84
   76.61    107.21
  159.20    122.56
   21.48    116.52
   78.38    154.63
   22.69     86.74
   42.36    100.22
    4.84      4.78
   57.08    103.34
   50.68     98.34
   46.52     51.08
   74.83     82.22
   29.31     29.82
   64.11     13.34
    4.92     18.16
    7.74      2.75
   24.47     29.37
   33.32      2.25
   56.74      9.69
   17.19     19.50
   28.45     24.03
   27.15      4.86
   95.73     82.83
   17.40     46.14
  114.72     78.04
   50.90     45.23
   84.98     51.65
   21.17     21.29
  122.66     55.76
   79.81     50.93
   14.61     14.73
    4.17     29.24
   89.20     43.33
    3.62     33.16
  105.48     89.33
   36.19      8.96
   37.79     26.25
    2.82      2.10
   17.12     18.29
   42.47     22.84
    1.34      3.31
   55.68     49.23
   26.27     15.33
   26.43     30.08
   38.22     15.89
    4.30      2.82
   15.19      2.76
    2.68      4.19
    2.10      5.30
    1.96      4.05
    3.54      3.40
    6.29      3.47
    5.21      1.37
    7.39      6.36
    4.86      4.91
    0.65      1.38
    2.68      4.06
    2.82      3.33
    8.12      4.85
    5.36      7.15
    8.18      7.00
    3.47      5.50
    0.72      0.65
    4.06      2.82
    6.09      6.36
    4.71      4.91
    2.75      3.40
    1.37      0.00
    2.82      2.75
    1.31      3.40
    2.10      1.37
    1.31      2.03
    3.48      7.39
   10.36      4.78
   19.30     20.78
    2.75      2.75
    6.74      6.88
    4.91      5.43
   20.30     21.74
   22.78     35.66
    6.28     49.78
   53.52      6.15
    4.05     22.70
    7.01      4.77
    2.10     18.59
   17.93     46.31
   37.05     23.84
   33.31     20.88
   20.55     17.21
    0.72     16.32
   18.59      2.89
   18.50      4.71
    2.75      4.84
    4.19      2.10
    1.44      0.65
    2.75      1.44
    0.65     17.07
    0.72      1.31
   16.41     17.12
   18.65      2.81
   20.37     30.69
  126.34    165.80
   62.64    120.23
   42.98    121.89
   58.04    185.18
    4.48      1.43
  106.18     98.77
   53.24     59.59
   62.40     27.30
   41.75     18.15
   25.50     16.39
   22.03      4.91
    4.81      4.10
    6.29      4.06
    7.24      7.04
    1.44      2.60
    3.40      2.09
    2.74      1.44
   47.58     38.27
   49.15     34.01
    3.48      2.88
  134.30    112.82
  101.26     46.14
   57.49    103.97
  100.98     91.07
   85.47     59.80
   10.78     59.60
   53.70     25.47
   42.86     32.38
   78.49     51.03
   58.90     28.94
   53.91     38.96
   55.70     41.99
   66.18     12.47
    3.55      6.73
   40.25     45.30
   62.83     34.20
   24.26     46.58
   37.81      7.81
   28.64     23.88
    1.37     16.49
   45.84     15.85
   22.92      6.22
    3.40      2.89
    4.19      3.40
    0.72      0.72
    1.38      0.72
    2.10      1.37
    1.52     16.18
    5.36     20.38
   14.88      4.71
   18.20      6.89
    6.96      2.68
    6.94      6.36
    4.91      1.44
    3.99      4.19
    2.68      4.12
    2.75      4.13
    6.29      3.47
    4.05      4.71
    2.10      4.13
    6.01      6.36
    6.02      4.85
    6.08      7.01
    3.47      2.82
    1.96      2.82
    4.91      2.82
    3.40      2.82
    1.96      2.10
    1.37      3.40
    1.44      1.31
    3.34      2.75
    2.75      6.08
    6.95     19.45
    6.29      5.70
   17.54      4.71
    4.71      5.50
    5.64      4.92
    6.08      6.80
   23.85     23.19
   21.26     24.09
    5.57     17.62
   20.53     36.58
   18.59     48.36
   38.01      4.93
    1.37      2.03
   35.95      4.91
   19.06     22.72
   19.91     34.35
   18.99     33.44
   18.01     17.94
   18.92      3.47
    4.19      4.84
   16.41     17.93
   17.93      4.13
   11.07      0.72
    1.31      2.10
    0.72      1.38
    1.38      1.38
    1.37      3.99
   84.01    145.35
   56.26    102.05
   54.96    111.06
   88.35     94.54
   52.76    113.79
   37.30     45.00
   29.59    112.22
   13.33     18.51
   95.57     61.15
   17.82     40.89
   48.92     90.79
    3.24      5.22
   68.91     44.43
    6.49      6.74
   44.84     23.16
    6.29      4.13
   25.62      7.25
    1.44      2.68
   22.52     54.42
    4.26      1.37
   28.53     10.97
   49.78     25.70
   32.28     23.19
   57.54     49.05
   81.99     77.77
   77.89     70.79
   42.60     18.25
   36.56     35.71
    5.50      6.15
   40.87     30.97
   47.35     41.10
   50.39     61.28
  107.37    124.04
   90.49     60.49
   69.03    104.58
   71.03     28.59
   54.83     75.70
   85.26     26.95
  142.48    129.50
   85.54     22.11
   42.74     51.46
   20.49     19.27
   13.86     20.17
   20.00      3.47
   20.30     18.39
    5.63      2.75
    2.84      2.10
    1.44      0.65
    1.31      1.44
    0.72      0.00
    1.96      2.75
    2.03      2.75
    4.71      8.84
    3.41     17.84
   20.05     21.28
    6.88      6.31
   20.12      3.47
    8.99      4.84
    5.43      4.19
    2.03      5.50
    1.44      0.72
    2.10      2.62
    3.40      2.75
    3.92      6.15
    6.82      5.05
    4.84      6.94
    6.15      4.91
    0.00      0.00
    2.68      2.17
    4.12      4.12
    2.68      2.17
    1.37      2.03
    2.68      2.75
    1.37      6.01
    9.04      4.85
    3.47     18.60
    4.87     21.54
   36.20     20.61
   18.44      6.22
   20.55     24.08
    8.39      6.87
   22.64     20.76
    4.85      3.47
    7.66     23.94
    4.25      1.44
    6.22     18.52
    3.48      2.75
   18.68     20.01
    4.78     21.40
   34.83     33.36
   19.89     19.29
   49.00     35.34
    2.03      2.68
    4.78     19.22
   35.41     33.44
   33.48     19.78
   17.83     17.75
    6.23      2.90
    4.27      1.37
   46.79     79.52
  112.12    125.54
   30.50    120.03
   28.78    104.36
   25.17    119.82
   73.13     65.68
   82.37     78.31
   76.05     47.36
   51.38     97.58
   51.52     40.09
   57.12     21.91
   45.97     21.35
   23.20      4.16
   20.28      5.46
   10.03      5.16
    3.40      7.61
    4.64      3.35
    4.22      4.80
    2.12      0.64
    6.16      5.45
   74.29     48.82
   32.45     22.91
   52.24     56.78
   30.79     35.44
   58.98     42.11
   34.46     25.40
   80.51     71.67
   31.84      6.85
   31.18     77.34
   45.53     53.18
   45.10     37.56
   19.07      9.23
   52.68     70.52
   60.69     45.51
   51.75     63.49
   71.98     51.32
   28.46     22.79
   19.57     27.66
  142.98     50.84
   40.03     52.64
   87.23     40.89
    5.29     18.78
    2.11     16.17
   28.29     42.02
   59.41     41.06
   15.33      5.93
   31.53     30.43
   39.16     37.91
   19.23     19.21
    3.55      1.37
    2.16      0.00
    3.61      1.44
    2.77      2.10
    3.81      3.81
    0.65      4.06
    3.36      5.43
    3.54      5.38
    8.20      8.20
    6.22      5.61
    8.27      6.38
    5.59      2.82
    4.13      3.47
    1.37      2.03
    2.62      2.17
    2.10      4.71
    4.85      4.13
    2.05      4.06
    5.36      4.33
    4.71      4.91
    5.57      2.75
    1.31      2.82
    1.31      2.10
    4.19      0.72
    3.99      4.26
    1.31      6.67
    8.32      4.94
    4.84      4.84
    2.10      3.99
    8.77      3.54
    2.10     22.70
   21.19     23.99
   20.66      5.52
    6.36      4.06
    5.50      6.88
    5.57     17.78
    4.12     20.30
   50.42     20.49
    7.32      7.80
   48.42     67.43
   34.83     19.72
   25.45     52.75
   31.91      2.82
    3.47      2.10
    2.05      4.82
    4.78      4.19
    2.68      4.13
   33.99     34.99
   19.96     19.29
    3.40      4.05
   19.48      8.89
    1.25      0.00
    0.00      0.00
    0.00      0.00
    0.00      0.00
    0.00      0.00
    0.00      0.00
    0.00      0.00
    0.00      0.00
    0.00      0.00
    0.00      0.00
    0.00      0.00
    0.00      0.00
    0.00      0.00
    0.00      0.00
    0.00      0.00
    0.00      0.00
    0.00      0.00
    0.00      0.00
    0.00      0.00
    0.00      0.00
    0.00      0.00
    0.00      0.00
    0.00      0.00
    0.00      0.00
    0.00      0.00
    0.00      0.00
    0.00      0.00
    0.00      0.00
    0.00      0.00
    0.00      0.00
    0.00      0.00
    0.00      0.00
    0.00      0.00
    0.00      0.00
    0.00      0.00
    0.00      0.00
    0.00      0.00
    0.00      0.00
