      h_eth1      
 KB/s in  KB/s out
    0.00      0.00
    0.00      0.00
    0.00      0.00
    0.00      0.00
    0.00      0.00
    0.00      0.00
    0.00      0.00
    0.00      0.00
    0.66      0.00
    0.00      0.00
    0.00      0.00
    0.00      0.00
    0.00      0.00
    0.00      0.00
    0.00      0.00
    0.00      0.00
    0.00      0.00
    0.00      0.00
    0.00      0.00
    0.00      0.00
    0.00      0.00
    0.00      0.00
    0.00      0.00
    0.00      0.00
    0.00      0.00
    0.00      0.00
    0.00      0.00
    0.00      0.00
    0.00      0.00
    0.00      0.00
    0.00      0.00
    0.00      0.00
    0.00      0.00
    0.00      0.00
    0.00      0.00
    0.00      0.00
    0.00      0.00
    0.00      0.00
    0.00      0.00
    0.00      0.00
    0.00      0.00
    0.00      0.00
    0.00      0.00
    0.00      0.00
    0.00      0.00
    0.00      0.00
    0.00      0.00
    0.00      0.00
    0.00      0.00
    0.68      0.00
    0.00      0.00
    0.00      0.00
    0.00      0.00
    0.00      0.00
    0.00      0.00
    0.00      0.00
    0.00      0.00
    0.00      0.00
    0.00      0.00
    0.00      0.00
    0.00      0.00
    0.00      0.00
    0.00      0.00
    0.00      0.00
    0.00      0.00
    0.00      0.00
    0.00      0.00
    0.00      0.00
    0.00      0.00
    0.00      0.00
    0.00      0.00
    0.00      0.00
    0.00      0.00
    0.00      0.00
    0.00      0.00
    0.00      0.00
    0.00      0.00
    0.00      0.00
    0.00      0.00
    0.00      0.00
    0.00      0.00
    0.00      0.00
    0.00      0.00
    0.00      0.00
    0.00      0.00
    0.00      0.00
    0.00      0.00
    0.00      0.00
    0.00      0.00
    0.00      0.00
    0.68      0.00
    0.00      0.00
    0.00      0.00
    0.00      0.00
    0.00      0.00
    0.00      0.00
    0.00      0.00
    0.00      0.00
    0.00      0.00
    0.00      0.00
    0.00      0.00
    0.00      0.00
    0.00      0.00
    0.00      0.00
    0.00      0.00
    0.00      0.00
    0.00      0.00
    0.00      0.00
    0.00      0.00
    0.00      0.00
    0.00      0.00
    0.00      0.00
    0.00      0.00
    0.00      0.00
    0.00      0.00
    0.00      0.00
    0.00      0.00
    0.00      0.00
    0.00      0.00
    0.00      0.00
    0.00      0.00
    0.00      0.00
    0.00      0.00
    0.00      0.00
    0.00      0.00
    0.00      0.00
    0.00      0.00
    0.00      0.00
    0.00      0.00
    0.00      0.00
    0.00      0.00
    0.00      0.00
    0.00      0.00
    0.00      0.00
    0.00      0.00
    0.00      0.00
    0.00      0.00
    0.00      0.00
    0.00      0.00
    0.00      0.00
    0.00      0.00
    0.00      0.00
    0.00      0.00
    0.00      0.00
    0.00      0.00
    0.00      0.00
    0.00      0.00
    0.00      0.00
    0.00      0.00
    0.00      0.00
    0.00      0.00
    0.00      0.00
    0.00      0.00
    0.00      0.00
    0.00      0.00
    0.00      0.00
    0.00      0.00
    0.00      0.00
    0.00      0.00
    0.00      0.00
    0.00      0.00
    0.00      0.00
    0.00      0.00
    0.00      0.00
    0.00      0.00
    0.00      0.00
    0.00      0.00
    0.00      0.00
    0.00      0.00
    0.00      0.00
    0.00      0.00
    0.00      0.00
    0.68      0.00
    0.00      0.00
    0.00      0.00
    0.00      0.00
    0.00      0.00
    0.00      0.00
    0.00      0.00
    0.00      0.00
    0.00      0.00
    0.00      0.00
    0.00      0.00
    0.00      0.00
    0.00      0.00
    0.00      0.00
    0.00      0.00
    0.00      0.00
    0.00      0.00
    0.00      0.00
    0.00      0.00
    0.00      0.00
    0.00      0.00
    0.00      0.00
    0.00      0.00
    0.00      0.00
    0.00      0.00
    0.00      0.00
    0.00      0.00
    0.00      0.00
    0.00      0.00
    0.00      0.00
    0.00      0.00
    0.00      0.00
    0.00      0.00
    0.00      0.00
    0.00      0.00
    0.00      0.00
    0.00      0.00
    0.00      0.00
    0.41      0.00
    0.00      0.00
    0.00      0.00
    0.00      0.00
    0.00      0.00
    0.00      0.00
    0.00      0.00
    0.00      0.00
    0.00      0.00
    0.00      0.00
    0.00      0.00
    0.00      0.00
    0.00      0.00
    0.00      0.00
    0.00      0.00
    0.00      0.00
    0.00      0.00
    0.00      0.00
    0.00      0.00
    0.00      0.00
    0.00      0.00
    0.00      0.00
    0.00      0.00
    0.00      0.00
    0.00      0.00
    0.00      0.00
    0.00      0.00
    0.00      0.00
    0.00      0.00
    0.00      0.00
    0.00      0.00
    0.00      0.00
    0.00      0.00
    0.00      0.00
    0.00      0.00
    0.00      0.00
    0.00      0.00
    0.00      0.00
    0.00      0.00
    0.00      0.00
    0.00      0.00
    0.00      0.00
    0.00      0.00
    0.68      0.00
    0.00      0.00
    0.00      0.00
    0.00      0.00
    0.00      0.00
    0.00      0.00
    0.00      0.00
    0.00      0.00
    0.00      0.00
    0.00      0.00
    0.00      0.00
    0.00      0.00
    0.00      0.00
    0.00      0.00
    0.00      0.00
    0.00      0.00
    0.00      0.00
    0.00      0.00
    0.00      0.00
    0.00      0.00
    0.00      0.00
    0.00      0.00
    0.00      0.00
    0.00      0.00
    0.00      0.00
    0.00      0.00
    0.00      0.00
    0.00      0.00
    0.00      0.00
    0.00      0.00
    0.00      0.00
    0.00      0.00
    0.00      0.00
    0.00      0.00
    0.00      0.00
    0.00      0.00
    0.00      0.00
    0.00      0.00
    0.00      0.00
    0.00      0.00
    0.00      0.00
    0.00      0.00
    0.00      0.00
    0.00      0.00
    0.00      0.00
    0.00      0.00
    0.00      0.00
    0.00      0.00
    0.00      0.00
    0.00      0.00
    0.00      0.00
    0.00      0.00
    0.00      0.00
    0.00      0.00
    0.00      0.00
    0.00      0.00
    0.00      0.00
    0.00      0.00
    0.00      0.00
    0.00      0.00
    0.00      0.00
    0.00      0.00
    0.00      0.00
    0.00      0.00
    0.00      0.00
    0.00      0.00
    0.00      0.00
    0.00      0.00
    0.00      0.00
    0.00      0.00
    0.00      0.00
    0.00      0.00
    0.00      0.00
    0.00      0.00
    0.00      0.00
    0.00      0.00
    0.00      0.00
    0.00      0.00
    0.00      0.00
    0.00      0.00
    0.00      0.00
    0.00      0.00
    0.00      0.00
    0.00      0.00
    0.00      0.00
    0.00      0.00
    0.00      0.00
    0.00      0.00
    0.00      0.00
    0.00      0.00
    0.00      0.00
    0.00      0.00
    0.00      0.00
    0.00      0.00
    0.00      0.00
    0.00      0.00
    0.00      0.00
    0.00      0.00
    0.00      0.00
    0.00      0.00
    0.00      0.00
    0.00      0.00
    0.00      0.00
    0.00      0.00
    0.00      0.00
    0.00      0.00
    0.00      0.00
    0.00      0.00
    0.00      0.00
    0.00      0.00
    0.00      0.00
    0.00      0.00
    0.00      0.00
    0.00      0.00
    0.00      0.00
    0.00      0.00
    0.00      0.00
    0.00      0.00
    0.00      0.00
    0.00      0.00
    0.00      0.00
    0.00      0.00
    0.00      0.00
    0.00      0.00
    0.00      0.00
    0.00      0.00
    0.00      0.00
    0.00      0.00
    0.00      0.00
    0.00      0.00
    0.00      0.00
    0.00      0.00
    0.00      0.00
    0.00      0.00
    0.00      0.00
    0.00      0.00
    0.00      0.00
    0.00      0.00
    0.00      0.00
    0.00      0.00
    0.00      0.00
    0.00      0.00
    0.00      0.00
    0.00      0.00
    0.00      0.00
    0.00      0.00
    0.00      0.00
    0.00      0.00
    0.00      0.00
    0.00      0.00
    0.00      0.00
    0.00      0.00
    0.00      0.00
    0.00      0.00
    0.00      0.00
    0.00      0.00
    0.00      0.00
    0.00      0.00
    0.00      0.00
    0.00      0.00
    0.00      0.00
    0.00      0.00
    0.00      0.00
    0.00      0.00
    0.00      0.00
    0.00      0.00
    0.00      0.00
    0.00      0.00
    0.00      0.00
    0.00      0.00
    0.00      0.00
    0.00      0.00
    0.00      0.00
    0.00      0.00
    0.00      0.00
    0.00      0.00
    0.00      0.00
    0.00      0.00
    0.00      0.00
    0.00      0.00
    0.00      0.00
    0.00      0.00
    0.00      0.00
    0.00      0.00
    0.00      0.00
    0.00      0.00
    0.00      0.00
    0.00      0.00
    0.00      0.00
    0.00      0.00
    0.00      0.00
    0.00      0.00
    0.00      0.00
    0.00      0.00
    0.00      0.00
    0.00      0.00
    0.00      0.00
    0.00      0.00
    0.00      0.00
    0.00      0.00
    0.00      0.00
    0.00      0.00
    0.00      0.00
    0.00      0.00
    0.00      0.00
    0.00      0.00
    0.00      0.00
    0.00      0.00
    0.00      0.00
    0.00      0.00
    0.00      0.00
    0.00      0.00
    0.00      0.00
    0.00      0.00
    0.00      0.00
    0.00      0.00
    0.00      0.00
    0.00      0.00
    0.00      0.00
    0.00      0.00
    0.00      0.00
    0.00      0.00
    0.00      0.00
    0.00      0.00
    0.00      0.00
    0.00      0.00
    0.00      0.00
    0.00      0.00
    0.00      0.00
    0.00      0.00
    0.00      0.00
    0.00      0.00
    0.00      0.00
    0.00      0.00
    0.00      0.00
    0.00      0.00
    0.00      0.00
    0.00      0.00
    0.00      0.00
    0.00      0.00
    0.00      0.00
    0.00      0.00
    0.00      0.00
    0.00      0.00
    0.00      0.00
    0.00      0.00
    0.00      0.00
    0.00      0.00
    0.00      0.00
    0.00      0.00
    0.00      0.00
    0.00      0.00
    0.00      0.00
    0.00      0.00
    0.00      0.00
    0.00      0.00
    0.00      0.00
    0.00      0.00
    0.00      0.00
    0.00      0.00
    0.00      0.00
    0.00      0.00
    0.00      0.00
    0.00      0.00
    0.00      0.00
    0.00      0.00
    0.00      0.00
    0.00      0.00
    0.00      0.00
    0.00      0.00
    0.00      0.00
    0.00      0.00
    0.00      0.00
    0.00      0.00
    0.00      0.00
    0.00      0.00
    0.00      0.00
    0.00      0.00
    0.00      0.00
    0.00      0.00
    0.00      0.00
    0.00      0.00
    0.00      0.00
    0.00      0.00
    0.00      0.00
    0.00      0.00
    0.00      0.00
    0.00      0.00
    0.00      0.00
    0.00      0.00
    0.00      0.00
    0.00      0.00
    0.00      0.00
    0.00      0.00
    0.00      0.00
    0.00      0.00
    0.00      0.00
    0.00      0.00
    0.00      0.00
    0.00      0.00
    0.00      0.00
    0.00      0.00
    0.00      0.00
    0.00      0.00
    0.00      0.00
    0.00      0.00
    0.00      0.00
    0.00      0.00
    0.00      0.00
    0.00      0.00
    0.00      0.00
    0.00      0.00
    0.00      0.00
    0.00      0.00
    0.00      0.00
    0.00      0.00
    0.00      0.00
    0.00      0.00
    0.00      0.00
    0.00      0.00
    0.00      0.00
    0.00      0.00
    0.00      0.00
    0.00      0.00
    0.00      0.00
    0.00      0.00
    0.00      0.00
    0.00      0.00
    0.00      0.00
    0.00      0.00
    0.00      0.00
    0.00      0.00
    0.00      0.00
    0.00      0.00
    0.00      0.00
    0.00      0.00
    0.00      0.00
    0.00      0.00
    0.00      0.00
    0.00      0.00
    0.00      0.00
    0.00      0.00
    0.00      0.00
    0.00      0.00
    0.00      0.00
    0.00      0.00
    0.00      0.00
    0.00      0.00
    0.00      0.00
    0.00      0.00
    0.00      0.00
    0.00      0.00
    0.00      0.00
    0.00      0.00
    0.00      0.00
    0.00      0.00
    0.41     26.18
    0.00      0.00
   25.76     46.29
   46.99     28.89
    0.00     25.74
   54.67     21.32
   25.63      3.07
    9.60      0.00
    1.58      0.00
    0.00      0.00
    0.00      1.11
    0.00      0.00
   25.77      0.81
 1034.40    688.79
 1054.56    558.29
  579.71    397.08
 1120.61    510.46
  262.20   1606.41
  287.38    355.30
 1144.43   1811.22
  495.43    361.10
  551.55    205.17
  452.39     90.46
   81.06      3.14
   18.62      0.00
   11.27      0.00
    0.87      0.00
    0.00      0.00
    0.00      0.00
    0.00      0.00
    0.00      0.00
    0.00      0.00
    0.00      0.00
    0.00      0.00
    0.00      0.00
    0.00      0.00
    0.00      0.00
    0.00      0.00
    0.00      0.00
    0.00      0.00
    0.00      0.00
    0.00      0.00
    0.00      0.00
    0.00      0.00
    0.00      0.00
    0.00      0.00
    0.00      0.00
    0.00      0.00
    0.00      0.00
    0.00      0.00
    0.00      0.00
    0.00      0.00
    0.00      0.00
    0.41      0.41
    0.00      0.00
    0.00      0.00
    0.00      0.00
    0.00      0.00
    0.00      0.00
    0.00      0.00
    0.00      0.00
    0.00      0.00
    0.00      0.00
    0.00      0.00
    0.00      0.00
    0.00      0.00
    0.00      0.00
   15.11      0.71
    0.00      0.00
    0.00    100.64
   72.73    274.72
  175.74    108.65
  337.66    278.84
  182.41    106.52
   82.80      7.19
   18.03      0.72
    0.72      0.00
    2.14      0.00
    0.00      0.00
    0.00      0.00
    0.00      0.00
    0.00      0.00
    0.00      0.00
    0.00      0.00
    0.00      0.00
    0.00      0.00
    0.00      0.00
    0.00      0.00
    0.00      0.00
    0.00      0.00
    0.00      0.00
    0.00      0.00
    0.00      0.00
    0.00      0.00
    0.00      0.00
    0.00      0.00
    0.00      0.00
    0.00      0.00
    0.00      0.00
    0.00      0.00
    0.00      0.00
    0.00      0.00
    0.00      0.00
    0.00      0.00
    0.00      0.00
    0.00      0.00
    0.00      0.00
    0.00      0.00
    0.00      0.00
    0.00      0.00
    0.00      0.00
    0.00      0.00
   92.10    146.69
  124.74    174.99
  141.98    225.65
  137.58    182.40
  152.68     89.51
  160.60     44.65
  146.75    102.50
   88.83     51.56
  130.35     98.73
  118.85    205.46
  132.56    226.56
  184.61    255.79
  318.12    132.21
  158.47     67.95
   79.78     48.77
   19.17      0.74
    0.72      0.00
    2.90      0.00
    0.72      0.00
    0.00      0.00
    0.00      0.00
    0.00      0.00
    0.00      0.00
    0.00      0.00
    0.00      0.00
    0.00      0.00
    0.00      0.00
    0.00      0.00
    0.00      0.00
    0.00      0.00
    0.00      0.00
    0.00      0.00
    0.00      0.00
    0.00      0.00
    0.00      0.00
    0.00      0.00
    0.00      0.00
    0.00      0.00
    0.00      0.00
    0.00      0.00
    0.00      0.00
    0.00      0.00
    0.00      0.00
    0.00      0.00
    0.00      0.00
    0.00      0.00
    0.00      0.00
    0.00      0.00
    0.00      0.00
    0.00      0.00
    0.00      0.00
    0.00      0.00
    0.00      0.00
    0.00     15.00
   29.37     15.92
   15.74     15.15
    0.71      0.00
    0.72     28.74
   14.37     30.19
   45.26     62.33
   43.90    104.59
   77.54    108.03
  121.14    228.86
  183.84    189.16
  371.25    151.80
   19.32     47.24
   37.21     16.51
   94.38     48.60
    0.00      0.00
    0.72      0.00
    2.92      0.00
    0.72      0.00
    0.00      0.00
    0.00      0.00
    0.00      0.00
    0.00      0.00
    0.00      0.00
    0.00      0.00
    0.00      0.00
    0.00      0.00
    0.00      0.00
    0.00      0.00
    0.00      0.00
    0.00      0.00
    0.00      0.00
    0.00      0.00
    0.00      0.00
    0.41      0.00
    0.00      0.00
    0.00      0.00
    0.00      0.00
    0.00      0.00
    0.00      0.00
    0.00      0.00
    0.00      0.00
    0.00      0.00
    0.00      0.00
    0.00      0.00
    0.00      0.00
   60.08     92.18
  103.74    153.00
  207.34    203.08
   93.34    147.14
  218.13    152.71
  113.51     29.92
  136.25     38.96
  114.10     87.68
   79.32     69.91
   30.14      7.73
   53.77     76.34
   56.41     82.63
   86.19     62.99
   76.72    133.38
   78.07     92.38
  137.37    236.67
  132.42     53.35
  248.00    114.55
   48.92     93.68
   33.78     17.35
    4.32      0.00
   94.30     51.88
    0.72      0.00
    0.00      0.00
    2.89      0.00
    0.00      0.00
    0.00      0.00
    0.00      0.00
    0.00      0.00
    0.00      0.00
    0.00      0.00
    0.00      0.00
    0.00      0.00
    0.00      0.00
    0.00      0.00
    0.00      0.00
    0.00      0.00
    0.00      0.00
    0.00      0.00
    0.00      0.00
    0.00      0.00
    0.00      0.00
    0.00      0.00
    0.00      0.00
    0.00      0.00
    0.00      0.00
    0.00      0.00
    0.00      0.00
    0.00      0.00
    0.00      0.00
    0.00      0.00
    0.00      0.00
    0.00      0.00
    0.00      0.65
    0.00     14.37
   30.18     16.56
    1.36     44.55
   15.71     29.42
   60.56      2.88
    0.00     15.09
   14.99     15.05
   29.45     15.88
    1.37     47.00
    2.16      1.31
   93.71     65.73
    0.72     32.59
   21.21      8.83
   42.39     10.78
    5.70      6.42
   10.34      6.22
    4.84      4.26
    0.72      1.31
    3.47      1.44
    1.37      0.72
    4.05      4.19
    0.00      0.00
    0.00      0.00
    1.44      0.00
    0.00      0.00
    0.00      0.00
    0.00      0.00
    0.00      0.00
    0.00      0.00
    0.00      0.00
    0.00      0.00
    0.00      0.00
    0.00      0.00
    0.00      0.00
    0.00      0.00
    0.00      0.00
    0.00      0.00
    0.00      0.00
    0.00      0.00
    0.00      0.00
    0.00      0.00
    0.00      0.00
    0.00      0.00
    0.00      0.00
    0.00      0.00
    0.00      0.00
   46.63     79.41
  134.30    205.03
   81.64    134.98
  162.48    233.77
   82.98     99.62
  111.38     71.24
  138.18     78.89
   90.58     83.28
   75.65     92.26
  202.77     83.89
   80.18     47.46
   79.98     79.94
   53.77     34.39
   42.72     20.14
   13.26     50.02
   33.10     17.91
   48.36     36.94
   35.70     52.24
    6.08      4.84
   28.19     12.43
   17.25      4.91
    4.91      2.09
    4.19      4.05
    1.13      1.06
    3.47      2.03
    2.09      1.44
    0.00      0.00
    3.40      3.47
    0.00      0.00
    0.00      0.00
    1.44      0.00
    0.00      0.00
    0.00      0.00
    0.00      0.00
    0.00      0.00
    0.00      0.00
    0.00      0.00
    0.00      0.00
    0.00      0.00
    0.00      0.00
    0.00      0.00
    0.00      0.00
    0.00      0.00
    0.00      0.00
    0.00      0.00
    0.00      0.00
    0.00      0.00
    0.00      0.00
    0.00      0.00
    0.00      0.00
    0.00      0.00
    0.00      0.00
    0.00      0.00
    0.00      0.00
   14.38     15.74
    0.65      0.00
   15.82     44.55
    0.74     29.35
   47.31      2.15
   16.52     47.11
   28.74     45.90
   75.04     32.17
   45.93     29.58
    1.37     16.37
   17.17      2.68
   19.27     17.16
    0.65      4.57
    6.87      6.22
   18.54     21.81
    6.15     10.79
    8.30      2.82
    8.31      5.63
    6.30      3.53
    2.75      2.09
    2.68      4.12
    0.72      1.31
    0.00      0.00
    3.47      2.09
    2.09      0.72
    0.00      0.00
    1.96      0.65
    0.72      2.16
    0.00      0.00
    0.00      0.00
    0.72      0.00
    0.00      0.00
    0.00      0.00
    0.00      0.00
    0.41      0.00
    0.00      0.00
    0.00      0.00
    0.00      0.00
    0.00      0.00
    0.00      0.00
    0.00      0.00
    0.00      0.00
    0.00      0.00
    0.00      0.00
    0.00      0.00
   15.59     26.52
   62.42    106.83
  193.54    249.88
   47.73     75.26
  164.57    178.07
   93.84     75.95
   88.06     94.03
   89.34     28.04
    2.15     16.69
  110.83    107.55
  106.10     92.44
   44.16      0.72
   73.32    118.08
  153.62     92.33
   72.00     20.38
   44.09     48.72
    5.48      4.91
   17.34      1.96
   47.26     35.90
    6.15      2.82
    5.50      4.84
   19.16     23.49
    6.80      7.52
    6.15      6.29
    4.19      3.47
    3.54      2.03
    3.47      2.09
    2.68      1.31
    1.44      3.47
    0.00      0.65
    1.44      0.00
    2.82      2.03
    0.00      0.00
    0.00      0.00
    1.37      0.65
    1.37      1.44
    0.00      0.00
    0.00      0.00
    0.72      0.00
    0.00      0.00
    0.00      0.00
    0.00      0.00
    0.00      0.00
    0.00      0.00
    0.00      0.00
    0.00      0.00
    0.00      0.00
    0.00      0.00
    0.00      0.00
    0.00      0.00
    0.00      0.00
    0.00      0.00
    0.00      0.00
    0.00      0.00
    0.00      0.65
   15.02     15.82
    1.36     15.09
   15.91     28.74
   44.52     32.23
   16.53      2.16
    2.09      2.03
   17.02     32.14
   15.09     30.07
   16.47      2.68
   30.80     45.96
   47.22     33.61
   16.54      3.40
   20.61     17.15
   15.00     33.35
    3.34      6.15
   36.65     19.69
    6.28      4.77
    4.19      4.63
    4.12      3.40
    6.94      4.91
    4.84      3.54
    3.40      4.12
    1.37      2.03
    2.68      2.09
    2.16      0.72
    2.03      2.75
    2.03      2.10
    1.44      0.00
    0.00      0.00
    2.03      1.44
    0.00      0.65
    0.00      0.00
    0.00      0.00
    2.03      2.10
    0.00      0.00
    0.00      0.00
    0.72      0.00
    0.00      0.00
    0.00      0.00
    0.00      0.00
    0.00      0.00
    0.00      0.00
    0.00      0.00
    0.00      0.00
    0.00      0.00
   78.02    132.54
  112.02    144.59
   76.64    157.82
   93.31    199.25
  179.05    204.57
  116.32     59.80
  224.35     89.88
   62.22     51.07
   76.07     63.91
   86.57     59.88
   92.02     35.89
   44.67     31.64
   38.96     34.11
   54.97     78.21
   19.41      1.43
   29.69      6.86
   28.63     31.39
   52.64     58.46
   42.71      3.58
   61.54     80.40
   20.01     35.52
   46.72     23.21
    6.93      2.88
    4.12      4.84
    5.29      8.24
    3.47      0.72
    2.82      4.12
    4.10      2.73
    2.82      2.03
    1.37      2.09
    2.68      2.75
    2.16      1.37
    2.03      2.75
    0.72      0.00
    1.44      1.31
    0.72      0.00
    0.65      0.00
    1.44      0.72
    0.00      0.65
    0.00      0.00
    0.00      0.00
    2.03      2.09
    0.00      0.00
    0.00      0.00
    0.72      0.00
    0.00      0.00
    0.00      0.00
    0.00      0.00
    0.00      0.00
    0.00      0.00
    0.00      0.00
    0.00      0.65
    0.00      0.00
    0.00      0.00
    0.00      0.00
    0.74      0.00
    0.65      0.72
   29.36     45.16
    2.07     29.45
   43.11     45.86
   33.68     34.10
   60.98     45.95
   17.14      1.44
   16.60      1.37
    1.31     18.44
   16.44     17.67
   18.68      1.36
    2.09      2.03
    3.47     17.10
    2.68      4.71
   17.66      5.56
    4.84     20.36
   20.94     21.87
   36.60     19.28
    1.37      4.64
    6.35      2.82
    4.84      2.75
    4.12      3.54
    1.37      2.03
    2.68      2.09
    2.09      2.09
    2.03      2.68
    1.31      1.37
    2.75      2.88
    2.75      1.31
    0.72      1.44
    0.00      0.00
    2.10      1.37
    0.00      0.00
    0.65      0.72
    0.72      0.00
    0.00      0.65
    0.00      0.00
    0.00      0.00
    2.03      2.09
    0.00      0.00
    0.00      0.00
    0.72      0.00
    0.00      0.00
    0.00      0.00
  134.28    204.25
   72.65    100.00
   25.63    206.66
   86.75    185.76
  188.01    189.98
   89.16     40.37
  181.96     80.83
  115.65    106.23
  113.44     54.61
  124.15    109.99
  126.73    107.12
  107.26     69.86
   79.42     48.57
  105.27     78.55
   23.17      8.37
   27.95      3.69
   20.54     35.09
    1.31      2.10
   17.53      4.11
    1.44      1.96
    3.47     17.13
    4.77      5.49
   21.16      7.59
    1.96     20.03
   22.08     17.88
    4.70      4.91
    4.71      4.84
    2.16      2.03
    3.41      2.82
    2.16      0.65
    2.03      2.68
    2.03      2.09
    1.44      0.72
    2.75      3.33
    1.96      2.09
    0.72      1.44
    2.16      0.65
    2.03      2.75
    0.00      0.00
    1.46      0.65
    0.72      0.00
    0.00      0.00
    1.37      0.72
    0.00      0.00
    0.00      0.65
    0.00      0.00
    0.00      0.00
    2.03      2.09
    0.00      0.00
    0.00      0.00
    0.72      0.00
    0.00      0.65
    0.00      0.00
    0.00      0.00
    0.74      0.00
    0.00      0.00
    0.65      0.72
    0.00     14.37
    0.65     29.47
   15.02     31.44
   60.46     18.00
   31.46     48.59
   30.28     31.48
   19.24     32.15
   32.57     17.59
   60.81     62.21
   35.10      5.42
    2.16      3.40
    4.97     17.02
    4.91      1.44
   19.04      5.42
    2.68      4.19
    3.54      5.36
    2.03      3.40
    7.52      6.87
    4.85      4.12
   17.92     19.87
    4.91      1.44
    5.56      2.03
    2.75      1.44
    2.10      2.82
    0.00      0.65
    3.33      3.47
    1.37      2.75
    1.44      0.65
    1.37      2.03
    2.03      1.44
    2.75      2.09
    1.13      0.00
    2.68      2.75
    0.00      0.72
    0.72      0.00
    0.72      0.65
    0.00      0.00
    0.00      0.00
    1.37      0.72
    0.00      0.00
    0.00      0.65
    0.00      0.00
    0.00      0.00
   47.08     78.74
  129.92    205.68
   26.54     79.56
   86.99    224.66
  108.42    106.34
   82.45     22.01
  108.89     63.14
   60.28     28.72
   55.11     43.83
  110.22     70.87
   51.87    116.07
  218.11    143.74
   66.17     89.06
  118.78     34.90
   52.53     62.75
   64.38     60.60
   18.53     18.66
   54.45     34.33
   47.51     20.01
    4.71      4.91
    2.16     18.43
    1.43      1.96
   23.47      4.25
    3.33      5.43
    4.64      6.28
    2.82      2.10
    7.52      4.84
    1.37      3.47
    5.29      6.28
    2.16      0.72
    2.17      1.31
    3.47      1.44
    0.65      2.03
    0.00      1.96
    2.68      2.16
    3.47      2.02
    1.37      2.10
    0.72      0.65
    1.37      1.37
    2.75      2.03
    0.72      0.72
    1.31      1.31
    1.44      1.44
    0.72      0.00
    0.72      0.00
    0.00      0.65
    0.00      0.00
    0.65      0.00
    0.72      0.72
    0.00      0.00
    0.00      0.65
    0.00      0.65
    0.00      0.00
    2.03      2.09
    0.74      0.00
    0.65      0.72
    0.72      0.00
    0.00      0.00
   15.02     15.15
    1.44     15.03
   15.74     15.15
   58.21     75.39
   14.38     16.48
   46.57     32.89
    6.26     34.11
   47.16     18.38
   48.36     33.34
   19.35     49.23
    4.21      4.05
   19.34      4.77
   34.88     17.20
    4.77      2.75
    4.05      7.59
    4.91      4.70
    2.82      3.98
    6.80      3.55
    4.12      6.80
    3.53      0.72
    4.19      4.64
    1.37      2.09
    6.22      4.26
    0.72      1.31
    2.75      1.44
    1.44      0.00
    1.31      2.03
    0.65      2.68
    2.75      2.82
    2.03      2.09
    1.85      0.41
    2.09      1.37
    0.65      0.72
    1.37      0.72
    1.31      2.10
    0.00      0.65
    1.31      2.10
    0.72      0.00
    1.44      0.00
    0.00      0.00
    0.00      0.63
  114.05     73.58
   74.96    195.40
   41.48    103.09
   38.66    220.69
  133.87    164.85
  104.46     78.09
  145.90     81.71
  148.65     93.14
  163.48     89.66
  103.28     38.33
   57.77     48.87
   67.94     30.23
    2.89     14.80
   50.90     38.59
   83.92    103.84
  100.33     66.67
   52.11     27.00
   13.65     34.10
   48.81     19.96
   32.96     34.39
   20.52     32.77
   21.69      7.66
    3.54      6.08
   33.08     17.92
    7.59      4.26
    4.12      3.40
    4.64      6.80
    2.61      4.91
    7.01      4.28
   31.27     24.74
    0.72      0.00
   26.81     17.25
   21.30     17.24
    5.05      3.40
    2.02      0.00
    2.16      2.10
    0.00      0.00
    0.65      2.03
    2.69      2.68
    2.75      3.54
    2.10      2.03
    0.72      0.00
    0.72      0.65
    1.44      0.65
    1.37      0.72
    0.00      0.00
    1.37      1.37
    1.31      2.75
    0.72      0.00
    1.44      0.00
    0.00      0.00
    0.00      0.65
    0.00      0.00
    0.00      0.00
    1.37      1.37
    0.65      0.74
    0.65      0.72
    0.74     15.03
    0.00     14.37
    0.65     15.09
   47.29     32.89
   46.78     45.97
   15.03      1.43
   17.32     15.09
    0.00      0.65
   30.07     33.44
   45.73     78.03
   49.97     19.15
   22.89      4.07
   19.21     21.31
    2.88      3.98
    5.56     19.05
    4.85      3.47
   23.23      5.56
    2.68      7.66
    4.78      4.06
    3.61      4.71
    3.55      3.26
    7.52      6.22
    4.13      4.85
    4.19      2.82
    4.92      4.71
    0.00      0.65
    5.56      2.16
   15.51     16.23
    1.37      2.68
    3.46      1.44
    0.00      0.00
    1.37      0.72
    0.65      3.33
    2.61      2.75
    3.29      1.85
    3.40      2.81
    0.00      0.00
    0.72      0.65
    0.00      0.00
    1.37      0.72
    0.00      0.00
    0.00      0.65
    1.96      2.75
  111.86    167.46
   59.80     99.31
   52.25    203.29
   92.55    199.42
   31.27     39.46
   73.42     92.19
   96.11    178.91
  140.88    162.34
   77.68     37.82
  159.28     73.43
  129.10    125.38
  129.96     78.20
  114.50     82.76
   93.56     15.14
   88.22     79.35
   33.56     24.81
   33.18     10.14
   64.99     63.47
   47.66     64.80
   35.82     22.13
   18.06      4.19
    7.45      6.29
    3.40      4.19
    2.10     20.46
    4.98      3.98
   23.84      9.15
    3.54      1.44
    6.08      6.22
    3.40      4.77
    4.12      4.19
    4.77      4.12
    4.13      4.19
    4.05      2.10
    3.40      4.19
    1.37      1.44
    2.16      0.00
   14.99     17.01
    3.40      2.75
    0.71      0.72
    0.00      0.00
    2.75      2.68
    0.65      1.37
    3.40      4.84
    2.09      0.65
    1.44      0.72
    1.37      0.65
    0.72      0.72
    0.00      0.00
    0.00      0.00
    0.72      0.00
    0.00      0.00
    1.96      2.68
    0.00      1.44
    0.00      0.00
    2.18      0.00
    0.00      0.00
    1.36      1.37
    0.00      0.65
    0.65      0.72
    0.65      1.37
    2.09      0.72
    0.00     15.00
   43.79     58.94
   30.72     76.62
   28.78     45.83
   45.94     17.17
   63.41     36.14
   18.64      4.11
   16.97     16.16
   21.34      5.35
   18.40     34.24
    5.56      7.32
   19.41      6.87
    9.91      2.88
    6.08      4.91
    2.03      5.94
    3.33      4.19
    7.01      8.17
    3.47      3.33
    8.38      5.56
    5.43      6.15
    3.54      1.37
    2.82      3.33
    2.82      3.40
    2.68      2.75
    4.91      2.16
    1.44      0.00
   15.83     17.13
    1.72      0.00
    2.15      1.44
    1.31      2.75
    0.00      0.00
    2.75      2.68
    0.65      2.10
    2.68      2.82
    3.47      2.03
    0.72      0.72
    0.72      0.00
    1.36      0.00
   31.19     53.69
   96.53    118.16
   78.09    184.75
   46.14    150.39
   64.79    129.95
   82.21     89.24
   83.15     95.28
  141.00     80.04
  113.58     69.06
   75.22     32.53
   80.50     39.05
    6.96      2.79
  153.92     97.29
    3.46     17.93
  179.61    138.62
   99.88     60.84
   37.72     68.06
   95.61    100.08
   57.70     37.17
   79.35     41.54
   32.71      4.90
   19.89     16.50
   19.94      4.11
   20.98     37.92
    6.11      8.97
   20.54      6.80
    6.42      3.40
    5.50      3.40
    4.05      5.56
    7.52      4.26
    5.36      7.59
    0.65      5.43
    6.80      4.19
    6.94      4.91
    2.10      1.44
    3.40      2.68
    2.68      3.54
    1.31      1.44
    3.54      2.10
    0.00      0.00
    0.65      2.68
    3.47      2.10
    0.72      0.00
    1.30      2.03
    0.72      1.37
    2.03      1.31
    2.03      3.47
    2.82      2.09
    2.03      1.37
    1.44      1.37
    0.72      0.00
    0.00      0.00
    0.72      0.65
    0.00      0.00
    0.65      0.00
    0.74      0.72
    0.00      0.00
    1.37      2.68
    0.65      0.72
    1.37     15.08
    1.44     15.03
   29.40     15.86
   15.88      0.72
    0.00     15.02
   15.15     29.38
   31.47     32.03
   33.08     17.86
   15.09     16.46
   44.47     48.52
   47.84     37.68
   64.21     62.67
    5.71      3.40
   32.19     18.64
    5.70      4.57
    6.94      6.22
    8.38      6.73
    7.97      7.14
   20.54      6.71
    3.92      6.22
    6.29      6.08
    2.16      3.98
    9.03      3.47
    4.91      4.77
    3.99      7.59
    4.26      1.37
    4.84      4.77
    2.10      2.68
    2.03      1.37
    4.67      2.10
    1.44      0.00
    1.37      0.72
    0.65      1.96
    1.96      3.54
    2.09      1.37
    1.44      0.00
    1.37      1.37
    1.31      1.37
    0.65      2.68
    2.68      2.09
    3.52      2.80
   16.77     26.82
  146.35    224.71
   18.05     53.70
   20.52    244.78
   42.45     49.10
  156.40    149.93
   43.60     27.86
  163.50    120.96
   13.01      2.10
   98.67     43.16
   11.92      5.40
  132.84     97.11
   50.98     54.45
  147.39     91.25
   87.59     98.45
  108.22     54.89
   61.31     83.94
  136.87     96.30
  101.21     91.23
   42.44     19.01
   33.93     23.19
   47.47     35.24
   47.30     47.43
   18.44     18.70
   21.27      6.35
    4.13      3.98
    6.16     10.21
    8.98      7.01
    7.01      3.99
    3.40      4.85
    7.53      4.99
    7.46      8.38
    2.03      3.33
    5.50      5.50
    5.36      4.26
    4.91      4.19
    1.44      0.65
    4.05      4.12
    2.61      3.54
    2.82      1.44
    0.72      0.65
    0.72      0.00
    1.37      2.03
    1.31      0.65
    3.40      3.54
    0.00      1.37
    0.72      0.65
    1.44      0.00
    2.03      3.40
    1.31      2.75
    2.75      2.09
    2.81      1.37
    0.00      1.31
    0.72      0.00
    0.72      0.00
    1.46      0.00
    0.65      1.37
    0.72     14.37
    0.65      0.72
    0.00      0.65
   16.55      1.44
    0.00      0.00
    0.00     14.37
    0.65     30.73
   45.17     18.59
   19.28     46.00
    2.09     31.46
   61.50     60.67
   44.60     34.29
   17.14     17.02
   16.52     35.85
   49.89      4.19
   20.29      5.83
    3.46      4.12
   17.85     19.86
    6.35      4.05
    6.22      6.15
    6.10      4.98
    7.52      8.89
    5.36      5.56
    7.02      7.52
    2.82      7.25
    7.60      2.82
    5.63      4.12
    6.22      6.14
    4.05      5.56
    4.91      2.09
    4.19      4.71
    0.72      1.31
    4.12      2.09
    2.16      0.72
    1.37      1.37
    1.37      1.37
    0.00      0.65
    2.09      2.68
    3.40      2.16
    1.44      0.00
    1.31      2.09
    1.06      1.78
   15.44     26.23
   77.64     81.07
   65.08    187.49
    1.41    126.14
   86.23    187.29
   63.53     30.63
   50.19     69.65
   38.46     36.49
   59.60     57.81
  113.17    102.10
   63.50     37.63
  146.30    126.80
   68.27     70.62
   95.11     72.62
   51.48     41.02
   81.73     90.17
   73.82     57.91
  100.63     47.19
   33.32    102.83
   82.14     72.11
   61.64     61.66
   77.28     28.24
   22.04     34.06
   16.55     34.48
   46.48      4.11
   21.83      6.29
    8.89      8.51
    1.96      4.12
    3.54      4.64
    4.78      6.15
    5.50      4.71
    8.90      6.94
    6.22      5.63
    7.45      6.28
    5.43      6.28
    4.19      7.39
    3.99      3.54
    7.66      4.84
    3.47      3.47
    2.68      1.44
    4.84      4.84
    1.96      2.16
    1.44      0.00
    0.72      0.65
    0.00      0.00
    0.65      2.03
    2.03      3.40
    4.05      2.16
    1.44      1.37
    0.72      0.65
    0.72      0.00
    1.37      1.37
    1.96      2.03
    0.00      2.09
    2.68      4.12
    2.18      1.31
    2.09      0.72
    2.16      0.65
    0.72      0.00
    1.31      1.44
    0.72      0.65
    0.65     15.10
   14.37     15.83
    0.71     14.79
   44.97     30.81
    0.00      0.00
    1.37     15.03
   75.21     77.87
   17.01      4.98
   35.08     16.46
   15.00     46.87
    2.08     16.95
   47.51     35.92
   18.51      2.73
   22.20     32.27
    1.37      5.94
   32.91      9.35
    8.97      2.82
    7.87      4.98
    5.43      4.19
    2.68      3.40
    3.40      6.08
    6.73      8.96
    6.21      8.17
    7.79      5.42
    6.22      2.82
    2.82      4.64
    6.66      8.96
    5.63      3.54
    4.19      1.31
    4.84      6.15
    1.37      3.40
    5.56      2.16
    2.16      0.00
    0.72      0.00
    0.00      0.00
    0.00      1.31
    0.00      1.96
    2.67      2.02
    4.19      2.88
   49.52     81.68
   78.14    134.04
   57.28    151.12
    0.72    127.16
   62.12    106.09
   81.50     70.63
  146.82     97.94
   27.54     92.87
   71.66     62.87
   25.65     14.54
   57.74     33.67
   72.94     25.49
   61.74     45.83
   34.58      8.22
   57.28     83.98
   52.05      2.95
   48.60     30.21
   74.68     89.13
   86.31     47.17
  103.21     92.88
   81.61     21.96
   46.99     23.23
   53.14     50.89
   60.03     67.23
   79.98     71.46
   11.78      3.04
   55.93     24.95
    7.38      9.75
   21.32      8.97
    4.64      4.85
    6.42      4.12
    2.09      2.03
    3.40      6.08
    7.52      4.91
    8.83      8.32
    3.33      6.28
    6.28      4.77
    3.40      5.36
    6.87      4.26
    4.05      4.91
    5.56      4.12
    2.09      1.31
    4.64      6.94
    4.78      3.61
    3.61      0.00
    0.00      0.00
    0.00      0.00
    0.00      0.00
    0.65      2.03
    0.65      2.03
    2.75      3.42
    1.37      0.65
    3.54      1.44
    0.00      0.00
    1.96      2.82
    0.72      0.00
    0.00      1.31
    2.03      2.68
    2.75     17.13
    2.79      2.77
    2.09      1.37
   18.71      2.16
    0.00     28.75
   15.17      0.72
   14.43     30.08
   30.09     32.90
    2.88      0.00
   31.61     16.54
   16.81     17.09
   46.52     48.12
    0.72     14.99
   46.40     20.50
   17.55     34.32
   20.72      3.39
    2.90     18.37
   35.13     18.70
   33.78     35.08
    2.09      6.01
    9.10      6.80
    4.26      2.61
    7.46      7.01
    8.32      4.19
    4.12      3.47
    4.78      5.57
    2.75      7.32
    4.85      4.13
   10.34      6.29
    2.10      4.12
    5.84      8.11
    6.15      4.12
    5.05      3.47
    4.12      2.82
    2.10      3.27
    2.68      6.08
    5.50      4.26
    4.91      0.72
    2.89      0.72
    0.00      0.00
    0.00      0.65
    0.00      0.65
  100.14    131.22
   50.89    133.06
   21.81    157.48
   32.75    101.68
   22.37     15.97
   92.08     63.82
   50.49    122.39
   66.95     80.03
   64.90     42.20
   87.15     34.47
   75.10     61.49
   45.36     66.27
  141.74     90.13
  102.23     81.17
   57.84     66.89
  127.40     53.61
  110.85     50.60
   64.33     21.34
  100.67     97.05
   53.67     15.72
   81.34     72.48
   15.78     31.43
   97.38     32.35
    3.99      2.82
   35.68     49.45
    5.43      5.63
    4.77      2.10
   20.35     19.82
   19.05     24.23
    6.22      6.15
    4.70      4.77
    4.83      6.21
    4.84      5.36
    6.87      5.64
    6.94      0.72
    5.36     10.34
    2.68      3.54
    6.29      3.99
    3.40      4.85
    8.18      8.32
    5.43      4.92
    4.26      2.75
    2.10      0.72
    2.68      3.34
    3.33      4.19
    3.33      5.56
    3.48      2.12
    3.54      0.72
    0.72      0.72
    1.38      0.73
    0.65      1.37
    0.00      3.92
    1.39      0.74
    1.87      0.41
    2.91      0.00
    1.31      1.37
    0.72      1.37
    1.31      2.68
    1.37     16.47
    1.44      1.31
    2.84      1.37
   15.16      1.38
    0.65      0.00
    2.75     32.11
    0.00     15.10
   16.50     16.37
   30.15      0.72
   15.70     46.55
   16.38     17.85
   61.22     49.25
   48.15     32.35
    1.44      1.37
    1.44     31.97
   17.27      2.75
   33.58      4.84
   16.96     20.89
   19.94     18.45
    4.25      5.35
   22.70     19.22
    4.91      6.22
   21.38     21.23
    3.53      2.68
    5.43      4.05
    3.46      6.22
   11.06      7.59
    4.05      6.87
    5.69      1.37
    5.43      5.49
    3.40      4.19
    4.78      8.11
    2.61      4.64
    7.59      6.42
    8.52      1.44
    0.72      3.26
    1.31      3.40
    2.75      2.09
    3.54      2.03
    4.12      4.12
    1.73      0.56
  121.36    155.04
   47.37    105.04
   16.88    179.96
   29.41    106.63
   23.06     67.73
  106.60    116.38
   24.69     97.61
   82.62     64.70
   93.49     72.91
   36.73     25.99
   68.02     22.74
   16.67      4.26
    1.52     15.51
   45.72     23.24
   45.53     45.07
   61.83     46.79
  109.30     96.51
   20.13     47.08
   39.09     33.91
   63.13     71.63
  101.56     89.97
   95.71     74.73
   93.61     60.47
   90.63     66.42
   57.62     72.61
   93.57     57.70
   48.87     20.82
   20.29      6.37
   19.08     34.39
    5.36      6.87
    6.81      5.71
    6.81      6.29
    4.26      1.44
    3.98      5.36
    2.61      6.80
    4.13      7.60
    7.61      4.19
    8.97      7.01
    4.12      4.05
    2.75      4.78
    6.29      3.47
    5.50      6.08
    4.57      4.91
    6.15      7.01
    4.26      2.09
    2.82      0.65
    3.33      5.56
    1.31      1.44
    3.47      2.10
    1.37      2.03
    1.31      2.10
    2.10      2.68
    1.44      0.00
    1.96      4.14
    2.84      2.68
    0.74      0.00
    3.49      2.14
    2.82      0.72
    0.65     15.76
    1.37      2.03
    2.03      3.41
   15.18      1.37
    1.46      0.00
    0.72      0.65
    1.38      1.38
    1.37     16.37
    0.72      0.00
    2.03     17.55
   46.42     46.75
    1.39      1.38
   31.52     17.74
   17.22     33.43
    3.40     34.02
   66.09     34.33
   32.41     18.33
   17.16     32.74
   31.93     18.79
   18.54     18.42
   18.40     18.19
   36.51     21.32
    4.78      4.64
    6.29      8.25
    8.32      4.19
    4.98      3.40
    2.82      2.62
    3.47      3.47
    8.76      8.27
    3.46      8.83
    5.50      4.19
    7.82      2.10
    4.71      4.85
    2.68      6.81
    3.40      4.06
    6.87      7.59
    4.85      3.47
    7.01      3.47
    2.03      4.71
    2.10      0.65
    4.76      3.37
   60.65     51.70
   64.54    130.35
   16.70    105.73
   17.06    150.89
    0.64     52.08
   27.83     49.06
   44.69    106.87
   96.54    152.97
   23.79     72.23
  178.09    134.95
   15.93     24.97
   14.44     13.77
   61.96     29.88
   41.03     41.68
   27.57     53.43
   54.89     12.13
   97.89     56.30
   22.87      9.01
   84.27     51.30
   31.14     41.17
   84.44     65.16
   46.86     62.52
  171.29     94.16
   19.03     27.00
   95.79     76.65
   73.16     44.33
   45.15     30.90
   35.55     32.39
   35.68     49.91
   20.61      3.61
   58.16     55.09
    6.67      7.00
   49.01     35.74
   33.35     31.87
    6.61      3.54
   18.02      4.12
    3.62      6.94
    4.06      5.43
    4.86      4.19
    8.73      9.11
    5.57      6.04
    2.75      2.82
    6.37      2.03
    4.12      4.06
    5.36      6.87
    7.53      7.66
    2.75      3.56
    5.72      1.37
    1.96      4.78
    3.27      4.26
    4.19      0.72
    1.44      1.37
    1.31      2.09
    1.37      1.37
    0.00      1.31
    2.03      2.75
    3.51      3.40
    0.72      1.96
    2.82      1.39
    4.19      1.39
    4.13      3.51
    0.65      1.44
    0.00      1.96
    1.40      0.00
    1.48     17.03
    0.72      0.00
    1.44      0.65
   17.16      2.11
   15.69     17.28
    0.00     15.03
   16.52     30.19
   16.48      4.19
   17.75     18.41
   17.29     47.80
   49.38     34.04
   48.86     35.98
   22.74     19.40
    3.61      2.75
   17.21     17.78
   46.77     34.79
    3.47      3.47
    4.98      5.36
   19.97     38.33
    6.94      4.78
   23.47      5.56
    4.91      3.40
    2.10      3.34
    3.40      4.71
   22.75     20.75
    4.78      6.08
    4.79      4.19
    7.66      4.85
    3.33      4.84
    4.12      4.14
    2.68      5.52
    6.31      6.02
    3.99      4.98
    9.76      5.50
    0.72      3.35
    2.91      0.65
   90.86    152.24
   35.38     56.44
   33.10    180.92
    1.45     77.87
    1.37     52.24
   47.29     49.68
   66.23    170.90
   73.44    127.91
   17.79     66.80
  107.68     50.66
   23.11     40.60
   34.43     10.18
   61.72     22.08
   51.59     25.69
  138.63     94.71
   84.13     75.89
   76.06     66.32
   84.76    107.26
  105.23     58.25
   43.72     22.14
  148.63     68.47
   62.18     79.15
   19.60     57.43
   74.16     28.24
   55.14     76.50
   56.03     62.59
  133.00     59.87
   21.55      2.10
   20.02      4.19
    4.05     19.70
   20.22     18.60
    4.06      6.29
    5.36      5.64
    4.06      6.87
    8.90     20.10
    3.47      3.54
   18.58      4.85
    3.26      4.84
    5.43      6.80
    4.19      4.78
   23.58     22.73
    1.44      4.64
    4.84      3.40
    4.26      1.37
    5.57      5.36
    2.68      4.95
    9.50      9.04
    2.77      2.75
    6.87      4.86
    2.82      2.75
    4.14      4.12
    0.65      2.03
    3.47      2.82
    4.78      3.54
    1.37      0.65
    2.14      1.39
    3.49      2.75
    0.00      1.37
    1.37      3.27
    1.44      2.05
    4.78      3.56
    2.82      1.37
    1.31      1.46
    0.72      1.96
    0.72      0.65
    2.86      1.31
    2.03      3.49
    2.10     29.50
    0.00      0.00
    2.12     15.69
   30.85      4.99
    1.38      0.65
   44.67     49.56
   33.28     19.63
   20.62     16.51
    2.82     19.06
   17.94     64.35
   36.43     49.43
   94.72     37.33
   20.35      5.51
    4.26     21.10
    5.57      4.06
   20.71      7.46
    4.05      4.71
    9.03      6.94
    4.26      3.40
    4.91      4.05
    2.81      1.96
    4.78      6.81
    4.91      3.47
    6.87      8.72
    3.40      2.89
   24.05     19.99
    2.75      2.10
    4.78      5.57
    2.03      2.10
    4.06      8.79
    3.49      1.31
    8.69      5.45
   65.44     82.39
   66.17    135.81
   33.87    133.98
    8.04    131.16
    5.95     54.04
   62.78     56.05
   32.26     92.74
   48.27    186.47
   54.75     10.62
   69.07     44.58
   33.13     24.53
   57.53     50.65
   59.95     33.32
   62.56     30.14
   48.01     50.02
   30.54      3.54
   77.33     36.95
   52.92     50.07
   21.70      2.54
   93.60     75.97
   61.19     28.15
   72.99     98.56
   60.00     30.89
   82.04     72.26
  102.77     73.50
   96.02    101.76
   68.79      4.37
   65.37     86.77
   21.94     19.21
   36.09     73.50
   58.56     41.88
   24.78     48.10
   65.11     35.25
    5.41      6.36
   23.30      6.95
    6.23      7.67
    6.22      3.61
    4.13      1.44
    2.03      3.47
    2.61      7.53
    4.64      4.19
    5.64      3.40
    5.30      9.05
    4.93      4.77
    4.84      4.78
   19.97     19.31
    2.89      2.03
    6.22      2.75
    3.99      4.80
    4.86      6.35
    1.37      1.31
    4.19      3.49
    3.99      8.13
    9.40      4.92
    2.82      0.00
   10.00      3.63
    3.81      2.03
    3.82      1.96
    2.77      0.72
    4.10      3.40
    5.43      4.14
    0.72      3.42
    2.84      0.74
    4.21      0.65
    3.81      0.72
    1.38      2.70
    1.38      1.38
    4.48      1.37
   18.02     16.47
    4.57      2.10
    0.65     14.36
    2.16     15.74
   16.53      1.44
    3.33     18.87
   29.23     48.55
    2.02     17.73
   67.68     50.98
   50.10     21.47
   19.96      4.70
    3.47     17.13
   19.36     17.09
   16.96     38.63
   52.73     38.53
   20.79     31.49
   23.54      8.68
   18.64      7.53
   12.38      7.67
    5.70      4.12
    3.61      0.65
    1.44      3.27
    4.06      3.27
    7.01      5.70
    2.82      4.57
    3.40      5.52
    8.25      5.50
    3.40      3.54
    5.50      3.61
    5.36      6.94
    2.03      3.99
   18.20     28.74
   81.43    131.06
   36.51     83.74
   34.51    184.44
    5.37     57.81
    6.17     56.51
    5.00     30.55
    1.31    129.60
   49.90     97.08
   62.59    135.88
   96.14    102.92
   47.04     22.24
   56.31     48.32
    9.54      4.21
  116.33     31.11
   60.58     62.09
   62.66     13.75
   41.07     72.21
   63.10     20.19
   23.58     28.67
   26.91      3.85
  108.10     82.25
   52.53     41.29
  111.10    100.20
   74.36     52.10
   74.21     72.28
   36.16     23.46
   58.74     53.82
   44.83     26.93
   21.91     35.71
   89.63     38.55
   22.05     21.39
   12.38     17.76
   34.39     25.15
    7.54     17.75
   22.45     11.27
    5.36     21.65
   23.71     11.13
    9.55      7.14
    6.28      2.16
    2.02      1.44
   47.01     27.92
    3.27      4.26
   52.09     38.59
    8.11     20.73
   12.41      6.44
    2.75      2.61
    7.62      8.25
    2.82      2.03
    5.64      2.75
    3.40      3.54
    5.50      4.85
    3.34      4.21
    2.91      1.96
    2.03      4.73
    2.61      4.80
    9.75      7.07
    5.59      1.39
    2.77      4.85
   27.16     21.21
    2.84      2.03
   25.53     16.54
    0.65     16.51
   17.90      2.74
    4.12      4.72
    2.12      2.77
    4.27      0.65
    4.19      2.75
    1.52     15.10
   30.97     15.84
    0.00      0.72
    0.65      2.03
    2.75      1.44
    0.65      2.03
   16.54     44.98
   33.22     19.28
   16.44     47.28
   18.51     35.59
   52.04     34.75
   17.60      2.68
   37.33      9.57
    3.47     18.84
    3.47      2.77
   19.74     21.11
   21.36     21.25
   20.17      6.69
    7.67     21.92
    4.93     22.96
   39.07      9.67
   10.49      6.22
    7.07      3.40
    4.26      2.68
    0.72      2.61
    7.67      4.19
    2.10      5.22
    3.41      3.54
   22.55     17.70
    2.68      5.52
    2.75      2.10
    4.48      6.01
   68.42     57.23
   91.92    204.66
    4.69     54.10
    8.89    210.99
    4.80      5.71
    1.38      3.34
   23.23     83.04
   26.39    213.94
   28.34     41.09
   45.51     43.88
   81.48     94.85
   21.30      4.18
  100.12     44.67
    5.33      2.66
   55.22     31.60
   44.98     28.34
   35.95      6.31
   69.23     30.75
    2.87      1.38
    3.35     42.78
   92.01     78.24
   88.43     56.88
   26.53     78.82
  100.22     54.77
  150.11     94.86
   72.44     61.37
   99.16     93.43
  142.17     95.68
   41.74     50.15
   78.30     91.21
   42.08     14.35
   74.17     59.43
   77.64     36.73
   40.48     30.35
   20.52     18.72
   34.98     19.45
    8.86      7.66
    6.09      8.34
    5.36     24.80
   10.09      8.38
   21.33      6.28
    6.29      3.61
    6.15      5.56
    3.92      3.54
    2.82      4.12
    5.95      5.64
    1.31      5.44
    2.88      2.03
   19.18     17.80
    3.55      3.33
    2.68      1.37
    4.19      4.77
    5.43      4.92
    3.40      6.08
    4.79      3.46
    4.98      4.80
    4.07      2.12
    5.65      3.42
    1.96      6.26
    6.26      4.78
    4.19      2.12
    2.20      1.37
    1.31      0.72
    2.68      4.14
    0.65     16.82
    3.47      3.49
   17.78      1.38
    0.65      2.03
    2.68      3.45
    2.83      2.77
    2.18     15.64
   17.57     16.22
   30.60     16.64
    2.11      2.03
   16.40     15.79
   16.17     16.54
   16.75     17.69
    3.40     19.26
   32.98     20.57
    4.33     20.24
    4.71     36.01
   51.90     34.14
   21.45     19.09
   17.33      5.43
   49.28     52.31
    3.47     20.47
   23.20      6.03
   21.46      6.14
    6.93      5.29
    8.40     11.60
    6.94      4.78
   11.80      7.00
    4.26      6.59
    2.75      4.06
    9.10      4.19
    3.54      6.01
    2.75      2.10
    6.36      2.10
    3.98      4.19
   38.31     62.99
   63.43     70.36
   48.11    184.03
   19.94     81.81
   17.00    104.59
    8.17     30.36
    2.72     80.59
   24.25    101.79
    7.22     83.36
   10.51     36.75
   66.28     88.79
   57.13     33.41
   57.84     39.09
   72.96    105.54
   48.88     56.68
   53.11     70.20
   69.22     46.32
   33.92     30.83
   32.67     18.27
   94.09     37.88
   71.46     50.34
   45.99     52.23
  146.48    116.75
   69.88     43.90
   53.26     56.93
   91.51     48.08
   39.83     12.13
   60.11     25.37
   58.23     51.22
   44.63      8.55
    5.00      4.12
   20.87     35.79
   29.98     54.16
   34.85     35.17
   32.80     33.42
    5.56      1.44
   25.90      7.76
   60.38     74.03
   17.99      3.40
   87.08     83.96
   10.43      8.48
   67.26     38.37
   24.04     21.40
   10.59      4.98
    8.19      6.29
    4.06      7.60
    4.78      2.10
    8.05      8.46
    1.44      3.40
    2.10      3.99
    5.57      2.16
    2.16      1.96
    2.12      1.31
    4.71      3.61
    0.65      2.75
    4.78      8.12
    2.75      1.37
    6.88      8.27
    4.94      2.77
    4.16      3.49
    6.95      5.50
    4.06      4.78
    3.42      3.58
    3.59      1.37
    2.03      1.48
    1.39      1.39
    0.72      1.96
    2.68      0.74
    1.39     19.23
    2.68      4.81
   18.00      2.12
    2.86      2.03
    1.46     15.68
    2.14      1.31
   16.50     31.01
   18.00      1.39
   30.69     31.61
    1.96      2.03
   32.01     33.45
    1.31     34.23
   65.89     34.29
   18.74      8.46
    4.19      6.17
    9.71      4.26
   34.36     35.11
    6.28      5.52
    4.93     35.42
    3.47      4.63
   33.81      6.81
   36.65     50.05
   21.12      8.18
    6.28     21.70
    7.80      4.78
   38.20     22.43
    4.85      8.83
   10.52      4.06
    6.30      5.64
    4.92      7.98
    4.07      1.93
    6.31      2.83
  116.00    164.51
   18.24     55.68
   36.53    214.76
   17.45     53.39
    1.30     52.83
    3.51     29.69
   25.27    158.33
    4.51     55.88
    3.31     61.47
   46.88     53.64
   93.38     77.54
   60.56     72.81
   29.53      6.42
   35.34     22.77
   65.59     63.31
   36.74     41.33
   76.10     50.93
   80.87     56.18
    7.52     42.55
  118.41     81.68
   57.36     40.58
   79.26     97.46
  111.74     42.85
  101.06     81.64
   22.70     25.99
   38.41     59.62
   52.17     55.28
   53.13     12.13
   34.88     35.05
   54.39     51.25
   54.45     34.67
   70.83     48.93
   33.33     10.66
   32.10      9.27
   21.66      7.18
   32.53     28.18
   47.14     26.46
    5.36     18.99
   34.59     42.80
   20.37      6.80
   25.43     31.89
   30.33     11.85
   22.84     22.95
    6.94     20.03
   18.20      5.57
   23.19     24.02
    8.27      8.47
    5.49      2.82
    7.41      9.11
    3.41      4.13
    3.54      3.34
    2.03      3.99
    3.54      2.75
    4.91      2.03
    4.86      4.84
    3.34      3.54
    4.14      4.06
    1.37      2.03
    4.26      2.75
    4.12      5.36
    5.45      6.87
    5.59      3.44
    4.06      6.33
    4.21      0.65
    4.84      4.28
    2.77      2.79
    2.05      2.79
    2.05      2.12
    2.11      0.74
    0.74      0.65
    0.65      2.03
    0.65      2.68
    2.77      4.01
    3.42      2.18
    5.06      4.07
    1.44     15.02
    1.46     15.03
   17.94     17.86
   32.71     18.60
    2.03     18.43
    3.46     47.58
   34.07     22.57
   61.54     22.54
   23.57     64.13
   48.61     20.52
   19.91      5.54
   25.55      8.40
    4.62      5.38
   18.93     22.27
    6.45     19.07
    5.63      2.61
   21.42      8.11
    4.85      6.02
    6.24      7.45
   11.99     21.16
   18.92     19.71
   22.11      7.46
   20.59     21.40
    5.89      7.51
   69.81    110.73
   37.53     57.78
   35.18    131.19
   23.25    105.89
   18.29     57.22
    2.60     30.30
   22.45    184.52
   40.15     80.87
    7.64     62.18
   23.85      2.82
   14.73     32.32
   46.74     57.90
   61.03     42.28
   95.16     55.83
   24.39     63.84
   76.34     37.90
   61.76     40.15
   44.27     30.79
  132.67     69.57
   43.99     24.27
   22.12     31.55
   91.87     74.62
   51.28     26.11
   49.26     62.82
   29.29     28.86
   26.22     32.81
    4.05     17.04
   13.05     18.54
   30.95     24.29
   27.53     19.24
   73.99     26.88
   44.27     50.65
   57.18     90.74
   37.39     38.51
   67.09     74.92
   30.84     50.25
   47.24     72.76
   68.77      9.95
  118.15     61.31
   50.64     50.77
   12.23     34.21
   44.94     27.25
   15.11      8.65
   18.70      4.84
    7.26      7.15
    4.84      6.80
    8.04     23.51
   18.41     19.97
   19.36      3.40
    7.52      5.52
    7.39      9.25
    5.51      3.47
    4.06      8.13
    2.12      4.64
    4.26      2.75
    3.56      0.72
    7.05      4.06
    2.68      4.80
    4.71      6.94
    4.21      4.06
    5.57      2.75
    3.63      2.03
    1.96      4.12
    2.09      2.68
    6.12      6.28
    4.91      3.40
    4.77      3.64
    4.08      3.49
    2.77      2.77
    1.37      2.77
    4.07      2.85
    1.48      0.74
   15.52     16.88
    0.65      2.03
    2.84      2.70
    1.46     15.03
    1.48      1.96
    4.18      4.74
   17.89     17.20
   20.66     15.10
    1.37     20.55
   17.20     15.78
    3.42     19.81
   18.19      8.94
   22.46     21.75
   19.31     35.14
   23.44     37.11
   17.64     17.47
   37.10     19.77
    8.33     25.30
   20.57     19.61
   36.40     54.48
    6.81      6.96
   23.47      4.07
   19.37      7.32
    5.64      4.78
    5.63      5.29
    7.82      6.08
   21.88     19.40
   20.65     31.19
  112.13    144.76
   23.80    110.33
    6.93    156.55
    8.99     80.19
    5.45      6.36
   25.77     57.23
   23.70    184.97
   28.49     70.79
   24.80     42.91
   79.00     69.93
   78.89     15.69
   58.53     72.81
   15.19      2.84
   40.14     24.68
   25.84     80.42
    9.51      6.30
   31.55     15.49
   83.49     48.82
   15.85      5.63
   79.65     95.34
   55.23     25.27
   51.63    106.63
   60.67     44.20
  113.35     42.51
   55.70     51.87
   38.51     29.85
   50.72     28.98
   47.01    100.00
   32.05     56.38
   64.04     48.52
  115.97     83.11
   36.16     50.88
   18.10     48.86
   29.40     29.71
   35.72     10.93
   90.44     60.07
    9.03      3.56
   61.74     73.41
   45.64     33.56
   50.27     48.68
   61.37     71.03
    7.72      5.55
  108.09     74.48
    8.19     23.25
   22.46      7.83
   23.25      6.43
    6.75      4.19
    4.06      9.64
    6.73      5.56
    2.88      2.16
    6.87      2.75
    3.27      7.66
    3.92      6.81
    8.27      9.15
    4.88      4.78
    5.64      5.37
    4.28      1.37
    3.47      2.10
    4.88      5.47
    2.68      5.36
    3.42      4.77
    6.34      4.86
    4.21      2.75
    4.88      2.86
    3.56      2.68
    3.34      4.14
    3.40      4.16
    4.15      2.19
    4.13      3.47
    3.27      4.86
    2.86      2.14
    1.37      2.79
    2.77      2.03
    3.51      3.51
    1.40      2.03
   17.23     19.27
    0.74      0.65
    5.15      1.31
    0.00     15.04
    3.49     31.48
    1.96     18.27
   32.04      5.43
   21.17      5.02
    4.80      6.91
   18.13     32.84
   36.05     20.46
   20.76     22.71
   20.60     52.27
   21.48      4.05
   21.69     22.54
   22.05     36.23
   38.55     11.90
    7.01     21.84
   21.62      4.71
    5.71     34.57
   18.52     36.86
   21.32      7.26
   20.72      0.00
    0.63      0.00
    0.00      0.00
    0.00      0.00
    0.00      0.00
    0.00      0.00
    0.00      0.00
    0.00      0.00
    0.00      0.00
    0.00      0.00
    0.00      0.00
    0.00      0.00
    0.00      0.00
    0.00      0.00
    0.00      0.00
    0.00      0.00
    0.00      0.00
    0.00      0.00
    0.00      0.00
    0.00      0.00
    0.00      0.00
    0.00      0.00
    0.00      0.00
    0.00      0.00
    0.00      0.00
    0.00      0.00
    0.00      0.00
    0.00      0.00
    0.00      0.00
    0.00      0.00
    0.00      0.00
    0.00      0.00
    0.00      0.00
    0.00      0.00
    0.00      0.00
    0.00      0.00
    0.00      0.00
    0.00      0.00
