      h_eth1      
 KB/s in  KB/s out
    0.00      0.00
    0.00      0.00
    0.00      0.00
    0.00      0.00
    0.00      0.00
    0.00      0.00
    0.00      0.00
    0.00      0.00
    1.36      0.00
    0.00      0.00
    0.00      0.00
    0.00      0.00
    0.00      0.00
    0.00      0.00
    0.00      0.00
    0.00      0.00
    0.00      0.00
    0.00      0.00
    0.00      0.00
    0.00      0.00
    0.00      0.00
    0.00      0.00
    0.00      0.00
    0.00      0.00
    0.00      0.00
    0.00      0.00
    0.00      0.00
    0.00      0.00
    0.00      0.00
    0.00      0.00
    0.00      0.00
    0.00      0.00
    0.00      0.00
    0.00      0.00
    0.00      0.00
    0.00      0.00
    0.00      0.00
    0.00      0.00
    0.00      0.00
    0.00      0.00
    0.00      0.00
    0.00      0.00
    0.00      0.00
    0.00      0.00
    0.00      0.00
    0.00      0.00
    0.00      0.00
    0.00      0.00
    0.00      0.00
    0.68      0.00
    0.00      0.00
    0.00      0.00
    0.00      0.00
    0.00      0.00
    0.00      0.00
    0.00      0.00
    0.00      0.00
    0.00      0.00
    0.00      0.00
    0.00      0.00
    0.00      0.00
    0.00      0.00
    0.00      0.00
    0.00      0.00
    0.00      0.00
    0.00      0.00
    0.00      0.00
    0.00      0.00
    0.00      0.00
    0.00      0.00
    0.00      0.00
    0.00      0.00
    0.00      0.00
    0.00      0.00
    0.00      0.00
    0.00      0.00
    0.00      0.00
    0.00      0.00
    0.00      0.00
    0.00      0.00
    0.00      0.00
    0.00      0.00
    0.00      0.00
    0.00      0.00
    0.00      0.00
    0.00      0.00
    0.00      0.00
    0.00      0.00
    0.00      0.00
    0.00      0.00
    2.73      0.00
    0.00      0.00
    0.00      0.00
    0.00      0.00
    0.00      0.00
    0.00      0.00
    0.00      0.00
    0.00      0.00
    0.00      0.00
    0.00      0.00
    0.00      0.00
    0.00      0.00
    0.00      0.00
    0.00      0.00
    0.00      0.00
    0.00      0.00
    0.00      0.00
    0.00      0.00
    0.00      0.00
    0.00      0.00
    0.00      0.00
    0.00      0.00
    0.00      0.00
    0.00      0.00
    0.00      0.00
    0.00      0.00
    0.00      0.00
    0.00      0.00
    0.00      0.00
    0.00      0.00
    0.00      0.00
    0.00      0.00
    0.00      0.00
    0.00      0.00
    0.00      0.00
    0.00      0.00
    0.00      0.00
    0.00      0.00
    0.00      0.00
    0.00      0.00
    0.68      0.00
    0.00      0.00
    0.00      0.00
    0.00      0.00
    0.00      0.00
    0.00      0.00
    0.00      0.00
    0.00      0.00
    0.00      0.00
    0.00      0.00
    0.00      0.00
    0.00      0.00
    0.00      0.00
    0.00      0.00
    0.00      0.00
    0.00      0.00
    0.00      0.00
    0.00      0.00
    0.00      0.00
    0.00      0.00
    0.00      0.00
    0.00      0.00
    0.00      0.00
    0.00      0.00
    0.00      0.00
    0.00      0.00
    0.00      0.00
    0.00      0.00
    0.00      0.00
    0.00      0.00
    0.00      0.00
    0.00      0.00
    0.00      0.00
    0.00      0.00
    0.00      0.00
    0.00      0.00
    0.00      0.00
    0.00      0.00
    0.00      0.00
    0.00      0.00
    0.00      0.00
    0.00      0.00
    0.00      0.00
    0.00      0.00
    0.00      0.00
    0.00      0.00
    0.00      0.00
    0.00      0.00
    0.00      0.00
    0.00      0.00
    0.00      0.00
    0.00      0.00
    0.00      0.00
    0.00      0.00
    0.00      0.00
    0.00      0.00
    0.00      0.00
    0.00      0.00
    0.00      0.00
    0.00      0.00
    0.00      0.00
    0.00      0.00
    0.00      0.00
    0.00      0.00
    0.00      0.00
    0.00      0.00
    0.00      0.00
    0.00      0.00
    0.00      0.00
    0.00      0.00
    0.00      0.00
    0.00      0.00
    0.00      0.00
    0.00      0.00
    0.00      0.00
    0.00      0.00
    0.00      0.00
    0.00      0.00
    0.00      0.00
    0.00      0.00
    0.41      0.00
    0.00      0.00
    2.05      0.00
    0.00      0.00
    0.00      0.00
    0.00      0.00
    0.00      0.00
    0.00      0.00
    0.00      0.00
    0.00      0.00
    0.00      0.00
    0.00      0.00
    0.00      0.00
    0.00      0.00
    0.00      0.00
    0.00      0.00
    0.00      0.00
    0.00      0.00
    0.00      0.00
    0.00      0.00
    0.00      0.00
    0.00      0.00
    0.00      0.00
    0.00      0.00
    0.00      0.00
    0.00      0.00
    0.00      0.00
    0.00      0.00
    0.00      0.00
    0.00      0.00
    0.00      0.00
    0.00      0.00
    0.00      0.00
    0.00      0.00
    0.00      0.00
    0.00      0.00
    0.00      0.00
    0.00      0.00
    0.00      0.00
    0.00      0.00
    0.00      0.00
    0.00      0.00
    0.00      0.00
    0.00      0.00
    0.00      0.00
    0.00      0.00
    0.00      0.00
    0.00      0.00
    0.00      0.00
    0.00      0.00
    0.00      0.00
    0.00      0.00
    0.00      0.00
    0.00      0.00
    0.00      0.00
    0.00      0.00
    0.00      0.00
    0.00      0.00
    0.00      0.00
    0.00      0.00
    0.00      0.00
    0.00      0.00
    0.00      0.00
    0.00      0.00
    0.00      0.00
    0.00      0.00
    0.00      0.00
    0.00      0.00
    0.00      0.00
    0.00      0.00
    0.00      0.00
    0.00      0.00
    0.00      0.00
    0.00      0.00
    0.00      0.00
    0.00      0.00
    0.00      0.00
    0.00      0.00
    0.00      0.00
    0.00      0.00
    0.00      0.00
    0.00      0.00
    0.00      0.00
    0.00      0.00
    0.68      0.00
    0.00      0.00
    0.00      0.00
    0.00      0.00
    0.00      0.00
    0.00      0.00
    0.00      0.00
    0.00      0.00
    0.00      0.00
    0.00      0.00
    0.00      0.00
    0.00      0.00
    0.00      0.00
    0.00      0.00
    0.00      0.00
    0.41      0.00
    0.82      0.00
    0.00      0.00
    0.00      0.00
    0.00      0.00
    0.00      0.00
    0.00      0.00
    0.00      0.00
    0.00      0.00
    0.00      0.00
    0.00      0.00
    0.00      0.00
    0.00      0.00
    0.00      0.00
    0.00      0.00
    0.00      0.00
    0.00      0.00
    0.00      0.00
    0.00      0.00
    0.00      0.00
    0.00      0.00
    0.00      0.00
    0.00      0.00
    0.00      0.00
    0.00      0.00
    0.00      0.00
    0.00      0.00
    0.00      0.00
    0.00      0.00
    0.00      0.00
    0.00      0.00
    0.00      0.00
    0.00      0.00
    0.00      0.00
    0.00      0.00
    0.00      0.00
    0.00      0.00
    0.00      0.00
    0.00      0.00
    0.00      0.00
    0.00      0.00
    0.00      0.00
    0.00      0.00
    0.00      0.00
    0.00      0.00
    0.00      0.00
    0.00      0.00
    0.00      0.00
    0.00      0.00
    0.00      0.00
    0.00      0.00
    0.00      0.00
    0.00      0.00
    0.00      0.00
    0.00      0.00
    0.00      0.00
    0.00      0.00
    0.00      0.00
    0.00      0.00
    0.00      0.00
    0.00      0.00
    0.00      0.00
    0.00      0.00
    0.00      0.00
    0.00      0.00
    0.00      0.00
    0.00      0.00
    0.00      0.00
    0.00      0.00
    0.00      0.00
    0.00      0.00
    0.00      0.00
    0.00      0.00
    0.00      0.00
    0.00      0.00
    0.00      0.00
    0.00      0.00
    0.00      0.00
    0.00      0.00
    0.00      0.00
    0.00      0.00
    0.00      0.00
    0.00      0.00
    0.00      0.00
    0.00      0.00
    0.00      0.00
    0.00      0.00
    0.00      0.00
    0.00      0.00
    0.00      0.00
    0.00      0.00
    0.00      0.00
    0.00      0.00
    0.00      0.00
    0.00      0.00
    0.00      0.00
    0.00      0.00
    0.00      0.00
    0.00      0.00
    0.00      0.00
    0.41      0.00
    0.00      0.00
    0.00      0.00
    0.00      0.00
    0.00      0.00
    0.00      0.00
    0.00      0.00
    0.00      0.00
    0.00      0.00
    0.00      0.00
    0.00      0.00
    0.00      0.00
    0.00      0.00
    0.00      0.00
    0.00      0.00
    0.00      0.00
    0.00      0.00
    0.00      0.00
    0.00      0.00
    0.00      0.00
    0.00      0.00
    0.00      0.00
    0.00      0.00
    0.00      0.00
    0.00      0.00
    0.00      0.00
    0.00      0.00
    0.00      0.00
    0.00      0.00
    0.00      0.00
    0.00      0.00
    0.00      0.00
    0.00      0.00
    0.00      0.00
    0.00      0.00
    0.00      0.00
    0.00      0.00
    0.00      0.00
    0.00      0.00
    0.00      0.00
    0.00      0.00
    0.00      0.00
    0.00      0.00
    0.00      0.00
    0.00      0.00
    0.00      0.00
    0.00      0.00
    0.00      0.00
    0.00      0.00
    0.00      0.00
    0.00      0.00
    0.00      0.00
    0.00      0.00
    0.00      0.00
    0.00      0.00
    0.00      0.00
    0.00      0.00
    0.00      0.00
    0.00      0.00
    0.00      0.00
    0.00      0.00
    0.00      0.00
    0.00      0.00
    0.00      0.00
    0.00      0.00
    0.00      0.00
    0.00      0.00
    0.00      0.00
    0.00      0.00
    0.00      0.00
    0.00      0.00
    0.00      0.00
    0.00      0.00
    0.00      0.00
    0.00      0.00
    0.00      0.00
    0.00      0.00
    0.00      0.00
    0.00      0.00
    0.00      0.00
    0.00      0.00
    0.00      0.00
    0.00      0.00
    0.00      0.00
    0.00      0.00
    0.00      0.00
    0.00      0.00
    0.00      0.00
    0.00      0.00
    0.00      0.00
    0.00      0.00
    0.00      0.00
    0.00      0.00
    0.00      0.00
    0.00      0.00
    0.00      0.00
    0.00      0.00
    0.00      0.00
    0.00      0.00
    0.00      0.00
    1.23      0.00
    0.00      0.00
    0.00      0.00
    0.00      0.00
    0.00      0.00
    0.00      0.00
    0.00      0.00
    0.00      0.00
    0.00      0.00
    0.00      0.00
    0.00      0.00
    0.00      0.00
    0.00      0.00
    0.00      0.00
    0.00      0.00
    0.00      0.00
    0.00      0.00
    0.00      0.00
    0.00      0.00
    0.00      0.00
    0.00      0.00
    0.00      0.00
    0.00      0.00
    0.00      0.00
    0.00      0.00
    0.00      0.00
    0.00      0.00
    0.00      0.00
    0.00      0.00
    0.00      0.00
    0.00      0.00
    0.00      0.00
    0.00      0.00
    0.00      0.00
    0.00      0.00
    0.00      0.00
    0.00      0.00
    0.00      0.00
    0.00      0.00
    0.00      0.00
    0.00      0.00
    0.00      0.00
    0.00      0.00
    0.00      0.00
    0.00      0.00
    0.00      0.00
    0.00      0.00
    0.00      0.00
    0.00      0.00
    0.00      0.00
    0.00      0.00
    0.00      0.00
    0.00      0.00
    0.00      0.00
    0.00      0.00
    0.00      0.00
    0.00      0.00
    0.00      0.00
    0.00      0.00
    0.00      0.00
    0.00      0.00
    0.00      0.00
    0.00      0.00
    0.00      0.00
    0.00      0.00
    0.00      0.00
    0.00      0.00
    0.00      0.00
    0.00      0.00
    0.00      0.00
    0.00      0.00
    0.00      0.00
    0.00      0.00
    0.00      0.00
    0.00      0.00
    0.00      0.00
    0.00      0.00
    0.00      0.00
    0.00      0.00
    0.00      0.00
    0.00      0.00
    0.00      0.00
    0.00      0.00
    0.00      0.00
    0.00      0.00
    0.00      0.00
    0.00      0.00
    0.00      0.00
    0.00      0.00
    0.00      0.00
    0.00      0.00
    0.00      0.00
    0.00      0.00
    0.00      0.00
    0.00      0.00
    0.00      0.00
    0.00      0.00
    0.00      0.00
    0.00      0.00
    0.00      0.00
    0.41      0.00
    0.00      0.00
    0.00      0.00
    0.00      0.00
    0.00      0.00
    0.00      0.00
    0.00      0.00
    0.00      0.00
    0.00      0.00
    0.00      0.00
    0.00      0.00
    0.00      0.00
    0.00      0.00
    0.00      0.00
    0.00      0.00
    0.00      0.00
    0.00      0.00
    0.00      0.00
    0.00      0.00
    0.00      0.00
    0.00      0.00
    0.00      0.00
    0.00      0.00
    0.00      0.00
    0.00      0.00
    0.00      0.00
    0.00      0.00
    0.00      0.00
    0.00      0.00
    0.00      0.00
    0.00      0.00
    0.00      0.00
    0.00      0.00
    0.00      0.00
    0.00      0.00
    0.00      0.00
    0.00      0.00
    0.00      0.00
    0.00      0.00
    0.00      0.00
    0.00      0.00
    0.00      0.00
    0.00      0.00
    0.00      0.00
    0.00      0.00
    0.00      0.00
    0.00      0.00
    0.00      0.00
    0.00      0.00
    0.00      0.00
    0.00      0.00
    0.00      0.00
    0.00      0.00
    0.00      0.00
    0.00      0.00
    0.00      0.00
    0.00      0.00
    0.00      0.00
    0.00      0.00
    0.00      0.00
    0.00      0.00
    0.00      0.00
    0.00      0.00
    0.00      0.00
    0.00      0.00
    0.00      0.00
    0.00      0.00
    0.00      0.00
    0.00      0.00
    0.00      0.00
    0.00      0.00
    0.00      0.00
    0.00      0.00
    0.00      0.00
    0.00      0.00
    0.00      0.00
    0.00      0.00
    0.00      0.00
    0.00      0.00
    0.00      0.00
    0.00      0.00
    0.00      0.00
    0.00      0.00
    0.00      0.00
    0.00      0.00
    0.00      0.00
    0.00      0.00
    0.00      0.00
    0.00      0.00
    0.00      0.00
    0.00      0.00
    0.00      0.00
    0.00      0.00
    0.00      0.00
    0.00      0.00
    0.00      0.00
    0.00      0.00
    0.00      0.00
    0.00      0.00
    0.41      0.00
    0.00      0.00
    0.00      0.00
    0.00      0.00
    0.00      0.00
    0.00      0.00
    0.00      0.00
    0.00      0.00
    0.00      0.00
    0.00      0.00
    0.00      0.00
    0.00      0.00
    0.00      0.00
    0.00      0.00
    0.00      0.00
    0.00      0.00
    0.00      0.00
    0.00      0.00
    0.00      0.00
    0.00      0.00
    0.00      0.00
    0.00      0.00
    0.00      0.00
    0.00      0.00
    0.00      0.00
    0.00      0.00
    0.00      0.00
    0.00      0.00
    0.00      0.00
    0.00      0.00
    0.00      0.00
    0.00      0.00
    0.00      0.00
    0.00      0.00
    0.00      0.00
    0.00      0.00
    0.00      0.00
    0.00      0.00
    0.00      0.00
    0.00      0.00
    0.00      0.00
    0.00      0.00
    0.00      0.00
    0.00      0.00
    0.00      0.00
    0.00      0.00
    0.00      0.00
    0.00      0.00
    0.00      0.00
    0.00      0.00
    0.00      0.00
    0.00      0.00
    0.00      0.00
    0.00      0.00
    0.00      0.00
    0.00      0.00
    0.00      0.00
    0.00      0.00
    0.00      0.00
    0.00      0.00
    0.00      0.00
    0.00      0.00
    0.00      0.00
    0.00      0.00
    0.00      0.00
    0.00      0.00
    0.00      0.00
    0.00      0.00
    0.00      0.00
    0.00      0.00
    0.00      0.00
    0.00      0.00
    0.00      0.00
    0.00      0.00
    0.00      0.00
    0.00      0.00
    0.00      0.00
    0.00      0.00
    0.00      0.00
    0.00      0.00
    0.00      0.00
    0.00      0.00
    0.00      0.00
    0.00      0.00
    0.00      0.00
    0.00      0.00
    0.00      0.00
    0.00      0.00
    0.00      0.00
    0.00      0.00
    0.00      0.00
    0.00      0.00
    0.00      0.00
    0.00      0.00
    0.00      0.00
    0.00      0.00
    0.00      0.00
    0.00      0.00
    0.00      0.00
    0.00      0.00
    0.82      0.00
    0.00      0.00
    0.00      0.00
    0.00      0.00
    0.00      0.00
    0.00      0.00
    0.00      0.00
    0.00      0.00
    0.00      0.00
    0.00      0.00
    0.00      0.00
    0.00      0.00
    0.00      0.00
    0.00      0.00
    0.00      0.00
    0.00      0.00
    0.00      0.00
    0.00      0.00
    0.00      0.00
    0.00      0.00
    0.00      0.00
    0.00      0.00
    0.00      0.00
    0.00      0.00
    0.00      0.00
    0.00      0.00
    0.00      0.00
    0.00      0.00
    0.00      0.00
    0.00      0.00
    0.00      0.00
    0.00      0.00
    0.00      0.00
    0.00      0.00
    0.00      0.00
    0.00      0.00
    0.00      0.00
    0.00      0.00
    0.00      0.00
    0.00      0.00
    0.00      0.00
    0.00      0.00
    0.00      0.00
    0.00      0.00
    0.00      0.00
    0.00      0.00
    0.00      0.00
    0.00      0.00
    0.00      0.00
    0.00      0.00
    0.00      0.00
    0.00      0.00
    0.00      0.00
    0.00      0.00
    0.00      0.00
    0.00      0.00
    0.00      0.00
    0.00      0.00
    0.00      0.00
    0.00      0.00
    0.00      0.00
    0.00      0.00
    0.00      0.00
    0.00      0.00
    0.00      0.00
    0.00      0.00
    0.00      0.00
    0.00      0.00
    0.00      0.00
    0.00      0.00
    0.00      0.00
    0.00      0.00
    0.00      0.00
    0.00      0.00
    0.00      0.00
    0.00      0.00
    0.00      0.00
    0.00      0.00
    0.00      0.00
    0.00      0.00
    0.00      0.00
    0.00      0.00
    0.00      0.00
    0.00      0.00
    0.00      0.00
    0.00      0.00
    0.00      0.00
    0.00      0.00
    0.00      0.00
    0.00      0.00
    0.00      0.00
    0.00      0.00
    0.00      0.00
    0.00      0.00
    0.00      0.00
    0.00      0.00
    0.00      0.00
    0.00      0.00
    0.00      0.00
    0.00      0.00
    0.41      0.00
    0.00      0.00
    0.00      0.00
    0.00      0.00
    0.00      0.00
    0.00      0.00
    0.00      0.00
    0.00      0.00
    0.00      0.00
    0.00      0.00
    0.00      0.00
    0.00      0.00
    0.00      0.00
    0.00      0.00
    0.00      0.00
    0.00      0.00
    0.00      0.00
    0.00      0.00
    0.00      0.00
    0.00      0.00
    0.00      0.00
    0.00      0.00
    0.00      0.00
    0.00      0.00
    0.00      0.00
    0.00      0.00
    0.00      0.00
    0.00      0.00
    0.00      0.00
    0.00      0.00
    0.00      0.00
    0.00      0.00
    0.00      0.00
    0.00      0.00
    0.00      0.00
    0.00      0.00
    0.00      0.00
    0.00      0.00
    0.00      0.00
    0.00      0.00
    0.00      0.00
    0.00      0.00
    0.00      0.00
    0.00      0.00
    0.00      0.00
    0.00      0.00
    0.00      0.00
    0.00      0.00
    0.00      0.00
    0.00      0.00
    0.00      0.00
    0.00      0.00
    0.00      0.00
    0.00      0.00
    0.00      0.00
    0.00      0.00
    0.00      0.00
    0.00      0.00
    0.00      0.00
    0.00      0.00
    0.00      0.00
    0.00      0.00
    0.00      0.00
    0.00      0.00
    0.00      0.00
    0.00      0.00
    0.00      0.00
    0.00      0.00
    0.00      0.00
    0.00      0.00
    0.00      0.00
    0.00      0.00
    0.00      0.00
    0.00      0.00
    0.00      0.00
    0.00      0.00
    0.00      0.00
    0.00      0.00
    0.00      0.00
    0.00      0.00
    0.00      0.00
    0.00      0.00
    0.00      0.00
    0.00      0.00
    0.00      0.00
    0.00      0.00
    0.00      0.00
    0.00      0.00
    0.00      0.00
    0.00      0.00
    0.00      0.00
    0.00      0.00
    0.00      0.00
    0.00      0.00
    0.00      0.00
    0.00      0.00
    0.00      0.00
    0.00      0.00
    0.00      0.00
    0.00      0.00
    0.41      0.00
    0.00      0.00
    0.00      0.00
    0.00      0.00
    0.00      0.00
    0.00      0.00
    0.00      0.00
    0.00      0.00
    0.00      0.00
    0.00      0.00
    0.00      0.00
    0.00      0.00
    0.00      0.00
    0.00      0.00
    0.00      0.00
    0.00      0.00
    0.00      0.00
    0.00      0.00
    0.00      0.00
    0.00      0.00
    0.00      0.00
    0.00      0.00
    0.00      0.00
    0.00      0.00
    0.00      0.00
    0.00      0.00
    0.00      0.00
    0.00      0.00
    0.00      0.00
    0.00      0.00
    0.00      0.00
    0.00      0.00
    0.00      0.00
    0.00      0.00
    0.00      0.00
    0.00      0.00
    0.00      0.00
    0.00      0.00
    0.00      0.00
    0.00      0.00
    0.00      0.00
    0.00      0.00
    0.00      0.00
    0.00      0.00
    0.00      0.00
    0.00      0.00
    0.00      0.00
    0.00      0.00
    0.00      0.00
    0.00      0.00
    0.00      0.00
    0.00      0.00
    0.00      0.00
    0.00      0.00
    0.00      0.00
    0.00      0.00
    0.00      0.00
    0.00      0.00
    0.00      0.00
    0.00      0.00
    0.00      0.00
    0.00      0.00
    0.00      0.00
    0.00      0.00
    0.00      0.00
    0.00      0.00
    0.00      0.00
    0.00      0.00
    0.00      0.00
    0.00      0.00
    0.00      0.00
    0.00      0.00
    0.00      0.00
    0.00      0.00
    0.00      0.00
    0.00      0.00
    0.00      0.00
    0.00      0.00
    0.00      0.00
    0.00      0.00
    0.00      0.00
    0.00      0.00
    0.00      0.00
    0.00      0.00
    0.00      0.00
    0.00      0.00
    0.00      0.00
    0.00      0.00
    0.00      0.00
    0.00      0.00
    0.00      0.00
    0.00      0.00
    0.00      0.00
    0.00      0.00
    0.00      0.00
    0.00      0.00
    0.00      0.00
    0.00      0.00
    0.00      0.00
    0.00      0.00
    0.00      0.00
    0.00      0.00
    0.00      0.00
    0.00      0.00
    0.00      0.00
    0.00      0.00
    0.00      0.00
    0.00      0.00
    0.00      0.00
    0.00      0.00
    0.00      0.00
    0.00      0.00
    0.00      0.00
    0.00      0.00
    0.00      0.00
    0.00      0.00
    0.00      0.00
    0.00      0.00
    0.00      0.00
    0.00      0.00
    0.00      0.00
    0.00      0.00
    0.00      0.00
    0.00      0.00
    0.00      0.00
    0.00      0.00
    0.00      0.00
    0.00      0.00
    0.00      0.00
    0.00      0.00
    0.00      0.00
    0.00      0.00
    0.00      0.00
    0.00      0.00
    0.00      0.00
    0.00      0.00
    0.00      0.00
    0.00      0.00
    0.00      0.00
    0.00      0.00
    0.00      0.00
    0.00      0.00
    0.00      0.00
    0.00      0.00
    0.00      0.00
    0.00      0.00
    0.00      0.00
    0.00      0.00
    0.00      0.00
    0.00      0.00
    0.00      0.00
    0.00      0.00
    0.00      0.00
    0.00      0.00
    0.00      0.00
    0.00      0.00
    0.00      0.00
    0.00      0.00
    0.00      0.00
    0.00      0.00
    0.00      0.00
    0.00      0.00
    0.00      0.00
    0.00      0.00
    0.00      0.00
    0.00      0.00
    0.00      0.00
    0.00      0.00
    0.00      0.00
    0.00      0.00
    0.00      0.00
    0.00      0.00
    0.00      0.00
    0.00      0.00
    0.00      0.00
    0.00      0.00
    0.00      0.00
    0.00      0.00
    0.00      0.00
    0.00      0.00
    0.00      0.00
    0.00      0.00
    0.00      0.00
    0.00      0.00
    0.00      0.00
    0.00      0.00
    0.00      0.00
    0.00      0.00
    0.00      0.00
    0.00      0.00
    0.00      0.00
    0.00      0.00
    0.00      0.00
    0.00      0.00
    0.00      0.00
    0.00      0.00
    0.00      0.00
    0.00      0.00
    0.00      0.00
    0.00      0.00
    0.00      0.00
    0.00      0.00
    0.00      0.00
    0.00      0.00
    0.00      0.00
    0.00      0.00
    0.00      0.00
    0.00      0.00
    0.00      0.00
    0.00      0.00
    0.00      0.00
    0.00      0.00
    0.00      0.00
    0.00      0.00
    0.00      0.00
    0.00      0.00
    0.00      0.00
    0.00      0.00
    0.00      0.00
    0.00      0.00
    0.00      0.00
    0.00      0.00
    0.00      0.00
    0.00      0.00
    0.00      0.00
    0.00      0.00
    0.00      0.00
    0.00      0.00
    0.00      0.00
    0.00      0.00
    0.00      0.00
    0.00      0.00
    0.00      0.00
    0.00      0.00
    0.00      0.00
    0.00      0.00
    0.00      0.00
    0.00      0.00
    0.00      0.00
    0.00      0.00
    0.00      0.00
    0.00      0.00
    0.00      0.00
    0.00      0.00
    0.00      0.00
    0.00      0.00
    0.00      0.00
    0.00      0.00
    0.00      0.00
    0.00      0.00
    0.00      0.00
    0.00      0.00
    0.00      0.00
    0.00      0.00
    0.00      0.00
    0.00      0.00
    0.00      0.00
    0.00      0.00
    0.00      0.00
    0.00      0.00
    0.00      0.00
    0.00      0.00
    0.00      0.00
    0.00      0.00
    0.00      0.00
    0.00      0.00
    0.00      0.00
    0.00      0.00
    0.00      0.00
    0.00      0.00
    0.00      0.00
    0.00      0.00
    0.00      0.00
    0.00      0.00
    0.00      0.00
    0.00      0.00
    0.00      0.00
    0.00      0.00
    0.00      0.00
    0.00      0.00
    0.00      0.00
    0.00      0.00
    0.00      0.00
    0.00      0.00
    0.00      0.00
    0.00      0.00
    0.00      0.00
    0.00      0.00
    0.00      0.00
    0.00      0.00
    0.00      0.00
    0.00      0.00
    0.00      0.00
    0.00      0.00
    0.00      0.00
    0.00      0.00
    0.00      0.00
    0.00      0.00
    0.00      0.00
   26.15     46.54
   42.68     39.72
   13.15      1.58
    0.00      0.00
    0.00      0.00
    0.00      0.00
    0.00      0.00
    0.00      0.00
    0.00      0.00
    0.00      0.00
    0.00     14.82
 2609.74   1508.21
 1993.68    604.84
 1039.03    778.54
 1169.61    277.89
 1377.23    963.50
  711.09    938.19
 1062.15   2169.78
 1679.52   3733.98
 1311.97   1422.70
  919.63   1014.65
  604.59    313.01
  883.13    289.86
  367.17    114.08
  149.10     66.10
  113.11     21.47
   37.22     55.99
   58.83     27.29
    0.72      0.00
   21.27      4.19
    0.80      0.00
    0.00      0.00
    0.00      0.00
    0.00      0.00
    0.00      0.00
    0.00      0.00
    0.00      0.00
    0.00      0.00
    0.00      0.00
    0.00      0.00
    0.00      0.00
    0.00      0.00
    0.00      0.00
    0.00      0.00
    0.00      0.00
    0.00      0.00
    0.00      0.00
    0.00      0.00
    0.00      0.00
    0.00      0.00
    0.00      0.00
    0.00      0.00
    0.00      0.00
    0.00      0.00
    0.41      0.41
    0.00      0.00
    0.00      0.00
    0.00      0.00
    0.00      0.00
    0.00      0.00
    0.00      0.00
    0.00      0.00
    0.00      0.00
    0.00      0.00
    0.00      0.00
    0.00      0.00
    0.00      0.00
    0.00      0.00
  312.52    374.05
  392.89    554.95
  315.59    375.42
  273.80    221.58
  225.06    172.52
   93.49     90.73
  119.11     32.39
  155.39     64.09
    0.00      0.72
   30.18     15.14
   17.98     28.80
    0.00      0.00
    0.00      0.00
    0.00      0.00
   15.15      0.72
    0.00      0.00
    0.00      0.00
    0.00      0.00
    0.00      0.00
    0.00      0.00
    0.00      0.00
    0.00      0.00
    0.00      0.00
    0.00      0.00
    0.00      0.00
    0.00      0.00
    0.00      0.00
    0.00      0.00
    0.00      0.00
    0.00      0.00
    0.00      0.00
    0.82      0.00
    0.00      0.00
    0.00      0.00
    0.00      0.00
    0.00      0.00
    0.00      0.00
    0.00      0.00
    0.00      0.00
    0.00      0.00
    0.00      0.00
    0.00      0.00
  194.99    238.48
  202.00    240.09
   97.06     74.23
   66.03    138.32
    5.07     27.21
  100.90     92.66
   46.65     49.97
  177.76    131.08
  243.64    188.39
  495.54    487.78
  249.24    370.17
  315.19    198.59
  166.27    194.78
  116.13    130.30
  226.31    233.57
  211.49    170.31
  111.62     25.73
  111.60     35.44
  108.70     64.51
   16.98      0.71
    0.00      0.00
   16.24     29.65
    1.44      0.00
    0.00      0.00
    0.00      0.00
   15.58      0.72
    0.00      0.00
    0.00      0.00
    0.00      0.00
    0.00      0.00
    0.00      0.00
   25.75     20.40
    0.00      0.00
   25.76     27.38
   27.31     11.68
   21.28     17.27
    9.61      0.00
    0.00      0.00
    2.31      0.00
    0.00      0.00
    0.00      0.00
    0.00      0.00
    0.00      0.00
    0.00      0.00
    0.00      0.00
    0.00      0.00
    0.00      0.00
    0.00      0.00
    0.00      0.00
    0.00      0.00
    0.00      0.00
    0.00      0.00
    0.00      0.00
    0.65     15.11
   15.17     14.37
   14.43      1.44
    0.00      0.00
  123.12    107.60
   64.54     49.29
  260.14    334.53
  191.84    191.26
  216.85    344.13
  206.45    142.40
   30.72     18.58
  170.95    221.91
   63.57     93.76
  229.13    146.15
  129.95    200.97
  109.12     49.15
   21.44     31.47
   63.73     15.05
  139.46     53.12
    0.00      0.72
    0.00      0.00
   15.70     15.04
    2.16     14.99
    0.00      0.00
    0.00      0.00
   15.77      0.72
    0.00      0.00
    0.00      0.00
    0.00      0.00
    0.00      0.00
    0.00      0.00
    0.00      0.00
    0.00      0.00
    0.00      0.00
    0.00      0.00
   14.79     16.25
    0.00      0.00
    0.00      0.00
    0.00      0.00
    0.71      0.00
    0.00      0.00
    0.00      0.00
    0.00      0.00
    0.00      0.00
    0.00      0.00
    0.00      0.00
   31.22     52.27
  124.48    166.10
  113.25    205.57
   66.98     40.37
   98.78    166.70
  122.21    105.09
  107.15     48.67
   47.60     37.94
  206.75    188.01
   19.29     18.85
  226.44    247.78
  163.31    106.13
  206.64    202.52
  203.69    121.07
   77.92     58.26
   38.33    152.91
  150.88     84.74
  102.28    161.72
  119.44    127.00
  156.53    183.39
  221.76     85.78
  101.94    134.41
    7.86     46.04
   11.05      1.73
   94.44     15.87
  108.05     52.01
    0.00      0.00
    0.00      0.00
   15.82     15.89
    2.16     15.10
    0.00      0.00
    0.00      0.00
   16.62      0.72
    0.00      0.00
    0.00      0.00
    0.00      0.00
    0.00      0.00
    0.00      0.00
    0.00      0.00
    0.00      0.00
    0.00      0.00
    0.00      0.00
   15.00     15.71
    0.00      0.00
    0.00      0.00
    0.00      0.00
    1.44      0.00
    0.00      0.00
    0.00      0.00
    0.00      0.00
    0.00      0.00
    0.00      0.00
    0.00      0.65
    0.74      0.00
    0.00      0.00
    0.00      0.00
   14.37     45.15
   45.96     15.16
    9.55      9.69
    2.09     16.47
   22.41     34.09
   21.51     12.64
    8.69     25.78
   42.56     23.87
    8.31     24.81
   18.70      2.80
   16.22     17.45
    1.37     17.69
    8.10     35.48
   33.82      7.28
   19.84      9.49
    4.71     18.47
   27.48     38.16
   20.74      4.26
    3.40      6.08
   15.15      2.68
    1.37      0.72
    0.72      0.00
    5.64      1.44
    4.05      2.88
    0.00      0.00
    0.65      0.00
    0.00      1.37
    0.00      0.00
    0.00      0.00
    0.72      0.00
    0.00      0.00
    0.00      0.00
    0.00      0.00
    0.00      0.00
    0.00      0.00
    0.00      0.00
    0.00      0.00
    0.00      0.00
    0.00      0.00
    0.00      0.00
   15.11     15.82
    0.00      0.00
    0.00      0.00
    0.71      0.00
   31.18     52.98
  184.95    147.88
   92.93    177.75
   38.12    110.82
  115.74    197.21
   42.79     49.94
   69.03     65.77
   86.24     68.63
  132.39     69.65
   36.07      2.27
   35.53     73.23
   86.60     31.11
   33.31     14.62
  152.71    131.76
   62.60     23.47
   59.06     76.30
   85.28     52.57
   65.94     24.85
   13.01      6.30
   27.86     39.54
   22.60     37.58
   50.22     34.13
   50.08     45.37
    1.38      3.40
   21.50      6.00
    7.66     18.33
    2.97      2.17
    4.64      2.10
   30.43     21.26
    1.44      2.10
    0.00      0.00
    1.37      1.37
    4.26      0.72
    0.72      0.00
    0.00      0.00
    1.37      0.72
    0.00      0.00
    0.00      0.00
    0.00      0.00
    0.00      0.00
    0.00      0.00
    0.00      0.00
    0.00      0.00
    0.00      0.00
    0.00      0.00
    0.00      0.00
    0.00      0.00
    0.00      0.00
    0.00      0.00
    0.65      1.37
    0.00      0.00
    0.00      0.00
    0.00      0.65
    1.46      0.00
    0.00     14.37
   15.18      0.00
   14.37     15.15
   17.02     16.36
   23.25     25.49
    3.54     15.67
   20.86      4.04
   23.39     41.26
   34.64     20.72
    4.84     21.12
   45.16     43.68
    3.54      4.06
   19.19     18.56
   32.27     45.98
   17.67     18.27
   31.25      2.16
    3.53      5.43
    3.26     19.15
   21.97     24.75
   18.61      2.74
    9.54      7.07
    2.75      3.98
    3.40      2.16
    2.82      6.01
    4.12     17.81
    1.31      2.03
    2.09      0.72
   34.82     16.94
    3.40      3.54
    0.00      0.00
    0.65      0.00
    2.10      2.10
    1.37      0.72
    0.00      0.00
    0.72      0.00
    0.00      0.00
    0.00      0.00
    0.00      0.00
    0.00      0.00
    0.00      0.00
    0.00      0.00
    0.00      0.00
    0.00      0.00
    0.00      0.00
    0.00      0.00
    0.00      0.00
   28.51     27.33
  171.92    253.86
   43.09     37.68
   22.83    225.13
  125.22    169.92
   35.40     57.01
  124.47     48.86
   50.33     46.98
   61.09     23.26
   42.25     26.87
   54.74     44.70
   20.02     21.40
  129.79    115.71
  102.73     33.02
   80.75    136.69
  107.04     55.91
   62.44     74.88
  103.33     50.75
   82.62    105.33
  113.80     69.28
   22.85      4.19
   49.75     30.11
    2.81      6.01
   17.58      8.96
   10.06     22.12
   17.19      2.82
    6.48      1.31
    1.30      4.05
    3.47      2.09
    3.47      1.44
    6.01      6.29
    0.65     18.42
    2.03      2.82
    2.10      0.72
   30.87     16.43
    2.89      0.65
    0.00      0.65
    0.00      0.00
    3.47      1.44
    1.37      0.72
    0.00      0.00
    0.00      0.00
    0.00      0.00
    0.00      0.00
    0.00      0.00
    0.00      0.00
    0.00      0.00
    0.00      0.00
    0.68      0.00
    0.00      0.00
    0.00      0.00
    0.00      0.65
    0.74      0.00
    0.00     14.37
   14.44      0.72
    0.00      0.00
   15.74     16.38
   23.17     22.64
    3.23      4.53
    4.19      2.09
   22.35     19.06
    5.63      9.96
    2.61      6.08
    4.91     32.77
   38.87      8.95
   21.20     22.57
   17.83     19.22
    2.75     18.33
    4.25      1.44
   47.39     78.21
   31.46     48.02
   51.64     19.19
   17.20      2.88
    2.10      5.29
   17.75     19.79
   10.14      4.19
    7.02      7.87
    2.10      0.65
   16.48      3.46
    2.10      2.68
    1.96      4.64
    2.75      2.82
    4.19      2.75
    0.65      2.09
    3.60      0.65
    6.08      4.98
    0.72      0.00
    0.65      0.72
   16.54     16.46
    0.41      0.65
    0.00      0.00
    1.37      0.72
    1.44      0.00
    1.37      0.72
    0.00      0.00
    0.00      0.00
    0.00      0.00
    0.00      0.00
    0.00      0.00
   15.61     26.52
  151.93    196.59
  113.90    150.05
   42.50     78.28
   27.32    104.48
   34.59     43.19
   49.79     55.29
    6.91     15.66
  124.24    124.99
  154.63    107.25
   53.79     22.27
   80.85    100.28
  123.11     50.18
   94.56     71.55
   31.59     42.02
   22.66     37.69
   80.54     88.20
   88.32     48.97
   98.71     57.94
   16.77     48.54
   65.23     55.20
   74.84     68.67
   19.06     66.06
   83.03     49.50
   48.07     23.15
    2.75     15.76
   13.64     11.22
   19.29      7.59
    7.81     19.18
    6.49      1.30
   15.83     15.81
    0.65      2.03
   18.35      1.37
    0.72      2.68
    7.39      5.70
    4.12      4.79
    1.37      2.75
    0.72      0.00
    2.68      2.75
    4.26      1.44
    0.00      0.00
    2.10      0.00
    0.65      2.09
    0.00      0.00
    0.00      0.65
    0.65      0.00
    0.72      0.72
    1.37      0.72
    0.00      0.00
    0.00      0.00
    0.00      0.00
    0.00      0.00
    0.00      0.65
    0.74      0.00
    0.00      0.00
    0.00      0.00
   15.05     15.00
    0.65      0.72
    8.90     10.34
    0.72      1.31
    3.40     17.85
   22.98     20.21
   35.99     25.53
    2.75     17.78
    6.22      5.56
    6.15      7.52
    9.48      7.07
    1.44     17.04
   33.06     34.84
   18.54      2.17
   17.54     33.37
   34.20     20.62
   15.48     16.78
   35.13     65.07
   34.75     34.81
   20.07      6.22
   17.32      2.03
    3.47      2.75
    4.64      3.47
    5.50      7.01
    4.71      4.91
    2.82      0.00
    1.44     16.38
    1.31      1.44
   15.52     19.43
   17.11      4.79
    2.75      2.10
    5.57      2.16
    4.91      2.05
    3.50      4.19
    0.00      0.00
    4.06      3.47
    1.44      1.37
    0.00      0.00
    0.72      0.00
    0.72      0.00
    0.72      0.65
    0.00      0.65
    0.00      0.00
    1.37      0.72
  128.43    178.12
  120.90     73.93
   83.26    186.11
   36.74     87.24
   78.90    160.02
   44.19     55.42
   23.35     61.69
  100.28     37.50
   40.76     57.74
    2.11      2.82
   59.77     37.49
  122.45     87.94
  102.32     49.92
   64.70     17.42
   52.85     37.00
   20.63     25.25
   23.10      7.08
    5.77     14.84
  101.21     83.48
   78.30     22.11
   49.38     44.84
   84.64     61.18
    6.99      3.02
   86.64     79.80
   17.49     20.68
    8.57     19.32
   45.72     54.86
   10.29      4.94
   29.94     34.04
   30.06      9.85
   18.61     17.04
   15.88      5.20
    4.12      4.19
    1.44      0.00
    2.16      0.65
    1.37     15.10
    0.00      2.03
   19.66     21.36
   19.24      5.42
    2.03      2.16
    4.26      1.37
    2.03      2.75
    2.16      0.65
    2.10      0.72
    2.68      2.10
    1.37      1.44
    0.00      0.00
    0.72      0.00
    0.00      0.00
    0.00      0.65
    0.00      0.00
    0.00      0.65
    1.37      1.37
    0.74      0.00
    0.72     14.37
   14.43      0.72
    0.00      0.00
    2.09      2.68
    8.39      8.11
    1.37      0.65
    1.37     17.74
   25.12     19.87
   22.07     26.47
   31.28     30.98
   18.83     21.17
    7.01      6.08
   24.39     22.05
    4.98      5.63
    1.44     15.64
   17.81      3.33
    2.10     16.48
   18.33      2.83
    2.68     18.56
   32.02     35.42
    2.68      2.82
   52.13     49.23
   18.92      5.56
    3.54      6.15
   21.34     19.95
    3.40      3.47
    5.50      3.61
    5.57      2.16
    0.65      3.26
   18.13     17.67
    2.82      2.82
    2.75      1.44
    0.00      0.00
    1.44      3.92
    0.65      3.33
    1.37      0.00
   20.03     19.97
    2.75      2.10
    6.81      4.33
    2.10      2.75
    2.78      2.03
    1.37      0.65
    0.72      0.72
    2.03      2.10
    0.72      0.00
   16.33     26.51
  131.42    193.10
  152.44    122.74
   20.53    125.25
   87.96    138.92
   49.89     87.47
   44.34     26.67
   13.61     10.33
   28.42     34.58
    8.26     28.79
   27.32      4.93
   58.40     69.95
  111.87     34.64
  109.60    101.21
   84.05     62.84
   28.93     93.35
   47.50     53.41
   51.61     58.58
   65.82     67.00
   13.09     18.73
   75.09     47.50
    2.68      2.82
  101.93     79.17
   47.37     12.51
   27.75     15.10
   45.93     24.57
    2.89     18.90
   18.50     19.86
    3.47     17.22
   36.84      7.00
    1.78      4.40
    7.45     10.20
    4.26      1.44
    2.88      0.00
    3.61      1.96
    1.99      3.40
    4.06      3.54
   17.16     15.05
    2.10      1.37
    0.00      0.00
    0.72      0.65
    4.64      6.29
    2.03      1.96
    0.00      4.71
    4.78      2.82
    2.68      2.16
    6.36      2.75
    0.00      0.72
    2.75      1.37
    1.37      1.44
    1.31      1.37
    0.72      0.72
    0.00      0.65
    1.46      0.00
    0.00     14.37
   15.17      1.37
    0.00     15.66
   15.72      0.72
    9.82     10.13
    0.72      0.65
    2.75      2.10
    1.37      1.30
   10.07     11.79
    8.25      5.70
   15.82     17.16
    4.00     20.29
   49.79     49.41
   20.99     10.20
   39.29     34.71
   18.33     18.32
    2.09      2.68
    2.88      1.31
    2.75      2.75
    1.37      0.72
   17.48     34.95
   20.00     34.18
    4.09      2.75
   51.51     19.43
    1.31      2.10
   17.84     35.56
    1.96      2.82
    7.66      5.36
   18.46      5.56
    7.39      5.05
    6.28      4.26
    0.00      0.65
    0.72      1.31
    2.68      3.40
    4.05      3.61
    2.57      0.00
   15.09     18.49
    0.65      2.03
    0.00      1.31
    1.37      0.00
    4.98      3.40
    1.37      2.68
    5.43      5.56
    1.31      1.44
    4.91      2.75
    2.03      2.03
  105.28    157.45
   50.05     80.20
   84.01    214.63
   97.34    177.64
   69.91    117.91
   75.11     68.79
    8.69     30.35
   20.63     36.40
   43.59     10.59
   13.72      2.03
    7.48      2.07
    0.65      0.65
   11.72     13.47
   91.52     54.62
   36.48     46.06
   64.32     62.29
   90.90    101.93
   83.17     48.17
   63.60     54.00
   19.93     19.85
   47.15     29.43
   54.94     36.18
   85.53     53.07
   74.55     46.77
   71.55     51.18
   74.13     65.79
   28.85     49.08
   13.05      6.65
   16.90      3.41
   16.50      1.44
    4.78      4.19
    1.31      4.71
    3.99     20.56
    4.92      6.74
    4.06      3.54
   19.51      1.44
    4.98      2.03
    0.65      2.68
    1.38      2.03
    4.78      2.82
    2.16      0.72
    0.72      0.00
    0.00      0.65
    4.58      4.99
    0.00      1.37
    2.03      2.68
    0.72      2.03
    2.68      4.12
    2.75      2.75
    3.47      1.37
    2.82      2.10
    2.75      2.75
    1.39      0.72
    3.47      2.10
    0.00      0.00
    0.00     29.40
   33.00      3.54
    5.43      7.26
    6.43      4.19
    2.10      1.37
    0.72      0.65
    2.17      1.96
   12.03     13.23
    6.22      5.64
    0.72      0.65
    4.64      6.88
   66.44     65.36
    8.27     22.58
   66.82     50.60
   33.76     33.82
    4.21      5.36
    4.25      1.38
    0.00     15.04
   32.07     16.96
    4.07     16.41
   32.74     34.30
    2.75     21.78
   18.93      2.10
   19.48     18.47
    2.03     16.45
   18.46      6.22
   15.18      1.38
    3.54      2.68
    3.33      5.50
    4.71      1.37
    6.09      6.43
    4.12      6.87
    1.38      0.00
    0.72      1.37
    4.85      3.47
    0.65      2.03
    4.78      3.55
    1.44      0.00
    0.72      3.92
    0.00      0.00
    0.65      2.03
    0.65      0.65
    5.05      2.03
    3.30      2.03
   63.65    107.45
   61.70    103.73
   38.87    133.34
   44.26    147.40
   24.71     55.81
  138.73    179.44
   74.36     70.37
   68.17     50.69
   76.14     88.66
   78.63      8.06
   28.53     60.24
   53.12     18.87
   50.61     23.19
   18.73     16.56
   14.28      2.96
   13.20      2.96
   30.63     25.14
   71.24     57.76
   80.94     80.43
   92.51     66.63
   60.77     38.92
   70.04     65.81
   47.66     45.25
   68.78     61.22
   28.64     42.76
   44.35     27.12
   29.23     32.75
   19.84     17.92
    3.33     21.02
    6.88     19.06
    2.03     17.08
   57.10     24.72
   20.11     17.29
   22.92     15.09
   24.04     18.55
    4.40      4.71
    3.39      5.43
    2.10      2.10
    5.71      2.03
    5.43      2.82
    2.12      3.40
    0.65      0.72
    2.10      3.34
    3.40      2.77
    4.19      2.16
    1.44      0.00
    0.00      0.00
    3.92      4.98
    0.65      0.65
    0.65      3.40
    1.13      1.06
    2.68      4.12
    0.72      0.65
    3.47      2.68
    4.21      2.10
    0.65      1.44
    4.85      3.47
    1.31     18.34
   24.82      8.90
    2.17      2.03
    2.10      2.03
    2.10      2.03
    2.75      1.31
   13.08     15.98
    6.95      4.26
   16.60     15.10
    3.27      6.88
    6.94      6.87
   21.91     20.56
   37.10     34.73
   20.35     37.54
   33.13     17.92
   18.25     17.60
   17.61     32.32
   17.69     16.47
   31.73     30.91
   19.13     17.99
   33.60     21.28
    2.82      3.33
    2.68      6.74
    5.63      2.75
    4.19     30.70
   19.19      5.43
   15.11      2.15
    5.70      2.68
    1.96      3.40
   16.10     17.60
    5.50      1.37
    6.17      5.05
    2.10      4.78
    1.31      2.03
    1.38      1.44
    5.57      2.82
    0.00      0.65
    1.37      3.33
    3.27      3.47
    3.54      2.16
    2.16      3.92
    0.00      0.00
    0.00      0.65
   91.94    149.76
   31.50     79.87
   70.22    222.80
   24.16     80.95
   72.09    128.27
   68.32     58.86
   47.02     29.68
   77.26     92.15
   31.41    114.88
   60.06     44.29
   34.63     41.78
   88.44     48.93
   22.64     11.78
   85.99     31.98
   16.60      4.36
  101.29     82.52
   56.20      9.55
   65.17     88.00
   85.80     60.19
   94.34     95.00
   79.24     82.61
  109.38     33.06
   71.70     73.91
   49.17     60.65
   51.99     84.86
  120.26     38.36
   53.34     39.01
   36.55     22.28
   31.69     30.69
    4.06      2.75
   36.13     28.12
    3.47      2.75
   10.31     19.60
    5.02     16.68
   17.90      4.90
    0.00      0.65
    5.50      4.19
   18.40     21.79
    1.37      2.03
    3.53      1.37
    3.61      0.65
    2.03      2.75
    3.33      3.40
    0.72      1.44
    2.82      1.37
    0.72      1.96
    2.68      3.40
    4.05      4.26
    2.16      0.00
    1.44      0.00
    3.92      4.98
    0.00      0.00
    0.65      3.33
    2.77      2.11
    1.31      2.75
    1.44      0.65
    2.09      1.37
    9.62      8.76
    5.63      6.15
   18.49     19.93
    2.81      2.03
    4.26      2.03
    0.65      2.03
   16.87     15.32
    3.54      4.84
    1.37     15.74
   17.69     20.62
   20.48      7.45
   28.53     23.33
    6.28     24.13
   38.34     34.39
    2.16     19.06
   18.62     16.90
   47.17     31.41
   17.94     18.60
    2.82     30.76
   31.56     18.66
   36.07     21.40
   17.54     31.92
    2.82      4.06
    4.26     19.09
   19.22      5.51
    4.91      2.16
    4.78      4.72
   14.45      2.82
    2.17      0.00
    3.47      4.06
    1.38      2.68
    2.44      2.10
   21.92     19.43
    3.40      2.88
    2.10      2.68
    0.00      0.65
    1.37      1.38
    4.06      2.75
    2.10      2.16
    1.37      0.65
    0.72      2.03
    1.31      2.68
   80.99    131.35
   46.21     79.91
   32.60    183.22
   81.04    171.04
   70.10     96.70
   45.90     52.56
    7.99     36.49
   58.64     39.89
   72.76     36.90
   32.47     16.55
   38.02     27.87
   17.12      5.07
   37.59      5.70
    3.47      7.98
   88.26     73.08
   29.62     11.16
   66.97     31.26
   19.79     34.77
   69.21     50.12
   34.55     38.29
   84.02     70.11
   63.84     66.33
   80.53     38.38
   87.95    117.77
  166.62     88.49
   39.13     32.92
   30.61     47.92
   36.83     18.83
  130.31     73.10
   23.22     20.11
   95.29     63.65
   25.61     27.62
   18.33      6.97
    5.50      3.40
    1.44     17.56
   21.02      2.88
    2.03      3.47
    0.00      0.65
   18.35      2.10
    1.31      5.37
    2.03      4.78
    2.75      2.10
    5.71      0.72
    2.82      1.38
    1.34      1.37
    2.03      2.75
    0.65      1.31
    2.82      2.10
    2.10      0.72
    1.37      1.96
    0.65      2.10
    2.75      2.75
    2.82      2.03
    5.32      2.82
    4.60      4.20
    4.41      1.96
    0.00      0.72
   10.69      6.16
   10.83      8.11
    6.26      1.37
    0.72      2.68
   20.65     20.52
    3.47      0.00
   22.42     27.49
   14.47      9.82
    4.53      2.09
    4.13      3.47
    9.06     23.24
   21.47      4.85
   55.77     54.52
    9.16      6.80
   10.25     24.67
   18.79      3.40
    2.81      3.40
   34.17     47.91
   16.88     16.88
    3.47      2.03
    2.16      2.68
   17.53     30.90
    2.03      4.12
   19.06     48.63
   19.95      5.56
   64.24     35.39
    4.92      4.79
    5.63      2.09
    6.11     21.07
    0.72      2.10
    2.89     15.67
   19.92      3.55
    1.06      1.31
    1.37      2.03
   17.90      2.82
    6.73      4.98
    2.03      2.82
    0.00      0.65
    2.75      2.75
    0.72      0.00
    2.68      2.82
    1.37      1.31
   73.97    102.96
   94.64     94.94
   35.12    181.12
   22.40    133.23
   33.62     94.48
   45.09     65.65
   71.20    103.88
   82.13     60.45
   15.66     25.81
   56.87     61.07
   17.58      4.26
  110.04     62.14
   19.16     31.67
   27.90     11.65
   29.54     39.04
   94.66     48.20
   47.49      8.74
   81.70     58.78
   66.68     63.81
   23.05     20.28
   77.87     98.95
   65.99     35.93
   44.52     38.86
    8.46     18.65
    4.11     16.15
   36.58     24.70
   38.43     25.68
   46.62     33.23
    8.31      3.61
   60.09     41.23
   16.42      2.20
   58.29     66.64
   20.57     34.65
   13.66     35.97
   23.32      6.29
    5.00      5.58
   19.18      4.92
    4.12      0.72
    4.70      5.04
    0.00     16.40
    0.65      1.38
    2.10      1.38
   44.28     41.79
    1.31      4.06
   54.52     55.79
   18.76      0.72
   12.41      2.03
    6.52      2.10
    2.89      2.03
    1.37      2.09
    2.10      1.37
    2.75      1.37
    0.00      1.37
    1.44      1.31
    2.05      2.77
    3.40      3.47
    2.75      0.72
    4.06      3.54
    6.95      9.36
    4.19      4.78
    2.03      3.47
   30.62     25.33
    1.44      2.03
   29.98     28.62
   35.36     35.76
   11.78     37.89
   42.89      6.79
   18.50     19.65
   23.94      7.87
    6.22      7.46
   21.83     21.03
   27.20     25.53
    8.96     21.97
   35.80     22.44
    5.56      4.05
   18.71     17.86
    3.54      2.03
   16.57     17.21
    2.75     17.06
   17.34     16.48
    3.99      3.47
   32.50     17.55
   17.91     35.13
    4.20      4.12
   34.49     36.20
    4.19      3.47
    4.84     20.43
    4.78      4.85
    5.63      4.71
   19.20      0.72
    3.54      1.38
    0.65      2.03
    1.38      2.68
    0.65      0.65
    2.10      1.37
    6.02      6.42
    3.47      1.44
    0.00     15.03
    0.65      2.03
   17.94      1.37
   90.22     78.52
   48.65     72.10
   61.95    103.81
   40.59    210.69
   71.03     46.58
   64.20    167.65
    6.82      3.40
   15.16      7.96
   32.50     30.34
   19.43     95.35
    5.00     11.64
   29.26     35.12
   10.09      3.60
    3.93      4.61
   87.90     57.22
   75.90     87.59
  182.32    110.44
   79.88     17.91
   83.44    115.42
   26.61      7.25
  138.57     89.95
  112.91     87.81
   17.71      8.62
  151.52     85.70
   31.65     26.96
   32.42     22.50
    2.73      3.52
   25.12      3.28
    4.12     16.91
   47.98     22.72
   37.64     22.65
    4.19     15.46
   25.90      7.18
   34.78     22.16
   57.96     36.40
    6.15      5.64
    5.72     20.63
    4.64      7.01
    5.57     15.11
    6.09      7.80
    1.44      0.65
    1.37      1.37
    1.43      0.00
    1.31      2.10
    2.03      5.36
    1.37      3.33
    3.54      0.72
    2.89      0.00
    2.71      0.72
    2.03     18.26
    0.00      0.00
   16.88      0.71
    0.72      0.72
    0.65      1.31
    1.39      3.99
    0.65      1.44
    3.54      0.72
    4.84      7.32
    8.38      6.80
    4.78      3.54
    4.77      4.91
    1.44      1.31
    1.37      3.99
    2.75      2.68
    9.93     15.90
   10.41      5.70
    7.00     34.24
   20.83      2.75
    3.99      6.29
    3.33      6.80
   35.77     34.64
   25.11     41.38
   28.81      9.18
   20.75     36.42
   36.11     21.89
    3.47      2.68
   18.74     18.51
    2.75      2.03
    4.85      4.21
   32.42     46.65
   32.18     18.39
   17.55     18.35
    1.38     15.04
    2.82     19.05
   18.99      5.50
   31.70     34.31
   20.59      5.71
    5.64      5.38
    4.79      4.77
    4.84      6.80
    3.54      1.31
    5.64      2.75
    3.46      2.82
    0.72      0.65
    0.65      2.03
    2.10      1.38
    5.43      4.26
    3.34      2.91
    0.74      1.31
   45.82     78.51
   85.40    118.93
    2.74    120.56
   15.89    152.64
   17.97     27.88
  133.75    171.12
   51.50     81.85
   29.25     83.76
   94.37     64.96
   28.39     24.59
   39.79      5.26
   50.28     31.44
   49.79     22.43
   11.60     14.46
   17.07      5.29
   52.24     17.61
    8.18      5.50
   71.12     75.75
   56.17     18.74
    5.59      7.02
   22.97     20.50
   45.82     28.74
   41.00     63.64
   49.29     10.99
   34.71     28.18
   47.72     42.77
   40.54     61.04
   58.26     67.64
   69.46     40.40
   24.95     63.32
   30.69     47.05
   51.41     19.90
   42.13     25.20
   23.56     13.05
   21.15     19.58
    2.89     16.18
    3.40     32.69
   61.09     29.73
    4.85      4.12
   98.79     71.72
   18.36      2.12
   25.63     15.52
    2.77      2.75
    2.10      2.10
    1.44      0.65
    2.68      2.75
    2.68      3.40
    0.65      4.06
    0.72      2.03
    4.98      0.74
    2.90      0.00
    1.72      1.78
    0.00      1.37
    0.74      1.31
    1.38     15.84
    2.03      1.44
   17.21      2.02
    2.10      3.40
   10.49      9.42
    3.47      2.03
    1.44      1.44
    0.72      1.31
    1.44      1.96
    3.92      4.73
    8.14      5.64
   12.42     13.27
    3.40      7.58
    6.88      8.17
    4.84      3.47
    6.02      5.64
   19.94     34.32
    7.73      8.77
    8.97     22.64
   26.76     24.11
    7.68     36.85
   34.46      6.15
    4.78      5.43
   34.16     33.34
    6.24      2.86
    2.12      3.33
   16.39     47.17
   18.65     33.64
   51.22     35.28
   15.82      2.12
   16.49     16.46
   18.51     17.99
    2.17      2.68
    2.75     34.10
   19.20      5.52
   19.13      5.36
    4.13      4.80
   19.75     35.78
    5.59      3.44
   20.52      3.47
    2.03      2.82
    4.35      1.31
    0.65      2.68
    1.31      1.38
    2.17      0.72
   33.90     31.38
   90.66    175.06
    0.74     53.60
   45.61    181.86
   80.08    102.61
   72.80    109.58
   80.50     92.79
   49.35      4.74
    6.71      2.67
    6.14     50.70
    3.42      2.10
    2.01     12.98
   28.92      1.40
   23.66     54.70
   26.91      4.68
   18.39     19.60
   36.96     32.35
   22.67      4.86
  103.91     96.34
   14.44      6.15
  106.62    114.54
   93.34     80.86
   42.38     45.72
   96.76     87.98
   36.18     25.14
   49.18     74.86
   49.93     36.36
  128.94     76.04
   61.67     63.09
   15.70     73.79
   78.31     35.56
   41.55     72.91
  111.48     95.43
   70.71     65.69
   55.20     35.53
   52.97     21.06
   32.82     18.42
   44.08     24.03
   29.91     31.00
   21.33     21.40
    4.29      4.21
    4.06      5.59
    7.64      2.18
   18.33     37.07
    1.37      1.31
   19.78      6.40
    3.49      2.75
    1.37      0.00
    2.12      2.75
    2.03      6.02
    2.03      2.10
    3.61      0.00
    3.54      0.65
    1.39      2.11
    0.74      1.31
    0.65      0.72
    0.00      0.00
    2.75      2.10
    9.75     10.06
    1.44      3.33
    2.75      2.12
    1.38      1.38
    2.16      1.96
    3.40      2.75
    2.10      2.10
    8.76      9.55
    9.61      8.44
    6.01      7.70
    3.51      5.45
    5.58      5.43
    7.32      6.42
    6.80      7.59
   20.56     23.82
   11.22      8.18
   12.16      9.03
    6.95     23.50
   20.46     21.22
   20.08      4.77
    5.57      4.85
   33.59     31.41
    2.16      1.37
   31.20     49.61
   35.80     19.91
   21.23     19.95
   33.75     32.54
    2.70     47.95
   19.85     18.54
   65.32     20.44
    2.10      2.77
    3.49     19.77
   19.38      3.40
    4.21      4.80
    3.33      6.82
    4.93      4.08
    5.68     17.17
   20.74     18.52
   18.01      1.37
    2.68      4.12
    5.59      3.51
   31.84     29.25
   58.52    112.42
   51.55    108.98
   26.42    108.13
   16.33     80.17
   35.55     80.34
   21.15     53.78
   98.07    109.11
   68.47     38.30
   89.07    138.75
   35.37      4.11
   28.32     11.13
   49.10     13.15
   14.24      3.63
   14.91      2.82
    8.86     13.06
   43.10     12.17
    7.02      8.73
    4.06      5.50
   69.96     45.65
   51.53     33.91
   37.64     27.69
   59.07     40.02
   37.23     52.01
   39.25     28.96
   34.91     42.27
   50.06     28.61
   92.86     67.59
   78.31     47.10
   83.52     91.41
   75.58     48.45
  110.54     85.95
   35.72     32.35
  101.38    121.58
   25.85     19.16
   16.98     29.39
   82.75     35.26
   26.33     27.19
   84.35     71.17
   35.10     31.90
   56.94     42.29
   21.12      8.71
   28.46     26.01
   11.70      5.64
   59.24     38.84
   19.89      7.16
    9.61      1.52
    2.03      2.75
    2.03      1.44
    2.75      4.06
    2.03      1.44
    4.05      3.33
    2.05      5.54
    0.00      2.03
    4.35      1.31
    3.56      0.65
    2.75      2.18
    0.74      1.31
    6.95      6.67
    5.64      3.47
    1.37      2.75
    0.00      0.00
    3.40      4.08
    0.65      2.75
    2.16      0.65
    0.72      1.96
   11.45     11.79
    8.97      7.66
    2.75      3.40
    2.82      4.08
    7.57      3.47
    5.23      9.76
    7.48      9.07
   24.23     39.05
   27.45     11.72
    9.49     10.55
    6.15      8.25
    9.18      4.13
    4.80      5.52
    6.37      4.05
    5.42     32.86
   18.39      3.61
   17.19     32.63
   18.97      6.01
    6.94      4.33
    2.03      0.65
    2.03      4.86
   31.94     63.46
   32.13     33.68
    9.80     19.88
   16.88     18.36
   33.71     36.19
   22.02      3.56
   21.42      6.26
    4.16      6.74
    4.21     19.83
    4.28      0.74
    5.70      1.38
   15.45      2.75
    1.37      2.09
   89.02    127.70
   60.50     44.19
   86.07    178.25
   48.35     84.97
   43.35     83.34
   54.88     30.92
    1.44      1.93
   23.56     77.20
    7.42     59.68
   70.89     35.27
    1.53      0.00
   25.61     36.08
   31.22      1.31
   49.34     37.33
   33.01      4.23
   72.51     75.16
   37.53     54.99
   77.79      2.97
   13.64     56.87
   57.26     18.66
    3.56     42.34
   58.78     15.07
   44.07     34.90
  121.94     86.96
   61.73     35.01
   30.53     51.91
  161.12    110.97
   55.88     78.77
   78.25    117.50
   40.10     33.77
   70.78     64.63
   29.60     16.81
  149.27     63.59
   91.59     46.44
   45.11     15.57
   12.50      3.26
   91.27     50.79
   40.04     39.70
   46.78     12.28
   40.25     39.30
   64.78     62.10
   41.30     22.06
   37.80     34.93
    7.47      4.73
   21.04      6.38
    6.84      4.28
    5.45     21.17
    0.65      0.65
    0.72      0.72
   17.89      2.10
    1.96      2.03
    2.03      2.89
    2.75      2.75
    2.70      4.06
    0.00      3.33
    3.54      0.00
    4.16      3.51
    9.18      9.42
    3.49      4.07
    2.77      1.44
    1.37      1.37
    2.82      1.37
    2.03      0.72
    0.00      2.05
    1.38      2.03
    8.63     10.21
   11.07     10.62
    2.16      0.65
    1.44      1.31
    2.68      4.05
    6.73      7.07
    5.38      6.31
    7.71      7.26
   10.33     41.29
    8.19      5.57
    9.59     11.62
   11.09     10.42
    3.54      4.71
    5.57      6.15
    7.77      4.08
    6.89     21.31
   19.44      1.31
   14.80     19.78
    7.60     17.94
   18.58     32.66
   31.64     19.22
   50.68     49.14
   16.96     18.61
    4.12     18.20
   32.80     21.39
    3.61      2.61
    3.40     19.12
    4.85     20.38
   37.44     19.73
    7.64     21.92
   17.92      8.80
   20.03      6.24
    6.40      2.14
    5.13      0.00
    0.48      0.00
    0.00      0.00
    0.00      0.00
    0.00      0.00
    0.00      0.00
    0.00      0.00
    0.00      0.00
    0.00      0.00
    0.00      0.00
    0.00      0.00
    0.00      0.00
    0.00      0.00
    0.00      0.00
    0.00      0.00
    0.00      0.00
    0.00      0.00
    0.00      0.00
    0.00      0.00
    0.00      0.00
    0.00      0.00
    0.00      0.00
    0.00      0.00
    0.00      0.00
    0.00      0.00
    0.00      0.00
    0.00      0.00
    0.00      0.00
    0.00      0.00
    0.00      0.00
    0.00      0.00
    0.00      0.00
    0.00      0.00
    0.00      0.00
    0.00      0.00
    0.00      0.00
    0.00      0.00
    0.00      0.00
    0.00      0.00
