      h_eth1      
 KB/s in  KB/s out
    0.00      0.00
    0.00      0.00
    0.00      0.00
    0.00      0.00
    0.00      0.00
    0.00      0.00
    0.00      0.00
    0.00      0.00
    0.00      0.00
    0.00      0.00
    0.00      0.00
    0.00      0.00
    0.00      0.00
    0.00      0.00
    1.36      0.00
    0.00      0.00
    0.00      0.00
    0.00      0.00
    0.00      0.00
    0.00      0.00
    0.00      0.00
    0.00      0.00
    0.00      0.00
    0.00      0.00
    0.00      0.00
    0.00      0.00
    0.00      0.00
    0.00      0.00
    0.00      0.00
    0.00      0.00
    0.00      0.00
    0.00      0.00
    0.00      0.00
    0.00      0.00
    0.00      0.00
    0.00      0.00
    0.00      0.00
    0.00      0.00
    0.00      0.00
    0.00      0.00
    0.00      0.00
    0.00      0.00
    0.00      0.00
    0.00      0.00
    0.00      0.00
    0.00      0.00
    0.00      0.00
    0.00      0.00
    0.00      0.00
    0.00      0.00
    0.00      0.00
    0.00      0.00
    0.00      0.00
    0.00      0.00
    0.68      0.00
    0.00      0.00
    0.00      0.00
    0.00      0.00
    0.00      0.00
    0.00      0.00
    0.00      0.00
    0.00      0.00
    0.00      0.00
    0.00      0.00
    0.00      0.00
    0.00      0.00
    0.00      0.00
    0.00      0.00
    0.00      0.00
    0.00      0.00
    0.00      0.00
    0.00      0.00
    0.00      0.00
    0.00      0.00
    0.00      0.00
    0.00      0.00
    0.00      0.00
    0.00      0.00
    0.00      0.00
    0.00      0.00
    0.00      0.00
    0.00      0.00
    0.00      0.00
    0.00      0.00
    0.00      0.00
    0.00      0.00
    0.00      0.00
    0.00      0.00
    0.00      0.00
    0.00      0.00
    0.00      0.00
    0.00      0.00
    0.00      0.00
    0.00      0.00
    0.00      0.00
    1.36      0.00
    0.00      0.00
    0.00      0.00
    0.00      0.00
    0.00      0.00
    0.00      0.00
    0.00      0.00
    0.00      0.00
    0.00      0.00
    0.00      0.00
    0.00      0.00
    0.00      0.00
    0.00      0.00
    0.00      0.00
    0.00      0.00
    0.00      0.00
    0.41      0.00
    0.00      0.00
    0.00      0.00
    0.00      0.00
    0.00      0.00
    0.00      0.00
    0.00      0.00
    0.00      0.00
    0.00      0.00
    0.00      0.00
    0.00      0.00
    0.00      0.00
    0.00      0.00
    0.00      0.00
    0.00      0.00
    0.00      0.00
    0.00      0.00
    0.00      0.00
    0.00      0.00
    0.00      0.00
    0.00      0.00
    0.00      0.00
    0.00      0.00
    0.00      0.00
    0.00      0.00
    0.00      0.00
    0.00      0.00
    0.00      0.00
    0.00      0.00
    0.00      0.00
    0.00      0.00
    0.00      0.00
    0.00      0.00
    0.00      0.00
    0.00      0.00
    0.00      0.00
    0.00      0.00
    0.00      0.00
    0.00      0.00
    0.00      0.00
    0.00      0.00
    0.00      0.00
    0.00      0.00
    0.00      0.00
    0.00      0.00
    0.00      0.00
    0.00      0.00
    0.00      0.00
    0.00      0.00
    0.00      0.00
    0.00      0.00
    0.00      0.00
    0.00      0.00
    0.00      0.00
    0.00      0.00
    0.00      0.00
    0.00      0.00
    0.00      0.00
    0.00      0.00
    0.00      0.00
    0.00      0.00
    0.00      0.00
    0.00      0.00
    0.00      0.00
    0.00      0.00
    0.00      0.00
    0.68      0.00
    0.00      0.00
    0.00      0.00
    0.00      0.00
    0.00      0.00
    0.00      0.00
    0.00      0.00
    0.00      0.00
    0.00      0.00
    0.00      0.00
    0.00      0.00
    0.00      0.00
    0.00      0.00
    0.00      0.00
    0.00      0.00
    0.00      0.00
    0.00      0.00
    0.00      0.00
    0.00      0.00
    0.00      0.00
    0.00      0.00
    0.00      0.00
    0.00      0.00
    0.00      0.00
    0.00      0.00
    0.00      0.00
    0.00      0.00
    0.00      0.00
    0.00      0.00
    0.00      0.00
    0.00      0.00
    0.00      0.00
    0.00      0.00
    0.00      0.00
    0.00      0.00
    0.00      0.00
    0.00      0.00
    0.00      0.00
    0.00      0.00
    0.00      0.00
    0.00      0.00
    2.05      0.00
    0.00      0.00
    0.00      0.00
    0.00      0.00
    0.00      0.00
    0.00      0.00
    0.00      0.00
    0.00      0.00
    0.00      0.00
    0.00      0.00
    0.00      0.00
    0.00      0.00
    0.00      0.00
    0.00      0.00
    0.00      0.00
    0.00      0.00
    0.00      0.00
    0.00      0.00
    0.00      0.00
    0.00      0.00
    0.00      0.00
    0.00      0.00
    0.00      0.00
    0.00      0.00
    0.00      0.00
    0.00      0.00
    0.00      0.00
    0.00      0.00
    0.00      0.00
    0.00      0.00
    0.00      0.00
    0.00      0.00
    0.00      0.00
    0.00      0.00
    0.00      0.00
    0.00      0.00
    0.00      0.00
    0.00      0.00
    0.00      0.00
    0.00      0.00
    0.00      0.00
    0.00      0.00
    0.00      0.00
    0.00      0.00
    0.00      0.00
    0.00      0.00
    0.00      0.00
    0.00      0.00
    0.00      0.00
    0.00      0.00
    0.00      0.00
    0.00      0.00
    0.00      0.00
    0.00      0.00
    0.00      0.00
    0.00      0.00
    0.00      0.00
    0.00      0.00
    0.00      0.00
    0.00      0.00
    0.00      0.00
    0.00      0.00
    0.00      0.00
    0.00      0.00
    0.00      0.00
    0.00      0.00
    0.00      0.00
    0.00      0.00
    0.00      0.00
    0.00      0.00
    0.00      0.00
    0.00      0.00
    0.00      0.00
    0.00      0.00
    0.00      0.00
    0.00      0.00
    0.00      0.00
    0.00      0.00
    0.00      0.00
    0.00      0.00
    0.00      0.00
    0.00      0.00
    0.68      0.00
    0.00      0.00
    0.00      0.00
    0.00      0.00
    0.00      0.00
    0.00      0.00
    0.00      0.00
    0.00      0.00
    0.00      0.00
    0.00      0.00
    0.41      0.00
    0.00      0.00
    0.00      0.00
    0.00      0.00
    0.00      0.00
    0.00      0.00
    0.00      0.00
    0.00      0.00
    0.00      0.00
    0.00      0.00
    0.00      0.00
    0.00      0.00
    0.00      0.00
    0.00      0.00
    0.00      0.00
    0.00      0.00
    0.00      0.00
    0.00      0.00
    0.00      0.00
    0.00      0.00
    0.00      0.00
    0.00      0.00
    0.00      0.00
    0.00      0.00
    0.00      0.00
    0.00      0.00
    0.00      0.00
    0.00      0.00
    0.00      0.00
    0.00      0.00
    0.00      0.00
    0.00      0.00
    0.00      0.00
    0.00      0.00
    0.00      0.00
    0.00      0.00
    0.00      0.00
    0.00      0.00
    0.00      0.00
    0.00      0.00
    0.00      0.00
    0.00      0.00
    0.00      0.00
    0.00      0.00
    0.00      0.00
    0.00      0.00
    0.00      0.00
    0.00      0.00
    0.00      0.00
    0.00      0.00
    0.00      0.00
    0.00      0.00
    0.00      0.00
    0.00      0.00
    0.00      0.00
    0.00      0.00
    0.00      0.00
    0.00      0.00
    0.00      0.00
    0.00      0.00
    0.00      0.00
    0.00      0.00
    0.00      0.00
    0.00      0.00
    0.00      0.00
    0.00      0.00
    0.00      0.00
    0.00      0.00
    0.00      0.00
    0.00      0.00
    0.00      0.00
    0.00      0.00
    0.00      0.00
    0.00      0.00
    0.00      0.00
    0.00      0.00
    0.00      0.00
    0.00      0.00
    0.00      0.00
    0.00      0.00
    0.00      0.00
    0.00      0.00
    0.00      0.00
    0.00      0.00
    0.00      0.00
    0.00      0.00
    0.00      0.00
    0.00      0.00
    0.00      0.00
    0.00      0.00
    0.00      0.00
    0.00      0.00
    0.00      0.00
    0.00      0.00
    0.00      0.00
    0.00      0.00
    0.00      0.00
    0.00      0.00
    0.00      0.00
    0.00      0.00
    0.41      0.00
    0.00      0.00
    0.00      0.00
    0.00      0.00
    0.00      0.00
    0.00      0.00
    0.00      0.00
    0.00      0.00
    0.00      0.00
    0.00      0.00
    0.00      0.00
    0.00      0.00
    0.68      0.00
    0.00      0.00
    0.00      0.00
    0.00      0.00
    0.00      0.00
    0.00      0.00
    0.00      0.00
    0.00      0.00
    0.00      0.00
    0.00      0.00
    0.00      0.00
    0.00      0.00
    0.00      0.00
    0.00      0.00
    0.00      0.00
    0.00      0.00
    0.00      0.00
    0.00      0.00
    0.00      0.00
    0.00      0.00
    0.00      0.00
    0.00      0.00
    0.00      0.00
    0.00      0.00
    0.00      0.00
    0.00      0.00
    0.00      0.00
    0.00      0.00
    0.00      0.00
    0.00      0.00
    0.00      0.00
    0.00      0.00
    0.00      0.00
    0.00      0.00
    0.00      0.00
    0.00      0.00
    0.00      0.00
    0.00      0.00
    0.00      0.00
    0.00      0.00
    0.00      0.00
    0.00      0.00
    0.00      0.00
    0.00      0.00
    0.00      0.00
    0.00      0.00
    0.00      0.00
    0.00      0.00
    0.00      0.00
    0.00      0.00
    0.00      0.00
    0.00      0.00
    0.00      0.00
    0.00      0.00
    0.00      0.00
    0.00      0.00
    0.00      0.00
    0.00      0.00
    0.00      0.00
    0.00      0.00
    0.00      0.00
    0.00      0.00
    0.00      0.00
    0.00      0.00
    0.00      0.00
    0.00      0.00
    0.00      0.00
    0.00      0.00
    0.00      0.00
    0.00      0.00
    0.00      0.00
    0.00      0.00
    0.00      0.00
    0.00      0.00
    0.00      0.00
    0.00      0.00
    0.00      0.00
    0.00      0.00
    0.00      0.00
    0.00      0.00
    0.00      0.00
    0.00      0.00
    0.00      0.00
    0.00      0.00
    0.00      0.00
    0.00      0.00
    0.00      0.00
    0.41      0.00
    0.41      0.00
    0.00      0.00
    0.00      0.00
    0.00      0.00
    0.00      0.00
    0.00      0.00
    0.00      0.00
    0.00      0.00
    0.00      0.00
    0.00      0.00
    0.00      0.00
    0.00      0.00
    0.00      0.00
    0.00      0.00
    0.00      0.00
    0.00      0.00
    0.00      0.00
    0.00      0.00
    0.00      0.00
    0.00      0.00
    0.00      0.00
    0.00      0.00
    0.00      0.00
    0.00      0.00
    0.00      0.00
    0.00      0.00
    0.00      0.00
    0.00      0.00
    0.00      0.00
    0.00      0.00
    0.00      0.00
    0.00      0.00
    0.00      0.00
    0.00      0.00
    0.00      0.00
    0.00      0.00
    0.00      0.00
    0.00      0.00
    0.00      0.00
    0.00      0.00
    0.00      0.00
    0.00      0.00
    0.00      0.00
    0.00      0.00
    0.00      0.00
    0.00      0.00
    0.00      0.00
    0.00      0.00
    0.00      0.00
    0.00      0.00
    0.00      0.00
    0.00      0.00
    0.00      0.00
    0.00      0.00
    0.00      0.00
    0.00      0.00
    0.00      0.00
    0.00      0.00
    0.00      0.00
    0.00      0.00
    0.00      0.00
    0.00      0.00
    0.00      0.00
    0.00      0.00
    0.00      0.00
    0.00      0.00
    0.00      0.00
    0.00      0.00
    0.00      0.00
    0.00      0.00
    0.00      0.00
    0.00      0.00
    0.00      0.00
    0.00      0.00
    0.00      0.00
    0.00      0.00
    0.00      0.00
    0.00      0.00
    0.00      0.00
    0.00      0.00
    0.00      0.00
    0.00      0.00
    0.00      0.00
    0.00      0.00
    0.00      0.00
    0.00      0.00
    0.00      0.00
    0.00      0.00
    0.00      0.00
    0.00      0.00
    0.00      0.00
    0.00      0.00
    0.00      0.00
    0.00      0.00
    0.00      0.00
    0.00      0.00
    0.00      0.00
    0.00      0.00
    0.00      0.00
    1.23     26.16
   25.74     21.27
   48.48     39.72
   11.72      1.58
    1.43      0.00
    0.00      0.00
    0.00      0.00
    0.00      0.00
    0.00      0.00
    0.00      0.00
    0.00     14.83
    0.00      0.00
 1610.27    789.69
 1329.96    475.32
  863.21   1721.19
 1026.68   1584.70
  799.81    751.54
  377.95    285.33
  121.08     13.22
  268.42     81.73
   32.01      7.71
    3.31      0.00
    2.16      0.00
    0.00      0.00
    0.00      0.00
    0.00      0.00
    0.00      0.00
    0.00      0.00
    0.00      0.00
    0.00      0.00
    0.00      0.00
    0.00      0.00
    0.00      0.00
    0.00      0.00
    0.00      0.00
    0.00      0.00
    0.00      0.00
    0.00      0.00
    0.00      0.00
    0.00      0.00
    0.00      0.00
    0.00      0.00
    0.00      0.00
    0.00      0.00
    0.00      0.00
    0.00      0.00
    0.00      0.00
    0.00      0.00
    0.00      0.00
    0.00      0.00
    0.00      0.00
    0.00      0.00
    0.00      0.00
    0.41      0.41
    0.00      0.00
    0.00      0.00
    0.00      0.00
    0.00      0.00
    0.00      0.00
    0.00      0.00
    0.00      0.00
    0.00      0.00
    0.00      0.00
    0.00      0.00
    0.00      0.00
   92.48    134.03
  208.91    371.53
  255.23    133.39
  141.75    136.08
   48.46     15.81
   30.33      1.45
   57.55     46.21
   15.09     15.17
    0.00      0.00
    1.44      0.00
    0.72      0.00
    0.00      0.00
    0.00      0.00
    0.00      0.00
    0.00      0.00
    0.00      0.00
    0.00      0.00
    0.00      0.00
    0.00      0.00
    0.00      0.00
    0.00      0.00
    0.00      0.00
    0.00      0.00
    0.00      0.00
    0.00      0.00
    0.00      0.00
    0.00      0.00
    0.00      0.00
    0.00      0.00
    0.00      0.00
    0.00      0.00
    0.00      0.00
    0.00      0.00
    0.00      0.00
    0.00      0.00
    1.23      0.00
    0.00      0.00
    0.00      0.00
    0.00      0.00
    0.00      0.00
    0.00      0.00
    0.00      0.00
    0.00      0.00
    0.00      0.00
    0.00      0.00
    0.00      0.00
  250.44    301.71
  234.45    265.07
  186.40     99.11
  236.79    192.19
  123.10     85.32
  178.19    224.18
  218.81    157.39
  240.24    284.26
  209.09    122.61
   18.46     45.84
   61.97      8.45
   14.79     14.84
   45.97      1.43
   15.44     30.43
   14.79     14.85
    1.44      0.00
    0.00      0.00
    0.72      0.00
    0.00      0.00
    0.00      0.00
    0.00      0.00
    0.00      0.00
    0.00      0.00
    0.00      0.00
    0.00      0.00
    0.00      0.00
    0.00      0.00
    0.00      0.00
    0.00      0.00
    0.00      0.00
    0.00      0.00
    0.00      0.00
    0.00      0.00
    0.00      0.00
    0.00      0.00
    0.00      0.00
    0.00      0.00
    0.00      0.00
    0.00      0.00
    0.00      0.00
    0.00      0.00
    0.00      0.00
    0.00      0.00
    0.00      0.00
    0.00      0.00
    0.00      0.00
    0.00      0.00
    0.00      0.00
    0.00      0.00
    0.00      0.00
    0.00      0.00
    0.00      0.00
    0.00     15.11
   32.74     30.27
  107.73    124.36
   61.92     17.14
  183.96    219.11
   79.68     80.27
   94.28    258.37
  245.96     85.34
   65.92     63.07
   36.54      2.91
   15.72     45.05
    0.00      0.00
   31.56      1.44
   29.98     31.58
   14.99     15.05
    1.45      0.00
    0.00      0.00
    0.72      0.00
    0.00      0.00
    0.00      0.00
    0.00      0.00
    0.00      0.00
    0.00      0.00
    0.00      0.00
    0.00      0.00
    0.00      0.00
    0.00      0.00
    0.00      0.00
    0.00      0.00
    0.00      0.00
    0.00      0.00
    0.00      0.00
    0.00      0.00
    0.00      0.00
    0.00      0.00
    0.00      0.00
    0.00      0.00
    0.41      0.00
    0.00      0.00
    0.00      0.00
    0.00      0.00
    0.00      0.00
    0.00      0.00
    0.00      0.00
    0.00      0.00
    0.00      0.00
    0.00      0.00
   14.34      0.00
  163.88    258.19
  201.95    226.81
   65.76     31.44
  133.57    118.51
  169.84    136.10
  250.11    160.88
  146.04    161.27
  142.96    104.99
   97.23     97.87
  159.98    239.05
  189.66    114.74
  187.27    149.02
   81.41     16.20
   32.43     15.88
   21.37     34.40
    0.72      0.00
   31.81      0.72
   30.21     32.44
    0.00      0.00
   16.55     15.89
    0.72      0.00
    0.00      0.00
    0.72      0.00
    0.00      0.00
    0.00      0.00
    0.00      0.00
    0.00      0.00
    0.00      0.00
    0.00      0.00
    0.00      0.00
    0.00      0.00
    0.00      0.00
    0.00      0.00
    0.00      0.00
    0.00      0.00
    0.00      0.00
    0.00      0.00
    0.00      0.00
    0.00      0.00
    0.00      0.00
    0.00      0.00
    0.00      0.00
    0.00      0.00
    0.00      0.00
    0.00      0.00
    0.00      0.00
    0.00      0.00
    0.00      0.00
    0.00      0.00
    0.00      0.00
    0.00      0.00
    0.00      0.65
    0.00      0.00
   32.77     46.01
   17.90      4.77
   46.36     45.41
   49.37     77.35
   38.82     38.35
   35.91     20.72
    2.75      0.65
   32.62     37.66
   23.80     11.86
   23.33     21.45
   17.88     17.88
    4.29     15.09
    1.37      0.72
    0.00      1.30
   15.80      0.71
    0.00      0.00
    2.75      1.44
    0.00      0.00
    0.65      0.72
    0.00      0.00
    0.00      0.00
    0.00      0.00
    0.00      0.00
    0.00      0.00
    0.00      0.00
    0.00      0.00
    0.00      0.00
    0.00      0.00
    0.00      0.00
    0.00      0.00
    0.00      0.00
    0.00      0.00
    0.00      0.00
    0.00      0.00
    0.00      0.00
    0.82      0.00
    0.00      0.00
    0.00      0.00
    0.00      0.00
    0.00      0.00
    0.00      0.00
    0.00      0.00
    0.00      0.00
    0.00      0.00
    0.00      0.00
    0.00      0.00
   31.18     53.01
  277.91    316.65
  124.17    133.01
   95.40     65.73
   55.67     43.30
  170.99    103.11
  245.28    102.34
   71.53     66.33
   30.68     40.33
  112.93     76.24
   33.66     29.76
    3.54      1.96
   78.80     64.11
   11.19      8.12
   64.77     42.19
   21.18     18.27
   16.48     15.82
    1.44      0.72
    1.44     14.79
    1.52      0.00
    0.65      2.75
   14.85      0.72
    0.00      0.65
    1.44      0.00
    0.00      0.00
    0.72      0.00
    0.00      0.00
    0.00      0.00
    0.00      0.00
    0.00      0.00
    0.00      0.00
    0.00      0.00
    0.00      0.00
    0.00      0.00
    0.00      0.00
    0.00      0.00
    0.00      0.00
    0.00      0.00
    0.00      0.00
    0.00      0.00
    0.00      0.00
    0.00      0.00
    0.00      0.00
    0.00      0.00
    0.00      0.00
    0.00      0.00
    0.00      0.00
    0.00      0.00
    0.00      0.00
    0.00      0.00
    0.00      0.00
    0.00      0.65
    0.00      0.00
    0.74      0.00
    3.26     17.26
   61.72     65.07
   79.99     61.54
   34.25     32.96
    3.27     18.62
   47.90     35.65
    6.08      7.52
    6.87      4.26
    2.16      1.37
   20.67     36.15
   18.56     21.89
   21.14      7.71
    5.63      2.09
    4.12      2.82
   17.09     17.24
    0.00      1.31
    0.00      0.00
    0.72     15.00
    2.75      0.72
    0.00      0.72
   15.05      0.00
    0.65      1.44
    0.00      0.00
    0.00      0.00
    0.00      0.00
    0.00      0.00
    0.00      0.00
    0.00      0.00
    0.00      0.00
    0.00      0.00
    0.00      0.00
    0.00      0.00
    0.00      0.00
    0.00      0.00
    0.00      0.00
    0.41      0.00
    0.00      0.00
    0.00      0.00
    0.00      0.00
    0.00      0.00
    0.00      0.00
    0.00      0.00
    0.00      0.00
    0.00      0.00
    0.00      0.00
    0.00      0.00
   77.99    133.19
  123.23    148.77
   91.85    148.78
  112.98    106.52
   68.91     91.51
  171.89    146.30
  244.85    108.87
  117.92     97.96
   45.68     10.88
   18.78     32.24
  110.30     82.37
   65.92     37.87
   61.07     34.71
   57.97     46.32
   42.93     55.10
   63.92     37.58
   21.36      6.23
   13.57      8.02
    6.36      2.75
    0.72      0.00
   17.19     16.62
    0.65      0.00
    0.65      2.75
    0.72      0.00
    0.00     15.75
    1.44      0.00
    0.00      0.00
   16.61      0.00
    0.00      0.72
    0.00      0.00
    0.00      0.00
    0.00      0.00
    0.00      0.00
    0.00      0.00
    0.00      0.00
    0.00      0.00
    0.00      0.00
    0.00      0.00
    0.00      0.00
    0.00      0.00
    0.00      0.00
    0.00      0.00
    0.00      0.00
    0.00      0.00
    0.00      0.00
    0.00      0.00
    0.00      0.00
    0.00      0.00
    0.00      0.00
    0.00      0.00
    0.00      0.00
    0.00      0.00
    0.00      0.65
    4.00     15.11
   15.09      4.91
   33.42     47.74
   35.71     47.88
  108.21     82.41
    4.04     17.91
   19.85      1.37
    0.65      3.40
    5.43      4.77
    3.98     22.74
    5.05     15.68
   49.82     37.73
   36.31     22.09
    4.25     31.52
   16.48      2.03
   19.08      7.59
    4.19      2.16
    3.47      2.75
    1.44      1.31
    0.00      0.00
    0.65      0.72
    2.75      0.72
    0.00      0.72
    0.00      0.00
    0.65      1.37
    0.00      0.00
    0.00      0.00
    0.00      0.00
    0.72      0.00
    0.00      0.00
    0.00      0.00
    0.00      0.00
    0.00      0.00
    0.00      0.00
    0.00      0.00
    0.00      0.00
    0.41      0.00
    0.00      0.00
    0.00      0.00
    0.00      0.00
    0.00      0.00
    0.00      0.00
    0.00      0.00
    0.00      0.00
    0.00      0.00
    0.00      0.00
    0.00      0.00
  119.98    180.17
  174.78    204.26
   25.21     28.78
   82.54    177.15
  120.12    118.54
  103.10     63.40
  130.93     83.82
   95.57     75.06
  121.25     98.84
  163.15    107.84
   31.69      6.39
   97.62     54.31
   13.98      6.29
   61.64     58.39
   46.56     41.63
   46.94     46.97
   38.80     15.02
   34.58     33.53
   26.20     17.17
    2.74      4.71
   18.91      4.91
    5.57      2.82
    0.72      0.72
    0.72      0.65
    1.31      2.75
    0.72      0.00
    0.00      0.00
    1.44      0.65
    0.00      0.00
    0.00      0.00
    1.37      0.72
    0.00      0.00
    0.00      0.00
    0.00      0.00
    0.00      0.00
    0.00      0.00
    0.00      0.00
    0.00      0.00
    0.00      0.00
    0.00      0.00
    0.00      0.00
    0.00      0.00
    0.00      0.00
    0.00      0.00
    0.00      0.00
    0.00      0.00
    0.00      0.00
    0.00      0.00
    0.00      0.00
    0.00      0.00
    0.00      0.00
    0.00      0.65
    0.00      0.00
    3.35      2.88
    3.16      2.44
   33.72     47.91
   19.19     19.14
   34.73     20.49
   19.85     33.27
   18.24     33.59
   45.42     32.85
   32.40     16.47
   19.49     34.82
   19.39      5.50
    4.77      5.50
   21.25     36.37
   19.04     34.28
    5.56      4.19
   33.62      2.83
   16.38     17.88
    2.10     15.66
    1.96      4.71
    4.93      3.54
   18.52      3.47
    0.00      0.65
    1.37      0.72
    2.75      0.00
    0.00      1.44
    0.00      0.00
    0.65      0.00
    0.00      1.37
    0.00      0.00
    0.00      0.00
    0.00      0.00
    0.72      0.00
    0.00      0.00
    0.00      0.00
    0.00      0.00
    0.00      0.00
    0.41      0.00
    0.00      0.00
    0.00      0.00
    0.00      0.00
    0.00      0.00
    0.00      0.00
    0.00      0.00
    0.00      0.00
    0.00      0.00
    0.00      0.00
   31.23     52.27
  140.80    193.31
  114.77    128.62
  141.89    220.12
   91.86     92.06
   42.86     26.20
   64.44     53.73
  108.70     77.50
   76.12     77.80
  111.99     86.91
  168.59    103.97
   27.20     53.34
   65.71     55.86
   82.21     20.89
   49.17     48.93
   18.19      8.17
    8.37      5.56
    3.47     18.35
   34.82     19.78
    3.47     33.36
    3.47      1.37
   34.25      3.53
   15.10     15.16
    2.03     19.09
    3.33      4.26
    4.26      0.65
   17.92      2.82
    1.37      2.75
    0.00      0.00
    0.72      0.00
    1.44      0.65
    0.00      0.00
    0.00      0.00
    0.72      0.00
    0.65      0.72
    0.00      0.00
    0.00      0.00
    0.00      0.00
    0.00      0.00
    0.00      0.00
    0.00      0.00
    0.00      0.00
    0.00      0.00
    0.00      0.00
    0.00      0.00
    0.00      0.00
    0.00      0.00
    0.00      0.00
    0.00      0.00
    0.00      0.00
    0.00      0.00
    0.00      0.00
    0.00      0.65
    0.74      0.00
    2.61      2.88
   32.87     33.75
    2.16      3.33
    5.57      4.06
   34.66     63.87
   17.99     16.41
   65.89     37.00
   33.34     31.37
    0.65      2.09
   17.70     33.47
   19.28     20.00
   35.33     49.35
   17.77      5.42
   24.74      7.78
    3.33      4.77
    5.50      3.54
    2.10      2.03
   17.03     33.47
    2.88      0.72
    2.10      1.37
   16.43      2.67
    3.27      4.19
    3.54      4.05
    2.03      2.09
    2.09      0.00
    3.47      0.72
    0.00      1.44
    0.00      0.00
    0.00      0.00
    0.65      0.72
    0.00      0.65
    0.00      0.00
    0.00      0.00
    0.72      0.00
    0.00      0.00
    0.41      0.00
    0.00      0.00
    0.00      0.00
    0.00      0.00
    0.00      0.00
    0.00      0.00
    0.00      0.00
    0.00      0.00
    0.00      0.00
    0.00      0.00
    0.00      0.00
  112.40    169.07
  151.38    171.32
   40.33    119.06
   79.56    113.78
   66.76     97.66
   86.19     71.90
  115.04     42.69
   89.24     89.43
   43.92     13.95
   56.33     71.11
   75.57     34.16
   56.40     60.21
   68.27     30.66
  153.55    100.98
   21.29     22.11
   81.56     69.67
    2.74      3.40
   36.86     42.02
   23.21      3.39
    8.46      5.50
    2.75      2.10
    3.40      2.03
    2.09      3.54
   17.20     31.63
    0.65      0.72
    0.72      0.65
   16.54      4.71
    4.78      3.54
    4.77      2.03
    1.37      4.19
    0.72      0.00
    0.72      0.00
    1.44      0.65
    0.00      0.00
    0.00      0.00
    0.72      0.00
    0.00      0.00
    0.65      0.72
    0.00      0.00
    0.00      0.00
    0.00      0.00
    0.00      0.00
    0.00      0.00
    0.00      0.00
    0.00      0.00
    0.00      0.00
    0.00      0.00
    0.00      0.00
    0.00      0.00
    0.00      0.00
    0.00      0.00
    0.00      0.65
    0.00      0.00
    2.70     14.37
    1.31      4.91
   19.37      4.78
    2.82      1.31
   17.60     33.28
   64.28     50.75
   35.91     46.58
   20.58     50.78
   61.84     18.71
    2.75      2.68
    3.47     16.53
   31.44     33.74
   50.14     36.95
   17.90     32.82
    3.47      2.75
   25.26     12.43
    6.22      4.84
    6.87      3.54
    1.44      2.75
    2.03      2.75
    2.09      1.37
    2.75      1.37
    2.09      1.37
    0.00      0.72
    0.65      3.33
    3.99      4.78
    3.61      2.10
    2.03      1.37
    4.12      1.44
    0.72      1.44
    0.00      0.00
    0.00      0.00
    0.65      0.72
    0.00      0.00
    0.00      0.65
    0.00      0.00
    0.41      0.00
    0.72      0.00
    0.00      0.00
    0.00      0.00
    0.00      0.00
    0.00      0.00
    0.00      0.00
    0.00      0.00
    0.00      0.00
    0.00      0.00
   30.59     51.97
   98.21    120.24
  141.29    214.10
  113.46    144.81
   32.13    145.69
   81.93     79.87
   46.85     62.30
   85.45     34.28
  126.84     63.85
   82.46     90.14
  119.07     95.98
    7.92     34.78
  100.46     65.59
   43.07     38.24
  125.16     74.09
   63.50     53.72
   59.61     58.82
   75.61     46.43
   56.99     41.52
   17.85     35.72
   33.26     11.43
   10.48      6.94
    4.84      2.03
    4.84      3.54
    0.00      1.37
    2.03      2.75
    1.37      1.37
    1.44      0.00
    0.00      0.65
    1.37      0.72
    0.65      3.99
    6.73      4.91
    2.16      2.75
    2.03      2.09
    1.44      0.00
    1.44      0.00
    0.00      0.65
    0.00      0.00
    0.00      0.00
    0.72      0.00
    0.00      0.00
    0.65      0.72
    0.00      0.00
    0.00      0.00
    0.00      0.00
    0.00      0.00
    0.00      0.00
    0.00      0.00
    0.00      0.00
    0.00      0.00
    0.00      0.00
    0.00      0.00
    0.00      0.00
    0.00      0.65
    2.61      2.88
    3.49     17.14
   32.99     19.94
    2.10     17.68
   33.70     17.27
   17.96     19.21
   32.62     64.02
   23.79      8.51
   17.87      2.82
    1.30     16.99
   31.48     17.81
    4.64     20.67
   33.62     32.25
   17.02     32.87
   17.92     19.30
   32.98     19.26
   33.29     34.74
    7.32     11.06
   10.48      4.84
   16.29      4.77
    3.40      1.44
    3.61      1.38
    1.31      2.03
    2.82      1.44
    0.00      0.65
    0.65      0.72
    0.65      0.65
    0.72      3.33
    3.26      2.75
    3.61      2.82
    4.71      2.09
    0.72      2.16
    0.72      0.00
    0.00      0.00
    0.65      0.72
    0.00      0.00
    0.00      0.65
    0.00      0.00
    0.00      0.00
    0.00      0.00
    0.72      0.00
    0.00      0.00
    0.00      0.00
    0.00      0.00
    0.00      0.00
    0.00      0.00
   30.89     26.22
   96.56    152.97
   64.14    132.56
   33.31    144.45
   47.25    123.35
   90.21     67.40
   38.29     47.39
   55.93     28.32
   88.11     66.18
  105.35     83.93
  127.54     88.36
   71.94     57.46
  105.49     34.83
   31.58     22.61
   65.78     68.91
   99.38     61.21
   75.99     57.49
   63.62     61.42
   74.60     43.28
   55.73     35.46
   18.19     20.16
    3.47      7.45
   40.55     52.07
   19.05      2.82
    6.15      3.47
   17.17      3.54
    3.47      2.75
    1.31      2.09
    1.44      0.00
    0.72      0.65
    0.00      0.65
    1.38      1.38
    0.00      0.65
    3.40      2.68
    3.40      5.56
    1.44      0.65
    2.03      2.09
    2.16      0.00
    0.72      0.65
    0.00      0.00
    0.00      0.00
    0.72      0.00
    0.00      0.00
    0.65      0.00
    0.00      0.72
    0.00      0.00
    0.00      0.00
    0.00      0.00
    0.00      0.00
    0.00      0.00
    0.00      0.00
    0.00      0.00
    0.00      0.65
    0.00      0.00
    4.07      2.82
    2.10      2.68
    3.54      4.05
    2.10     17.02
   17.73     16.53
   32.11     36.26
   50.60     34.05
    6.73     20.66
   34.97     33.70
   16.59      2.09
    0.65     17.78
   17.96      1.36
   32.94     36.70
    4.12      2.75
   20.28     19.76
   18.55     33.45
    2.68     17.84
   20.22     18.56
   21.24      8.90
   38.49     36.57
    4.19      4.77
    2.10     15.66
   19.33      4.11
   16.55      2.11
    5.50      4.19
    1.44      0.00
    0.00      0.65
    0.65      0.72
    0.00      0.65
    2.03      2.75
    0.65      1.38
    2.68      2.03
    5.56      2.82
    0.65      2.09
    1.37      1.44
    1.54      0.00
    0.65      0.00
    0.00      0.72
    0.00      0.00
    0.00      0.65
    0.00      0.00
    0.00      0.00
    0.00      0.00
    0.72      0.00
    0.00      0.00
    0.00      0.00
   46.58     53.47
  158.30    213.21
   53.55     80.17
   65.87    148.53
   42.87    106.88
   15.65      4.91
   66.52     75.47
   27.78     22.55
  152.51     69.96
  134.96    137.19
  115.89     41.38
   36.03     49.54
   82.82     50.11
   23.25     20.26
  109.27     92.55
   98.23     70.10
   82.21     58.84
   85.75     45.47
   85.08     60.69
   35.81     21.76
   61.41     51.93
   23.96     38.60
   43.96     36.23
    9.62      8.11
   22.98      4.33
   18.89      3.54
    0.72     16.47
    2.03     15.83
    2.03      4.77
   19.21      2.81
    3.54      1.44
    0.00      0.65
    0.65      1.31
    0.00      1.37
    2.10      0.00
    2.75      1.44
    0.65      4.64
    2.75      2.16
    0.72      0.65
    4.19      2.10
    0.00      0.65
    0.72      0.00
    0.00      0.00
    0.72      0.00
    0.00      0.00
    0.41      0.41
    0.65      0.72
    0.00      0.00
    0.00      0.00
    0.00      0.00
    0.00      0.00
    0.00      0.00
    0.00      0.65
    2.70      0.00
    1.37      4.84
    4.91      3.33
    2.09      2.03
    2.03      1.37
    1.37      2.16
   17.06     48.68
   52.14     21.78
    7.39     19.25
    4.91      4.84
   18.34     32.92
   17.66     33.48
    2.16      0.72
   62.07     51.73
   17.82      2.83
    2.75     17.06
   63.15     62.67
    5.56      5.56
   19.33      3.47
    2.61     17.77
   21.85     24.18
   21.51      8.23
    8.45     21.21
    3.47      2.16
   17.22      1.37
    0.65      1.31
    2.75      3.40
    1.37      2.68
    4.19      1.44
    2.10      2.10
    0.65      0.00
    0.65      2.09
    2.03      2.75
    0.00      0.00
    0.72      1.31
    6.18      4.26
    2.57      1.37
    0.00      0.65
    2.03      1.44
    0.72      0.00
    0.65      0.72
    0.00      0.00
    0.00      0.00
    0.00      0.65
    0.00      0.00
    0.00      0.00
   61.42    103.62
  102.96    124.67
   41.99    172.50
   68.28    133.44
  100.77    165.31
   53.77     29.73
   59.99    112.77
   75.60     65.41
    8.97      2.66
   74.09     49.98
   73.73     58.48
  115.24     78.04
  122.05     78.20
   21.36     39.80
  112.96    101.23
   67.71     45.01
   48.73     63.30
   40.36     54.37
  194.65    114.20
   58.16     23.59
    9.72      6.58
    8.38      4.84
   18.83     35.17
    3.47      5.36
   18.32      5.36
    7.01     19.64
    7.45     22.68
   24.11      4.26
    1.44     16.56
    0.72      0.00
   17.21      3.49
    1.31      1.37
    3.47      4.12
    0.72      0.65
    2.10      2.03
    0.65      0.65
    2.10      2.10
    2.10      0.00
    1.31      2.16
    0.72      2.61
    1.96      2.03
    2.16      1.44
    2.16      0.65
    2.03      2.75
    0.00      0.00
    0.72      0.00
    0.72      0.00
    0.00      0.00
    0.00      0.00
    0.00      0.00
    0.65      0.72
    0.00      0.00
    0.00      0.65
    2.10      0.00
    1.96      2.82
    2.82      2.68
    4.19      3.40
    2.09     16.39
   16.40      1.37
   17.08     17.21
    4.64      4.12
    4.18     35.75
   19.08     19.22
   20.99      5.63
   32.83     33.48
    3.40      2.03
   34.69     50.62
    2.75     16.45
   15.80      4.12
   34.41     49.69
   35.90     20.13
   19.06     19.93
    3.47      4.05
   20.08      4.12
    4.63     34.17
   21.07      8.38
    4.13      4.19
   23.30     25.91
    4.91      2.16
   18.72      0.72
    0.71      2.68
    0.72      0.00
    3.40      4.12
    1.31      2.03
    3.54      2.09
    1.37      0.65
    1.37      2.10
    1.31      2.10
    1.37      2.03
    1.06      0.00
    1.44      0.72
    2.75      2.75
    2.61      3.54
    2.16      0.65
    1.09      0.41
    2.03      2.09
    1.37      0.72
    0.00      0.00
    0.00      0.00
    0.00      0.00
   45.16     77.30
   98.43    127.55
   58.65    106.01
   54.30    124.27
  117.78    131.45
   53.17     85.50
   35.96     23.36
   87.48     49.37
   13.73     19.64
  118.62     65.49
   85.88     49.59
   28.40     13.76
  127.05    126.13
  126.67     65.18
   47.84     54.02
   54.40     59.10
   70.88     80.52
   94.92     66.72
   70.10     45.99
   78.68     75.17
   72.46     82.96
   97.66     41.06
   50.90     28.14
   15.82      5.93
   28.68      7.76
    3.40      6.81
    4.84     19.23
   22.19     19.24
    7.52      6.21
   18.57     19.38
    2.10      1.44
    2.75      0.72
    1.45      2.03
    0.65      0.00
    3.40      3.47
    2.71      2.82
    0.72      1.96
    2.75      0.72
    0.72      1.38
    1.37      0.00
    1.31      1.37
    0.72      3.40
    0.00      0.65
    3.40      2.03
    2.82      2.16
    1.44      0.65
    1.31      2.03
    0.72      0.72
    0.72      0.00
    0.72      0.00
    0.00      0.00
    0.00      0.00
    0.00      0.00
    1.31      1.46
    3.33      2.82
    2.82      3.33
    2.82      3.40
    2.09      1.37
    1.96      2.10
    2.03      1.44
    3.26     20.55
   19.19     17.92
    3.40     18.51
   35.36     51.48
   50.24     21.31
   18.67      2.82
   18.43     48.07
   33.34     18.53
   19.72     17.68
    0.65     16.16
   33.13      5.50
    5.56      6.15
   19.56     64.25
   50.84     20.00
    4.19     19.18
   18.83      4.92
   25.38      6.94
    4.71      5.63
    8.54      5.36
    8.57      6.22
    4.76      1.37
    5.25      4.53
    5.74      1.37
    4.22      0.65
    0.72      2.03
    2.60      1.96
    5.05      1.44
    2.75      2.75
    0.65      0.72
    2.03      2.09
    0.72      1.31
    0.65      0.72
    0.72      0.00
    2.75      2.09
    0.65      1.37
    1.96      3.47
    2.82      0.72
    0.72      0.65
    2.68      2.82
    0.00      0.00
   93.19    130.91
   46.62    104.81
   36.94    182.74
   86.85    159.87
   69.10    106.41
   69.45     54.90
   71.10     15.98
   14.38     26.39
   15.09     12.50
   45.08     22.55
  107.02     64.46
   43.13     77.89
  117.58     79.30
  132.04     82.13
  111.31     95.45
   68.91     46.01
   27.02      8.37
   53.65     80.32
   85.10     70.67
   66.07     36.93
   41.54     55.83
   75.12     41.96
   45.03     32.85
   75.58     56.29
    9.17     21.15
   30.48     36.78
   18.19     22.32
   37.18      5.48
    9.16      4.19
    4.84      3.99
    5.52      5.70
    2.03      2.03
    2.68      3.54
    1.38      1.38
    2.10      1.37
    1.37      0.72
    1.31      2.75
    2.03      3.40
    2.18      0.00
    2.03      1.31
    0.72      2.09
    2.03      0.72
    2.03      1.44
    0.72      2.03
    0.00      0.65
    0.72      0.65
    2.68      1.96
    1.46      2.16
    1.44      1.31
    1.31      1.37
    2.10      1.44
    1.44      0.65
    0.00      0.00
    3.35      0.74
    2.10      4.85
    2.82      3.33
    4.12      2.75
    3.42      0.72
    1.31      2.09
    2.68      1.44
    2.61      5.56
    4.12      2.16
    0.65      3.40
    6.08      8.24
   21.07     32.65
   33.00     35.56
   65.87     49.25
    4.27      2.82
    4.05     17.81
   46.78     49.57
   17.99      2.09
    2.68     33.69
   17.96      3.33
   18.49     22.03
   20.27     20.26
   37.27     21.77
    4.69      3.47
   21.98     36.37
   19.05     20.03
   21.37      4.92
    3.91      5.37
    5.09      3.54
    2.10      2.03
    2.09      1.37
    2.03      3.40
    2.09      0.72
    1.44      1.96
    1.37      0.72
    3.09      3.49
    2.83      1.37
    0.00      0.65
    0.65      2.03
    2.75      2.03
    1.37      1.44
    0.72      0.00
    2.75      1.44
    0.65      0.72
    0.00      1.31
    1.90      2.75
   74.45    100.87
   76.67    104.20
   32.97    182.90
   25.49    100.67
   38.32    107.38
   23.91      3.50
   99.04    152.13
  104.39     86.34
   56.50     83.09
   53.69     38.25
   16.01     13.60
   66.52     46.92
   57.16     38.10
   36.85     12.35
  117.85    123.59
  143.93     69.57
   77.82     47.43
   81.80     77.12
   36.04     19.77
   44.39     38.22
   27.18     23.31
   77.16     63.38
    4.89      2.68
   30.77     30.71
   35.42     32.69
    6.28      5.50
   17.85     21.67
   38.58     36.98
   20.62      7.46
    6.22      3.33
    6.35     19.36
   17.92     17.21
   56.69     44.23
    5.99      2.10
    2.03      1.44
    1.31      2.09
    2.03      1.37
    2.03      2.09
    0.72      1.37
    1.37      2.03
    4.76      3.49
    1.46      0.00
    1.37      0.65
    0.00      2.68
    0.65      0.00
    4.77      3.60
    0.72      1.31
    0.00      0.65
    1.44      0.00
    0.00      0.65
    2.68      2.05
    1.48      2.13
    0.74      0.65
    0.65      1.31
    4.79      4.30
    2.84      2.68
    3.54      2.68
    4.12      3.47
    0.65      0.72
    3.33      2.09
    2.61      3.60
    2.75      4.13
   17.05     15.87
    2.03     18.48
   21.18      8.30
   20.50     18.27
   17.86     32.72
   20.34     18.56
   62.52     50.62
   20.34     32.12
   19.24      5.70
    2.03     17.14
   18.57      4.92
   19.97     32.38
   17.18      2.03
    2.61      6.87
    5.50     21.25
    8.99      6.96
   19.81     35.07
   19.22      6.89
   37.84     22.99
    7.33      3.22
   15.81     17.78
    4.70      6.88
    6.43      2.82
    2.10      1.31
    0.72      1.37
    1.38      1.38
    2.75      2.10
    2.51      1.31
    0.65      2.10
    2.68      2.12
    2.84      2.03
    0.00      0.72
    0.65      0.65
    1.44      3.33
    0.65      0.72
    2.82      0.72
    3.40      2.16
    0.65      0.00
   78.03    132.56
   56.90     89.65
   56.05    188.33
   28.73    106.05
   35.74     84.35
   84.71     62.68
   35.63     51.48
   32.25     34.55
   28.85     38.23
   27.84      3.31
  139.81     86.83
   42.31      4.85
   89.70     90.11
  100.39     67.81
   27.52     36.75
   54.81     49.51
    7.42      5.40
    3.55     20.66
   94.33     69.57
   74.27     64.28
  101.44     76.52
   27.67     36.18
  145.89     91.78
    5.52      2.86
   86.33     82.99
   43.07     13.25
   32.72      5.93
   14.45      9.93
    7.68      6.22
   17.27     34.55
    5.43     20.61
   21.88     19.02
   21.15      3.54
    2.75      5.36
    7.61      5.78
    1.96      1.38
    2.10      1.44
    1.31      2.82
    0.72      0.65
    2.03      1.37
    0.72      1.37
    1.38      1.38
    2.03      2.77
    2.14      0.72
    2.03      2.03
    0.00      0.72
    0.65      2.03
    2.75      2.75
    2.10      1.38
    0.00      0.65
    2.82      0.72
    0.00      0.00
    0.72      0.65
    4.66      3.44
    3.47      5.59
    4.29      4.07
    3.47      2.68
    2.77      1.46
    0.65      1.44
    2.03      2.10
    3.27      4.91
    2.75      2.75
    2.68      1.44
   33.64     32.86
   20.43     21.93
   18.63     32.90
   34.02     37.47
   22.12      2.16
    2.74     48.59
   33.90     17.93
   19.16      4.26
   30.90     48.53
    4.19      3.33
    5.43      5.64
    4.85      3.47
   32.96     17.20
   16.83     37.32
   20.55      3.54
    7.61      8.26
    6.74      4.92
    4.19      5.50
    5.30     21.30
   35.36     36.24
    2.75      2.75
   19.12      5.94
    7.22      3.62
    2.82      2.03
    1.31      2.03
    3.22      0.72
    0.72      1.37
    0.72      1.31
    3.40      1.45
    0.00      0.72
    1.37      2.05
    2.05      2.77
    0.74      0.00
    1.38      0.65
    1.37      3.40
    0.65      1.38
   24.70     26.53
  122.80    155.13
   47.89    105.20
   45.12    230.68
   36.28    110.10
   85.66     92.09
   82.45     75.91
   82.39    104.65
   50.68     61.82
   39.90      2.08
   22.54     14.36
   21.68      2.57
   60.40     36.93
    1.38      3.34
   68.96     69.75
   29.83     25.92
   79.06     64.27
  104.15     69.34
   68.57     90.42
   93.38     59.89
   22.65     21.37
  108.27     73.85
   38.56     38.02
   61.39     73.97
   82.80     54.70
    6.35     24.44
   85.59     59.83
   47.69     41.00
   23.07     21.26
   40.26     21.80
   23.56      7.48
    4.13      4.85
   10.42     19.11
   22.14      5.57
    4.84      2.68
    4.06     18.74
   21.73     22.02
   20.11      5.78
    2.70      0.65
    4.37      2.75
    2.75      2.16
    4.44      1.38
    3.34      1.31
    1.37      0.00
    4.34      1.46
    0.65      1.39
    1.40      0.74
    1.31      2.03
    0.00      0.72
    0.65      1.37
    3.40      2.10
    0.00      1.37
    0.72      1.31
    1.44      1.31
    2.70      2.75
    4.26      2.75
    5.57      4.80
    5.43     19.11
    0.65      2.93
   17.31      1.44
    4.06      2.75
    2.61      5.00
    3.49      2.09
    0.65      1.37
    4.77     18.65
   19.72     18.47
    5.50     19.96
    4.45     20.59
   34.29     20.75
    4.85     32.24
   17.79      4.19
   23.11      3.55
    2.03      3.61
   15.46     16.24
   47.12     48.44
    4.78     18.57
    6.22      5.50
   49.24     36.70
    5.58     20.69
   37.53     35.43
    5.57      6.17
    4.73      2.75
   36.29     23.45
    6.15      4.12
    4.20      3.54
    2.03      4.64
    6.14      4.85
    5.50      6.04
    5.13      2.88
   17.22     16.49
    2.03      2.75
    3.47      2.10
    1.45      0.72
    2.10      0.72
    0.65      2.03
    1.39      0.74
    1.37      1.31
    1.48      1.39
    0.00      0.00
    0.00      0.65
   17.62     29.93
   95.64     99.59
   61.46    157.89
   30.04    106.51
   43.30    149.62
   66.76     75.56
   52.56     42.49
   76.63    101.91
   87.01     71.75
   47.09     29.93
   46.17     30.07
   33.61     32.03
   28.68     10.99
   61.10     34.25
   63.67     44.96
   96.81     55.05
   64.00     36.61
    3.47     18.86
   83.91     70.59
  126.24     55.21
   56.23     51.38
   82.87    158.88
  100.67     14.80
  164.55    113.32
   60.50     30.31
   20.09     36.10
   47.81      7.77
   48.58     41.74
   71.07     55.65
   63.42     41.07
   18.14      7.95
   74.97     78.91
    6.21      3.47
   19.40      6.82
   18.71      3.54
   19.51     17.19
    3.33      3.47
    3.40      2.75
    6.73      9.90
    4.34      1.37
    1.96      2.03
    0.00      2.10
    3.34      3.40
    3.54      2.82
    0.72      0.00
    2.75      0.65
    1.39      2.20
    0.65      1.39
    0.74      0.00
    0.65      1.37
    0.00      0.00
    0.65      0.72
    2.44      2.50
    0.00      1.31
    3.33      6.80
    5.59      3.99
    4.26      2.10
    3.54      2.77
    3.40      3.49
    1.31      2.75
    4.07     17.82
   20.50      5.00
    2.83      2.09
    2.68      2.68
    3.47      4.86
    5.38     18.19
   17.54     20.00
   23.60      6.12
    2.03      4.70
    5.49     18.52
   15.70      2.75
    4.05      2.10
    2.68     20.57
   19.14     32.28
   33.13     33.76
    2.75      2.75
   34.22      2.82
   17.13     20.68
    6.74     20.31
    4.78     21.90
   66.46     67.73
   21.38      7.54
   37.41     21.77
   21.46     34.36
    4.71      4.12
    4.84      4.91
   17.89      3.39
    2.75      2.02
    3.64      3.40
    6.80      8.32
    4.41      1.96
    1.44      0.00
    3.40      2.03
    0.72      2.75
    2.68      0.72
    2.10      2.75
    0.72      2.03
    1.39      0.00
    2.11      1.39
   17.01     27.80
   77.50    130.89
   53.88    113.21
   44.86    223.79
   73.87     71.23
   88.38    102.05
   68.16    127.16
   29.08     49.56
   17.30     37.47
  117.86     43.42
   25.04      4.13
    9.04      4.21
   31.95     56.82
   36.48      2.75
   56.15     24.50
   86.20     43.76
  114.02     94.96
   20.42     59.26
   86.60     97.04
  101.12     20.71
   85.22    115.77
   41.27     32.02
   95.61     94.47
  110.50     12.29
  112.69     78.66
   29.24      9.92
   55.22     89.53
   31.94     24.70
   11.31     32.04
   45.49     15.17
   37.06     25.64
    6.89      6.29
   20.66     35.25
   53.40     54.36
   21.18      5.50
    6.86      6.94
   21.32     34.09
    3.47      2.10
   19.00      3.47
    3.33      2.16
    4.71      7.66
    5.58      3.56
    2.75      2.10
    1.38      2.75
    0.65      1.38
    3.56      1.31
    2.05      1.44
    1.38      2.12
    0.65      1.37
    2.73      1.46
    1.40      1.40
    0.74      0.00
    0.65      2.03
    0.00      0.00
    4.73      3.54
    2.82      2.75
    3.54      3.99
    2.75      3.34
    3.99      6.31
    1.96      0.72
    4.84     18.58
   18.49      3.47
    2.77      4.19
    1.44      2.68
    6.22      5.52
    2.12      1.38
    8.05      7.08
    2.68      4.71
    6.97      5.00
   17.23     34.26
   17.68     16.90
   19.30     18.50
   18.93      4.92
    3.34      2.90
    1.44      1.96
    3.40      4.12
    3.40      5.29
   23.53     47.61
   17.10      2.10
   31.05     34.72
    6.73     35.98
   38.19      8.38
    4.06      6.95
   22.00     23.31
    8.98     21.35
   34.90     20.87
   50.04     36.00
    4.91      5.43
    5.58     18.47
   18.72     18.50
    2.03      2.09
   20.50      6.21
    5.12      3.42
    2.75      2.75
    3.47      0.65
    2.03      3.56
    2.10      1.38
    0.00      0.65
    2.75      1.37
   16.34     27.90
   70.99     74.22
   78.45     87.96
    2.75    234.13
   46.88     95.71
   65.54    108.65
   76.16    102.15
   55.88     66.99
  155.98    120.00
   38.31     37.65
   18.83     12.29
   39.21     19.44
   17.04     29.21
   43.41     22.64
   68.23     49.57
    5.43     30.69
   40.66     32.18
    6.13     19.01
   77.90     47.83
   27.06     23.29
   30.16     28.92
   85.24    104.32
  110.82     92.73
   24.87     29.49
   72.40     55.60
   46.43     26.80
   47.74     25.42
   70.41     66.92
   64.95     57.88
   78.08     60.07
   38.40     45.42
   44.21     50.72
   62.22     41.75
   45.58     57.97
   18.01     11.52
   13.01      4.85
   22.90      6.94
    4.73     19.99
   19.87     17.90
   19.96      5.57
    1.37      2.75
    5.50     17.28
    4.06      6.09
   20.75      4.41
    1.96      2.82
    3.40      4.71
    1.38      2.82
    2.18      0.00
    3.49      0.72
    0.00      2.03
    1.39      0.72
    1.38      1.38
    2.05      1.39
    0.00      0.72
    3.35      2.82
    3.47      4.14
    4.19      3.33
    2.75      3.47
    2.03      1.37
    0.65      0.72
    3.98     19.23
    2.68      3.56
   17.86      4.91
    5.59     18.41
   15.73      4.71
    4.84      2.82
    4.91      2.68
    5.95      8.45
    4.12      4.87
    5.52      2.10
   16.48     32.98
   17.69      5.43
    5.52      4.28
   17.85     32.86
   17.92     18.93
   17.63      4.20
    2.74      2.75
    2.75     35.30
   21.28     18.40
   32.47     17.77
    4.07     20.03
    4.84     16.83
   36.72     82.63
   37.63     10.33
   21.49      5.43
   24.48      6.31
    4.78      8.25
    5.57      4.71
    7.23      6.72
    4.60      4.12
   17.30     17.30
    2.75      6.02
    3.47      1.44
    4.13      3.92
    6.43      5.64
    2.10      2.03
    4.85      2.03
    4.06      3.56
    1.37      3.49
    2.09      0.00
   62.34    105.98
   32.18     53.57
   63.43    209.50
   35.91     51.57
   32.36    182.37
   60.99     68.62
   46.00     51.51
   94.95     70.63
   34.98     53.01
   35.57     13.81
   59.36     26.24
    2.12     18.20
   31.47     12.28
   45.44     20.28
   48.99     41.92
   34.62     23.89
   36.03     36.83
   58.55     51.22
   50.54     28.76
   28.00     43.59
   51.36     38.84
   41.27     42.58
   63.59     17.93
   33.67     32.95
   32.01      5.00
   28.91     59.70
   82.35     58.59
   98.16     63.14
   79.13     69.06
  110.18     80.83
   42.12     11.78
   19.21     12.24
   24.03     34.93
    9.76      7.53
   22.59     51.49
    4.71      8.20
   24.88      4.19
    4.05      8.90
    4.71      5.52
    8.33      5.58
    4.30      2.10
    2.68      2.81
    3.33      3.47
    2.03      1.44
    5.36      8.32
    5.58      1.44
    1.31      4.84
    2.03      3.40
    3.56      0.72
    2.12      2.10
    2.11      0.72
    0.65      1.38
    0.64      0.64
    2.46      2.51
   29.85     26.09
    3.49      3.40
   58.58     43.92
    2.10      2.77
   13.74      2.17
    1.96      3.53
    3.42      2.09
    2.68      3.56
    3.33     21.16
    2.75     15.74
   17.90      4.12
   18.62      4.64
    2.75      2.16
    7.39      7.73
    4.19      3.40
    3.47      2.16
   17.22     20.10
    3.56      2.68
    4.34     32.08
   35.68     34.94
   16.91      4.85
    6.31      3.49
    2.82      2.10
   33.24     34.82
   18.91     36.43
    7.81      2.16
   15.52     46.35
   31.62     18.24
   20.78     23.69
   27.16     26.32
   36.20     24.43
    7.07      4.13
    7.48     37.83
   18.58      5.58
    4.46      6.15
   26.22      7.74
    3.33      4.16
    3.49      2.75
    1.44      2.68
    2.82      2.68
    3.47      2.75
    4.02      8.13
    4.41      1.31
    3.47      1.38
    3.47      3.42
   73.65     95.58
   32.02     80.95
   16.34    130.32
   31.39    124.20
   23.91     55.70
   52.45     88.75
    5.73     93.12
   71.57    113.45
    2.96     14.73
  118.01    139.00
   34.92      3.98
   43.82     19.34
   25.99      4.79
   39.27     21.70
   30.59     39.83
   31.05     16.58
   39.86      6.35
    3.60      6.71
   34.03     26.25
   34.06     25.26
   57.21     50.36
   79.45     58.00
   46.31     84.78
   73.85     86.98
   96.82    105.19
   19.05     18.23
   60.18     49.05
   52.36     14.87
   48.25     22.14
   61.42     45.31
    5.04      2.24
   30.52     17.09
   28.40     31.85
   54.72     79.39
   68.54     21.41
   18.61     12.43
   10.34     11.07
   21.52     17.83
    4.84      4.12
    8.18      9.41
    4.91      6.22
    6.38      2.77
   32.04     26.03
   32.78     15.34
    4.17      6.15
    2.73      3.54
    6.15      7.02
    7.24      1.38
    1.96      4.91
    0.74      1.31
    2.77      3.40
    2.75      0.72
    3.47      2.18
    1.31      1.44
    3.99      4.21
    2.75      5.36
    4.28      1.37
    4.07      3.58
    1.96      2.17
    1.31      2.16
    1.96      2.75
    3.34     19.01
    3.42      2.91
   19.07      2.75
    2.75      4.14
    1.31      4.71
    4.21      2.75
    6.67      5.43
    6.36      6.29
    2.68      4.19
    3.47     15.11
   17.63      4.12
   16.35     17.19
    5.43      3.40
    4.06      5.00
    4.14      6.15
   16.90     31.90
   18.27     31.27
   33.69     19.98
    4.28     19.60
   49.89     34.45
   33.02     32.81
    3.47      2.82
   19.21      8.17
   22.56     52.34
   21.41      7.32
   24.75     24.87
   25.46      8.46
    6.06      3.56
   18.46     21.29
    4.71      6.31
    8.90      6.29
    5.59      5.59
    0.65      5.32
    3.49      2.10
    5.05      0.65
   17.73     19.91
    6.88      9.74
    5.19      2.72
   43.57     48.02
  124.85    151.56
   16.73    131.89
   18.39    158.89
   73.45     70.92
   46.03     80.29
   59.78    123.52
   40.89     37.48
   63.66     45.77
   94.87     67.38
   15.10     27.00
    2.16     11.61
    4.89      3.39
   79.79     47.09
   66.78     19.46
    1.59      2.82
   57.99      4.23
    4.84      2.75
   71.48     51.34
   57.13     47.22
   76.68     61.95
   39.68     59.25
   78.25     58.65
   93.97     93.60
   88.73     39.92
   29.87     11.16
   62.71     41.50
   39.78      5.64
   45.53     59.37
   98.77     52.91
   30.82     51.16
   34.60     35.51
   35.14     42.13
   42.16     37.12
   35.31     31.96
   53.55     14.49
   35.70     24.85
   48.99     23.29
   38.21     44.98
   48.32     19.41
    3.54      3.27
    3.99      8.25
    8.25      6.89
    5.02      1.46
    2.89      1.31
    6.09      4.91
    2.05      2.89
   16.73     17.55
   19.37      8.26
    7.23      2.87
    2.61      3.47
    1.40      2.82
    2.12      1.38
    0.65      2.05
    5.54      2.82
    4.12      4.12
    5.50      8.18
    2.68      2.10
    4.80      2.90
    2.03      2.10
    1.96      2.91
    4.01      2.12
    2.10      4.19
    1.96      4.13
    6.24      4.21
    1.31      1.46
    4.13     19.18
    2.77      2.75
   22.58     25.44
   45.01      2.82
    4.19      4.85
    3.54      0.65
    1.31      3.47
   18.63     17.02
    2.75      4.19
    3.47     17.13
   34.26     20.76
    4.12      3.49
    4.15     18.42
   17.09      4.78
   20.74     34.10
   35.36     35.45
   17.92      2.77
   18.79     17.61
   18.14     35.24
   19.87     35.69
    6.88      8.31
   21.30     20.50
   36.79     22.39
   27.43     39.91
   21.25      7.68
    4.18      3.40
    6.15      6.88
    6.83      6.31
    6.96      3.63
    1.38      4.66
    1.46      1.96
    2.75      2.75
    2.75      2.03
   23.14     23.98
   89.31    149.49
    4.19     28.47
    0.72    130.97
   81.97    129.67
   24.19      6.85
   47.02    168.38
   71.06     66.76
   40.20     59.90
   38.26     18.50
    2.18    105.85
   62.21     32.01
    5.87      5.32
   55.60     41.80
   56.53     52.68
   43.05      5.18
   55.65     66.65
    3.41      4.78
   65.67     28.63
    5.40      7.26
    8.45     18.19
   84.87     53.51
   53.55     28.80
   28.12      2.17
   89.10     49.25
   18.37      7.01
   54.36     66.81
   29.36      5.03
   57.00     71.96
  111.92     45.59
   44.75     33.54
   18.41     45.17
   76.00     69.64
   42.93     16.60
    8.95     19.24
   20.08     34.26
   18.71      7.39
    6.02      7.01
   22.84     33.68
   21.18     22.39
   36.83     25.51
   23.27     20.96
   22.70      9.65
    5.51      6.94
    7.53      4.78
    7.77      5.63
    0.72      1.37
   30.59     24.17
   48.41     33.59
   30.49     32.17
   24.22     16.52
   19.04     24.97
   18.10      3.48
    4.21      0.72
    5.98      4.29
    2.82      6.09
   31.53     24.53
    3.49      3.56
   71.01     56.33
    3.27      3.54
   12.86      2.18
    4.88      5.73
    3.34      5.50
    2.10      0.65
    3.99      5.57
    6.31     17.15
    2.70      3.56
    4.99      4.86
   16.38      4.12
    8.13      7.80
    3.41      4.13
    1.96     34.81
   19.19      0.72
   18.55      4.85
    1.44      2.03
    5.50      4.85
    3.47      1.37
   17.61     33.93
    2.81      2.10
    4.06      4.85
   17.92     33.18
   19.70      5.60
    4.05      4.12
    4.21     19.95
   34.42     63.70
   19.18      1.31
   20.55     20.74
    4.71      5.43
    7.46      7.60
    4.85     22.00
   24.10     21.16
    7.53      8.42
   32.08     19.86
    6.09      6.88
    9.56      8.97
    6.22      6.94
    9.01      2.14
    4.21      6.98
    0.74      0.65
   16.34     18.22
   93.29     78.06
   16.12    124.54
    8.85     74.61
   70.10    204.18
   43.01     34.06
   36.86     90.55
   46.86    108.85
   18.98     57.23
    5.03     21.34
  101.33    134.66
   50.14     30.66
   61.94     40.49
   14.76     13.73
   79.45     26.00
   10.29      4.12
   29.27     32.12
   53.15     54.99
    3.41     15.05
    6.26     28.41
   22.79      9.40
   31.48     48.29
   62.64     25.25
   27.62     79.86
   71.42     42.78
   61.86     44.63
   29.86     19.55
   49.70     41.73
   69.59     43.17
   88.31     71.41
   32.29     19.57
  131.44    117.51
   21.30     28.39
   31.91     31.34
    6.29      2.82
   59.09     28.85
   16.18     44.07
    4.17     19.12
   83.89     50.68
    8.42      7.74
  108.19    101.35
   33.53     15.90
   51.96     64.19
   42.48     13.77
   28.36     27.99
   27.24     12.48
   34.08     34.35
   29.06     13.82
   21.56      3.55
   30.09     20.15
    2.10      1.44
    1.31      1.44
    1.31      2.14
    3.26      4.07
    4.84      9.02
    6.83     19.00
    7.73      8.25
   22.41      6.30
    4.12      4.19
    3.09      2.51
    2.12      1.44
    1.96      3.47
    5.30      3.56
    3.49      4.28
    6.13      2.10
    2.82      3.40
   15.45     16.25
    2.68      4.87
    4.21      3.40
    6.10      6.96
    6.53      7.16
    4.86      3.54
    3.47      4.71
    2.17      0.65
    3.99     19.86
    0.72      3.33
   21.39      5.57
    4.92      2.03
   18.66     18.59
    2.75      3.41
    4.13      4.19
    0.72     46.86
   49.16      6.38
    2.75      3.40
   22.00     21.22
   16.83     34.40
   36.51     17.16
    4.12      4.12
    3.40      4.78
    5.36     21.26
    7.62      8.20
   49.16     36.82
    8.28     20.44
    8.89     22.43
   20.49      4.21
   18.35     20.44
    6.08      5.43
   20.46     24.30
   24.89     21.93
    7.22      4.55
   16.27      0.00
    0.00      0.00
    0.00      0.00
    0.99      0.00
    0.00      0.00
    0.00      0.00
    0.00      0.00
    0.00      0.00
    0.00      0.00
    0.00      0.00
    0.00      0.00
    0.00      0.00
    0.00      0.00
    0.00      0.00
    0.00      0.00
    0.00      0.00
    0.00      0.00
    0.00      0.00
    0.00      0.00
    0.00      0.00
    0.00      0.00
    0.00      0.00
    0.00      0.00
    0.00      0.00
    0.00      0.00
    0.00      0.00
    0.00      0.00
    0.00      0.00
    0.00      0.00
    0.00      0.00
    0.00      0.00
    0.00      0.00
    0.00      0.00
    0.00      0.00
    0.00      0.00
    0.00      0.00
    0.00      0.00
    0.00      0.00
    0.00      0.00
