      h_eth1      
 KB/s in  KB/s out
    0.00      0.00
    0.00      0.00
    0.00      0.00
    0.00      0.00
    0.00      0.00
    0.00      0.00
    0.00      0.00
    0.00      0.00
    0.00      0.00
    0.00      0.00
    0.00      0.00
    0.00      0.00
    0.00      0.00
    0.00      0.00
    0.68      0.00
    0.00      0.00
    0.00      0.00
    0.00      0.00
    0.00      0.00
    0.00      0.00
    0.00      0.00
    0.00      0.00
    0.00      0.00
    0.00      0.00
    0.00      0.00
    0.00      0.00
    0.00      0.00
    0.00      0.00
    0.00      0.00
    0.00      0.00
    0.00      0.00
    0.00      0.00
    0.00      0.00
    0.00      0.00
    0.00      0.00
    0.00      0.00
    0.00      0.00
    0.00      0.00
    0.00      0.00
    0.00      0.00
    0.00      0.00
    0.00      0.00
    0.00      0.00
    0.00      0.00
    0.00      0.00
    0.00      0.00
    0.00      0.00
    0.00      0.00
    0.00      0.00
    0.00      0.00
    0.00      0.00
    0.00      0.00
    0.00      0.00
    0.00      0.00
    0.00      0.00
    0.00      0.00
    0.00      0.00
    0.00      0.00
    0.00      0.00
    0.00      0.00
    0.00      0.00
    0.00      0.00
    0.00      0.00
    0.00      0.00
    0.00      0.00
    0.00      0.00
    0.00      0.00
    0.00      0.00
    0.00      0.00
    0.00      0.00
    0.00      0.00
    0.00      0.00
    0.00      0.00
    0.00      0.00
    0.00      0.00
    0.00      0.00
    0.00      0.00
    0.00      0.00
    0.00      0.00
    0.00      0.00
    0.00      0.00
    0.00      0.00
    0.00      0.00
    0.00      0.00
    0.00      0.00
    0.00      0.00
    0.00      0.00
    0.00      0.00
    0.00      0.00
    0.00      0.00
    0.00      0.00
    0.00      0.00
    0.00      0.00
    0.00      0.00
    0.00      0.00
    1.36      0.00
    0.00      0.00
    0.00      0.00
    0.00      0.00
    0.00      0.00
    0.00      0.00
    0.00      0.00
    0.00      0.00
    0.00      0.00
    0.00      0.00
    0.00      0.00
    0.00      0.00
    0.00      0.00
    0.00      0.00
    0.00      0.00
    0.00      0.00
    0.00      0.00
    0.00      0.00
    0.00      0.00
    0.00      0.00
    0.00      0.00
    0.00      0.00
    0.00      0.00
    0.00      0.00
    0.00      0.00
    0.00      0.00
    0.00      0.00
    0.00      0.00
    0.00      0.00
    0.00      0.00
    0.00      0.00
    0.00      0.00
    0.00      0.00
    0.00      0.00
    0.00      0.00
    0.00      0.00
    0.00      0.00
    0.00      0.00
    0.00      0.00
    0.00      0.00
    0.00      0.00
    0.00      0.00
    0.00      0.00
    0.00      0.00
    0.00      0.00
    0.00      0.00
    0.00      0.00
    0.00      0.00
    0.00      0.00
    0.00      0.00
    0.00      0.00
    0.00      0.00
    0.00      0.00
    0.00      0.00
    0.00      0.00
    0.00      0.00
    0.00      0.00
    0.00      0.00
    0.00      0.00
    0.00      0.00
    0.00      0.00
    0.00      0.00
    0.00      0.00
    0.00      0.00
    0.00      0.00
    0.00      0.00
    0.00      0.00
    0.00      0.00
    0.00      0.00
    0.00      0.00
    0.00      0.00
    0.00      0.00
    0.00      0.00
    0.00      0.00
    0.00      0.00
    0.00      0.00
    0.00      0.00
    0.00      0.00
    0.00      0.00
    0.00      0.00
    0.00      0.00
    0.00      0.00
    0.68      0.00
    0.00      0.00
    0.00      0.00
    0.00      0.00
    0.00      0.00
    0.00      0.00
    0.00      0.00
    0.00      0.00
    0.00      0.00
    0.00      0.00
    0.00      0.00
    0.00      0.00
    0.00      0.00
    0.00      0.00
    0.00      0.00
    0.00      0.00
    0.00      0.00
    0.00      0.00
    0.00      0.00
    0.00      0.00
    0.00      0.00
    0.00      0.00
    0.00      0.00
    0.00      0.00
    0.00      0.00
    0.00      0.00
    0.00      0.00
    0.00      0.00
    0.00      0.00
    0.00      0.00
    0.00      0.00
    0.00      0.00
    0.00      0.00
    0.00      0.00
    0.00      0.00
    0.00      0.00
    0.00      0.00
    0.00      0.00
    0.00      0.00
    0.00      0.00
    0.00      0.00
    0.68      0.00
    0.00      0.00
    0.00      0.00
    0.00      0.00
    0.00      0.00
    0.00      0.00
    0.00      0.00
    0.00      0.00
    0.00      0.00
    0.00      0.00
    0.00      0.00
    0.00      0.00
    0.00      0.00
    0.00      0.00
    0.00      0.00
    0.00      0.00
    0.00      0.00
    0.00      0.00
    0.00      0.00
    0.00      0.00
    0.00      0.00
    0.00      0.00
    0.00      0.00
    0.00      0.00
    0.00      0.00
    0.00      0.00
    0.00      0.00
    0.00      0.00
    0.00      0.00
    0.00      0.00
    0.00      0.00
    0.00      0.00
    0.00      0.00
    0.00      0.00
    0.00      0.00
    0.00      0.00
    0.00      0.00
    0.00      0.00
    0.00      0.00
    0.00      0.00
    0.00      0.00
    0.68      0.00
    0.00      0.00
    0.00      0.00
    0.00      0.00
    0.00      0.00
    0.00      0.00
    0.00      0.00
    0.00      0.00
    0.00      0.00
    0.00      0.00
    0.00      0.00
    0.00      0.00
    0.00      0.00
    0.00      0.00
    0.00      0.00
    0.00      0.00
    0.00      0.00
    0.00      0.00
    0.00      0.00
    0.00      0.00
    0.00      0.00
    0.00      0.00
    0.00      0.00
    0.00      0.00
    0.00      0.00
    0.00      0.00
    0.00      0.00
    0.00      0.00
    0.00      0.00
    0.00      0.00
    0.00      0.00
    0.00      0.00
    0.00      0.00
    0.00      0.00
    0.00      0.00
    0.00      0.00
    0.00      0.00
    0.00      0.00
    0.00      0.00
    0.00      0.00
    0.00      0.00
    0.00      0.00
    0.00      0.00
    0.00      0.00
    0.00      0.00
    0.00      0.00
    0.00      0.00
    0.00      0.00
    0.00      0.00
    0.00      0.00
    0.00      0.00
    0.00      0.00
    0.00      0.00
    0.00      0.00
    0.00      0.00
    0.00      0.00
    0.00      0.00
    0.00      0.00
    0.00      0.00
    0.00      0.00
    0.00      0.00
    0.00      0.00
    0.00      0.00
    0.00      0.00
    0.00      0.00
    0.00      0.00
    0.00      0.00
    0.00      0.00
    0.00      0.00
    0.00      0.00
    0.00      0.00
    0.00      0.00
    0.00      0.00
    0.00      0.00
    0.00      0.00
    0.00      0.00
    0.00      0.00
    0.00      0.00
    0.00      0.00
    0.00      0.00
    0.00      0.00
    0.00      0.00
    0.00      0.00
    0.00      0.00
    0.00      0.00
    0.00      0.00
    0.00      0.00
    0.00      0.00
    0.00      0.00
    0.00      0.00
    0.00      0.00
    0.00      0.00
    0.00      0.00
    0.00      0.00
    0.00      0.00
    0.00      0.00
    0.00      0.00
    0.00      0.00
    0.00      0.00
    0.00      0.00
    0.00      0.00
    0.00      0.00
    0.00      0.00
    0.00      0.00
    0.00      0.00
    0.00      0.00
    0.00      0.00
    0.00      0.00
    0.00      0.00
    0.00      0.00
    0.00      0.00
    0.00      0.00
    0.00      0.00
    0.00      0.00
    0.00      0.00
    0.00      0.00
    0.00      0.00
    0.00      0.00
    0.00      0.00
    0.00      0.00
    0.00      0.00
    0.00      0.00
    0.00      0.00
    0.00      0.00
    0.00      0.00
    0.00      0.00
    0.00      0.00
    0.00      0.00
    0.00      0.00
    0.00      0.00
    0.00      0.00
    0.00      0.00
    0.00      0.00
    0.00      0.00
    0.00      0.00
    0.00      0.00
    0.00      0.00
    0.00      0.00
    0.00      0.00
    0.00      0.00
    0.00      0.00
    0.00      0.00
    0.00      0.00
    0.00      0.00
    0.00      0.00
    0.00      0.00
    0.00      0.00
    0.00      0.00
    0.00      0.00
    0.00      0.00
    0.00      0.00
    0.41     26.16
   46.24     47.80
   27.27     11.74
   13.97      1.45
    0.00      0.00
    0.00      0.00
    0.00      0.00
    0.00      0.00
    0.00      0.00
    0.00      0.00
    0.00      1.11
  692.82    255.60
  900.22   1330.31
  947.02    891.63
  347.22    474.86
  522.41    340.33
  214.51    215.09
  308.10    299.34
  348.02    221.96
  115.42     40.87
  152.04     98.40
   70.18     15.26
   61.70     41.97
   16.60      3.59
   36.89      7.00
    2.31      0.00
    9.62      1.74
    0.72      0.00
    0.00      0.00
    0.00      0.00
    0.00      0.00
    0.00      0.00
    0.00      0.00
    0.00      0.00
    0.00      0.00
    0.00      0.00
    0.00      0.00
    0.00      0.00
    0.00      0.00
    0.00      0.00
    0.00      0.00
    0.00      0.00
    0.00      0.00
    0.00      0.00
    0.00      0.00
    0.00      0.00
    0.00      0.00
    0.00      0.00
    0.00      0.00
    0.00      0.00
    0.00      0.00
    0.00      0.00
    0.00      0.00
    0.41      0.41
    0.00      0.00
    0.00      0.00
    0.00      0.00
    0.00      0.00
    0.00      0.00
    0.00      0.00
    0.00      0.00
    0.00      0.00
    0.00      0.00
   74.15    103.27
  104.67    193.48
  196.35     83.40
    5.79      0.00
   14.37     15.81
    1.45      0.00
   28.74     45.27
   30.15     60.32
   30.16     30.24
   45.36     17.27
   17.24     15.80
    0.71      0.00
   15.08     15.17
    0.00      0.00
   29.51     15.88
    0.00      0.00
    0.72      0.00
    0.72      0.00
    0.00      0.00
    0.00      0.00
    0.00      0.00
    0.00      0.00
    0.00      0.00
    0.00      0.00
    0.00      0.00
    0.00      0.00
    0.00      0.00
    0.00      0.00
    0.00      0.00
    0.00      0.00
    0.00      0.00
    0.00      0.00
    0.00      0.00
    0.00      0.00
    0.00      0.00
    0.00      0.00
    0.00      0.00
    0.00      0.00
    0.00      0.00
    0.00      0.00
    0.00      0.00
    0.00      0.00
    0.00      0.00
    0.00      0.00
    0.00      0.00
    0.00      0.00
    0.00      0.00
   55.65     62.81
  285.42    400.40
  236.11    141.52
  172.36    193.49
  180.69    198.56
  156.66    197.78
  368.73    152.21
   30.12     27.41
  148.16    117.73
    6.44      1.43
   43.61     20.72
   18.03     32.77
   31.03     46.52
   17.68     30.27
   14.79     15.50
   48.03     16.94
   15.49      1.45
    0.00     14.79
    0.71      0.00
   14.79     15.59
   29.62     15.57
    0.00      0.72
    0.00      0.00
    0.72      0.00
    0.72      0.00
    0.68      0.00
    0.00      0.00
    0.00      0.00
    0.00      0.00
    0.00      0.00
    0.00      0.00
    0.00      0.00
    0.00      0.00
    0.00      0.00
    0.00      0.00
    0.00      0.00
    0.00      0.00
    0.00      0.00
    0.00      0.00
    0.00      0.00
    0.00      0.00
    0.00      0.00
    0.00      0.00
    0.00      0.00
    0.00      0.00
    0.00      0.00
    0.00      0.00
    0.00      0.00
    0.00      0.00
    0.00      0.00
    0.00      0.00
    0.00     15.10
   15.16     28.74
   46.16     61.65
  108.90     80.40
   76.62    153.11
  140.12    125.19
  112.34     37.19
    2.15      0.00
   29.36     59.69
    0.72      0.00
   29.58      0.72
   14.99     31.50
   15.00     15.71
   17.17      0.71
   31.44     77.14
    0.65     15.73
   61.60      2.89
   16.43     16.42
    1.45      0.00
    1.45     14.99
    0.00      0.00
   14.99     15.79
   14.99     15.79
   15.80      0.72
    0.00      0.00
    0.72      0.00
    0.72      0.00
    0.00      0.00
    0.00      0.00
    0.00      0.00
    0.00      0.00
    0.00      0.00
    0.00      0.00
    0.00      0.00
    0.00      0.00
    0.00      0.00
    0.00      0.00
    0.00      0.00
    0.00      0.00
    0.00      0.00
    0.00      0.00
    0.00      0.00
    0.00      0.00
    0.00      0.00
    0.00      0.00
    0.00      0.00
    0.00      0.00
    0.00      0.00
    0.00      0.00
   93.51    159.03
  215.08    267.63
  144.61    107.83
  234.92    260.12
  261.63    151.62
  109.86    117.25
  141.91    144.73
  197.27    152.23
  100.46     45.02
   55.24     34.38
   40.85     43.29
   55.24     54.62
    0.00      0.00
    9.60      1.74
   46.98     31.72
   15.11     16.57
   17.28      0.71
   29.55     76.22
    2.10      0.71
   31.01     15.82
   32.43     17.26
   16.53      1.45
    0.73      0.00
    0.72      0.00
    0.00     15.10
    0.00      0.00
   15.11     15.90
   29.56     15.91
    0.71      0.72
    0.72      0.00
    0.00      0.00
    0.72      0.00
    0.00      0.00
    0.00      0.00
    0.00      0.00
    0.00      0.00
    0.00      0.00
    0.00      0.00
    0.00      0.00
    0.00      0.00
    0.00      0.00
    0.00      0.00
    0.00      0.00
    0.00      0.00
    0.00      0.00
    0.00      0.00
    0.00      0.00
    0.00      0.00
    0.00      0.00
    0.00      0.00
    0.00      0.00
    0.00      0.65
   14.46     14.38
   17.26     45.84
   62.89     49.96
   77.84     78.77
   50.79     50.79
   19.94      7.52
    6.08      6.74
   21.45     19.43
    1.44      0.00
    1.37     15.11
    0.00      0.00
   29.35     31.49
    0.71     15.00
    0.00      0.00
   32.23      2.82
    0.00      0.65
    2.02      1.44
    0.00      0.65
    1.37      2.68
    1.30      1.37
    2.09      1.44
    0.72      0.65
    2.09      0.72
    0.00      0.00
    0.72      0.00
    0.00      0.65
    0.00      0.00
    0.65      0.65
    0.65      1.44
    1.37      0.72
    0.00      0.00
    0.72      0.00
    0.00      0.00
    0.00      0.00
    0.00      0.00
    0.00      0.00
    0.00      0.00
    0.00      0.00
    0.00      0.00
    0.00      0.00
    0.00      0.00
    0.00      0.00
    0.00      0.00
    0.00      0.00
    0.00      0.00
    0.00      0.00
    0.00      0.00
   44.14     75.04
  171.63    169.69
  236.80    287.06
   83.97     49.84
  139.13    209.13
  147.70     67.02
  149.52    150.59
  164.94     86.70
   95.89     86.24
  136.38     83.48
   31.10     14.57
   29.16      8.53
   16.23     16.96
    0.72      0.00
    1.45     14.79
    0.00      0.00
    0.00      0.00
   31.34     48.85
    0.00      0.00
   32.53      1.37
    0.72      1.37
    2.03      2.09
    0.00      0.00
    2.75      2.09
    0.65      0.72
    0.65      1.37
    1.37      1.37
    0.65      0.72
    0.72      0.00
    0.00      0.00
    0.72      0.00
    0.00      0.65
    0.00      0.65
    0.00      0.00
    0.65      0.65
    0.72      0.72
    1.37      0.72
    0.00      0.00
    0.72      0.00
    0.00      0.00
    0.00      0.00
    0.00      0.00
    0.00      0.00
    0.00      0.00
    0.00      0.00
    0.00      0.00
    0.00      0.00
    0.00      0.00
    0.00      0.00
    0.00      0.00
    0.00      0.00
    0.00      0.00
    0.00      0.65
    0.74      0.00
   43.78     60.97
   50.17     49.44
   46.55     33.64
   34.35     64.42
   37.08     35.52
   49.68     36.45
   19.28      3.53
    3.40     19.15
    6.93      4.19
   16.61      1.44
   15.00     16.45
    0.00      0.00
    0.71      0.00
    0.00     15.00
    0.00      0.00
   17.03      4.86
    0.00      0.00
    0.00      0.65
    2.16      0.65
    2.68      3.47
    0.00      0.65
    2.16      0.00
    0.72      0.65
    0.00      0.00
    1.31      0.72
    1.37      0.72
    0.00      0.72
    0.00      0.00
    0.00      0.00
    0.00      0.00
    0.65      0.00
    0.00      0.72
    0.00      0.65
    0.00      0.00
    0.65      1.37
    0.65      0.00
    0.72      0.72
    0.00      0.00
    0.72      0.00
    0.00      0.00
    0.00      0.00
    0.00      0.00
    0.00      0.00
    0.00      0.00
    0.00      0.00
    0.00      0.00
   15.58     26.48
  165.17    251.55
   97.98    109.79
  100.17    100.93
  220.27    190.18
  140.76     86.47
  123.52     95.16
  116.24     59.86
   55.19     77.43
   54.72     57.32
  160.63     62.70
   34.22     10.90
   86.59     90.54
   38.17     25.25
   31.61     21.71
   27.33      3.17
   24.71     17.55
    1.60      0.87
    1.44      0.65
    0.00     15.10
    0.00      0.00
    1.37      0.00
   17.61      3.95
    0.00      1.31
    0.72      0.00
    4.05      3.54
    0.65      0.72
    0.00      0.00
    0.72      0.65
    0.00      1.31
    0.72      0.00
    0.65      0.72
    1.44      0.00
    0.00      0.00
    0.00      0.65
    0.00      0.00
    0.00      0.00
    0.00      0.00
    0.72      0.00
    0.00      0.00
    0.00      0.65
    0.00      0.00
    0.65      1.37
    0.65      0.72
    0.72      0.00
    0.00      0.00
    0.72      0.00
    0.00      0.00
    0.00      0.00
    0.00      0.00
    0.00      0.00
    0.00      0.00
    0.00      0.65
    1.39      0.74
    0.00     15.68
   76.20     76.61
   64.39     50.21
   33.54     61.71
   34.35      6.13
    7.45      6.87
    4.91     21.14
   20.00     18.56
    2.09      0.72
   17.11      4.77
   34.76     65.05
    2.16     15.09
   32.35      1.43
    1.44      0.00
   14.37      1.37
    2.10      0.71
    1.37      0.72
    0.00      0.65
    0.00      1.31
    0.00      0.00
    2.10      0.65
    1.37      3.40
    0.00      0.65
    2.09      0.72
    3.47      2.09
    0.00      0.00
    1.37      0.72
    0.65      0.65
    0.00      0.72
    0.00      0.00
    1.37      0.72
    0.00      0.00
    0.00      0.00
    0.00      0.00
    0.65      0.72
    0.00      0.00
    0.00      0.00
    0.00      0.00
    0.00      0.00
    0.00      0.00
    0.00      0.65
    0.00      0.65
    0.65      0.72
    0.65      0.72
    0.72      0.00
    0.72      0.00
   87.98    106.78
  175.17    242.77
  117.00     64.64
  106.16    152.46
  110.27    101.57
   93.34    118.58
  224.53    124.12
  155.91     59.56
   43.46     64.83
   82.29     33.17
    7.59     19.95
   80.66     61.18
    8.97     18.34
   52.94     31.13
   29.34     11.13
   51.25     42.82
   49.68     70.36
   15.10      0.71
   15.15     15.50
   16.93      0.71
    0.65      2.03
    0.00      0.00
   16.21      0.71
    0.72      0.00
    1.96      2.16
    0.00      0.65
    0.00      0.00
    2.68      2.75
    0.00      1.37
    0.65      0.72
    2.10      2.03
    1.37      1.37
    0.72      0.00
    0.72      0.00
    0.72      0.65
    0.00      0.00
    0.65      0.72
    0.72      0.65
    0.00      0.00
    0.00      0.00
    0.00      0.00
    0.72      0.00
    0.00      0.00
    0.00      0.00
    0.00      0.00
    0.00      0.00
    0.00      0.00
    0.00      0.65
    0.00      0.00
    0.00      0.65
    1.31      0.72
    0.72      0.72
    0.00      0.65
   15.84     14.44
   14.79     15.50
    4.19     31.98
   65.10     52.10
   49.00     61.41
   34.17      4.98
    4.64     49.12
   51.94      8.36
   19.87     22.60
    4.98      2.03
    3.47     17.08
   32.17     17.26
    1.31      2.09
   17.35     18.90
    3.53      2.82
    0.72      0.00
    2.03     17.08
    0.00      0.00
    0.72      0.00
   16.35     17.82
    0.65      1.37
    0.00      1.31
   17.15      1.45
    0.72      0.00
    2.09      2.03
    0.00      0.00
    0.72      1.31
    1.37      0.72
    0.65      1.37
    2.74      2.09
    1.37      0.00
    0.72      0.72
    0.00      0.00
    0.00      0.00
    0.00      0.65
    0.00      0.00
    1.06      0.72
    0.72      0.00
    0.65      0.72
    0.00      0.00
    0.00      0.00
    0.00      0.00
    0.00      0.00
    0.00      0.00
    0.00      0.00
    0.00      0.00
    0.00      0.00
  191.29    234.00
  162.76    219.99
   34.06      2.16
  101.16    200.73
  120.56     79.63
  132.24    137.95
  184.81    115.61
  213.80     88.48
   67.56     72.35
   58.13     42.95
   88.06     83.12
  124.41     54.93
   31.27     34.50
  126.98    103.40
   30.77     38.16
   57.03     30.54
   10.33      3.83
   61.52     54.91
    5.08      3.03
   11.69      3.11
    1.52      0.00
    1.54      1.52
    0.65     16.49
    0.00      0.00
   16.55      1.44
    2.11     16.48
    1.96      2.16
    0.71      0.65
    0.00      0.00
   17.87      1.43
    0.72      0.72
    0.00      0.00
    0.65      2.68
    1.31      2.75
    1.37      0.65
    2.88      0.72
    0.00      0.00
    0.72      0.00
    0.00      0.00
    0.00      0.65
    0.00      0.00
    0.00      0.65
    1.37      0.72
    0.00      0.00
    0.72      0.00
    0.00      0.00
    0.00      0.00
    0.00      0.00
    0.00      0.00
    0.00      0.00
    0.00      0.00
    0.00      0.65
    0.41      0.41
    0.74      0.00
   15.10     15.84
   32.20     35.60
   19.63     34.05
   35.40     35.38
   53.14     40.10
    4.90     16.37
   19.96     21.29
   34.30     22.55
    6.28      5.56
    7.02      2.82
   15.08     30.74
   48.20     38.25
    2.09      1.44
    2.89     15.02
   19.16     17.19
   19.13     19.92
   16.61      0.00
    1.37      1.44
    0.72      0.00
    0.65      0.00
    0.65      2.75
    0.00      0.00
    0.00      1.96
    2.03      1.37
    0.72      1.37
    3.54      2.03
    0.00      0.00
    0.00      0.00
    2.82      0.72
    0.00      0.00
    0.65      0.65
    1.96      3.47
    1.37      1.44
    1.37      1.37
    0.72      0.00
    0.72      0.00
    0.00      0.00
    0.00      0.00
    0.00      0.65
    0.00      0.00
    1.31      0.72
    0.72      0.72
    0.00      0.00
    0.00      0.00
    0.00      0.00
   31.18     52.26
  124.78    187.08
  119.83    157.63
   27.37     53.80
   14.66    105.22
  142.76    144.02
  128.40     86.74
  127.55     71.92
  166.50    110.17
  103.14     77.23
  118.83     72.50
   35.63     39.59
   61.84     50.34
   61.90     60.91
   54.72     57.37
   67.40     27.44
   38.32     23.87
   54.46     50.91
   68.93     41.50
   15.51     16.89
   29.77      5.34
    4.78     17.54
    2.15      2.09
   15.11     15.91
    0.00      0.65
   16.31      0.72
    0.72      0.00
    0.72      0.65
    0.65      1.37
    1.96      0.72
    1.37      2.75
    0.65      1.44
    1.37      0.00
    2.10      2.10
    0.00      0.00
    0.00      0.65
    0.00      0.65
    1.37      1.37
    2.03      0.65
    2.09      2.16
    0.65      1.37
    0.72      0.00
    0.72      0.00
    0.00      0.00
    0.00      0.00
    0.00      0.65
    0.00      0.65
    0.00      0.00
    0.65      0.72
    1.44      0.00
    0.00      0.00
    0.00      0.00
    0.00      0.65
    0.65      0.00
    0.74      0.74
   29.77     32.01
    2.81     19.01
   19.99      3.54
    2.03      2.03
   32.97     35.13
   68.17     84.25
   22.38      6.87
    5.63      4.19
    3.40     19.09
    4.78      5.36
   21.36     20.06
    2.68      2.82
   47.22     35.68
    5.57      2.82
   16.55     15.89
   30.09     33.58
    4.12      3.47
   16.30     18.46
    4.99      0.72
    2.11      0.00
    0.65     15.72
    1.37      1.44
    0.00      0.00
   14.34      0.00
    1.45      2.68
    0.65      0.65
    0.00      1.37
    2.82      0.65
    1.37      2.10
    0.65      0.72
    2.16      0.00
    0.00      0.00
    0.00      0.65
    0.65      1.37
    0.65      2.03
    2.03      0.72
    2.10      2.10
    1.37      1.37
    0.00      0.00
    0.72      0.00
    0.72      0.00
    0.00      0.00
    0.00      0.00
    0.65      0.00
    0.00      1.36
   56.97     74.34
  194.54    239.48
  101.08     91.59
   28.14    131.10
   70.80    134.86
   80.91     77.23
   92.05     80.85
  116.41     57.99
  121.80     84.92
  129.27     64.39
   95.06     50.32
   75.80     79.63
   68.22     30.55
   22.61     25.47
   69.95     39.41
   46.41     56.09
   14.57      4.48
   10.96     18.34
   18.98      4.12
   18.26     19.37
   17.84      3.55
   16.18     16.98
    4.27     16.48
   17.71      4.83
   18.32     18.33
    1.43      0.65
   15.11     16.47
    2.17      0.00
    1.44     15.10
    0.71      0.00
    0.00      0.00
    0.65      0.73
   16.47      3.47
    0.65      1.38
    0.00      0.65
    3.48      1.44
    0.00      0.00
    0.65      1.37
    0.72      0.00
    0.00      0.00
    0.72      0.65
    0.65      2.03
    1.31      0.72
    0.72      0.72
    3.40      2.75
    0.00      0.72
    0.72      0.00
    0.72      0.00
    0.00      0.65
    0.00      0.00
    0.00      0.00
    0.00      0.65
    0.72      0.65
   15.77     15.16
   15.10     16.55
    2.83      0.00
    2.10      6.01
   19.92     31.63
   32.32     17.02
   16.39     18.62
   33.10     49.32
   39.82     39.27
   37.62     38.53
   22.17      4.19
    2.09      3.33
   18.50     31.57
    4.05      5.50
    4.19      2.03
   17.18     19.26
    2.09     16.29
   18.53      4.19
    1.37      1.31
   16.43      2.74
    3.33      3.47
   15.65     17.08
    6.22      4.19
    2.09      0.72
   15.72     15.78
    2.75      1.44
    0.65      1.37
    0.00      0.00
    0.72      1.31
    0.41      1.72
    0.72      0.00
    2.10      0.65
    1.37      2.75
    1.37      0.72
    0.72      0.65
    1.44      0.00
    0.41      0.00
    1.30      1.44
    0.72      0.65
    0.00      0.00
    0.00      0.65
    1.37      1.37
    1.37      0.72
    0.65      0.65
    0.65      2.10
    0.72      0.00
    1.44      0.00
  161.52    193.13
  124.62    177.56
   64.88    119.21
   84.36    145.28
   69.56    115.74
   54.86     72.96
   62.56     60.30
   99.79     68.56
  132.97    106.36
   62.03     20.49
   84.98     68.89
   58.04     73.87
  127.01     63.52
   54.53     38.72
   30.11     30.87
   79.49     40.31
   31.42     23.81
   60.97     48.30
   19.91     18.99
    4.19      1.44
   16.16     17.85
    2.82      2.75
    1.37     15.83
   16.62      1.37
   18.58      2.15
    0.65      3.92
    2.68      3.54
   18.51     18.71
    1.37      2.68
    2.16      0.00
    2.88      0.00
   15.84     15.90
    0.00      0.65
    1.31      0.72
    1.31      3.47
    1.37      0.00
    0.72      0.72
    2.75      1.44
    0.65      1.37
    0.00      0.00
    0.72      1.31
    0.00      0.00
    0.72      0.00
    2.03      0.72
    0.00      1.37
    0.00      0.65
    0.72      0.00
    2.03      1.44
    0.00      0.00
    1.31      2.75
    0.00      0.00
    0.72      1.31
    1.46      0.00
   14.39     14.44
    0.72      0.00
   16.37     16.51
   30.11     34.16
    8.44      4.12
   16.46     17.60
    2.81     31.38
   47.60     21.21
   22.83     62.07
   48.59     24.66
   38.54     23.54
   18.55     17.88
    4.92     19.15
    4.19     15.82
   16.38      4.13
   33.28     20.42
    4.19      3.47
   17.09     30.77
    2.03      1.31
   17.80      4.19
    1.44      1.37
    0.72      1.96
    2.09      0.72
    0.72      0.65
    4.05      4.19
    2.09      0.65
    1.31      2.75
    1.96      2.82
    2.68      3.54
    0.72      0.00
    1.44      0.65
    1.37      1.31
    0.00      1.37
    2.75      0.65
    1.37      3.47
    0.00      0.00
    1.44      0.00
    1.44      0.65
    0.65      0.72
    0.65      0.72
    0.72      1.31
    0.00      0.00
    0.00      0.00
    2.03      1.44
    0.72      1.31
    0.00      0.00
   31.64     52.18
   98.42    121.93
  168.73    207.19
   50.95    137.96
   58.28    153.45
   70.83     92.04
   72.22     65.55
   74.02     46.04
  175.09    129.12
   43.01     12.50
   52.09     47.91
   84.94     55.61
   84.39     79.86
   85.74     66.19
   64.06     55.77
   59.97     61.64
   90.97     49.43
    4.26      3.54
   44.40     47.48
   16.80     20.21
   48.51     27.77
   17.73      2.09
   10.98      2.31
    2.68     33.60
   18.63      2.88
    0.00      0.00
   17.28      2.10
    2.03      1.44
    0.00      1.31
    2.68      4.12
    2.09      1.31
    0.72      2.03
    2.09      0.00
    0.72      2.03
    2.09      1.37
    1.96      3.47
    0.65      0.00
    3.47      3.47
    0.00      0.00
    2.82      0.00
    2.03      2.16
    0.65      1.37
    0.00      0.00
    0.00      0.65
    1.37      1.37
    0.00      0.00
    2.10      0.65
    0.00      1.37
    0.00      0.00
    0.72      0.00
    1.37      1.37
    0.65      0.00
    1.37      2.09
    0.00      0.65
    1.46     14.37
   15.82     16.40
   30.84     17.97
    0.72      2.61
    8.37     19.22
   19.04     34.35
   33.08     18.54
    2.03     19.63
   22.18     16.46
   19.14     24.12
    7.43      8.73
   24.83      7.15
   31.43     63.59
   18.92     18.98
   34.99     18.61
   17.24     17.09
   21.14      6.21
   18.56     33.61
   17.27     15.16
    0.65      1.37
   17.73      4.77
    3.54      2.10
    1.37      2.03
    0.00      0.65
    3.47      0.72
    0.72      1.39
    2.68      2.75
    0.72      0.72
    1.96      1.44
    2.03      2.16
    0.00      0.65
    0.65      0.72
    0.00      1.31
    1.37      3.33
    0.65      0.00
    4.46      4.91
    2.10      2.03
    1.44      0.00
    0.72      0.00
    2.17      0.00
    0.65      0.65
    0.65      0.72
    0.00      2.03
    0.65      0.72
    0.72      0.00
    2.10      0.72
   30.92     53.13
  148.34    171.40
   45.90    107.31
   21.97    130.28
    9.60     78.65
   66.08    108.47
   80.75     48.63
  171.86    102.27
   67.65     46.21
   97.18     30.90
   86.40     72.50
  155.07     87.97
   38.32     44.08
  181.91    115.72
   80.38     44.91
   41.66     48.81
  101.61     64.81
   80.34     46.06
   84.51     86.37
   26.90     33.50
  112.90    101.83
   37.59      6.27
   23.36      5.56
    2.26     15.82
    2.27      2.89
   18.20     18.91
   18.71      2.82
    0.00      0.00
    1.31      2.75
    3.55      0.72
    0.00      1.31
    2.75      2.03
    1.44      2.03
    0.00      1.31
    2.16      0.00
    0.00      0.00
    2.10      1.37
    0.00      0.00
    0.65      1.37
    1.96      2.75
    1.37      2.09
    0.72      1.31
    5.43      2.09
    0.65      2.88
    0.72      0.00
    0.72      0.65
    0.72      0.00
    0.00      0.00
    2.03      2.75
    0.65      0.65
    0.00      0.72
    2.16      0.00
    0.00      0.65
    1.39      1.39
    0.65      1.31
    0.65      0.72
    3.47     32.15
   30.09      3.33
   21.74     19.77
    2.03      2.75
   18.40     49.20
   19.10     21.25
   21.21      4.05
   20.56     20.44
   34.83     52.55
    9.03      7.72
   32.90      4.84
   19.27     34.84
   19.30     19.29
   32.82     17.89
   17.84     17.25
   18.49     34.93
    6.15      4.76
   18.33     16.94
   17.15      1.44
    2.75      2.03
    2.68      4.78
    2.89      0.72
    1.31      1.31
   15.71     18.53
    2.75      0.72
    1.37      2.10
    1.37      0.65
    1.37      1.44
    2.68      2.16
    0.00      0.00
    0.65      1.37
    0.00      0.00
    0.72      0.65
    0.00      1.96
    0.65      0.72
    2.03      0.72
    3.47      4.12
    0.00      0.65
    0.72      0.65
    1.44      0.65
    2.68      2.81
    0.00      0.00
    2.10      1.37
    0.00      0.00
   46.58     76.15
  129.39    195.86
   22.69     94.74
   18.96    166.90
   77.57     69.35
    3.17     23.73
   55.82     57.36
   76.39    143.24
  131.36     74.90
  141.23     46.17
  141.55     77.07
  106.33     69.49
   53.54     38.62
  113.02     69.71
   11.17     44.03
  133.54     92.89
   94.77     72.04
  100.46     78.84
  148.34     91.46
   98.56     19.33
   67.75     35.66
   13.71      5.86
    4.91      2.88
    4.71      6.87
    2.82     15.76
   31.18     32.10
    2.10      0.65
   18.52      6.29
    2.89      1.31
    1.38      0.72
    0.65      2.68
    3.54      0.72
   15.11     16.48
    1.37      1.31
    2.10      2.75
    0.00      0.65
    2.87      0.00
    0.00      0.00
    1.37      0.72
    0.00      0.00
    0.00      0.65
    1.31      2.10
    0.65      2.03
    1.37      0.72
    2.68      1.37
    1.44      1.44
    0.65      0.72
    0.72      0.65
    0.00      1.31
    1.31      0.00
    1.37      2.82
    0.00      1.31
    3.56      0.74
    0.72      0.00
    0.00      0.65
    1.96      3.47
    0.00      0.00
    1.37      2.61
    7.66      6.15
   19.95     33.09
   18.33      3.53
   18.19     32.84
   17.72     21.00
   24.13     21.40
    4.76     17.80
    7.39     27.39
   37.17     34.98
    4.91      3.41
   33.60     33.53
   34.28     36.35
   18.41     31.18
   49.83     19.98
   34.05     21.27
    4.26      2.10
    3.40      4.12
    5.56      0.65
    1.44      2.82
   15.75     17.12
   16.96     20.56
    4.98      1.36
    2.09      0.65
    2.03      2.82
    2.83      0.72
    1.37      0.72
    0.00      1.31
    2.68      2.82
    2.68      2.16
    0.00      0.00
    0.65      1.37
    0.72      0.00
    0.00      0.00
    0.72      1.31
    0.00      0.65
    1.37      0.72
    2.09      2.03
    1.31      1.38
    0.00      1.37
    2.82      1.37
    0.00      0.00
   87.47    123.45
   74.90    126.84
   80.12    199.91
   62.98    129.42
   71.88    138.28
   57.97     53.78
   60.54     54.96
   54.23     39.43
   29.00     13.06
   29.58     18.12
   37.95     24.86
   15.79     21.03
  118.95     91.66
   82.29     48.72
   67.17     83.57
  101.66     78.53
  108.88     98.24
   63.77     35.29
   48.09     42.46
   18.93     20.01
   77.85     94.24
   35.56     27.00
   33.28     35.03
   32.65     19.63
   49.56      4.32
   32.04     31.38
    1.96      5.43
    4.26      0.72
    1.44      0.00
    3.98      4.70
    4.77      4.32
    1.37      2.75
    0.72      0.65
   17.14     17.20
    2.16      0.72
    0.00      0.65
    2.09      2.61
    2.12      1.44
    0.72      0.65
    1.44      0.00
    0.65      1.37
    1.37      0.72
    0.00      0.00
    1.06      1.06
    1.37      2.10
    1.37      1.37
    0.00      0.00
    2.03      1.44
    0.00      0.65
    1.37      0.72
    2.03      2.03
    0.00      1.37
    0.00      0.65
    2.83      2.06
    0.00      0.00
    1.37      0.00
    0.72      2.03
   15.02     15.17
    2.75      6.74
    4.91      3.40
    4.84     17.13
   20.36     32.90
   33.01      6.35
   17.91     37.28
   24.26     17.25
   47.37     51.28
   24.40     11.71
    9.04     21.67
   19.10     18.19
   19.68     21.20
   17.81     17.82
   19.04      6.22
   19.17     33.52
    3.40     19.14
   34.96     35.60
    6.44      1.46
   33.56      1.36
    3.33      5.56
   18.46     17.22
    0.00      1.31
    1.31      4.65
    4.84      2.83
    2.16      1.37
    4.78      2.10
    0.65      2.09
    2.18      0.72
    1.31      1.44
    1.31      1.31
    2.05      2.20
    1.39      1.44
    0.00      0.00
    0.65      1.37
    0.00      0.00
    0.00      0.65
    1.37      2.03
    0.65      0.72
    0.72      0.00
    2.10      2.03
    0.00      0.00
    1.37      0.72
   62.81    106.71
  105.49    140.59
   37.06    132.65
   22.51    159.64
   13.76     26.51
   22.48     29.42
   92.87    110.06
   63.61     64.26
   46.10     47.80
  157.01     57.80
   81.89     43.20
   70.82     65.80
  103.20     75.62
   80.94     51.46
  107.95    115.63
   44.26     83.78
  142.55    103.33
  132.62     70.16
   52.85     62.02
   69.23     36.62
   53.71     28.79
   41.92     31.18
   44.28     64.48
   22.30      1.96
   56.61     29.46
   13.34     20.93
    8.21     32.64
   18.57      4.12
   20.69      4.18
    2.82      0.72
    1.37      0.72
   17.05     19.96
    4.81      2.77
    0.72      3.47
    2.11      1.39
    2.03      2.03
    2.83      2.11
    0.72      0.65
    1.37      2.61
    2.11      1.48
    2.18      0.65
    0.72      0.00
    0.00      0.00
    1.37      1.37
    0.00      0.00
    0.00      0.65
    1.31      1.44
    2.10      1.37
    0.00      0.65
    2.03      0.72
    0.41      1.13
    0.00      0.00
    0.72      0.65
    1.31      1.37
    0.74      1.39
    2.68      2.75
    1.31      2.10
    0.00      0.72
    4.26      4.64
   19.91     17.16
    2.75      2.68
    2.75     17.02
   34.05     50.16
   34.88      6.73
   20.52     19.87
    7.46      8.45
   50.62     86.34
   40.09     21.38
   37.25     51.14
   24.24     35.71
   35.20      8.24
    4.91      1.44
   17.05      2.74
    4.77      6.22
    2.82      3.99
   18.47     34.20
   10.32      4.87
    5.80      1.44
   20.68     19.84
    6.55      4.84
    6.79      2.81
   16.54      0.71
    5.60      5.40
    6.37      2.84
    2.67      0.65
    3.40      1.37
    2.88      2.09
    2.13      2.13
    2.03      0.72
    1.30      3.47
    3.43      2.20
    1.39      0.72
    0.00      0.00
    0.65      1.37
    0.00      0.00
    0.00      0.65
    0.72      0.65
    1.31      2.09
    0.72      0.00
   63.12     80.69
   61.10    125.90
   72.93    184.97
   23.01    105.33
   33.59    106.11
   41.76     49.06
   70.13     66.27
   35.75     37.44
   80.93     38.20
   79.41     27.66
   61.40     52.31
   91.93     59.35
   91.33     54.41
   57.96     91.44
  124.52     77.43
   66.36     49.62
   55.93     48.26
   45.26     39.01
   56.26     62.94
   84.27     92.72
   65.58     46.71
   83.81     56.27
  117.57     41.56
   27.23     18.62
   40.51     47.83
   19.10     18.29
   33.35     10.46
   19.13      8.31
   13.07      3.85
   21.95     33.97
    2.68      4.14
    2.16     17.79
   17.54      2.83
    4.19      2.16
    4.79      5.56
    5.62      2.75
    1.37      2.75
    0.00      0.00
    1.31      3.42
    2.91      0.00
    1.39      3.35
    0.72      1.96
    2.77      1.46
    2.18      0.65
    1.44      0.00
    0.00      0.00
    1.37      0.72
    0.00      1.31
    0.00      0.00
    1.31      1.44
    1.37      1.37
    0.72      0.00
    2.03      2.03
    1.39      1.46
    0.00      0.00
    0.00      0.00
    1.38      0.72
    0.00      0.00
    1.31      2.75
    1.37      4.57
    6.22      2.84
    4.19      2.16
   18.20     21.18
   20.93     20.58
   33.22     50.61
   20.86      5.42
    6.15      2.82
    4.12     34.90
   25.06     13.15
    7.59      6.22
   49.95     63.55
    4.76     25.12
   21.13     35.64
   22.33      7.44
   20.73     17.90
   32.59      4.18
    5.56     19.78
    3.47     32.41
    3.47      4.14
   34.81      6.29
   19.19      3.54
    4.12      3.42
    3.55     18.45
   18.46     18.54
    1.37      0.65
    3.33      6.93
   19.37      2.75
    2.16      0.00
    1.37      0.65
    2.68      2.82
    0.74      1.39
    2.03      0.72
    0.65      1.46
    2.70      3.51
    2.70      1.44
    0.00      0.72
    1.37      1.37
    0.00      0.00
    0.00      0.65
   16.99      0.65
  113.16    172.77
   32.58    131.06
   17.14    157.43
   26.50     79.71
  127.55    135.84
   41.56     71.45
   81.95     93.27
   33.71     65.42
   59.16     82.45
   42.77      7.91
   67.04     38.19
   38.97     10.27
   79.74     42.16
   68.30     50.64
   47.00     24.07
  103.92     85.56
  102.62     53.28
   22.55     11.18
   36.08     44.86
   24.69     23.26
   39.96     32.92
   65.02     26.45
   38.23     24.15
   37.52     63.44
   18.64     34.82
   45.14     11.78
    9.62     21.42
   43.71      7.38
   21.92      4.99
    2.20     18.22
    2.09     31.48
   28.53     24.57
   62.59     20.81
   22.29      2.02
    2.68      3.47
    3.62      4.06
   22.04     35.34
    2.03      2.10
    2.10      3.40
    1.39      0.65
   17.13      2.83
    2.18      1.31
    1.46      0.65
    1.44      1.96
    0.65      1.39
    2.86      2.05
    0.72      0.00
    1.37      0.72
    2.10      0.72
    0.00      0.00
    0.00      0.00
    1.31      2.10
    0.65      2.68
    0.74      0.00
    3.47      0.72
    0.65      1.44
    0.00      0.65
    0.00     14.38
   15.84      1.44
    1.44      3.27
    5.56      4.77
    2.03     15.81
   18.26     19.11
   22.24     19.14
   17.06     20.58
   32.46     17.24
    5.43      7.59
   39.41     38.06
    6.22     21.33
   37.79     37.70
   22.92      6.29
   20.52     18.69
    2.09     34.79
   20.00      3.47
   21.15      8.31
    3.54      2.09
    0.65      4.64
   20.53     49.95
    6.30      6.82
   20.02      4.14
   20.58      5.00
    3.47      3.49
    2.85     31.47
    4.14     19.10
   18.03      2.11
   19.88      4.20
   17.08      6.14
    4.81      4.90
    4.31      2.10
    2.75      0.00
    2.82      3.40
    2.03      2.18
    2.05      1.46
    2.68      2.17
    1.38      0.00
    0.65      2.03
    1.39      1.46
    0.65      0.72
    2.05      2.78
   30.98     51.60
   93.89    123.84
  117.95    121.11
   29.79     93.12
   27.33    135.62
    9.63     28.53
   53.87     66.90
    9.24     40.21
   98.27     85.83
   42.56     39.28
   53.53     17.81
  112.88     70.05
   61.75     33.83
   95.77     94.51
   85.39     69.74
   54.86     50.91
   55.21     82.65
   62.77     33.26
   66.93     47.85
   39.65     29.67
   34.06     58.78
   93.29     75.20
   45.50     19.16
   80.75     72.33
   73.01     65.44
   38.86     46.95
   83.07     60.23
   65.30     24.63
   30.90     20.40
   17.79     23.67
    6.34     19.96
   22.43     35.64
    2.83      1.38
    2.16      2.67
   20.54      3.56
    4.86     19.77
   18.37      6.19
    4.25     15.85
    3.27      4.06
    5.04      4.91
   17.87      4.20
    3.41      3.47
    1.38      3.40
    3.40      2.84
    4.37      1.31
    0.00      1.31
    2.16      0.00
    0.65      1.96
    2.84      2.12
    0.72      0.65
    0.00      0.00
    2.75      0.65
    0.74      1.46
    0.65      1.37
    2.77      2.10
    0.65      2.03
    0.65      0.72
    2.03      0.72
    1.37      1.44
    0.72     15.00
   16.52      3.92
    4.19      2.82
    2.75      2.10
    0.65      2.61
    4.85     50.35
   52.10      5.71
   19.00     18.33
    4.72     23.20
   20.75      3.47
   38.24     39.24
    8.18      8.25
    8.18     38.99
   22.09     19.23
   17.98     33.62
   33.60      6.21
    4.19      3.47
    5.56     19.12
   35.31     19.69
    1.44      2.10
    1.44     16.34
    6.23      4.78
   32.00     20.17
    4.15      4.95
    4.80      4.30
    4.19      4.06
   17.77     17.09
    2.77     18.46
   20.76      4.14
    4.91      2.86
    3.27      3.99
    4.26      5.07
    2.12      3.34
    1.44      0.00
    2.03      3.33
    6.67      6.46
    2.84      1.44
    3.40      2.17
    2.10      0.72
    0.00      1.31
    2.46      1.87
   63.87     73.39
   58.00     85.06
   66.69    183.30
    0.00     77.23
   44.88    143.77
    0.00     27.77
   57.48     69.94
   43.74     83.18
   25.89    114.92
   94.74     37.69
   67.42    100.65
   77.26     13.20
   67.68     43.93
   47.70     28.35
   61.51     68.01
   84.46     96.62
   69.52     47.41
   86.06     89.80
   19.70      6.38
  133.45     82.88
   36.22     31.99
   48.76     51.99
  109.41     88.65
   22.33     61.18
  132.64     75.50
   30.81     35.62
   67.38     42.73
   54.67     37.81
   55.10     25.70
   39.55     18.10
    4.88      3.62
    5.36     18.93
    9.80      3.49
    2.05      5.38
   32.57     19.91
    3.49      2.86
    6.22      4.16
    5.55     19.31
   35.14     17.91
    4.38      2.11
    2.77      5.47
    7.29      2.77
    4.64      0.72
    4.25      5.45
    3.60      2.03
    2.70      4.08
    2.16      2.68
    4.71      3.54
    2.89      1.38
    2.82      0.65
    1.46      2.05
    0.72      0.00
    0.00      1.31
    2.11      0.00
    0.72      1.37
    2.03      1.44
    3.00      2.75
   15.77     17.29
    2.75      2.10
    2.75      1.37
    2.75      3.34
    2.16      2.75
    2.82      1.37
    2.75      3.40
    4.78      5.36
    2.03     48.01
   51.01      4.98
   34.19     35.78
    6.30      8.25
    6.81      6.08
    8.92     36.40
    7.61      8.38
   37.91     23.82
   20.61      6.43
    2.16     30.71
   18.63      3.40
    5.49     20.56
    4.19     16.47
   32.95     34.18
   34.60     25.32
   18.77      0.72
   18.73      2.68
   19.17     20.74
    4.21      2.05
    2.12     16.40
    3.36      3.47
    3.40     18.60
   33.54      7.57
    4.94      5.61
    3.62      1.31
    2.79      2.14
    6.15      5.63
    2.14      1.37
    0.72      0.65
    2.03      4.07
    2.76      2.77
    4.07      2.84
    2.77      2.18
    2.77      3.40
    2.68      2.16
   32.20     53.36
  143.66    208.02
    2.24     78.09
    6.78    155.74
    2.52     26.25
   21.14     28.63
   54.13     77.06
   83.55    184.24
   72.38    116.64
   78.45     28.83
   70.06     70.73
   84.51     30.15
   64.21     39.85
   43.02     14.65
   74.96     29.07
   10.31     44.33
  101.64     52.32
    5.53      6.25
   40.71     27.84
   46.95     45.08
   66.67     53.52
   96.21     94.45
   62.61    101.48
  101.39     68.28
  101.51     48.22
   60.28     57.94
   90.84     76.61
   70.95     29.65
   70.35     71.73
   50.68     46.72
   69.72     47.61
   83.65     69.41
   55.99     22.05
   15.99      5.94
   38.70     31.02
    4.11      2.75
    0.72     17.21
    1.44      1.96
    7.48      5.63
   19.35      6.96
    6.85      4.87
    1.39      3.49
    4.25      2.79
    2.12      0.00
    1.31      2.10
    2.18      2.68
    1.31      2.68
    3.44      4.14
    2.82      2.68
    0.72      2.05
    1.37      1.39
    5.67      2.68
    2.11      2.77
    1.46      0.65
    0.65      2.03
    4.05      2.16
    1.44      0.72
    2.10      0.00
   16.30     17.86
    0.65      2.61
    4.19      3.33
    3.47      4.12
    4.87      4.21
    2.75     17.54
   21.78      4.12
    3.33      4.91
    3.40     19.06
   19.27      5.57
    4.06      6.08
   20.60     18.56
    6.80     10.34
    7.58      4.78
   23.27     24.12
    6.24      5.50
    7.02     19.80
    2.10     32.68
    3.40     19.14
   48.99      4.18
   22.51      4.91
   16.09     33.43
    2.84      3.33
   17.93     47.92
    3.53     16.44
   33.18      6.85
   21.37     21.92
   47.39     35.32
    2.12      0.72
   17.46     16.28
   34.89     21.70
    2.03      3.44
    4.89      5.40
    6.28      4.14
    4.30      2.79
    4.80      4.97
    3.56      1.38
    1.39      1.39
    0.72      0.65
    1.37      2.68
    4.08      2.84
   89.58    128.78
   75.43    124.16
   16.59    155.01
    1.31    131.66
   44.80     95.96
   55.43     80.68
   45.42     42.72
   42.18    151.66
   78.67     80.01
   27.98     29.30
   70.11     36.68
   61.17     48.39
  101.73     54.16
   43.28     46.42
   57.89     41.33
   33.32     22.62
   56.61     17.21
   46.24     38.12
   76.05     76.06
  127.48     76.02
   54.07     66.16
   42.32     66.32
   35.77     36.23
   46.24     22.52
   35.15     33.38
   41.29     26.11
  107.08     80.58
   26.67     48.05
  189.21    103.53
   12.41     27.38
   97.86     15.29
   22.12      4.50
   29.37     22.36
    2.11     16.82
    3.16      2.44
    5.43     51.39
    4.30      2.03
   31.99      4.87
   20.55      4.95
   46.65     50.18
    5.59      2.12
   17.71     20.04
   35.14     19.79
    4.82      4.89
    4.75      4.85
    4.23      4.89
    4.21      0.74
    1.39      0.72
    2.18      2.03
    0.68      1.96
    3.35      3.49
    3.54      2.68
    0.00      2.03
    2.12      0.00
    3.54      2.10
    2.05      3.42
    1.37      2.03
    2.03      1.46
    2.68      2.12
    2.21      0.72
    0.00     17.00
   19.89      5.50
    4.19      4.15
    4.13      4.20
    4.13      2.10
    5.59     20.47
   19.23      4.33
    0.65      5.36
    8.27      5.00
    3.40      5.36
   22.67     20.44
   18.50     19.15
   23.26     24.06
    8.97      8.32
   20.52     22.40
    9.06      6.43
    2.10      2.61
    6.23      4.12
   18.34     35.17
    2.82      1.38
    4.12     45.82
   33.26     21.88
   34.20      4.21
   32.01     19.30
   19.30      4.13
   17.21     17.20
    6.80      7.70
    3.65     15.66
    3.49      4.01
    0.00     16.38
   35.59      6.97
    4.19      4.16
   20.05     19.33
   18.62     19.37
    2.86      2.61
   17.88     18.61
   24.14     21.54
    0.72      2.84
    4.13      2.75
   18.42     27.13
   82.66    117.62
   64.02    129.57
   61.36    182.71
    4.64    106.70
   24.80     79.53
   22.91      7.44
   22.14    114.36
   42.48    131.51
   23.33     53.68
   61.11     48.56
   73.18     27.47
   41.90     46.00
   54.82     55.46
   71.61     31.54
   53.41     13.62
   50.79      6.02
   50.88     30.37
   38.75     27.44
   49.66     51.74
   53.27     38.54
   86.12     55.84
   21.20      8.24
  141.64    102.93
   82.75     64.71
   61.99     95.12
   42.99     11.15
   62.81    102.44
   50.18     14.84
  143.89     87.46
   48.37      7.39
   79.64     88.48
   27.61     12.55
   72.44     87.35
   53.21     28.37
   50.44      5.37
   17.83      5.50
   31.23     22.77
    7.77     18.03
    1.31      2.84
    4.20      3.40
    3.42     17.28
    3.40      2.03
    2.77     19.25
    5.46      5.63
   17.90      3.55
    4.82      3.49
    4.54      5.95
    3.44      2.12
    3.42      4.19
    2.68      2.82
    1.38      2.68
    2.10      2.05
    2.79      1.46
    3.56      3.34
    0.00      1.96
    4.71      2.82
    1.44      2.10
    4.21      2.12
    0.65     15.75
   15.89      1.39
    1.37      1.31
    6.94     19.14
   17.90      4.78
    2.03      2.82
    3.33      5.45
    6.15      5.65
    5.45      3.54
    2.77      6.02
    6.87      4.19
    2.75      6.82
    7.53     34.48
    5.49     19.75
   38.26     22.72
   22.15      6.83
    8.04     22.63
   20.67      9.05
    4.32      2.03
    4.86      4.78
    6.22     33.98
   34.29     20.75
   17.70     18.23
    3.49     17.72
   34.92     19.99
    2.18     16.51
   31.99     34.26
   17.26     17.11
   19.95      6.08
   19.99      7.57
    6.87      2.84
    2.75     17.77
   17.78      4.79
   17.55     19.01
    2.75      0.74
    6.99      5.54
    2.19      2.05
    3.40      4.66
    3.60      4.82
    4.75      5.63
    3.56      2.68
   73.94    119.21
   68.13     99.69
   33.87    158.05
    2.16     89.53
   27.80     70.62
   50.06     50.93
   32.67     57.28
   21.16     90.53
   12.17     54.30
    4.19     12.34
   98.38     63.37
   18.20      4.26
   48.47     15.73
   70.73     67.80
   62.48     23.96
   82.72     51.44
    5.63      6.98
   64.06     32.66
  110.49     64.37
   87.58     68.99
   64.65     35.35
   77.36     88.42
   81.82     72.32
   49.13     76.20
   74.12     38.45
   52.65     36.98
   75.38     35.13
   44.21     20.86
   22.97     22.22
   46.68     40.53
   32.92     25.62
   11.63     20.00
   33.35     46.50
   48.47     20.20
    7.66      3.64
   28.14     33.07
   16.17     15.82
   21.38     19.98
    4.70     19.25
    8.51      6.35
    2.79      3.40
    4.81      2.84
    2.84      2.75
   19.19     19.31
    2.10      3.49
   18.44     18.57
    3.43      3.58
    2.84      2.68
    4.82      4.89
    4.10      3.58
    1.40      3.34
    4.71      4.91
    2.70      2.83
    2.11      0.65
   27.85     23.23
    4.06      4.13
   15.58     29.85
   34.90     20.82
   30.78     10.69
    1.46      1.31
   14.55      4.29
    4.12     21.06
   21.42      3.03
    5.57      4.13
    1.13      1.06
    2.68      4.70
    5.51      4.91
    4.06      1.44
   19.06     20.30
    5.43      6.94
    4.78      6.74
    5.65      3.47
    4.05     21.78
   24.16     23.35
   21.49      5.57
    8.93     37.72
   19.65     36.64
    6.94      4.80
   64.85     23.30
    8.51     35.71
    4.22      2.68
   34.78     18.42
    3.39     18.92
    2.12     18.27
   19.73      4.80
   20.72     20.80
    1.37      2.12
   19.49     30.85
    2.46      2.68
    4.66     23.24
   37.92      7.08
   17.31      3.41
    6.32      4.16
    4.12      3.42
    1.38      2.17
    3.47      3.44
    2.83      3.35
    2.70      3.49
   18.32     17.52
   78.82     82.22
   35.54    106.74
   18.98    157.98
   52.95    134.59
   33.45     54.84
   93.70    186.33
   23.37      6.16
   86.16     22.43
    4.13     28.54
   13.90     50.94
   23.84     29.72
    8.13     17.87
   76.00     69.61
   27.86      5.57
   82.20      8.48
   34.02     23.89
    5.50      5.30
  108.74     79.07
  105.95     73.34
   83.53     57.22
   48.45     34.87
   51.79     26.43
   64.72     58.43
   10.37     44.31
   53.71      9.54
   15.75     51.49
   36.35     32.82
  111.98     47.58
   29.76     55.25
   55.13     35.90
   39.63     31.48
   93.87     49.94
   34.72     47.85
   39.34     20.09
   51.43     39.89
    3.42     18.54
    2.84      3.51
   19.92      4.12
    1.37      2.77
    1.31      2.77
    5.60     20.57
    6.84     20.33
   32.16     26.91
    5.60     18.62
   58.47     33.05
   28.68     15.82
    6.97      2.82
   15.98      4.20
    3.42      2.84
    1.31      2.86
    2.14      0.65
    3.34      6.26
    3.00      0.65
    1.31      2.75
    4.15      2.10
    3.99      6.38
    1.39      2.68
    4.89      2.86
    2.61      3.40
    3.55      3.47
    2.10      1.38
    1.44      3.27
    4.78      4.64
    5.65      7.57
    6.25     17.84
    2.10      3.41
    8.25      5.50
    2.82      3.47
   19.19      2.10
   19.40     20.64
    5.43      6.33
    4.06      6.81
   22.69     17.88
    4.06      6.74
    6.80     35.67
   36.24      6.87
   23.23     37.22
   36.09     38.25
   20.50      3.47
    3.56      4.57
    2.75      2.03
    5.52     37.66
   20.50     19.67
   35.16     18.44
   32.01     34.46
   20.39      4.23
    6.11      7.80
   20.78     33.70
    1.48      1.44
    2.85      0.72
   19.25      4.17
    1.96      4.86
    5.47      7.51
    6.21      8.30
    6.33      3.58
    2.91     16.97
    4.71      5.59
    2.10     15.03
   19.27      5.45
   48.54     29.94
   66.69    131.44
   35.10    108.24
   17.67    131.77
    3.59     79.23
    2.12      2.67
   20.95    105.86
   81.26    193.10
   33.62     79.76
   97.30     86.53
  128.45    109.53
   36.05     46.37
   50.64     19.97
   91.70     51.55
   19.14      5.65
   17.88     32.75
   27.04     13.89
   11.30      7.60
   41.66     40.73
    3.43      4.01
   65.65     60.61
   37.52     27.03
   48.43     34.18
   45.04     47.89
    4.00     16.63
   44.87     69.07
   82.09     14.48
   82.81     62.78
   73.02     74.58
   83.09     59.32
   90.51     78.91
   69.61     27.73
  104.75     53.81
   84.41     78.15
   43.41     59.05
   70.89     49.05
   49.32      9.80
   65.41     34.66
    6.79      5.43
   32.07      4.32
    5.59      5.57
    0.72      2.03
    3.49      2.77
    4.24      5.32
    9.09      7.00
    3.35      5.63
    4.80      5.50
    4.15      1.44
    4.21     15.84
    2.68      4.22
    2.77     17.65
    2.77      2.03
   16.49      4.12
   19.03      4.98
    5.58      3.58
    1.37      0.00
    0.65      0.72
    3.33      3.54
    1.31      2.82
    1.31      4.72
    2.05      3.42
    3.99      2.84
    4.95      6.17
    7.80      4.71
    2.68      2.75
    4.19      3.35
    4.80      7.55
    4.06      7.53
    4.19     16.50
   22.11      5.50
    5.59      3.33
    8.94      9.15
    4.78      6.80
    6.96      4.12
    4.71      6.22
    8.18      8.32
    6.31     35.54
   37.62      9.62
    3.99      6.98
   23.46     22.07
    5.73     31.43
    2.10      1.96
   50.00     19.07
    2.10      4.08
   19.33     48.21
   19.09     34.12
   47.84     34.11
   35.55     17.86
    2.11      5.54
    5.52     18.62
   48.67     20.62
    3.51      2.12
    4.70      4.21
    6.91      5.04
    4.22      7.59
    5.56      4.99
    5.54      5.45
    3.49      4.17
    4.73      4.80
   18.98     28.29
   72.56    119.62
   20.46     56.17
   48.15    130.32
   19.36    124.46
    7.06      7.75
   36.75    125.48
   48.40    102.87
   43.02     89.94
   60.65     91.17
   49.20     99.12
    9.60     11.66
   14.46      4.16
   25.46     32.92
   12.93      5.64
    6.26     15.10
   50.16     32.06
   32.60     50.42
   31.77     16.70
  139.50     85.91
    8.93     19.00
  113.19     53.69
   33.45     11.42
   59.38     56.40
   55.44     48.80
   40.68     36.36
   61.98     57.10
   37.50     49.88
   66.88     44.08
   19.92     14.93
    8.27      5.80
   64.21     26.93
   12.06      5.28
   58.95     71.89
   22.66      4.22
   32.66     32.07
   72.86     70.15
   19.30      4.26
   27.53     36.32
   21.44      5.59
    2.12     16.86
   19.27     19.00
   16.17      2.12
   19.72      8.29
    5.61      5.45
    4.31      3.51
    6.86      6.12
   19.93      5.78
   36.92     42.57
   43.46     24.85
   42.94     42.46
   54.94     27.10
    7.17      4.93
   10.96      2.46
    1.37      2.68
    4.83      5.45
    4.81     17.96
   36.85     42.10
   30.96      2.92
   27.90     28.79
    3.34      2.17
   30.04     23.81
    1.31      2.05
   11.70      6.46
    9.34      7.06
    2.75      4.07
    2.03      2.03
    6.89      6.33
    4.87      4.71
    3.49      6.76
    4.78      4.14
    4.98     19.06
   21.97      5.66
    9.00     11.54
    9.73      6.31
    4.71     21.26
   22.40      8.27
    8.27     36.71
   41.28     23.54
   21.05     23.78
   24.57     10.36
    6.44      4.08
    2.84      2.68
   17.42     17.54
    2.79     18.62
    4.19     33.20
    3.49     18.46
   51.19     19.27
    2.75     17.27
    5.25     19.26
   18.95      3.50
   17.22     19.20
    1.44     17.69
   32.43     17.76
    3.32      4.12
   21.43      4.95
    4.80      6.21
    6.77      7.71
    4.36      4.16
   20.82     30.29
   59.72     98.66
   33.03     83.27
   47.01    151.51
   74.43    159.51
   20.76      2.14
   23.69    120.24
   61.51     71.23
   33.04     98.21
   37.57     31.42
   10.46     55.75
   22.89     55.28
   15.71     16.42
   54.72     30.89
   68.20     51.53
   35.69     44.58
   55.05     12.61
   31.33     30.37
   85.90     64.57
   50.72     10.31
   81.04     61.44
   17.69      7.58
   86.97    107.30
   70.78     49.20
   38.67     66.76
   33.54     31.29
   37.27     28.70
   80.50     56.04
   52.65     79.58
   71.48     20.80
   52.97     78.64
   88.29     31.26
   28.49     25.06
   39.23     66.34
  111.31     39.42
   69.16     27.59
   54.63     48.95
   59.91     36.51
   51.30     39.34
   24.18      6.32
   32.29     21.56
   26.12     56.24
    6.70      2.12
   19.84     17.99
   17.27     18.52
   41.33     40.98
    3.40      4.87
   50.72     33.58
    5.60      4.16
   31.58     28.33
   11.10      6.49
   13.03      4.59
    5.84      2.24
    2.75      2.13
   19.09     21.29
    2.67      5.36
   19.10     17.90
    3.49      3.60
    4.17      3.42
    6.27      3.58
    2.68      2.77
    0.65      2.17
    2.82      1.38
    1.31      2.10
    6.23      6.02
   19.93     21.36
    4.82      2.86
    1.96      4.78
    8.91      6.29
    1.44      4.06
    4.26      2.68
    5.52      5.47
    4.28      2.75
    3.33      7.50
    8.92     10.80
   21.76     21.11
    7.12      6.15
   26.20     24.08
    6.83      9.51
   13.85     23.41
    8.84     27.70
   38.57     23.06
    5.69     18.54
    6.33      4.71
   49.65     33.80
   18.51     21.41
    2.89     16.76
   20.65      3.42
    2.86      3.42
   18.29     35.42
    4.93      2.12
    5.62      2.88
   15.99     17.63
    3.42     19.06
   16.24     16.89
    2.10     16.34
   19.91      3.46
    4.23      4.97
   20.44      5.50
    2.58      0.55
    1.28      0.00
    0.00      0.00
    0.00      0.00
    0.00      0.00
    0.00      0.00
    0.00      0.00
    0.00      0.00
    0.00      0.00
    0.00      0.00
    0.00      0.00
    0.00      0.00
    0.00      0.00
    0.00      0.00
    0.00      0.00
    0.00      0.00
    0.00      0.00
    0.00      0.00
    0.00      0.00
    0.00      0.00
    0.00      0.00
    0.00      0.00
    0.00      0.00
    0.00      0.00
    0.00      0.00
    0.00      0.00
    0.41      0.41
    0.00      0.00
    0.00      0.00
    0.00      0.00
    0.00      0.00
    0.00      0.00
    0.00      0.00
    0.00      0.00
    0.00      0.00
    0.00      0.00
    0.00      0.00
    0.00      0.00
    0.00      0.00
    0.00      0.00
