      h_eth1      
 KB/s in  KB/s out
    0.00      0.00
    0.00      0.00
    0.00      0.00
    0.00      0.00
    0.00      0.00
    0.00      0.00
    0.00      0.00
    0.00      0.00
    0.00      0.00
    0.00      0.00
    0.00      0.00
    0.00      0.00
    0.00      0.00
    0.00      0.00
    0.00      0.00
    0.00      0.00
    0.00      0.00
    0.00      0.00
    0.00      0.00
    0.00      0.00
    0.00      0.00
    0.00      0.00
    0.00      0.00
    0.00      0.00
    0.00      0.00
    0.00      0.00
    0.00      0.00
    0.00      0.00
    0.00      0.00
    0.00      0.00
    0.00      0.00
    0.00      0.00
    0.00      0.00
    0.00      0.00
    0.00      0.00
    0.00      0.00
    0.00      0.00
    0.00      0.00
    0.00      0.00
    0.00      0.00
    0.00      0.00
    0.00      0.00
    0.00      0.00
    0.00      0.00
    0.00      0.00
    0.00      0.00
    0.00      0.00
    0.00      0.00
    0.00      0.00
    0.00      0.00
    0.00      0.00
    0.00      0.00
    0.68      0.00
    0.00      0.00
    0.00      0.00
    0.00      0.00
    0.00      0.00
    0.00      0.00
    0.00      0.00
    0.00      0.00
    0.00      0.00
    0.00      0.00
    0.00      0.00
    0.00      0.00
    0.00      0.00
    0.00      0.00
    0.00      0.00
    0.00      0.00
    0.00      0.00
    0.00      0.00
    0.00      0.00
    0.00      0.00
    0.00      0.00
    0.00      0.00
    0.00      0.00
    0.00      0.00
    0.00      0.00
    0.00      0.00
    0.00      0.00
    0.00      0.00
    0.00      0.00
    0.00      0.00
    0.00      0.00
    0.00      0.00
    0.00      0.00
    0.00      0.00
    0.00      0.00
    0.00      0.00
    0.00      0.00
    0.00      0.00
    0.00      0.00
    0.00      0.00
    0.00      0.00
    1.36      0.00
    0.00      0.00
    0.00      0.00
    0.00      0.00
    0.00      0.00
    0.00      0.00
    0.00      0.00
    0.00      0.00
    0.00      0.00
    0.00      0.00
    0.00      0.00
    0.00      0.00
    0.00      0.00
    0.00      0.00
    0.00      0.00
    0.00      0.00
    0.00      0.00
    0.00      0.00
    0.41     26.18
   32.85     28.75
    0.00      0.00
    0.00      0.00
    0.00      0.00
    0.00      0.00
    0.00      0.00
    0.00      0.00
    0.00      0.00
    0.00      0.00
  103.60    115.70
  117.99    175.84
  103.05    109.93
   74.37    215.04
  312.28    165.73
   97.06     75.55
   46.21     54.70
  147.63    110.09
   16.42      8.38
   57.82      0.00
   55.17      8.29
    5.15      0.73
    0.00      0.00
    6.77      0.72
    0.00      0.00
    0.00      0.00
    0.00      0.00
    0.00      0.00
    0.00      0.00
    0.00      0.00
    0.00      0.00
    0.00      0.00
    0.00      0.00
    0.00      0.00
    0.00      0.00
    0.00      0.00
    0.00      0.00
    0.00      0.00
    0.00      0.00
    0.00      0.00
    0.00      0.00
    0.00      0.00
    0.00      0.00
    0.00      0.00
    0.00      0.00
    0.00      0.00
    0.00      0.00
    0.00      0.00
    0.00      0.00
    0.00      0.00
    0.00      0.00
    0.00      0.00
    0.00      0.00
    0.41      0.41
    0.00      0.00
    0.00      0.00
    0.00      0.00
    0.00      0.00
    0.00      0.00
    0.00      0.00
    0.00      0.00
   30.02     29.17
    0.00      1.44
    0.00      0.00
    0.00      0.00
    0.00      0.00
   14.37     29.54
   45.34     44.71
    0.00      0.00
    1.44      0.00
   14.43      0.72
    0.00     14.37
    0.00      0.00
    0.00     14.38
   15.09      1.45
    0.00      0.00
   15.83      0.71
    0.00      0.00
    0.00      0.00
    0.00      0.00
    0.00      0.00
    0.00      0.00
    0.00      0.00
    0.00      0.00
    0.00      0.00
    0.00      0.00
    0.00      0.00
    0.00      0.00
    0.00      0.00
    0.00      0.00
    0.00      0.00
    0.00      0.00
    0.00      0.00
    0.00      0.00
    0.00      0.00
    0.00      0.00
    0.00      0.00
    0.00      0.00
    0.00      0.00
    0.00      0.00
    0.00      0.00
    0.00      0.00
    0.00      0.00
    0.00      0.00
    0.68      0.00
    0.00      0.00
    0.00      0.00
    0.00      0.00
    0.00      0.00
    0.00      0.00
  249.28    270.07
  144.42    193.12
  108.95    121.91
  124.22    186.74
  147.05    159.47
  163.25    102.31
  138.09    133.45
  226.07    137.44
   52.08      3.02
   89.73     40.66
    7.33     16.39
    0.72      0.00
   16.33      0.72
    0.00      0.00
    0.00     14.79
    0.00      0.00
    0.00     14.79
   15.50      0.71
    0.00      0.00
   16.24      0.71
    0.00      0.00
    0.00      0.00
    0.00      0.00
    0.00      0.00
    0.00      0.00
    0.00      0.00
    0.00      0.00
    0.00      0.00
    0.00      0.00
    0.00      0.00
    0.00      0.00
    0.00      0.00
    0.00      0.00
    0.00      0.00
    0.00      0.00
    0.00      0.00
    0.00      0.00
    0.00      0.00
    0.00      0.00
    0.00      0.00
    0.00      0.00
    0.00      0.00
    0.00      0.00
    0.00      0.00
    0.00      0.00
    0.00      0.00
    0.00      0.00
    0.00      0.00
    0.00      0.00
    0.00      0.00
    0.00      0.00
   44.60     46.80
   16.51     15.71
    0.00      0.00
    0.00     28.72
    0.00      0.00
   28.86     15.81
   14.36     14.42
   30.16     30.15
    0.00     14.99
   75.29     59.63
   14.36      1.43
    2.16     29.36
   14.37      1.45
   16.51      0.72
    1.45      0.00
    0.00      0.00
    0.00     15.00
    0.00      0.00
    0.00     15.00
   16.43      0.71
    0.00      0.00
   15.71      0.71
    0.00      0.00
    0.00      0.00
    0.00      0.00
    0.00      0.00
    0.00      0.00
    0.00      0.00
    0.00      0.00
    0.00      0.00
    0.00      0.00
    0.00      0.00
    0.00      0.00
    0.00      0.00
    0.00      0.00
    0.00      0.00
    0.00      0.00
    0.00      0.00
    0.00      0.00
    0.00      0.00
    0.00      0.00
    0.00      0.00
    0.00      0.00
    0.00      0.00
    0.00      0.00
    0.00      0.00
    0.00      0.00
    0.00      0.00
   15.54     26.48
  246.79    265.19
  242.78    240.27
   94.01    132.04
   95.07    136.49
  146.69    126.72
  117.90    113.61
  133.60     98.71
  213.33     78.71
   64.24     29.52
   46.03     17.19
   36.43     49.95
    1.44      0.00
   75.71     46.63
    0.00     15.50
   16.93     15.79
   14.77     15.48
   15.14      0.00
    2.84      0.72
    0.00      0.00
    0.00      0.00
    0.00     15.10
    0.00      0.00
    0.00     15.11
   15.17      0.72
    0.00      0.00
   15.81      1.45
    0.00      0.00
    0.00      0.00
    0.00      0.00
    0.00      0.00
    0.00      0.00
    0.00      0.00
    0.00      0.00
    0.00      0.00
    0.00      0.00
    0.00      0.00
    0.00      0.00
    0.00      0.00
    0.00      0.00
    0.00      0.00
    0.00      0.00
    0.00      0.00
    0.00      0.00
    0.00      0.00
    0.00      0.00
    0.00      0.00
    0.00      0.00
    0.00      0.00
    0.00      0.00
    0.00      0.00
    0.00      0.00
   15.74     30.07
   60.21     48.12
    2.89      0.00
   14.36     15.07
   14.37     28.79
    0.71      0.00
   15.88     30.69
   30.83     15.08
    0.00     30.07
   15.02     29.52
   45.29      2.89
   15.70     31.44
   16.47      2.17
   32.86     16.51
    0.00      0.72
    0.72      0.65
   15.00     30.70
   15.40      1.86
    0.72      0.00
    1.42      0.00
    0.00      0.00
    0.00      0.00
    0.00      0.65
    0.00      0.00
    0.00      0.65
    0.72      0.00
    0.00      0.00
    1.37      0.72
    0.00      0.00
    0.00      0.00
    0.00      0.00
    0.00      0.00
    0.00      0.00
    0.00      0.00
    0.00      0.00
    0.00      0.00
    0.00      0.00
    0.00      0.00
    0.00      0.00
    0.00      0.00
    0.00      0.00
    0.00      0.00
    0.00      0.00
    0.00      0.00
    0.00      0.00
    0.00      0.00
    0.00      0.00
    0.00      0.00
    0.00      0.00
  140.46    237.97
   51.64     68.64
  176.26    363.00
  150.19    139.53
  160.47     96.62
  286.22    153.86
  184.79    123.78
  192.08    163.19
  196.85     81.15
   68.35     72.03
   70.57     18.51
   52.04     51.05
   16.61     14.79
   41.26     35.58
   30.60     33.17
    2.09      0.73
   45.84     16.62
    0.72      0.72
    1.37      0.00
    0.00      0.72
   30.21     33.11
    0.00      0.00
    1.45      0.00
    1.45      0.00
    0.00      0.00
    0.00      0.00
    0.65      0.72
    0.00      0.00
    0.00      0.65
    0.00      0.00
    0.00      0.00
    1.37      0.72
    0.00      0.00
    0.00      0.00
    0.00      0.00
    0.00      0.00
    0.00      0.00
    0.00      0.00
    0.00      0.00
    0.00      0.00
    0.00      0.00
    0.00      0.00
    0.00      0.00
    0.00      0.00
    0.00      0.00
    0.00      0.00
    0.00      0.00
    0.00      0.00
    0.00      0.00
    0.00      0.00
    0.00      0.00
   16.37     16.47
    1.37      2.03
   31.44     31.51
   16.54     14.43
    0.00     14.37
    0.72      0.00
   58.19     60.42
   14.99     30.05
    2.88     29.39
   30.20     16.47
   45.95     32.44
   15.75      2.82
   15.88     16.37
    1.44     15.00
   17.09      2.16
   30.65     33.61
    0.71      0.00
    0.65      1.37
   17.17      1.45
    0.72      0.00
    0.72      0.00
    0.00      0.65
    1.31      2.10
    0.00      0.00
    0.72      0.00
    0.72      0.65
    0.00      0.00
    0.00      0.00
    0.72      0.00
    0.00      0.00
    0.00      0.65
    0.00      0.00
    0.00      0.00
    0.65      0.72
    0.72      0.00
    0.00      0.00
    0.00      0.00
    0.00      0.00
    0.00      0.00
    0.00      0.00
    0.00      0.00
    0.00      0.00
    0.00      0.00
    0.00      0.00
    0.00      0.00
    0.00      0.00
    0.00      0.00
    0.00      0.00
   61.80     74.25
  197.32    254.54
   63.02     76.07
   80.28    252.45
  247.52    206.41
  291.66    139.46
  180.82     73.26
  138.51    101.44
   42.18     44.51
   71.93     41.51
   44.43     31.81
   27.05     48.40
    2.84     30.98
   32.12      2.09
   31.76     47.35
   31.02      2.15
   15.50     17.13
    1.43     16.47
   16.61      0.72
    0.72      0.65
   32.32     33.18
    1.37      0.00
   15.18      0.72
    0.72      0.72
    0.72      0.00
    0.00      0.00
    0.00      0.65
    1.31      2.10
    0.00      0.00
    0.72      0.00
    1.37      0.72
    0.00      0.00
    0.00      0.00
    0.00      0.00
    0.00      0.00
    0.00      0.65
    0.00      0.00
    0.00      0.00
    0.65      0.72
    0.72      0.00
    0.00      0.00
    0.00      0.00
    0.00      0.00
    0.00      0.00
    0.00      0.00
    0.00      0.00
    0.00      0.00
    0.00      0.00
    0.00      0.00
    0.00      0.00
    0.00      0.00
    0.00     15.03
   15.17      0.72
    1.31      1.37
    1.44      1.38
    1.31      2.10
    0.72     43.12
   72.63     31.75
   30.08     60.43
   16.54     14.43
   30.97     17.17
   15.72      0.72
   31.37     32.14
    0.72     16.37
    1.37     30.64
   18.60      2.09
   15.79     17.09
   47.15     32.20
    1.37      1.37
   16.44      2.10
    1.44      0.65
    1.37      1.37
    0.72      0.65
    1.37      0.00
    0.72      0.72
    0.00      0.00
    0.72      0.00
    0.00      0.00
    0.00      0.00
    0.00      0.65
    0.65      2.03
    0.65      0.72
    0.72      0.00
    0.72      0.00
    0.72      0.00
    0.00      0.00
    0.00      0.00
    0.00      0.00
    0.00      0.00
    0.00      0.65
    0.00      0.00
    0.65      0.72
    0.72      0.00
    0.00      0.00
    0.00      0.00
    0.00      0.00
    0.00      0.00
    0.00      0.00
    0.00      0.00
    0.00      0.00
  139.62    200.79
  131.28    152.89
  153.25    165.35
   69.49    148.38
  109.25     84.07
  172.02     75.93
  146.95     72.93
  172.53    137.11
   68.59     65.51
  167.39     96.63
   71.56     70.98
   12.50     19.08
   36.16     18.98
   47.67      3.62
   18.10     17.41
   15.83     31.58
    1.37     30.21
    3.46      2.10
   30.33      2.82
   16.62     31.58
   30.93     15.87
   16.53      1.37
    2.74      1.44
    0.72      1.37
    0.65      0.72
    0.65      0.00
    0.00      0.72
    0.72      0.00
    0.00      0.00
    0.00      0.00
    0.00      0.00
    0.00      0.00
    0.65      1.37
    0.65      0.72
    1.37      1.37
    0.00      0.00
    0.00      0.00
    0.72      0.00
    0.00      0.00
    0.00      0.00
    0.00      0.00
    0.00      0.00
    0.00      0.65
    0.00      0.00
    0.65      0.72
    0.72      0.00
    0.00      0.00
    0.00      0.00
    0.00      0.00
    0.00      0.00
    0.00      0.00
    0.00     15.02
   45.25     30.86
    1.38      0.65
    1.37      2.10
    1.37     15.08
   15.02     15.73
   15.80     30.17
   44.62     16.60
   14.37     60.13
   32.08     60.30
   61.56      5.08
   17.09     30.77
   14.37     17.01
   18.52     17.16
   33.02      1.44
    2.03      1.37
    1.37      4.06
    2.10      1.37
    2.75      2.09
    1.44      0.65
    1.37      2.03
    1.31      2.03
    1.37      2.09
    1.44      0.00
    1.44      0.65
    1.37      0.00
    0.00      0.72
    0.72      0.00
    0.00      0.00
    0.00      0.00
    0.00      0.00
    0.00      0.00
    0.00      0.65
    0.00      0.65
    0.65      0.72
    0.72      0.00
    1.37      1.37
    0.00      0.00
    0.00      0.00
    0.72      0.00
    0.00      0.00
    0.00      0.00
    0.00      0.00
    0.00      0.00
    0.00      0.65
    0.00      0.00
    0.65      0.72
    0.72      0.00
   15.60      0.73
  165.91    246.19
   75.02    111.21
   70.94    155.79
  105.94    197.69
  154.37    127.54
  226.67     98.09
  116.16     33.70
  109.28     95.11
   94.94     69.69
   72.35     60.63
   87.77     82.80
   60.80     65.94
   73.70     19.70
   39.82     38.56
   32.83     33.65
   55.38     67.84
   15.97      3.37
   57.93     19.06
   15.08     15.81
    2.03      3.40
    5.48      2.16
    0.72      1.37
   27.14     21.97
    1.37      1.37
   26.41     28.82
   30.07     15.90
    0.65      1.37
   10.33      0.00
    3.47      1.44
    0.00      0.00
    0.72      0.00
    0.87      0.00
    0.00      0.00
    0.00      0.00
    0.00      0.00
    0.00      0.00
    0.65      0.72
    0.00      0.65
    0.65      0.72
    0.00      0.00
    1.37      0.65
    0.00      0.72
    0.00      0.00
    0.00      0.00
    0.72      0.00
    0.00      0.00
    0.00      0.00
    0.00      0.00
    0.00      0.65
    0.00      0.00
    0.65      0.00
   15.89     15.74
   15.78     17.10
   16.36     15.79
    2.09      2.75
   15.74     15.15
    0.00     28.73
   30.97     15.08
    1.37     17.09
   15.00     30.08
   31.53     16.42
   60.92     47.44
   16.44     19.12
   17.67     17.95
   19.41      2.75
    0.65      0.65
    2.82     16.44
   16.37     18.47
    0.65      0.65
   16.42      1.37
   17.61     20.29
    2.75      1.44
    2.81      2.03
    1.37      1.37
    1.37      1.31
    1.37      2.10
    0.72      0.00
    1.44      0.65
    1.37     15.75
    0.65      0.00
   15.89      0.72
    0.72      0.72
    0.00      0.00
    0.00      0.00
    0.00      0.00
    0.00      0.00
    0.00      0.65
    0.00      0.00
    0.00      0.00
    0.72      0.00
    0.65      0.65
    0.00      0.72
    0.72      0.00
    0.00      0.65
    0.65      0.72
    0.00      0.00
    0.00      0.00
    0.72      0.00
    0.00      0.00
   31.16     26.50
  216.45    303.20
   53.10     60.63
   57.62    191.05
  154.68    196.45
  148.57     93.32
  139.80     49.34
  162.98     99.18
   93.13     94.14
  108.10     65.48
  141.71    118.56
   26.17     18.29
   64.02     75.42
   62.29     17.97
   97.13     73.18
   32.78     34.15
   52.47     44.92
   51.80     18.03
    2.83      1.44
   11.91      0.65
   18.70     17.92
   15.76     19.30
    0.72      0.65
   34.29     17.22
    2.09      2.10
    1.37      2.68
    2.03      0.72
    1.37      1.44
    2.75      0.72
    0.00      0.72
    0.41      1.06
    0.65     16.16
    0.65      0.72
    0.00      0.00
   17.04      0.72
    0.00      0.00
    0.00      0.00
    0.00      0.00
    0.00      0.00
    0.00      0.00
    0.65      0.72
    0.00      0.00
    0.00      0.00
    0.00      0.65
    0.65      0.72
    0.00      0.00
    0.72      0.00
    0.00      0.00
    0.65      1.37
    0.00      0.00
    0.00      0.00
    0.72     15.02
   15.90     15.71
   15.07     15.76
   17.18      2.82
    2.68      4.12
    1.38      0.00
    0.65     29.46
    0.72      0.72
   44.58     30.86
    0.65     60.10
   62.41     18.71
   28.86      1.37
    2.83     17.09
    2.03     32.12
   33.42      4.32
   17.96      2.09
    1.37     17.67
   17.67     18.52
    3.47      1.44
   16.51     16.33
    2.11      1.37
   17.62      1.43
    3.47      4.77
    0.65      2.03
   17.93     16.55
    2.10      1.37
    2.09      1.31
    2.03      3.47
    0.72      0.00
    1.44      0.00
    1.44      0.65
    0.00      0.00
    0.65      0.72
    1.38     16.36
    0.00      0.00
   15.07      0.00
    1.44      0.72
    0.00      0.00
    0.00      0.65
    0.00      0.00
    0.00      0.00
    0.00      0.00
    0.72      0.00
    0.00      0.00
    0.00      0.00
    0.65      0.65
    0.00      0.72
    0.00      0.00
    0.72      0.00
   31.18     52.23
  121.75    205.92
   92.89     92.97
  115.77    282.71
  115.41    113.29
  173.07     69.32
  144.65     56.09
   79.19     34.70
  151.57    109.36
   83.10     90.60
  213.01    131.45
   90.75    117.59
   62.35     25.25
   66.87     38.23
   25.08      3.11
   44.92     41.13
    8.92     19.32
   80.59     51.39
   33.79     17.91
   12.33      5.79
    1.37     16.55
   17.26     17.20
    3.40     17.61
   15.83      2.75
    2.15      0.00
   19.10      3.53
    0.65      1.37
    2.68      3.47
    2.03      1.37
    0.65      0.72
    3.40      2.16
    0.72      0.72
    0.00      0.00
    0.00      0.65
    0.65      1.37
    0.00      0.00
    1.37     15.75
    0.74      0.72
    0.00      0.00
   17.27      0.71
    0.00      0.00
    0.00      0.00
    0.65      0.00
    0.00      0.72
    0.00      0.00
    0.00      0.00
    0.00      0.00
    0.00      0.00
    0.00      0.65
    0.65      0.72
    0.00      0.00
    0.72      0.00
   16.54     15.65
    0.65      1.37
   16.45     18.49
   20.53     19.93
    1.43      0.72
    0.65     15.09
   15.10     15.82
    0.71     14.38
   28.82     59.55
   15.03     30.77
   46.62      4.26
   44.66     16.52
    2.75     15.72
   31.35     49.22
   20.49      6.30
   17.16      2.75
    3.54      2.68
   17.74     17.89
    3.40     16.89
   16.23      2.17
    2.75      4.71
    2.09      0.65
    3.47      3.47
    2.75     17.74
    0.72      0.65
   19.43      2.67
    1.31      1.37
    2.82      1.37
    2.03      4.05
    0.72      0.72
    1.44      0.00
    1.44      0.00
    0.72      0.00
    0.00      0.00
    0.65      0.72
    0.65      0.72
    0.00      0.00
    0.65      2.03
    0.00      0.00
    0.00      0.00
    2.10      1.37
    0.00      0.00
    0.00      0.00
    0.00      0.00
    0.72      0.00
    0.00      0.00
    0.00      0.00
    0.00      0.00
   93.49    158.83
   61.25    103.89
  103.96    159.89
  125.91    235.99
   57.98     41.64
  245.44     90.24
  112.38     85.68
   25.22      4.97
  105.07     87.59
   58.01     13.41
  106.90     96.80
   17.74     30.56
   19.84     20.66
   63.70     63.00
   42.03     24.11
   64.65     24.08
   93.87     65.39
  112.66    139.88
   64.57     59.84
   83.53     30.07
    5.55      2.75
   12.42      3.83
   32.19     32.23
    1.37      1.37
    5.43      5.56
    0.71      0.65
    4.19      0.72
    1.96     18.64
    0.72      1.31
    1.71      2.50
    4.83      2.10
    0.00      0.72
    2.68      1.44
    1.37      2.10
    0.65      0.72
    0.00      0.00
    0.00      0.65
    0.72      0.65
    0.00      0.00
    0.72      0.00
    0.72      0.00
    0.00      0.00
    0.65      2.02
    0.00      0.00
    1.44      0.00
    0.65      0.00
    0.00      0.72
    0.00      0.00
    0.00      0.00
    0.00      0.00
    0.00      0.00
    0.74      0.65
    0.00      0.00
    0.72      0.65
    1.06      2.37
    3.40      3.40
    4.19     32.31
    1.37     30.08
   59.81      2.88
   15.82     15.81
   15.00     15.71
   45.93     61.70
    0.00      0.00
   19.98      4.12
    1.44     15.65
   32.80     61.47
   15.80      2.03
   19.84      2.03
   18.46      7.73
   17.82     17.10
   31.61     35.22
   17.47     17.67
    7.07      2.82
    2.09      1.37
    2.75     19.09
   17.78      1.43
    3.54      4.84
    2.74      2.03
    0.00      0.72
    3.61      1.31
    1.96      4.05
    2.03      1.44
    2.16      3.33
    1.37      0.72
    1.44      0.00
    2.16      0.00
    0.00      0.00
    0.65      1.37
    0.00      0.00
    1.06      0.72
    1.37      0.72
    0.00      0.00
    0.00      0.00
    0.00      0.00
    1.31      1.37
    0.00      1.37
    0.00      0.00
    0.72      0.00
    0.00      0.00
    0.72      0.00
  156.88    245.99
    0.00      0.00
  121.01    307.06
   95.41    105.75
  169.67     93.95
  173.37     80.81
   81.68     63.22
   81.98     52.11
   48.63     51.81
  174.98    132.13
   32.64     26.97
  214.06    155.82
   45.59     44.98
   61.21     39.22
   30.57      3.26
    2.09      3.54
    1.38     15.75
   32.31     48.77
   15.90     17.85
   21.43      4.19
   19.29      2.82
   17.67     32.91
   33.57     19.96
    1.37      2.03
   19.25     16.43
    2.82      2.03
    3.33      4.85
    2.75      3.47
    3.47      0.72
    2.68      4.19
    1.44      0.65
    2.68      2.75
    2.75      2.09
    0.72      1.37
    3.33      2.16
    1.37      1.44
    0.00      0.00
    0.72      0.00
    0.00      0.00
    0.00      1.31
    0.65      1.37
    0.00      0.00
    0.72      0.00
    1.44      0.00
    0.00      0.65
    0.00      0.00
    0.72      0.00
    0.65      1.37
    0.65      0.72
    0.00      0.00
    0.72      0.65
    1.39      0.74
    0.00      0.00
    0.72      0.65
   15.10      2.02
    2.75      1.37
    2.10     17.13
    3.40     17.20
   29.60      0.72
   14.38     89.60
   30.71      2.80
   46.68     31.61
   16.44     31.47
   30.10     17.25
   35.11     19.93
   30.72     32.15
   17.25      0.71
    2.16      1.96
    2.69      3.40
    5.36      7.00
    1.44      1.96
    4.12      1.37
    3.47      4.19
    2.82      0.65
   32.88     34.53
    3.40      3.47
   17.26     18.58
    4.12      0.72
    1.44      3.40
    4.12      4.77
    2.03      1.44
    3.54      2.61
    2.03      2.82
    1.37      2.03
    2.82      2.03
    2.10      1.37
    0.72      0.00
    2.09      1.37
    0.72      0.00
    0.41      0.00
    0.72      0.00
    0.00      0.00
    1.31      0.72
    0.65      1.37
    0.00      0.72
    0.00      0.00
    0.65      0.00
    0.72      0.72
    0.00      0.65
  126.61    153.20
  260.19    308.76
   17.22      1.43
   40.57    204.03
   43.77     44.63
  119.13    107.54
   38.22     48.02
  175.94     62.98
   44.31     26.02
   94.11     95.64
   14.87      1.59
  177.95    172.56
   78.17     72.47
  147.25     70.46
   72.52     82.56
   32.34     39.68
   60.67     21.21
   27.19     34.51
   30.92     17.25
    0.00      3.26
   16.94      2.75
    6.20      4.19
    4.05      4.77
    3.40      2.09
    3.47      3.54
    2.82      2.03
    1.31      2.03
    2.75      4.12
    4.12      3.47
    3.40      1.44
    1.44      2.68
    2.03      0.72
    4.71      4.98
    2.03      2.68
    1.37      2.75
    2.68      3.47
    3.47      0.00
    2.75      2.16
    1.37      1.44
    0.00      0.00
    0.00      0.00
    0.65      1.37
    0.00      0.65
    0.00      0.65
    0.72      0.00
    0.00      0.00
    1.44      0.00
    0.65      1.31
    0.00      0.72
    0.00      0.00
    0.72      0.00
   15.83     29.46
   17.19      2.17
    0.65      0.65
    0.72      1.37
    0.72      1.96
    4.12      2.09
    2.10      2.10
    0.65     15.02
    2.75     17.19
   29.47     31.38
    0.00     28.74
   30.11      2.10
   60.28     49.19
    2.81     30.12
   32.31      2.89
   17.78     34.86
    2.83     32.04
   32.87      2.89
   33.75      2.16
    1.31     17.02
    3.98      6.80
    1.38      2.09
   20.67      4.84
    2.68      3.47
    2.75      3.40
    3.47      2.03
    1.37      3.40
    4.12      2.16
    3.54      3.33
    3.02      3.94
    2.16      1.31
    1.44      2.61
    2.03      1.37
    3.47      3.47
    2.75      2.75
    2.75      2.75
    2.10      3.33
    3.47      2.10
    1.44      0.00
    2.16      0.00
    0.00      0.00
    0.00      0.00
    0.00      0.00
    0.65      0.65
    0.65      0.72
    0.65      1.44
    0.00      0.00
    0.72      0.00
   16.28      0.73
  191.94    313.47
   64.25     36.31
   68.85    251.09
   63.39    101.51
   99.69     68.46
   89.15     54.32
   82.80     76.95
   95.95     32.76
   36.57     42.94
   62.52     46.97
   84.69     84.84
   92.05     69.60
  116.08     87.85
  146.12    116.96
   82.72     69.98
  133.13     54.39
   29.06     19.33
   13.21     32.26
   35.25     21.65
    2.16     45.00
   31.69      3.39
   16.53      2.75
   19.62      4.11
    2.68     19.29
    3.47      2.68
    4.84      2.16
   17.28      4.12
    2.03      2.10
    3.99      4.85
    3.47      3.40
    0.72      1.37
    5.56      2.09
    2.03      2.09
    2.03      2.82
    1.31      2.03
    2.03      3.47
    2.75      2.03
    4.12      2.88
    2.75      1.96
    1.96      3.54
    2.03      2.16
    2.16      0.00
    0.00      0.00
    0.00      0.00
    0.00      0.00
    0.00      0.65
    0.41      1.06
    0.65      0.65
    0.72      0.72
    0.72      0.65
    0.00      0.65
   17.21     15.91
   32.14     31.49
    0.00      0.00
    1.37      2.03
    2.03      3.40
    2.75      1.37
    2.82      2.09
    0.65     15.02
   15.73     16.96
   16.47      3.47
    1.44     14.37
    0.00     29.99
   60.74     32.62
    0.00     30.11
    4.26     32.67
   46.64     18.62
   33.55      4.92
   17.95     19.12
   16.88     16.22
   19.18     19.19
   17.09      3.41
    1.96     19.11
    3.46      2.09
    4.26      2.75
   19.70      6.14
    3.47      4.19
    2.17      0.65
    1.37      2.61
    3.40      2.75
    4.19      2.88
    3.40      5.43
    2.03      2.09
    2.82      1.96
    0.71      1.37
    4.19      3.40
    0.72      0.65
    4.12      4.12
    2.03      2.03
    2.82      2.75
    1.37      1.31
    3.47      3.47
    2.10      0.72
    0.72      0.00
    1.44      0.00
    0.00      0.00
    0.00      0.00
    0.00      0.00
    1.31      0.72
   15.37     26.80
  244.16    257.41
   36.69     69.31
   51.99    240.05
   91.81    134.99
   75.70     57.47
   85.93     62.65
   49.67     24.38
  142.93     65.00
   13.82      4.22
  132.53    103.96
   87.31     70.80
   44.03     53.54
   74.22     90.08
  118.42     79.35
   43.06      3.89
   61.73     38.63
   27.16     52.17
   23.41     44.64
   49.36      6.37
   20.86     21.13
   47.48     34.42
    2.89      2.03
   19.34      3.40
    4.12     17.84
   17.20      4.99
    2.03     18.52
    4.20      3.40
    3.40      2.82
   19.21      4.83
    4.12      2.09
    2.68      3.47
    2.82      3.40
    2.09      1.37
    2.68      2.82
    3.47      2.68
    3.33      3.54
    0.72      1.37
    2.68      4.05
    2.09      0.72
    2.75      2.82
    4.12      2.75
    1.31      2.10
    2.68      2.88
    2.16      0.00
    1.31      2.75
    0.00      0.00
    1.44      0.00
    0.00      0.00
   25.76     22.61
    0.00      0.00
   52.99     56.57
   31.59     26.77
    2.10      0.00
   15.32      4.93
    1.31      3.33
    2.10      2.75
    2.81      1.37
    4.84     15.75
    0.00      1.44
   15.08     30.18
    1.45     16.39
   46.77     32.20
   17.16      2.89
   16.66     43.76
   30.10     33.39
   30.19      2.03
   22.25     17.97
    0.72      1.31
    3.40     32.73
    2.09     19.04
   47.90     19.29
   33.70     17.34
   17.81     19.07
    3.33      6.22
    2.09      1.37
    6.34      2.09
    1.37      3.33
    3.33      2.09
    2.10      4.12
    3.47      3.99
    4.05      4.77
    3.54      2.82
    5.56      1.44
    2.09      2.75
    1.96      4.12
    2.09      2.03
    1.44      0.65
    3.40      3.40
    2.10      2.75
    2.75      2.68
    2.68      3.47
    2.88      2.03
    0.72      1.31
    3.47      2.75
    2.75      1.44
    2.16      0.00
    0.65      1.31
    0.65      1.44
    0.00      0.00
  125.56    174.40
  137.46    167.34
   24.25     94.50
   77.14    227.53
  139.20    131.64
    4.06     22.51
   59.77     54.27
   59.45     40.57
   83.90     16.78
   58.44     45.12
   32.60     22.92
    6.99     53.70
  120.88     78.27
   70.54     66.95
  103.89     53.51
   30.15      7.75
   53.13     85.61
   52.88     23.24
   63.57     11.22
    2.81      1.44
    2.81      2.09
    2.68     33.69
    2.68     17.19
   48.62     20.49
   18.64      4.05
    2.68     18.63
   21.24      5.62
    0.72      1.31
    5.57      1.37
    0.72      2.75
    0.65      1.37
    4.05      5.49
    5.29      4.05
    3.47      6.35
    2.88      1.31
    3.40      0.65
    2.82      2.88
   28.44      3.47
    2.03     21.83
   27.87      2.84
   29.28     41.74
    2.75      1.44
   13.74      4.91
    4.05      3.47
    2.96      1.44
    2.75      2.75
    2.03      2.10
    2.10      0.72
    0.72      0.00
   26.43     21.75
    0.65      0.72
   59.55     43.21
   26.46     30.82
    2.03      1.44
   13.14      1.38
    4.19      2.03
    0.72      2.03
    2.10     15.76
    2.75     16.18
   29.86     17.04
   15.82      2.10
    1.96     17.15
    2.10      1.44
   15.16     16.38
    1.59     58.78
   76.96     32.67
   33.08      4.90
    0.71      1.96
   32.59     63.52
   32.14     19.19
    6.21      4.12
   19.29      3.47
    1.31      2.61
    3.61      2.75
   17.03     19.05
    5.56      4.12
    4.19      4.06
    2.82      1.44
    4.12      5.43
    2.75      1.44
    1.44      0.65
    2.75      2.75
    0.72      3.92
    3.33      4.84
    5.57      2.10
    4.12      4.85
    1.38      2.03
    3.40      1.37
    2.88      2.75
    2.75      2.03
    0.72      2.68
    3.40      2.68
    2.09      1.44
    2.09      3.40
   16.53     16.47
    2.75      3.33
    4.20      2.16
    0.00      1.30
    4.91      2.09
    0.65      0.00
  165.59    260.92
   27.14     16.31
   58.71    245.54
   79.97     90.19
  106.21    153.83
   29.46     33.15
   81.76     52.65
   29.22     30.05
  101.82     97.41
  105.06     83.30
  109.61     71.42
  159.87    120.58
   35.40     45.94
   99.46    111.96
  116.58     52.47
   40.91     94.54
   99.79     60.33
   45.61      6.78
   30.88      5.50
    1.96      2.82
   30.75     62.98
   33.60     19.99
    3.53      2.75
   19.94      4.26
    3.40      2.09
   17.85     19.94
    2.68      3.47
    6.87      4.25
    2.75      2.75
    2.10      2.03
    2.68      1.44
    1.44      2.68
    1.31      1.44
    2.03      2.68
    4.03      5.46
    4.13      3.54
    3.54      2.68
    3.33      2.03
    1.31      4.26
    4.12      1.43
    2.82      2.75
    1.31      2.03
    2.03      3.40
    3.33      3.60
    2.88      0.00
    1.37      2.03
   16.75     16.29
    2.03      1.37
    2.75      3.47
    0.65      2.11
    2.12      0.72
    0.00      0.65
   19.20     17.24
    1.30      1.44
    0.00      2.61
    2.03      2.68
   16.89     32.39
    4.26      1.37
   18.80      2.50
   26.44     37.09
   16.37     30.81
   55.20     55.08
    0.72      0.72
   28.44     16.46
   30.20     47.37
   44.98     30.67
    3.54     45.75
   45.77     49.63
   36.80     21.17
   33.75      4.11
    5.71      1.38
   32.86     17.20
    2.77      3.33
    2.68      6.15
    4.19      2.68
    4.19      3.33
    1.31      4.78
    7.59      6.94
    4.26      1.37
    4.19      1.37
    2.03      4.12
    1.37      1.37
    1.44      0.65
    2.10      2.03
    1.38      3.99
    3.33      3.54
    4.84      2.68
    1.44      2.75
    3.47      2.09
    2.43      3.33
    2.75      4.12
    2.82      1.37
    2.09      1.30
    3.47      3.40
    2.75      3.47
    2.03      2.10
    3.61      1.31
    0.72      1.96
   17.01     15.77
  123.36    165.16
   88.44    130.57
   80.00    121.83
   36.03    115.66
   45.37    101.57
   69.96     80.82
   28.73     20.58
   91.14     56.25
   29.83     40.58
  137.77     67.95
   18.43     19.22
   55.73     73.75
   79.29     32.52
   36.10     24.15
   26.43     41.78
   22.19      8.45
   54.46     81.56
  102.41     51.74
   95.91     85.37
   47.50     73.45
   66.26     32.19
   48.87     23.96
    3.41      2.75
   45.48     39.93
   17.30      2.75
   48.48     47.45
   32.02     24.46
    2.68      5.50
   17.80      7.24
    7.83      6.50
    4.60      3.88
    2.82      2.03
    1.31      1.44
    3.47      1.44
    1.31      2.68
    1.37      1.44
    1.38      2.68
    2.61      4.19
    2.88      1.31
    2.68      4.12
    3.40      2.10
    3.40      1.44
    3.40      3.54
    1.31      2.75
    2.10      2.75
    1.96      3.40
    4.12      2.16
    3.47      2.75
    2.03      1.44
    2.10      2.75
    1.31      0.00
   17.20     17.32
    1.39      2.05
   17.70     18.65
    2.68      2.90
    2.20      0.65
    2.75      2.77
    0.00      2.61
   19.30     19.29
    2.83      1.37
   16.22     31.54
    2.03      2.75
   19.28     17.83
   15.89     15.82
   15.08      2.09
   15.81     29.55
   14.38     15.51
    1.43      0.65
   45.60     32.97
    0.72     31.97
   18.45     19.84
   50.01     53.05
   38.29     18.48
   21.35     19.98
    3.54      2.77
    2.70      4.77
   18.52      3.39
    2.75      2.61
    3.47     20.22
    6.14      6.28
    4.19      3.40
   21.17      4.12
    4.12      2.09
    1.31      4.12
    2.88      0.65
    2.82      1.31
    0.65      2.75
    3.47      2.68
    2.68      2.16
    3.95      2.10
    0.00      1.96
    1.31      3.33
    3.47      4.12
    3.47      0.65
    2.16      2.75
    2.82      1.37
    1.96      4.77
    2.75      2.75
    4.91      3.40
    1.31      2.03
  152.77    181.34
   33.00    105.64
    1.38    148.78
   37.84    114.64
   72.43     72.53
   68.25     63.96
  110.82    128.44
  117.64     63.63
  112.06     31.69
  117.30     53.37
   22.68     18.67
   52.89     49.11
   64.63     47.00
   87.39     72.75
   55.32     70.64
   99.77     90.66
   93.14     67.21
  113.11     85.67
   47.17     31.31
   75.48     30.17
   53.39      9.23
    2.74     31.34
   35.34     39.94
   32.58     32.76
   21.39      4.87
   19.40      3.47
    3.40     17.27
   29.24     24.71
    2.68      5.49
   47.05     33.69
   33.37     17.30
    4.12     19.18
   13.12      4.12
    5.56      2.17
   19.18      4.14
    2.03      3.54
    2.03      1.44
    2.05      4.06
    2.75      1.31
    2.68      3.45
    2.89      0.00
   27.14     21.90
    1.96      4.19
   55.66     56.51
    2.82      2.75
   17.05      2.16
   20.19     27.02
    2.75      1.37
    4.06      4.91
    3.47      0.72
    2.82      2.75
    2.61      2.84
    2.03      2.09
   17.68     19.34
    4.06      4.06
    2.82      2.16
    2.18      0.65
    0.72      1.31
    4.71      3.33
   32.42     19.35
    2.09      2.09
    1.37      1.37
    1.96     18.42
   18.62      2.82
    2.10      0.65
   15.83     30.25
    0.00     30.04
   31.51      2.89
   30.59     31.55
    1.44     58.80
   30.91     20.54
   33.92      4.86
   33.15      4.05
   17.91     32.76
   20.60     19.90
   22.07      6.89
    2.83      2.68
    6.15      4.19
    4.19      3.40
    0.65      5.29
    6.15      4.12
    4.99      4.77
    6.15      4.26
    3.47     18.43
    2.75     17.93
   17.32      1.31
    2.76      3.41
   18.00      2.12
    2.68      3.40
    4.31      3.40
    1.96      2.88
    4.98      1.37
    0.00      1.96
    0.65      2.03
    2.82      2.68
    2.10      0.65
    2.82      2.09
    0.72      1.96
    4.71     19.22
  161.05    203.28
   63.87    103.85
    1.39    101.91
   85.94    209.81
   44.41     49.92
   77.58     97.26
   80.81     67.25
   75.32     35.92
  136.93     44.26
   47.97     59.76
   65.38     32.15
   65.03     80.95
   69.76     69.46
   44.13     52.58
   78.93     37.72
   61.19     36.02
   85.93     45.17
   41.33     10.71
   27.41     75.29
   39.50     23.17
   73.59     52.73
   10.27      3.83
   46.52     62.08
   35.47     34.29
   39.60      6.41
    3.46      5.13
   18.84     21.97
    3.42     15.91
   19.94      6.22
    2.75      4.85
    5.50      3.40
    5.43      6.89
    4.13      3.54
   31.98     25.45
    2.68      4.13
   27.80     30.09
   32.00     46.82
    3.54      0.00
   16.67      4.12
   18.98      4.27
    0.00      3.33
    5.43      3.49
    2.78      4.19
    2.16      0.00
    2.31      0.65
    3.33      2.88
   27.80     24.00
   21.92     19.36
   42.87     34.97
   15.02      5.14
   11.70      1.52
    3.40      4.84
   19.58     16.87
    1.37      2.81
    3.46      3.47
    6.42      6.04
    2.75      2.82
    2.75      4.71
    1.39      1.96
    6.24      3.49
    3.54      2.75
    2.75      2.16
   16.47     15.15
   15.15     17.84
    2.68      4.06
   17.68     18.20
    2.16     29.44
   17.68      0.72
   16.23     15.81
   29.97     17.21
   15.66     47.12
    3.22      1.78
   32.34      6.08
    3.49     15.73
    2.88     49.65
   32.21      5.49
   35.22     17.81
    4.77      4.14
    3.56      6.08
   20.66      2.82
    4.77      5.50
    2.75      3.98
    4.71      6.15
    4.84      6.94
    6.44      2.03
    2.75      2.09
    3.47      4.05
    2.82      2.68
    2.03     17.12
    3.40     19.05
   17.96      2.16
    4.12      4.12
   17.81      2.75
    3.33      3.56
    2.10      2.12
    2.84      2.61
    1.34      2.75
    2.16      0.00
    3.54      3.27
    0.65     16.24
  191.19    160.90
    3.84    120.12
    2.12    128.58
   30.90    132.02
   99.55    128.98
   28.26     43.08
   78.08    110.78
   48.25     14.56
   38.12     22.76
  146.25     92.15
    4.28      4.98
   18.42     54.61
   49.76     11.26
   27.58     35.35
   39.22     26.67
   30.51     51.31
   83.20     53.52
   28.05     49.64
  112.43    105.61
   33.41     42.45
  139.56     77.85
   77.60     37.72
   96.31     97.28
   43.04     24.34
   48.90     24.10
   24.86     47.16
   36.34     64.17
   38.20      8.45
    3.54      1.39
    5.43     21.25
    4.77      3.54
    2.81      2.03
   20.60      6.86
    4.12      4.14
    6.80      7.01
    2.75      3.40
    6.15      3.60
    2.75      3.43
    1.37      2.03
    3.40     15.51
    2.03      5.49
    3.33      4.84
   17.68     18.51
    5.50      4.19
    2.10      0.72
   18.00      2.75
    3.42      2.11
    2.77      1.44
   27.81     24.04
    0.65      1.37
   27.07     30.08
   29.41     14.48
   18.40     17.09
   11.71      2.82
    6.24      4.91
    5.29      5.64
    2.11     17.20
   17.92      3.32
    3.99      6.21
    6.31     19.88
    5.58      2.82
    2.75      2.75
   34.82     17.55
    0.74      3.56
    2.10      2.03
    1.38     17.14
   18.85      3.40
    1.37      1.37
    0.72     15.03
   17.60     30.82
   30.28     32.17
   18.71      2.09
   15.90      1.38
   16.31     35.54
   33.78     19.79
   33.21     33.16
    2.10      3.35
    5.70     33.36
   23.97      4.84
   33.46     21.17
    4.19      3.33
    4.12      4.84
    5.57      4.12
    4.78      4.06
    2.75      6.15
    2.68      2.75
    6.44      5.36
    4.05      3.54
    5.56      2.75
    3.47      4.12
    2.10      1.31
    0.72     17.67
    5.57      2.10
    3.33      6.15
   17.81      2.82
    2.82      2.03
    3.41      4.21
    1.37      3.33
    2.75      2.03
   34.05     53.75
  121.78    203.86
    0.71     77.82
   23.07    185.89
   43.04     84.09
   69.45     56.21
   74.60    114.16
   67.36    104.26
  115.54     24.92
   95.16     64.40
   18.86      6.04
   63.98     33.67
   24.07      6.37
   69.29     80.99
   31.72      4.24
  128.43    106.75
   33.67     24.77
  112.09     99.83
   40.36     22.13
    3.42     52.46
   52.57     37.77
   60.66     41.49
   62.49     99.00
   60.54     15.44
   93.14     69.55
   31.20     39.05
   28.17     20.53
   76.28     63.90
   65.59     46.55
    3.47     33.37
   30.29      5.60
   22.83      6.87
   19.20     20.64
    6.96      4.05
    2.74      5.50
    7.01      2.82
    4.78      3.49
    2.68      4.20
   27.75     24.68
    4.06      4.85
   57.91     55.22
    3.40      3.55
   19.45      7.00
    1.31      2.09
    2.10     17.79
    2.68      3.40
   20.02      4.19
    2.10      2.75
    2.24      0.72
    4.06      2.68
    2.77      3.63
    2.09      2.03
    2.05      2.12
    2.13      1.31
    0.00      2.03
    3.92      4.19
    8.83      7.82
    1.37      1.44
    3.42      2.75
    1.46      2.68
   19.64     20.29
    6.75      5.70
    2.83      4.05
    5.36     19.39
   19.45      4.12
    2.03      3.40
    1.44     14.38
   17.86      3.49
    2.82      2.75
    1.37     15.08
   15.51     30.61
    0.00     15.44
   47.21     33.59
   32.38      4.18
    4.91     19.06
    3.40     18.14
   18.54      4.26
   32.51     34.55
   18.00      3.40
   35.12     35.19
   19.23     19.95
   19.48     33.99
   21.39      2.82
    4.71      6.73
    3.47      3.49
   21.20     22.77
    6.38      6.15
    3.47      2.10
    2.89      0.65
    3.49      4.71
    3.41      3.47
    2.16      1.96
    3.47      5.36
    5.43      3.54
   20.03     17.87
    3.47      1.38
    0.72      4.71
    3.98      3.54
    4.26      2.03
    2.03      2.75
  117.83    179.41
   33.33     55.77
   14.28    221.61
   43.71     89.52
   74.14    109.33
   41.56     45.09
  176.30    118.58
   54.28     18.76
   37.25     13.70
   16.45      3.49
    5.43      7.46
   35.53     26.02
   79.79     63.17
   84.24     37.83
   55.70     52.72
    4.84     27.96
   32.77     60.27
  132.83     92.12
   24.04     11.90
   29.23     28.40
   41.73     25.14
   65.64     58.78
   32.06     64.15
   17.03     16.26
   52.29      6.38
   28.39     26.13
    4.87     32.91
   46.57     18.14
   18.53     18.58
   24.00     18.67
    3.40      4.19
    4.94      3.56
    3.33     22.63
   18.57      1.37
   20.64     18.33
    2.61      7.53
    2.68      5.36
   10.35      7.17
   30.62     23.46
    3.49      3.47
   49.91     41.03
    2.03      4.13
   14.51      3.46
    2.03      2.10
    5.44      6.95
   28.52     23.92
   20.42     19.10
   51.41     43.85
    2.68      4.19
   14.41      1.30
    2.88      3.53
    2.03      2.75
    3.44      2.18
    2.82      1.37
    1.96      2.10
    3.40      4.77
    3.26     20.68
    4.73      2.18
   20.05     19.90
    2.12      2.16
    7.15      6.16
   19.37      4.26
    3.42      2.03
    3.33      4.93
    3.48     20.03
   19.32      3.46
    2.10      2.03
    4.13      2.84
    1.46      0.00
   16.83     34.01
   17.90     31.93
   46.61     15.58
   15.45     18.98
   16.50     32.42
   32.79     48.20
    3.53      2.02
   35.64     20.45
   19.28      5.65
    3.62     17.07
   19.96     19.01
   17.18      6.94
   22.87     18.50
    4.28      2.77
    3.16      5.19
    4.84      4.78
    3.47      2.75
    3.99      2.10
   20.74     23.32
    3.41      6.74
    6.07      3.40
    5.57      4.80
    4.94      0.72
    2.17     16.49
   29.27     23.30
   14.43      5.36
   80.29     68.85
    2.88      2.68
   15.09      6.51
   20.74     19.42
  200.64    190.99
   33.40    110.55
  129.02    152.52
   63.62    110.91
    6.19     97.65
   66.88     65.06
   51.40     78.27
   74.77     54.62
   67.99     67.30
   45.67     15.22
   37.94     51.52
   55.10     46.73
   39.69     40.18
   28.69      6.15
   75.38     29.00
   38.13     22.01
  142.86     98.78
   62.85     29.30
   54.01     97.19
   79.07     14.63
    9.76     44.10
   65.85     76.89
   40.84     39.12
   76.76     51.68
   58.59     21.58
   59.27     59.61
   53.38     52.38
   55.65     36.86
   26.39      9.85
   35.31     19.45
   26.10      5.87
    5.44     19.00
   19.59      4.78
    5.48      5.66
    5.52      7.66
    3.47      0.72
    2.82      2.03
    4.57      8.18
    3.54      3.54
    4.12      3.47
    4.77     17.91
    4.71      6.31
    4.06      3.40
    3.40      4.28
    3.47      1.39
    3.40     17.61
    2.68      2.75
   18.34      6.21
   18.41     17.16
    3.47      4.07
    4.78      3.47
   17.87     19.38
    3.49     16.90
    2.82      4.06
   18.13      2.15
    2.81      2.84
    6.83      3.56
    3.27      4.98
    1.38      4.06
    2.03     15.03
    4.85      4.21
    5.36      6.94
   19.94      4.83
    3.27      4.30
    3.60      1.39
    3.36      3.47
    5.54      4.19
    1.31      2.75
    3.47      2.17
   27.09     23.27
    0.65      2.77
   29.76     32.28
   30.12     27.04
   17.94     62.85
   45.35     35.12
   64.93     20.81
    2.10     31.51
   18.66     37.34
   20.22      4.91
   52.18     20.69
    2.82      2.10
    6.29      3.99
    1.37      4.12
    5.57     18.34
   18.63      7.49
    4.64      6.31
    7.74      2.82
    2.18      3.27
    4.78      2.82
    4.46      4.19
    3.47      4.78
    2.09      4.64
    4.05      4.12
    5.63      3.40
    4.21      2.82
    2.96      2.61
    2.82      4.73
    4.78     17.85
    1.46      2.03
   36.23     31.34
  160.88    182.51
    2.64     81.44
    4.23    155.56
   28.76     57.20
   84.78    143.96
    4.95     38.16
   99.72     78.07
   44.72     82.99
   37.72     38.66
   72.23     22.77
   35.76     24.78
   92.97     50.07
    4.99     30.55
   35.39     29.27
   62.08     62.78
   68.96     14.78
   90.65    117.25
   57.29     17.36
  167.83     97.22
   54.48     37.07
   39.34     24.53
   17.94     36.06
   39.41      8.23
   18.48     18.71
    3.49     35.28
   16.97     18.66
   24.35      2.79
   60.05     70.64
    5.37      6.88
   72.01     86.28
   73.24     36.98
   17.78     18.99
   29.90      6.70
   31.52     26.28
    4.14     19.25
   47.71     34.36
   31.39     29.26
    6.44      3.49
   11.64      4.71
   30.02     20.06
    4.12      2.16
    2.82      2.75
    3.98      4.84
    4.64      4.93
    4.19      2.82
    2.03      3.47
    3.43      2.75
    1.96      2.75
    4.78     17.95
    2.11      4.78
   19.96      4.21
    3.43      2.82
    3.40      2.10
    1.39      4.79
    1.37      1.31
    6.22      4.86
    6.01     20.73
    2.68      3.54
   18.60      4.26
    4.85      4.78
    4.71      2.03
    5.43      7.68
    4.13      3.54
    3.42      4.19
    4.14      1.44
    2.10      4.06
    2.75      2.77
    2.77      1.44
    2.61      3.47
    6.81     18.63
   15.52     32.74
    0.00      0.00
   31.21     32.78
   19.89      2.10
    2.03     16.85
   30.34     19.65
   21.93     37.73
    4.19      3.49
   21.47      6.11
   19.02     33.30
   20.02     36.75
    5.57      4.13
    6.29     20.46
   48.56     33.65
    4.94      1.38
   19.44      6.76
    5.43      4.06
    4.85      6.28
    5.64      1.31
    5.43      5.50
    1.31      4.93
    3.56      2.68
   19.00     19.66
    2.03      2.68
    2.75      4.71
    5.64      3.47
    4.94      2.75
    4.19      1.31
    1.38      5.43
   76.14    126.69
   82.92    136.48
    2.82    133.63
    4.05    135.10
   99.71     89.78
   15.78     38.72
   81.75     93.43
   48.13    120.91
   46.30     30.14
   73.84     16.07
   85.03     70.49
    4.99      3.33
   62.42      7.75
   18.77      6.13
    3.54      3.40
   66.00     50.98
   51.99     39.87
   69.26     90.66
   90.85     56.91
    4.27     43.58
   43.23     28.62
    2.89      0.72
   29.52      8.61
   18.58     33.24
    2.03     16.26
   45.59     17.97
    2.09      2.03
   18.43     33.57
   17.72     20.71
    6.23      4.80
   24.02      9.16
    4.80     18.58
   20.59     20.00
    5.38      6.22
   55.67     59.67
   24.73     20.07
   90.42     96.45
   47.36     33.50
   36.40     22.12
   58.11     28.95
    6.42      6.22
   52.80     43.29
    4.84      1.37
   53.02     27.94
   34.99     39.72
   55.54     32.59
   76.51     92.73
    4.86      6.28
   25.87      4.70
    6.30      4.21
    2.82      2.75
    6.33      4.21
    1.38      2.10
    2.03      2.75
    4.64      4.95
    6.15      4.98
    2.05      3.41
    4.06      3.49
    3.40      4.28
    0.65      3.33
    6.24     16.41
    2.68      4.28
    8.27      8.91
   19.17      6.38
    4.78      4.19
    4.21      3.40
    6.13      5.57
    4.12      2.82
   14.30     31.29
   44.13     37.62
   33.35      4.88
   44.34     68.67
   15.77      1.43
   11.57      3.47
   21.52     19.38
    1.37     15.75
   18.05     16.39
   31.50     20.05
    2.83      1.31
   18.58     33.78
   18.63      8.04
    6.21      7.46
    9.65      7.64
    4.94      4.17
    7.77      5.30
   19.25     20.09
    5.69      1.96
   18.49     35.07
    3.47     18.60
    5.69      4.71
   35.04     19.31
    9.55      8.32
    4.05      5.57
   19.30      2.83
    2.89      2.68
    2.68      4.73
   18.73     19.23
    2.18     16.83
    4.32      2.61
  121.27    118.06
   35.23     57.77
  134.73    170.21
    4.84     52.10
    2.06    155.13
    3.80      3.68
   44.37     53.57
   28.32     55.80
   31.71    118.80
   83.77     39.15
    3.57      0.65
   23.65     18.07
   79.78     79.20
   32.06      8.27
   52.32     30.00
   38.90     27.35
   94.06     42.23
   59.92     58.65
   78.44     56.17
   72.69     67.54
   30.24     31.55
  135.76     95.29
   34.10     36.64
   60.09     32.63
    4.35      1.37
   25.62     25.29
   17.56      4.20
   39.78     47.09
    3.47      1.46
    4.89     18.58
   16.49      3.39
    4.70      2.14
    4.08      7.67
    6.01      8.24
    8.91      7.68
    6.17      4.97
    4.14      2.77
   33.98     28.48
    4.73      4.21
   60.59     41.32
   51.25     79.36
   43.59     41.41
  137.83    102.91
   50.39     39.25
   62.08     54.79
   45.49     27.12
   13.16      3.76
   26.42      5.87
   20.18     19.85
    3.40     18.58
    4.81      4.13
   19.85      3.54
    0.65      4.12
    5.52      2.84
   16.83     17.68
    1.37      2.04
    6.04      6.31
    6.73      7.05
    3.99      4.93
    2.84     15.85
    2.10      4.01
   19.23      2.16
    2.05      4.06
    8.85      5.66
    1.38      4.78
    2.70      4.89
    2.75      1.96
    8.38      4.92
    2.77      4.78
    6.04      6.44
    2.10      1.38
   19.38     33.47
   32.26     20.08
   20.59     32.88
    2.03      2.82
   18.57     15.84
    2.05      4.84
   15.16      0.72
    2.77     17.77
   44.59     33.68
    3.54      0.65
    2.83      4.08
    4.12      5.37
    5.64      3.49
    6.17      9.44
    5.50      6.15
    5.50      6.17
    7.80      7.50
    6.23      4.73
    8.27      3.49
    2.10      4.05
    4.19      4.05
    3.40     16.26
    6.22     20.38
   17.21      5.45
   18.35     47.86
   34.59      6.22
    6.16     17.75
   17.69      6.90
   18.43     30.51
  180.81    120.69
   25.93    119.87
  152.54    172.37
   54.88     92.32
    2.68    105.80
   54.58     36.30
   55.11     77.22
   61.46    101.63
    8.52    110.65
   35.15     13.05
   83.76     77.36
    3.60     17.41
   75.18     16.21
   46.74     78.73
   50.50     18.57
   29.34      9.60
   49.12     28.88
   39.98     30.86
    3.40     29.91
   41.82     30.57
   18.91     18.90
   81.53     85.18
   27.91     18.26
  135.35     97.03
   74.14     45.32
   29.23     59.30
   67.98     94.64
  130.71     71.89
   29.81     41.20
    6.64     28.60
   42.22     29.88
   73.09     88.51
   94.05     38.46
   19.66      6.29
   31.47     49.68
   64.33     15.52
   25.98     36.73
   56.30     28.57
    9.04      8.92
   61.07     57.98
   24.88     22.83
   16.22      2.10
    6.77      6.11
    1.44     17.80
    5.50      2.84
    3.40     19.19
    2.76      2.68
   15.72     47.81
   34.20      4.26
    6.03     20.03
   19.91      4.93
    3.98      4.28
   35.09     22.04
    2.84      2.77
    4.14      2.82
    6.89      4.91
    1.37      1.31
    4.64      2.90
    5.31     24.30
   19.89      5.53
    2.03      3.47
    3.55      2.03
    6.89      5.51
    4.81      4.28
    2.03      2.03
    2.68      4.21
   19.59     34.68
    2.85      2.09
    4.30      2.03
   18.66      4.78
    3.33      5.52
   29.78     26.25
    3.56      1.38
   31.89     32.32
   37.65     41.00
    1.96     17.09
   30.16      4.62
   19.94     22.75
    2.02      0.74
   17.18     17.78
    2.12      2.77
   33.11     17.66
    2.16      3.27
   17.87     34.39
   19.31     21.03
   32.87     21.93
    9.77      4.16
    5.59     21.63
   18.48     21.18
   10.23      8.56
   21.43      5.58
    6.87      6.15
   20.02     22.75
    7.09      2.18
    6.15      4.12
    2.10      4.08
    2.10      2.03
    3.54      1.39
    2.68      3.40
  119.25    206.07
   32.60     59.10
   17.93    237.27
    4.93     28.52
   67.90     59.53
    6.19      4.85
   78.80    209.21
   43.73     70.26
   78.51     45.62
   81.52     71.31
   64.31     37.61
   82.97     19.60
   16.95      4.86
   18.40     11.09
    9.65     11.76
   28.63     23.19
   29.23     24.73
   81.00     69.06
   58.97     39.39
   54.03     51.91
   25.36     17.65
   29.38     44.78
  105.70     27.07
   17.18     23.99
   72.05     51.64
   30.79     23.48
   53.62    112.54
   31.45     40.87
  137.96     92.08
   31.65     51.41
   90.47     12.88
   41.72     61.97
   30.90     35.58
   56.11     18.82
   48.00     15.59
   41.53      6.44
   32.74     26.09
   47.81     35.67
   16.30     30.02
   39.25     27.97
   32.68     16.13
   15.13     19.58
   28.14      9.23
   49.11      7.59
    5.36      7.64
    4.13     17.95
    7.86      1.44
    3.35      2.16
    1.37      3.40
    1.31      3.42
    4.19      1.31
    3.51      1.44
    2.68      4.28
    4.57      6.18
    3.27      7.71
    4.05      6.80
    6.22      2.10
    7.68      4.93
    7.34      7.84
    3.40      4.86
   19.74      5.81
   15.07     37.47
   16.22      5.64
   46.50     42.66
   17.20      3.47
   13.61      5.59
    4.79      6.24
   19.83     19.38
    4.78      6.17
    3.68      2.03
    5.70      1.31
    3.33      4.37
    2.98      1.31
    2.05      3.42
    1.31      2.10
    2.68      4.12
    4.28      2.10
   18.85     19.78
    2.61     17.82
   19.89     49.79
   17.00     16.84
   34.13      7.47
   20.39      5.02
    6.39     32.20
   32.86      5.36
   32.74     33.44
    5.50     18.78
   32.66     21.46
   23.85      2.18
   19.24     23.25
    1.31     21.22
    9.72      6.83
    5.60      6.89
    9.21     20.45
    5.43      3.99
   21.40      5.59
    5.50      8.34
    9.64      4.84
   16.26     16.32
  110.13    134.43
   20.81     30.39
   23.27    127.08
   52.23    104.15
   47.88     70.13
   31.35     86.07
   39.06     95.86
   53.99     62.88
   11.60      7.68
   52.55     73.06
   39.64     34.02
   37.20      6.42
   47.22     58.35
    9.57      4.64
   45.17     23.42
   29.50      2.16
    6.73      6.06
   60.84     44.24
   17.32     14.11
   65.99     88.89
   55.71     17.25
   76.24    103.21
   29.18      3.63
   49.27     74.96
   60.57     32.80
   16.91     14.51
   18.43      8.97
   18.35     33.62
   66.05     13.67
   50.68     41.08
   65.80     40.54
   31.39     93.02
   83.29     81.55
   59.94     46.79
   19.85     53.12
   58.30     33.06
   58.23     25.88
   29.16     26.22
   97.70    143.46
   82.37     69.26
   75.39     22.37
   15.98     33.35
   38.94     52.14
   44.48     16.87
   44.82     18.17
   21.99     31.34
   46.41     29.40
   18.74      6.07
   46.85     17.48
    6.14      2.75
    2.68      6.91
    2.05      2.84
   18.55     15.05
    3.69      2.10
    4.10      3.49
    5.36      4.15
    5.38      7.86
    0.00      4.64
    3.42      2.10
   10.29      8.32
    4.06      5.00
    6.24      4.80
    6.02      6.95
    7.34     10.65
    6.91      2.75
    2.93      2.86
    1.37      0.72
    4.06      1.39
    2.70      4.93
    4.07      6.91
    3.40      4.71
    6.13     18.37
   15.61      4.85
    7.02      1.48
    1.37      2.18
    2.03      2.12
    2.05      0.65
   17.10     17.63
    3.49      2.86
    0.00      3.33
   15.45     17.54
   19.91     17.29
    5.59      5.59
    3.47     34.19
    4.93     17.07
   19.30     10.25
   33.56     20.64
   24.48      5.64
    4.80     20.81
    5.50      5.57
   34.38     19.01
   18.84     64.12
   33.76     21.36
   52.74     38.37
    9.07      6.92
    7.04      6.08
    6.98     20.49
    8.85      9.64
    5.49      5.65
   83.88    108.35
  117.18    194.18
   15.17     79.99
    6.31    137.33
   30.61      6.98
   20.01     19.52
   99.94    125.99
   24.76    142.90
   37.42     22.58
   71.44     72.23
   87.29     42.04
   74.94     32.27
   35.60     29.88
   11.68      9.43
    6.04      7.35
   32.94      5.43
   14.50      6.31
    5.59      2.12
    1.39      4.73
    5.04      2.03
   21.18      6.36
   48.28     46.53
    4.68      5.20
   47.41     57.92
   43.40     26.76
   17.11     44.39
   55.14     49.04
   28.52     17.34
  144.81    124.57
   20.69      3.49
   69.80     76.21
   79.24     43.47
   66.48     58.22
  101.44     41.33
   29.26     35.73
   77.18     17.30
   60.55     70.42
   45.76     44.60
   39.94     90.31
   53.36     20.17
   71.44     24.49
   65.61     46.66
   26.65     20.99
   19.03     24.95
   63.85     55.69
   33.49     25.20
   37.73      7.78
    8.91      9.05
    4.86      6.08
    9.64      6.31
    7.54     19.84
    3.56      2.75
    0.65     16.81
   31.89      5.44
    2.11      4.07
    4.99      3.40
    7.39      3.63
    4.81      4.28
    3.99      5.61
    5.23      9.01
    5.52     20.04
    4.22      4.79
    5.59      3.47
   20.63      4.21
    5.40      7.00
    8.06      7.09
    2.75      5.58
    3.33      4.06
    4.88      4.86
    6.15      5.62
    5.60      4.23
    4.07      2.75
    2.05      4.23
    3.53      4.07
    1.39      1.37
    1.39      1.37
    4.73      4.23
   17.89     18.08
    0.72     16.41
    4.27      0.65
   29.78     25.65
   15.84     16.48
   54.53     43.12
    2.12     16.84
   27.89      4.86
    6.36      2.11
    3.54     31.20
    1.96      4.73
   50.03     22.96
    5.59      7.60
    8.42     21.47
    5.59      6.19
   25.50     38.17
   19.10     34.04
   34.66      7.65
   23.67      7.53
   34.38     50.61
    4.06     21.86
   37.93     20.85
   24.29      1.29
    0.00      0.00
    0.00      0.00
    0.00      0.00
    0.00      0.00
    0.00      0.00
    0.00      0.00
    0.00      0.00
    0.00      0.00
    0.00      0.00
    0.00      0.00
    0.00      0.00
    0.00      0.00
    0.00      0.00
    0.00      0.00
    0.00      0.00
    0.00      0.00
    0.00      0.00
    0.00      0.00
    0.00      0.00
    0.00      0.00
    0.00      0.00
    0.00      0.00
    0.00      0.00
    0.00      0.00
    0.00      0.00
    0.00      0.00
    0.00      0.00
    0.00      0.00
    0.00      0.00
    0.00      0.00
    0.00      0.00
    0.00      0.00
    0.00      0.00
    0.00      0.00
    0.00      0.00
    0.00      0.00
    0.00      0.00
    0.00      0.00
