      h_eth1      
 KB/s in  KB/s out
    0.00      0.00
    0.00      0.00
    0.00      0.00
    0.00      0.00
    0.00      0.00
    0.00      0.00
    0.00      0.00
    0.00      0.00
    0.00      0.00
    0.00      0.00
    0.00      0.00
    0.00      0.00
    0.00      0.00
    0.00      0.00
    0.00      0.00
    0.00      0.00
    0.00      0.00
    0.00      0.00
    0.00      0.00
    0.00      0.00
    0.00      0.00
    0.00      0.00
    0.00      0.00
    0.00      0.00
    0.00      0.00
    0.00      0.00
    0.00      0.00
    0.00      0.00
    0.00      0.00
    0.00      0.00
    0.00      0.00
    0.00      0.00
    0.00      0.00
    0.00      0.00
    0.00      0.00
    0.00      0.00
    0.00      0.00
    0.00      0.00
    0.00      0.00
    0.00      0.00
    0.00      0.00
    0.00      0.00
    0.00      0.00
    0.00      0.00
    0.00      0.00
    0.00      0.00
    0.00      0.00
    0.00      0.00
    0.00      0.00
    0.00      0.00
    0.00      0.00
    0.00      0.00
    0.00      0.00
    0.00      0.00
    0.00      0.00
    0.00      0.00
    0.00      0.00
    0.00      0.00
    0.00      0.00
    0.00      0.00
    0.00      0.00
    0.00      0.00
    0.00      0.00
    0.00      0.00
    0.00      0.00
    0.00      0.00
    0.00      0.00
    0.00      0.00
    0.00      0.00
    0.00      0.00
    0.00      0.00
    0.00      0.00
    0.00      0.00
    0.00      0.00
    0.00      0.00
    0.00      0.00
    0.00      0.00
    0.00      0.00
    0.00      0.00
    0.00      0.00
    0.00      0.00
    0.00      0.00
    0.00      0.00
    0.00      0.00
    0.00      0.00
    0.00      0.00
    0.00      0.00
    0.00      0.00
    0.00      0.00
    0.00      0.00
    0.00      0.00
    0.00      0.00
    0.00      0.00
    0.00      0.00
    0.00      0.00
    0.00      0.00
    0.00      0.00
    0.00      0.00
    0.00      0.00
    0.00      0.00
    0.00      0.00
    0.00      0.00
    0.00      0.00
    0.00      0.00
    0.00      0.00
    0.00      0.00
    0.00      0.00
    0.00      0.00
    0.00      0.00
    1.23      0.00
    0.00      0.00
    0.00      0.00
    0.00      0.00
    0.00      0.00
    0.00      0.00
    0.00      0.00
    0.00      0.00
    0.00      0.00
    0.00      0.00
    0.00      0.00
    0.00      0.00
    0.00      0.00
    0.00      0.00
    0.00      0.00
    0.00      0.00
    0.00      0.00
    0.00      0.00
    0.00      0.00
    0.00      0.00
    0.00      0.00
    0.00      0.00
    0.00      0.00
    0.00      0.00
    0.00      0.00
    0.00      0.00
    0.00      0.00
    0.00      0.00
    0.00      0.00
    0.00      0.00
    0.00      0.00
    0.00      0.00
    0.00      0.00
    0.00      0.00
    0.00      0.00
    0.00      0.00
    0.00      0.00
    0.00      0.00
    0.00      0.00
    0.00      0.00
    0.00      0.00
    0.00      0.00
    0.00      0.00
    0.00      0.00
    0.00      0.00
    0.00      0.00
    0.00      0.00
    0.00      0.00
    0.00      0.00
    0.00      0.00
    0.00      0.00
    0.00      0.00
    0.00      0.00
    0.00      0.00
    0.00      0.00
    0.00      0.00
    0.00      0.00
    0.00      0.00
    0.00      0.00
    0.00      0.00
    0.00      0.00
    0.00      0.00
    0.00      0.00
    0.00      0.00
    0.00      0.00
    0.00      0.00
    0.00      0.00
    0.00      0.00
    0.00      0.00
    0.00      0.00
    0.00      0.00
    0.00      0.00
    0.00      0.00
    0.00      0.00
    0.00      0.00
    0.00      0.00
    0.00      0.00
    0.00      0.00
    0.00      0.00
    0.00      0.00
    0.00      0.00
    0.00      0.00
    0.00      0.00
    0.00      0.00
    0.00      0.00
    0.00      0.00
    0.00      0.00
    0.00      0.00
    0.00      0.00
    1.36      0.00
    0.00      0.00
    0.00      0.00
    0.00      0.00
    0.00      0.00
    0.00      0.00
    0.00      0.00
    0.00      0.00
    0.00      0.00
    0.00      0.00
    0.00      0.00
    0.00      0.00
    0.00      0.00
    0.00      0.00
    0.00      0.00
    0.00      0.00
    0.00      0.00
    0.00      0.00
    0.00      0.00
    0.00      0.00
    0.00      0.00
    0.00      0.00
    0.00      0.00
    0.00      0.00
    0.00      0.00
    0.00      0.00
    0.00      0.00
    0.00      0.00
    0.00      0.00
    0.00      0.00
    0.00      0.00
    0.00      0.00
    0.00      0.00
    0.00      0.00
    0.00      0.00
    0.00      0.00
    0.00      0.00
    0.00      0.00
    0.00      0.00
    0.00      0.00
    0.00      0.00
    0.68      0.00
    0.00      0.00
    0.00      0.00
    0.00      0.00
    0.00      0.00
    0.00      0.00
    0.00      0.00
    0.00      0.00
    0.00      0.00
    0.00      0.00
    0.00      0.00
    0.00      0.00
    0.00      0.00
    0.00      0.00
    0.00      0.00
    0.00      0.00
    0.00      0.00
    0.00      0.00
    0.00      0.00
    0.00      0.00
    0.00      0.00
    0.00      0.00
    0.00      0.00
    0.00      0.00
    0.00      0.00
    0.00      0.00
    0.00      0.00
    0.00      0.00
    0.00      0.00
    0.00      0.00
    0.00      0.00
    0.00      0.00
    0.00      0.00
    0.00      0.00
    0.00      0.00
    0.00      0.00
    0.00      0.00
    0.00      0.00
    0.00      0.00
    0.00      0.00
    0.00      0.00
    0.68      0.00
    0.00      0.00
    0.00      0.00
    0.00      0.00
    0.00      0.00
    0.00      0.00
    0.00      0.00
    0.00      0.00
    0.00      0.00
    0.00      0.00
    0.00      0.00
    0.00      0.00
    0.00      0.00
    1.04      0.00
    0.00      0.00
    0.00      0.00
    0.00      0.00
    0.00      0.00
    0.00      0.00
    0.00      0.00
    0.00      0.00
    0.00      0.00
    0.00      0.00
    0.00      0.00
    0.00      0.00
    0.00      0.00
    0.00      0.00
    0.00      0.00
    0.00      0.00
    0.00      0.00
    0.00      0.00
    0.00      0.00
    0.00      0.00
    0.00      0.00
    0.00      0.00
    0.00      0.00
    0.00      0.00
    0.00      0.00
    0.00      0.00
    0.00      0.00
    0.00      0.00
    0.68      0.00
    0.00      0.00
    0.00      0.00
    0.00      0.00
    0.00      0.00
    0.00      0.00
    0.00      0.00
    0.00      0.00
    0.00      0.00
    0.00      0.00
    0.00      0.00
    0.00      0.00
    0.00      0.00
    0.00      0.00
    0.00      0.00
    0.00      0.00
    0.00      0.00
    0.00      0.00
    0.00      0.00
    0.00      0.00
    0.00      0.00
    0.00      0.00
    0.00      0.00
    0.00      0.00
    0.00      0.00
    0.00      0.00
    0.00      0.00
    0.00      0.00
    0.00      0.00
    0.00      0.00
    0.00      0.00
    0.00      0.00
    0.00      0.00
    0.00      0.00
    0.00      0.00
    0.00      0.00
    0.00      0.00
    0.00      0.00
    0.00      0.00
    0.00      0.00
    0.00      0.00
    0.00      0.00
    0.00      0.00
    0.00      0.00
    0.00      0.00
    0.00      0.00
    0.00      0.00
    0.00      0.00
    0.00      0.00
    0.00      0.00
    0.00      0.00
    0.00      0.00
    0.00      0.00
    0.00      0.00
    0.00      0.00
    0.00      0.00
    0.00      0.00
    0.00      0.00
    0.00      0.00
    0.00      0.00
    0.00      0.00
    0.00      0.00
    0.00      0.00
    0.00      0.00
    0.00      0.00
    0.00      0.00
    0.00      0.00
    0.00      0.00
    0.00      0.00
    0.00      0.00
    0.00      0.00
    0.00      0.00
    0.00      0.00
    0.00      0.00
    0.00      0.00
    0.00      0.00
    0.00      0.00
    0.00      0.00
    0.00      0.00
    0.00      0.00
    0.00      0.00
    0.68      0.00
    0.00      0.00
    0.00      0.00
    0.00      0.00
    0.00      0.00
    0.00      0.00
    0.00      0.00
    0.00      0.00
    0.00      0.00
    0.00      0.00
    0.00      0.00
    0.00      0.00
    0.00      0.00
    0.00      0.00
    0.00      0.00
    0.00      0.00
    0.00      0.00
    0.00      0.00
    0.00      0.00
    0.00      0.00
    0.00      0.00
    0.00      0.00
    0.00      0.00
    0.00      0.00
    0.00      0.00
    0.00      0.00
    0.00      0.00
    0.00      0.00
    0.00      0.00
    0.00      0.00
    0.00      0.00
    0.00      0.00
    0.00      0.00
    0.00      0.00
    0.00      0.00
    0.00      0.00
    0.00      0.00
    0.00      0.00
    0.00      0.00
    0.00      0.00
    0.00      0.00
    0.00      0.00
    0.00      0.00
    0.00      0.00
    0.00      0.00
    0.00      0.00
    0.00      0.00
    0.00      0.00
    0.00      0.00
    0.00      0.00
    0.00      0.00
    0.00      0.00
    0.00      0.00
    0.00      0.00
    0.00      0.00
    0.00      0.00
    0.00      0.00
    0.00      0.00
    0.00      0.00
    0.00      0.00
    0.00      0.00
    0.00      0.00
    0.00      0.00
    0.00      0.00
    0.00      0.00
    0.00      0.00
    0.00      0.00
    0.00      0.00
    0.00      0.00
    0.00      0.00
    0.00      0.00
    0.00      0.00
    0.00      0.00
    0.00      0.00
    0.00      0.00
    0.00      0.00
    0.00      0.00
    0.00      0.00
    0.00      0.00
    0.00      0.00
    0.00      0.00
    0.00      0.00
    0.00      0.00
    0.00      0.00
    0.00      0.00
    0.00      0.00
    0.00      0.00
    0.00      0.00
    0.00      0.00
    0.00      0.00
    0.00      0.00
    0.00      0.00
    0.00      0.00
    0.00      0.00
    0.00      0.00
    0.00      0.00
    0.00      0.00
    0.00      0.00
    0.00      0.00
    0.00      0.00
    0.00      0.00
    0.00      0.00
    0.00      0.00
    0.00      0.00
    0.00      0.00
    0.00      0.00
    0.00      0.00
    0.00      0.00
    0.00      0.00
    0.00      0.00
    0.00      0.00
    0.00      0.00
    0.00      0.00
    0.00      0.00
    0.00      0.00
    0.00      0.00
    0.00      0.00
    0.00      0.00
    0.00      0.00
    0.00      0.00
    0.00      0.00
    0.00      0.00
    0.00      0.00
    0.00      0.00
    0.00      0.00
    0.00      0.00
    0.00      0.00
    0.00      0.00
    0.00      0.00
    0.00      0.00
    0.00      0.00
    0.00      0.00
    0.00      0.00
    0.00      0.00
    0.00      0.00
    0.00      0.00
    0.00      0.00
    0.00      0.00
    0.00      0.00
    0.00      0.00
    0.00      0.00
    0.00      0.00
    0.00      0.00
    0.00      0.00
    0.00      0.00
    0.00      0.00
    0.00      0.00
    0.00      0.00
    0.00      0.00
    0.00      0.00
    0.00      0.00
    0.00      0.00
    0.00      0.00
    0.00      0.00
    0.00      0.00
    0.00      0.00
    0.00      0.00
    0.00      0.00
    0.00      0.00
    0.00      0.00
    0.00      0.00
    0.00      0.00
    0.00      0.00
    0.00      0.00
    0.00      0.00
    0.00      0.00
    0.00      0.00
    0.00      0.00
    0.00      0.00
    0.00      0.00
    0.00      0.00
    0.00      0.00
    0.00      0.00
    0.00      0.00
    0.00      0.00
    0.00      0.00
    0.00      0.00
    0.00      0.00
    0.00      0.00
    0.00      0.00
    0.00      0.00
    0.00      0.00
    0.00      0.00
    0.00      0.00
    0.00      0.00
    0.00      0.00
    0.00      0.00
    0.00      0.00
    0.00      0.00
    0.00      0.00
    0.00      0.00
    0.00      0.00
    0.00      0.00
    0.00      0.00
    0.00      0.00
    0.00      0.00
    0.00      0.00
    0.00      0.00
    0.00      0.00
    0.00      0.00
    0.00      0.00
    0.00      0.00
    0.00      0.00
    0.00      0.00
    0.00      0.00
    0.00      0.68
    0.00      0.00
    0.00      0.00
    0.00      0.00
    0.00      0.00
    0.00      0.00
    0.00      0.00
    0.00      0.00
    0.00      0.00
    0.00      0.00
    0.00      0.00
    0.00      0.00
    0.00      0.00
    0.00      0.00
    0.00      0.00
    0.00      0.00
    0.00      0.00
    0.00      0.00
    0.00      0.00
    0.00      0.00
    0.00      0.00
    0.00      0.00
    0.00      0.00
    0.00      0.00
    0.00      0.00
    0.00      0.00
    0.00      0.00
    0.00      0.00
    0.00      0.00
    0.00      0.00
    0.00      0.00
    0.00      0.00
    0.00      0.00
    0.00      0.00
    0.00      0.00
    0.00      0.00
    0.00      0.00
    0.00      0.00
    0.00      0.00
    0.00      0.00
    0.00      0.00
    0.00      0.00
    0.00      0.00
    0.00      0.00
    0.00      0.00
    0.00      0.00
    0.00      0.00
    0.00      0.00
    0.00      0.00
    0.00      0.00
    0.00      0.00
    0.00      0.00
    0.00      0.00
    0.00      0.00
    0.00      0.00
    0.00      0.00
    0.00      0.00
    0.00      0.00
    0.00      0.00
    0.00      0.00
    0.00      0.00
    0.00      0.00
    0.00      0.00
    0.00      0.00
    0.00      0.00
    0.00      0.00
    0.00      0.00
    0.00      0.00
    0.00      0.00
    0.00      0.00
    0.00      0.00
    0.00      0.00
    0.00      0.00
    0.00      0.00
    0.00      0.00
    0.00      0.00
    0.00      0.00
    0.00      0.00
    0.00      0.00
    0.00      0.00
    0.00      0.00
    0.00      0.00
    0.00      0.00
    0.00      0.00
    0.00      0.00
    0.00      0.00
    0.00      0.00
    0.00      0.00
    0.00      0.00
    0.00      0.00
    0.00      0.00
    0.00      0.00
    0.00      0.00
    0.00      0.00
    0.00      0.00
    0.00      0.00
    0.00      0.00
    0.00      0.00
    0.00      0.00
    0.00      0.00
    0.00      0.00
    0.00      0.00
    0.00      0.00
    0.00      0.00
    0.00      0.00
    0.00      0.00
    0.00      0.00
    0.00      0.00
    0.00      0.00
    0.00      0.00
    0.00      0.00
    0.00      0.00
    0.00      0.00
    0.00      0.00
    0.00      0.00
    0.00      0.00
    0.00      0.00
    0.00      0.00
    0.00      0.00
    0.00      0.00
    0.00      0.00
    0.00      0.00
    0.00      0.00
    0.00      0.00
    0.00      0.00
    0.00      0.00
    0.00      0.00
    0.00      0.00
    0.00      0.00
    0.00      0.00
    0.00      0.00
    0.00      0.00
    0.00      0.00
    0.00      0.00
    0.00      0.00
    0.00      0.00
    0.00      0.00
    0.00      0.00
    0.00      0.00
    0.00      0.00
    0.00      0.00
    0.00      0.00
    0.00      0.00
    0.00      0.00
    0.00      0.00
    0.00      0.00
    0.00      0.00
    0.00      0.00
    0.00      0.00
    0.00      0.00
    0.00      0.00
    0.00      0.00
    0.00      0.00
    0.00      0.00
    0.00      0.00
    0.00      0.00
    0.00      0.00
    0.00      0.00
    0.00      0.00
    0.00      0.00
    0.00      0.00
    0.00      0.00
    0.00      0.00
    0.00      0.00
    0.00      0.00
    0.00      0.00
    0.00      0.00
    0.00      0.00
    0.00      0.00
    0.00      0.00
    0.00      0.00
    0.00      0.00
    0.00      0.00
    0.00      0.00
    0.00      0.00
    0.00      0.00
    0.00      0.00
    0.00      0.00
    0.00      0.00
    0.00      0.00
    0.00      0.00
    0.00      0.00
    0.00      0.00
    0.00      0.00
    0.00      0.00
    0.00      0.00
    0.00      0.00
    0.00      0.00
    0.00      0.00
    0.00      0.00
    0.00      0.00
    0.00      0.00
    0.00      0.00
    0.00      0.00
    0.00      0.00
    0.00      0.00
    0.00      0.00
    0.00      0.00
    0.00      0.00
    0.00      0.00
   26.57     26.97
   21.20     47.81
   39.69     13.12
    1.58      0.00
    0.00      0.00
    0.00      0.00
    0.00      0.00
    0.00      0.00
    0.00      0.00
    0.00      0.00
    0.00     14.65
  472.88    115.36
  445.79    194.63
  938.80     95.10
  401.24    154.34
  859.55    207.17
  889.08    120.37
  521.97    283.19
  146.60     80.24
  101.02    181.97
  263.57    164.47
  111.18    262.02
  160.85     59.63
  121.09    317.57
  213.22    139.93
  162.90    343.21
  305.27    144.59
  236.71    745.98
  373.53    282.70
  404.63    261.39
  430.93    789.49
  454.80    359.08
  380.87    480.33
  478.15    290.48
  510.34    252.30
  644.06   1028.14
  714.81    687.63
  625.04    618.33
  683.23    652.23
  784.77    260.05
  902.99    440.85
  888.84   1426.32
  947.45   1570.47
  909.84    710.38
  764.23    574.33
  836.84    322.74
  624.83    230.15
  439.62    454.60
  630.83    477.38
  765.71    719.47
  566.17    186.54
  678.69     71.76
  353.03   1288.74
  484.28   1927.97
  329.15    583.33
  630.74    595.55
  534.60    459.39
  404.39    432.26
  350.38    171.82
  211.42    103.72
  159.49     92.96
  130.99     37.22
  104.73     33.24
   76.93     14.85
   49.90     33.78
   15.46      3.32
   28.95      0.87
    2.12      2.82
    7.00      0.00
    0.00      0.00
    0.00      0.00
    0.72      0.00
    0.00      0.00
    0.00     28.76
   29.62     15.82
    0.00     14.37
   28.86      1.44
    0.00      0.00
    0.00      0.00
    0.00      0.00
    0.00      0.00
    0.00      0.00
    0.00      0.00
    0.00      0.00
    0.00      0.00
    0.00      0.00
    0.00      0.00
   14.38     14.86
    0.00      0.00
    0.00      0.00
    0.72      0.00
    0.65      0.74
    0.00     43.96
   87.87     33.75
    3.60      0.72
   58.97     61.61
   43.94     46.22
    1.37     14.86
   16.59    131.12
  182.28    315.25
  138.79     66.91
  136.46     34.56
   76.95    120.89
   89.18    103.43
   93.05     33.63
   93.43    194.22
  144.66     92.96
  119.60    150.11
  108.97     89.92
   61.19     61.79
   43.83    103.62
  118.95    105.05
   48.32     61.69
  108.40     63.48
   43.27     30.26
   59.74     44.70
   15.10     17.20
   15.90      0.72
   30.34     15.17
    1.45      0.00
    2.19      0.00
   14.37     14.43
    0.00      0.00
    0.00      0.00
    0.00     29.60
   31.16      1.44
   15.59     30.30
    0.00      0.00
   14.85      0.72
    0.00      0.00
    0.00      0.00
    0.00      0.00
    0.00      0.00
    0.00      0.00
    0.00      0.00
    0.00      0.00
    0.00      0.00
    0.00      0.00
    0.00      0.00
    0.00      0.00
   14.79     15.06
    0.72     15.02
    0.00      0.00
   15.71     31.88
   62.27     33.03
   16.95      1.36
    0.72      0.00
   44.96     46.72
   29.57     60.41
  104.82    181.78
  185.82    186.91
  127.10    152.82
   48.80     63.85
   77.99     48.88
  168.09    138.12
   61.71     51.50
   64.99    120.72
  212.31    169.76
  151.63    140.55
   76.71     47.97
   63.79     32.47
   15.15     74.66
   90.26     94.60
  104.54    137.01
  107.15     36.11
   51.67     46.16
   34.01     31.03
   75.38     45.95
   17.01     16.22
   15.51     15.50
   31.07     16.96
   14.84      0.00
    1.45      0.72
    0.71      0.00
   14.79     14.85
   15.79     29.98
   30.84     16.44
    0.00      0.72
    0.72     15.00
   15.79      0.00
    0.00      0.72
    0.00      0.00
    0.00      0.00
    0.00      0.00
    0.00      0.00
    0.00      0.00
    0.00      0.00
    0.00      0.00
    0.00      0.00
    0.00      0.00
    0.00      0.00
    0.65      0.72
   15.00     29.95
    0.00     15.76
   33.08     17.80
   31.28     17.26
    0.00      0.74
   16.44      1.45
   45.20     30.70
   31.65     78.24
   78.76     93.87
   93.94     73.46
   81.67     64.04
    4.19     47.97
   32.97    137.32
   92.94     95.20
   83.78     80.84
  156.88    216.00
  144.00    126.68
  110.39     95.13
  110.47     82.44
   60.91     32.22
   31.56     45.68
   76.51     48.79
   47.86    106.47
   75.07     95.08
   77.23     63.14
   78.51     35.74
   33.63     35.12
   47.22     33.32
   32.88     30.77
   15.77     24.42
   16.43     16.43
   30.78     15.80
    0.00      4.27
   15.05     36.78
    0.71      2.66
   15.57      1.77
   14.99     17.40
    0.00      0.00
    0.00      0.00
    0.00      0.00
    0.72      0.00
    0.00      0.00
    0.00      0.00
    0.00      0.00
    0.00      0.00
    0.00      0.00
    0.00      0.00
    0.00      0.00
    0.00      0.00
    0.72      0.65
    0.00      0.00
    0.00      0.00
    0.65      2.03
   18.58      4.19
    0.00      0.00
    0.72      0.65
   15.11      1.37
    1.44      0.00
    1.96     16.23
    4.05     18.57
   50.91     22.98
    3.40      3.40
    2.68      4.27
   47.41     19.43
   48.17     34.37
   17.92     30.95
   79.22     80.55
   47.52     50.27
   46.61     61.24
   49.06     33.11
   33.17     33.10
   32.44     18.58
   31.00     32.37
   31.65     15.10
   15.82     47.55
   30.91     47.45
   90.57     92.17
   49.55     20.21
   33.09     47.21
   64.06     62.68
   17.29      1.45
   32.44     30.99
   16.61      0.72
    0.00     15.10
   15.83     16.55
   30.98     16.62
   15.17      0.72
    0.71      0.00
    0.72      0.00
   15.10     15.16
    0.00      0.00
    0.00      0.00
    0.00      0.00
    0.72      0.00
    0.00      0.00
    0.00      0.00
    0.00      0.00
    0.00      0.00
    0.00      0.00
    0.65      0.72
    0.00      0.00
    0.00      0.00
    0.00      0.65
    1.37      2.68
    2.75      0.72
    0.72      0.74
    0.00      0.00
    0.65      1.37
    1.31      2.03
    3.47     17.74
    3.47      6.08
    3.60      1.96
    5.56      3.47
    2.03     18.39
    3.26      4.19
   19.82      3.47
    2.85      5.52
    2.32      0.00
    0.00      0.00
    0.93      0.00
    0.00      0.00
    0.00      0.00
    0.00      0.00
    0.00      0.00
    0.00      0.00
    0.00      0.00
    0.00      0.00
    0.00      0.00
    0.00      0.00
    0.00      0.00
    0.00      0.00
    0.00      0.00
    0.00      0.00
    0.00      0.00
    0.00      0.00
    0.00      0.00
    0.00      0.00
    0.00      0.00
    0.00      0.00
    0.00      0.00
    0.00      0.00
    0.00      0.00
    0.00      0.00
