      h_eth1      
 KB/s in  KB/s out
    0.00      0.00
    0.00      0.00
    0.00      0.00
    0.00      0.00
    0.00      0.00
    0.00      0.00
    0.00      0.00
    0.00      0.00
    0.00      0.00
    0.00      0.00
    0.00      0.00
    0.00      0.00
    0.00      0.00
    0.00      0.00
    0.00      0.00
    0.00      0.00
    0.00      0.00
    0.00      0.00
    0.00      0.00
    0.00      0.00
    0.00      0.00
    0.00      0.00
    0.00      0.00
    0.00      0.00
    0.00      0.00
    0.00      0.00
    0.00      0.00
    0.00      0.00
    0.00      0.00
    0.00      0.00
    0.00      0.00
    0.00      0.00
    0.00      0.00
    0.00      0.00
    0.00      0.00
    0.00      0.00
    0.00      0.00
    0.00      0.00
    0.00      0.00
    0.00      0.00
    0.00      0.00
    0.00      0.00
    0.00      0.00
    0.00      0.00
    0.00      0.00
    0.00      0.00
    0.00      0.00
    0.00      0.00
    0.00      0.00
    0.00      0.00
    0.00      0.00
    0.00      0.00
    0.00      0.00
    0.00      0.00
    0.00      0.00
    0.00      0.00
    0.00      0.00
    0.00      0.00
    0.00      0.00
    0.00      0.00
    0.00      0.00
    0.00      0.00
    0.00      0.00
    0.00      0.00
    0.00      0.00
    0.00      0.00
    0.00      0.00
    0.00      0.00
    0.00      0.00
    0.00      0.00
    0.00      0.00
    0.00      0.00
    0.00      0.00
    0.00      0.00
    0.00      0.00
    0.00      0.00
    0.00      0.00
    0.00      0.00
    0.00      0.00
    0.00      0.00
    0.00      0.00
    0.00      0.00
    0.00      0.00
    0.00      0.00
    0.00      0.00
    0.00      0.00
    0.00      0.00
    0.00      0.00
    0.00      0.00
    0.00      0.00
    0.00      0.00
    0.00      0.00
    0.00      0.00
    0.00      0.00
    0.00      0.00
    0.00      0.00
    0.00      0.00
    0.00      0.00
    0.00      0.00
    0.00      0.00
    0.00      0.00
    0.00      0.00
    0.00      0.00
    0.00      0.00
    0.00      0.00
    0.00      0.00
    0.00      0.00
    0.00      0.00
    0.00      0.00
    0.00      0.00
    1.64     26.16
    0.00      0.00
   21.26     53.04
   13.32      1.39
    0.72      0.00
    0.00      0.00
    0.00      0.00
    0.68      0.00
    0.00      0.00
    0.00      0.00
    0.00     14.83
  647.66    191.77
  672.22    506.25
  641.38    571.65
 1063.79    620.46
  625.53    262.17
  436.07    300.59
  459.84    579.43
  414.08     23.30
  478.88    987.31
  406.13    143.97
  477.82    719.33
  552.38    647.37
  208.80    165.04
  451.90   1340.02
  318.93    480.34
  331.25    348.99
  289.56   1178.39
  365.89   1072.97
  623.05    228.52
  285.27   1074.25
  520.06    310.26
  480.75    246.07
  393.96    192.70
  359.22     51.78
  372.50    565.82
  216.36    502.52
  347.38    276.78
  241.47    158.22
  291.69    804.69
  334.27    147.11
  364.44    326.40
  336.35    292.93
  313.74     85.05
  231.63    234.61
  196.73    211.24
   97.61    139.32
  243.18    220.23
  187.08    105.48
  211.28    133.00
  176.95     42.34
  113.89    114.82
  136.04     56.93
  107.55     54.21
   63.09     23.58
  103.46     73.55
   51.82     36.99
   87.88     49.40
   34.78     61.84
   81.82     15.74
   78.37     24.25
   86.43     17.67
   12.64      3.47
    5.51     14.13
    0.00      0.74
    0.00     14.37
   29.52     29.52
   14.44      0.00
    0.72      0.72
    0.71     14.37
   29.37    103.20
   74.97     18.71
   75.35     60.01
   15.82     14.44
   29.46     28.86
    1.44     28.74
   59.95     74.31
   59.14     17.02
    0.72      0.00
   14.37     14.43
   30.20     43.25
   29.98     29.96
   74.51     74.98
   16.29     30.18
   29.59      1.44
    0.00      0.00
   14.43     14.37
   15.10     45.78
   29.59     15.09
   29.58     30.18
   29.21     30.24
   15.57     15.09
   43.89     58.33
   29.21     17.22
   45.98     59.08
   15.15     14.37
   43.89     16.52
   43.23     30.30
   15.10      1.45
   29.48     58.36
    0.72     43.79
   45.83     30.24
   87.87     73.89
   16.46     44.60
   74.12     30.28
   46.14     32.79
   15.09     15.08
   29.96     15.16
   46.91     32.45
    0.72      0.00
   15.58      0.00
   15.59     30.60
   14.79      0.71
   29.16     15.87
   16.31      0.72
    0.00     14.79
   15.51     16.45
   30.36     31.09
   15.58      0.00
    2.81     15.59
    0.00      0.00
   29.88    105.57
  108.51     34.88
   60.88     45.48
    1.37     14.87
   30.37     29.95
   45.67     59.45
   47.37     48.24
   46.23     16.48
    0.00      0.00
   31.03     29.71
   30.57     29.64
   59.43     90.26
   47.27     31.77
   29.70     15.51
    0.00      1.44
    0.00     14.79
   29.63     17.16
    0.71     15.44
   30.42     30.30
   29.89     16.95
   15.05     14.78
   14.78     31.09
   14.84     15.51
   75.96     61.08
   14.79     31.08
   16.29     30.29
   16.32     15.52
   89.66     60.68
    0.72      1.44
   16.94     14.84
   44.41     60.71
   15.77     30.30
   31.08     31.08
   14.85     30.51
   59.98     75.55
   75.57     47.00
   46.65     46.08
    1.76     15.50
   76.74     17.75
   15.71     30.86
   16.23     29.42
    2.17      0.00
   31.57     16.46
   15.71      0.71
    0.00     14.79
   30.49     31.29
   30.78     14.43
   16.44     30.76
   32.15     30.80
    4.21      2.12
    0.71      0.00
   45.93    107.33
   95.99     34.39
   45.88     31.67
   16.42     15.04
   30.82     45.21
   32.28     45.71
   60.95     48.16
   16.48      0.72
   29.99     30.11
   16.44     30.05
   30.88     46.73
   61.65     62.39
   17.34     30.72
   30.84      1.44
    0.00      0.00
    0.00     14.99
   30.69     17.26
    1.44     30.71
   31.59     31.45
   30.95     16.44
   15.16      0.72
   15.79     15.00
   30.75     32.87
   15.72     15.77
   30.77     30.77
   15.71     45.04
   31.55     31.43
   30.05     15.79
   76.55     33.72
    0.72      0.00
   15.72     44.85
   30.73     45.66
   30.01     16.44
   30.77     30.77
   30.77     60.87
   30.79     60.09
   46.49      3.60
   62.27     62.38
   16.50     15.51
   61.70     30.10
   45.85     18.59
    2.15     30.20
   15.71      0.71
   33.08      2.16
   15.10     15.81
    0.00     15.10
   16.60      0.00
   45.93     78.41
   30.27      0.71
   15.82      2.08
    2.11      0.65
   31.65     92.77
   81.41     19.43
   46.75     31.68
    2.09      0.00
   30.98     46.82
   46.80     33.08
   16.55     16.46
   46.82     31.04
   16.54     15.16
    1.43     15.08
   46.67     47.49
   18.04     15.82
   15.16     30.20
   15.17      1.44
    0.00      0.00
   15.82     15.76
   15.17      2.17
   15.16     45.30
   31.03     16.54
    1.45     15.82
    0.00     15.10
   15.80      1.37
    1.44      1.37
   15.10     30.26
   30.28     16.62
   31.65     62.00
   31.02     30.29
   17.32     31.65
   46.16     16.62
   46.76     32.19
   15.10     30.26
    2.16      0.00
   16.55     31.03
   46.08     46.02
    0.72     15.82
   31.74     47.51
    0.72     30.21
   77.16     32.43
   31.68     17.18
   15.11     15.89
   46.77     31.77
   31.56     46.52
    2.09     17.14
   30.27     16.31
    2.87      0.00
    3.47      2.75
    1.37      0.72
    2.09      1.37
    0.72      0.00
    1.31     17.20
   17.12     31.47
    2.75      5.36
    6.22      3.56
    4.12      1.44
    2.08      2.03
    1.37     17.67
    2.82      1.44
   15.70      2.03
    2.75      2.16
    1.31      0.72
    1.31      3.47
    3.47      2.75
    0.72      0.65
    0.72      0.65
    0.72      0.00
    0.00      1.30
    2.75      1.44
    0.00      1.31
    2.09      1.37
    1.37      0.65
    0.72      0.72
    0.72      0.65
    2.03      2.09
    0.00      0.00
    0.65      0.65
    0.65      1.44
    1.38      0.65
    1.31      2.82
    0.72      1.31
    1.37      2.03
    2.82      0.00
    2.03     16.50
    0.65      0.72
    0.72      0.65
    0.65      0.72
    1.37      1.37
    0.65     15.17
    1.37      3.33
    1.37      1.96
    4.12      1.44
    2.75      2.82
    2.09      1.44
    1.31      1.44
    1.37      0.72
    2.61     17.34
    0.00      1.31
    2.68      2.09
    0.72      2.03
    3.40      2.16
    1.44      1.31
    2.10      0.72
    0.65      1.31
    2.68      5.50
    4.71      4.86
    5.63      2.82
    1.96      1.37
    1.37      2.09
    1.44      0.72
    1.96      2.10
    0.72      2.03
    2.09      2.03
    2.75      2.09
    1.37      1.37
    2.03      1.44
    0.00      0.00
    0.00      0.00
    1.37      2.03
    0.72      0.00
    1.31      2.09
    1.37      0.72
    0.65      1.37
    1.36      0.72
    0.00      1.31
    1.44      0.00
    0.00      0.65
    0.65      0.65
    0.72      1.37
    0.72      1.31
    2.75     16.54
    0.72      0.00
    2.61      4.12
   18.00      1.43
    0.00      0.65
    2.08     15.82
    0.00      0.65
    1.36      0.72
    2.09      0.00
    0.00      0.72
    0.65      0.00
    1.31      3.47
    0.65      2.61
    1.37      3.40
    3.54      0.72
    2.03      1.37
    1.44      2.03
    0.72      0.00
    1.31     16.44
    2.82      0.72
    1.37      2.03
    3.40     16.44
    2.03      3.47
    0.72      0.65
    2.77      2.68
    4.20      2.68
    5.43      5.58
    2.09      3.40
    3.54      0.72
    2.75     15.71
    0.65      2.75
    2.75      0.72
    1.31      2.75
    3.46      2.10
    0.72      0.72
    2.08      2.68
    0.72      0.00
    0.00      0.00
    0.65      1.37
    1.37      0.72
    0.65      2.02
    1.44      0.65
    0.72      0.00
    0.65      1.37
    1.37      0.00
    0.65      1.44
    0.00      0.00
    0.00      0.65
    1.31      0.72
    0.72      0.72
    1.31      2.75
    0.65      1.37
    1.44      1.31
    2.03      2.09
    2.09      0.72
    1.37      0.72
    0.00      0.00
    1.30      1.37
    0.65      2.09
    0.72      0.00
    0.72      0.00
    0.00      1.31
    0.00      0.00
    2.75      2.75
    1.31      2.75
    2.68      2.09
    2.09      2.09
    1.37      0.72
    3.40      1.37
    2.03      2.82
    0.65     16.48
    4.19      2.75
    0.65      1.44
    2.08      0.72
    1.30     16.47
    4.46      5.25
    1.96      4.19
    4.84      3.40
    5.56      4.21
    2.09      1.37
    1.37      1.37
    2.68      2.09
    0.72      2.68
    4.77     17.26
    0.72      0.72
    1.31      1.37
    1.36      1.44
    0.72      0.00
    0.00      0.65
    1.37      1.37
    2.03      0.65
    0.72      1.44
    0.65      0.72
    0.65      0.65
    0.72      2.03
    1.44      0.00
    0.00      0.00
    0.00      0.00
    0.00      1.31
    0.65      1.37
    2.17      1.31
    1.37      0.72
    0.65      0.72
    2.02      1.37
    2.03      2.82
    0.68      0.65
    0.72      0.00
    0.72      0.65
    0.00      0.65
    2.03      1.44
    1.37      0.72
    0.00      0.00
    0.00      0.00
    1.31      2.09
    0.00      1.96
    1.37      1.31
    1.78      3.16
    3.47      1.37
    2.09      2.75
    0.72      1.96
    2.09      0.00
    3.33      3.54
    2.88      2.03
    1.37      0.72
    0.65      0.00
    1.37      3.40
    2.16      1.96
    4.05      5.49
    4.84      4.05
    4.77      4.28
    0.72      1.31
    2.03      2.09
    4.84      2.82
    2.03      2.75
    2.09      0.72
    0.00      0.65
    2.68      2.75
    1.43      0.72
    0.65      0.65
    1.37      1.44
    0.00      1.30
    2.09      1.37
    0.72      0.00
    0.65      0.65
    0.72      0.72
    1.31      1.44
    0.00      0.00
    0.00      0.00
    0.00      0.00
    0.00      0.65
    2.68      2.16
    0.65      1.37
    0.65      0.65
    0.72      2.68
    2.10      1.37
    1.44      0.00
    2.03      0.72
    0.00      0.72
    0.00      0.00
    1.31      2.09
    0.00      0.65
    1.37      0.72
    0.72      0.00
    0.00      1.31
    0.00      0.00
    2.10      1.37
    1.31      0.72
    1.31      2.82
    1.44      1.96
    1.96      2.16
    3.40      2.09
    2.16      2.68
    3.33      2.82
    0.00      0.72
    1.37      0.65
    2.75      2.10
    3.33      4.26
    0.65      1.37
    4.05      4.19
    1.37      3.33
    4.05      4.21
    4.91      1.31
    4.05      4.84
    2.75      3.54
    1.37      1.37
    2.09      0.00
    0.65      0.72
    1.37      2.09
    0.00      0.65
    1.37      1.37
    1.37      1.37
    2.03      1.44
    0.65      0.72
    0.00      0.65
    1.37      0.72
    0.72      1.31
    1.37      0.72
    0.00      0.00
    0.00      0.00
    0.00      0.65
    0.65      2.03
    1.44      0.65
    0.72      0.65
    1.37      1.37
    2.68      2.16
    1.38      0.72
    0.65      2.03
    0.00      0.00
    1.44      0.00
    0.00      1.31
    0.65      0.00
    1.44      0.72
    0.65      0.72
    0.65      0.72
    0.65      0.00
    0.65      2.75
    0.00      0.65
    1.37      1.31
    1.37      1.44
    2.16      1.31
    1.31      2.68
    2.03      3.47
    3.47      3.40
    2.16      0.00
    1.37      0.72
    2.03      3.98
    0.72      1.37
    4.19      1.31
    4.91      4.84
    1.37      0.72
    1.31      2.75
    4.05      4.86
    4.84      4.12
    3.99      4.19
    3.54      1.37
    0.72      2.03
    1.37      1.37
    1.37      0.65
    1.43      0.72
    0.65      1.37
    1.37      0.72
    0.65      2.03
    1.44      0.65
    1.37      0.00
    1.37      2.09
    1.31      1.44
    0.00      0.00
    0.00      0.00
    0.00      0.00
    0.00      0.00
    0.00      0.65
    2.61      2.16
    1.37      1.37
    0.00      1.37
    2.03      2.75
    0.72      0.65
    1.44      0.65
    0.72      0.00
    2.03      1.44
    0.00      0.00
    0.65      0.65
    0.65      1.44
    0.72      0.65
    0.00      0.00
    0.72      0.65
    0.65      1.37
    0.72      0.00
    2.03      1.37
    0.72      1.37
    1.96      2.16
    0.72      1.31
    2.09      1.37
    2.61      3.47
    2.75      2.82
    1.37      0.65
    0.65      2.75
    4.71      0.72
    2.09      3.53
    2.61      4.91
    1.44      0.65
    2.68      2.03
    1.44      2.75
    3.33      4.79
    6.28      4.85
    4.77      4.19
    1.38      0.72
    2.03      1.44
    0.65      0.72
    0.65      1.37
    1.37      0.65
    1.37      2.09
    0.65      0.65
    2.10      1.44
    0.65      0.72
    0.65      1.37
    0.72      1.31
    1.44      0.00
    0.65      0.72
    0.00      0.00
    0.00      0.00
    0.00      0.00
    0.65      1.96
    0.72      1.37
    1.44      0.00
    2.03      2.75
    2.68      0.72
    0.72      1.44
    1.30      1.37
    0.00      1.37
    0.72      0.00
    0.72      0.65
    0.00      0.65
    1.37      0.72
    1.37      0.00
    0.00      0.72
    0.00      0.00
    1.31      1.37
    1.31      2.09
    0.00      0.72
    1.44      1.96
    1.31      1.44
    2.10      2.03
    1.44      1.96
    2.03      2.09
    0.72      0.65
    3.47      1.37
    2.03      6.08
    1.37      1.37
    4.26      2.61
    4.26      1.44
    1.37      1.37
    1.31      2.10
    0.65      1.31
    5.29      7.59
    9.04      6.37
    2.09      1.37
    1.37      1.31
    0.00      1.37
    0.71      0.65
    3.47      1.44
    0.65      1.37
    1.37      2.03
    0.72      0.65
    1.37      1.37
    1.37      1.37
    1.37      0.00
    2.60      1.44
    0.00      0.00
    0.00      0.00
    0.00      0.00
    0.00      0.00
    1.31      2.10
    0.65      0.72
    1.37      0.72
    0.65      1.37
    1.37      2.68
    1.99    164.24
  378.44     54.60
   68.96     38.48
   76.08     12.89
   20.27      0.72
   25.94     20.03
    0.00      0.00
    0.00     25.01
   12.68      0.00
    0.00     13.26
   25.77     21.19
    0.00      0.00
   31.60     31.85
   51.55     41.64
   74.91     24.95
   46.93     32.43
   53.00     68.24
   64.39     36.81
   83.31    123.11
  139.11     93.46
   71.32    127.05
   64.04     68.01
   49.50     46.91
   93.85     93.99
  110.20     46.82
   68.32     76.87
   58.13     43.60
   36.86     65.77
   18.06     39.46
   38.18     31.85
   20.63      0.00
    0.00      6.90
   26.46      1.64
   67.56     78.50
   25.15     26.73
    0.73      0.00
   23.77     19.63
   19.36      5.36
   34.72     25.47
    0.72      0.00
   35.31      6.82
    0.00     14.11
   59.89     19.96
    0.00     23.19
    0.00      0.00
   25.15     13.84
    0.00     25.75
    0.00      0.00
   22.55     15.04
    2.74      0.00
   19.02     19.84
   28.39     69.62
   47.00     27.23
   14.65     27.13
   36.71      8.59
    6.36      2.16
    2.16      0.00
    1.44      0.00
    0.00      0.00
    0.00      0.00
    0.00      0.00
    0.00      0.00
    0.00      0.00
   15.16     15.09
    0.00      0.00
   14.37     14.43
    0.72      0.00
    0.00      0.00
    0.00     14.37
   15.17      0.72
    0.00      0.00
    0.00      0.00
    0.00      0.00
   28.80     28.80
    0.00      0.72
   29.47     28.87
    1.44      0.00
   30.20     43.86
   29.50     15.14
   15.15     15.10
   14.20     14.26
   15.09     14.43
    0.72      0.00
    0.00      0.00
    0.00      0.00
    0.00      0.00
    0.00      0.00
   14.37     15.17
   30.90     15.79
    0.00      0.00
    0.00      0.00
   14.38      0.71
    0.00      0.00
    0.00      0.00
    0.00      0.00
    0.00      0.00
    0.00      0.00
    0.00      0.00
    0.00      0.00
   15.09     17.13
    5.64     13.78
   17.23     18.19
   21.98     24.67
   15.67     10.86
    7.62     24.30
   42.24     26.96
   11.79      6.36
    4.78      5.64
    6.29      1.44
    2.89      0.72
    0.72      0.00
    0.72      0.00
    0.00      0.00
   14.85     14.79
    0.00      0.72
    0.00      0.00
   14.79     15.50
    1.45      0.00
    0.00      0.00
    0.00     14.79
   16.27      0.71
    0.00      0.00
    0.00      0.00
    0.00     14.79
   29.64     15.57
    0.00      0.00
   30.30     30.44
    2.82     15.17
   44.42     45.94
   16.29     15.51
   14.79     14.85
    1.13      0.41
   15.51     14.85
    0.00      0.00
    0.00      0.00
    0.00      0.00
    0.00      0.00
    0.00      0.00
   30.29     31.07
   14.79     15.17
    1.46      0.00
   14.80     14.44
    0.72      0.00
    0.00      0.00
    0.00      0.00
    0.00      0.00
    0.00      0.00
    0.00      0.00
    0.00      0.00
    1.31      1.44
   22.69     21.13
    9.42     10.54
   15.71     21.27
   12.68     14.53
   13.73     11.34
    6.15     20.51
   22.00      9.64
    5.23      7.80
    9.10      7.45
   20.15     20.48
    2.61      3.54
    4.33      0.65
    4.84      2.16
    0.00     14.99
   16.49      0.72
    0.00      0.00
    0.00      0.00
   15.40     16.11
    1.45      0.00
    0.00      0.00
   15.00     15.71
    0.73      0.00
    0.00      0.00
    0.00     14.99
   15.05      0.72
   14.99     15.78
    0.72      0.00
   31.36     31.47
   31.51     30.79
   30.77     31.51
    0.72      0.00
   14.99     15.05
   15.72     15.05
    0.72      0.00
    0.00      0.00
    0.00      0.00
    0.00      0.00
    0.00      0.00
    0.00     14.99
   45.70     18.60
    1.45      0.00
    0.00      0.00
   14.99     15.57
    0.72      0.00
    0.00      0.00
    0.00      0.00
    0.00      0.00
    0.00      0.00
    0.00      0.00
    2.09      1.31
    3.05      8.55
   22.14     21.01
    8.23      9.98
   15.32     17.11
   12.73     11.44
   10.36      7.79
    7.14      4.57
    6.72      4.91
    4.91      5.29
    6.83      6.35
    9.82      2.16
    0.00      6.74
   22.14     20.70
    5.10      2.88
    5.38      1.31
    4.12      0.72
    3.38      1.44
    1.61      0.00
    1.61      0.00
    0.00      0.00
    0.89      0.00
    0.00      0.00
    0.00      0.00
    0.00      0.00
    0.00      0.00
    0.00      0.00
    0.00      0.00
    0.00      0.00
    0.89      0.00
    0.00      0.00
    0.00      0.00
    0.00      0.00
    0.89      0.00
    0.00      0.00
    0.00      0.00
    0.00      0.00
    0.00      0.00
    0.00      0.00
    0.00      0.00
    0.00      0.00
    0.00      0.00
    0.00      0.00
    0.00      0.00
    0.00      0.00
    0.00      0.00
    0.00      0.00
    0.00      0.00
    0.00      0.00
    0.00      0.00
    1.31      2.10
    2.68      2.82
    7.25      7.14
    4.64      6.27
    9.34      8.82
   10.41     13.16
   11.57     10.56
    7.25     10.48
    7.07      2.16
    1.31      3.99
    3.26      2.88
    4.91      8.04
    5.22      5.05
    5.77      2.75
    3.33      4.19
    3.40      2.61
    1.96      6.28
    6.94      2.88
    0.00      0.65
    2.16      0.65
    1.96      2.16
    0.00      0.00
    1.44      0.00
    0.00      0.00
    0.00      0.00
    0.00      0.00
    0.00      0.00
    0.00      0.00
    0.00      0.00
    0.00      0.00
    0.00      0.00
    0.00      0.00
    0.00      0.00
    0.00      0.00
    0.00      0.00
    0.00      0.00
    0.00      0.00
    0.00      0.00
    0.00      0.00
    0.00      0.00
    0.00      0.00
    0.00      0.00
    0.00      0.00
    0.00      0.00
    0.00      0.00
    0.00      0.00
    0.00      0.00
    0.00      0.00
    0.00      0.00
    0.00      0.00
    0.00      0.00
    0.00      0.00
    0.00      0.00
    0.00      0.00
    0.00      0.00
    0.00      0.00
    0.00      0.00
    0.00      0.00
    0.00      0.00
    0.00      0.00
    0.00      0.00
    0.00      0.00
    0.00      0.00
    0.00      0.00
    0.00      0.00
    0.00      0.00
    0.00      0.00
    0.00      0.00
    0.00      0.00
    0.00      0.00
    0.00      0.00
    0.00      0.00
    0.00      0.00
    0.00      0.00
    0.00      0.00
    0.00      0.00
    0.00      0.00
