      h_eth1      
 KB/s in  KB/s out
    0.00      0.00
    0.00      0.00
    0.00      0.00
    0.00      0.00
    0.00      0.00
    0.00      0.00
    0.00      0.00
    0.00      0.00
    0.00      0.00
    0.00      0.00
    0.00      0.00
    0.00      0.00
    0.00      0.00
    0.00      0.00
    0.00      0.00
    0.00      0.00
    0.00      0.00
    0.68      0.68
    0.00      0.00
    0.00      0.00
    0.00      0.00
    0.00      0.00
    0.00      0.00
    0.00      0.00
    0.00      0.00
    0.00      0.00
    0.00      0.00
    0.00      0.00
    0.00      0.00
    0.00      0.00
    0.00      0.00
    0.00      0.00
    0.00      0.00
    0.00      0.00
    0.00      0.00
    0.00      0.00
    0.00      0.00
    0.00      0.00
    0.00      0.00
    0.00      0.00
    0.00      0.00
    0.00      0.00
    0.00      0.00
    0.00      0.00
    0.00      0.00
    0.00      0.00
    0.00      0.00
    0.00      0.00
    0.00      0.00
    0.00      0.00
    0.00      0.00
    0.00      0.00
    0.00      0.00
    0.00      0.00
    0.00      0.00
    0.00      0.00
    0.00      0.00
    0.00      0.00
    1.36      0.00
    0.00      0.00
    0.00      0.00
    0.00      0.00
    0.00      0.00
    0.00      0.00
    0.00      0.00
    0.00      0.00
    0.00      0.00
    0.00      0.00
    0.00      0.00
    0.00      0.00
    0.00      0.00
    0.00      0.00
    0.00      0.00
    0.00      0.00
    0.00      0.00
    0.00      0.00
    0.00      0.00
    0.00      0.00
    0.00      0.00
    0.00      0.00
    0.00      0.00
    0.00      0.00
    0.00      0.00
    0.00      0.00
    0.00      0.00
    0.00      0.00
    0.00      0.00
    0.00      0.00
    0.00      0.00
    0.00      0.00
    0.00      0.00
    0.00      0.00
    0.00      0.00
    0.00      0.00
    0.00      0.00
    0.00      0.00
    0.00      0.00
    0.00      0.00
    0.00      0.00
    0.68      0.00
    0.00      0.00
    0.00      0.00
    0.00      0.00
    0.00      0.00
    0.00      0.00
    0.00      0.00
    0.00      0.00
    0.00      0.00
    0.00      0.00
    0.00      0.00
    0.00      0.00
    0.41     26.18
    0.00      0.00
    0.00     25.77
    0.00      0.00
   14.50     12.88
    8.32     14.43
   25.76      0.00
   24.86      3.73
    0.00      0.00
    0.73      0.00
    0.00      1.11
    0.00      0.00
  168.85    250.72
  154.08    127.01
  236.06    249.42
  111.60     85.89
  125.00     81.16
  154.61    153.05
   48.30     63.38
  109.20     51.98
   41.32      1.58
   47.14      5.15
    4.43      0.72
    1.58      0.00
    0.00      0.00
    0.73      0.00
    0.00      0.00
    0.00      0.00
    0.00      0.00
    0.68      0.00
    0.00      0.00
    0.00      0.00
    0.00      0.00
    0.00      0.00
    0.00      0.00
    0.00      0.00
    0.00      0.00
    0.00      0.00
    0.00      0.00
    0.00      0.00
    0.00      0.00
    0.00      0.00
    0.00      0.00
    0.00      0.00
    0.00      0.00
    0.00      0.00
    0.00      0.00
    0.00      0.00
    0.00      0.00
    0.00      0.00
    0.00      0.00
    0.00      0.00
    0.00      0.00
    0.00      0.00
    0.41      0.41
    0.00      0.00
    0.00      0.00
    0.00      0.00
    0.00      0.00
    0.00      0.00
    0.00      0.00
    0.00      0.00
    0.00     14.37
   14.44     14.38
   14.43      1.44
    0.00     28.74
   28.86      0.00
    0.00      1.44
    0.00      0.00
   14.37     15.08
   15.73     15.08
    1.45     14.36
   15.08     15.08
    0.00      0.00
    0.71      0.00
   29.53     15.14
    0.00      0.00
    0.00      0.00
    0.00      0.00
    0.72      0.00
    0.00      0.00
    0.00      0.00
    0.00      0.00
    0.00      0.00
    0.00      0.00
    0.00      0.00
    0.00      0.00
    0.00      0.00
    0.00      0.00
    0.00      0.00
    0.00      0.00
    0.00      0.00
    0.00      0.00
    0.00      0.00
    0.00      0.00
    0.00      0.00
    0.00      0.00
    0.00      0.00
    0.00      0.00
    0.00      0.00
    0.00      0.00
    0.00      0.00
    0.00      0.00
    0.00      0.00
    0.00      0.00
    0.00      0.00
    0.00      0.00
    0.00      0.00
    0.00      0.00
    0.00      0.00
    0.00      0.00
   86.56    101.97
  136.73    219.91
  194.72    244.14
  281.47    271.79
  245.81    182.36
  143.48     76.22
  181.38    191.70
  115.54     76.58
   93.34     42.83
   70.57      3.17
   76.55     22.25
   26.68     16.96
    1.45      0.00
   16.97     16.24
    0.00     14.79
    0.73      0.00
    0.72      0.00
   29.64     15.57
    0.00      0.00
    0.00      0.00
    0.00      0.00
    0.72      0.00
    0.00      0.00
    0.00      0.00
    0.00      0.00
    0.00      0.00
    0.00      0.00
    0.00      0.00
    0.00      0.00
    0.00      0.00
    0.00      0.00
    0.00      0.00
    0.00      0.00
    0.00      0.00
    0.00      0.00
    0.00      0.00
    0.00      0.00
    0.00      0.00
    0.00      0.00
    0.00      0.00
    0.00      0.00
    0.00      0.00
    0.00      0.00
    0.00      0.00
    0.00      0.00
    0.00      0.00
    0.00      0.00
    0.00      0.00
    0.00      0.00
    0.00      0.00
    0.00      0.00
    0.00      0.00
   14.43     29.36
   15.05     16.43
    0.00      0.00
   15.78     29.44
   28.08     44.41
   60.34     17.27
    0.00      1.44
   14.37     14.43
   15.08     15.82
    0.00     28.73
   15.70     16.43
   29.36     30.87
   30.98      2.17
    2.90     14.99
   14.98      0.71
    0.72     14.99
    0.71      0.00
    0.00      0.00
   15.04      0.72
   14.99     15.77
    0.00      0.00
    0.00      0.00
    0.72      0.00
    0.00      0.00
    0.00      0.00
    0.00      0.00
    0.00      0.00
    0.00      0.00
    0.00      0.00
    0.00      0.00
    0.00      0.00
    0.00      0.00
    0.00      0.00
    0.00      0.00
    0.00      0.00
    0.00      0.00
    0.00      0.00
    0.00      0.00
    0.00      0.00
    0.00      0.00
    0.00      0.00
    0.00      0.00
    0.00      0.00
    0.00      0.00
    0.00      0.00
    0.00      0.00
    0.00      0.00
   55.76     62.98
  134.68    205.78
   91.26    152.37
  194.34    260.42
  204.52    181.28
  213.14    164.59
  124.82    150.79
  222.67    147.34
  212.69    127.24
  130.59     24.45
   47.91     20.13
   19.71      3.88
   15.60     14.84
    1.45      0.00
   14.79     15.58
    0.72     29.88
   15.09     30.58
   29.90     17.04
   18.18      1.13
   32.03     17.24
    0.00      0.00
    0.74     15.09
    1.45      0.00
    0.68      0.00
   15.88      0.72
   15.09     15.15
    0.00      0.00
    0.00      0.00
    0.00      0.00
    0.72      0.00
    0.00      0.00
    0.00      0.00
    0.00      0.00
    0.00      0.00
    0.00      0.00
    0.00      0.00
    0.00      0.00
    0.00      0.00
    0.00      0.00
    0.00      0.00
    0.00      0.00
    0.00      0.00
    0.00      0.00
    0.00      0.00
    0.00      0.00
    0.00      0.00
    0.00      0.00
    0.00      0.00
    0.00      0.00
    0.00      0.00
    0.00      0.00
    0.00      0.00
    0.00      0.00
    0.00      0.65
   15.77     30.73
   14.42     29.45
   15.74     15.16
   28.84      0.72
    0.72      0.72
    0.00     31.29
   30.02     43.75
   45.96     60.44
    0.00      0.00
   43.84     17.88
   15.14      0.00
   32.23     16.48
    0.00      0.00
   14.99     15.70
    1.37     16.36
    0.65     16.37
    0.72      0.00
   32.20     16.42
   16.35      1.43
    0.00      0.00
    1.44      0.65
    0.00      0.00
    0.00      0.00
    0.72      0.00
    0.00      0.00
    0.65      0.72
    0.00      0.00
    0.00      0.00
    0.00      0.00
    0.00      0.00
    0.00      0.00
    0.00      0.00
    0.00      0.00
    0.00      0.00
    0.00      0.00
    0.00      0.00
    0.00      0.00
    0.00      0.00
    0.00      0.00
    0.00      0.00
    0.00      0.00
    0.00      0.00
    0.00      0.00
    0.00      0.00
    0.00      0.00
    0.00      0.00
   41.36     47.83
  140.44    238.78
  141.92    171.76
  151.48    204.50
  294.91    178.47
  204.52    100.21
   71.33     50.04
  110.32    166.09
  103.00     62.48
   72.27     17.31
   53.50     28.93
   29.18     33.46
   45.62      3.54
    1.44     30.29
   29.57     31.08
   15.83     46.15
   29.68      1.44
   17.24     15.89
   31.08      1.43
    0.00      0.00
    1.37      1.37
   15.75     32.27
    0.72     15.08
    0.00      0.00
   33.07     16.54
   15.08      2.88
    0.71      0.00
    1.37      0.72
    0.72      0.00
    0.00      0.65
    0.00      0.00
    0.00      0.00
    0.00      0.00
    0.72      0.00
    0.00      0.00
    0.00      0.00
    0.00      0.00
    0.00      0.00
    0.00      0.00
    0.00      0.00
    0.00      0.00
    0.00      0.00
    0.00      0.00
    0.00      0.00
    0.00      0.00
    0.00      0.00
    0.00      0.00
    0.00      0.00
    0.00      0.00
    0.00      0.00
    0.00      0.00
    0.00      0.00
    0.00      0.00
    0.00      0.65
    1.44      1.30
   46.10     74.81
   29.49     44.76
   46.09      0.72
    0.72     16.43
   15.00     30.07
   15.06      2.03
    2.16     14.37
   16.44      2.05
   15.09     15.14
   15.87      0.00
   14.36     45.11
    0.72      0.00
   30.60     31.37
   30.10     30.70
    0.72      1.44
    2.81      0.72
   30.77      0.72
    1.37      1.37
    0.65      0.72
    0.65      2.75
    0.72      0.00
    0.00      0.65
    1.37      1.31
    1.37      1.44
    1.37      0.72
    1.44      0.00
    0.00      0.00
    0.65      0.72
    0.00      0.00
    0.00      0.00
    0.00      0.00
    0.00      0.00
    0.00      0.00
    0.00      0.00
    0.41      0.00
    0.00      0.00
    0.00      0.00
    0.00      0.00
    0.00      0.00
    0.00      0.00
    0.00      0.00
    0.00      0.00
    0.00      0.00
    0.00      0.00
    0.00      0.00
   15.57     26.47
  205.16    269.95
   74.66    152.04
   83.11    203.94
  203.72    195.75
  202.82    150.49
  225.98    150.87
  235.01    212.37
  192.34     89.83
  133.88     67.11
  121.81     62.47
   62.97     37.32
   52.49     41.85
   12.57      2.46
   27.53     18.70
    0.00      0.00
   16.40     15.73
   14.85      0.00
   14.80     45.79
    0.72      0.65
   15.77     31.67
   45.44     32.37
    1.44      0.00
    2.89      0.65
    0.00      0.00
   30.98      2.82
    0.72      0.00
    2.03      2.03
    0.00      0.72
    0.00      0.65
    2.02      2.09
    0.72      0.00
    0.00      0.65
    2.09      0.72
    0.00      0.00
    0.00      0.00
    0.72      0.00
    0.00      0.00
    0.00      0.00
    0.00      0.00
    0.00      0.00
    0.00      0.00
    0.00      0.00
    0.00      0.00
    0.00      0.00
    0.00      0.00
    0.00      0.00
    0.00      0.00
    0.00      0.00
    0.00      0.00
    0.00      0.00
    0.00      0.00
    0.00      0.00
    0.41      1.06
    1.44      1.31
   46.03     46.18
    1.46     15.09
   28.78     15.79
   30.01     30.86
   30.81     44.48
   16.49     30.08
   15.08     30.73
   32.19     44.68
   15.16      1.37
   30.91      4.20
   18.05      0.72
    2.09      0.72
    0.00     15.00
    0.00      0.00
   15.01     15.06
    0.00      0.00
   15.06      2.03
   17.02     17.15
    0.65      1.37
    2.09      1.37
    0.72      0.65
    1.37      0.72
    1.37      1.30
    1.37      0.72
    0.72      0.72
    1.37      2.03
    1.37      0.72
    0.00      0.00
    2.09      2.03
    0.00      0.00
    1.37      0.00
    0.72      0.72
    0.00      0.00
    0.41      0.00
    0.00      0.00
    0.00      0.00
    0.00      0.00
    0.00      0.00
    0.00      0.00
    0.00      0.00
    0.00      0.00
    0.00      0.00
    0.00      0.00
    0.00      0.00
    0.00      0.00
   44.05     74.92
  102.25    130.88
   58.47    161.31
  165.77    235.97
   79.26    135.64
  251.85    225.60
  185.74    120.65
  196.17    128.04
  310.29    169.91
   50.18     23.09
  195.42    161.01
   23.96      8.43
   54.76     36.24
   14.09      4.03
   16.55     30.95
   31.68     47.42
   14.79     16.24
   30.36      1.43
   16.96      0.72
    1.44      0.72
    0.72     15.10
    0.00      0.00
   15.10     15.81
    0.00      0.65
   17.11      2.81
   16.53     16.52
    0.72      0.65
    1.37      0.72
    1.37      1.37
    0.72      0.65
    2.03      1.44
    0.00      0.65
    2.75      0.72
    0.65      1.37
    0.72      0.72
    0.00      1.31
    1.31      1.44
    0.72      0.00
    0.72      0.00
    0.72      0.00
    0.00      0.00
    0.00      0.00
    0.00      0.00
    0.00      0.00
    0.00      0.00
    0.00      0.00
    0.00      0.00
    0.00      0.00
    0.00      0.00
    0.00      0.00
    0.00      0.00
    0.00      0.00
    0.00      0.00
    0.00      0.65
   16.43     16.35
   17.27      2.09
    0.00     14.38
    0.00      0.00
   43.88     47.03
   14.37     15.17
   30.55     29.93
   32.14     59.64
    0.65      4.11
   32.32     17.26
   17.31      2.03
   15.64     16.42
   15.87      0.72
    0.72     29.98
   15.70     30.02
   30.01     32.26
   30.75      2.17
   16.42      1.44
    1.44      0.00
    0.74      0.00
    0.00      1.96
    1.31      1.43
    0.65      0.72
    3.47      1.37
    0.00      1.37
    1.37      0.72
    0.65      2.03
    0.72      0.00
    0.65      2.68
    0.72      0.00
    2.09      0.72
    0.72      0.65
    0.72      0.00
    0.65      1.37
    0.65      0.65
    1.37      1.44
    0.72      0.00
    0.72      0.00
    0.00      0.00
    0.00      0.00
    0.00      0.00
    0.00      0.00
    0.00      0.00
    0.00      0.00
    0.00      0.00
    0.00      0.00
  120.92    180.04
    0.00      0.74
  115.62    304.67
   68.30     76.10
  217.56    255.18
  181.41     99.26
  185.77    134.09
  195.87    121.26
  207.64    122.46
  174.86     82.65
  115.29     97.25
  100.78     35.06
   13.23      3.18
   40.89     66.20
   31.27     32.21
   15.57      1.37
   34.50     19.13
    1.44      0.00
   15.10     15.16
   15.59      0.72
    0.00     30.21
   15.82     30.91
   15.09     15.80
   47.44     18.05
   15.16      0.65
    0.72      1.37
    2.76      0.65
    2.09      2.81
    1.37      1.37
    1.37      0.72
    0.72      0.00
    0.65      0.72
    0.72      0.00
    1.31      2.09
    0.65      1.31
    1.31      1.44
    0.72      0.72
    1.44      0.00
    0.00      0.00
    0.65      1.37
    0.65      1.37
    0.65      1.37
    0.72      0.00
    0.72      0.00
    0.72      0.00
    0.00      0.00
    0.00      0.00
    0.00      0.00
    0.00      0.00
    0.00      0.00
    0.00      0.00
    0.00      0.00
    0.00      0.00
    0.00      0.00
    1.37      1.96
   15.74     15.80
    1.46     15.09
    0.72      0.00
   15.82      1.36
   15.17     30.74
   15.08     28.80
   30.13     16.45
   29.40     57.61
   31.46     19.90
   32.89     17.15
   31.69     17.85
   18.46     49.25
   15.72     15.06
   30.83      0.72
   17.24     16.44
    0.72      0.00
    0.65      0.72
   15.05      0.72
    0.00      1.96
    0.00      0.65
    0.65      0.72
    2.68      2.68
    2.50      3.23
    0.72      0.65
    2.76      1.37
    1.44      0.72
    2.10      1.37
    0.65      0.72
    0.00      0.65
    0.00      0.00
    0.72      1.31
    0.00      1.31
    2.68      2.16
    0.00      0.00
    2.16      0.65
    0.72      0.00
    0.00      0.00
    1.37      0.72
    0.65      1.37
    0.65      1.37
    0.00      0.00
    1.44      0.00
    0.00      0.00
    0.00      0.00
  110.43    144.12
   50.65     54.62
  150.31    210.67
  141.42    146.92
  117.13     66.81
  197.23    183.31
   81.44     79.29
  179.52    165.12
  124.34     58.03
  115.19     93.16
  120.39     63.76
   22.67     17.21
   39.88     17.96
   19.80      2.03
   15.45     31.03
   35.14     33.89
   30.53     61.77
   30.67     16.46
   34.49      2.88
   18.38     47.46
   15.81     15.15
   30.26     16.53
   32.53      1.44
    0.00     15.11
    0.72      0.00
    0.72      0.00
   15.81      1.37
    0.45      2.37
    0.65      0.72
    0.72      0.65
    5.43      5.56
    0.00      0.65
    1.37      1.37
    1.46      0.00
    1.37      0.00
    1.37      1.44
    0.72      0.00
    0.65      0.72
    0.00      0.65
    1.31      2.09
    1.31      1.37
    0.72      0.72
    1.37      0.65
    0.72      0.72
    0.00      0.00
    0.00      0.00
    0.72      0.00
    1.30      2.74
    0.00      0.00
    0.00      0.00
    1.44      0.00
    0.00      0.00
    0.00      0.00
    0.00      0.00
   28.73     30.16
    2.09     15.74
    3.47      1.37
   44.47     31.59
    0.00     15.03
   32.32     15.05
    0.00      0.72
    0.72     43.74
   29.41     30.91
   15.88      0.65
   17.08     18.47
   18.70      3.47
    2.10      0.72
   31.42     31.41
   31.94     63.58
    1.37     16.40
   16.51      0.72
   48.66      2.73
    1.37      2.10
    0.65      0.00
    2.82      1.44
    0.00      0.00
    0.00      1.31
    0.00      0.65
    1.37      0.65
    0.72      1.37
    2.03      2.75
    0.72      0.65
    1.31      1.44
    2.10      1.37
    2.75      2.75
    0.00      0.65
    1.37      0.72
    0.72      0.65
    2.91      0.72
    0.00      1.30
    0.72      0.00
    0.65      0.72
    2.09      2.03
    0.00      0.65
    1.37      0.72
    0.65      0.00
    0.72      0.72
    0.72      0.00
    0.00      0.00
    0.00      0.00
  146.76    192.67
  101.70    103.15
   92.28    149.90
   63.13     49.57
   63.17    127.21
  187.39    159.74
  150.67    149.57
  174.08    150.48
  209.94    146.16
  147.56     89.50
  110.16     64.99
  134.10     72.11
   57.43     27.33
   10.96     33.70
   24.81     21.01
   19.09     19.99
   48.40     17.68
    0.65     15.82
   16.29      2.68
   18.58      2.82
   30.95     46.92
   17.20     61.20
    0.72      0.65
   33.07      3.54
   17.19      2.10
   16.62      1.44
    0.00      0.00
    1.44      0.00
    0.65      1.37
    0.65      0.72
    0.65      2.03
    0.65      0.72
    1.37      2.03
    1.37      0.72
    1.37      1.37
    1.45      0.65
    0.65      1.37
    2.03      1.37
    0.65      2.10
    1.44      0.00
    0.65      0.72
    2.10      1.37
    1.31      1.44
    0.00      0.00
    0.72      0.65
    0.65      1.37
    0.65      1.37
    1.37      0.72
    0.00      0.00
    0.72      0.00
    0.72      0.00
    0.00      0.00
    0.00      0.65
    1.31      1.37
    0.65      1.37
    2.88      2.03
   46.26     46.63
   16.52     16.44
   17.69     16.25
    0.74     14.99
   15.00     43.80
   30.04     45.77
   17.16     15.82
   31.71      2.17
   15.09     16.33
    0.00     17.12
   19.99     19.18
   30.08     17.16
   33.71     16.43
   16.36     17.73
    2.75      1.37
   15.78      2.16
    2.75      1.44
    2.03      3.40
    1.31      3.40
    0.00      0.65
    3.40      0.72
    2.88      1.44
    0.72      0.65
    0.00      0.65
    0.72      0.65
    0.00      0.65
    2.03      2.10
    1.37      2.03
    1.37      0.72
    1.37      1.37
    1.44      0.00
    0.00      0.65
    1.56      0.65
    1.31      2.10
    0.65      1.37
    1.37      1.96
    1.44      1.38
    0.72      0.00
    2.03      1.44
    1.44      0.00
    0.72      0.65
    0.65      1.37
    0.00      0.00
   57.69     52.47
   46.28     75.68
   90.58    126.41
  133.38    140.88
  123.27     81.54
  115.34    140.71
  144.67     95.34
  122.42    148.34
  204.53    175.99
   80.86     53.62
  132.72     68.77
    7.66      0.00
  111.83     93.97
   27.31     22.76
   59.02     65.85
   28.31     18.70
   25.06      4.42
   20.49     20.63
    2.81     15.44
   17.61     32.78
   16.32      1.37
   31.35     17.92
   32.78     18.63
   15.76     15.82
    2.16      2.03
   15.89      2.03
    2.10      0.72
    3.33      4.12
    2.82      1.44
    0.65      0.72
    2.09      0.72
    1.37      0.72
    0.00      0.00
    0.65      2.03
    0.65      1.37
    0.65      1.37
    2.09      0.72
    1.31      1.44
    1.44      0.00
    0.65      0.65
    0.00      1.37
    0.00      0.65
    0.65      0.72
    2.09      1.37
    0.65      0.72
    2.03      2.03
    2.03      2.82
    0.00      0.00
    2.09      0.72
    0.72      0.00
    0.65      2.03
    0.65      0.72
    0.00      0.00
    1.44      0.00
    0.65      0.65
    0.65      3.40
    2.16      0.65
   46.01     61.71
   31.41     30.57
   62.28     64.52
   17.97      2.16
    0.65      1.37
   15.09     14.43
    0.00      0.00
    2.03      2.75
   29.48     30.18
    1.37     16.38
    1.37     17.68
    6.20      3.47
   17.89     18.47
   17.17     15.73
    1.44     16.37
   15.71     17.75
   17.89      1.37
    1.31      2.16
   32.15      3.55
    1.37      2.03
    1.96      3.40
    2.03      2.10
    1.44      1.36
    2.75      1.37
    1.44      1.37
    0.00      0.00
    2.09      1.37
    0.72      0.65
    0.00      0.65
    2.03      2.75
    2.03      0.65
    1.13      1.44
    1.44      0.00
    0.72      0.00
    0.00      0.00
    0.00      0.65
    1.31      2.75
    0.00      0.00
    0.00      1.31
    2.09      2.03
    0.72      0.00
    2.03      2.10
    1.43      0.65
   62.54     55.03
   42.78     74.29
   35.75     96.66
   71.56    129.26
  146.73    178.04
   77.99    102.48
  161.42    122.09
  104.99    145.20
  238.41    192.90
  147.97    110.34
  279.18    179.16
  106.93     35.48
   84.55     62.21
   75.97     44.59
    1.37      2.75
   64.09     40.42
    7.86      4.30
   28.44     28.10
   32.99     37.32
   30.12     36.92
    4.82     17.19
   28.33      3.83
    2.25     17.41
   16.53     17.78
    0.65     16.54
   15.80     15.74
   17.32      3.47
    0.00      1.31
   32.35      4.19
    2.03      0.72
    3.47      3.47
    2.10      0.72
    0.65      0.72
    1.37      1.37
    0.72      0.00
    0.00      0.65
    2.03      2.10
    0.65      2.03
    2.68      0.72
    0.72      1.44
    1.37      0.72
    0.72      0.00
    0.00      0.00
    0.00      0.65
    0.00      0.00
    0.65      0.72
    1.31      0.72
    0.72      0.72
    0.65      1.31
    1.31      2.10
    0.00      0.72
    1.37      1.37
    1.85      0.41
    1.31      1.31
    1.37      2.16
    2.03      3.33
    2.16      1.37
   19.43     31.50
   30.00     16.49
   17.18      4.13
   17.84     31.52
   15.65     74.57
   44.43     30.96
   30.86     15.89
   32.42     16.48
   17.76     16.53
   16.54      2.82
    1.37      2.61
   30.07     18.53
    4.84      2.16
    2.75     17.77
   32.80     32.78
    1.44      0.65
   15.81      2.75
    2.15      0.65
    1.44      1.31
    1.96      2.82
    2.10      1.37
    0.72      1.31
    2.75      2.75
    1.31      3.40
    4.12      2.16
    1.44      0.65
    2.03      1.37
    1.44      0.72
    0.00      0.65
    1.44      0.65
    0.00      0.65
    1.06      2.68
    3.40      2.16
    2.10      0.65
    0.72      0.72
    0.72      0.00
    0.72      0.00
    0.00      0.00
    0.00      0.65
    0.65      2.03
    0.00      0.00
    0.00      0.65
    1.42      0.64
   75.20    103.43
    0.65     27.14
  100.68    211.05
  121.55    145.19
   66.93    122.69
  151.76    177.34
  125.34     70.16
  133.80     66.59
  238.49    134.42
  142.31    124.44
  129.15     94.72
  103.95     67.57
   59.75     36.27
   92.85     84.08
   72.95     42.27
   67.74     70.14
   27.34     17.25
   50.33     30.80
   39.74     23.92
   18.93      6.28
   12.40      3.83
   35.44     18.70
    0.65      1.44
   15.74     29.88
   33.68     35.34
    0.00      0.65
    1.31      1.31
   17.67      3.54
    3.29      0.41
    1.31      2.75
    1.37      1.31
    1.31      4.12
    3.47      2.10
    2.03      2.10
    2.10      0.00
    2.03      1.44
    0.72      0.72
    0.72      0.00
    0.65      0.65
    0.00      2.68
    1.31      2.09
    2.75      1.44
    1.37      0.72
    1.37      0.72
    0.72      0.00
    0.00      0.00
    0.00      0.65
    0.00      0.00
    0.65      0.00
    1.31      1.44
    0.72      0.72
    0.65      1.37
    0.65      0.00
    0.00      1.37
    0.65      0.00
    2.84      4.05
    2.10      1.31
    3.40     18.51
    2.09     16.45
   15.56     30.52
   63.91     21.29
    3.39     33.68
    0.72      0.00
   15.16     29.37
   17.81     17.11
    0.72     15.09
   31.61     18.53
   32.22     19.29
   29.99     48.54
   16.44     18.40
   20.55      2.09
   19.89     20.62
   16.42      1.37
    2.88      2.03
   17.66      4.83
    1.44      0.00
   15.52     31.81
    2.75      2.75
    1.96      2.16
    1.43      1.31
   18.61      2.11
    0.00      1.31
    3.40      3.47
    1.31      2.03
    2.82      1.44
    2.10      2.68
    1.37      0.00
    1.44      0.72
    1.78      1.37
    0.72      0.00
    0.65      2.68
    0.65      1.37
    2.10      0.65
    0.72      1.37
    2.10      0.72
    1.37      0.72
    0.72      0.00
    0.00      0.00
    0.00      1.31
   83.31     95.24
   74.51    104.29
  101.06    182.66
  149.75    259.75
   75.50     86.99
  151.69     91.28
   64.77     73.16
   61.92     45.94
  192.73    103.03
  116.18     59.02
  133.85    134.26
   49.56     77.62
   55.90     38.00
   62.61     23.16
   11.77     18.63
   38.80     38.78
    6.33      3.58
   58.53     61.08
   28.02     49.71
    2.82      0.65
   29.32     20.46
   64.68     38.16
   19.22     50.37
   17.20      2.82
   45.05     24.83
   17.99     17.21
   45.09     29.60
    7.60      2.89
   44.62     23.26
    0.00      1.96
   26.56     18.82
   16.71     31.66
    2.82      1.37
    2.74      2.75
   16.49      2.76
    4.78      3.54
    2.16      1.37
    2.75      2.10
    1.37      0.72
    0.72      0.65
    0.65      0.72
    0.72      0.65
    2.03      1.37
    0.65      2.09
    2.09      0.72
    1.31      2.10
    0.00      0.65
    1.37      0.72
    0.72      0.00
    1.37      0.72
    0.00      0.65
    0.00      0.00
    0.65      0.00
    0.00      2.03
    1.37      0.72
    1.31      2.75
    2.77     15.03
   16.54     17.92
   17.82     17.90
   16.60     15.75
   46.01     47.15
   16.43     18.46
    4.11      3.47
    1.31     30.80
   14.37     30.82
   16.49      2.68
   32.98      3.54
    2.17     15.65
    3.47      1.37
   18.41      3.54
    1.44     47.09
    1.44     31.94
    1.37      2.68
   49.39      4.91
   35.71      6.30
    3.40      2.82
    2.03      3.99
    3.33      2.10
    3.60      2.82
    1.37      0.00
    1.44      2.68
    3.26      2.10
    0.72      2.16
   17.21     17.20
    0.72     16.76
   16.82      4.76
    2.75      1.44
    2.75      2.75
    6.75      2.09
    0.65      1.37
    2.09      0.00
    0.72      0.72
    0.00      1.31
    0.72      0.65
    1.31      2.75
    0.65      0.65
    2.16      0.72
    1.37      1.37
    2.08      0.72
    0.00      0.65
   87.42    125.83
   14.34      0.73
   70.25    239.15
   56.99     77.79
  134.78    157.08
   58.27    125.93
  102.75    152.51
  137.32     63.28
  135.37    105.10
  164.51     75.23
  120.09     65.99
  140.16    125.24
  131.51     61.81
  110.21     83.69
   93.76     42.44
   55.86     83.89
   39.13     22.61
   56.83     20.82
   27.21      5.21
    1.37     17.19
    5.89      2.89
    2.68      2.16
   18.58     18.93
    1.31     34.33
    4.05     33.02
   16.97      2.10
   33.95      3.47
   32.30      4.11
    3.40      3.54
    2.03      1.31
    2.09      2.16
    2.75      4.05
    2.03      1.44
    2.75      1.37
    2.82      1.37
    0.00      2.03
    2.68      3.47
    1.96      2.03
   19.12     20.62
    2.10      0.65
    2.03      2.82
    2.81      0.00
    1.44      0.72
    0.65      1.37
    0.72      0.65
    1.31      2.10
    1.44      0.65
    1.96      1.44
    0.00      1.37
    1.37      0.72
    1.38      0.72
    0.72      0.00
    0.00      0.65
    0.00      0.65
    0.41      0.41
    3.42      2.82
    0.65      1.31
   17.91     15.81
    2.68      4.19
    2.03     15.75
   17.85     33.64
   15.70     31.44
   47.24     45.92
   61.45     47.43
   19.36     17.90
    1.44     28.75
    0.00      0.65
   30.29     15.02
   15.10     19.12
    2.82      1.39
   18.48     18.52
   31.42      4.91
    4.19      4.71
    0.00      1.31
    6.86      4.12
    3.54     17.09
    4.12      4.12
    1.37      3.33
   15.80      2.03
    2.81      2.10
    4.13      2.10
    2.82      3.40
    1.37      2.68
    2.68      2.75
    4.84      2.87
    2.10      0.72
    0.65      1.96
    1.44      2.68
    2.37      4.12
    2.75      2.10
    4.19      2.75
   17.93     17.22
    2.10      2.10
    1.37      1.37
    0.00      0.00
    2.83      1.31
    2.75      2.82
    0.72      1.31
    0.00      0.00
   16.29     27.81
  100.76    146.03
  121.25    146.80
   61.85    133.35
   53.21     49.49
   11.74     51.02
   66.85     37.89
   63.10    109.45
  110.24     95.59
  125.38     54.32
   82.99     65.10
  103.23     53.78
   14.42     18.99
  133.06    131.33
  234.83    131.48
  115.53     77.71
   32.53     24.98
   17.67     14.86
   26.48     32.76
    2.10     15.52
    1.31      2.10
   30.41     17.53
    1.37     16.47
   18.25      3.46
    1.96     17.80
   74.97     28.35
    4.19      2.03
   49.80     33.70
   24.92      9.82
    2.75     16.55
   13.72     18.21
    1.31      3.40
   15.91      0.72
    2.10      1.44
    2.82      3.34
    3.99      4.78
    1.37      2.84
    2.82      1.37
    2.18      0.65
    2.10      1.37
    1.96      3.47
    4.78      4.19
    1.31      2.75
    2.75      1.44
    2.10      1.37
    1.44      0.65
    1.31      2.75
    1.37      2.03
    0.65      0.72
    3.54      0.72
    1.37      0.65
    1.31      1.44
    0.00      1.37
    0.65      1.31
    0.72      0.72
    0.74      0.00
    2.75      2.10
    0.72      1.96
    4.12      2.75
    2.03     17.19
   16.47      1.44
    2.75     31.56
   30.72     17.79
    0.72     29.77
   93.71     65.17
   20.38     19.30
    1.37      0.00
   17.04     19.28
   16.47     15.81
   16.61     16.38
    0.72      1.31
   30.70     45.75
    4.18      1.37
   15.72     17.11
   17.23      2.10
    0.65     19.65
   20.50      4.95
    2.09      4.07
   21.29      4.84
    2.82      2.03
    2.03      4.12
    3.47      2.10
    2.16      0.65
   16.16     16.22
    2.03      2.03
    0.72      3.34
    4.12      0.72
    2.03      3.54
    6.22      2.75
    1.72      4.21
    0.00      1.31
    2.77      4.05
    2.09      0.65
    2.82      2.75
    2.75      2.10
    4.19      2.10
    0.72      0.00
    1.37      1.37
    0.72      0.65
    2.61      4.12
   44.80     55.93
  115.90    170.58
   63.97    134.26
  125.92    200.63
   54.40     70.91
   57.71     70.78
   82.77     68.63
  102.29     96.22
   97.66     71.29
  164.05     77.68
   55.24     51.12
   66.48     30.94
   67.38     43.78
   82.12     53.76
   79.51    111.30
   84.49     66.32
  100.78     52.47
   44.11     21.17
   15.84     21.39
   43.88     45.54
   29.55      7.74
   20.35     17.68
   25.83     19.66
    2.03     15.75
   45.38     46.87
   27.93     21.07
   17.77     19.22
   43.75     28.74
   26.87     32.27
   17.19      4.21
   11.70      1.37
   21.31      6.92
    2.89      1.44
    2.68      3.47
    3.47      1.44
    2.03      2.16
   15.72     17.76
    1.37      2.03
    2.68      5.43
    2.82      0.00
    2.10      1.44
    2.75      4.07
    4.77      2.09
    2.37      3.22
    3.49      3.47
    3.40      2.82
    0.72      0.72
    2.10      1.37
    1.37      0.65
    0.00      2.05
    2.03      2.10
    0.72      0.00
    2.75      1.37
    2.03      2.09
    0.65      2.10
    0.65      2.03
    3.49     15.11
    1.37      3.40
   17.84      3.55
    4.92      1.37
   15.97     16.88
   15.15     33.54
   16.42      2.09
   45.92     76.87
   17.86     16.62
   49.41     33.71
   32.22     35.34
   16.32     19.99
   17.09      2.17
    1.36      0.72
    2.81      1.31
    2.03      3.40
    1.44     16.38
    2.09      2.03
   16.36     16.51
   17.87      2.75
    0.00      2.61
   18.19     18.97
    4.12      4.77
    3.16      2.37
    4.25      3.47
    4.19      3.42
    1.37      1.37
    2.18      1.31
   15.09     16.39
    2.75      3.40
    4.05      1.44
    2.10      2.10
    4.60      2.75
   17.85     16.60
    0.72      2.03
    2.68      3.47
    2.75      3.40
    0.65      1.96
    2.03      4.14
    4.84      4.77
    2.82      0.72
    4.21      2.10
    2.82      0.72
    0.71      0.00
  109.53      1.31
    0.65    157.47
    2.03      2.12
   68.66    279.98
   49.71     50.01
   73.37    122.87
   45.02     50.16
   96.96     75.68
  113.73     13.74
  105.58     74.69
  180.29    139.32
   57.12     29.95
  140.55    118.28
  108.00     72.69
  125.84     83.70
   60.73     82.98
  137.16     76.41
    4.98      2.17
   72.65     34.44
   33.04     42.39
   24.41     19.03
   26.87      2.82
   29.44     22.53
    2.81      1.96
   70.56     53.61
    1.37     16.69
   10.32      2.39
   19.15     20.68
   15.83      2.82
    3.47      1.37
   19.79     19.27
    3.34      4.19
    4.19      2.10
    2.03      1.46
    1.37      0.72
    0.74      1.37
    0.65      3.33
   15.44     16.87
    2.68      4.12
    4.06      2.82
    4.84      2.75
    2.16      2.09
    2.10      1.37
    1.37      2.03
    2.10      0.65
    4.64      6.29
    2.10      2.68
    3.98      3.56
    2.68      4.26
    2.18      0.00
    2.82      1.37
    0.74      0.65
    0.65      0.72
    1.37      2.68
    0.72      0.00
    2.77      2.75
    1.31      1.44
    3.47      3.33
    3.49      3.40
    3.40      3.54
   17.63     17.99
   15.78     31.37
    2.16      0.65
   32.79     32.11
   45.96     48.43
   16.16     31.30
    4.70     32.30
    4.11      4.19
   45.95     47.96
   18.50      4.12
   17.79      2.09
   15.88      4.19
    1.44      0.65
   31.39     32.90
    3.47      4.13
    2.82      0.72
    2.80      1.37
   15.44     18.17
    4.19      2.75
    2.10      3.33
    3.33      4.12
    2.88      1.37
   17.80     19.23
    3.61      1.37
    2.75      2.10
    1.37      0.65
    2.16      1.39
    1.46      1.31
    0.00      1.31
   17.04     17.82
    2.03      3.33
    3.47      1.44
    2.75      3.47
    4.12      2.10
    2.75      2.82
    1.44      3.26
    2.03      2.10
    2.75      3.33
    2.16      2.03
   19.65     29.23
  126.35    189.61
   20.23     29.30
   45.47    276.43
    3.01     26.25
   29.17     72.02
   51.46     78.03
   75.37    111.02
   76.82     76.31
  117.71    112.32
   78.29     32.29
  181.49     69.40
  112.55     45.23
   39.69     30.87
   58.66     65.47
  108.84     87.57
   96.59     59.20
  109.75     84.81
   70.97     84.94
   78.15     33.92
   16.92     20.20
   37.92     51.21
   32.45      2.08
   17.52      3.60
   35.57      2.18
    0.00      4.05
   16.75     17.66
   18.56     17.90
    1.44      0.00
    3.98      5.56
    2.09      2.03
   19.21     18.47
   27.07     21.97
    2.68      3.47
   31.99     28.76
   43.43     31.02
    1.31      1.37
   12.36      2.16
    2.94      0.65
    0.65      1.46
    2.77      2.68
    0.00      2.00
    2.61      3.54
   43.68     37.92
    2.06      2.57
   27.13     27.94
   29.35     29.38
    4.13      4.19
   13.73      2.16
   27.07     18.78
    2.10      2.75
    3.99      2.82
    0.00      2.82
    2.03      3.35
    3.47      2.16
    2.61      2.70
    3.64      2.18
    2.09      2.68
    2.03      3.40
    4.21      2.03
    2.68      2.16
    3.40      4.19
   17.62     17.11
    2.10      1.37
    3.47     32.13
   30.84     45.88
   33.49      2.75
    2.03      3.47
    5.36      4.98
   15.83     45.31
   15.75     17.20
   17.78     46.54
   18.55     17.81
   17.10     19.78
   16.55     19.79
   17.89      1.44
   35.06      4.12
   17.82      2.82
    2.75      2.10
   17.75     17.67
    3.40      2.75
    2.82      4.84
    2.10      2.03
    2.10      3.99
   19.89     19.36
    2.82      0.72
    2.88      1.31
    2.75      3.40
   15.53     14.86
    1.44      0.00
    1.44      2.61
    1.37      1.39
    0.65      2.68
    4.86      2.82
    2.75      2.10
    2.09      1.37
    2.03      2.10
    0.65      1.31
    1.37      4.05
    2.03     17.73
   66.53     83.07
   92.40    153.84
   18.09    103.80
    1.97    152.36
   48.10     85.41
   44.90     49.34
   38.69     28.62
   69.76    168.02
   57.87     58.73
  129.86     73.45
  110.74     35.01
  107.72     63.22
   72.89     45.76
   93.64     86.00
   69.63     27.12
  147.04    175.23
    6.96     19.75
   65.85     34.56
   71.28     53.97
   25.64     11.88
   55.07     48.36
   12.35      5.86
   73.80     56.83
    3.71     17.68
   44.73     73.82
   55.07     11.92
    5.28     49.59
   28.00      5.21
   44.52     24.16
   48.95      5.65
   27.74     30.82
   30.84     27.95
   19.23     17.26
   10.96      3.40
    7.05      6.93
    4.85      3.54
    4.12      2.16
   30.03     23.36
    0.65      1.37
   28.36     29.53
   22.91     14.52
   15.00     15.06
    9.61      1.96
    1.96      3.40
    5.49      3.56
    3.42      2.81
    2.16      2.03
    2.82      1.37
    1.52      1.37
    1.44      1.31
    1.96      2.75
    3.47      2.82
    2.03     17.54
    2.03      1.96
    4.79      4.91
   16.87      4.19
    2.09      0.72
    4.28      2.68
    2.68      3.40
    3.47      4.14
    4.12      2.04
    0.74      2.75
    4.71      5.58
    2.16      1.31
   32.88     63.08
   18.73     18.36
   19.28      2.15
   16.52     31.46
   32.42     31.47
    4.69      4.33
    1.38      0.65
   30.73     18.53
   16.52     15.80
    1.31      1.37
    1.31     19.12
   33.32     48.60
    2.82      2.61
   18.54     19.11
   32.90      6.29
    3.55      3.33
    0.72      1.31
   22.09      3.47
    4.78      4.12
    2.16      2.75
    3.40      1.44
    2.75      4.71
    4.12      5.43
   17.76     18.69
    2.88      0.00
    2.09      2.61
    2.82      2.09
    0.00      0.00
    2.89      0.00
    0.72     15.68
   15.10     17.11
    1.31      3.40
    5.50      2.11
   17.27      3.54
    3.47      0.65
   16.20     28.63
  133.51    150.16
    3.43    106.47
   16.53    180.23
    2.13     52.11
   50.35     51.93
   24.70     43.59
  143.70    255.44
   79.38     53.52
  148.39     38.14
   74.21     72.66
   80.18     33.81
  130.52    101.79
   40.37     39.42
   86.61     57.20
   41.79     17.46
   39.12     49.08
   41.03     43.37
   52.78     25.40
   36.24     77.75
  101.18     34.52
    5.05     16.48
   41.61     46.02
   18.64      2.75
   28.80     22.20
   57.81     37.91
   10.34     17.85
   30.79     30.32
   67.74     30.78
    1.37     47.75
    8.35      1.59
   55.74     17.90
   18.86     24.15
    3.39      4.19
    1.44      0.00
   20.89      4.00
    1.37      2.03
   28.46     26.05
   25.33     20.09
   54.23     51.52
   39.00     25.42
   30.66     29.46
   40.23     30.89
    2.10      1.44
    5.52      0.72
    5.51      0.65
    5.89      2.75
    1.96     18.26
    2.03      2.75
    4.27      3.49
   17.05      0.65
    2.10      2.10
    2.10      2.03
    1.31      2.03
    4.71      3.54
    1.44      1.44
    4.15      4.13
    0.65      1.96
    4.71      6.22
    2.75     19.23
    6.28      3.40
    4.14      3.54
   16.61     15.09
    2.82      2.03
   17.98     17.70
    2.76     19.74
   16.54      4.12
   16.46      2.75
   21.34     32.92
    2.83     17.05
   33.91     50.11
    4.00      4.98
   32.97     31.51
   45.83      4.91
    2.09      0.00
   15.03     31.53
    3.54      0.65
    1.31      2.10
   17.08     19.77
    4.26      1.37
    2.75      3.40
   17.13      6.87
    2.09     17.61
    2.10      3.40
   21.09     17.68
   20.57      5.57
    3.47      2.10
    1.37      1.96
    2.09      6.01
    1.44      0.65
    5.50      2.75
    4.84     19.06
    2.82      2.68
   17.10     16.43
   16.88      2.75
    2.16      0.72
    1.44     15.68
    1.37      1.31
    0.71      2.03
    3.47      2.75
   61.57     43.34
   88.07    167.69
   44.53     82.59
   32.49    183.10
   39.83     69.54
    2.02     54.24
   36.28     27.67
   15.33    132.76
   64.16    103.81
   47.25     84.99
  129.15    104.15
  143.47     38.56
  115.08     97.69
   88.38     26.19
   32.71     55.26
   70.28     56.10
  101.69     48.90
   64.97     30.27
   43.33     30.89
   81.41     62.63
    5.92      5.51
   53.25     59.96
   47.58     29.83
   18.73     16.90
   13.79      4.48
   34.15     31.39
   30.67      4.19
    0.00      0.65
   30.54     47.88
    5.49      4.19
    1.85     16.83
   45.13     22.69
    2.10      2.75
   29.76     31.46
   34.09     47.87
    1.85      2.50
   35.03     19.35
    5.34      1.37
   33.58     19.99
    6.17      4.19
    0.65      3.40
    3.47      2.03
    2.75      2.10
    3.47      2.82
    3.99     17.17
   43.01     39.33
   27.80     22.06
   42.29     29.50
   27.08     30.81
   57.32     42.46
   46.44     37.85
   41.19     20.69
   33.46     30.15
   38.56     24.22
    4.24      4.07
   13.84      4.48
   20.55      2.82
    1.44      4.85
    4.19      1.44
   18.60     18.37
    5.38      6.93
    2.68      4.91
    4.19      2.75
    3.47      4.06
    3.56      0.72
    4.25     16.40
    2.82     16.30
   15.16     19.72
   32.05     33.63
   15.78     15.82
   18.40     17.80
   20.54     22.14
   33.18      2.75
    0.74      4.05
    4.06      3.47
    4.12      2.75
    4.92     17.92
    1.37      0.00
    1.38      2.68
   32.84     21.29
    3.47      1.44
   17.49     18.27
   17.17     16.44
    3.40      5.36
    2.82      4.71
    4.84      1.44
    5.57      5.50
    3.40      2.75
    3.95      2.75
    1.38     18.80
   16.91      2.02
   18.59     17.93
    3.47      3.47
    4.18      2.75
    0.00      1.96
    4.26      2.03
    3.47      2.02
    1.37     17.21
    4.85      2.82
   17.01     28.48
  135.67    178.88
    3.38     29.05
   18.83    244.37
    1.38     15.73
   24.01     89.91
   44.23     51.42
  100.55    158.13
   75.38     79.42
   66.81     64.22
   83.85     50.81
  110.05     29.51
   53.04     35.22
   76.77     74.56
   63.88     74.58
  100.84     48.22
  102.12    100.45
   36.54     43.13
   81.35     69.06
   23.70     49.34
   36.37     73.05
  115.74     26.99
   69.50     29.45
  109.84     95.83
   39.45     31.43
   68.33     62.29
   61.41     40.24
   34.41     25.54
   32.71     30.14
   37.66     38.59
    6.32      4.36
   13.05      5.92
   17.28      2.03
   18.67     17.99
    2.75      2.03
   17.03     18.53
   19.17     19.38
    4.85      5.50
    6.09      2.82
    1.44      4.13
    4.85      2.17
    2.03      2.03
    4.06      3.53
    2.35     17.76
   16.39      4.20
    3.40      1.44
    4.80      3.47
    2.82      2.82
    2.03      1.44
    2.10      3.33
    1.96      2.75
    0.65      1.38
    5.50      6.22
    2.10      2.03
    3.40      1.37
    3.56      2.84
    2.75     16.91
    0.00     15.77
    4.12     20.30
   17.47      3.53
   21.63     21.91
   35.84      5.64
    2.10      1.38
    1.36      3.99
    6.17      6.15
   18.48     19.19
    3.54      3.34
    4.85     16.48
   18.01     15.10
   17.92     18.53
   15.72     15.11
    1.44      3.33
    3.40     33.32
    2.61     17.92
   47.62     17.92
   17.76     19.11
   33.01     49.98
   17.63      2.18
   19.78     19.90
   31.65      2.11
    2.09     18.86
   18.98      3.46
    2.16      1.96
    4.70      4.21
    4.12      3.54
    1.38      2.03
    4.14      3.99
    4.85      4.92
   18.58     19.88
    3.71      1.38
    5.63      4.91
    2.10      2.03
    2.82      3.33
    2.10      2.03
    1.31      2.03
    4.19      3.47
    2.10     17.79
   17.86      4.19
    1.37      2.03
    4.97      2.03
   46.67     76.13
  100.62    147.03
   29.32    103.56
   85.38    188.49
   17.08      9.54
   26.36     60.09
   56.11    104.26
    2.09    103.55
   85.09     39.93
   30.32     87.90
   35.34     15.03
   65.48     86.32
   51.69     30.12
  133.45     51.97
   71.71     64.09
   67.45     55.98
   83.65     11.76
  101.81     86.44
   21.35     21.39
   55.27     95.54
   58.06     41.77
   96.66     50.81
   97.99     49.92
   49.97     64.94
   53.56     40.70
   16.51     17.56
   12.23     20.69
   21.15     19.70
   49.39     18.06
   19.73     34.83
    2.68      2.17
   32.99     21.45
   58.53     24.66
   17.89     19.04
   50.61     44.51
   24.18      8.40
    2.80      3.42
   16.35      9.33
    4.19      1.44
    4.14      6.08
    2.68      4.19
    5.43      2.16
    4.19      2.10
    1.44      1.44
    1.31      2.03
    2.68      4.12
    1.38      1.44
    2.75      2.03
    4.07      4.19
    2.61      3.54
    2.10      2.10
   27.85     22.66
    1.38      2.68
   28.48     30.91
   76.41     67.87
    2.75      2.68
   38.12     31.43
   35.95     15.30
    4.91      2.75
   12.38      2.03
    5.58      4.19
   19.81     37.80
    1.31      1.44
    4.72      3.40
   21.44      6.95
    7.04     17.80
   17.22     34.25
    4.91      4.05
   32.94      6.31
    4.20      2.10
    1.78     31.14
   21.44      2.89
   30.22     18.19
   47.23     50.78
   19.16     21.30
    2.84     16.55
   17.31      1.31
    2.77     18.47
    3.40     32.73
    2.75     17.15
   35.03     19.20
    0.65      4.12
   34.35      4.79
    2.75     17.08
   18.18      4.12
    2.77      4.21
   49.81     32.76
    0.65      5.29
    4.12      3.54
    5.54      3.98
    4.12      3.49
    5.56      6.21
    4.08      4.12
    2.75      2.82
    2.89      1.31
    2.10      2.03
    2.09      2.03
    2.82      2.03
    1.31      3.40
    1.44      1.96
  102.73    108.25
    3.54     54.33
   33.25    181.77
   17.17     82.17
   24.46     56.32
   42.68     97.07
   32.01    127.69
   33.05     40.92
   34.02     31.39
   52.05     65.27
   53.97     54.70
   46.16     57.36
   88.03     35.51
  157.98    105.46
   64.58     79.99
  102.87     64.25
   39.20     43.87
  147.07    135.39
   25.50     26.08
   69.44     85.64
   56.56      8.04
   42.22     54.73
   85.97     31.49
   68.62     60.91
   31.52     24.77
   80.17     62.82
   36.95     58.73
   56.23     42.79
   82.01     28.58
   29.68     47.01
   39.09     25.83
    4.11     17.28
   15.70     20.46
   18.65     19.63
   16.53      1.96
   18.56      6.30
   18.55     16.49
    2.12      4.05
   17.54      4.85
   50.76     40.68
   14.92      6.89
   36.97     46.51
   31.38     12.07
    4.77      2.09
   15.82      5.13
    2.83      1.44
    2.03      3.40
    1.31      1.44
    2.75      2.09
    1.44      1.31
    2.61      2.68
    2.70      3.61
    1.96      2.81
    3.61      1.38
    0.65      1.96
    3.42      4.23
    3.99      6.24
    4.87      3.99
    2.05      4.12
    4.84     20.29
    9.62      6.29
    2.17      0.72
   16.25      2.75
    6.29      4.71
    4.12      5.49
   18.33     18.56
   17.65     21.04
    6.29     19.17
   17.06      2.74
    2.17      1.46
    4.86     33.77
    2.68     19.28
   33.37     18.57
    5.57     18.49
   20.60     17.91
   16.53     17.25
   15.16     15.66
   33.30     19.63
   30.66     35.65
   19.26     17.10
    4.87     16.24
   17.83      4.05
    2.09      6.16
   20.45      3.47
    2.16      1.37
    2.75      4.06
    3.42     16.45
    1.37      2.77
    3.47      3.26
    5.43      7.59
   17.99      3.47
    2.03      2.68
   21.98     20.01
    4.81      6.22
    4.19      3.40
   18.34     18.92
    2.03      2.77
    4.19      1.37
    5.68      3.64
   17.72     28.54
   75.58    102.16
    2.84     52.04
   59.71    154.05
    3.41     28.18
   62.39    126.03
    4.82     29.03
    0.65    182.47
   28.60     30.73
   24.09     95.69
   69.87     59.16
  102.11    118.33
   49.04     21.51
   80.90    111.45
  133.48     74.28
  129.80     54.94
  163.12    127.89
   36.61     26.89
  119.11     84.95
   62.51    101.56
  129.55     52.88
   42.98     47.86
   67.01     53.47
   72.00     71.96
   54.44     33.42
   37.27     63.18
   58.89     10.54
   22.27     63.53
   33.52     33.51
   42.13     44.76
   62.63     30.73
   66.39     10.21
   57.86     37.84
   29.41     21.62
    2.68     17.75
   18.98      4.91
    5.64      1.37
   18.61      3.47
    2.75      1.44
    2.03      4.71
    2.68     17.87
    3.47      3.49
    5.36      4.26
    4.29      4.71
    2.68      4.78
    4.78      3.47
    4.06      2.82
    4.26      3.47
    2.68      3.40
   19.06     20.64
    1.37      1.46
    2.10      1.37
   16.46      1.53
   13.61     23.80
   16.88      3.69
   14.85     30.79
   30.84     29.90
    2.75      2.03
   13.74      2.91
    4.94      3.40
    7.67      4.88
    3.47      5.43
    0.72      2.03
    4.71      4.78
    5.64     20.54
    4.21     17.07
    3.47      4.19
    7.01      6.08
   32.37      3.47
    2.68      3.47
    2.16      3.35
    4.34     16.45
   19.95      4.86
   20.71     63.78
    3.35     35.79
   33.07     18.44
   37.18      7.81
   33.84      2.17
   17.92     32.25
   16.83     32.01
    2.03     19.79
   33.67     33.00
   19.19     30.81
   33.11      5.43
   18.60      2.75
   19.63     21.14
    3.40      6.21
    7.69     17.91
   17.09      4.85
    2.82      2.03
   18.64      2.75
    3.47      2.82
    4.12      4.71
    1.96      3.40
    4.19      2.77
    2.03      4.84
    4.28      2.03
    4.71      5.50
    2.82      2.03
   29.69     27.87
   33.12     54.59
    5.61     29.92
   98.16    124.53
   17.39    106.11
    4.39     81.38
   26.60    160.56
   45.83     81.20
   35.53     30.17
   45.98     64.35
   16.33    116.94
   61.41     78.19
   53.18     84.69
   63.35     32.83
   64.54     72.51
   19.37     31.32
  167.55     92.88
   51.02     29.13
   68.54     69.24
   63.71     37.57
   42.97     43.63
   91.51     67.31
   44.36     55.58
   31.92     77.70
   74.90     33.28
   49.79     38.95
   51.63     31.16
   23.28     83.33
   47.32     19.09
   81.14     58.76
   25.45      7.30
   46.29     43.74
   52.68     55.70
   12.05     17.78
   12.34     18.96
   20.03     34.08
   17.85     19.28
   35.56      7.64
   17.87     19.26
   18.61      2.82
    5.57      4.06
   17.92      4.12
    6.01      4.27
    4.33      3.47
    3.40      2.03
    1.31      4.85
    4.12      2.10
    4.06      5.45
    3.47      2.82
    0.74      0.72
    4.84      2.09
    2.68      4.06
    0.65      3.47
   27.80     23.33
   24.02     20.10
   28.09     28.28
   31.38     26.29
   30.62     24.66
   14.97      6.00
   29.55     31.57
   32.29     15.90
    6.18      4.13
   12.30      5.59
    5.63      3.48
    4.12     18.79
    3.54      4.13
    2.82      1.31
    3.47      6.74
   19.05     17.13
    1.46      2.03
    3.34      4.85
   34.42     20.62
    4.06      2.91
    2.75      3.47
    4.35     17.06
    5.59      3.47
   18.53     35.03
   20.87     38.08
   33.93     22.68
    4.98     32.11
   49.95      5.67
   21.22     49.81
   18.55      4.12
   33.01     31.64
    4.20      3.40
   48.65     22.02
    2.14      2.03
    4.20     20.35
    2.10      2.03
    8.27     19.92
   18.46      4.19
    2.84      4.71
   17.84      5.43
    6.81      5.64
    3.54      3.40
    3.47      2.03
    4.19      4.13
    4.19      2.75
    2.75      3.40
    0.71      0.64
   97.69    117.11
   17.22     56.49
   35.76    209.92
    2.76     54.15
    3.40     80.05
   23.88     31.35
   24.54    120.18
   44.70    103.17
    4.55     88.07
    4.08     14.39
   62.59     25.63
    6.80      5.45
   73.94     78.20
   31.35     38.44
   93.66     78.09
  104.07     69.61
   42.12      8.49
   83.95     82.96
   64.56     53.86
   68.77     74.28
  142.95     66.62
   17.07     32.66
   75.24     58.28
  101.55     27.61
    8.07     28.25
   60.22     11.24
   53.63     73.85
   22.46     36.94
   68.97     38.98
   48.96     28.39
   20.25     40.33
   16.62     17.14
   81.79     43.53
   57.99     24.59
   51.34     62.46
   64.77     37.05
   65.06     46.48
   26.39      5.34
   71.15     49.07
   24.94     19.08
   23.94     35.33
   14.52     17.21
    7.66      3.34
   46.36     26.73
    4.86      3.47
   29.83     32.96
   29.99     28.97
    3.40      3.47
   13.07      1.44
    7.81      6.96
    2.10      2.03
    2.11      1.37
    3.40      2.12
    5.00      4.85
    2.68      3.40
    4.23      3.49
    3.40      2.10
    2.12      2.68
    2.68      3.47
    3.47      4.80
   19.75     21.96
    6.19      3.56
    1.96      3.47
    7.68      4.95
    3.40      4.12
    3.61      1.96
    2.12     16.76
    1.44      3.33
    4.13      4.78
   20.94      3.53
    2.16      3.42
    1.44     30.13
    2.77     16.24
   19.58      4.78
   33.02      9.06
    2.77      2.75
   19.94     17.17
    2.75     17.78
   21.12     25.46
   34.37     75.94
   17.59     19.71
   35.93      3.53
   34.40     21.87
   23.30     23.43
    2.82      5.59
   20.07     17.13
    4.96      3.42
    3.56      2.68
   16.46     19.06
   19.00     16.35
    2.10      3.47
   20.57     17.93
    8.77     10.35
    3.42      6.15
   20.67      2.82
    4.19      4.77
    1.31      2.70
    6.36      2.68
    3.44      3.46
   18.26     28.27
  116.85     26.68
    1.36    197.18
   33.55    208.51
   39.47     59.20
   12.44     28.94
    5.57     57.23
   24.60    170.17
    5.09     38.63
   28.61     37.41
    4.12      4.16
   39.33     33.95
   36.86     51.90
   59.44     14.42
   63.77     63.31
  129.69    161.27
   29.93     13.08
  126.87     61.83
  136.39     77.02
   67.71     67.11
  113.27     71.69
    3.65     14.31
   36.95     35.56
   33.41      4.45
   91.61     75.39
   40.94     24.36
   98.04     80.28
   50.49     54.86
   49.73     39.85
   42.86     60.23
   71.01     37.75
   64.84     59.77
   89.33     23.17
   34.35     58.73
   26.79      5.42
   81.90     31.88
   21.96      7.44
   15.04      7.25
   31.01     16.55
    2.68     17.64
    2.68      2.86
   20.86     20.04
   17.02      6.07
   29.20     39.83
   20.57     22.42
   33.45     31.44
   32.92     27.82
   21.60      5.04
   41.77     24.72
    6.23      5.55
   27.07     30.92
   14.28      2.03
   17.93     16.53
    1.37      2.68
   11.68     17.47
   25.54      6.32
    2.03      3.40
    9.05      6.24
    5.50      3.65
    2.68      4.85
    3.51      2.10
    2.20      1.96
    4.08      4.87
    4.08      4.86
    5.30      6.16
    4.91      5.61
    5.93      2.51
    3.61      4.05
    4.19      2.68
    0.00      2.03
   16.11     17.71
    2.89      1.31
    2.68     19.22
    3.42     18.43
    1.37      2.75
   20.89     17.87
   37.02     21.50
    3.54     19.19
   18.27      4.12
   18.47      6.21
   18.36      4.26
    7.75     34.26
   32.84     63.06
   18.54      6.21
   35.80     21.42
    6.24      6.08
    7.75     20.44
    4.94      2.82
    4.31      3.34
   19.26      4.87
    4.89      3.99
   18.28     19.06
    0.65     17.03
    4.21      2.77
   18.49     19.22
   24.59      7.52
    3.40      6.29
    6.30     21.79
    6.24      6.22
   48.90      6.21
   57.49     87.65
   16.42     72.64
   71.63    134.83
    6.68    103.78
    4.86     54.28
   21.40    121.59
    4.22     94.38
   41.44     62.55
   16.72     55.29
   50.52    124.30
   87.87     47.99
    8.85      4.14
   29.20     15.00
   56.89     57.65
   71.95     53.20
   56.89     49.07
   64.06     42.52
   12.49      4.33
   55.86     35.35
   33.43     23.25
   56.52     28.47
   40.71     51.44
   44.09     36.44
   65.69     81.89
   57.66     51.37
   76.07     69.67
   55.51     76.09
   65.22     51.69
  104.38     42.32
   27.58     24.28
   68.58     20.43
   48.15     24.19
    3.36      4.56
   44.10     80.02
   70.12     49.96
   86.29     57.33
   50.41     42.62
   18.63      4.37
    4.06     43.65
   30.61      5.11
   30.22     16.55
   24.03     20.83
   31.66      3.52
    5.70      5.43
   18.43     19.85
    2.03     20.55
    8.27      5.60
   20.70     20.69
    5.62     19.88
    5.43      2.82
   29.89     24.16
   39.90     20.67
   29.85     31.57
   29.36     21.71
   20.29     21.07
   12.44      3.13
    2.16      2.68
    5.51      4.84
   11.11     32.63
   23.00      6.18
    5.45      9.05
    4.89      2.03
   19.63      6.32
    6.33      2.84
    3.47      3.33
    8.37      6.23
    2.03      4.80
    5.43      6.90
    5.31      1.44
    2.77      2.75
   18.66     16.55
    1.37      0.65
    1.38      2.10
    2.10      1.37
    1.37     19.00
    4.07      4.84
    2.77      2.77
    4.94     30.09
   18.51     20.69
   22.20     35.76
   20.58     22.46
   47.47     21.46
   37.22      4.27
    4.94      4.85
    2.82      6.02
    6.76     10.23
   35.76     35.56
   20.44     32.26
   37.77     20.56
   19.87     19.26
    2.16      1.31
    6.34      2.03
    7.60      4.71
    3.33      2.82
   20.43     19.60
    7.93      4.12
   10.71      7.65
   19.88     20.69
   29.20      4.39
   62.38     75.93
    3.42     62.31
    7.23     85.27
   69.78    135.26
   11.08     19.77
   52.40    109.61
    8.05     79.18
   50.88    130.16
    3.47      2.77
    2.70    114.96
   26.56     26.59
   56.06     57.97
   25.30     82.76
   58.11     60.65
   50.53     79.14
   21.30     25.15
  118.61     46.88
   61.23     32.14
   38.48      4.19
  110.06     29.36
   37.42     24.77
   65.57     53.53
   35.08     28.87
   74.08     59.34
    1.36      9.18
   21.91      8.34
   29.89     21.86
   24.59      4.14
   45.02     60.74
   53.60     40.67
   23.16     48.27
   51.63     62.86
   68.63     58.91
   79.75     52.38
   93.75     72.30
   49.99     19.44
   93.40     57.10
   76.35     51.07
   19.75     11.67
   54.77     34.70
   61.04     57.52
   39.06      7.09
   69.87     55.58
    5.93     15.04
   28.60     29.41
   30.72     15.25
    6.08      7.61
   15.79     24.63
   20.56      3.54
    5.45      3.56
    4.21      4.14
    4.93      2.10
    2.77      2.82
    4.13      3.34
    6.90      9.71
    4.64      6.30
    4.23      4.06
    8.11     21.42
    3.58      2.77
   20.62     20.69
   17.17      2.74
    4.82      2.10
    2.74      4.82
   30.52     28.26
    3.42      4.73
   30.65     47.29
   31.60     17.77
    5.57      3.49
   17.09     21.34
   19.32      5.02
    6.22      5.50
   20.05      2.18
    2.84      2.10
    3.40      3.47
    0.00      1.31
    3.61      1.06
    2.09      3.99
    2.03     31.46
    4.14      3.54
   33.26     17.62
   19.22      2.17
    4.82     38.99
   34.83     39.15
    5.63      4.71
   33.91     34.77
   38.55     20.62
    4.92     17.69
   50.06     40.84
    6.91      6.80
   21.39     17.85
    3.56     19.27
    6.45      3.99
   20.99      4.99
    4.20      2.75
   20.24      4.25
    2.82      4.78
   16.10     18.91
    3.19      0.00
    0.71      0.00
    0.00      0.00
    0.00      0.00
    0.00      0.00
    0.00      0.00
    0.00      0.00
    0.00      0.00
    0.00      0.00
    0.00      0.00
    0.00      0.00
    0.00      0.00
    0.00      0.00
    0.00      0.00
    0.00      0.00
    0.00      0.00
    0.00      0.00
    0.00      0.00
    0.00      0.00
    0.00      0.00
    0.00      0.00
    0.00      0.00
    0.00      0.00
    0.00      0.00
    0.00      0.00
    0.00      0.00
    0.00      0.00
    0.00      0.00
    0.00      0.00
    0.00      0.00
    0.00      0.00
    0.00      0.00
    0.00      0.00
    0.00      0.00
    0.00      0.00
    0.00      0.00
    0.00      0.00
