      h_eth1      
 KB/s in  KB/s out
    0.00      0.00
    0.00      0.00
    0.00      0.00
    0.00      0.00
    0.00      0.00
    0.00      0.00
    0.00      0.00
    0.00      0.00
    0.00      0.00
    0.00      0.00
    0.00      0.00
    0.00      0.00
    0.00      0.00
    0.00      0.00
    0.00      0.00
    0.00      0.00
    0.00      0.00
    0.00      0.00
    0.00      0.00
    0.00      0.00
    0.00      0.00
    0.00      0.00
    0.00      0.00
    0.00      0.00
    0.00      0.00
    0.00      0.00
    0.00      0.00
    0.00      0.00
    0.00      0.00
    0.00      0.00
    0.00      0.00
    0.00      0.00
    0.00      0.00
    0.00      0.00
    0.00      0.00
    0.00      0.00
    0.00      0.00
    0.00      0.00
    0.00      0.00
    0.00      0.00
    0.00      0.00
    0.00      0.00
    0.00      0.00
    0.00      0.00
    0.00      0.00
    0.00      0.00
    0.00      0.00
    0.00      0.00
    0.00      0.00
    0.00      0.00
    0.00      0.00
    0.00      0.00
    0.00      0.00
    0.00      0.00
    0.00      0.00
    0.00      0.00
    0.00      0.00
    0.00      0.00
    2.04      0.68
    0.00      0.00
    0.00      0.00
    0.00      0.00
    0.00      0.00
    0.00      0.00
    0.00      0.00
    0.00      0.00
    0.00      0.00
    0.00      0.00
    0.00      0.00
    0.00      0.00
    0.00      0.00
    0.00      0.00
    0.00      0.00
    0.00      0.00
    0.00      0.00
    0.00      0.00
    0.00      0.00
    0.00      0.00
    0.00      0.00
    0.00      0.00
    0.00      0.00
    0.00      0.00
    0.00      0.00
    0.00      0.00
    0.00      0.00
    0.00      0.00
    0.00      0.00
    0.00      0.00
    0.00      0.00
    0.00      0.00
    0.00      0.00
    0.00      0.00
    0.00      0.00
    0.00      0.00
    0.00      0.00
    0.00      0.00
    0.00      0.00
    0.00      0.00
    0.00      0.00
    2.05      0.00
    0.00      0.00
    0.00      0.00
    0.00      0.00
    0.00      0.00
    0.00      0.00
    0.00      0.00
    0.00      0.00
    0.00      0.00
    0.00      0.00
    0.00      0.00
    0.00      0.00
    0.41     26.16
    0.00      0.00
    0.00     25.75
    0.00      0.00
    0.00      0.00
   22.57     21.43
    0.00      0.00
   12.87      0.00
   25.89      1.43
    0.00      0.72
    0.00      1.11
    0.00      0.00
  128.08     78.78
  127.39    226.37
  112.59    162.46
  234.61    237.15
  183.91    128.69
   77.73     81.99
  156.58     84.04
   86.55     27.18
   38.31      4.43
   12.40      0.72
    2.30      0.00
    0.00      0.00
    0.72      0.00
    0.00      0.00
    0.00      0.00
    0.00      0.00
    0.00      0.00
    0.68      0.00
    0.00      0.00
    0.00      0.00
    0.00      0.00
    0.00      0.00
    0.00      0.00
    0.00      0.00
    0.00      0.00
    0.00      0.00
    0.00      0.00
    0.00      0.00
    0.00      0.00
    0.00      0.00
    0.00      0.00
    0.00      0.00
    0.00      0.00
    0.00      0.00
    0.00      0.00
    0.00      0.00
    0.00      0.00
    0.00      0.00
    0.00      0.00
    0.00      0.00
    0.00      0.00
    0.00      0.00
    0.00      0.00
    0.00      0.00
    0.00      0.00
    0.00      0.00
    0.00      0.00
    0.41      0.41
    0.00      0.00
    0.00      0.00
    0.00     14.36
   14.37     14.42
    0.72      0.00
   15.81     15.85
   14.43      0.72
    0.00      0.00
    0.00     14.37
    0.00     28.74
   29.59      0.72
   29.47     30.98
    0.72      0.00
   14.37     15.17
   15.79      1.45
    0.00      0.00
    0.00      0.00
    0.72      0.00
    0.00      0.00
    0.00      0.00
    0.00      0.00
    0.00      0.00
    0.00      0.00
    0.00      0.00
    0.00      0.00
    0.00      0.00
    0.00      0.00
    0.00      0.00
    0.00      0.00
    0.00      0.00
    0.00      0.00
    0.00      0.00
    0.00      0.00
    0.00      0.00
    0.00      0.00
    0.00      0.00
    0.00      0.00
    0.00      0.00
    0.00      0.00
    0.41      0.00
    0.00      0.00
    0.00      0.00
    0.00      0.00
    0.00      0.00
    0.00      0.00
    0.00      0.00
    0.00      0.00
    0.00      0.00
    0.00      0.00
    0.00      0.00
    0.68      0.00
   54.63     62.70
  264.52    349.51
  288.39    209.71
  344.94    362.54
  156.94     81.82
  147.46    130.53
  101.48     21.29
   20.76      0.00
    3.52      0.72
    0.73     29.58
    0.00      0.00
   29.69     16.23
    0.00      0.00
   30.30     30.36
    0.00      0.00
   16.16     15.58
   14.84      0.72
    0.00      0.00
    0.00      0.00
    0.72      0.00
    0.00      0.00
    0.00      0.00
    0.00      0.00
    0.00      0.00
    0.00      0.00
    0.00      0.00
    0.00      0.00
    0.00      0.00
    0.00      0.00
    0.00      0.00
    0.00      0.00
    0.00      0.00
    0.00      0.00
    0.00      0.00
    0.00      0.00
    0.00      0.00
    0.00      0.00
    0.00      0.00
    0.00      0.00
    0.00      0.00
    1.36      0.00
    0.00      0.00
    0.00      0.00
    0.00      0.00
    0.00      0.00
    0.00      0.00
    0.00      0.00
    0.00      0.00
    0.00      0.00
    0.00      0.00
    0.00      0.00
    0.00      0.00
   15.08     14.42
   46.57     73.78
    0.72      1.44
    0.00      0.00
   58.40     59.61
    0.71     15.09
   30.23     15.79
   15.07     15.81
   15.15      0.00
    0.00     30.70
    0.72      0.00
   30.08     16.42
    0.00      0.00
   14.99     15.05
   16.43     15.69
    0.00      0.00
   30.69     16.50
    1.45      0.00
    0.00      0.00
    0.00      0.00
    0.72      0.00
    0.00      0.00
    0.00      0.00
    0.00      0.00
    0.00      0.00
    0.00      0.00
    0.00      0.00
    0.00      0.00
    0.00      0.00
    1.36      0.00
    0.00      0.00
    0.00      0.00
    0.00      0.00
    0.00      0.00
    0.00      0.00
    0.00      0.00
    0.82      0.00
    0.00      0.00
    0.00      0.00
    0.00      0.00
    0.00      0.00
    0.00      0.00
    0.00      0.00
    0.00      0.00
    0.00      0.00
    0.00      0.00
    0.00      0.00
    0.00      0.00
  149.12    222.00
  258.49    283.15
  337.48    352.07
  272.84    223.97
  226.05    140.12
  122.12     11.24
   46.43    118.25
   29.52      0.72
  128.90     87.79
   44.43     21.20
   34.77     15.52
    5.26     15.53
   14.14      0.72
   16.29     30.93
    1.46      0.00
   31.80      1.44
    0.00     15.10
   15.11     15.17
   14.45      0.00
    2.09     16.54
    0.72      0.00
   30.17     16.59
    1.39      0.00
    0.00      0.00
    0.00      0.00
    0.72      0.00
    0.00      0.00
    0.00      0.00
    0.00      0.00
    0.00      0.00
    0.00      0.00
    0.00      0.00
    0.00      0.00
    0.00      0.00
    0.00      0.00
    0.00      0.00
    0.00      0.00
    0.00      0.00
    0.00      0.00
    0.00      0.00
    0.00      0.00
    0.00      0.00
    0.00      0.00
    0.00      0.00
    0.00      0.00
    0.00      0.00
    0.00      0.00
    0.00      0.00
    0.00      0.00
    0.00      0.00
    0.00      0.00
    0.00      0.00
   14.99     15.05
   32.94     32.32
   33.51     46.58
    0.72     30.09
   30.23      0.73
   14.37     17.19
   15.83      0.74
   31.44     60.22
    0.00      0.00
   45.85     18.61
    1.45      0.00
   29.44     43.83
   14.99     15.70
   15.78      1.37
    0.00      0.00
    3.60      0.00
    0.00      0.00
    0.00      0.65
    0.65      0.72
    0.65      0.00
    0.72      1.37
    0.00      0.00
    1.31      0.72
    0.72      0.72
    0.00      0.00
    0.00      0.00
    0.00      0.00
    0.00      0.00
    0.00      0.00
    0.00      0.00
    0.00      0.00
    0.00      0.00
    0.00      0.00
    0.00      0.00
    0.00      0.00
    0.00      0.00
    0.00      0.00
    0.00      0.00
    0.00      0.00
    0.00      0.00
    0.00      0.00
    0.00      0.00
    0.00      0.00
    0.00      0.00
    0.00      0.00
    0.00      0.00
    0.00      0.00
   41.40     47.84
  124.83    212.14
   39.50     53.02
  294.01    405.07
  222.86    162.79
  303.89    154.01
  178.09     82.65
  107.16     97.81
   54.81     27.99
   34.62      2.89
   35.63     20.56
    0.00      0.00
   30.93     46.17
   15.90     14.79
   16.55     16.54
   14.79      0.71
    2.90     15.11
   30.91     30.44
   15.11     17.28
   15.16      0.72
    0.00      0.00
    2.89      0.65
    0.00      0.00
    0.00      0.65
    0.72      0.00
    0.65      1.37
    0.72      0.65
    0.00      0.00
    1.37      0.72
    0.72      0.00
    0.00      0.00
    0.00      0.00
    0.00      0.00
    0.00      0.00
    0.00      0.00
    0.00      0.00
    0.00      0.00
    0.00      0.00
    0.00      0.00
    0.00      0.00
    0.00      0.00
    0.00      0.00
    0.00      0.00
    0.00      0.00
    0.00      0.00
    0.00      0.00
    0.00      0.00
    0.00      0.00
    0.00      0.00
    0.00      0.00
    0.00      0.00
    0.00      0.00
    0.00      0.00
    0.00      0.00
    2.61      2.09
   45.73     48.09
   16.46     44.54
   30.24     30.91
   15.89     29.46
   30.92     60.89
   16.53      0.71
   46.45      2.57
   30.14     17.16
    1.30      0.65
    0.71      1.44
    0.72      0.00
    0.65     15.65
    0.00      2.03
   16.43      1.36
    0.72      0.00
    0.72      0.00
   31.36     31.47
    0.00      0.00
    0.65      0.72
    0.72      0.00
    1.44      0.00
    0.00      0.65
    0.00      0.00
    1.30      2.09
    0.72      0.00
    0.00      0.00
    1.37      0.72
    0.00      0.00
    0.00      0.00
    0.00      0.00
    0.00      0.00
    0.00      0.00
    0.00      0.00
    0.00      0.00
    0.00      0.00
    0.00      0.00
    0.00      0.00
    0.00      0.00
    0.00      0.00
    0.00      0.00
    0.00      0.00
    0.00      0.00
    0.00      0.00
    0.00      0.00
    0.00      0.00
   15.60     26.52
  118.13    154.55
   62.79    107.31
  212.40    209.37
  154.62    157.32
  103.10    122.09
  258.02    167.34
  212.56    142.00
  123.46     73.60
  117.57     70.91
   34.44     33.72
   56.22     61.69
   22.58      1.45
   31.47      2.03
   30.68     18.00
    2.10      0.72
    1.46      0.00
    0.00      0.00
    0.00     15.75
    1.96      2.16
    1.45      0.00
   15.82      1.44
    0.00      0.00
    0.00      0.65
   30.85     31.68
    0.00      0.00
    0.72      0.00
    0.72      0.00
    1.44      0.65
    0.00      0.65
    0.00      0.00
    1.37      1.37
    0.72      0.00
    0.00      0.00
    0.65      0.72
    0.72      0.00
    0.00      0.00
    0.00      0.00
    0.00      0.00
    0.00      0.00
    0.00      0.00
    0.00      0.00
    0.00      0.00
    0.00      0.00
    0.00      0.00
    0.00      0.00
    0.00      0.00
    0.00      0.00
    0.00      0.00
    0.00      0.00
    0.00      0.00
    0.00      0.00
    0.00      0.00
    0.00      0.00
   31.36     33.79
    2.08      0.72
   16.30     17.08
    2.83     15.81
    0.72     29.78
   89.46     93.97
   30.97      2.17
   33.68     46.42
   14.37     15.09
   31.47     32.18
   15.71     30.03
    2.03      2.09
   49.49      2.14
    0.72      0.72
    0.00      0.00
    0.00      1.31
    0.00      0.65
    2.09      2.03
    0.00      0.00
    1.37      0.00
    1.44      0.72
    0.65      0.00
    0.00      0.72
    0.65      1.37
    1.31      1.44
    0.00      0.00
    0.72      0.00
    0.65      0.72
    0.00      0.65
    0.00      0.00
    0.65      1.37
    0.72      0.00
    0.00      0.00
    0.65      0.72
    0.72      0.00
    0.00      0.00
    0.00      0.00
    0.00      0.00
    0.00      0.00
    0.00      0.00
    0.00      0.00
    0.00      0.00
    0.00      0.00
    0.00      0.00
    0.00      0.00
    0.00      0.00
   29.84     50.76
  102.21    129.07
   28.00     79.34
  205.39    249.68
  306.08    245.35
  141.12    109.18
  149.31     68.34
  186.97    103.71
   14.41     16.46
   50.79     54.75
   46.42     46.89
   56.76     74.30
   67.71      9.20
   17.19     47.46
   26.84      2.45
   32.08     18.97
   16.49     61.60
    1.44      0.00
   15.51      0.71
   33.86      2.17
    0.65      0.00
    0.65      1.44
    0.00      0.65
    1.31      1.44
    0.00      0.65
    0.72      0.65
    0.65      0.00
    0.72      0.72
    0.72      1.31
    0.00      0.00
    0.65      1.37
    0.00      0.65
    1.44      0.00
    0.72      0.00
    0.72      0.00
    0.00      0.65
    0.00      0.00
    0.65      1.37
    0.72      0.00
    0.00      0.00
    1.37      0.72
    0.00      0.00
    0.00      0.00
    0.00      0.00
    0.00      0.00
    0.00      0.00
    0.00      0.00
    0.00      0.00
    0.00      0.00
    0.00      0.00
    0.41      0.41
    0.00      0.00
    0.00      0.00
    0.00      0.00
    3.26     17.26
   75.22     62.22
   30.74     31.51
   32.35     32.22
   17.11     18.55
    0.71     15.10
   30.99     17.86
   17.19     31.45
   31.46     46.59
   31.50      2.83
    2.87     16.30
   16.37      3.48
    2.75      2.09
    4.20      0.72
    1.44      0.72
   15.66     32.83
    0.00      0.65
   15.71      1.36
    2.17      0.00
    2.16      0.65
    0.00      0.00
    0.65      1.37
    0.72      0.00
    0.72      0.65
    0.65      0.72
    0.65      0.72
    0.72      0.00
    1.31      0.00
    0.00      1.44
    0.65      1.37
    0.65      0.72
    0.00      0.00
    0.72      0.00
    0.00      0.00
    0.41      0.65
    0.65      0.00
    0.00      1.37
    0.72      0.00
    0.00      0.00
    1.37      0.72
    0.00      0.00
    0.00      0.00
    0.00      0.00
    0.00      0.00
    0.00      0.00
    0.00      0.00
   61.13     80.25
   20.58     21.45
   64.71    127.17
  202.63    237.96
  291.59    205.30
  136.09    153.66
  301.51    162.99
  131.60     97.06
   68.98     38.11
   10.37      4.24
   40.55     43.46
    3.48     16.56
   43.83      9.12
   15.51     46.42
   26.06     18.35
   47.90     18.48
    2.03      2.75
   17.89     17.85
    1.44      2.75
    2.82      0.72
    2.17      0.00
    2.03      0.72
   16.40     31.70
    0.00      0.72
    0.00      0.00
   17.20      0.71
    0.72      0.72
    0.65      1.37
    0.00      0.65
    0.72      0.00
    0.72      0.65
    0.00      1.31
    0.65      0.72
    0.72      0.00
    0.00      0.65
    1.44      0.00
    0.65      1.37
    0.72      0.00
    0.00      0.00
    0.72      0.00
    0.00      0.65
    0.00      0.00
    0.65      0.72
    0.00      0.65
    0.72      0.00
    0.00      0.00
    1.37      0.72
    0.00      0.00
    0.00      0.00
    0.00      0.00
    0.00      0.00
    0.00      0.00
    0.00      0.00
    0.00      0.00
    3.26     17.25
   58.35     76.66
   62.33     47.40
   32.91     34.52
   47.87     49.22
   15.09     31.49
    3.54      1.37
   30.73     18.53
   16.54     15.08
    2.80      0.72
    0.65      1.37
    0.65      1.96
    1.44      2.03
   17.08     16.00
   18.47     16.50
    2.03      2.03
    1.37      2.09
    2.03      2.03
    1.44      2.03
    0.72      0.00
    2.16      0.00
    0.72      1.31
    0.65      0.72
    0.00      0.00
    2.09      0.72
    0.65      0.65
    0.65      1.44
    0.72      0.00
    0.00      0.00
    0.00      0.65
    0.00      0.00
    1.96      2.16
    0.72      0.00
    0.65      0.72
    0.00      0.00
    0.65      1.37
    0.00      0.00
    0.00      0.00
    0.72      0.00
    0.00      0.00
    0.00      0.65
    0.65      0.72
    0.72      0.65
    0.00      0.00
    0.00      0.00
   57.63     74.06
   55.72     48.47
   38.39     79.20
  184.50    178.19
   44.85     59.46
  186.32    158.74
  289.07    306.50
  300.10    269.15
  104.68     39.56
   45.33     33.09
    1.37      1.37
   17.13     17.19
   17.61     18.33
    1.37     15.51
   16.57     17.12
   16.88      1.43
    2.09      0.65
   16.09     16.29
    1.37      3.40
    0.65      0.72
    2.75      2.09
   16.54     15.68
   15.82     16.46
    0.65      1.37
    3.40      1.37
    3.40      3.60
    1.44      0.00
    0.00      0.44
    0.65      1.37
    0.00      0.00
    0.72      0.65
    0.65      0.00
    1.37      2.09
    0.72      0.00
    1.13      0.41
    0.00      1.31
    0.00      0.65
    0.00      0.65
    0.65      0.72
    2.16      0.00
    0.00      0.00
    0.72      0.00
    0.65      0.65
    0.00      0.72
    0.00      0.00
    0.72      0.00
    0.00      0.00
    0.00      0.65
    0.65      0.00
    0.00      1.37
    0.72      0.00
    0.00      0.00
    0.00      0.00
    1.37      0.72
    2.61      1.44
    0.65      2.16
   16.43     47.04
   93.51    108.02
   76.14     65.40
   50.20     33.87
   15.82      2.03
    3.54      2.68
    2.75      2.16
   16.44     16.44
    0.72      0.00
    1.95     17.66
    1.44      1.37
    2.03      2.76
   17.25      2.03
    1.44      0.65
   17.03     17.15
    2.03      0.00
    0.72      1.44
    0.65     15.12
    2.03      4.64
    0.65      1.44
    3.47      1.37
    2.88      0.72
    0.00      0.65
    0.72      0.00
    0.65      0.72
    0.72      0.00
    0.00      0.65
    0.65      0.72
    0.65      1.37
    1.37      0.72
    0.72      0.00
    0.00      0.00
    0.00      0.00
    1.30      2.09
    0.65      0.72
    0.65      0.72
    0.72      0.00
    0.00      0.00
    0.00      0.00
    1.06      1.06
    0.00      0.72
    0.00      0.00
    0.72      0.00
    0.00      0.65
   45.89     52.08
   87.31    129.79
   13.04      0.00
  129.75    234.05
  119.57     89.77
  107.11    120.06
  237.35    178.45
  125.91    112.06
  305.30    277.11
  160.26     95.92
  152.59    110.06
   75.02     38.12
   36.82      7.67
    3.71      2.96
    2.83      0.72
   15.82     16.55
    0.65      1.37
    3.47      2.03
    2.03     16.55
    1.37      2.75
   15.75      1.43
    2.81      1.37
    0.00      0.65
   15.11     15.16
    2.10      1.37
    0.00      0.65
    3.34      2.10
    2.03      3.54
    2.10      0.72
    1.38      0.65
    0.00      1.37
    0.65      0.72
    0.72      0.00
    0.72      0.65
    0.00      0.00
    0.00      0.65
    1.37      1.37
    0.00      0.00
    2.10      2.03
    0.00      0.00
    0.00      0.65
    0.00      0.00
    1.44      0.65
    0.72      0.00
    0.65      0.72
    0.72      0.00
    0.00      0.00
    0.00      0.00
    0.00      0.65
    0.65      0.72
    0.00      0.00
    0.00      0.00
    0.72      0.65
    0.00      0.00
    3.26      2.88
   16.43     16.51
   15.08     17.83
   17.67     17.47
   37.58     54.01
   34.22     47.34
   45.88     34.42
   30.19     88.95
   48.57     17.79
   35.07      4.99
   47.94     33.58
    0.72      0.00
    0.72      0.00
    3.40      3.47
    1.37      1.96
    1.37      2.10
    2.16      0.65
    2.03      2.75
    1.44      0.00
    1.31      1.44
    0.72      0.65
    0.00      0.00
    1.31      4.05
    1.37      1.37
    2.10      1.37
    1.37      1.37
    2.82      0.65
    0.72      0.72
    0.00      0.65
    2.03      1.44
    0.00      0.00
    1.37      0.72
    0.00      0.00
    0.00      0.00
    0.65      1.31
    0.00      0.72
    0.72      0.00
    0.65      0.72
    2.03      1.44
    0.65      0.72
    0.00      0.00
    0.00      0.65
    0.00      0.00
    0.65      0.72
    0.72      0.00
   27.94     26.79
   74.11    100.17
   25.72     28.00
  135.97    198.38
   87.90     76.74
  152.07    111.21
  182.87    168.61
  123.98     89.25
  102.85    100.45
  194.37    158.63
   78.16     43.09
  124.40     79.80
   57.46     76.34
   45.50     35.30
   95.89     94.79
   37.26     19.99
   18.71      1.44
   17.94     17.29
   30.69     18.59
    0.65      2.03
    4.19      0.72
    3.39      2.82
    0.00      2.03
    2.03      1.44
    1.44      0.65
    0.00      0.65
    0.72      0.00
    0.65      1.31
    0.72      1.37
    2.61      2.82
    2.75      1.44
    0.72      1.38
    1.37      1.37
    1.37      0.00
    1.37      2.10
    0.00      0.65
    0.65      0.65
    0.00      0.72
    1.44      0.00
    0.72      0.00
    0.00      0.00
    0.00      0.65
    0.65      1.37
    0.72      1.31
    0.00      0.65
    0.65      0.00
    0.72      0.72
    2.16      0.00
    0.00      0.00
    0.00      0.65
    0.65      0.72
    0.00      0.00
    0.72      0.00
    0.00      0.00
    1.31      0.71
    1.31      1.44
    1.31      3.47
   14.36     88.82
   61.80     48.65
   52.94     11.08
   21.37      4.26
   17.71     17.91
   16.54     16.54
    1.43     30.04
   16.37      2.74
   16.43     62.68
   33.57      3.60
   50.83     32.30
   16.48     17.82
    0.65      0.00
    3.40      4.77
   17.80      4.84
    1.44      0.00
    4.85      2.68
    0.00      1.44
    2.16      0.00
    0.65      0.72
    0.00      0.65
    0.00      0.00
    0.65      1.96
    0.65      2.68
    3.47      2.16
    2.10      0.72
    0.72      0.65
    1.38      2.03
    0.65      0.00
    2.16      0.72
    0.65      0.00
    0.65      1.37
    0.00      0.72
    0.65      0.72
    0.72      0.00
    0.00      0.00
    0.00      0.65
    0.65      0.72
    0.72      0.00
    1.31      0.65
    0.65      2.16
    0.00      0.00
    1.36      0.72
   15.63     26.52
   85.08     99.17
   47.19     80.39
  119.74    111.02
   43.24     55.22
   89.45     44.54
  223.30    234.21
  161.76    124.62
  167.63    141.52
  126.65    129.46
   87.32     48.85
   77.39     33.01
    7.06      3.48
   71.53     59.96
   56.48     43.53
   30.92     28.28
   49.65     37.14
   21.41     49.82
   31.69     16.22
   31.40     17.19
   16.46     16.53
   18.24     19.28
    3.47      1.44
    2.03      3.33
   18.58      2.16
    2.10      2.82
    2.17      0.65
    0.00      0.00
    0.72      0.00
    0.00      0.65
    0.65      0.65
    0.65      2.75
    1.37      1.37
    2.68      1.44
    0.72      0.72
    1.44      0.00
    1.31      2.75
    0.00      0.65
    1.37      1.37
    0.72      0.00
    0.00      0.00
    1.85      1.06
    0.00      0.00
    0.65      0.72
    0.72      0.00
    0.00      0.65
    0.65      2.03
    0.72      0.65
    0.00      0.00
    0.00      0.65
    2.17      0.00
    0.00      0.00
    1.37      0.72
    0.00      0.00
    1.37      1.37
    1.31      1.37
    1.31      2.17
   14.36     30.82
   47.90     32.61
   35.08     34.55
   35.53     81.81
   51.31     36.51
   21.29      4.91
   17.23     17.08
   15.72     30.08
   32.16     18.55
   16.94     16.81
   17.05      2.68
    4.98      4.91
    2.82     15.73
    0.72      0.65
    1.96     18.46
   18.39      4.84
    2.82      2.09
   17.25      2.68
    2.03      1.44
    2.75      1.96
    1.37      2.16
    1.37      0.72
    1.44      0.00
    0.00      1.31
    0.00      0.00
    1.37      1.37
    1.37      1.31
    1.37      1.37
    1.31      1.44
    1.44      1.37
    0.72      0.00
    0.65      2.03
    0.72      0.00
    1.37      0.72
    2.03      1.44
    0.00      0.00
    0.00      0.00
    0.00      0.65
    0.00      0.00
    0.65      0.72
    0.72      0.65
    0.65      0.72
    0.70      0.00
   48.71     81.54
   14.40      0.74
   46.27    100.75
  101.22    187.14
  147.81    132.41
   36.48    116.82
  122.25    120.84
  179.05    125.64
  225.68    115.38
  151.82     78.40
  147.32    103.79
   74.37     59.49
   73.83     81.53
   74.90     58.86
   27.57      3.83
   30.22      6.15
   57.34     67.21
   22.56     33.31
   48.43     32.79
   29.33     10.57
   18.32      1.44
   11.04      3.76
    0.65     18.36
    3.33      4.26
    4.91     16.54
   15.88      2.03
    2.03      1.44
   17.25      2.09
    0.65      1.37
    1.30      1.37
    1.44      0.72
    0.00      0.65
    2.03      1.44
    0.00      0.65
    1.37      2.03
    0.00      0.00
    2.03      1.37
    0.65      0.72
    2.82      0.72
    0.00      0.72
    0.65      1.37
    0.00      1.96
    1.37      0.72
    1.44      0.00
    0.00      0.00
    0.72      0.00
    0.00      0.00
    0.00      0.65
    0.00      0.00
    0.65      1.37
    1.37      2.68
    0.00      0.00
    0.72      0.00
    0.72      0.00
    2.81      1.37
    1.31      1.37
    0.65      2.09
   14.37     16.39
   18.66     45.11
   81.26     65.05
   35.11     49.40
   19.88     34.26
   19.34      5.49
   33.65     33.72
    4.19      3.40
   17.18     17.74
   48.04     17.22
    1.37      1.37
   16.40     21.97
    4.19      1.44
   17.12     32.83
    4.19      2.09
    2.75      1.37
   15.78      2.03
    5.43      6.29
    2.88      1.31
    3.33      2.75
    0.00      2.75
    2.88      0.00
    0.65      1.37
    2.09      0.72
    0.00      0.00
    1.37      1.96
    0.00      0.72
    2.10      1.37
    0.72      0.00
    0.65      2.03
    1.37      0.00
    1.06      2.75
    1.37      0.00
    1.44      0.72
    0.72      0.00
    0.65      0.65
    0.65      2.09
    2.03      1.44
    0.72      0.00
    0.00      0.00
    0.00      0.00
    0.00      0.00
   57.05     53.89
  100.23    144.30
    0.64     77.10
  169.18    212.40
  125.87    164.64
  146.12     81.84
   73.56     23.51
   66.37     52.04
   87.63     67.03
  101.13     70.50
  227.58    171.48
   51.70     30.41
   62.73     53.96
  126.52     60.28
    2.75     31.56
   30.06      5.92
   31.71     20.41
    2.09     31.33
   32.76      3.39
    1.31      1.37
   32.78     18.70
    4.06      3.47
    2.03      3.47
   27.86     21.89
   42.83     46.42
    6.96      3.47
    5.43      4.25
   16.62      3.40
    2.75      1.37
    2.75      1.43
    0.72      1.37
    2.89      2.10
    2.10      2.03
    0.00      0.00
    2.12      0.00
    0.65      2.10
    0.65      1.37
    1.38      1.38
    0.00      1.31
    1.37      0.72
    1.37      0.72
    1.37      0.65
    1.37      0.72
    0.72      0.72
    0.00      0.65
    0.65      2.03
    0.72      0.65
    1.37      0.72
    0.72      0.00
    0.72      0.00
    0.00      0.00
    0.00      0.00
    0.00      0.00
    0.00      0.65
    0.65      3.27
    2.68      2.09
    0.65     30.20
    2.82      1.44
    3.62      1.96
   43.90     31.53
   35.00     37.00
   37.72     48.01
   35.10      6.21
   49.15     47.18
   32.77     32.74
   15.75     32.12
    4.12     34.13
   18.62      2.10
   17.16     17.03
   16.36      4.19
    5.50     19.19
   17.08      4.78
    3.54      1.37
   17.08      2.82
    2.82      0.65
    0.65     17.77
   17.20      3.42
    4.12      4.12
   18.46     18.52
    2.68      2.82
    2.82      1.37
    0.72      1.31
    3.40      2.82
    0.00      0.00
    2.82      1.37
    1.37      1.37
    0.00      0.00
    2.51      1.78
    0.00      0.00
    0.65      2.03
    1.37      1.37
    1.37      1.37
    1.37      0.72
    0.72      0.65
    0.72      0.00
    1.37      0.72
    0.65      0.72
    0.65      0.65
    0.65      1.37
    0.65      0.72
   82.79    118.89
   30.04     27.27
   58.11    121.02
  125.51    239.70
   43.88     46.60
  109.75    166.36
   88.97     64.32
   87.98     81.56
  198.26    135.53
   98.57    108.52
  146.78     79.06
  113.28     95.91
   87.01     63.61
   36.47     19.50
   19.94     32.80
   43.60     24.15
    1.33      2.60
   34.62     48.11
   52.87     38.41
    2.09     17.85
   13.71      6.58
   20.81     17.77
   20.62      6.38
   17.91     17.92
    2.10      2.10
    0.72     14.78
   32.87      4.12
    2.61      3.40
    2.88      3.40
    3.40      3.47
    4.19      2.09
   15.11     15.17
    0.65      2.03
    2.75      0.72
    1.37      2.03
    2.09      2.09
    2.75      1.44
    0.00      0.65
    0.72      0.00
    1.37      1.37
    0.00      0.00
    1.31      2.03
    0.72      1.37
    0.65      0.72
    2.09      0.72
    0.00      0.65
    1.37      0.65
    0.72      0.72
    0.00      0.65
    1.37      1.37
    0.00      0.65
    0.65      0.00
    2.16      0.72
    0.00      0.00
    1.37      1.37
    0.65      0.72
    0.65      2.03
    0.65      2.68
    2.16      1.96
   16.42     45.79
   19.34     19.28
   50.17     36.48
   66.27     97.90
   23.60     19.19
   52.57     34.39
   15.80     17.75
   31.67      2.82
    2.82      2.68
    2.81      1.37
    1.37      2.03
    2.09     16.40
   17.74     17.80
    2.61      5.36
   18.55      5.50
    5.63      4.19
    2.09      0.72
    4.19     18.40
   16.43      2.09
    2.75      2.03
    4.19      3.47
    2.61      4.84
    2.09      0.72
    2.09      0.00
    1.37      2.68
    0.00      0.72
    1.31      2.11
    1.37      2.68
    2.75      1.44
    2.57      0.00
    1.37      1.37
    0.00      0.00
    0.00      0.65
    1.37      0.72
    0.00      1.31
    2.03      1.38
    0.65      1.44
    1.44      0.00
    0.72      0.65
    0.65      0.72
   16.60     26.67
   61.24     78.78
    0.00     26.53
   37.87    102.29
  111.70    181.21
   62.42     85.41
   66.26    168.01
   75.18     66.35
  101.64     92.78
  125.63     50.41
  219.87    166.11
   98.86     44.99
   82.43    128.27
  137.89    122.21
   98.52     65.76
   86.34     67.98
   50.63     61.17
   53.70     68.41
   76.51     26.11
   27.60      3.11
   10.98      3.18
    2.68      2.75
    1.38      2.75
   68.04     48.77
   47.77     63.20
   35.74     34.69
    5.43      4.78
   16.89      4.27
    4.92     17.20
   16.55      2.82
    3.40      4.77
    3.61      2.03
    2.82      2.03
    2.03      2.10
    2.82      2.09
    0.00      0.00
    0.72      1.31
    2.03      2.10
    0.65      0.65
    4.13      2.90
    0.00      1.31
    1.37      0.72
    0.65      0.00
    1.44      1.37
    0.00      0.00
    0.65      1.37
    0.72      0.65
    1.31      1.44
    1.37      1.37
    0.00      0.65
    0.72      0.65
    0.72      0.00
    2.10      1.37
    0.00      0.00
    0.65      0.00
    1.37      2.75
    1.37      1.37
    2.03      1.44
    1.37      1.37
    2.18      1.31
    0.65      1.31
   19.11     49.84
   47.15     34.36
   48.12     78.81
   53.53     37.10
   21.31     48.60
   48.82      7.00
   19.84     19.95
   19.32     18.51
    2.82      2.68
   15.79      0.65
   19.20     19.27
    3.54      1.31
    2.03      1.44
    2.10      3.40
    2.75      4.71
    2.10      2.68
    2.75     18.39
    5.50      4.85
    2.75      2.03
   19.19      4.18
    4.12      3.47
    4.53      3.88
    2.10      0.72
    2.75      2.75
    0.65      0.00
    2.03      2.16
    0.72      1.31
    0.65      0.65
    0.65      3.40
    1.44      0.00
    2.09      0.72
    2.80      1.37
    0.65      0.65
    0.00      1.37
    2.10      0.72
    0.00      0.00
    0.00      1.31
    1.37      0.72
    1.33      0.00
   57.73     75.11
   46.12     53.49
   25.77    100.74
   32.05    105.42
  107.83    122.49
   65.32    125.36
   65.71    157.74
   63.55    113.58
  140.98    104.66
  187.58     75.80
   99.72     44.95
  112.43     54.27
   77.36    109.91
  139.03     68.56
   72.01     85.06
   82.00     28.88
   22.04     36.82
   37.24     54.02
   46.36     41.90
   64.50     34.44
   49.24     45.71
   72.08     45.56
    4.12      3.68
   38.93      8.98
   18.62     18.71
    4.26      2.03
   37.44     24.83
    2.75      1.37
   27.09     32.11
   30.57     11.19
   19.28     34.38
   12.33      3.17
    0.65      3.98
   23.18      4.01
    2.81      3.40
    2.09      2.03
    2.09      0.65
    2.82      1.44
    0.00      0.65
    0.72      0.65
    2.61      2.82
    0.72      0.72
    1.31      2.77
    0.72      0.00
    0.72      0.00
    2.11      2.03
    0.65      0.72
    0.65      1.37
    1.44      0.00
    0.65      1.38
    0.65      0.72
    0.72      0.00
    0.00      0.00
    0.72      0.00
    1.31      1.37
    1.37      2.03
    1.30      2.75
    2.09      1.44
    1.37      1.37
    2.84     16.33
   15.80      2.11
    4.84     19.22
   31.48     18.47
    2.75     34.15
   54.18     52.02
    6.36      6.80
   48.65     32.88
   32.08     32.28
    2.10      2.68
   20.06     34.77
    4.80      4.19
   15.72      2.02
   17.94     17.69
   19.89     32.84
    2.10     16.41
    3.40      3.47
   34.83      5.55
    2.77      4.86
   17.31      2.03
    1.31      2.68
    3.47      4.78
    4.84      2.09
    3.47      2.75
   18.20     19.64
    2.03      2.10
    2.09      2.09
    5.43      4.18
    2.82      2.09
    0.72      0.00
    1.37      0.72
    1.37      3.33
    0.00      0.00
    2.09      0.65
    2.09      1.44
    0.65      0.65
    1.37      2.11
    0.00      0.00
    1.46      0.65
    0.65      1.37
    0.65      2.03
   64.50     66.21
    0.00     25.77
    0.72     77.29
   84.07    126.73
   21.83     22.26
   37.07    115.58
  119.79    100.93
   69.45     52.99
  174.23    128.89
   95.97     94.48
  159.44    121.45
   57.50     63.53
   59.04     39.27
  108.53     63.26
   79.84    100.79
   96.61     87.49
  106.21     86.27
   78.13     35.48
   99.50     71.41
   13.70      5.19
   27.87     28.72
   25.89     21.48
   51.23     45.47
   17.85      3.46
   38.12     31.80
   31.00     31.34
   36.93     28.30
    3.39     18.76
   29.96      5.26
   32.98     17.18
    3.40      4.85
   18.98      4.19
    3.40      3.47
    2.82      3.40
    4.12      2.75
    3.47      2.10
    1.44      3.33
   15.72     15.71
    2.03      1.37
    4.77      4.28
    0.72      0.65
    2.11      0.00
    3.40      2.09
    0.00      2.10
    0.65      0.65
    0.00      0.72
    1.44      0.00
    2.03      2.03
    0.00      0.74
    0.65      0.72
    1.46      1.31
    1.31      1.44
    0.65      1.37
    1.44      0.00
    1.37      1.37
    0.65      0.72
    1.37      1.37
    2.67      2.10
    0.65      1.44
    2.16     18.25
   16.35      4.12
    4.84     17.11
   18.51     15.82
   31.94     20.44
    6.80      8.32
    6.87     19.36
    2.03     75.89
   64.61      5.70
   45.09     64.20
   18.56      4.12
   19.26      2.81
   17.95     17.82
    2.82      3.33
   17.80      4.07
   18.58     17.83
    4.26      1.37
    1.31      2.82
    2.02      3.33
    4.79     19.21
    4.19      2.75
    2.75      4.05
   19.13     20.51
    2.75      4.12
   20.51     16.89
   17.74      3.47
    5.50      5.63
    3.40      1.37
    1.44      1.44
    3.57      1.37
    0.00      3.33
   16.48     15.89
    0.72      1.31
    3.33      4.14
    1.44      0.72
    2.90      0.65
    0.65      0.00
    2.75      2.10
    0.00      0.72
    0.72      0.00
   16.33     27.16
   59.97     78.29
    0.00     26.43
   32.23     78.41
   49.78    158.93
   67.22     65.79
   35.10    177.48
  134.55     94.53
   50.66     24.32
  131.97     93.08
  107.01     95.48
   92.84    100.36
   97.10     85.59
   80.14     81.29
   86.33     50.16
   93.63     57.48
   44.29     28.35
   57.35     41.63
   22.44     57.41
    2.10     14.80
   66.99     38.44
   15.83     47.76
   18.43     19.35
   17.01      2.09
   34.14     17.99
    4.78      2.82
   17.86      6.17
    2.11      2.81
    2.17      1.31
   18.13     18.98
   73.36     52.59
    2.82      2.03
    1.52     16.50
    6.87      3.47
    3.33      6.22
   18.57     18.57
    2.61      5.43
   22.79     19.24
    1.37      0.72
   17.91      3.40
    0.72      0.72
   28.59     21.83
   61.52     58.04
   32.28     18.77
    1.31      1.37
    2.89      2.09
    2.68      2.05
    0.72      2.82
    1.39      0.72
    0.72      0.00
    2.09      0.72
    0.00      0.65
    0.00      0.00
    0.65      0.72
    2.03      2.05
    1.37      2.10
    1.31      2.10
    2.11      1.31
    1.37      2.10
    2.77      2.03
    2.09      2.03
    2.09      4.05
    4.84      2.10
    1.44     45.77
   18.49     49.50
   82.62     24.88
   52.17     37.25
    2.16      2.03
   31.55     47.83
   17.86      2.81
    2.76     34.01
    4.93      2.16
   33.54      4.12
    2.03     32.88
    2.03      4.70
    2.10      3.27
   34.38      3.54
    2.89      1.31
    3.99      4.94
    3.25      2.44
   17.11     18.43
    3.49      4.21
   19.90     15.77
    2.03      5.43
    1.31      2.61
    3.54      2.75
    5.63      2.75
    3.27      6.15
    5.64      4.28
    4.85      4.12
    3.47      1.44
   15.77     17.20
    2.10      1.44
    2.88      2.61
    1.31      2.03
    2.10      1.37
    2.89      2.03
    0.00      0.65
    1.37      1.31
    0.65      1.46
   48.37     77.02
   30.58     27.13
   17.96    129.62
   44.69     77.55
   80.13    167.50
   65.12    105.16
   31.70    104.69
  116.92     92.99
   53.19      5.81
   27.54     22.44
   72.75     49.05
  104.72     80.35
   90.00     70.72
   80.31     61.68
   61.50     63.12
   47.30     55.38
  103.48     62.86
   82.27     52.29
   38.64     48.26
   18.41     18.98
   80.00     36.94
    4.10     19.24
    2.68     18.60
   18.60      3.46
   19.54      2.10
    2.68      0.72
    4.71     36.60
   52.74     36.29
   17.19      3.33
   17.26      4.84
   17.53     19.59
    6.84      2.18
    2.10      5.56
    2.31      1.31
    2.75      0.65
   46.17     37.10
   20.66     20.89
    0.65      2.61
    2.75      2.68
    3.56      4.84
    3.40      4.13
    4.15      2.10
    6.14      3.54
    2.10      2.82
    0.65      1.37
    3.03      1.31
    3.99      3.61
    0.72      0.00
    1.37      1.37
    1.31      2.10
    0.00      1.96
    2.03      1.46
    1.37      0.72
    2.84      1.39
    0.65      1.37
    2.44      1.85
    0.72      0.65
    0.65      1.38
    2.03      1.37
    1.39      3.40
    2.82      1.39
    1.37      3.98
   19.90     19.29
    2.10      1.37
   18.55     46.49
   50.69     50.68
   25.37     55.32
   35.82      6.42
   65.20     48.62
   17.82      1.37
   18.36     18.66
    1.96     32.66
   32.86      4.16
    1.36      2.61
    5.51      3.40
    4.99      4.86
    1.37      3.98
   14.37     16.46
    5.61      2.75
    5.56      3.40
   16.49     17.09
    3.40      5.29
    4.87      3.56
    4.21      3.49
    1.96      2.82
   18.62     17.70
    1.37      4.05
    2.77      2.11
    3.81      3.54
    5.57      3.49
    1.39      0.72
    0.74      2.61
    4.64      6.23
    2.82      2.74
    2.77      1.37
    2.75      4.05
    3.47      3.47
    0.72      0.65
    4.19      2.09
    2.17      1.31
   70.97     24.49
    0.65    104.15
   18.79     28.62
   65.45    186.31
   16.45     66.57
   45.85    184.38
   67.91     72.70
  116.30     81.96
   77.26     35.27
  104.68     51.62
   85.53     43.73
   47.05     33.57
  129.92    104.91
   40.18     23.36
   89.11     95.52
   62.76     45.64
  109.01     95.46
   61.85     60.65
   97.74     83.16
   20.82     20.34
   80.71     35.73
    4.06      3.33
   28.64     39.26
   44.51     17.23
    6.21     18.66
   18.72      4.12
    2.68      2.82
   18.99     17.03
    3.33      2.82
   17.85     18.58
    2.68      4.12
    3.47      2.82
    3.40      2.82
    3.42      4.86
   67.27     23.15
   35.51     35.45
   29.26     22.75
   30.07     15.81
    8.33      6.90
    1.31      2.10
    4.26      2.77
    2.77      2.77
    0.65      2.68
    3.47      1.37
    3.47      2.09
    2.03      3.49
    2.26      2.03
    5.51      3.54
    4.12      4.12
    2.75      2.88
    0.72      0.00
    2.10      1.37
    0.65      2.03
    0.00      0.65
    4.12      2.82
    1.31      0.72
    0.72      3.33
    2.03      2.12
    2.03      0.72
    3.51      3.40
    2.18      0.74
    1.37      3.33
    4.78      3.54
   16.43     16.36
    3.40     18.44
    4.77     34.97
   21.01     49.91
   67.74     39.81
   65.38     24.10
    5.05      1.37
   18.58     63.71
   32.90     17.83
    4.15      4.22
   16.37      3.40
    6.37     18.52
   17.86      4.11
    2.16      1.31
    1.31      3.33
   20.57     20.56
    3.56      2.70
    3.47      1.31
    3.47      4.12
    3.47      5.43
    4.93      2.11
    1.44      0.65
   33.96     33.55
    1.96      4.12
    2.68      3.49
    6.57     19.00
   16.62      2.84
    3.99      4.26
    2.82      2.70
    4.21      1.37
    2.75      2.82
    2.05      2.68
    1.38      2.10
    1.44      0.65
    0.65      2.61
    2.02      4.06
   31.30     30.06
   76.87    100.66
   21.51     55.76
   34.88    129.55
   36.40    126.06
   60.38    142.91
    9.03     52.95
   59.88    101.39
   87.30     79.46
   87.02    145.04
  154.20     62.42
   41.18     32.56
   95.07     69.97
   41.62     29.17
  113.13    112.45
   34.27     25.53
   32.89     12.58
    9.21     37.56
   62.08     90.63
   79.95     49.07
   68.18     39.30
   22.52      3.46
   18.35     32.78
   19.30     19.31
    3.90     16.88
   17.13      5.48
   20.52     19.79
   17.70      2.83
   17.19     15.88
   28.47     24.48
   65.28     30.36
    4.05      6.29
    2.33      2.12
    6.08      4.84
    2.75      3.54
   20.51     18.35
   30.34     34.29
    0.72      1.31
    3.99      5.58
    4.19     16.27
   18.36      6.75
    3.44      1.44
    4.84      3.47
    2.75      4.14
   54.37     35.52
  123.67     94.08
   33.86     45.63
    2.89      1.37
   64.58     45.42
   16.46      1.44
    2.03      2.82
    1.31      2.05
    2.61      4.12
    0.00      1.44
    3.42      4.05
    6.21      3.47
    0.72      1.44
    3.49      1.37
    1.44      1.37
    1.31      2.09
    0.00     16.34
   16.55      2.02
    4.78      3.40
    6.30      4.85
   16.54     17.88
   19.69     31.95
    5.45      4.79
   19.23      8.33
    4.84     49.88
   37.71     23.25
   19.35     19.19
   35.62     35.64
   49.36     34.97
    2.76      3.34
   20.72      5.45
    3.59      2.09
    3.40     19.71
   19.26      3.55
    2.82      3.34
    4.08      4.21
   18.06     16.76
    2.10      3.33
    3.47      2.82
    2.75      5.36
    6.16      4.14
    2.75      4.77
    4.28     16.56
    4.98      1.37
    2.68      4.13
    2.68      2.03
    2.10     17.09
   19.92      4.71
    3.35      4.95
    2.84      4.12
    2.82      1.39
    2.83      1.37
   17.93     19.23
    2.77      2.10
    2.03      1.37
   17.26     18.19
   88.79    108.67
    0.72     52.94
   33.68    160.90
   18.97     76.00
   45.98    102.93
    6.14     85.55
   45.53    119.91
   75.37     25.58
   60.32    102.69
   66.37     81.89
   65.54     47.81
   74.84     53.13
   98.30     54.63
  153.07    113.40
   62.72     47.27
  105.76    160.72
   90.04     51.14
   27.23     44.39
   55.79     58.87
   87.01     41.00
   58.29     41.24
   58.85     23.27
   40.08     52.78
   88.70     58.50
   19.25     19.39
   31.02     13.76
   20.60      4.19
   37.59     44.71
   17.99      2.11
   29.17     27.80
    2.67     17.83
   27.62     13.40
    1.38      3.34
   11.55      1.74
    5.64      6.88
    3.92      2.82
    9.67      7.83
    0.65      2.10
    0.65      3.34
    3.41      2.10
    2.82     17.21
   17.93      4.06
    1.96      4.87
    6.32      2.86
    3.99      4.13
    4.55      2.18
    3.47      3.40
    1.34      2.12
    1.37     16.39
    2.10      2.03
    0.72      0.65
    2.68      2.82
    2.17      0.65
    2.68      0.72
    2.03      4.19
    3.34      4.85
    0.00      1.31
    2.10      2.70
    4.80      2.10
    3.33      3.60
    3.49      3.40
    2.16      2.03
    4.85      4.13
    1.38      2.03
    3.47     17.10
   17.81      2.75
   15.72     61.60
   48.69      9.02
    6.87      7.55
   25.95     51.46
   19.92     33.21
   49.29      9.04
    5.45      3.40
    3.56     33.62
   51.47     19.22
    3.47     17.21
    2.75      3.42
    2.75      4.72
   34.35     18.65
    6.22      6.94
    2.82     16.49
    2.82     17.73
    2.82      1.37
    3.49      2.70
   19.29      4.84
    2.03      2.68
    6.22     10.20
    4.95      2.12
    3.25      1.39
    2.75      2.68
    4.06      4.91
    2.82      2.03
    3.54      1.96
    3.34      6.25
    3.56      2.68
    2.68      4.08
    4.95      3.42
    2.90      1.37
    2.76     16.22
   47.25     76.10
   72.02     75.70
    0.64     77.12
   90.91    210.77
    1.30      2.75
    3.54    144.67
   29.49     91.79
   25.07     73.70
   32.62     28.76
   87.57    169.02
   12.23     16.88
  145.89     73.82
   45.93     43.50
   53.93     63.72
   85.51     32.61
   90.89     27.81
   66.33     47.44
    2.82     29.82
   82.13     68.86
   72.60     26.66
   42.36     60.98
   91.10     34.74
   20.75     50.51
   36.77     26.18
   36.56      6.96
   46.03     77.27
   48.80     23.88
   16.38      2.12
   10.99     19.94
    7.09      6.38
   18.20     18.33
    6.22      3.40
   17.61      4.26
   29.84     22.62
    1.37      3.99
   27.75     44.29
   31.49     13.79
    3.40      4.71
   35.56     22.10
   21.11      5.65
    3.53      2.09
    3.48      2.70
    4.18      2.16
    1.96      4.84
    2.68      2.09
    2.03      3.42
    4.86      3.47
    5.43      5.61
    3.42      2.17
   28.53     23.87
   44.84     33.17
    0.72      0.00
   63.80     49.37
   31.38     30.59
   17.28     15.18
    2.82      3.40
    4.01      2.89
    2.03      3.47
    1.44      1.96
   19.15     18.63
    0.65      2.10
    2.82      2.68
    2.75     15.74
   21.26      6.94
    3.40      5.45
    2.09      2.03
    4.35     19.14
   21.01     17.91
   35.41     23.44
    6.29     19.77
   36.32     20.67
    4.12     32.94
   19.94     19.95
   35.29     23.55
    2.75     19.65
    6.33      6.73
   34.38     32.93
    3.61     15.73
   18.10      1.31
   17.82      5.49
    3.81      3.09
   21.23     37.06
    2.09      3.33
    2.75      3.41
    2.88      1.31
   18.61      2.77
    5.50      4.78
    2.04      3.47
    4.14      4.79
    3.47     19.75
    5.60      2.75
   17.61     19.56
   18.38      4.91
    4.21      2.05
    4.26      2.77
    2.82      0.72
    3.40      5.45
    3.42      6.02
    3.40      3.49
    4.28      2.10
   92.54    126.93
   16.50     27.90
    1.39    131.61
   81.61    134.77
   24.61     29.46
   21.64    107.23
   37.21    140.27
  118.30     87.84
    2.83     12.83
   68.42    123.46
   51.62     77.57
   65.59     38.92
   80.94     36.95
   27.55      7.79
   56.26     47.13
   42.26     22.63
   98.01     75.53
   70.72     69.45
   54.20     56.56
   88.07     94.02
  166.35     92.29
   54.77     48.41
   87.34     95.81
   28.21     36.48
   80.32     39.65
  101.11     43.48
   60.08     47.69
   28.49     19.46
   11.70     45.06
   32.83     17.36
    8.29      5.57
   45.15     17.99
    2.09      2.76
    7.51      3.56
    4.06     19.44
    2.68      3.40
   13.61      3.49
   77.37     49.44
    6.79      3.61
    5.59      4.14
    4.18      4.16
    4.06     20.02
    3.40      2.10
    4.71      5.57
   16.96     19.27
   19.39      2.17
    2.44      2.44
    2.78      4.15
    4.78      2.68
    4.71      5.74
   18.34     16.24
    2.10      2.16
    0.65      1.40
    2.03      2.68
    1.38      3.42
    2.10      1.37
    1.38      1.38
    4.12      2.82
    1.39      2.04
    3.33      2.18
    2.77      4.78
    2.75      2.75
    2.68      5.43
    6.94      3.47
    3.47      2.82
    2.03      1.31
    2.82      3.47
    2.03     32.72
   34.86     23.97
   37.80     38.54
   19.92     18.84
   24.48      7.01
   35.46     49.80
   20.56      4.25
   17.48     33.93
   37.56     51.20
   19.70      6.95
   21.25      3.39
    2.03      1.31
    4.19      5.50
    2.77      2.09
    3.40     18.50
    2.03      3.40
    5.56     19.17
   18.54      4.04
    2.10      3.33
    4.13      2.18
   18.66      3.47
    2.10     17.49
   16.90      4.78
    4.87      5.47
    4.93      4.08
    6.94      3.42
    5.57      6.22
    2.17      0.65
    3.40      5.45
    2.03      1.38
    5.00      2.70
   16.93     20.60
   30.85     51.89
   33.01     45.75
   36.59    107.25
   84.76    121.09
    0.65     66.49
    5.09    105.70
   17.17     78.71
    0.72     52.33
   23.14     82.36
   44.18    100.89
  157.17    110.04
   36.60     78.39
    0.64     12.13
   70.04     34.28
   36.71     29.93
   62.96     49.85
   63.21     68.70
   12.76     51.97
   81.64     51.03
   56.74     88.50
   68.79     72.05
  150.39     97.28
  138.31     95.76
   98.22     56.54
   90.40    139.28
   54.62     29.67
  167.74     71.03
   65.91    102.12
   53.70     27.40
    7.66     21.14
   19.77      4.93
    3.47      2.68
    3.47      2.82
    1.31      3.34
    2.10      2.03
    6.17     19.41
    3.99      4.98
    2.91     18.07
   19.18      4.33
    2.89      1.31
    1.31     16.40
   35.45      6.36
    4.73      4.80
    3.42      3.49
    5.37      5.52
    4.88      4.26
    3.47      2.82
    3.35      4.19
    1.38      3.41
    3.41      2.12
    3.51      2.13
   27.15     39.84
   47.11     15.27
    6.09      8.49
    4.19      2.75
    3.56      2.03
    1.96      3.51
    1.44      0.65
    2.11      1.96
    2.05      0.72
    2.68     17.20
   15.88      3.47
    3.49      0.65
    4.06      6.18
    5.43      6.29
    2.12      3.40
    2.75      4.06
    3.69      1.37
    5.43      4.91
    6.81      5.50
    8.90      9.76
   16.49     19.18
   20.54     35.06
   21.29     34.37
    2.75     16.40
   52.50     36.96
   20.11     18.28
   34.56     21.07
   34.68     66.87
   36.44     23.44
   23.64     19.21
   17.54     17.63
   18.73      3.54
    3.56      1.31
    1.31      2.10
    2.75      4.06
    5.59      4.73
    2.82      4.13
    3.64      2.70
    1.31      2.75
    4.15      2.82
   19.32     35.56
    2.89      2.68
    3.49      3.36
    6.91      7.00
   17.97      3.99
    6.94      4.14
    4.13      4.80
    4.14      2.16
   27.02     45.68
   31.52     30.83
    4.94     55.71
   66.34    112.14
   18.76     54.41
   17.94    118.91
   22.92    131.18
    2.98     26.44
   23.32     78.64
   37.33    130.58
   58.09    110.66
   29.92      2.67
  113.53    101.26
   48.58     46.70
   22.65     16.63
   24.78     83.55
    2.71      2.11
   35.35     49.27
   81.95     32.95
   86.05     77.50
   77.27     57.02
   87.01    116.17
   13.07     23.54
  115.07     98.04
   28.45     11.90
  106.19     67.66
   40.68     76.13
   40.57     13.46
   67.24     38.58
   58.27     54.87
   45.80     35.76
   27.77     22.17
    6.93     19.17
   19.79     20.17
    2.17      1.31
    3.47      1.37
    3.82      3.95
    3.49      3.36
    3.34      3.61
    2.03      3.40
    0.72      0.00
    4.13      4.71
    2.61      4.14
    5.50      4.26
    6.26      4.93
    2.61     20.64
    5.45      2.82
    4.08      4.19
    3.58      4.80
   18.58      3.40
    2.10      2.18
  102.68     82.42
   32.39     19.25
    3.49      2.75
    4.07      4.21
  106.50     67.00
   19.05     34.93
   17.95      2.10
    3.42      3.51
    2.05      3.51
    1.37      0.00
    1.39      3.42
    3.40      4.14
    2.03      1.31
   21.38     21.31
    4.19      2.84
    1.37      1.37
    2.75      2.68
    2.61      4.86
    2.12      2.75
    6.08      6.74
   11.21      8.52
   16.49     18.43
    4.12     19.51
   24.40      7.81
   18.40     34.21
   22.13     19.32
   34.03     51.20
   35.08     33.49
   35.14     47.45
   32.05     24.67
   20.31      4.19
   24.55     22.45
    4.12      6.08
   19.97     17.35
    3.47      3.40
    5.00      4.13
    2.03      2.76
    3.56      3.36
    1.31      0.72
    3.61      1.38
    2.61      4.12
    0.00      2.68
    4.84      4.12
    3.40      7.41
    4.21      2.77
    4.13      4.71
    7.11      4.81
    4.84      4.14
    4.07      2.05
   61.21     52.36
   48.61     99.72
    5.49     87.20
   39.33    111.64
   37.53     84.33
    6.61     56.28
   18.02    134.10
    4.80    101.59
   22.18     53.60
   44.88     76.22
    2.03     62.58
   49.69     74.66
   76.63     72.34
   19.79     12.36
   61.64     89.04
   16.22     39.65
   12.71     16.25
   16.68     27.65
   22.44     29.27
   55.29     44.71
   52.34     66.19
  116.16     65.22
   86.58     60.86
   56.84     69.88
   52.35     38.95
   67.85     63.12
   28.76     23.01
   72.76     69.33
  131.34    119.02
    6.05     17.77
   98.51     92.61
   62.35     17.46
  139.60    120.52
   31.08     19.53
   28.23     13.13
    6.06      4.97
   19.21      5.56
    3.47      2.10
    2.90      2.75
    4.10      3.56
    1.31      2.03
    2.16      0.72
   29.14     24.57
   26.30     15.85
    4.12      4.19
    3.36      2.77
    4.71      6.87
    6.12      6.41
    4.86      3.47
    4.17      2.75
    2.97      2.10
    0.74      0.74
    1.96      3.40
    2.68      5.38
    8.95      6.32
    4.91      5.68
    4.08      4.85
   17.82     18.73
    6.17      4.30
    2.77      2.10
    1.96      2.86
    2.68      2.14
    3.65      2.05
    2.68      5.45
    4.78      4.12
    2.12      2.75
    2.68      2.05
    2.83      2.75
    2.03      2.84
    4.20      2.03
    2.75      5.37
    9.37     11.97
    6.38      3.40
   18.93     17.94
    6.80     33.66
   17.27      5.57
    4.21      4.71
   35.57     21.16
   22.39     24.15
   18.62     20.01
   23.28     79.57
    2.90     19.03
   65.69     17.18
   65.66     36.42
    4.78     20.30
    4.98      5.50
   36.58     21.40
    5.57      4.19
    2.84      2.05
    3.47      4.09
    2.05      1.40
    2.84      2.75
    4.13      3.47
   15.82     17.14
    3.40      4.13
    1.44      2.61
    6.31      4.08
    2.68      6.76
    3.41      5.54
   45.36     69.00
   47.93      0.00
    3.37    135.54
   18.87     28.01
   51.72    133.04
    8.44     59.64
    4.04    152.36
    3.58     31.80
   48.31     99.26
   31.39     59.38
    9.09     78.50
   51.37     57.40
   45.25     31.55
   46.21     45.08
   45.85     52.98
   72.27     46.15
   22.77      4.73
   52.90     29.38
    2.12      0.72
   41.71     39.61
   80.65     65.70
  111.71     60.82
   92.63    155.04
   74.96     49.45
   80.74     74.00
  104.99     63.84
   58.19     13.78
   73.90     39.97
   40.04     28.33
   26.63     47.68
   93.32     51.67
   49.03     23.90
   23.53     66.94
   60.89     56.74
  106.22     46.08
    7.73      4.93
   20.68     36.83
   19.85      3.41
   19.18      5.58
    5.43      3.54
    2.16      2.10
   28.46     24.67
   33.57     19.26
    2.12      2.10
   19.04     17.61
    2.05      1.38
    4.71      3.47
   27.10     25.38
   30.17     14.49
    6.81      7.59
    7.41      5.74
    2.88      2.16
    2.12      1.38
    1.74      1.96
    5.45      5.54
    4.80      6.74
    4.89      4.23
    6.30      3.58
    4.08      4.16
    4.12      3.56
    3.35      2.16
    1.96      4.25
    2.70      4.89
    3.40      3.49
    6.11      5.43
    6.96      6.33
    2.23      1.39
    2.88      2.68
    2.03      2.14
    0.65      1.37
    2.10      2.03
    4.12      2.75
    8.71     11.83
    4.91      5.45
    4.08      5.43
    7.53      5.66
    4.71      5.64
   20.79     18.48
    2.82     30.62
   21.73     20.02
   21.83      8.56
   18.34     35.78
   32.47     36.72
   19.07     49.34
   34.98     19.77
   51.94     36.39
   38.44     22.03
   21.40     19.91
    5.05     19.96
   20.91      4.85
    3.48      3.47
    2.10      1.96
   18.35     18.14
    4.21      4.30
   18.48     19.21
    2.77      3.43
    2.03      4.71
    3.61      0.65
    5.54      3.44
    1.90      5.16
  140.68     26.16
    8.64    179.18
   10.63     30.67
   23.15    208.24
   22.31     31.41
   20.28     55.53
   15.58     86.17
    4.93    134.62
    4.22     11.81
   29.91     82.10
   24.49     57.21
   65.96     66.35
   48.82     31.93
   49.47     15.68
   67.76     65.50
   38.09     30.79
   92.91     56.78
   38.87     12.24
   71.95     69.12
    8.33     10.31
   96.43     77.94
   36.26     19.15
   66.66     61.73
   71.05     39.84
    5.05     33.48
   27.88     14.91
   66.52     29.04
   22.18      6.44
   61.59     77.76
   21.33      9.32
   53.60     67.08
   33.07     18.60
   49.11     52.66
   64.35     79.48
   94.82     84.68
   67.84     82.70
   38.42     43.28
   42.51     13.04
   21.89     23.49
   15.82      8.30
    4.98      0.72
    5.54      4.12
   22.35     19.67
    3.42     19.92
   17.36      2.12
    2.75      2.75
    6.02      4.33
    2.75      3.49
    3.51      3.42
    0.65      0.00
   28.47     23.29
   17.57     18.39
   29.18     29.99
    5.88      6.65
   48.80     24.92
    4.74      7.43
   14.42      8.06
   10.48      3.49
   11.89      3.58
    5.89      3.56
    1.96      2.13
    4.00      4.33
    3.49      2.77
    5.29      7.72
    5.53      5.50
    1.37      2.78
    4.08      4.80
    4.32      1.44
    5.20      2.13
    2.10      3.51
    2.77      3.35
    3.40      4.14
    6.75     23.43
   19.87      3.40
    2.75      2.68
    4.85      2.82
    7.32      8.97
   16.28     33.92
   20.62     34.13
   23.24     37.16
    8.09      6.50
   35.40      7.18
    4.14     20.43
    4.85     17.87
   16.43      3.34
   35.08     37.11
   20.04     21.27
    9.03     34.17
   16.49     19.82
    4.80      5.43
   38.76      6.44
    7.57      4.71
   22.04     19.24
    2.10      3.99
   12.43      4.37
    6.63      3.40
    4.57      3.92
    4.05      2.82
   16.15     24.55
  103.24     68.14
    2.77    132.48
   37.54     96.70
    7.63    158.08
    5.63      1.96
    1.31     80.85
   10.19     80.12
    5.16    106.49
   26.23     37.49
   24.46     70.64
   27.68     44.62
   92.25     74.72
   64.34     58.69
   68.29     15.69
   41.00     49.02
   38.47     24.95
   30.17      8.47
   62.51     38.56
   34.73     24.19
   62.19     71.44
   28.25     29.19
   26.49     11.27
   38.94     44.95
   35.49     41.70
   70.15     36.40
    4.69     30.53
   62.32     43.21
   20.74     30.86
  102.53     80.12
   46.54     39.76
  101.63     51.58
   77.96     64.35
   65.88     45.41
   58.69     32.20
   71.52     24.67
   67.97     47.14
   18.04     23.36
   26.21     12.02
   30.72     17.20
    6.36      4.84
   29.22     55.03
   31.30     18.56
   17.94     19.33
   32.83      3.56
    6.22      8.27
    4.73      4.86
    5.58      2.92
    4.21      2.68
    2.68      3.47
    4.13      3.54
    0.74      0.00
    4.13      4.84
   17.93     19.33
    4.87      2.75
    3.51      2.86
    3.35      1.39
    2.05      4.85
    3.41      4.87
    4.14      3.42
    3.53      3.53
    4.12      4.73
   29.14     54.90
   47.24     18.15
   10.24      6.40
    6.39      6.22
   19.04      4.33
    3.42      3.51
    3.42      6.15
    2.91      1.39
    2.77      2.12
    3.42      3.49
    4.80      4.97
    7.38     21.79
    2.85      6.30
   18.71     17.74
   19.29      5.52
    6.15      3.49
    4.08      5.63
    0.65      2.03
   36.13     36.28
   21.83     35.89
   22.27     22.05
    6.76     20.79
    6.07     36.97
   18.73      2.84
   49.55     35.90
    4.71      5.77
   20.47     23.64
   18.21      3.53
   22.84     21.60
    5.52      4.16
    4.78     19.98
   17.20      2.75
    4.28     32.79
    4.87      4.78
    4.12      4.14
   35.82      5.45
    5.27      4.73
    0.31      0.00
    0.00      0.00
    0.00      0.00
    0.00      0.00
    0.00      0.00
    0.00      0.00
    0.00      0.00
    0.00      0.00
    0.00      0.00
    0.00      0.00
    0.00      0.00
    0.00      0.00
    0.00      0.00
    0.00      0.00
    0.00      0.00
    0.00      0.00
    0.00      0.00
    0.00      0.00
    0.00      0.00
    0.00      0.00
    0.00      0.00
    0.00      0.00
    0.00      0.00
    0.00      0.00
    0.00      0.00
    0.00      0.00
    0.00      0.00
    0.00      0.00
    0.00      0.00
    0.00      0.00
    0.00      0.00
    0.00      0.00
    0.00      0.00
    0.00      0.00
    0.00      0.00
