      h_eth1      
 KB/s in  KB/s out
    0.00      0.00
    0.00      0.00
    0.00      0.00
    0.00      0.00
    0.00      0.00
    0.00      0.00
    0.00      0.00
    0.00      0.00
    0.00      0.00
    0.00      0.00
    0.00      0.00
    0.00      0.00
    0.00      0.00
    0.00      0.00
    0.00      0.00
    0.00      0.00
    0.00      0.00
    0.00      0.00
    0.00      0.00
    0.00      0.00
    0.00      0.00
    0.00      0.00
    0.00      0.00
    0.00      0.00
    0.00      0.00
    0.00      0.00
    0.00      0.00
    0.00      0.00
    0.00      0.00
    0.00      0.00
    0.00      0.00
    0.00      0.00
    0.00      0.00
    0.00      0.00
    0.00      0.00
    0.00      0.00
    0.00      0.00
    0.00      0.00
    0.00      0.00
    0.00      0.00
    0.00      0.00
    0.00      0.00
    0.00      0.00
    0.00      0.00
    0.00      0.00
    0.00      0.00
    0.00      0.00
    0.00      0.00
    0.00      0.00
    0.00      0.00
    0.00      0.00
    0.00      0.00
    0.00      0.00
    0.00      0.00
    0.00      0.00
    0.00      0.00
    0.68      0.00
    0.00      0.00
    0.00      0.00
    0.00      0.00
    0.00      0.00
    0.00      0.00
    0.00      0.00
    0.00      0.00
    0.00      0.00
    0.00      0.00
    0.00      0.00
    0.00      0.00
    0.00      0.00
    0.00      0.00
    0.00      0.00
    0.00      0.00
    0.00      0.00
    0.00      0.00
    0.00      0.00
    0.00      0.00
    0.00      0.00
    0.00      0.00
    0.00      0.00
    0.00      0.00
    0.00      0.00
    0.00      0.00
    0.00      0.00
    0.00      0.00
    0.00      0.00
    0.00      0.00
    0.00      0.00
    0.00      0.00
    0.00      0.00
    0.00      0.00
    0.00      0.00
    0.00      0.00
    0.00      0.00
    0.00      0.00
    0.00      0.00
    0.00      0.00
    0.00      0.00
    0.00      0.00
    0.00      0.00
    0.00      0.00
    0.00      0.00
    0.00      0.00
    0.00      0.00
    0.00      0.00
    0.00      0.00
    0.00      0.00
    0.00      0.00
    0.00      0.00
    0.00      0.00
    0.00      0.00
    0.00      0.00
    0.00      0.00
    0.00      0.00
    0.00      0.00
    0.00      0.00
    0.00      0.00
    0.00      0.00
    0.00      0.00
    0.00      0.00
    0.00      0.00
    0.00      0.00
    0.00      0.00
    0.00      0.00
    0.00      0.00
    0.00      0.00
    0.00      0.00
    0.00      0.00
    0.00      0.00
    0.00      0.00
    0.00      0.00
    0.00      0.00
    0.00      0.00
    0.00      0.00
    0.00      0.00
    0.00      0.00
    0.00      0.00
    0.00      0.00
    0.00      0.00
    0.68      0.00
    0.00      0.00
    0.00      0.00
    0.00      0.00
    0.00      0.00
    0.00      0.00
    0.00      0.00
    0.00      0.00
    0.00      0.00
    0.00      0.00
    0.00      0.00
    0.00      0.00
    0.00      0.00
    0.00      0.00
    0.00      0.00
    0.00      0.00
    0.00      0.00
    0.00      0.00
    0.00      0.00
    0.00      0.00
    0.00      0.00
    0.00      0.00
    0.00      0.00
    0.00      0.00
    0.00      0.00
    0.00      0.00
    0.00      0.00
    0.00      0.00
    0.00      0.00
    0.00      0.00
    0.00      0.00
    0.00      0.00
    0.00      0.00
    0.00      0.00
    0.00      0.00
    0.00      0.00
    0.00      0.00
    0.00      0.00
    0.00      0.00
    0.00      0.00
    0.00      0.00
    0.68      0.00
    0.00      0.00
    0.00      0.00
    0.00      0.00
    0.00      0.00
    0.00      0.00
    0.00      0.00
    0.00      0.00
    0.00      0.00
    0.00      0.00
    0.00      0.00
    0.00      0.00
    0.00      0.00
    0.00      0.00
    0.00      0.00
    0.00      0.00
    0.00      0.00
    0.00      0.00
    0.00      0.00
    0.00      0.00
    0.00      0.00
    0.00      0.00
    0.00      0.00
    0.00      0.00
    0.00      0.00
    0.00      0.00
    0.00      0.00
    0.00      0.00
    0.00      0.00
    0.00      0.00
    0.00      0.00
    0.00      0.00
    0.00      0.00
    0.00      0.00
    0.00      0.00
    0.00      0.00
    0.00      0.00
    0.00      0.00
    0.00      0.00
    0.00      0.00
    0.00      0.00
    0.00      0.00
    0.00      0.00
    0.00      0.00
    0.00      0.00
    0.00      0.00
    0.00      0.00
    0.00      0.00
    0.00      0.00
    0.00      0.00
    0.00      0.00
    0.00      0.00
    0.00      0.00
    0.00      0.00
    0.00      0.00
    0.00      0.00
    0.00      0.00
    0.00      0.00
    0.00      0.00
    0.00      0.00
    0.00      0.00
    0.00      0.00
    0.00      0.00
    0.00      0.00
    0.00      0.00
    0.00      0.00
    0.00      0.00
    0.00      0.00
    0.00      0.00
    0.00      0.00
    0.00      0.00
    0.00      0.00
    0.00      0.00
    0.00      0.00
    0.00      0.00
    0.00      0.00
    0.00      0.00
    0.00      0.00
    0.00      0.00
    0.00      0.00
    0.00      0.00
    0.00      0.00
    0.00      0.00
    0.00      0.00
    0.00      0.00
    0.00      0.00
    0.00      0.00
    0.00      0.00
    0.00      0.00
    0.00      0.00
    0.00      0.00
    0.00      0.00
    0.00      0.00
    0.00      0.00
    0.00      0.00
    0.00      0.00
    0.00      0.00
    0.00      0.00
    0.00      0.00
    0.00      0.00
    0.00      0.00
    0.00      0.00
    0.00      0.00
    0.00      0.00
    0.00      0.00
    0.00      0.00
    0.00      0.00
    0.00      0.00
    0.00      0.00
    0.00      0.00
    0.00      0.00
    0.00      0.00
    0.00      0.00
    0.00      0.00
    0.00      0.00
    0.00      0.00
    0.00      0.00
    0.00      0.00
    0.00      0.00
    0.00      0.00
    0.00      0.00
    0.00      0.00
    0.00      0.00
    0.00      0.00
    0.00      0.00
    0.00      0.00
    0.00      0.00
    0.00      0.00
    0.00      0.00
    0.00      0.00
    0.41      0.00
    0.00      0.00
    0.00      0.00
    0.00      0.00
    0.00      0.00
    0.00      0.00
    0.00      0.00
    0.00      0.00
    0.00      0.00
    0.00      0.00
    0.00      0.00
    0.00      0.00
    0.00      0.00
    0.00      0.00
    0.00      0.00
    0.00      0.00
    0.00      0.00
    0.00      0.00
    0.00      0.00
    0.00      0.00
    0.00      0.00
    0.00      0.00
    0.00      0.00
    0.00      0.00
    0.00      0.00
    0.00      0.00
    0.00      0.00
    0.00      0.00
    0.00      0.00
    0.00      0.00
    0.00      0.00
    0.00      0.00
    0.00      0.00
    0.00      0.00
    0.00      0.00
    0.00      0.00
    0.00      0.00
    0.00      0.00
    0.00      0.00
    0.00      0.00
    0.00      0.00
    0.00      0.00
    0.00      0.00
    0.00      0.00
    0.00      0.00
    0.00      0.00
    0.00      0.00
    0.00      0.00
    0.00      0.00
    0.00      0.00
    0.00      0.00
    0.00      0.00
    0.00      0.00
    0.00      0.00
    0.00      0.00
    0.00      0.00
    0.00      0.00
    0.00      0.00
    0.00      0.00
    0.00      0.00
    0.00      0.00
    0.00      0.00
    0.00      0.00
    0.00      0.00
    0.00      0.00
    0.00      0.00
    0.00      0.00
    0.00      0.00
    0.00      0.00
    0.00      0.00
    0.00      0.00
    0.00      0.00
    0.00      0.00
    0.00      0.00
    0.00      0.00
    0.00      0.00
    0.00      0.00
    0.00      0.00
    0.00      0.00
    0.00      0.00
    0.00      0.00
    0.00      0.00
    0.00      0.00
    0.00      0.00
    0.00      0.00
    0.00      0.00
    0.00      0.00
    0.00      0.00
    0.00      0.00
    0.00      0.00
    0.00      0.00
    0.00      0.00
    0.00      0.00
    0.00      0.00
    0.00      0.00
    0.00      0.00
    0.00      0.00
    0.00      0.00
    0.00      0.00
    0.00      0.00
    0.00      0.00
    0.00      0.00
    0.00      0.00
    0.00      0.00
    0.00      0.00
    0.00      0.00
    0.00      0.00
    0.00      0.00
    0.00      0.00
    0.00      0.00
    0.00      0.00
    0.00      0.00
    0.00      0.00
    0.00      0.00
    0.00      0.00
    0.00      0.00
    0.00      0.00
    0.00      0.00
    0.00      0.00
    0.00      0.00
    0.00      0.00
    0.00      0.00
    0.00      0.00
    0.00      0.00
    0.00      0.00
    0.00      0.00
    0.00      0.00
    0.00      0.00
    0.00      0.00
    0.00      0.00
    0.00      0.00
    0.00      0.00
    0.00      0.00
    0.00      0.00
    0.00      0.00
    0.00      0.00
    0.00      0.00
    0.00      0.00
    0.00      0.00
    0.00      0.00
    0.00      0.00
    0.00      0.00
    0.00      0.00
    0.00      0.00
    0.00      0.00
    0.00      0.00
    0.00      0.00
    0.00      0.00
    0.00      0.00
    0.00      0.00
    0.00      0.00
    0.00      0.00
    0.00      0.00
    0.00      0.00
    0.00      0.00
    0.00      0.00
    0.00      0.00
    0.00      0.00
    0.00      0.00
    0.00      0.00
    0.00      0.00
    0.00      0.00
    0.00      0.00
    0.00      0.00
    0.00      0.00
    0.00      0.00
    0.00      0.00
    0.00      0.00
    0.00      0.00
    0.00      0.00
    0.00      0.00
    0.00      0.00
    0.00      0.00
    0.00      0.00
    0.00      0.00
    0.00      0.00
    0.00      0.00
    0.00      0.00
    0.00      0.00
    0.00      0.00
    0.00      0.00
    0.00      0.00
    0.00      0.00
    0.00      0.00
    0.00      0.00
    0.00      0.00
    0.00      0.00
    0.00      0.00
    0.00      0.00
    0.00      0.00
    0.00      0.00
    0.00      0.00
    0.00      0.00
    0.00      0.00
    0.00      0.00
    0.00      0.00
    0.00      0.00
    0.00      0.00
    0.00      0.00
    0.00      0.00
    0.00      0.00
    0.00      0.00
    0.00      0.00
    0.00      0.00
    0.00      0.00
    0.00      0.00
    0.00      0.00
    0.00      0.00
    0.00      0.00
    0.00      0.00
    0.00      0.00
    0.00      0.00
    0.00      0.00
    0.00      0.00
    0.00      0.00
    0.00      0.00
    0.00      0.00
    0.00      0.00
    0.00      0.00
    0.00      0.00
    0.00      0.00
    0.00      0.00
    0.00      0.00
    0.00      0.00
    0.00      0.00
    0.00      0.00
    0.00      0.00
    0.00      0.00
    0.00      0.00
    0.00      0.00
    0.00      0.00
    0.00      0.00
    0.00      0.00
    0.00      0.00
    0.00      0.00
    0.00      0.00
    0.00      0.00
    0.00      0.00
    0.00      0.00
    0.00      0.00
    0.00      0.00
    0.00      0.00
    0.00      0.00
    0.00      0.00
    0.00      0.00
    0.00      0.00
    0.00      0.00
    0.00      0.00
    0.00      0.00
    0.00      0.00
    0.00      0.00
    0.00      0.00
    0.00      0.00
    0.00      0.00
    0.00      0.00
    0.00      0.00
    0.00      0.00
    0.00      0.00
    0.00      0.00
    0.00      0.00
    0.00      0.00
    0.00      0.00
    0.00      0.00
    0.00      0.00
    0.00      0.00
    0.00      0.00
    0.00      0.00
    0.00      0.00
    0.00      0.00
    0.00      0.00
    0.00      0.00
    0.00      0.00
    0.00      0.00
    0.00      0.00
    0.00      0.00
    0.00      0.00
    0.00      0.00
    0.00      0.00
    0.00      0.00
    0.00      0.00
    0.00      0.00
    0.00      0.00
    0.00      0.00
    0.00      0.00
    0.00      0.00
    0.00      0.00
    0.00      0.00
    0.00      0.00
    0.00      0.00
    0.00      0.00
    0.00      0.00
    0.00      0.00
    0.00      0.00
    0.00      0.00
    0.00      0.00
    0.00      0.00
    0.00      0.00
    0.00      0.00
    0.00      0.00
    0.00      0.00
    0.00      0.00
    0.00      0.00
    0.00      0.00
    0.00      0.00
    0.00      0.00
    0.00      0.00
    0.00      0.00
    0.00      0.00
    0.00      0.00
    0.00      0.00
    0.00      0.00
    0.00      0.00
    0.00      0.00
    0.00      0.00
    0.00      0.00
    0.00      0.00
    0.00      0.00
    0.00      0.00
    0.00      0.00
    0.00      0.00
    0.00      0.00
    0.00      0.00
    0.00      0.00
    0.00      0.00
    0.00      0.00
    0.00      0.00
    0.00      0.00
    0.00      0.00
    0.00      0.00
    0.00      0.00
    0.00      0.00
    0.00      0.00
    0.00      0.00
    0.00      0.00
    0.00      0.00
    0.00      0.00
    0.00      0.00
    0.00      0.00
    0.00      0.00
    0.00      0.00
    0.00      0.00
    0.00      0.00
    0.00      0.00
    0.00      0.00
    0.00      0.00
    0.00      0.00
    0.00      0.00
    0.00      0.00
    0.00      0.00
    0.00      0.00
    0.00      0.00
    0.00      0.00
    0.00      0.00
    0.00      0.00
    0.00      0.00
    0.00      0.00
    0.00      0.00
    0.00      0.00
    0.00      0.00
    0.00      0.00
    0.00      0.00
    0.00      0.00
    0.00      0.00
    0.00      0.00
    0.00      0.00
    0.00      0.00
    0.00      0.00
    0.00      0.00
    0.00      0.00
    0.00      0.00
    0.00      0.00
    0.00      0.00
    0.00      0.00
    0.00      0.00
    0.00      0.00
    0.00      0.00
    0.00      0.00
    0.00      0.00
    0.00      0.00
    0.00      0.00
    0.00      0.00
    0.00      0.00
    0.00      0.00
    0.00      0.00
    0.00      0.00
    0.00      0.00
    0.00      0.00
    0.00      0.00
    0.00      0.00
    0.00      0.00
    0.00      0.00
    0.00      0.00
    0.00      0.00
    0.00      0.00
    0.00      0.00
    0.00      0.00
    0.00      0.00
    0.00      0.00
    0.00      0.00
    0.00      0.00
    0.00      0.00
    0.00      0.00
    0.00      0.00
    0.00      0.00
    0.00      0.00
    0.00      0.00
    0.00      0.00
    0.00      0.00
    0.00      0.00
    0.00      0.00
    0.00      0.00
    0.00      0.00
    0.00      0.00
    0.00      0.00
    0.00      0.00
    0.00      0.00
    0.00      0.00
    0.00      0.00
    0.00      0.00
    0.00      0.00
    0.00      0.00
    0.00      0.00
    0.00      0.00
    0.00      0.00
    0.00      0.00
    0.00      0.00
    0.00      0.00
    0.00      0.00
    0.00      0.00
    0.00      0.00
    0.00      0.00
    0.00      0.00
    0.00      0.00
    0.00      0.00
    0.00      0.00
    0.00      0.00
    0.00      0.00
    0.00      0.00
    0.00      0.00
    0.00      0.00
    0.00      0.00
    0.00      0.00
    0.00      0.00
    0.00      0.00
    0.00      0.00
    0.00      0.00
    0.00      0.00
    0.00      0.00
    0.00      0.00
    0.00      0.00
    0.00      0.00
    0.00      0.00
    0.00      0.00
    0.00      0.00
    0.00      0.00
    0.00      0.00
    0.00      0.00
    0.00      0.00
    0.00      0.00
    0.00      0.00
    0.00      0.00
    0.00      0.00
    0.00      0.00
    0.00      0.00
    0.00      0.00
    0.00      0.00
    0.00      0.00
    0.00      0.00
    0.00      0.00
    0.00      0.00
    0.00      0.00
    0.00      0.00
    0.00      0.00
    0.00      0.00
    0.00      0.00
    0.00      0.00
    0.00      0.00
    0.00      0.00
    0.00      0.00
    0.00      0.00
    0.00      0.00
    0.00      0.00
    0.00      0.00
    0.00      0.00
    0.00      0.00
    0.00      0.00
    0.00      0.00
    0.00      0.00
    0.00      0.00
    0.00      0.00
    0.00      0.00
    0.00      0.00
    0.00      0.00
    0.00      0.00
    0.00      0.00
    0.00      0.00
    0.00      0.00
    0.00      0.00
    0.00      0.00
    0.00      0.00
    0.00      0.00
    0.00      0.00
    0.00      0.00
    0.00      0.00
    0.00      0.00
    0.00      0.00
    0.00      0.00
    0.00      0.00
    0.00      0.00
    0.00      0.00
    0.00      0.00
    0.00      0.00
    0.00      0.00
    0.00      0.00
    0.00      0.00
    0.00      0.00
    0.00      0.00
    0.00      0.00
    0.00      0.00
    0.00      0.00
    0.00      0.00
    0.00      0.00
    0.00      0.00
    0.00      0.00
    0.00      0.00
    0.00      0.00
    0.00      0.00
    0.00      0.00
    0.00      0.00
    0.00      0.00
    0.00      0.00
    0.00      0.00
    0.00      0.00
    0.00      0.00
    0.00      0.00
    0.00      0.00
    0.00      0.00
    0.00      0.00
    0.00      0.00
    0.00      0.00
    0.00      0.00
    0.00      0.00
    0.00      0.00
    0.00      0.00
    0.00      0.00
    0.00      0.00
    0.00      0.00
    0.00      0.00
    0.00      0.00
    0.00      0.00
    0.00      0.00
    0.00      0.00
    0.00      0.00
    0.00      0.00
    0.00      0.00
    0.00      0.00
    0.00      0.00
    0.00      0.00
    0.00      0.00
    0.00      0.00
    0.00      0.00
    0.00      0.00
    0.00      0.00
    0.00      0.00
    0.00      0.00
    0.00      0.00
    0.00      0.00
    0.00      0.00
    0.00      0.00
    0.00      0.00
    0.00      0.00
    0.00      0.00
    0.00      0.00
    0.00      0.00
    0.00      0.00
    0.00      0.00
    0.00      0.00
    0.00      0.00
    0.00      0.00
    0.00      0.00
    0.00      0.00
    0.00      0.00
    0.00      0.00
    0.00      0.00
    0.00      0.00
    0.00      0.00
    0.00      0.00
    0.00      0.00
    0.00      0.00
    0.00      0.00
    0.00      0.00
    0.00      0.00
    0.00      0.00
    0.00      0.00
    0.00      0.00
    0.00      0.00
    0.00      0.00
    0.00      0.00
    0.00      0.00
    0.00      0.00
    0.00      0.00
    0.00      0.00
    0.00      0.00
    0.00      0.00
    0.00      0.00
    0.00      0.00
    0.00      0.00
    0.00      0.00
    0.00      0.00
    0.00      0.00
    0.00      0.00
    0.00      0.00
    0.00      0.00
    0.00      0.00
    0.00      0.00
    0.00      0.00
    0.00      0.00
    0.00      0.00
    0.00      0.00
    0.00      0.00
    0.00      0.00
    0.00      0.00
    0.00      0.00
    0.00      0.00
    0.00      0.00
    0.00      0.00
    0.00      0.00
    0.00      0.00
    0.00      0.00
    0.00      0.00
    0.00      0.00
    0.00      0.00
    0.00      0.00
    0.00      0.00
    0.00      0.00
    0.00      0.00
    0.00      0.00
    0.00      0.00
    0.00      0.00
    0.00      0.00
    0.00      0.00
    0.00      0.00
    0.00      0.00
    0.00      0.00
    0.00      0.00
    0.00      0.00
    0.00      0.00
    0.00      0.00
    0.00      0.00
    0.00      0.00
    0.00      0.00
    0.00      0.00
    0.00      0.00
    0.00      0.00
    0.00      0.00
    0.00      0.00
    0.00      0.00
    0.00      0.00
    0.00      0.00
    0.00      0.00
    0.00      0.00
    0.00      0.00
    0.00      0.00
    0.00      0.00
    0.00      0.00
    0.00      0.00
    0.00      0.00
    0.00      0.00
    0.00      0.00
    0.00      0.00
    0.00      0.00
    0.00      0.00
    0.00      0.00
    0.00      0.00
    0.00      0.00
    0.00      0.00
    0.00      0.00
    0.00      0.00
    0.00      0.00
    0.00      0.00
    0.00      0.00
    0.00      0.00
    0.00      0.00
    0.00      0.00
    0.00      0.00
    0.00      0.00
    0.00      0.00
    0.00      0.00
    0.00      0.00
    0.00      0.00
    0.00      0.00
    0.00      0.00
    0.00      0.00
    0.00      0.00
    0.00      0.00
    0.00      0.00
    0.00      0.00
    0.00      0.00
    0.00      0.00
    0.00      0.00
    0.00      0.00
    0.00      0.00
    0.00      0.00
    0.00      0.00
    0.00      0.00
    0.00      0.00
    0.00      0.00
    0.00      0.00
    0.00      0.00
    0.00      0.00
    0.00      0.00
    0.00      0.00
    0.00      0.00
    0.00      0.00
    0.00      0.00
    0.00      0.00
    0.00      0.00
    0.00      0.00
    0.00      0.00
    0.00      0.00
    0.00      0.00
    0.00      0.00
    0.00      0.00
    0.00      0.00
    0.00      0.00
    0.00      0.00
    0.00      0.00
    0.00      0.00
    0.00      0.00
    0.00      0.00
    0.00      0.00
    0.00      0.00
    0.00      0.00
    0.00      0.00
    0.00      0.00
    0.00      0.00
    0.00      0.00
    0.00      0.00
    0.00      0.00
    0.00      0.00
    0.00      0.00
    0.00      0.00
    0.00      0.00
    0.00      0.00
    0.00      0.00
    0.00      0.00
    0.00      0.00
    0.00      0.00
    0.00      0.00
    0.00      0.00
    0.00      0.00
    0.00      0.00
    0.00      0.00
    0.00      0.00
    0.00      0.00
    0.00      0.00
    0.00      0.00
    0.00      0.00
    0.00      0.00
    0.00      0.00
    0.00      0.00
    0.00      0.00
    0.00      0.00
    0.00      0.00
    0.00      0.00
    0.00      0.00
    0.00      0.00
    0.00      0.00
    0.00      0.00
    0.00      0.00
    0.00      0.00
    0.00      0.00
    0.00      0.00
    0.00      0.00
    0.00      0.00
    0.00      0.00
    0.00      0.00
    0.00      0.00
    0.00      0.00
    0.00      0.00
    0.00      0.00
    0.00      0.00
    0.00      0.00
    0.00      0.00
    0.00      0.00
    0.00      0.00
    0.00      0.00
    0.00      0.00
    0.00      0.00
    0.00      0.00
    0.00      0.00
    0.00      0.00
    0.00      0.00
    0.00      0.00
    0.00      0.00
    0.00      0.00
    0.00      0.00
    0.00      0.00
    0.41      0.00
    0.00      0.00
    0.00      0.00
    0.00      0.00
    0.00      0.00
    0.00      0.00
    0.00      0.00
    0.00      0.00
    0.00      0.00
    0.00      0.00
    0.00      0.00
    0.00      0.00
    0.00      0.00
    0.00      0.00
    0.00      0.00
    0.00      0.00
    0.00      0.00
    0.00      0.00
    0.00      0.00
    0.00      0.00
    0.00      0.00
    0.00      0.00
    0.00      0.00
    0.00      0.00
    0.00      0.00
    0.00      0.00
    0.00      0.00
    0.00      0.00
    0.00      0.00
    0.00      0.00
    0.00      0.00
    0.00      0.00
    0.00      0.00
    0.00      0.00
    0.00      0.00
    0.00      0.00
    0.00      0.00
    0.00      0.00
    0.00      0.00
    0.00      0.00
    0.00      0.00
    0.00      0.00
    0.00      0.00
    0.00      0.00
    0.00      0.00
    0.00      0.00
    0.00      0.00
    0.00      0.00
    0.00      0.00
    0.00      0.00
    0.00      0.00
    0.00      0.00
    0.00      0.00
    0.00      0.00
    0.00      0.00
    0.00      0.00
    0.00      0.00
    0.00      0.00
    0.00      0.00
    0.00      0.00
    0.00      0.00
    0.00      0.00
    0.00      0.00
    0.00      0.00
    0.00      0.00
    0.00      0.00
    0.00      0.00
    0.00      0.00
    0.00      0.00
    0.00      0.00
    0.00      0.00
    0.00      0.00
    0.00      0.00
    0.00      0.00
    0.00      0.00
    0.00      0.00
    0.00      0.00
    0.00      0.00
    0.00      0.00
    0.00      0.00
    0.00      0.00
    0.00      0.00
    0.00      0.00
    0.00      0.00
    0.00      0.00
    0.00      0.00
    0.00      0.00
    0.00      0.00
    0.00      0.00
    0.00      0.00
    0.00      0.00
    0.00      0.00
    0.00      0.00
    0.00      0.00
    0.00      0.00
    0.00      0.00
    0.00      0.00
    0.00      0.00
    0.00      0.00
    0.00      0.00
    0.00      0.00
    0.00      0.00
    0.00      0.00
    0.00      0.00
    0.00      0.00
    0.00      0.00
    0.00      0.00
    0.00      0.00
    0.00      0.00
    0.00      0.00
    0.00      0.00
    0.00      0.00
    0.00      0.00
    0.00      0.00
    0.00      0.00
    0.00      0.00
    0.00      0.00
    0.00      0.00
    0.00      0.00
    0.00      0.00
    0.00      0.00
    0.00      0.00
    0.00      0.00
    0.00      0.00
    0.00      0.00
    0.00      0.00
    0.00      0.00
    0.00      0.00
    0.00      0.00
    0.00      0.00
    0.00      0.00
    0.00      0.00
    0.00      0.00
    0.00      0.00
    0.00      0.00
    0.00      0.00
    0.00      0.00
    0.00      0.00
    0.00      0.00
    0.00      0.00
    0.00      0.00
    0.00      0.00
    0.00      0.00
    0.00      0.00
    0.00      0.00
    0.00      0.00
    0.00      0.00
    0.00      0.00
    0.00      0.00
    0.00      0.00
    0.00      0.00
    0.00      0.00
    0.00      0.00
    0.00      0.00
    0.00      0.00
    0.00      0.00
    0.00      0.00
    0.00      0.00
    0.00      0.00
    0.00      0.00
    0.00      0.00
    0.00      0.00
    0.00      0.00
    0.00      0.00
    0.00      0.00
    0.00      0.00
    0.00      0.00
    0.00      0.00
    0.00      0.00
    0.00      0.00
    0.00      0.00
    0.00      0.00
    0.00      0.00
    0.00      0.00
    0.00      0.00
    0.00      0.00
    0.00      0.00
    0.00      0.00
    0.00      0.00
    0.00      0.00
    0.00      0.00
    0.00      0.00
    0.00      0.00
    0.00      0.00
    0.00      0.00
    0.00      0.00
    0.00      0.00
    0.00      0.00
    0.00      0.00
    0.00      0.00
    0.00      0.00
    0.00      0.00
    0.00      0.00
    0.00      0.00
    0.00      0.00
    0.00      0.00
    0.00      0.00
    0.00      0.00
    0.00      0.00
    0.00      0.00
    0.00      0.00
    0.00      0.00
    0.00      0.00
    0.00      0.00
    0.00      0.00
    0.00      0.00
    0.00      0.00
    0.00      0.00
    0.00      0.00
    0.00      0.00
    0.00      0.00
    0.00      0.00
    0.00      0.00
    0.00      0.00
    0.00      0.00
    0.00      0.00
    0.00      0.00
    0.00      0.00
    0.00      0.00
    0.00      0.00
    0.00      0.00
    0.00      0.00
    0.00      0.00
    0.00      0.00
    0.00      0.00
    0.00      0.00
    0.00      0.00
    0.00      0.00
    0.00      0.00
    0.00      0.00
    0.00      0.00
    0.00      0.00
    0.00      0.00
    0.00      0.00
    0.00      0.00
    0.00      0.00
    0.00      0.00
    0.00      0.00
    0.00      0.00
    0.00      0.00
    0.00      0.00
    0.00      0.00
    0.00      0.00
    0.00      0.00
    0.00      0.00
    0.00      0.00
    0.00      0.00
    0.00      0.00
    0.00      0.00
    0.00      0.00
    0.00      0.00
    0.00      0.00
    0.00      0.00
    0.00      0.00
    0.00      0.00
    0.00      0.00
    0.00      0.00
    0.00      0.00
    0.00      0.00
    0.00      0.00
    0.00      0.00
    0.00      0.00
    0.00      0.00
    0.00      0.00
    0.00      0.00
    0.00      0.00
    0.00      0.00
    0.00      0.00
    0.00      0.00
    0.00      0.00
    0.00      0.00
    0.00      0.00
    0.00      0.00
    0.00      0.00
    0.00      0.00
    0.00      0.00
    0.00      0.00
    0.00      0.00
    0.00      0.00
    0.00      0.00
    0.00      0.00
    0.00      0.00
    0.00      0.00
    0.00      0.00
    0.00      0.00
    0.00      0.00
    0.00      0.00
    0.00      0.00
    0.00      0.00
    0.00      0.00
    0.00      0.00
    0.00      0.00
    0.00      0.00
    0.00      0.00
    0.00      0.00
    0.00      0.00
    0.00      0.00
    0.00      0.00
    0.00      0.00
    0.41     26.17
   25.76     20.56
    0.00     25.77
   46.12     53.86
   21.43     12.37
   27.38      9.61
   21.27      1.58
    1.43      0.00
    0.00      0.00
    0.00      0.00
    0.00      1.09
    0.00      0.00
    0.00      0.00
 1897.72    262.21
 1590.29   1286.51
 1945.16   1429.13
 2118.67    525.37
 1624.12   1206.13
 1203.44    616.11
  724.08    803.21
  529.40    108.60
  203.17    132.21
  222.09     94.43
  343.37     71.53
  218.10     50.46
   76.61     34.27
  265.68     31.77
  106.04      2.20
   28.76     20.17
  269.34      3.66
  102.61     23.52
  137.12    441.45
   99.37   3275.54
  391.39   1144.62
 1261.69   4378.53
 1651.97   2953.24
 1488.74    542.49
 2723.10    856.63
  960.38    259.50
  189.71    135.55
  312.67     25.66
  222.96     12.33
  108.65      6.48
   35.41     29.60
    2.46     13.72
    0.87      0.00
    0.00      0.00
   28.16      1.44
    1.44      0.00
    0.00      0.00
    0.00      0.00
    0.00      0.00
    0.00      0.00
    0.00      0.00
    0.41      0.41
    0.00      0.00
    0.00      0.00
    0.00      0.00
    0.00      0.00
    0.00      0.00
    0.00      0.00
    0.00      0.00
    0.00      0.00
    0.00      0.00
    0.00      0.00
    0.00      0.00
    0.00      0.00
    0.00      0.00
    0.00      0.00
    0.00      0.00
    0.00      0.00
    0.00      0.00
    0.00      0.00
    0.00      0.00
    0.00      0.00
    0.00      0.00
    0.00      0.00
    0.00      0.00
    0.00      0.00
    0.00      0.00
    0.00      0.00
    0.00      0.00
   15.08     15.50
    0.65     15.09
   29.88     44.99
   30.02     89.05
   91.54    167.82
  176.77    164.59
  108.24    239.45
  135.48    194.93
  365.69    536.86
  414.92    413.82
  140.81    139.78
  268.88     29.93
  142.35      6.49
   83.67      3.61
   45.21      3.60
   15.52     30.31
    0.00     14.79
    0.00      0.00
    0.00      0.00
   29.65      2.17
    2.89      0.00
    0.00      0.00
    0.00      0.00
    0.00      0.00
    0.00      0.00
    0.00      0.00
    0.00      0.00
    0.00      0.00
    0.00      0.00
  115.33    161.74
   44.37     74.74
   12.40    211.58
   28.76     67.51
   20.02     51.75
  101.43     80.31
   81.94    143.10
  123.05     81.81
  158.54     72.36
  113.41     86.03
  173.79    146.01
  168.92     97.71
   74.46    107.32
  134.49     71.20
   75.23     35.72
   28.17     23.53
   56.86     19.30
   11.21     23.82
   27.29      0.81
    0.00     25.69
   43.84     25.50
    0.00      0.00
   10.31     17.17
   15.56     14.57
   30.04     17.20
   16.95     61.20
   60.38    137.62
  121.21    140.10
  107.56     63.94
   92.88    165.15
   93.04    242.28
  193.05    363.89
  318.67    366.12
  332.10    327.99
  286.28    101.54
  175.54     38.71
  113.26      5.05
   50.87      4.32
   45.88      1.44
    0.72      0.72
   15.00     45.80
    0.00      0.00
    0.00      0.00
    0.72      0.00
   29.36      0.72
    2.15      1.46
    0.00      0.00
    0.00      0.00
    0.00      0.00
    0.00      0.00
    0.00      0.00
    0.00      0.00
    0.00      0.00
    0.00      0.65
    0.65      0.00
    0.00      0.74
    0.74      0.00
    0.00      0.00
    0.00      0.00
    0.00      0.00
    0.00      0.00
    0.00      0.00
    0.00      0.00
    0.00     14.37
   14.37     28.80
   43.20     30.26
   15.08     44.54
   16.23     14.14
    0.71      0.71
   43.94      1.43
   15.71     15.88
   15.17      0.72
    0.65      0.72
   14.36     29.41
   15.06     15.61
   31.00     31.52
   17.13     16.55
    0.00     60.42
  107.49    154.44
  153.25     81.19
   50.24     62.52
   17.16     31.62
   76.70    211.63
  137.63    244.35
  213.62    431.15
  276.06    250.71
  358.07    328.24
  330.49     89.21
   67.18     35.27
  129.19     20.94
   52.74      2.88
   15.17      0.72
   30.31      1.44
    0.72     15.10
   15.10      1.45
    0.00     30.20
    0.73      0.00
    0.72      0.00
   15.88      0.73
   30.77      0.72
   93.67    185.57
   46.57     78.34
    0.00    178.84
    0.00     75.03
  106.55     94.88
   71.94    118.13
   66.51    143.89
  171.68    144.64
  132.03     56.81
   64.77     47.98
  173.12    107.16
   60.54      5.69
  114.92     86.69
   39.75      8.39
   92.66     76.34
   90.11     47.62
   87.59     81.49
   74.22     46.92
   63.50     66.03
   57.82     93.64
   37.29     10.26
    7.67      1.52
   25.99      1.74
   31.90      3.02
    0.00     15.11
   15.15     15.76
   16.16     32.07
   17.27      1.45
    0.00      1.31
   17.07     21.13
   50.10     50.34
   52.44     49.03
   17.34      1.37
    2.16      1.31
   46.70     63.88
   46.04     67.23
  125.70    135.51
  169.16    120.85
   98.52     68.28
  284.43    153.91
   94.47      7.69
    4.33      1.31
   11.53      0.65
    6.42      1.37
    0.00      0.00
    2.16      0.00
    0.00      0.00
    1.37      0.65
    0.00      0.72
    0.00      1.31
    0.00      0.00
    0.72      0.65
    0.72      0.00
    1.37      0.72
    1.39      0.74
    0.00      0.00
    0.00      0.00
    0.00      0.00
    0.00      0.00
    0.00      0.00
    0.00      0.00
    0.00      0.00
    0.00     14.38
   28.75     15.80
   29.46     30.99
    0.00     28.74
   30.67     16.55
    2.17     14.99
   16.45     30.08
   45.93     15.77
   29.37     30.94
   45.19     47.40
   17.17     31.41
    0.72     14.99
    2.15      0.00
   15.06      0.65
   32.74      4.25
    2.08      1.37
    0.72      0.72
   14.99     15.04
    0.65      2.61
    7.90      9.10
    4.19      4.26
    4.84      2.16
    2.03      2.09
    1.31      0.72
    2.68      4.12
    2.61      7.53
    7.84      7.59
   11.30     15.45
   17.45     20.10
    5.49      5.77
   17.17     13.70
   16.04     10.08
    0.65      0.00
    1.31      2.16
    0.00      0.00
    0.00      0.65
    0.65      0.72
   75.15    127.09
   47.57     78.83
    0.00    181.73
    1.31     78.69
   66.75     76.48
   99.55     95.14
  112.71    164.87
  128.11     78.56
   78.43     89.46
   51.53     42.32
   83.26     61.87
   86.53     26.39
  115.58      3.74
   24.53     86.03
   51.58    124.11
  113.94     37.34
  116.11    123.74
   83.76     36.29
  121.09    101.42
   88.20     62.28
   53.50     57.48
  137.18     56.70
   57.60     33.52
    9.61      2.46
   45.75     31.37
   30.71     30.69
    0.65     31.57
    3.47     17.13
    4.38      1.38
   15.82      1.44
   31.72      2.09
    0.00      4.57
   17.21     18.58
    7.59      6.15
    3.47      3.47
    4.33      0.65
    2.03      3.33
    0.72      2.68
    2.16      5.88
    3.40     10.59
    6.15     12.75
    9.24      6.73
   11.26     15.87
   12.56     12.15
    6.35      3.47
    8.58      2.68
   16.96      2.87
    4.96      1.44
    0.72      0.00
    1.44      0.00
    0.00      0.00
    0.65      1.31
    0.00      0.72
    0.00      0.00
    0.74      0.00
    0.72      0.65
    0.00      0.65
    1.31      0.72
    0.65      1.44
    0.72      0.00
    0.00      0.00
    0.72      0.00
    0.00      0.00
    0.00      0.00
    0.00     14.37
    0.00      0.00
   14.37     43.79
   29.39     15.79
    2.16     29.38
   45.15     32.21
   74.01     32.28
   15.67     60.87
   17.15      4.19
    2.89      0.00
   47.12     31.30
    2.08      1.44
   15.05      0.00
   31.15     32.64
    1.96     16.43
    1.37      1.37
   15.00      3.48
    2.16      0.65
    3.33      1.44
    3.40      5.57
    5.50      2.75
    5.36      7.07
    2.82      2.03
    2.03      0.72
    3.33      2.88
    2.03      3.40
    3.92      6.80
    5.88      8.59
   11.30     11.26
   12.10     10.55
    2.75      4.98
   13.85     11.54
    9.55     11.78
    2.68      6.22
    1.96      0.72
  114.71     81.68
   52.49    133.91
    0.00    128.92
    0.00    124.69
   39.91     97.49
   42.87     42.16
   63.17     66.01
  125.91    139.64
   67.29     59.99
  160.43     59.55
   37.78     46.68
  119.48     81.08
   51.99     37.78
   63.18     79.33
  119.48     80.89
  152.79    140.87
   10.87     15.59
  112.46    109.30
  111.93     34.41
   67.82     62.91
   61.37     56.60
    2.15     15.45
   56.85     34.11
   45.28     17.05
   16.41     33.44
   16.89     46.46
   15.84      2.10
   32.32     30.87
   16.28      1.37
    2.16      1.31
   17.97      2.09
   30.80     30.85
    1.31      0.72
    0.00      5.29
   17.91     17.19
    7.01      5.50
    0.72      1.96
    4.78      3.40
    4.20      2.82
    3.54      3.33
    0.72      3.33
    3.54      5.29
    2.75      8.62
    4.84     10.51
    8.38      8.90
    7.80      6.02
   10.54     15.29
    9.65      2.50
    2.82      0.65
   14.35      2.68
    5.56      6.01
    2.68      4.26
    0.65      0.00
    6.35      1.44
    3.56      1.44
    0.00      0.00
    0.00      0.65
    0.00      0.00
    0.00      0.00
    0.00      0.00
    0.72      0.00
    0.65      0.72
    0.00      0.00
    0.00      0.00
    0.00     15.03
   14.37     28.80
    1.31      0.00
   14.80     30.69
   30.34     30.22
   29.96     29.54
   43.84     31.45
    2.75      2.17
   47.37     31.61
    0.72     30.73
    0.00      1.31
   32.15      3.47
   16.44      2.16
   17.11     32.85
   17.04     16.44
   16.43     17.35
    2.82      2.03
   17.10      2.17
    2.16      0.65
    0.72      0.00
   17.07     17.92
    3.27      6.29
    2.75      1.44
    4.12      3.47
    2.26      2.37
    4.71      4.91
    3.40      1.44
    2.03      2.82
    3.40      3.47
    3.99      6.22
    7.84      9.18
    7.98      7.80
   10.07     11.27
    6.80      6.43
    4.57      2.16
   26.46     16.24
  110.54    185.40
   52.26    101.58
   35.45    183.08
    4.07     55.57
    2.14      3.44
    0.64     25.13
  119.51    182.23
   60.75    133.32
  155.30    115.49
   86.92     33.52
   92.80     69.92
  127.43     79.56
   79.71     74.06
   91.72     37.17
   60.67     53.12
   43.00     30.40
  124.51    101.63
   47.68     53.42
   95.72    104.34
   61.16     50.90
   56.71     39.52
   86.29     82.47
   52.63     54.11
   42.86      4.63
   57.78     44.55
   38.01     61.29
   19.89     16.75
   29.66      3.40
   31.73      4.20
   17.21     17.20
    2.82     16.50
   17.88     17.21
    2.03      2.17
   16.61      0.65
    1.44      5.29
    2.03      2.10
    6.29      4.13
    2.10      1.37
    2.75      1.31
    0.72      3.40
    1.96      4.71
    4.19      2.10
    2.89      3.99
    2.82      6.60
    3.40      7.97
    5.57      7.98
    9.76     12.89
    7.15      1.37
    9.17     11.82
   10.55      7.52
    0.72      1.38
    7.15      0.65
   12.12      3.40
    2.68      2.75
    1.31      2.90
    0.72      0.65
    4.93      3.40
    0.00      1.31
    0.72      0.00
    3.50      1.37
    2.75      1.44
    0.00      0.00
    0.00      0.00
    0.72      0.00
    0.65     15.74
   14.37     15.08
    0.00     14.37
    0.71      0.00
   45.44     16.53
   28.80     29.52
   31.40     61.02
    1.37     45.74
   32.51      0.72
   15.73     32.87
   45.87     32.14
   15.06      2.75
   32.21      2.10
   16.39     30.83
   16.50      2.03
    2.75      2.75
   18.43      2.82
    2.82      3.54
    2.03      2.03
    2.09      2.03
    1.37      2.09
    2.03      2.03
    4.64      7.00
    2.75      2.10
    5.50      3.54
    0.72      0.00
    0.72      0.00
    1.37      3.99
    5.94      4.98
    2.09      2.82
    3.47      2.75
    2.61      5.50
    8.49     10.48
    8.60      7.06
    8.70      8.46
   86.36    114.14
   33.22     79.55
   56.70    190.35
    8.75     90.06
    1.37     79.99
   45.43     46.77
   42.65    129.52
   26.86    111.27
  107.62     65.85
   93.06    105.45
   73.85     57.09
  116.08     13.15
   93.88     86.47
   72.59     30.30
   51.13     66.06
  104.06     50.05
   75.17     35.03
  135.84     55.16
   84.02     21.71
   18.03     45.86
   77.90     50.98
   34.00      3.43
  118.39     89.92
   47.14     81.64
    4.99      1.37
   12.51     46.78
   18.57     16.70
   16.17     17.94
   59.52     48.27
   31.71      2.16
   30.93     17.26
   68.91     58.38
    2.75      3.47
   69.24     56.08
   47.71     28.88
   20.70     17.33
   19.86      2.68
   10.54      7.51
    4.26      2.75
    2.75      3.33
    3.47      1.44
    5.60      2.16
    0.72      0.65
    0.00      3.27
    1.96      1.96
    2.82      6.81
    5.64      3.41
    1.31      8.50
    6.36      8.70
    5.43     10.22
   10.62      6.08
    7.87      3.27
    7.80     11.89
    5.56      6.15
    3.56      0.72
    7.07      1.44
   12.05      4.12
    2.68      3.47
    0.00      0.00
    0.72      1.31
    2.16      0.00
    1.37      0.72
    1.44      0.00
    1.31      3.40
    0.00      1.30
   14.38     14.44
    1.44      0.00
    2.75     15.81
    1.37     14.36
   45.12     17.19
    0.00     30.10
   17.09     16.43
    0.65     30.76
   31.62      2.81
   46.13     34.05
   33.48     18.68
    3.46     17.10
    0.72     15.65
    1.44     16.30
   17.16      4.06
   17.08      2.03
   32.66     19.71
    2.81      2.09
    3.40     17.07
    3.49      2.82
    2.82      2.03
   16.43      2.09
    2.68     17.77
    5.29      4.98
   16.53      2.82
   17.84     16.46
    1.96      5.56
    2.82      1.37
    2.82      0.72
    0.00      0.65
    4.71      2.03
    1.96      5.63
    3.47      2.03
    4.51      6.72
   46.26     30.00
   68.21    165.72
   54.07     87.36
   12.26    185.73
    2.68     82.22
   25.11     24.99
   13.36     10.68
   31.25    213.25
   65.22    130.37
   74.57     37.07
  125.58     79.71
   65.65     61.06
  115.23     46.15
   53.80     67.82
   84.94     52.03
   43.74     80.84
  138.21    126.63
   95.62     58.95
   80.91     87.57
   45.29     39.43
  102.10     93.65
   60.57     65.48
  113.30     68.64
   88.84     72.98
  145.79     57.41
   28.67     52.89
   44.82     36.82
   45.63     30.21
  102.02     46.52
   22.65     17.26
   13.93     32.39
    2.03      2.68
    3.46     18.58
   34.49      4.20
    2.10      2.75
   32.23     17.98
    2.03     17.86
    3.47      1.37
    1.44      3.34
   17.20      4.71
    2.82     17.55
    5.57      4.78
    2.10      0.00
   34.58     18.40
    0.72      0.65
    2.68      1.44
    0.72      4.64
    2.03      2.75
    3.47      3.27
    4.26      4.78
    2.10      7.91
    4.91      9.28
    4.05      8.69
   11.20      8.83
    7.87      2.75
    7.04      6.67
   10.62     10.66
    1.37      2.10
    4.91      0.72
   10.82      1.37
    3.47      3.33
    2.03      2.82
    1.37      1.37
    2.03      1.38
    2.16      0.72
    1.43      0.65
    0.00      0.00
    0.72      0.65
    1.37      0.72
    0.72      0.65
    2.03     31.53
    0.65     15.75
   60.54     77.33
   59.87     33.71
    2.82      0.72
   17.90     17.03
   33.06     16.55
   31.37     32.92
    2.03      1.37
    2.83      2.10
   17.02     17.10
   17.82      4.17
   16.11     18.92
   15.04     19.09
    5.55      2.82
    3.47      4.05
    2.82      0.72
    4.91      2.75
   20.42     18.65
    0.65      2.03
    5.36      2.82
    4.19      4.19
    1.37      2.09
    2.61     19.13
    2.75      2.16
    0.72      1.31
   32.21     16.50
    0.72      1.31
    2.61      2.88
    2.26      2.80
  130.32    183.78
    4.12     33.57
   39.37    239.65
   47.64     55.71
    7.22     32.46
   48.40     11.85
   60.53    228.43
    2.61     29.30
  135.27    150.54
   57.60     58.36
   86.99     84.18
   79.58     31.68
   78.00     14.77
   63.85     49.57
   96.75    100.40
   53.38     55.16
   97.84     88.15
  115.44     55.54
   45.04     28.78
   66.85     48.18
   70.82     40.63
   41.43     41.00
   90.38     71.71
   90.35     82.56
   72.60     61.07
   84.91     42.08
   55.17     52.65
   42.19     38.41
   58.93      6.59
   70.93     83.14
   17.62      3.39
   11.05      2.39
   19.50      0.65
    4.78     19.30
   32.14     19.24
    1.96      3.40
    4.78      4.91
   17.54     16.98
    4.06      4.19
    4.19      4.05
    3.33      4.05
    4.26      3.47
    2.88      2.68
    2.10      1.38
    3.54      1.37
    1.96     17.19
    1.31      1.44
    1.44      2.03
   31.64     17.91
    0.65      0.72
    2.16      5.22
    2.10      2.68
    3.40     11.31
    7.67      8.77
    4.78      6.02
   11.34      9.49
    6.49      2.61
    7.02      3.98
    6.42     12.61
    4.85      4.06
    4.19      2.09
    7.08      2.16
   11.40      0.72
    2.03      4.12
    0.00      0.65
    0.00      0.65
    0.72      0.65
    2.09      0.65
    2.10      1.44
    1.37     17.06
    1.38     15.11
    1.37     30.12
   16.40     44.39
   45.77      2.15
   17.99     17.81
   32.23     33.02
    0.00     31.38
   48.51     17.22
   32.36     19.14
   17.55     16.95
    2.03     17.75
   48.36     18.47
    4.06     18.55
   18.55      5.50
    1.38      2.03
    1.37      1.31
   19.37     19.22
    3.43      4.64
    3.47      2.82
    4.84      2.75
   19.91     20.58
    5.37      3.40
    5.50      5.05
    1.44      1.37
    4.77      3.54
    1.44      1.96
    0.65      0.00
    2.92      2.92
    1.44      1.95
   33.19     54.39
   62.94    106.49
   62.91    152.09
    5.25    105.72
    3.27    109.31
   28.45      8.31
    9.45     52.33
   46.67    129.38
   53.97    109.32
   86.72     45.26
   86.81     62.52
   66.96     43.31
   86.05     34.45
  119.80     78.38
   41.57     14.49
  147.62     77.85
   63.28     30.25
   60.02     55.53
   55.78     36.52
   23.03     41.52
   91.22     69.33
   64.56     50.76
   50.22     65.18
   72.37     73.54
   76.18     74.89
   76.00     50.15
   92.94     65.55
   64.72     27.44
   75.24     55.62
   27.15     35.76
   69.35     25.60
   35.95     48.96
   26.78     19.49
   19.16      4.06
   35.08     33.06
    2.89      0.65
   34.43     18.58
    4.06      3.61
    1.37      2.75
    4.77      4.78
    2.61      4.92
    4.78      4.20
    6.22      5.43
    1.38      4.06
   20.69     20.05
    2.82      1.38
    3.47      1.38
    2.10      2.10
    2.10      0.65
    1.37      1.44
    0.72      1.96
    1.38      0.65
    1.31      2.75
    2.10      5.37
    2.10      3.33
    4.15      9.31
    7.66     10.79
    4.13      7.39
   11.27      7.46
    8.52      4.71
    5.71      3.99
    6.36      6.02
    6.28      9.93
    4.12      2.82
    4.98      2.75
    7.86      0.00
    4.98      2.75
    4.77      3.54
    0.00      1.31
    0.72     30.08
   15.80      1.44
    2.10      0.72
   29.49     17.92
   18.32     32.07
    1.37     16.41
   17.19     30.90
    1.37     43.76
   32.04     34.84
   30.58     18.54
   16.51     15.00
   48.74      5.57
   17.79     18.57
   17.82     19.86
    2.68      2.09
   35.32     35.02
    3.47      1.37
   18.54      5.43
   18.56     19.29
    1.44      2.03
    4.92      3.34
    0.72      3.33
    3.47      3.40
    8.11      9.04
    6.29      1.38
    6.22      4.26
    1.44      2.68
    4.64      4.26
    2.82      2.10
    1.99      2.69
   27.35      0.61
   63.97    157.08
   31.93     53.66
   32.59    208.33
    1.25     50.58
   16.75     53.02
   24.11     31.84
    4.00    158.62
   13.23     42.71
  104.06    125.05
   71.31     70.78
  148.38    117.58
   59.93     54.33
   65.90     54.67
   82.20     38.20
   60.31     52.23
   80.77     41.21
   72.06     54.90
   59.62     27.03
   70.94     70.03
   96.79     97.56
   26.35     20.53
   29.30     69.04
   49.43     36.91
  100.57     69.53
   54.77     16.16
  132.48    126.11
   61.52     65.19
   51.22     25.07
   73.84     55.95
   18.54     33.41
   30.84     35.82
   19.30     33.12
   47.89      3.53
   20.18      4.12
   32.04     19.50
    4.78      6.95
   18.48     31.62
    3.53      0.72
    4.05      3.33
   19.95      5.77
    2.61      3.47
    3.54      3.99
    3.27      4.85
    6.09      8.25
    6.22      5.64
    5.71      2.03
    2.10      1.31
    3.40      4.85
    1.44      0.65
    2.75      2.68
    2.10      1.44
    1.31      1.44
    1.44      1.31
    0.72      0.65
    2.75      2.10
    1.37      3.27
    0.72      3.34
    3.42     10.03
    4.85      8.70
    6.22      8.77
   11.28      5.43
    8.45      7.46
    6.50      1.31
    4.26      4.65
    5.57     10.00
    4.12      6.01
    4.13      3.54
    6.49      0.00
   10.69      1.44
    3.47      1.96
   15.04     17.93
    0.65     16.41
    2.75      2.10
   17.85      2.09
    1.44     45.00
   15.52     17.10
   31.56     31.00
   45.31     31.33
   16.17     33.28
   31.48     31.48
    3.46     17.03
   32.85     34.10
   47.19     19.92
   19.00      6.15
    2.75      2.10
   17.87      2.03
    6.29      5.57
   17.78     17.81
    3.40      5.50
   17.28     19.09
    3.55      1.96
    3.54      4.05
    3.46      4.06
    5.50      5.43
    8.90      6.29
    6.87      6.28
    2.68      3.47
    6.94      3.47
    2.43      1.86
   77.99    131.55
   18.78     27.50
   82.81    271.59
   21.25     50.65
   21.78     54.69
    8.27      2.10
    0.65    130.26
    2.75     27.24
   64.86    124.90
   29.24      4.19
   53.66     82.84
   40.88     38.40
   99.49     47.05
   71.53     35.90
   37.24     97.10
   44.44     55.10
   34.58     26.15
    2.68     42.61
   83.95     56.57
   32.66     23.00
   15.68     57.54
   52.00     14.11
   33.96     54.52
   72.38     11.22
  155.27     82.27
   81.40     55.36
  122.80     49.88
   57.50    109.82
   70.78     78.42
  109.19    123.88
   75.32     56.36
   76.06     12.05
   29.42     18.94
   28.42     65.43
   18.59     34.47
   19.89      3.46
   34.98     20.70
    4.25      4.78
    2.75      1.37
   19.25      4.98
    4.26      0.72
   19.09     19.94
    2.68      3.54
    1.31      4.05
    5.49      6.15
    4.64      9.55
    5.57      4.20
    9.76      4.85
    4.85      3.47
    0.72      2.03
    6.21      2.88
    0.65      2.61
    2.17      0.72
    1.37      1.37
    2.11      1.37
    0.65      1.37
    0.72      1.96
    3.33      2.82
    2.03      4.05
    2.09      3.35
    2.81      8.62
    4.19      6.01
    4.84      7.97
    9.82      8.18
    9.02      6.07
    7.86      3.47
    4.26      2.68
    4.98      5.29
    5.43      9.27
    4.19      5.56
    2.16      0.65
    9.10     16.54
    7.73      5.50
   17.75      2.88
    0.72      0.65
    2.15      1.31
   17.09     47.18
   44.34     30.24
   31.52     58.99
   35.87     17.91
    1.38     17.05
   17.26     32.21
   60.49     46.99
    4.12      4.26
    3.32      2.75
   47.72      6.97
   16.84     35.25
    6.29     18.65
   16.83      3.46
   20.87      3.40
    3.34      4.78
    2.82      3.40
    2.82      2.03
    4.19      2.68
    5.50      6.15
    2.03      5.36
    4.71      4.19
    9.55      9.76
    5.39      6.10
   51.26     79.48
   82.78     33.52
   19.87    208.94
   38.09    101.60
   10.32    105.38
    0.65      2.74
    2.90     76.81
    2.02     52.07
   44.55    150.51
   30.30     37.26
   45.20     61.04
  100.37     55.99
   73.25     26.48
   62.88     32.06
   14.75     37.53
   63.33     28.07
   81.12     69.29
   32.92     14.76
   91.67     70.52
    1.92      4.74
   11.70     33.58
  101.72     70.48
   57.14     26.98
   80.20    104.51
   31.29      4.37
   98.64     94.16
   55.38     17.75
   82.54     60.97
  117.48     47.43
   93.84     72.77
  107.37     82.01
   61.00     49.43
   45.25     48.66
    5.55     34.97
    1.37      3.33
   16.97     33.72
   33.66     17.76
    4.71      4.19
   17.94      5.43
   33.70      4.26
   16.96     34.95
    4.20      3.41
    4.71      2.16
    4.98      2.82
    4.06      2.68
    0.72      3.47
    2.68      3.40
    6.15     10.21
    6.81      6.16
    6.23      4.92
    2.75      4.71
    8.25      4.98
    5.57      2.75
    4.19      3.47
    2.10      2.75
    1.96      1.38
    2.77      3.49
    2.03      2.10
    2.10      2.10
    1.46      0.65
    1.37      0.72
    0.72      4.57
    1.38      2.68
    4.84      7.97
    4.12      6.74
    2.75      5.95
   11.20      6.94
    6.36      5.95
    6.43      4.78
    4.91      3.33
    7.08      4.71
    5.50      7.53
    5.43     23.80
    3.47      2.82
    4.91      0.65
   23.77     16.55
   16.54     16.46
   15.52     15.83
   16.17     31.50
   32.22     62.81
   33.72     16.50
   47.89     19.23
   18.26     19.21
   35.75     34.22
   32.26     16.51
    3.47     17.82
    5.42     18.53
   15.80      3.99
    4.84      2.82
    0.65     19.80
   19.26      2.75
    3.40      4.78
   15.83      4.13
   21.40     20.60
    4.78      4.20
    4.26      0.72
    3.60      1.31
    4.77      6.09
    1.95      4.69
   41.27     44.57
   98.19    163.46
   23.82     85.05
    4.83    184.83
    3.42     54.83
    4.78      2.07
    3.54     79.47
   23.35    156.80
    9.65     28.42
   12.72     35.81
    3.37      2.79
   69.73     86.15
   24.92     20.93
   96.18     61.96
   48.25     30.77
  133.86    177.32
   40.76     11.29
   79.99     89.63
   63.44     31.64
   85.79     63.17
   48.87     61.16
  105.30     40.39
  123.32     66.60
   56.88     65.36
   77.69     71.20
   70.91     35.22
  111.43     65.56
   49.29     21.03
   58.98     34.28
   53.82     34.92
   71.92     47.42
   61.36     86.45
   90.04     70.50
   91.20     58.91
   44.90     79.61
  114.43     65.67
   23.75     23.42
   58.94     28.30
   16.23     34.04
   22.08      4.70
   20.03     16.55
    2.75      5.43
    1.31      2.75
    3.34      4.91
   19.30      4.77
    4.78      4.26
    5.43      4.19
    5.50      4.84
    0.72      1.37
    4.78      5.37
    4.13      2.82
    4.84      7.39
    5.43      6.22
    2.68      3.54
    6.88      4.85
    8.27      5.72
    2.75      4.06
    4.06      5.57
    3.57      0.82
    2.16      2.10
    2.68      2.75
    2.10      1.37
    1.44      2.03
    2.10      2.62
    1.96      3.47
    2.10      2.68
    2.89      9.22
    4.06      6.81
    2.75      5.30
   11.34      4.84
    6.36      5.23
    7.66      8.26
    6.15      3.35
    8.45      4.26
    4.84      6.80
    2.75      7.97
    4.12     19.15
    3.54      0.72
    6.36      1.44
   21.51     47.84
   31.59     16.54
   15.03     31.54
   31.63     18.49
   47.05      4.18
   17.09     76.55
    2.75      4.71
   66.32     36.73
   49.20     34.28
   21.31      5.56
   20.60     17.98
   19.72     20.95
    2.75      2.82
    3.54      0.65
    2.88      3.33
    2.75      3.33
    2.61      4.85
    2.82      4.71
    6.16      6.22
    4.33      1.19
   19.79     30.51
  100.35    138.05
   20.36     84.20
   34.66    186.10
    5.52     54.93
    4.19     57.02
   44.92     52.92
   24.48    157.63
   28.36     52.91
   30.67     64.53
   25.07     44.93
   43.34      7.51
   66.41     45.27
   56.41     71.66
   51.77     27.88
   47.39    120.59
   84.70     63.43
  129.89     71.00
   84.83     33.53
   70.61     66.57
   52.78     21.67
   51.67     64.16
   27.17     19.36
   88.69     54.33
   83.75     44.75
   32.26     96.50
   53.75     62.17
  115.69     85.46
   18.23     33.24
  120.59     51.49
   21.62     45.89
   38.69     47.69
   79.98     52.52
   21.46     34.73
   65.09     28.21
   51.52     18.43
   17.82     18.87
   43.61     55.56
   74.63     78.41
   23.38      6.89
   35.39     36.76
    4.20      2.10
   34.53     19.71
    6.28     17.82
   19.84      2.81
    1.44      3.40
    3.39      2.75
    2.68      4.19
    5.43      4.84
    3.40      2.16
    6.30      5.57
    2.03      4.06
    2.03      4.71
    6.94      4.91
    6.16      6.09
    3.40      4.26
    5.56      4.12
    1.37      0.72
    6.18      4.85
    2.75      3.49
    2.61      3.47
    1.96      4.21
    4.85      3.47
    2.12      2.03
    4.94      2.75
    0.65      2.68
    4.78      3.47
    1.44      2.03
    1.37      3.33
    2.16      7.18
    3.47      7.32
    6.87      6.74
   11.28     19.30
   19.95      6.73
    5.57      5.50
    5.70      2.68
    6.35      4.14
    4.93     17.03
    4.12     10.07
   18.42     32.92
   31.56      4.91
    5.56      2.16
   22.98     15.82
   18.19     49.75
    1.38     15.73
   33.49     36.02
   21.53     19.12
   18.48      4.79
   18.93      5.64
   33.71     32.20
   21.32     18.70
    5.42      3.33
    3.40      6.36
   32.87     49.88
    5.43      6.22
    2.82      2.75
   35.11     34.89
   19.27      3.40
    4.12      4.84
    5.25      3.25
   67.25    110.13
   17.29     26.12
   51.86    159.82
    8.12     58.13
   33.20    111.32
    3.47     28.39
   31.18    181.28
    4.77     27.64
   28.43     82.80
    3.61     27.76
    1.44     65.45
   47.48     40.62
   23.86      3.40
   68.61    116.27
   57.42     63.08
   80.07      5.94
   43.59     50.37
   34.76     22.74
   69.49     83.99
   59.46     34.51
   41.92     44.92
   46.34     49.87
   35.22     29.99
   64.46     75.52
  107.20     86.75
   79.53     69.08
   45.52     65.36
   76.94     27.86
  146.62     62.26
   33.61     97.57
   68.36     91.78
  125.43     79.27
  113.53     77.95
   52.66     27.29
   46.94     42.28
   56.29     58.91
   16.40      4.42
   46.39     40.33
   23.90     34.54
   59.48     34.18
   38.94     32.79
    5.68      3.40
   48.22     32.02
    4.12      5.49
    4.19      1.37
   18.51     19.45
    4.71     21.98
    4.12      6.08
    2.68      5.50
   23.22     21.53
   21.52      4.26
    4.91      1.44
    3.33      6.73
    3.47      5.43
    4.19      2.03
    6.87      7.59
    4.80      2.10
    4.91      5.50
    6.08      4.91
    2.03      0.72
    2.75      3.54
    2.12      2.04
    1.38      0.73
    1.96      3.40
    3.40      4.16
    2.03      3.40
    4.78      5.52
    4.75      4.95
    3.57      2.68
    3.65      1.37
    2.03      5.29
    3.47     20.39
    3.35      6.15
    7.07      6.73
   21.38      7.46
    4.91      4.64
    7.87      4.78
   19.06     33.57
    7.08      2.75
    6.87      6.74
   20.75     21.98
    2.10      7.32
    2.75     17.68
    4.84     31.64
   54.57     32.06
   19.95     19.83
   77.33     34.44
    2.44     18.43
   22.18     51.70
    4.84     19.96
   22.63      4.26
   49.83     21.35
   18.59      4.26
    4.19     17.77
    4.71      3.47
   16.53      3.54
    3.54      2.68
    2.67      4.05
    2.64      3.95
   49.88     81.74
   36.00     60.26
   82.24    213.87
    6.21     54.81
    6.22    133.11
   20.06      7.07
   47.83    119.58
    4.10     30.11
   43.08    113.83
    5.43      5.65
   24.76     29.95
   21.76     27.00
   67.70     28.00
   26.54     22.84
   54.26    114.53
    2.12     11.71
   56.99     41.04
   22.80     22.71
   70.89     31.68
   29.72      5.41
   94.68     55.09
   10.17      6.19
   74.79     65.79
   59.25     32.23
   18.39     54.16
   69.79     58.20
   26.16      8.88
   56.59     66.24
   16.86      8.53
   70.00     19.22
   29.44     64.29
   42.69     25.22
   46.51     30.94
   76.85     62.16
   35.32     36.58
   32.02     59.91
   64.48    112.78
  135.62     47.82
   51.48     62.79
   58.15     47.23
   90.77     56.61
   21.39     51.43
   97.14     50.39
   19.90      4.91
   30.34      5.50
   26.51     32.09
    6.08      6.29
    3.54      2.75
   16.23      2.10
    4.77      3.40
    2.10      4.71
    4.71      6.24
    4.80      4.91
    6.07      7.46
    6.15      8.98
    6.15      6.09
    7.16      3.40
    4.14      3.54
    3.47      3.40
    8.31      4.27
    2.68      3.40
    4.05      2.75
    2.68      3.63
    3.47      3.47
    3.35      4.14
    1.37      2.09
    2.09      2.68
    3.42      2.77
    4.05      2.75
    2.16      2.84
    4.23      2.68
    2.61      4.72
    4.07      7.63
    3.40      6.10
   19.75     20.46
    4.37      3.34
    8.39      8.04
    4.92     19.72
    4.19      3.40
    8.52      5.43
   18.54      4.78
    4.26      0.65
    6.15      4.19
   19.89     69.77
    2.68      7.39
    4.22     17.80
   35.88      3.47
   23.68      3.54
   48.65     66.66
   21.32     36.95
    4.05      2.10
   37.10     32.98
   19.71     36.73
   35.69     21.34
   20.42      6.96
   15.06      2.75
   21.99     19.29
    4.14      1.47
   16.02      0.00
    0.00      0.00
    0.00      0.00
    0.00      0.00
    0.00      0.00
    0.00      0.00
    0.00      0.00
    0.00      0.00
    0.00      0.00
    0.00      0.00
    0.00      0.00
    0.00      0.00
    0.00      0.00
    0.00      0.00
    3.86      0.00
    0.00      0.00
    3.03      0.00
    3.15      0.00
    0.00      0.00
    3.10      0.00
    2.92      0.00
    2.22      0.00
    0.00      0.00
    0.00      0.00
    2.23      0.00
    0.00      0.00
    0.00      0.00
    0.00      0.00
    0.00      0.00
    0.00      0.00
    0.00      0.00
    0.00      0.00
    0.00      0.00
    0.00      0.00
    0.00      0.00
    0.00      0.00
    0.00      0.00
