      h_eth1      
 KB/s in  KB/s out
    0.00      0.00
    0.00      0.00
    0.00      0.00
    0.00      0.00
    0.00      0.00
    0.00      0.00
    0.00      0.00
    0.00      0.00
    0.00      0.00
    0.00      0.00
    0.00      0.00
    0.00      0.00
    0.00      0.00
    0.00      0.00
    0.00      0.00
    0.00      0.00
    1.36      0.00
    0.00      0.00
    0.00      0.00
    0.00      0.00
    0.00      0.00
    0.00      0.00
    0.00      0.00
    0.00      0.00
    0.00      0.00
    0.00      0.00
    0.00      0.00
    0.00      0.00
    0.00      0.00
    0.00      0.00
    0.00      0.00
    0.00      0.00
    0.00      0.00
    0.00      0.00
    0.00      0.00
    0.00      0.00
    0.00      0.00
    0.00      0.00
    0.00      0.00
    0.00      0.00
    0.00      0.00
    0.00      0.00
    0.00      0.00
    0.00      0.00
    0.00      0.00
    0.00      0.00
    0.00      0.00
    0.00      0.00
    0.00      0.00
    0.00      0.00
    0.00      0.00
    0.00      0.00
    0.00      0.00
    0.00      0.00
    0.00      0.00
    0.00      0.00
    0.00      0.00
    0.68      0.68
    0.00      0.00
    0.00      0.00
    0.00      0.00
    0.00      0.00
    0.00      0.00
    0.00      0.00
    0.00      0.00
    0.00      0.00
    0.00      0.00
    0.00      0.00
    0.00      0.00
    0.00      0.00
    0.00      0.00
    0.00      0.00
    0.00      0.00
    0.00      0.00
    0.00      0.00
    0.00      0.00
    0.00      0.00
    0.00      0.00
    0.00      0.00
    0.00      0.00
    0.00      0.00
    0.00      0.00
    0.00      0.00
    0.00      0.00
    0.00      0.00
    0.00      0.00
    0.00      0.00
    0.00      0.00
    0.00      0.00
    0.00      0.00
    0.00      0.00
    0.00      0.00
    0.00      0.00
    0.00      0.00
    0.00      0.00
    0.00      0.00
    0.00      0.00
    0.00      0.00
    0.00      0.00
    0.00      0.00
    0.00      0.00
    0.00      0.00
    0.00      0.00
    0.00      0.00
    0.00      0.00
    0.00      0.00
    0.00      0.00
    0.00      0.00
    0.00      0.00
    1.93      0.00
    0.82     26.18
    0.00      0.00
    0.00     25.76
    0.00      0.00
    0.00      0.00
   22.21     27.31
    0.00      0.00
   32.53      0.00
   18.47      2.99
    0.00      1.11
    0.67      0.00
    0.00      0.00
  125.92      0.73
  167.86     79.82
  224.15     23.24
  227.48     21.24
  581.96    260.16
  103.92     55.85
  264.37    165.01
  562.10    166.38
  554.23     55.43
  212.87    296.05
  489.36      1.61
  177.79    325.87
  471.38     13.46
  146.97    148.90
  251.56    214.52
  309.64    164.87
  373.73      0.00
  242.07     25.74
  375.85    764.56
  213.12    364.06
  394.81    273.79
  458.31    314.86
  308.11    167.60
  256.36    153.51
  480.39     38.05
  337.50     92.30
  206.76    739.00
  292.47    139.79
  298.53     49.19
  353.60     51.50
  371.89    230.97
  399.65    442.39
  301.02    353.52
  235.66    389.55
  567.69    487.34
  345.95    698.52
  598.86    617.82
  407.26    513.81
  672.65    494.99
  494.36    873.54
  572.85    896.31
  618.05   1313.27
  724.97    382.07
  733.89    934.87
  784.24    899.75
  489.67    931.27
  625.12    351.07
  449.74    354.49
  216.65     72.32
  159.16     46.52
   51.42     11.74
   10.73     14.46
    1.74      0.00
    0.00      0.00
    1.44      0.00
    0.00      0.00
    0.00      0.00
    0.00      0.00
    0.00      0.00
    0.00      0.00
    0.00      0.00
    0.00      0.00
    0.00      0.00
    0.00      0.00
    0.00      0.00
    0.00      0.00
    0.00      0.00
    0.00      0.00
    0.00      0.00
    0.00      0.00
    0.00      0.00
    0.00      0.00
    0.00      0.00
    0.00      0.00
    0.00      0.00
    0.00      0.00
    0.00      0.00
    0.00      0.00
    0.00      0.00
    0.00      0.00
    0.00      0.00
    0.00      0.00
    0.00      0.00
    0.00      0.00
    0.00      0.00
    0.00      0.00
    0.00      0.00
    0.00      0.00
    0.00      0.00
   14.37     15.57
    0.00      0.00
   14.38     15.59
  130.51    222.73
  133.09    152.57
  150.81    123.25
  179.71    265.87
  142.63    179.87
  168.51    165.44
  118.01    106.55
  212.26     97.01
   77.79     33.07
   46.76     43.23
   20.03      2.15
   15.09     29.95
    0.72      0.00
    0.00      0.00
   29.60     15.81
    2.10      0.72
    0.00      0.00
    0.00      0.00
    0.00      0.00
    0.00      0.00
    0.00      0.00
    0.00      0.00
    0.00      0.00
    0.00      0.00
    0.00      0.00
    0.00      0.00
    0.00      0.00
    0.00      0.00
    0.00      0.00
    0.00      0.00
    0.00      0.00
    0.00      0.00
    0.00      0.00
    0.00      0.00
    0.00      0.00
    0.00      0.00
    0.00      0.00
    0.00      0.00
    0.00      0.00
    0.00      0.00
    0.00      0.00
    0.00      0.00
    0.00      0.00
    0.00      0.00
    0.00      0.00
    0.00      0.00
    0.00      0.00
    0.00      0.00
    0.00      0.00
   14.79     15.05
   30.56     30.56
   44.37     60.69
   76.16    166.75
  198.15    171.64
  170.57    198.49
  110.21    168.41
   94.67    135.01
  182.84    185.96
  157.50    144.85
  197.74     98.60
  112.33     83.35
   49.51     31.15
   35.40      1.43
    3.60      0.00
   15.51     29.84
    0.00      0.00
    1.45      0.00
    0.72      0.00
    0.00      0.00
    0.00      0.00
    0.00      0.00
    0.00      0.00
    0.00      0.00
    0.00      0.00
    0.00      0.00
    0.00      0.00
    0.00      0.00
    0.00      0.00
    0.00      0.00
    0.00      0.00
    0.65     14.86
   14.85      0.72
    0.00      0.00
    0.00      0.00
    0.00      0.00
    0.00      0.00
    0.00      0.00
    0.00      0.00
    0.00      0.00
    0.00      0.00
    0.00      0.00
    0.00      0.00
    0.00      0.00
    0.00      0.00
    0.00      0.00
    0.00      0.00
    0.00      0.00
    0.00      0.00
    0.00      0.00
    0.00      0.00
   30.87     30.87
   14.99     15.90
   75.18     76.07
   46.45     78.29
  108.66    169.37
  125.97    110.41
  108.79    140.13
  123.95    155.89
   96.87    138.48
   97.68    109.51
  167.05    170.47
  125.78     69.42
  173.94     98.78
   46.43     47.20
   65.94     16.49
    2.14      0.72
    2.89     15.10
   15.71     15.05
    0.00      0.00
   14.85      0.72
    0.72      0.00
    0.00      0.00
    0.00      0.00
    0.00      0.00
    0.00      0.00
    0.00      0.00
    0.00      0.00
    0.00      0.00
    0.00      0.00
    0.00      0.00
    0.00      0.00
    0.00      0.00
    0.00      0.00
    0.00      0.00
    0.00      0.00
    0.00      0.00
    0.00      0.00
    0.00      0.00
    0.00      0.00
    0.00      0.00
    0.00      0.00
    0.00      0.00
    0.00      0.00
    0.00      0.00
    0.00      0.00
   15.06     15.06
    0.65      0.72
    0.00      0.00
    0.00      0.00
    0.00      0.00
   15.81     16.54
   15.16     15.10
   30.31     31.57
   45.38     18.04
   90.67     49.75
   31.63     34.38
   64.69     66.84
   64.66     79.34
   79.12    153.39
   95.63     55.18
   65.35     81.85
   66.69     51.02
  112.72    184.67
   66.15      5.77
  204.45    149.53
   62.63     63.40
   35.28     17.27
   48.98     17.35
    1.45      0.00
    1.43      0.65
   15.82     15.16
    0.72      0.00
    0.00      0.00
    0.72      0.00
    0.00      0.00
    0.00      0.00
    0.00      0.00
    0.00      0.00
    0.00      0.00
    0.00      0.00
    0.00      0.00
    0.00      0.00
    0.00      0.00
    0.00      0.00
    0.00      0.00
    0.00      0.00
    0.00      0.00
    0.00      0.00
    0.00      0.00
    0.00      0.00
    0.00      0.00
    0.00      0.00
    0.00      0.00
    0.00      0.00
    0.00      0.00
    0.00      0.00
    0.00      0.00
    0.00      0.00
    0.00      0.00
    0.00      0.00
    1.44      1.31
    0.00      0.65
    0.72      1.31
    2.10      2.03
   17.13     17.86
    3.40      4.84
    3.53      3.40
    2.68      4.70
    4.84      4.19
    7.53      8.18
    2.03      4.77
    8.24      7.52
    4.84      6.15
   22.65      8.17
    4.19      7.91
    4.12      4.26
   15.04     23.43
    6.35      4.84
    2.82      2.09
    4.12      2.09
    3.53      1.44
    0.00      0.65
    1.37      0.00
    0.00      0.72
   15.05      0.72
    0.00      0.00
    0.00      0.00
    0.00      0.00
    0.00      0.00
    0.00      0.00
    0.00      0.00
    0.00      0.00
    0.00      0.00
    0.00      0.00
    0.00      0.00
    0.00      0.00
    0.00      0.00
    0.00      0.00
    0.00      0.00
    0.00      0.00
    0.00      0.00
    0.00      0.00
    0.00      0.00
    0.00      0.00
    0.00      0.00
    0.00      0.00
    0.00      0.00
    0.00      0.00
    0.00      0.00
    0.00      0.00
    2.67      1.44
    0.65      0.72
    1.31      2.09
    0.72      0.00
    0.00      1.31
    3.16      3.16
    2.03      2.09
    3.40      1.44
    0.65      4.05
    3.26      6.08
    4.19      2.88
    8.70      8.33
    4.12      4.84
    4.77      6.80
    3.47      4.84
    7.59      4.83
   20.53      8.24
   18.48      7.60
   23.55     20.62
    7.66     22.25
    3.09      4.53
    3.60      0.00
    4.91      2.03
    0.72      0.72
    0.00      0.65
    0.72      0.00
    0.72      0.00
   15.17      0.71
    0.00      0.00
    0.00      0.00
    0.00      0.00
    0.00      0.00
    0.00      0.00
    0.00      0.00
    0.00      0.00
    0.00      0.00
    0.00      0.00
    0.00      0.00
    0.00      0.00
    0.00      0.00
    0.00      0.00
    0.68      0.00
    0.00      0.00
    0.00      0.00
    0.00      0.00
    0.00      0.00
    0.00      0.00
    0.00      0.00
    0.00      0.00
    0.00      0.00
    1.44      1.31
    0.72      0.65
    2.10      1.31
    0.00      0.72
    0.00      0.00
    1.96      2.75
    1.44      2.03
    1.30      2.75
    2.82      1.37
    1.44      1.31
    1.70      3.99
    5.36      9.54
    4.26      2.03
    6.87      4.91
    6.87      4.77
    2.03      6.15
    6.22      7.38
    3.40      3.40
    7.07      4.70
    4.26      5.43
   16.47      3.40
   12.16     24.99
    5.49      4.19
    5.05      1.44
    1.37      0.00
    2.10      2.10
    0.65      0.72
    0.00      0.65
    0.00      0.00
    1.44      0.00
    0.00      0.00
    0.00      0.00
    1.37      0.00
    0.00      0.00
    0.00      0.00
    0.00      0.00
    0.00      0.00
    0.00      0.00
    0.00      0.00
    0.00      0.00
    0.00      0.00
    0.00      0.00
    0.00      0.00
    0.00      0.00
    0.00      0.00
    0.00      0.00
    0.00      0.00
    0.00      0.00
    0.00      0.00
    0.00      0.00
    1.31      1.44
    0.65      0.72
    2.03      2.09
    0.00      0.00
    0.00      0.00
    1.44      1.96
    2.03      1.44
    1.31      2.03
    1.96      2.16
    2.10      1.44
    0.65      0.65
    0.00      3.33
    3.99      4.85
    7.46      7.66
    4.19      4.79
    3.98      2.81
    3.40      5.49
    4.91      3.47
    5.36      6.87
    4.05      3.60
    3.47      2.75
    3.54      4.57
    1.96      5.44
    8.76      6.22
    8.31      7.13
    4.26      2.03
    2.82      0.72
    2.10      0.72
    0.72      0.00
    0.65      2.03
    0.00      0.00
    0.00      0.00
    1.44      0.00
    0.00      0.00
    0.00      0.00
    0.00      0.00
    0.00      0.00
    0.00      0.00
    0.00      0.00
    0.00      0.00
    0.00      0.00
    0.00      0.00
    0.00      0.00
    0.00      0.00
    0.00      0.00
    0.00      0.00
    0.00      0.00
    0.00      0.00
    0.00      0.00
    0.00      1.31
    1.44      0.00
    0.72      0.65
    2.09      2.03
    0.00      0.00
    0.00      0.00
    1.30      1.37
    2.09      2.03
    0.72      2.03
    2.03      1.31
    2.09      2.81
    0.72      0.65
    0.72      0.65
    2.03      3.33
    1.37      4.71
    5.49      4.77
    5.50      5.50
    4.19      2.75
    4.77      4.26
    3.47      4.64
    2.68      4.77
    2.75      2.75
    7.79      4.12
    2.75      2.03
    1.37      2.68
    2.75      6.01
    5.43      5.56
   21.13      4.97
    5.63      4.19
    2.09      0.72
    2.75      0.72
    0.72      0.72
    0.00      0.00
    0.65      1.31
    0.00      0.72
    0.00      0.00
    0.72      0.00
    0.72      0.00
    0.00      0.00
    0.00      0.00
    0.00      0.00
    0.00      0.00
    0.00      0.00
    0.00      0.00
    0.00      0.00
    0.00      0.00
    0.00      0.00
    0.00      0.00
    0.00      0.00
    0.00      0.00
    1.30      0.00
    0.00      1.44
    0.65      0.73
    2.03      2.09
    0.00      0.00
    0.68      0.00
    0.00      0.65
    2.03      1.44
    1.37      1.37
    0.65      2.03
    1.31      1.44
    3.40      1.44
    0.00      1.37
    0.65      1.37
    1.96      2.09
    3.40      4.12
    1.37      3.40
    6.08      5.51
    4.12      5.50
    3.47      2.81
    3.40      4.12
    5.49      2.09
    5.36      7.07
    1.37      2.03
    2.75      2.68
    2.03      2.68
    2.75      4.19
    3.47      4.70
    4.05      4.77
    4.84      4.12
    6.87      3.54
    1.44      2.09
    2.16      0.00
    2.75      0.72
    0.72      0.72
    0.00      0.00
    0.00      1.31
    0.65      0.72
    0.00      0.00
    0.72      0.00
    0.72      0.00
    0.00      0.00
    0.00      0.00
    0.00      0.00
    0.00      0.00
    0.00      0.00
    0.68      0.00
    0.00      0.00
    0.00      0.00
    0.00      0.00
    0.72      1.31
    0.72      0.00
    1.37      1.39
    2.09      2.03
    0.00      0.00
    0.00      0.00
    0.65      1.37
    0.00      0.65
    2.09      1.31
    0.72      0.72
    1.37      2.03
    2.68      3.47
    1.44      0.00
    0.72      0.65
    0.00      2.61
    2.03      2.75
    3.47      1.37
    2.82      4.05
    2.03      2.68
    4.71      4.84
    5.56      4.12
    2.75      6.15
    3.33      4.77
    3.60      0.72
    5.56      2.09
    2.09      3.33
    0.65      2.75
    2.75      3.33
    5.49      2.81
    2.75      3.54
    3.54      3.26
    3.98      5.56
    2.75      2.09
    5.49      4.26
    1.44      0.65
    1.44      0.00
    1.37      0.72
    0.65      0.72
    0.00      0.65
    0.00      0.00
    0.65      1.37
    0.72      0.00
    0.00      0.00
    0.72      0.00
    0.00      0.00
    0.00      0.00
    0.00      0.00
    0.00      0.00
    0.00      0.00
    0.00      0.00
    1.31      1.44
    0.00      0.00
    2.68      1.37
    0.72      2.09
    0.00      0.00
    0.00      0.00
    0.00      0.65
    2.03      0.72
    0.00      0.72
    1.37      1.37
    0.65      1.37
    1.37      2.03
    1.96      2.16
    2.09      0.72
    0.65      1.37
    1.31      0.65
    1.96      4.19
    2.09      2.75
    2.75      1.37
    2.03      2.68
    2.03      5.51
    6.15      4.19
    2.09      3.33
    6.15      2.16
    4.64      6.42
    2.16      1.37
    0.72      0.65
    2.68      2.75
    1.31      5.46
    2.68      3.40
    4.12      4.19
    2.82      2.68
    3.60      1.31
    2.68      4.77
    2.75      2.03
   19.34      3.47
    3.40      3.54
    0.73      0.00
    2.09      0.00
    0.72      0.72
    0.65      0.72
    0.00      0.65
    0.00      0.00
    1.88      1.06
    0.72      0.72
    0.00      0.00
    0.00      0.00
    0.72      0.00
    0.00      0.00
    0.00      0.00
    1.44      1.31
    0.00      0.00
    0.65      2.03
   12.45    167.00
   28.83      5.64
  286.46     66.61
  157.98     31.00
   59.21     27.99
   44.53     32.73
   53.37      0.64
   18.18     13.80
    0.72      0.00
    0.00      0.00
   39.32     32.73
    0.00      0.00
   25.26     20.92
   59.20     39.11
   76.87     67.93
   77.87     93.77
  155.60    147.46
   26.48     52.36
  162.13    153.97
  143.30     74.37
  194.20    206.76
   60.19     74.36
  198.12    185.53
   47.29     42.53
  142.32     79.37
  140.50     77.04
   40.12      7.45
   43.66      8.16
   22.18      0.00
   10.31      0.00
   27.26     21.33
    0.00      0.00
   25.77     27.40
   27.30     20.20
    0.00      0.00
    9.61      0.00
    1.60      0.00
    0.72      0.00
    0.00      0.00
    0.00      0.00
    0.00      0.00
    0.00      0.00
    0.00      0.00
    0.00      0.00
    0.00      0.00
    0.00      0.00
    0.00      0.00
    0.00      0.00
    0.00      0.00
    0.00      0.00
    6.08      6.21
    9.86      2.09
   27.49     42.69
   15.01     24.89
   11.07      7.94
    8.65      0.72
    2.16      0.65
    0.00      0.00
    0.65     15.11
    0.74      0.00
   14.37      0.71
    0.71      0.00
    0.00      0.00
   14.37     14.43
    0.00      0.00
    0.00      0.00
    0.72      0.00
    0.00     14.37
   15.16      0.72
    0.00      0.00
    0.00      0.00
   43.16     44.61
   28.74     30.32
   15.08     14.43
   29.45     29.59
   17.27     14.43
   14.37     15.16
   44.53     58.37
   43.85     45.34
   29.46     29.51
   18.68      1.45
    0.00      0.00
    2.18      0.00
    0.72      0.00
    0.00      0.00
    0.00      0.00
   14.38     15.18
    0.00      0.00
    0.00      0.00
    0.00      0.00
    0.72      0.00
    0.00      0.00
    0.00      0.00
    0.00      0.00
    0.00      0.00
    0.00      0.00
    0.00      0.00
    0.00      0.00
    0.00      0.00
    0.00      0.00
    4.12      6.08
    2.16      8.49
    2.03     28.21
    8.58      5.94
   15.59      7.97
   22.74     10.86
   16.41     11.98
    6.43      1.44
    5.77      0.72
    0.72      0.65
    0.72      0.00
    0.65     15.53
    0.74      0.00
   15.50      0.71
    0.00      0.00
   14.78     14.84
    0.00      0.00
    0.00      0.00
    0.72     14.79
   15.57      0.74
    0.00      0.00
   14.85     14.79
    0.00      0.72
   29.58     31.08
   46.51     44.52
   14.79     15.59
   15.50     14.84
   16.95     15.58
   15.50     14.84
   30.29     45.20
   44.37     47.33
   30.30     16.29
   34.65     30.46
    0.00      0.00
    1.44      0.00
    0.72      0.00
    0.72      0.00
    0.00      0.00
    0.00      0.00
    0.00      0.00
   14.79     15.58
    0.00      0.00
    0.00      0.00
    0.72      0.00
    0.00      0.00
    0.00      0.00
    0.00      0.00
    0.00      0.00
    0.00      0.00
    0.00      0.65
    6.08      3.47
    0.00      2.16
    0.72      1.31
   11.16      9.37
   16.97     15.07
    9.13     17.81
    5.29      8.38
    4.77     10.06
    7.45      6.87
    8.96      6.42
    4.91      1.37
    2.89      1.44
    0.72      0.65
    0.72     14.99
    0.65      0.74
    0.74      0.00
   16.46      0.71
    0.00      0.00
   15.01     15.80
    0.65     15.07
   15.06      0.72
   15.77     14.99
    0.00      0.72
    0.00      0.00
   15.72     30.05
   29.98     16.50
    1.44      0.00
   44.94     45.86
   15.71     15.79
   17.15     15.79
   15.72     15.79
   15.00     30.05
   45.70     47.20
   30.71     15.77
   34.27     31.55
   15.00     15.05
    0.72      0.00
    0.72      0.00
    0.72      0.00
    0.72      0.00
    0.00      0.00
    0.00      0.00
    0.00      0.00
   14.99     15.05
    0.00      0.00
    0.00      0.00
    0.72      0.00
    0.00      0.00
    0.00      0.00
    1.31      1.31
    2.82      4.77
    3.87      0.72
    0.72      2.61
    2.03     10.59
    3.54     17.70
    9.37      8.48
    9.30      3.98
   11.54      1.96
   10.77      4.77
    8.38      7.45
    7.03      6.87
    8.99      7.66
    6.20      2.09
    9.17      1.37
    5.88      1.44
    1.62      0.65
    1.61      0.00
    2.28      0.74
    0.00      0.00
    1.77      0.00
    0.00      0.00
    0.00      0.00
    0.00      0.00
    0.00      0.00
    0.00      0.00
    0.00      0.00
    0.00      0.00
    0.00      0.00
    0.00      0.00
    0.89      0.00
    0.00      0.00
    0.00      0.00
    0.00      0.00
    0.00      0.00
    0.00      0.00
    0.00      0.00
    0.00      0.00
    0.00      0.00
    0.00      0.00
    0.00      0.00
    0.00      0.00
    0.00      0.00
    0.00      0.00
    0.00      0.00
    0.00      0.00
    0.00      0.00
    0.00      0.00
    0.00      0.00
    0.00      0.00
    2.03      1.96
    2.10      2.16
    1.96      1.44
    0.00      0.72
    0.65      1.37
    8.49      6.49
    4.64      6.49
   12.40     10.02
   10.44     10.81
    3.33      7.93
    3.26      5.56
    1.31      4.77
    4.78      6.81
    6.15      3.99
    2.61      5.56
    8.31      7.08
    3.61      0.65
    4.19      0.65
    0.00      2.09
    0.74      0.00
    0.65      0.00
    1.46      0.74
    0.00      0.00
    0.00      0.00
    0.00      0.00
    0.00      0.00
    0.00      0.00
    0.00      0.00
    0.00      0.00
    0.00      0.00
    0.00      0.00
    0.00      0.00
    0.00      0.00
    0.00      0.00
    0.00      0.00
    0.00      0.00
    0.00      0.00
    0.00      0.00
    0.00      0.00
    0.00      0.00
    0.00      0.00
    0.00      0.00
    0.00      0.00
    0.00      0.00
    0.00      0.00
    0.00      0.00
    0.00      0.00
    0.00      0.00
    0.00      0.00
    0.00      0.00
    0.00      0.00
    0.00      0.00
    0.00      0.00
    0.00      0.00
    0.00      0.00
    0.00      0.00
    0.00      0.00
    0.41      0.41
    0.00      0.00
    0.00      0.00
    0.00      0.00
    0.00      0.00
    0.00      0.00
    0.00      0.00
    0.00      0.00
    0.00      0.00
    0.00      0.00
    0.00      0.00
    0.00      0.00
    0.00      0.00
    0.00      0.00
    0.00      0.00
    0.00      0.00
    0.00      0.00
    0.00      0.00
