      h_eth1      
 KB/s in  KB/s out
    0.00      0.00
    0.00      0.00
    0.00      0.00
    0.00      0.00
    0.00      0.00
    0.00      0.00
    0.00      0.00
    0.00      0.00
    0.00      0.00
    0.00      0.00
    0.00      0.00
    0.00      0.00
    0.00      0.00
    0.00      0.00
    0.00      0.00
    0.00      0.00
    0.00      0.00
    0.68      0.00
    0.00      0.00
    0.00      0.00
    0.00      0.00
    0.00      0.00
    0.00      0.00
    0.00      0.00
    0.00      0.00
    0.00      0.00
    0.00      0.00
    0.00      0.00
    0.00      0.00
    0.00      0.00
    0.00      0.00
    0.00      0.00
    0.00      0.00
    0.00      0.00
    0.00      0.00
    0.00      0.00
    0.00      0.00
    0.00      0.00
    0.00      0.00
    0.00      0.00
    0.00      0.00
    0.00      0.00
    0.00      0.00
    0.00      0.00
    0.00      0.00
    0.00      0.00
    0.00      0.00
    0.00      0.00
    0.00      0.00
    0.00      0.00
    0.00      0.00
    0.00      0.00
    0.00      0.00
    0.00      0.00
    0.00      0.00
    0.00      0.00
    0.00      0.00
    0.00      0.00
    1.36      0.00
    0.00      0.00
    0.00      0.00
    0.00      0.00
    0.00      0.00
    0.00      0.00
    0.00      0.00
    0.00      0.00
    0.00      0.00
    0.00      0.00
    0.00      0.00
    0.00      0.00
    0.00      0.00
    0.00      0.00
    0.00      0.00
    0.00      0.00
    0.00      0.00
    0.00      0.00
    0.00      0.00
    0.00      0.00
    0.00      0.00
    0.00      0.00
    0.00      0.00
    0.00      0.00
    0.00      0.00
    0.00      0.00
    0.00      0.00
    0.00      0.00
    0.00      0.00
    0.00      0.00
    0.00      0.00
    0.00      0.00
    0.00      0.00
    0.00      0.00
    0.00      0.00
    0.00      0.00
    0.00      0.00
    0.00      0.00
    0.00      0.00
    0.00      0.00
    0.00      0.00
    0.00      0.68
    0.00      0.00
    0.00      0.00
    0.00      0.00
    0.00      0.00
    0.00      0.00
    0.00      0.00
    0.00      0.00
    0.00      0.00
    0.00      0.00
    0.00      0.00
    0.00      0.00
    0.00      0.00
    0.00      0.00
    0.00      0.00
    0.00      0.00
    0.00      0.00
    0.00      0.00
    0.00      0.00
    0.00      0.00
    0.00      0.00
    0.00      0.00
    0.00      0.00
    0.00      0.00
    0.00      0.00
    0.00      0.00
    0.00      0.00
    0.00      0.00
    0.00      0.00
    0.00      0.00
    0.00      0.00
    0.00      0.00
    0.00      0.00
    0.00      0.00
    0.00      0.00
    0.00      0.00
    0.00      0.00
    0.00      0.00
    0.00      0.00
    0.00      0.00
    0.68      0.00
    0.00      0.00
    0.00      0.00
    0.00      0.00
    0.00      0.00
    0.00      0.00
    0.00      0.00
    0.00      0.00
    0.00      0.00
    0.00      0.00
    0.00      0.00
    0.00      0.00
    0.00      0.00
    0.00      0.00
    0.00      0.00
    0.00      0.00
    0.00      0.00
    0.00      0.00
    0.00      0.00
    0.00      0.00
    0.00      0.00
    0.00      0.00
    0.00      0.00
    0.00      0.00
    0.00      0.00
    0.00      0.00
    0.00      0.00
    0.00      0.00
    0.00      0.00
    0.00      0.00
    0.00      0.00
    0.00      0.00
    0.00      0.00
    0.00      0.00
    0.00      0.00
    0.00      0.00
    0.00      0.00
    0.00      0.00
    0.00      0.00
    0.00      0.00
    0.00      0.00
    0.00      0.00
    0.00      0.00
    0.00      0.00
    0.00      0.00
    0.00      0.00
    0.00      0.00
    0.00      0.00
    0.00      0.00
    0.00      0.00
    0.00      0.00
    0.00      0.00
    0.00      0.00
    0.00      0.00
    0.00      0.00
    0.00      0.00
    0.00      0.00
    0.00      0.00
    0.00      0.00
    0.00      0.00
    0.00      0.00
    0.00      0.00
    0.00      0.00
    0.00      0.00
    0.00      0.00
    0.00      0.00
    0.00      0.00
    0.00      0.00
    0.00      0.00
    0.00      0.00
    0.00      0.00
    0.00      0.00
    0.00      0.00
    0.00      0.00
    0.00      0.00
    0.00      0.00
    0.00      0.00
    0.00      0.00
    0.00      0.00
    0.00      0.00
    0.00      0.00
    0.00      0.00
    0.68      0.00
    0.00      0.00
    0.00      0.00
    0.00      0.00
    0.00      0.00
    0.00      0.00
    0.00      0.00
    0.00      0.00
    0.00      0.00
    0.00      0.00
    0.00      0.00
    0.00      0.00
    0.00      0.00
    0.00      0.00
    0.00      0.00
    0.00      0.00
    0.00      0.00
    0.00      0.00
    0.00      0.00
    0.00      0.00
    0.00      0.00
    0.00      0.00
    0.00      0.00
    0.00      0.00
    0.00      0.00
    0.00      0.00
    0.00      0.00
    0.00      0.00
    0.00      0.00
    0.00      0.00
    0.00      0.00
    0.00      0.00
    0.00      0.00
    0.00      0.00
    0.00      0.00
    0.00      0.00
    0.00      0.00
    0.00      0.00
    0.00      0.00
    0.00      0.00
    0.00      0.00
    0.00      0.00
    0.00      0.00
    0.00      0.00
    0.00      0.00
    0.00      0.00
    0.00      0.00
    0.00      0.00
    0.00      0.00
    0.00      0.00
    0.00      0.00
    0.00      0.00
    0.00      0.00
    0.00      0.00
    0.00      0.00
    0.00      0.00
    0.00      0.00
    0.00      0.00
    0.00      0.00
    0.00      0.00
    0.00      0.00
    0.00      0.00
    0.00      0.00
    0.00      0.00
    0.00      0.00
    0.00      0.00
    0.00      0.00
    0.00      0.00
    0.00      0.00
    0.00      0.00
    0.00      0.00
    0.00      0.00
    0.00      0.00
    0.00      0.00
    0.00      0.00
    0.00      0.00
    0.00      0.00
    0.00      0.00
    0.00      0.00
    0.00      0.00
    0.00      0.00
    0.00      0.00
    0.00      0.00
    0.00      0.00
    0.00      0.00
    0.00      0.00
    0.00      0.00
    0.00      0.00
    0.00      0.00
    0.00      0.00
    0.00      0.00
    0.00      0.00
    0.00      0.00
    0.00      0.00
    0.00      0.00
    0.00      0.00
    0.00      0.00
    0.00      0.00
    0.00      0.00
    0.00      0.00
    0.00      0.00
    0.00      0.00
    0.00      0.00
    0.00      0.00
    0.00      0.00
    0.00      0.00
    0.00      0.00
    0.00      0.00
    0.00      0.00
    0.00      0.00
    0.00      0.00
    0.00      0.00
    0.00      0.00
    0.00      0.00
    0.00      0.00
    0.00      0.00
    0.00      0.00
    0.00      0.00
    0.00      0.00
    0.00      0.00
    0.00      0.00
    0.00      0.00
    0.00      0.00
    0.00      0.00
    0.00      0.00
    0.00      0.00
    0.00      0.00
    0.00      0.00
    0.00      0.00
    0.00      0.00
    0.00      0.00
    0.00      0.00
    0.00      0.00
    0.00      0.00
    0.00      0.00
    0.00      0.00
    0.00      0.00
    0.00      0.00
    0.00      0.00
    0.00      0.00
    0.00      0.00
    0.00      0.00
    0.00      0.00
    0.00      0.00
    0.00      0.00
    0.00      0.00
    0.00      0.00
    0.00      0.00
    0.00      0.00
    0.00      0.00
    0.00      0.00
    0.00      0.00
    0.00      0.00
    0.00      0.00
    0.00      0.00
    0.00      0.00
    0.00      0.00
    0.00      0.00
    0.00      0.00
    0.00      0.00
    0.00      0.00
    0.00      0.00
    0.00      0.00
    0.00      0.00
    0.00      0.00
    0.00      0.00
    0.00      0.00
    0.00      0.00
    0.00      0.00
    0.00      0.00
    0.00      0.00
    0.00      0.00
    0.00      0.00
    0.00      0.00
    0.00      0.00
    0.00      0.00
    0.00      0.00
    0.00      0.00
    0.00      0.00
    0.00      0.00
    0.00      0.00
    0.00      0.00
    0.00      0.00
    0.00      0.00
    0.00      0.00
    0.00      0.00
    0.00      0.00
    0.00      0.00
    0.00      0.00
    0.00      0.00
    0.00      0.00
    0.00      0.00
    0.00      0.00
    0.00      0.00
    0.00      0.00
    0.00      0.00
    0.00      0.00
    0.00      0.00
    0.00      0.00
    0.00      0.00
    0.00      0.00
    0.00      0.00
    0.00      0.00
    0.00      0.00
    0.00      0.00
    0.00      0.00
    0.00      0.00
    0.00      0.00
    0.00      0.00
    0.00      0.00
    0.00      0.00
    0.00      0.00
    0.00      0.00
    0.00      0.00
    0.00      0.00
    0.00      0.00
    0.00      0.00
    0.00      0.00
    0.00      0.00
    0.00      0.00
    0.00      0.00
    0.00      0.00
    0.00      0.00
    0.00      0.00
    0.00      0.00
    0.00      0.00
    0.00      0.00
    0.00      0.00
    0.00      0.00
    0.00      0.00
    0.00      0.00
    0.00      0.00
    0.00      0.00
    0.00      0.00
    0.00      0.00
    0.00      0.00
    0.00      0.00
    0.00      0.00
    0.00      0.00
    0.00      0.00
    0.00      0.00
    0.00      0.00
    0.00      0.00
    0.00      0.00
    0.00      0.00
    0.00      0.00
    0.00      0.00
    0.00      0.00
    0.00      0.00
    0.00      0.00
    0.00      0.00
    0.00      0.00
    0.00      0.00
    0.00      0.00
    0.00      0.00
    0.00      0.00
    0.00      0.00
    0.00      0.00
    0.00      0.00
    0.00      0.00
    0.00      0.00
    0.00      0.00
    0.00      0.00
    0.00      0.00
    0.00      0.00
    0.00      0.00
    0.00      0.00
    0.00      0.00
    0.00      0.00
    0.00      0.00
    0.00      0.00
    0.00      0.00
    0.00      0.00
    0.00      0.00
    0.00      0.00
    0.00      0.00
    0.00      0.00
    0.00      0.00
    0.00      0.00
    0.00      0.00
    0.00      0.00
    0.00      0.00
    0.00      0.00
    0.00      0.00
    0.00      0.00
    0.00      0.00
    0.00      0.00
    0.00      0.00
    0.00      0.00
    0.00      0.00
    0.00      0.00
    0.00      0.00
    0.00      0.00
    0.00      0.00
    0.00      0.00
    0.00      0.00
    0.00      0.00
    0.00      0.00
    0.00      0.00
    0.00      0.00
    0.00      0.00
    0.00      0.00
    0.00      0.00
    0.00      0.00
    0.00      0.00
    0.00      0.00
    0.00      0.00
    0.00      0.00
    0.00      0.00
    0.00      0.00
    0.00      0.00
    0.00      0.00
    0.00      0.00
    0.00      0.00
    0.00      0.00
    0.00      0.00
    0.00      0.00
    0.00      0.00
    0.00      0.00
    0.00      0.00
    0.00      0.00
    0.00      0.00
    0.00      0.00
    0.00      0.00
    0.00      0.00
    0.00      0.00
    0.00      0.00
    0.00      0.00
    0.00      0.00
    0.00      0.00
    0.00      0.00
    0.00      0.00
    0.00      0.00
    0.00      0.00
    0.00      0.00
    0.00      0.00
    0.00      0.00
    0.00      0.00
    0.00      0.00
    0.00      0.00
    0.00      0.00
    0.00      0.00
    0.00      0.00
    0.00      0.00
    0.00      0.00
    0.00      0.00
    0.00      0.00
    0.00      0.00
    0.00      0.00
    0.00      0.00
    0.00      0.00
    0.00      0.00
    0.00      0.00
    0.00      0.00
    0.00      0.00
    0.00      0.00
    0.00      0.00
    0.00      0.00
    0.00      0.00
    0.00      0.00
    0.00      0.00
    0.00      0.00
    0.00      0.00
    0.00      0.00
    0.00      0.00
    0.00      0.00
    0.00      0.00
    0.00      0.00
    0.00      0.00
    0.00      0.00
    0.00      0.00
    0.00      0.00
    0.00      0.00
    0.00      0.00
    0.00      0.00
    0.00      0.00
    0.00      0.00
    0.00      0.00
    0.00      0.00
    0.00      0.00
    0.00      0.00
    0.00      0.00
    0.00      0.00
    0.00      0.00
    0.00      0.00
    0.00      0.00
    0.00      0.00
    0.00      0.00
    0.00      0.00
    0.00      0.00
    0.00      0.00
    0.00      0.00
    0.00      0.00
    0.00      0.00
    0.00      0.00
    0.00      0.00
    0.00      0.00
    0.00      0.00
    0.00      0.00
    0.00      0.00
    0.00      0.00
    0.00      0.00
    0.00      0.00
    0.00      0.00
    0.00      0.00
    0.00      0.00
    0.00      0.00
    0.00      0.00
    0.00      0.00
    0.00      0.00
    0.00      0.00
    0.00      0.00
    0.00      0.00
    0.00      0.00
    0.00      0.00
    0.00      0.00
    0.00      0.00
    0.00      0.00
    0.00      0.00
    0.00      0.00
    0.00      0.00
    0.00      0.00
    0.00      0.00
    0.00      0.00
    0.00      0.00
    0.00      0.00
    0.00      0.00
    0.00      0.00
    0.00      0.00
    0.00      0.00
    0.00      0.00
    0.00      0.00
    0.00      0.00
    0.00      0.00
    0.00      0.00
    0.00      0.00
    0.00      0.00
    0.00      0.00
    0.00      0.00
    0.00      0.00
    0.00      0.00
    0.00      0.00
    0.00      0.00
    0.00      0.00
    0.00      0.00
    0.00      0.00
    0.00      0.00
    0.00      0.00
    0.00      0.00
    0.00      0.00
    0.00      0.00
    0.00      0.00
    0.00      0.00
    0.00      0.00
    0.00      0.00
    0.00      0.00
    0.00      0.00
    0.00      0.00
    0.00      0.00
    0.00      0.00
    0.00      0.00
    0.00      0.00
    0.00      0.00
    0.00      0.00
    0.00      0.00
    0.00      0.00
    0.00      0.00
    0.00      0.00
    0.00      0.00
    0.00      0.00
    0.00      0.00
    0.00      0.00
    0.00      0.00
    0.00      0.00
    0.00      0.00
    0.00      0.00
    0.00      0.00
    0.00      0.00
    0.00      0.00
    0.00      0.00
    0.00      0.00
    0.00      0.00
    0.00      0.00
    0.00      0.00
    0.00      0.00
    0.00      0.00
    0.00      0.00
    0.41      0.00
    0.00      0.00
    0.00      0.00
    0.00      0.00
    0.00      0.00
    0.00      0.00
    0.00      0.00
    0.00      0.00
    0.00      0.00
    0.00      0.00
    0.00      0.00
    0.00      0.00
    0.00      0.00
    0.00      0.00
    0.00      0.00
    0.00      0.00
    0.00      0.00
    0.00      0.00
    0.00      0.00
    0.00      0.00
    0.00      0.00
    0.00      0.00
    0.00      0.00
    0.00      0.00
    0.00      0.00
    0.00      0.00
    0.00      0.00
    0.00      0.00
    0.00      0.00
    0.00      0.00
    0.00      0.00
    0.00      0.00
    0.00      0.00
    0.00      0.00
    0.00      0.00
    0.00      0.00
    0.00      0.00
    0.00      0.00
    0.00      0.00
    0.00      0.00
    0.00      0.00
    0.00      0.00
    0.00      0.00
    0.00      0.00
    0.00      0.00
    0.00      0.00
    0.00      0.00
    0.00      0.00
    0.00      0.00
    0.00      0.00
    0.00      0.00
    0.00      0.00
    0.00      0.00
    0.00      0.00
    0.00      0.00
    0.00      0.00
    0.00      0.00
    0.00      0.00
    0.00      0.00
    0.00      0.00
    0.00      0.00
    0.00      0.00
    0.00      0.00
    0.00      0.00
    0.00      0.00
    0.00      0.00
    0.00      0.00
    0.00      0.00
    0.00      0.00
    0.00      0.00
    0.00      0.00
    0.00      0.00
    0.00      0.00
    0.00      0.00
    0.00      0.00
    0.00      0.00
    0.00      0.00
    0.00      0.00
    0.00      0.00
    0.00      0.00
    0.00      0.00
    0.00      0.00
    0.00      0.00
    0.00      0.00
    0.00      0.00
    0.00      0.00
    0.00      0.00
    0.00      0.00
    0.00      0.00
    0.00      0.00
    0.00      0.00
    0.00      0.00
    0.00      0.00
    0.00      0.00
    0.00      0.00
    0.00      0.00
    0.00      0.00
    0.00      0.00
    0.00      0.00
    0.00      0.00
    0.00      0.00
    0.00      0.00
    0.00      0.00
    0.00      0.00
    0.00      0.00
    0.00      0.00
    0.00      0.00
    0.00      0.00
    0.00      0.00
    0.00      0.00
    0.00      0.00
    0.00      0.00
    0.00      0.00
    0.00      0.00
    0.00      0.00
    0.00      0.00
    0.00      0.00
    0.00      0.00
    0.00      0.00
    0.00      0.00
    0.00      0.00
    0.00      0.00
    0.00      0.00
    0.00      0.00
    0.00      0.00
    0.00      0.00
    0.00      0.00
    0.00      0.00
    0.00      0.00
    0.00      0.00
    0.00      0.00
    0.00      0.00
    0.00      0.00
    0.00      0.00
    0.00      0.00
    0.00      0.00
    0.00      0.00
    0.00      0.00
    0.00      0.00
    0.00      0.00
    0.00      0.00
    0.00      0.00
    0.00      0.00
    0.00      0.00
    0.00      0.00
    0.00      0.00
    0.00      0.00
    0.00      0.00
    0.00      0.00
    0.00      0.00
    0.00      0.00
    0.00      0.00
    0.00      0.00
    0.00      0.00
    0.00      0.00
    0.00      0.00
    0.00      0.00
    0.00      0.00
    0.00      0.00
    0.00      0.00
    0.00      0.00
    0.00      0.00
    0.00      0.00
    0.00      0.00
    0.00      0.00
    0.00      0.00
    0.00      0.00
    0.00      0.00
    0.00      0.00
    0.00      0.00
    0.00      0.00
    0.00      0.00
    0.00      0.00
    0.00      0.00
    0.00      0.00
    0.00      0.00
    0.00      0.00
    0.00      0.00
    0.00      0.00
    0.00      0.00
    0.00      0.00
    0.00      0.00
    0.00      0.00
    0.00      0.00
    0.00      0.00
    0.00      0.00
    0.00      0.00
    0.00      0.00
    0.00      0.00
    0.00      0.00
    0.00      0.00
    0.00      0.00
    0.00      0.00
    0.00      0.00
    0.00      0.00
    0.00      0.00
    0.00      0.00
    0.00      0.00
    0.00      0.00
    0.00      0.00
    0.00      0.00
    0.00      0.00
    0.00      0.00
    0.00      0.00
    0.00      0.00
    0.00      0.00
    0.00      0.00
    0.00      0.00
    0.00      0.00
    0.00      0.00
    0.00      0.00
    0.00      0.00
    0.00      0.00
    0.00      0.00
    0.00      0.00
    0.00      0.00
    0.00      0.00
    0.00      0.00
    0.00      0.00
    0.00      0.00
    0.00      0.00
    0.00      0.00
    0.00      0.00
    0.00      0.00
    0.00      0.00
    0.00      0.00
    0.00      0.00
    0.00      0.00
    0.00      0.00
    0.00      0.00
    0.00      0.00
    0.00      0.00
    0.00      0.00
    0.00      0.00
    0.00      0.00
    0.00      0.00
    0.00      0.00
    0.00      0.00
    0.00      0.00
    0.00      0.00
    0.00      0.00
    0.00      0.00
    0.00      0.00
    0.00      0.00
    0.00      0.00
    0.00      0.00
    0.00      0.00
    0.00      0.00
    0.00      0.00
    0.00      0.00
    0.00      0.00
    0.00      0.00
    0.00      0.00
    0.00      0.00
    0.00      0.00
    0.00      0.00
    0.00      0.00
    0.00      0.00
    0.00      0.00
    0.00      0.00
    0.00      0.00
    0.00      0.00
    0.00      0.00
    0.00      0.00
    0.00      0.00
    0.00      0.00
    0.00      0.00
    0.00      0.00
    0.00      0.00
    0.00      0.00
    0.00      0.00
    0.00      0.00
    0.00      0.00
    0.00      0.00
    0.00      0.00
    0.00      0.00
    0.00      0.00
    0.00      0.00
    0.00      0.00
    0.00      0.00
    0.00      0.00
    0.00      0.00
    0.00      0.00
    0.00      0.00
    0.00      0.00
    0.00      0.00
    0.00      0.00
    0.00      0.00
    0.00      0.00
    0.00      0.00
    0.00      0.00
    0.00      0.00
    0.00      0.00
    0.00      0.00
    0.00      0.00
    0.00      0.00
    0.00      0.00
    0.00      0.00
    0.00      0.00
    0.00      0.00
    0.00      0.00
    0.00      0.00
    0.00      0.00
    0.00      0.00
    0.00      0.00
    0.00      0.00
    0.00      0.00
    0.00      0.00
    0.00      0.00
    0.00      0.00
    0.00      0.00
    0.00      0.00
    0.00      0.00
    0.00      0.00
    0.00      0.00
    0.00      0.00
    0.00      0.00
    0.00      0.00
    0.00      0.00
    0.00      0.00
    0.00      0.00
    0.00      0.00
    0.00      0.00
    0.00      0.00
    0.00      0.00
    0.00      0.00
    0.00      0.00
    0.00      0.00
    0.00      0.00
    0.00      0.00
    0.00      0.00
    0.00      0.00
    0.00      0.00
    0.00      0.00
    0.00      0.00
    0.00      0.00
    0.00      0.00
    0.00      0.00
    0.00      0.00
    0.00      0.00
    0.00      0.00
    0.00      0.00
    0.00      0.00
    0.00      0.00
    0.00      0.00
    0.00      0.00
    0.00      0.00
    0.00      0.00
    0.00      0.00
    0.00      0.00
    0.00      0.00
    0.00      0.00
    0.00      0.00
    0.00      0.00
    0.00      0.00
    0.00      0.00
    0.00      0.00
    0.00      0.00
    0.00      0.00
    0.00      0.00
    0.00      0.00
    0.00      0.00
    0.00      0.00
    0.00      0.00
    0.00      0.00
    0.00      0.00
    0.00      0.00
    0.00      0.00
    0.00      0.00
    0.00      0.00
    0.00      0.00
    0.00      0.00
    0.00      0.00
    0.00      0.00
    0.00      0.00
    0.00      0.00
    0.00      0.00
    0.00      0.00
    0.00      0.00
    0.00      0.00
    0.00      0.00
    0.00      0.00
    0.00      0.00
    0.00      0.00
    0.00      0.00
    0.00      0.00
    0.00      0.00
    0.00      0.00
    0.00      0.00
    0.00      0.00
    0.00      0.00
    0.00      0.00
    0.00      0.00
    0.00      0.00
    0.00      0.00
    0.00      0.00
    0.00      0.00
    0.00      0.00
    0.00      0.00
    0.41      0.00
    0.00      0.00
    0.00      0.00
    0.00      0.00
    0.00      0.00
    0.00      0.00
    0.00      0.00
    0.00      0.00
    0.00      0.00
    0.00      0.00
    0.00      0.00
    0.00      0.00
    0.00      0.00
    0.00      0.00
    0.00      0.00
    0.00      0.00
    0.00      0.00
    0.00      0.00
    0.00      0.00
    0.00      0.00
    0.00      0.00
    0.00      0.00
    0.00      0.00
    0.00      0.00
    0.00      0.00
    0.00      0.00
    0.00      0.00
    0.00      0.00
    0.00      0.00
    0.00      0.00
    0.00      0.00
    0.00      0.00
    0.00      0.00
    0.00      0.00
    0.00      0.00
    0.00      0.00
    0.00      0.00
    0.00      0.00
    0.00      0.00
    0.00      0.00
    0.00      0.00
    0.00      0.00
    0.00      0.00
    0.00      0.00
    0.00      0.00
    0.00      0.00
    0.00      0.00
    0.00      0.00
    0.00      0.00
    0.00      0.00
    0.00      0.00
    0.00      0.00
    0.00      0.00
    0.00      0.00
    0.00      0.00
    0.00      0.00
    0.00      0.00
    0.00      0.00
    0.00      0.00
    0.00      0.00
    0.00      0.00
    0.00      0.00
    0.00      0.00
    0.00      0.00
    0.00      0.00
    0.00      0.00
    0.00      0.00
    0.00      0.00
    0.00      0.00
    0.00      0.00
    0.00      0.00
    0.00      0.00
    0.00      0.00
    0.00      0.00
    0.00      0.00
    0.00      0.00
    0.00      0.00
    0.00      0.00
    0.00      0.00
    0.00      0.00
    0.00      0.00
    0.00      0.00
    0.00      0.00
    0.00      0.00
    0.00      0.00
    0.00      0.00
    0.00      0.00
    0.00      0.00
    0.00      0.00
    0.00      0.00
    0.00      0.00
    0.00      0.00
    0.00      0.00
    0.00      0.00
    0.00      0.00
    0.00      0.00
    0.00      0.00
    0.00      0.00
    0.00      0.00
    0.00      0.00
    0.41      0.00
    0.00      0.00
    0.00      0.00
    0.00      0.00
    0.00      0.00
    0.00      0.00
    0.00      0.00
    0.00      0.00
    0.00      0.00
    0.00      0.00
    0.00      0.00
    0.00      0.00
    0.00      0.00
    0.00      0.00
    0.00      0.00
    0.00      0.00
    0.00      0.00
    0.00      0.00
    0.00      0.00
    0.00      0.00
    0.00      0.00
    0.00      0.00
    0.00      0.00
    0.00      0.00
    0.00      0.00
    0.00      0.00
    0.00      0.00
    0.00      0.00
    0.00      0.00
    0.00      0.00
    0.00      0.00
    0.00      0.00
    0.00      0.00
    0.00      0.00
    0.00      0.00
    0.00      0.00
    0.00      0.00
    0.00      0.00
    0.00      0.00
    0.00      0.00
    0.00      0.00
    0.00      0.00
    0.00      0.00
    0.00      0.00
    0.00      0.00
    0.00      0.00
    0.00      0.00
    0.00      0.00
    0.00      0.00
    0.00      0.00
    0.00      0.00
    0.00      0.00
    0.00      0.00
    0.00      0.00
    0.00      0.00
    0.00      0.00
    0.00      0.00
    0.00      0.00
    0.00      0.00
    0.00      0.00
    0.00      0.00
    0.00      0.00
    0.00      0.00
    0.00      0.00
    0.00      0.00
    0.00      0.00
    0.00      0.00
    0.00      0.00
    0.00      0.00
    0.00      0.00
    0.00      0.00
    0.00      0.00
    0.00      0.00
    0.00      0.00
    0.00      0.00
    0.00      0.00
    0.00      0.00
    0.00      0.00
    0.00      0.00
    0.00      0.00
    0.00      0.00
    0.00      0.00
    0.00      0.00
    0.00      0.00
    0.00      0.00
    0.00      0.00
    0.00      0.00
    0.00      0.00
    0.00      0.00
    0.00      0.00
    0.00      0.00
    0.00      0.00
    0.00      0.00
    0.00      0.00
    0.00      0.00
    0.00      0.00
    0.00      0.00
    0.00      0.00
    0.00      0.00
    0.00      0.00
    0.41      0.00
    0.00      0.00
    0.00      0.00
    0.00      0.00
    0.00      0.00
    0.00      0.00
    0.00      0.00
    0.00      0.00
    0.00      0.00
    0.00      0.00
    0.00      0.00
    0.00      0.00
    0.00      0.00
    0.00      0.00
    0.00      0.00
    0.00      0.00
    0.00      0.00
    0.00      0.00
    0.00      0.00
    0.00      0.00
    0.00      0.00
    0.00      0.00
    0.00      0.00
    0.00      0.00
    0.00      0.00
    0.00      0.00
    0.00      0.00
    0.00      0.00
    0.00      0.00
    0.00      0.00
    0.00      0.00
    0.00      0.00
    0.00      0.00
    0.00      0.00
    0.00      0.00
    0.00      0.00
    0.00      0.00
    0.00      0.00
    0.00      0.00
    0.00      0.00
    0.00      0.00
    0.00      0.00
    0.00      0.00
    0.00      0.00
    0.00      0.00
    0.00      0.00
    0.00      0.00
    0.00      0.00
    0.00      0.00
    0.00      0.00
    0.00      0.00
    0.00      0.00
    0.00      0.00
    0.00      0.00
    0.00      0.00
    0.00      0.00
    0.00      0.00
    0.00      0.00
    0.00      0.00
    0.00      0.00
    0.00      0.00
    0.00      0.00
    0.00      0.00
    0.00      0.00
    0.00      0.00
    0.00      0.00
    0.00      0.00
    0.00      0.00
    0.00      0.00
    0.00      0.00
    0.00      0.00
    0.00      0.00
    0.00      0.00
    0.00      0.00
    0.00      0.00
    0.00      0.00
    0.00      0.00
    0.00      0.00
    0.00      0.00
    0.00      0.00
    0.00      0.00
    0.00      0.00
    0.00      0.00
    0.00      0.00
    0.00      0.00
    0.00      0.00
    0.00      0.00
    0.00      0.00
    0.00      0.00
    0.00      0.00
    0.00      0.00
    0.00      0.00
    0.00      0.00
    0.00      0.00
    0.00      0.00
    0.00      0.00
    0.00      0.00
    0.00      0.00
    0.00      0.00
    1.50     26.16
   47.12     48.47
   59.85      9.23
   14.90      6.24
    0.00      0.72
    0.00      0.00
    0.00      0.00
    0.00      0.00
    0.00      0.00
    0.00      0.00
   65.95     18.00
 1174.92    480.63
 2180.09    707.96
 1363.05   1024.09
 1688.66   1091.25
 2046.22   1134.96
  904.94   1363.10
 1236.37    216.38
  602.34     44.13
  469.98      4.55
  162.53     29.52
  218.48     43.45
  265.48     30.51
  288.86     82.58
  136.33     35.70
  211.83    331.41
  848.15   4222.07
  975.33   1298.21
 1834.11   4323.89
  875.05    887.64
 2582.20    855.67
 1361.29    414.34
  465.59     61.43
  165.21    167.67
   67.33     55.89
   45.92      0.00
   69.50      5.05
   14.44      0.71
   18.85      1.43
    0.00      0.00
    0.00      0.00
    0.00      0.00
    0.00      0.00
    0.00      0.00
    0.00      0.00
    0.00      0.00
    0.00      0.00
    0.00      0.00
    0.00      0.00
    0.00      0.00
    0.00      0.00
    0.41      0.41
    0.00      0.00
    0.00      0.00
    0.00      0.00
    0.00      0.00
    0.00      0.00
    0.00      0.00
    0.00      0.00
    0.00      0.00
    0.00      0.00
    0.00      0.00
    0.00      0.00
    0.00      0.00
    0.00      0.00
    0.00      0.00
    0.00      0.00
    0.00      0.00
    0.00      0.00
    0.00      0.00
    0.00      0.00
    0.00      0.00
    0.00      0.00
    0.00      0.00
    0.00      0.00
    0.00      0.00
   31.17     31.17
   90.87     74.70
   45.98     92.71
  120.57    109.59
  153.59    472.77
  158.57    554.01
  363.82    397.95
  411.89     66.77
  336.54     60.58
  201.76     71.54
    4.35     88.74
    0.72     14.79
   48.87     31.35
   60.71      4.33
   15.50      0.71
   29.93      2.17
    0.00      0.00
    0.00      0.00
    0.00      0.00
    0.00      0.00
    0.00      0.00
    0.00      0.00
    0.00      0.00
    0.00      0.00
    0.00      0.00
    0.00      0.00
    0.00      0.00
    0.00      0.00
    0.00      0.00
    0.00      0.00
    0.00      0.00
    0.00      0.00
    0.00      0.00
    0.00      0.00
   23.07     26.50
  106.58    128.07
  150.59    148.08
   85.71    165.35
   37.07    115.55
   41.54     70.73
   76.80    101.78
   27.90     27.85
   98.96     58.23
  122.71     36.75
   93.25     33.03
   96.97     94.95
   34.78     62.93
  109.90     96.72
  142.61     58.27
   29.70     28.14
  162.24    100.51
   95.94     88.00
   94.97     78.10
   76.40     95.87
   83.92    103.80
  114.68    112.33
  188.72    570.92
  189.49    393.35
  340.57    403.07
  297.09     47.84
  280.89     84.18
  296.87     33.13
   32.21     90.90
    2.88     60.02
    1.44     14.80
   95.48     19.36
   31.43      3.61
    0.00      0.00
   32.06      2.17
    0.00      0.00
    0.00      0.00
    0.00      0.00
    0.00      0.00
    0.00      0.00
    0.00      0.00
    0.00      0.00
    0.00      0.00
    0.00      0.00
    0.00      0.00
    0.00      0.00
    0.00      0.00
    0.00      0.00
    0.00      0.00
    0.00      0.00
    0.00      0.00
    0.00      0.00
    0.00      0.00
    0.00      0.65
   15.75     16.34
    0.74      0.00
    0.00      0.00
    0.00      0.00
    0.00      0.00
    0.00      0.00
    0.00      0.00
    0.00      0.00
   14.37     14.43
   14.37     29.52
   15.09     29.87
   31.38     14.43
   15.80      2.75
   17.70     77.75
   64.58     32.85
   62.12     62.98
   46.75     31.50
   46.83     62.57
   17.84     18.00
  121.40    227.67
  182.60    397.23
  196.73    296.14
  299.26    312.37
  234.21    297.15
  267.09     76.95
  250.16     25.28
  157.19     70.69
    2.15     90.62
    1.44     15.10
   46.93     17.16
   63.46     18.01
   16.54      1.44
    0.00      0.00
   31.61      1.43
    0.00      0.00
    0.00      0.00
    0.00      0.00
    0.00      0.00
    0.00      0.00
    0.00      0.00
    0.00      0.00
    0.00      0.00
    0.00      0.00
    0.00      0.00
    0.00      0.00
    0.00      0.00
   83.75    133.33
  177.68    178.50
    6.30     77.68
   19.86    170.48
   85.17    146.10
   98.45     33.02
   94.75    106.65
   45.88     10.31
   49.44     48.66
   67.00     16.93
   87.23     54.31
   61.37     29.39
   33.38      9.96
   92.83     83.90
   54.50     31.20
  102.11    123.63
   87.71     58.60
  121.47    131.02
  129.09     54.10
   33.02     65.79
  139.89     86.31
   46.29     32.81
   11.04     17.50
   17.92      2.90
   62.30     79.15
   92.18    231.94
  194.24    152.10
   96.53    133.24
  117.99    114.76
   68.20     57.45
  136.94    101.43
   82.03     36.10
    8.51      2.16
  111.15      9.11
    0.72      1.96
    0.00      0.65
    4.26     15.12
    2.10      2.10
    1.37      0.72
   14.46      0.00
    2.82      1.44
    0.00      0.00
    0.00      0.00
    0.00      0.00
    0.00      0.00
    0.00      0.00
    0.00      0.00
    0.00      0.00
    0.00      0.00
    0.00      0.00
    0.00      0.00
    0.00      0.00
    0.00      0.65
    0.74      0.00
    1.37     29.97
   30.15      2.17
    0.65      0.72
    0.00      0.00
    0.00      0.00
    0.00      0.00
   14.80     15.58
    0.72      0.00
    0.00     14.37
   29.47     16.53
    0.71     14.37
   14.99     15.70
   17.18     16.46
   18.37     62.99
   61.06     19.23
   15.01     14.42
   35.74     34.17
   18.39     17.11
    3.54      2.16
   29.97     30.90
    0.00      1.31
    0.65      1.96
   23.09     14.97
    5.50      4.78
   19.10     17.62
    8.04      7.01
   11.51     16.57
   25.69     26.37
   10.99     12.50
    5.56      6.66
    4.93      2.89
    5.63      0.73
    9.11      3.61
    0.00      1.31
    0.00      0.65
    0.72      0.65
    1.37      1.37
    1.37      0.72
    0.00      0.00
    2.10      0.72
    0.00      0.00
    0.00      0.00
    0.00      0.00
    0.00      0.00
    0.00      0.00
    0.00      0.00
  169.99    222.06
  103.34    132.82
   14.53    105.65
   48.46    169.10
   66.65     93.30
  110.13     72.55
  115.07     84.83
   99.54     24.84
   61.33     20.50
   71.07     38.65
   42.80     19.55
   80.88     76.17
    5.20      2.00
  136.31     92.63
   58.67     26.98
  111.50     64.78
   70.94     86.15
   25.44      3.46
   43.63     33.37
   59.34     39.03
   48.77     52.09
   12.41     18.21
   50.76     33.49
   18.64     16.95
    0.00      0.00
   16.52     17.81
   16.09     19.64
   30.96     28.36
   49.07     39.73
   61.40     47.04
   39.22     39.05
   16.02      7.19
   39.69     25.51
    8.25      4.85
   42.67     25.99
    8.97      4.78
    5.43      8.38
    2.82      0.72
    2.16      0.00
    3.47      1.44
    0.72      0.65
    0.00      0.65
    0.65      0.00
    2.03      2.10
    0.72      0.72
    0.00      0.00
    0.00      0.00
    0.72      0.00
    0.00      0.00
    0.00      0.00
    0.00      0.00
    0.00      0.65
    0.65      0.74
    0.74      0.00
    0.00      0.00
   29.96     30.68
   15.84      1.37
    0.72      0.72
    0.00      0.00
    0.00     14.38
   15.16      0.72
   15.82     29.53
    0.00      0.00
   14.43      0.72
    0.00      0.00
    0.72     30.64
   32.03     17.90
    2.80     17.05
   33.42     31.31
   16.24     17.15
   17.83     17.77
   34.91      6.93
   19.14     34.11
   17.08      3.53
   19.19     16.52
    1.43     15.72
    0.65      1.96
   18.48      6.21
   19.21     21.15
    6.66      6.15
    8.89     11.84
   16.15      9.30
    7.52     12.43
    7.25      7.59
   21.25     26.15
    6.29     21.11
    6.16      5.57
    9.58      4.60
   19.80      4.26
    7.49      3.47
    0.72      0.72
    0.72      0.00
    1.37      0.65
    0.72      1.37
    0.00      0.65
    0.00      0.00
    3.40      1.44
    0.72      0.72
    0.00      0.00
   70.72     87.31
  217.53    201.30
  111.69    134.82
   27.11    119.49
   31.51     78.13
   13.67     60.01
   37.07     53.30
   66.40     47.44
   76.04    114.08
   25.83     34.36
  168.84     84.64
   90.25     46.34
   84.65     61.27
    8.21      1.44
   87.43     97.50
   51.54     41.74
   35.50      4.91
   82.21     93.85
   71.11     36.89
  111.28    110.98
   92.63     85.90
   88.66     29.02
   43.76     21.69
   28.86     19.87
   45.14     23.37
   30.63     21.42
   27.31     43.27
   44.54     15.87
   39.27     50.30
   13.09      2.75
    8.17     11.59
    4.18      6.07
   22.86     28.47
    4.85      6.15
   15.46      9.42
    9.82      5.63
    6.80      4.84
   26.60     23.18
    3.47      6.08
    8.11     21.75
    6.94      6.36
    2.16      0.00
   20.45      2.82
    2.10      1.44
    0.00      0.65
    0.72      0.00
    1.31      0.72
    0.72      2.68
    0.00      0.00
    1.06      0.41
    2.82      1.44
    0.00      0.00
    0.00      0.00
    0.65      1.39
    0.74      0.00
    0.00      0.00
    0.00      0.00
   31.41     32.70
    1.37      0.72
    0.72      0.00
    0.00      0.00
   31.30     31.96
    0.72      0.65
    0.00      0.00
   14.37     30.18
   14.36      1.36
    3.53     15.64
    1.37     16.48
   16.51      2.03
    3.47      2.68
   15.08      2.16
   32.29     63.64
   18.43     18.71
   32.97     32.84
   34.24      6.99
   17.03      1.37
    2.09      0.72
    2.68     17.13
   16.95      5.42
    3.99      4.91
    7.54      9.55
    3.47     17.85
   11.64      5.63
    3.99      4.91
   25.07     16.61
    4.64      6.29
   12.30      8.45
    7.51     11.06
    4.05      4.12
    4.20      6.74
   21.95     21.24
    4.71      2.82
    7.08     19.92
    5.63      2.75
    0.00      0.00
   19.90      2.81
    0.72      1.37
    0.72      0.65
    0.00      0.00
    0.72      0.00
   82.83     83.92
  143.67    163.66
   73.56     28.82
   52.51    198.35
    1.41     25.55
   22.09     82.65
   92.54     91.63
   23.09     47.00
   72.83     11.69
   57.61     36.57
  130.00     91.21
   61.58     46.82
   68.99     78.14
   27.86      3.80
   72.26     51.04
   54.50     21.95
   89.26     75.73
   61.31     27.99
   28.52     43.58
  107.11     68.41
   50.96     10.55
   57.30     78.70
   80.09     57.84
   21.10     65.48
   17.08      2.03
   43.82     32.15
   32.72     24.01
   17.16      2.77
   28.06     52.01
    0.00      2.61
   11.18     24.80
   21.27      8.32
    4.64     10.93
    7.73     21.53
    5.92      5.22
    4.26      5.29
   10.55      9.93
   25.06      8.44
    8.45      4.84
   11.85      3.46
    4.78      7.73
    1.31      5.36
   23.79     22.90
    1.44      2.81
    7.79      1.44
    2.68     18.58
    0.72      0.65
    2.03      0.65
   17.27      2.89
    0.65      0.72
    0.72      1.31
    0.00      0.00
    0.00      0.00
    2.03      2.03
    0.72      0.74
    0.65      0.00
    2.10      1.44
    0.65      2.03
   16.56     15.91
    1.37      0.72
    0.00      0.00
    0.00     15.75
   33.06     16.44
    0.00     14.37
    0.00     14.38
   45.29     17.99
    2.74      1.37
   15.82     15.81
   15.67     31.91
   17.82      2.09
    2.89      0.65
    1.96      2.16
    2.03     15.00
   18.85     23.04
   47.27     36.09
   19.69     18.56
   18.53     34.16
    2.89     15.64
   20.70      1.37
   16.63      2.15
    2.61      5.44
    3.33      6.14
    3.54      3.40
   23.20     23.42
    7.38      6.42
    8.17      4.98
    7.32      9.24
    4.05     21.07
    3.98      8.24
   11.44     14.60
   20.62      2.74
    4.98      2.75
    6.87      7.38
    4.19      2.09
    5.36      7.59
    3.54      2.16
    3.54      1.37
    3.54      1.37
    0.65      2.68
    0.72      0.65
   48.83     80.91
  114.08    109.21
   20.72    154.86
    1.25    169.63
   20.32     26.06
   38.52     44.93
   89.55     72.96
  126.99    163.39
  106.64     38.36
   99.31     14.51
   45.09     33.60
   39.57      2.82
   80.11     68.25
   27.14     21.89
   51.58     60.12
   56.26     52.67
   66.31     68.32
  147.63     72.78
   26.74     23.64
   60.75     53.57
  106.70     73.61
   67.31     52.27
   63.16     30.24
   51.55     51.23
   52.90     56.56
   72.63     48.15
   44.25     39.76
   44.01     19.43
   78.45     95.84
    9.95     26.16
    7.77      1.96
   29.70      7.01
    6.44      3.34
    4.06      6.81
   18.27     20.29
    5.43     10.14
    6.43      7.32
    4.33      3.33
   11.20      7.46
    4.19     23.15
    6.87      2.16
   15.25      9.10
    3.40      5.57
   18.65      4.12
    5.50      4.78
    4.64      5.70
    4.91      2.76
    4.12      2.82
    0.65      1.37
    2.82      0.65
    0.65      2.09
    1.37      1.37
    2.11      2.03
    2.75      2.09
    0.00      0.00
    0.72      0.00
    0.72      0.00
    0.00      1.31
    1.37      1.37
    2.03      3.40
    2.03      1.44
    1.37      1.31
   19.20     17.16
    1.44      0.72
    0.00     14.37
   15.10      1.36
    2.74     16.48
   15.09     44.45
   45.81     33.53
   46.60     18.61
   18.65     29.53
    1.37      0.65
    2.03      3.47
   16.39      2.16
    2.82      2.75
   18.42     19.20
   32.00     36.12
   17.21     20.61
   20.04     17.93
   19.46     16.37
    3.54      1.37
    4.07     21.84
   19.44     21.10
   19.36      6.15
    8.41      3.47
    6.01      4.91
    6.14      5.70
    5.94     21.43
   21.75      9.82
    5.44      3.47
    4.84      5.49
    7.25     15.11
    3.99      2.03
   10.68      6.87
    4.12      4.12
    2.89      5.36
    8.90      4.91
    0.65      3.47
    5.63      0.72
  155.26    122.37
   42.83     52.21
   87.88    233.81
   34.06     24.12
   27.91    178.12
   61.48     52.45
   14.55     57.08
   57.01     70.61
   72.45    161.80
   29.35     28.63
   32.65     38.87
   61.65     26.06
   43.17     32.25
   48.41     37.77
   34.11      3.57
   35.33     49.10
  101.21     69.52
   15.66     40.88
  183.70    130.06
   41.21     33.74
   50.88     76.38
  104.29     47.38
  123.09     66.94
   26.57     33.51
   30.10      9.70
    4.78      4.13
   16.95      2.82
    3.45      2.09
  104.19     95.66
   34.83     36.32
    4.84      2.89
    2.75      4.12
    2.74     17.78
    4.05      4.12
    6.87     19.70
   19.20     20.57
   18.94      9.42
    4.91      4.12
    4.91      8.63
    6.57      2.68
   22.84     19.18
    5.64      8.76
    4.25      2.75
    6.15      4.71
    9.10      6.87
    9.41      9.96
    5.43      4.06
    3.54      5.49
    3.99      0.72
    6.23      7.01
    2.82      2.09
    2.16      0.00
    1.37      0.00
    0.00      2.03
    1.39      0.00
    1.31      3.47
    1.38      1.38
    0.72      0.65
    0.72      0.65
    2.68      2.16
    4.06     17.95
   31.00     16.99
    0.72      1.31
    2.09      0.72
    1.37      2.03
    0.72      1.31
    2.71      2.03
    2.09     16.46
    0.65     29.47
   18.27     33.94
   48.18      2.90
   15.57     17.17
   29.89     46.27
   32.11     17.23
   32.54     19.77
   19.13     17.74
    4.25     17.18
    1.31      3.33
   17.17      1.44
    2.82      3.40
   17.79     19.74
    2.75      4.19
   19.35     16.44
    4.12      4.78
    6.02      6.22
    4.18      4.85
    4.19     17.62
    4.12      5.57
   39.60     22.99
    2.75      3.54
    9.27      9.17
    3.40      3.61
    4.71      4.92
    4.05      5.43
    5.22      9.75
    2.82      6.01
    3.61      4.57
   11.06      6.35
    5.56      4.71
   38.61     60.63
  155.78    184.49
   94.12     78.95
    5.56    181.59
   65.25     26.19
   43.13     55.83
   41.68     55.26
   48.70     88.52
   52.29     94.77
   46.38     12.12
   70.07     39.66
   27.22      2.03
   43.41     34.98
  161.82     92.19
   11.49      4.55
  136.18    131.09
   24.04      9.81
   52.59     86.83
   35.55     24.74
   80.55     70.23
   27.60     25.63
   44.03     85.90
   95.98     23.11
  105.43     47.41
   56.16     89.60
   54.09     38.71
   96.71     89.71
   71.81     33.95
   29.77     19.45
   13.89     18.87
    2.85      3.40
    2.03      2.75
   20.68      3.54
    2.61      5.56
    2.10      3.99
    4.12      5.42
   22.71     18.73
    4.12      5.57
    2.68      4.71
    4.83     22.56
    1.37      5.88
   25.01      7.48
    4.84      3.47
   10.68      4.78
    1.44      5.22
    3.54      2.03
   30.48     24.07
   10.34      8.90
   29.19     32.27
   34.11     32.08
    4.12      6.08
   33.66     19.87
    8.70      8.46
    8.11      3.63
    6.43      1.37
    2.68      2.82
    0.00      0.00
    1.44      0.65
    0.65      0.72
    0.65      0.71
    1.37      1.37
    1.31      2.10
    0.65     17.03
   18.70     17.80
   18.46      2.82
    0.72      2.03
    2.75     15.75
    2.10      1.44
   30.28     15.81
    0.65      0.00
   17.92     33.27
   31.57     45.91
   15.90     30.77
   32.19     33.57
   32.26     15.82
   18.47      4.26
   34.21     23.38
   17.55     32.23
   17.78     18.64
   20.42      4.92
    4.18      2.16
    2.03      0.65
    1.37      5.36
    1.31      2.75
    2.89      1.37
    5.50      6.16
    6.74      6.81
    2.75      6.22
    7.73      2.68
    3.81      4.85
    5.19      1.85
    6.15      7.66
    5.29      5.56
    7.18     10.61
    5.63      2.89
    4.78      3.54
    4.64      6.15
    3.33      6.29
    1.37      4.64
   19.76     31.88
  106.34    111.94
  114.14    144.33
   55.31    141.15
   33.46    186.93
   59.89     54.99
   59.92     41.77
   38.58     49.07
   45.91    104.05
   54.14     29.36
   28.53     10.26
   59.24     39.60
    2.82      1.44
   58.03     38.37
   23.26     20.53
   95.33     52.62
   19.63      6.13
   43.44     37.44
   65.72     46.84
    0.00      0.00
   60.96     45.04
   82.21     62.79
   17.89     15.72
   97.31     95.38
   42.66     39.62
   16.82     20.26
   37.95     46.40
   35.83     18.69
   86.86     46.89
   62.73     46.78
   61.66     76.18
   52.87     47.63
   35.21     14.48
   16.01      3.54
   15.97      4.20
    4.13      6.94
    3.49      2.75
    6.36      6.08
    6.15      4.91
    5.50      6.16
    3.33      4.26
    6.94      7.39
    0.72      2.03
    4.26      9.21
    4.84      5.36
    7.79      4.05
    9.10      4.91
    2.10      6.60
    3.54      0.72
    6.87      1.44
    6.94      7.01
    2.61      3.40
    2.61      4.91
    6.29      5.36
    2.18      2.10
    3.47      1.31
    8.69      9.03
   17.01     34.56
   20.50      6.37
    4.13      2.10
    2.03      2.75
    2.81      0.72
    3.47      2.10
    1.37      3.40
    2.82      0.65
    2.03      4.05
    2.82      2.10
    3.40      4.13
    2.82     30.12
    0.00      0.00
   31.63     17.81
    2.75      4.12
   32.25     30.18
   15.76     31.64
    2.09      0.00
   30.85     32.90
   32.21     17.15
   15.75     15.81
   19.30     34.15
   33.63     21.19
   17.90      4.91
    4.85      0.72
    5.43     36.91
   17.83      3.60
   17.35      4.05
    2.82      1.96
   32.24     32.37
    3.47      3.40
    6.81      8.90
    3.40      3.47
    7.87      3.33
    3.99      7.53
    3.47      2.16
    9.55      3.61
    2.03      4.84
    6.53      8.52
    4.71      6.22
    2.75      2.75
    5.36      4.33
    6.74      7.59
   66.44     87.87
  119.76     99.82
   64.91     79.73
   25.34    182.82
   79.13     53.19
   50.19    131.27
   92.21     87.06
   93.38     52.49
   85.60     63.93
   15.93     47.64
   61.50     20.56
    5.57      5.50
   48.88     53.57
   36.26     25.49
   78.86     30.71
   45.55     32.37
   56.31     51.23
   47.84     37.09
   36.62     77.21
  129.04     57.55
   37.69     67.79
   96.90     65.68
   47.84     32.71
   78.79     76.65
   90.27     42.86
   48.99    136.30
   77.35     38.00
   85.49     46.97
   47.71     19.67
   58.01     74.18
   19.94      3.40
   95.06     65.96
   20.62     19.25
   43.78     13.28
    8.32     18.59
    5.51      4.12
    4.20      4.19
   18.18     21.00
   19.71     18.31
    8.11      6.29
    3.46      5.50
    4.85      2.03
    6.08      8.90
    3.47      5.50
    2.89      6.54
    5.63      3.99
    2.75      2.10
   10.03      4.71
    1.37      5.29
    5.57      5.36
    4.85      2.89
    7.59      2.16
    6.15      7.01
    1.34      1.37
    3.42      6.08
    2.10      2.68
    4.85      2.82
    3.54      0.72
    7.97      6.36
   15.12      4.26
    2.75      3.40
    3.34      3.41
    3.47      3.47
    2.75     19.76
    8.83      7.08
    2.03      2.10
    7.59      4.92
    2.17      2.68
    0.00      0.00
    0.72      0.00
    2.68      2.03
    2.16     32.53
    0.65     44.19
   31.34     17.28
   46.17      2.02
   16.42     30.93
   17.13     20.00
    4.05     17.19
   17.35     17.75
   51.21     36.79
   34.23     22.02
   18.27     18.56
    2.16      0.65
   18.54      2.82
    2.68     17.43
    2.82     17.72
   30.56      6.14
    4.06      3.40
    6.94      5.57
    7.76      7.46
   32.03     33.69
    7.15      3.99
    4.63      8.32
    3.47      2.75
    7.59      4.91
    6.81      4.92
    7.32      3.47
    3.99      9.31
    2.75      1.38
  118.93    153.05
  107.55     54.16
   57.46    209.18
   20.15     48.91
   73.67    190.84
   45.29     30.07
   31.37     21.28
   72.03     66.15
   50.00    111.22
   24.03     34.66
   47.92     23.56
    8.22     12.16
   26.66      3.44
   46.84     58.17
    4.86      2.75
   61.77      7.52
   65.37     48.74
   16.51      8.11
  103.60     88.72
   33.33     23.27
   36.04     44.88
   54.16     36.94
   71.03     52.08
   72.96    121.07
   60.80     26.76
   94.53    114.28
  116.60    124.57
   74.79     11.86
   96.69     54.93
  104.88     84.11
   64.14     57.27
   62.56     61.78
   35.99     33.26
   33.66     34.08
   17.65      3.44
   38.74     17.19
    3.78     14.58
    4.18      2.11
   32.63     20.24
    3.99      5.56
    5.43      5.50
    8.24      4.84
    5.50      7.08
   31.60     34.42
    5.43      4.12
    6.80     10.93
    2.82      2.75
    4.98      8.55
    6.28      4.77
    8.45      2.10
    5.04      2.68
    0.72      3.26
    3.54      3.99
    2.75      2.75
    6.95      3.47
    7.39      7.01
    3.40      6.22
    4.06      1.44
    2.16      4.06
    2.10      1.37
    3.41      1.37
    4.84      2.16
    4.57      6.42
    2.75      4.78
    2.75      2.61
    4.78      3.54
    3.47      3.47
    7.46      9.04
    4.19     17.06
   17.11      5.49
    2.68      3.40
    4.05      5.56
    2.89     15.76
   18.57     31.00
   16.32      0.00
    0.72     16.49
   15.58     15.84
    1.37     15.03
   49.05     50.11
   18.20      4.91
   35.02     21.41
   20.61     47.22
   36.10      9.14
   17.24     17.68
    2.81     17.20
   19.40      4.06
    4.79      2.89
   18.00     16.55
    0.72     18.17
    1.96      2.03
   33.16     21.87
   21.10      8.99
    2.82      4.06
    7.79      1.38
    4.13      5.50
    3.92      7.59
    6.29      4.12
    9.35      6.94
    3.54      4.91
   24.90     36.16
   55.98     32.84
   46.66     83.20
   45.69    162.37
   72.77    103.77
   16.12    111.33
   49.35     91.58
    8.78     28.59
    4.26     54.83
   46.94    137.31
   19.68     67.98
   45.34     23.83
   29.28     30.65
    0.64      5.87
   52.34     55.88
   69.79     79.80
   65.03     35.20
   85.50     32.60
   47.85     18.47
   42.31     31.38
   44.74     36.90
    1.37     15.79
   45.39     50.90
   84.08     49.57
   96.34     48.62
   55.80     50.38
   79.48     65.23
   58.40     41.23
   36.67     19.97
   65.88     39.63
    6.94     20.69
   10.06     36.71
   36.32      9.00
   19.38     18.36
    7.02     33.05
   33.65      4.25
   17.85     19.89
   30.56     23.91
    2.08      2.71
   55.08     48.47
   22.84     43.61
   29.76     32.91
   33.66      9.12
   69.76     48.35
    5.49      4.32
   12.49      3.26
    4.27      4.71
    6.16      6.16
   30.56     28.06
    4.05      6.94
   36.95     38.69
    1.44      2.75
   38.57     30.47
    5.05      2.03
   11.68      3.92
    6.66      4.04
    3.55      3.40
    5.56      2.09
    8.90      5.70
    2.03      5.50
    2.03      1.31
    3.92      7.59
   18.66     16.95
    2.75      2.10
    4.19      2.03
    5.50      5.50
    5.36      6.35
    4.77      2.82
    4.05      6.73
    2.10      4.12
    4.84      2.16
    3.40     16.37
    4.05      6.94
   34.02     18.24
    0.72      2.03
    2.03     15.82
    2.17     15.69
   32.40     33.42
   15.84     17.11
   34.40     33.59
   33.61      6.14
    6.20     33.64
    7.74      4.84
   18.57     19.96
   34.35      8.32
    3.27     19.91
    5.63      4.06
   17.26      2.61
    4.78      2.82
    5.63      3.60
    1.37      2.03
    1.36      2.61
    2.68     21.16
    6.87      6.08
   35.69     21.38
    4.26      2.75
   21.10     17.63
    2.75      5.43
    3.40      5.50
    6.86      3.40
   20.95     34.21
  112.09    128.20
   50.72     37.62
   38.38    162.98
   38.18     99.09
    4.20     68.07
   44.29     71.51
    1.96     57.62
   67.19    124.18
   23.25     79.43
   57.25     47.64
   56.35     12.16
   49.97     53.50
   20.16      7.62
   67.10     52.04
   60.72     57.29
   82.22      3.47
   63.51     60.87
   68.62     52.90
   39.77     20.97
   40.76     50.39
   30.82     40.87
    6.16     32.58
  143.74    120.05
   46.82      8.06
   37.06     66.31
   27.18     19.16
  117.64     94.73
   76.37     51.03
   39.76     12.64
   40.99     47.20
   22.69     35.44
   61.27     62.77
    4.85     18.50
   49.58     28.99
   51.90     30.01
   16.03     17.21
   31.21     32.38
   57.19     40.44
    2.74      2.10
   62.63     54.27
   28.44      2.96
   13.36      7.04
    7.49      5.64
    8.76     20.09
    4.85      5.64
   32.76     19.74
    3.47      4.12
   18.41     19.19
    4.84      6.01
    4.06      5.57
    6.50      4.58
    0.72      3.92
    8.38      6.67
    6.38      6.81
    4.12      4.06
    7.73      4.21
    4.19     18.72
    4.19      2.89
    6.15      1.44
    7.46      8.45
   15.58      2.75
    2.03     16.49
    4.20      5.43
    2.75      2.03
    6.22      4.06
    7.59      7.01
    2.03      2.10
    6.08      5.70
    2.10      1.37
   16.97     19.27
    3.34      6.16
    4.20      2.68
   19.24     32.45
    4.14     17.79
   16.52      3.40
   31.05     16.54
    0.72     15.11
   19.05     18.41
   18.65     19.20
   33.98     32.06
   19.26      3.47
    6.80      6.94
    3.47      4.28
   19.71     36.96
   18.27     21.60
   21.98      4.19
   18.99     19.94
    4.26      5.30
    4.70      2.16
    7.01      2.89
    4.29     19.26
    2.61     18.81
    2.75      3.40
   21.39      8.76
   18.27      4.18
    4.98      2.75
    6.29      3.40
   19.06     19.20
    2.10      4.85
  112.11     88.06
   21.78     74.55
   40.81    139.10
   79.15    145.42
    7.90     31.50
    5.11     78.92
   67.01    158.31
    5.57     31.74
   32.64     58.16
   31.91     88.89
  101.15     73.77
   62.56     38.65
   74.54     52.31
   79.66     30.92
   42.87      4.98
   17.72      9.77
    7.52      6.04
   37.21     32.90
   14.20     24.52
  101.31     27.07
  117.86    108.81
   52.75     53.35
  137.52    123.67
   56.24     59.32
   61.51     64.15
    5.03     25.12
   69.19     41.89
   76.92     26.62
   62.37     36.31
   17.16     26.43
   61.48     75.29
   36.81     22.14
   94.44     72.03
   74.23     42.73
    2.84     29.98
   85.96     78.33
   57.64     37.68
   31.24      5.51
   24.50     20.32
   29.85     23.89
    3.38      6.82
   29.97     31.54
   32.17     15.23
    5.59      6.81
   32.21     33.73
   10.34      7.11
    4.73      4.91
   32.03      4.85
    2.75      3.40
    4.78      4.83
   19.17     21.42
    2.82      0.72
    2.10      8.56
    4.26      5.23
    5.59      4.78
   11.40      2.03
    2.89      4.05
    4.78      6.74
    1.37      4.72
    6.91      6.87
    6.36      0.72
    9.56      3.54
    5.45      9.78
    2.03     17.86
    3.54      4.64
    6.88      5.57
   19.30      4.19
    4.27      2.75
    4.13      2.75
    2.68      2.75
    6.67      5.71
    5.38      9.15
    3.40     17.14
    2.82      2.10
   15.59      2.03
    1.37      1.31
    2.75     32.24
    3.44     32.24
   35.18     21.30
   31.61     18.40
   35.82     20.66
   18.65     18.58
   19.35     20.52
    5.43     18.99
   33.18      3.55
    6.23     19.01
    1.31     17.78
   34.59      4.78
   18.53     36.45
    4.85      4.06
   20.61     20.65
   20.15      3.47
    4.12      4.06
    6.01      8.38
    5.57      2.68
    4.85     21.93
    3.49     18.16
   20.75     20.02
   32.65     31.45
  116.01     96.30
   52.57     81.42
   81.55    197.48
   39.78     95.97
    2.79    107.38
    8.90      4.05
   47.99     98.28
   24.25     82.41
   15.22     99.93
   11.59     17.55
   57.55     32.63
   48.31     35.02
   60.90     37.40
   58.57     35.68
   24.27      3.69
   61.94     33.38
   56.36     60.07
   23.49      4.12
   40.24     28.00
    7.58      1.37
    2.31      4.87
   60.93     48.80
   10.31      7.03
   57.12     57.57
   30.68     37.37
    7.60     29.38
  110.26     63.62
   66.03      5.92
   43.71     85.41
   73.03     28.51
   38.30     91.32
  104.24     51.08
   52.23     35.70
   48.67     53.71
   56.05     25.34
   40.97     41.87
   29.63      6.58
   61.21     79.76
   19.19      4.19
   65.77     46.03
   26.02     33.05
   31.78     28.95
   30.62      4.92
   30.04     47.21
   35.06     30.51
    3.54      4.71
   19.07      6.35
   10.37     23.41
    3.49      2.68
    2.03     18.52
   20.97     20.14
    4.21      4.06
    4.37      6.02
   17.86      4.26
    2.89      7.19
    7.01      7.39
    3.54      2.61
    9.97      3.41
    5.64      3.41
    2.75      3.47
    1.44      3.27
    3.40      5.43
    4.93      4.71
    8.83      2.16
   11.72     11.94
    4.86      7.46
    2.10      3.34
    6.76      6.97
   21.12     18.63
    2.18      0.00
    4.13      2.82
    3.99      3.47
    2.17      3.40
    4.64      4.83
    4.06      4.94
   16.50     15.88
    2.03     18.41
   17.34      0.72
    3.40     17.19
   16.55     18.40
    2.68     18.49
   20.70      7.56
   20.26     36.06
   33.95     35.70
   39.03     23.90
   21.68      5.01
    6.87     17.84
    3.56      4.12
   17.88     33.72
    3.50     18.48
   32.39      6.23
   33.44     20.29
    2.75     32.07
    7.00      4.84
   19.77      6.87
   21.99      5.69
    6.22      6.73
    2.10      6.02
   23.23     29.87
  155.59    114.06
   33.64    134.15
    5.45    162.14
   44.52    111.73
   69.04    111.24
    9.90     14.51
  107.96    111.83
   42.65     97.46
   50.34     63.22
   25.09     44.58
   70.16     38.04
   70.69     13.94
   64.36     34.58
   13.07      4.99
   37.31     11.65
   10.00      8.69
   27.79      6.37
    7.08      6.15
    8.90      4.94
   29.80     40.46
   42.79     22.78
   29.33     30.62
   42.21     55.31
   74.39     25.97
  109.88     74.32
   63.42     38.86
   42.15     56.75
   85.96     46.03
   57.58     75.14
   55.68     40.98
   59.23     51.22
   19.15     22.57
   37.49     37.71
   24.86     23.04
   87.12     49.88
    6.07     37.03
   32.74     48.19
   72.17     31.45
   39.52     48.20
   14.66      3.76
   20.18     24.45
    4.04     17.90
   67.84     27.15
   19.66     39.65
   15.65     33.33
   70.08     74.44
   34.91     17.96
   18.64      3.40
   38.21      7.16
    6.09      8.38
    2.16      2.75
    4.06      4.19
    6.39      4.14
    2.03     19.82
   19.71     21.76
   22.84      7.56
    3.33      6.17
    9.91      9.27
    2.89      6.67
    9.24      2.09
    8.44      1.37
    2.75      4.12
    2.10      4.64
    3.40      3.40
    2.82      6.08
    6.44      3.92
   11.65      6.43
    8.11      9.76
    2.05      5.38
    6.31      4.21
   17.13      6.16
    8.29      4.30
    2.77      4.12
    7.01      3.47
    2.03     16.47
    0.65      0.00
   17.00     16.58
    3.92      6.29
    4.08      3.49
   32.80     50.16
    2.16      1.37
   18.40     17.76
   19.95      4.88
   17.67     19.98
    0.74     21.00
   24.11      5.61
   20.77     20.04
   19.02     36.69
   54.16     35.20
   18.65      2.84
    5.59      6.74
    3.33     19.75
    5.46      4.85
    3.69      4.73
   18.44      3.41
   19.32     18.66
    6.81      7.46
    5.50      4.85
    7.72     33.41
    2.39      4.94
    0.84      0.00
    1.00      0.00
    0.00      0.00
    0.00      0.00
    0.00      0.00
    0.00      0.00
    0.00      0.00
    0.00      0.00
    0.00      0.00
    0.00      0.00
    0.00      0.00
    0.00      0.00
    0.00      0.00
    0.00      0.00
    0.00      0.00
    0.00      0.00
    0.00      0.00
    0.00      0.00
    0.00      0.00
    0.00      0.00
    0.00      0.00
    0.00      0.00
    0.00      0.00
    0.00      0.00
    0.00      0.00
    0.00      0.00
    0.00      0.00
    0.00      0.00
    0.00      0.00
    0.00      0.00
    0.00      0.00
    0.00      0.00
    0.00      0.00
    0.00      0.00
    0.00      0.00
    0.00      0.00
