      h_eth1      
 KB/s in  KB/s out
    0.00      0.00
    0.00      0.00
    0.00      0.00
    0.00      0.00
    0.00      0.00
    0.00      0.00
    0.00      0.00
    0.00      0.00
    0.00      0.00
    0.00      0.00
    0.00      0.00
    0.00      0.00
    0.00      0.00
    0.00      0.00
    0.00      0.00
    0.00      0.00
    0.00      0.00
    0.00      0.00
    0.00      0.00
    0.00      0.68
    0.00      0.00
    0.00      0.00
    0.00      0.00
    0.00      0.00
    0.00      0.00
    0.00      0.00
    0.00      0.00
    0.00      0.00
    0.00      0.00
    0.00      0.00
    0.00      0.00
    0.00      0.00
    0.00      0.00
    0.00      0.00
    0.00      0.00
    0.00      0.00
    0.00      0.00
    0.00      0.00
    0.00      0.00
    0.00      0.00
    0.00      0.00
    0.00      0.00
    0.00      0.00
    0.00      0.00
    0.00      0.00
    0.00      0.00
    0.00      0.00
    0.00      0.00
    0.00      0.00
    0.00      0.00
    0.00      0.00
    0.00      0.00
    0.00      0.00
    0.00      0.00
    0.00      0.00
    0.00      0.00
    0.00      0.00
    0.00      0.00
    0.00      0.00
    0.00      0.00
    0.68      0.00
    0.00      0.00
    0.00      0.00
    0.00      0.00
    0.00      0.00
    0.00      0.00
    0.00      0.00
    0.00      0.00
    0.00      0.00
    0.00      0.00
    0.00      0.00
    0.00      0.00
    0.00      0.00
    0.00      0.00
    0.00      0.00
    0.00      0.00
    0.00      0.00
    0.00      0.00
    0.00      0.00
    0.00      0.00
    0.00      0.00
    0.00      0.00
    0.00      0.00
    0.00      0.00
    0.00      0.00
    0.00      0.00
    0.00      0.00
    0.00      0.00
    0.00      0.00
    0.00      0.00
    0.00      0.00
    0.00      0.00
    0.00      0.00
    0.00      0.00
    0.00      0.00
    0.00      0.00
    0.00      0.00
    0.00      0.00
    0.00      0.00
    0.00      0.00
    0.00      0.00
    0.00      0.00
    0.00      0.00
    0.00      0.00
    0.00      0.00
    0.00      0.00
    0.00      0.00
    0.00      0.00
    0.00      0.00
    0.00      0.00
    3.27     26.18
    0.00      0.00
    0.00     25.77
    0.00      0.00
    0.00      0.00
   22.53     27.30
    0.00      0.00
   51.55      2.27
    0.00      0.00
    0.00      0.00
    0.00      1.10
    0.00      0.00
    0.00      0.00
  238.99      2.13
   37.09     40.11
  471.54     64.40
  199.31     73.68
  262.94    141.24
  408.11    256.27
  370.57     68.87
  390.88    287.39
  297.05    224.35
  478.83     95.95
  454.86    567.76
  402.21    103.54
  262.84    522.57
  430.79    366.34
  480.77     25.15
  571.70   1010.98
  463.47     55.13
  652.69    309.58
  561.62    155.33
  692.19     35.33
  468.34      0.00
  428.11   1376.98
  614.48    807.55
  465.83    140.23
  589.24    185.22
  499.25    125.30
  541.49    570.69
  756.17    887.40
  538.01    842.54
  651.55    719.22
  531.45    585.28
  996.03    574.82
  452.14   1033.87
  614.17      0.00
  560.69    207.30
  350.81    670.75
  426.11    153.54
  476.84    596.58
  422.73   1147.62
  426.60   1198.02
  562.14    309.77
  443.76    303.48
  309.26    300.52
  316.28    217.35
  253.86     77.86
  134.79    115.24
  159.16    134.77
   85.12     47.53
   79.18     22.01
   10.89      0.00
    3.51      0.72
    0.00      0.00
    0.00      0.00
    0.00      0.00
    0.00      0.00
    0.00      0.00
    0.00      0.00
    0.00      0.00
    0.00      0.00
    0.00      0.00
    0.00      0.00
    0.00      0.00
    0.00      0.00
    0.00      0.00
    0.00      0.00
    0.00      0.00
    0.00      0.00
    0.00      0.00
    0.00      0.00
    0.00      0.00
    0.00      0.00
    0.00      0.00
    0.00      0.00
    0.00      0.00
    0.00      0.00
    0.00      0.00
    0.00      0.00
    0.00      0.00
    0.00      0.00
    0.00      0.00
    0.00    159.99
    0.00      0.00
  167.75     50.62
   58.47     44.47
    0.65     15.08
   30.96     29.52
    2.16      0.00
   14.43     15.09
    0.00     14.37
   45.99     58.08
   60.37    130.15
   45.33    101.43
  262.95    268.73
  120.30     64.22
  103.09     48.30
   64.03     88.26
   77.08     89.21
  102.93     74.24
   73.47     46.15
   44.56     58.32
   17.31      0.72
   32.45     15.90
    0.71     14.37
    0.65      0.73
   14.44     15.09
    0.71      0.00
   15.16      0.00
    0.00      0.72
    0.00      0.00
    0.00      0.00
   14.37      0.71
    0.00      0.00
    0.00      0.00
    0.00     28.74
   14.43      0.00
   15.16     15.81
    0.00      0.00
    0.00      0.00
    0.71      0.00
    0.00      0.00
    0.00      0.00
    0.00      0.00
    0.00      0.00
    0.00      0.00
    0.00      0.00
    0.00      0.00
    0.00      0.00
    0.00      0.00
    0.00      0.00
    0.00      0.00
    0.00      0.00
    0.00      0.00
    0.00    163.59
   14.79     15.59
  152.95      4.36
   74.94     64.40
   30.51     31.38
   16.29     15.51
    1.44      0.00
   46.61     30.62
   45.54     61.41
   45.16     60.76
   74.38    165.07
  151.93    108.76
  107.38    121.76
  151.01    155.77
   91.04     79.24
   75.20     91.06
   65.83     30.36
  108.71     77.86
   44.36     59.32
   48.09     61.43
   16.95      0.71
   32.57      1.44
    0.00      0.00
    0.71      0.00
    0.00      0.00
    0.00      0.00
    0.00      0.00
    0.00      0.00
    0.00      0.00
    0.00      0.00
    0.00      0.00
    0.00      0.00
    0.00      0.00
   14.79     15.59
    0.00      0.00
    0.00      0.00
    0.72     29.58
    0.00      0.00
   14.15      0.00
    1.42      0.72
    0.00      0.00
    0.00      0.00
    0.00      0.00
    0.00      0.00
    0.00      0.00
    0.00      0.00
    0.00      0.00
    0.00      0.00
    0.00      0.00
    0.00      0.00
    0.00      0.00
    0.00      0.00
   15.00    166.43
   31.24     45.33
   46.54      1.44
  141.29     65.72
   45.86     30.95
   33.59     45.93
   16.47     45.07
   62.98     31.48
   31.50     45.78
   29.98    135.76
  154.71    108.06
   63.85     79.79
  107.37     95.79
   77.24     79.63
  150.81    170.38
   60.76     60.80
   76.59     33.72
   79.40     63.05
   63.44     62.33
   46.42     77.25
   34.42      0.72
   17.16     17.17
   16.51      0.73
    0.00      0.00
    0.71      0.00
    0.00      0.00
    0.00      0.00
    0.00      0.00
    0.00      0.00
    0.00      0.00
    0.00      0.00
    0.00      0.00
    0.00      0.00
    0.00      0.00
    0.00      0.00
    0.00      0.00
    0.00      0.00
    0.00      0.00
    0.00      0.00
    0.00      0.00
    0.00      0.00
    0.00      0.00
    0.00      0.00
    0.00      0.00
   14.99     15.05
    0.00      0.00
    0.00     15.00
    0.72     14.99
    0.00      0.00
   14.85      0.72
   15.05      0.72
   15.82     15.16
   15.76     46.03
    0.72     77.55
   30.00     15.10
  140.08     67.01
   46.76     47.43
   47.92     48.23
   48.25     46.14
    0.72      0.00
   46.82    137.48
  106.60    123.87
  138.26     67.60
   64.19     47.54
   77.87     48.72
   15.82     30.97
   75.69    123.35
  123.06    110.25
   92.29     80.11
   46.74     31.80
   95.69    108.79
   33.75     15.88
   34.58     31.71
   16.63     15.84
   16.55     15.82
   30.03      1.44
   14.99      0.71
    1.44      0.00
    0.00      0.00
    0.00      0.00
    0.00      0.00
    0.00      0.00
    0.00      0.00
    0.00      0.00
    0.00      0.00
    0.00      0.00
    0.00      0.00
    0.00      0.00
    0.00     15.00
    0.00      0.00
    0.00      0.00
    0.71      0.00
    0.00      0.00
    0.00      0.00
    0.00     15.00
    0.00      0.00
   15.81      0.72
    0.00      0.00
    0.00      0.00
    0.41      0.41
    0.00      0.00
    0.65      0.72
    0.00      0.65
    0.65      0.72
    0.00      1.31
   19.15     37.06
    0.00      1.31
    8.24     34.46
    7.71      3.54
    0.65      2.03
   17.27      2.09
    2.10      2.03
    2.82      5.88
    6.94      6.87
    3.54      2.03
    4.19      1.44
    2.09      0.65
    0.00      2.68
    0.65      2.03
    6.15      2.82
    3.99      4.98
    3.33      3.47
    3.33      5.63
    1.31      2.10
   19.36      2.16
    0.00      1.31
    0.72      0.00
    0.65      1.37
    1.44      0.00
    0.00      0.00
    0.72      0.00
    0.00     15.10
    0.00      0.00
   15.90      0.72
    0.00      0.00
    0.00      0.00
    0.00      0.00
    0.00      0.00
    0.00      0.00
    0.00      0.00
    0.00      0.00
    0.00      0.00
    0.00      0.00
    0.00      0.00
    0.00      0.00
    0.00      0.00
    0.00      0.00
    0.00      0.00
    0.00      0.00
   15.10     15.59
    0.00      0.00
    1.46      0.65
    0.00      0.00
    0.00      0.65
    0.72      0.65
    2.03      3.42
    1.31      1.37
    4.05      6.80
   19.97      5.49
   16.44      0.72
   17.95      2.10
    1.96     17.79
    2.61      3.60
   20.42      7.58
   19.69      4.26
    2.03      3.47
    2.03      2.09
   16.44     15.77
    1.37      1.37
    3.33      4.77
    1.37      3.33
    1.37      3.33
    2.09      3.40
    3.61      1.96
    5.56     19.88
    1.44      0.00
   18.67      1.44
    2.16      0.00
    0.65      1.37
    0.00      0.00
   15.71      2.08
    0.00      0.00
    0.00      0.00
    0.72      0.00
    0.00      0.00
    0.00      0.00
    0.00      0.00
    0.00      0.00
    0.00      0.00
    0.00      0.00
    0.00      0.65
    0.72      0.00
    0.00      0.00
    0.00      0.00
    0.00      0.00
    0.00      0.00
    0.00      0.00
    0.00      0.00
    0.00      0.00
    0.00      0.00
    0.00      0.00
    0.65      0.72
    0.00      0.00
    0.00      0.00
    1.31      2.03
    0.72      0.72
    0.72      1.31
    3.33      4.77
    2.68      4.12
    5.64      2.10
    2.68      3.54
   16.30      3.08
   17.91      2.03
    0.65      7.38
    8.31      4.84
    2.09      3.40
    3.54      1.31
    2.82      2.10
    1.37      2.03
   15.10     17.13
    3.54      2.09
    4.19      1.44
    1.31      1.44
    5.94      4.33
    1.31      3.54
    1.96      1.37
    3.33      4.19
    0.00      2.75
    2.09      1.37
    0.72      0.00
    0.00      1.31
    2.16      0.00
    0.00      0.00
   16.54      1.37
    0.00      0.72
    0.00      0.00
    0.00      0.00
    0.72      0.00
    0.00      0.00
    0.00      0.00
    0.00      0.00
    0.00      0.00
    0.00      0.00
    0.00      0.65
    0.00      0.00
    0.72      0.00
    0.00      0.00
    0.00      0.00
    0.00      0.00
    0.00      0.00
    0.00      0.65
    0.72      0.65
    0.72      0.00
    0.00      0.00
    0.65      1.31
    0.72      0.72
    1.37      0.72
    0.65      3.35
    2.75      3.40
    6.15      5.50
   15.89      2.75
    2.75      2.09
    2.81      2.03
    0.00      0.65
    8.70      7.66
    2.10      2.82
    4.78      4.19
    1.31      2.16
   17.27      2.09
    0.00      0.00
    3.33      4.12
    1.31      3.48
    1.44      1.96
    2.82      4.64
    0.00      1.96
    4.91      2.09
    3.60      1.96
    1.44      0.00
    2.03      2.03
    2.82      1.44
    0.72      0.00
    2.68     17.81
    0.00      0.00
    0.00      0.65
    2.16      0.00
    0.72      0.00
    0.00      0.00
    0.65      1.37
    0.00      0.00
    0.00      0.00
    0.72      0.00
    0.00      0.00
    0.00      0.00
    0.00      0.00
    0.00      0.65
    0.00      0.65
    0.00      0.00
   15.79      0.72
    0.00      0.00
    0.00      0.00
    0.00      0.00
    0.65      0.72
    0.00      0.00
    0.00      0.00
    0.65      1.37
    1.37      0.00
    0.72      1.37
    0.00      0.65
    2.68      2.75
    3.33      6.15
    1.37      1.37
    4.26      2.75
    4.84      2.81
    0.65      0.65
    0.65      7.32
    2.75      3.40
    7.07      2.75
    2.82      2.03
    2.09      2.03
    3.16      1.13
    0.72      3.99
    1.37      1.37
    5.56      2.03
    1.37      2.82
    0.65      0.00
    4.70      3.54
    3.33      4.33
    2.68      2.16
    1.31      0.72
    1.96      3.47
    0.00      0.72
    0.72      1.31
    1.37      0.72
    0.00      0.00
    2.09      2.03
    0.00      0.65
    0.00      0.00
    1.44      0.00
    0.72      0.00
    0.00      0.00
    1.31      2.10
    0.00      0.00
    0.00      0.00
    0.72      0.00
    0.00      0.00
    0.00      0.00
    0.00      0.00
    0.00      0.65
    0.00      0.00
    0.72      0.00
    0.00      0.65
    0.72      0.00
    0.00      0.00
    0.00      0.65
    1.37      1.37
    0.00      0.65
    1.37      0.72
    0.72      0.65
    2.09      2.03
    1.37      2.70
    2.68      3.40
    6.15      4.91
    1.37      2.75
    0.72      1.31
    3.54      0.00
    4.70      6.21
    1.96      3.54
    3.47      2.09
    2.66      2.08
    1.31      2.82
    1.44      0.65
    2.68      2.10
    1.96      4.84
    2.09      0.00
    2.09      2.68
    1.37      4.05
    0.72      3.26
    2.09      2.03
    2.16      1.31
    4.98      2.03
    1.44      0.00
    2.10      0.65
    2.09      1.44
    0.72      0.00
    0.65      1.37
    0.65      0.72
    0.00      0.65
    1.37      1.96
    0.72      0.72
    0.00      0.00
    0.72      0.00
    1.44      0.00
    0.00      0.00
    0.65      0.73
    0.00      0.00
    0.65     15.17
    0.00      0.00
    0.00      0.00
    0.72      0.00
    0.00      0.65
    0.65      0.00
    0.72      0.72
    0.00      0.00
    0.00      0.00
    1.37      1.37
    0.00      0.00
    1.37      0.65
    0.65      2.03
    2.03      1.44
    0.00      1.37
    0.00      1.96
   20.59      7.52
    2.88      1.37
    2.09      0.72
    4.05      3.54
    2.03      5.36
    1.37      1.31
    5.63      4.12
    1.44      2.61
    2.09      0.00
    2.16      1.37
    1.37      2.03
    1.37      2.68
    1.44      1.31
    4.05      2.16
    1.44      1.37
    3.33      2.16
    1.96      3.47
    1.37      1.44
    4.71      3.54
    1.96      2.16
    1.31      1.44
    1.37      2.09
    0.65      1.37
    0.00      0.65
    1.44      0.00
    0.00      0.00
    0.72      0.65
    0.65      0.73
    0.00      0.00
    0.00      1.96
    1.37      0.72
    0.72      0.00
    0.00      0.65
    1.44      0.00
    0.00      0.00
    0.65      1.39
    1.37      0.00
    0.72      0.72
    0.00      0.00
    0.72      0.65
    0.00      0.65
    0.00      0.00
    0.72      0.00
    1.37      1.37
    0.00      0.00
    0.65      1.37
    0.65      0.65
    1.44      2.03
    1.44      0.00
    0.00      0.65
    4.06      5.45
    1.96      3.54
    4.12      2.75
    2.16      2.68
    1.37      2.02
    6.87      1.37
    1.31      5.63
    2.68      1.44
    2.75      2.09
    1.31      2.81
    0.72      0.65
    0.00      0.65
    4.05      1.44
    1.31      4.84
    0.72      0.65
    2.09      2.68
    1.37      1.96
    4.19      3.47
    1.37      3.99
    0.00      1.31
    2.88      1.96
    4.26      0.65
    1.44      0.72
    1.44      0.00
    2.75      2.09
    0.00      0.00
    1.37      0.72
    0.00      0.00
    0.00      0.00
    0.65      0.00
    0.00      0.74
    0.00      0.65
    0.00      0.00
    0.65      2.03
    0.72      0.00
    0.00      0.65
    1.44      0.00
    0.00      0.00
    0.00      0.00
    2.68      2.16
    0.00      0.65
    0.00      0.00
    0.72      0.65
    2.09      1.37
    0.00      0.65
    0.72      0.00
    1.37      1.37
    1.30      0.72
    0.65      1.44
    8.47      1.44
   20.36     31.34
  130.54    216.83
   19.01     55.67
  105.30    219.87
  132.04    177.95
  149.25    110.51
  240.32    121.65
  110.70     71.27
  283.05    193.57
   94.77     44.62
   88.07     39.05
   85.61     44.40
    2.81      3.33
   34.39      4.12
    2.82     15.81
    3.40      0.72
    1.37      2.75
    0.65      2.75
    1.31      1.44
    4.12      2.16
    2.68      1.44
    1.96      3.54
    1.96      2.16
    2.68      1.44
    0.00      1.37
    0.00      0.00
    0.65      2.03
    0.72      0.00
    0.72      0.00
    0.72      0.65
    0.00      0.00
    0.00      0.00
    1.13      0.41
    0.00      0.00
    0.00      0.65
    0.00      0.00
    1.37      1.31
    0.00      0.72
    0.00      0.00
    2.16      0.65
    0.00      0.00
    0.00      0.65
    0.65      0.72
    2.09      2.02
    0.00      0.00
    0.72      0.00
    0.72      1.30
    0.00      0.65
    1.44      0.00
    1.44      3.26
    3.54      2.03
    1.31      2.68
    0.65      4.06
    1.37      1.37
    6.95      3.49
    2.82      3.40
    1.37      2.03
    6.08      5.63
    2.74     29.46
   18.49     30.96
   45.91     33.73
   45.35     31.60
   28.79     15.82
    4.18      2.16
    2.03      3.40
   16.16     16.22
    1.44      1.31
    1.44      0.65
    2.10      1.37
    2.75      3.40
    2.02      2.68
    0.72      3.33
    2.16      1.31
    2.09      2.68
    2.88      0.00
    2.82      0.72
    1.44      0.00
    0.00      0.65
    0.65      1.37
    0.65      0.72
    1.44      0.00
    0.00      0.00
    0.65      0.72
    0.00      0.00
    0.00      0.00
    0.00      0.00
    0.00      0.65
    0.00      0.00
    0.00      0.00
    1.37      2.03
    0.65      0.72
    0.00      0.00
    0.00      0.00
    2.82      2.03
    0.65      0.00
    0.72      1.37
    0.65      0.72
    0.72      0.00
    1.31      1.44
    3.68      2.16
   91.97    127.73
  106.07    156.10
   43.44    152.31
   91.66    247.46
  182.43    214.55
  141.79    157.93
  243.46    135.84
  125.84    102.14
  159.05    110.54
   86.24     36.95
   32.96     51.99
   73.89     56.03
   46.66     32.47
   41.95     46.26
   55.39     23.33
   19.02     17.61
   10.23      3.11
    2.09      1.44
    2.75      2.68
    0.72      0.72
    2.03      1.44
    1.44      0.65
    3.26      2.88
    0.65      1.44
    2.68      1.44
    1.31      2.82
    1.31      1.44
    0.65      0.72
    0.72      0.65
    0.00      0.00
    0.65      1.37
    0.00      0.00
    1.44      0.00
    0.00      0.00
    0.00      0.00
    0.00      0.00
    0.00      0.00
    0.00      0.00
    0.00      0.65
    0.72      0.65
    0.00      0.00
    0.72      0.00
    0.65      0.65
    0.72      0.72
    0.00      0.00
    0.00      0.65
    0.72      0.65
    1.37      2.68
    0.72      0.00
    3.60      3.92
    2.16      5.22
   18.57     17.91
    0.72      1.37
    1.44      1.96
    7.02      4.72
    1.37      1.44
    2.68      2.03
    3.60      2.75
   19.01     48.89
   17.92     30.84
   45.96     46.09
   48.01     48.66
   18.71     18.46
   47.26     16.49
   17.08     31.53
   32.01     33.51
   15.80      1.36
   34.30     17.88
   14.99     17.01
    1.44      0.65
    2.81      1.37
    2.83      2.03
    0.72      1.96
    0.65      1.37
    1.37      3.34
    2.16      1.31
    2.88      0.65
    2.16      0.00
    2.75      0.65
    0.72      1.44
    0.72      0.00
    1.31      0.00
    0.00      1.44
    0.00      0.00
    0.00      0.00
    0.00      0.00
    0.00      0.00
    0.00      0.00
    0.65      0.00
    0.00      0.72
    0.00      0.00
    0.00      0.65
    1.37      1.37
    0.72      0.00
    0.00      0.00
    0.00      0.00
    0.65      0.72
    0.00      0.65
    0.65      0.72
   30.85    417.33
  227.42     25.42
  207.83     17.03
   39.79      2.13
   31.34     23.86
   51.81     43.69
   71.17     81.82
   91.49     88.08
  130.11     96.31
   56.79     13.71
   63.42     33.54
   36.11     22.04
   31.79      6.17
    0.71      0.00
    0.72      0.00
    0.00      0.00
    0.00      0.00
    0.00      0.00
    0.00      0.00
    0.00      0.00
    0.00      0.00
    0.00      0.00
    0.68      0.00
    0.00      0.00
    0.00      0.00
    0.00      0.00
    0.00      0.00
    0.00      0.00
    0.00      0.00
    0.00      0.00
    0.00      0.00
    0.00      0.00
    0.00      0.00
    0.00      0.00
    0.00      0.00
    0.00      0.00
    0.00      0.00
    0.00      0.00
    0.00      0.00
    0.00      0.00
    0.00      0.00
    0.00      0.00
    0.00      0.00
    0.00      0.00
    0.00      0.00
    0.00      0.00
    0.00      0.00
    0.00      0.00
    0.00      0.00
    2.61      1.96
    6.73      9.23
   22.33    100.30
   47.18    103.53
   53.97     10.94
   74.61      6.96
   17.95      2.11
    2.90      0.00
    2.88      3.26
   14.38     15.09
   58.21     59.84
    3.52      0.00
   17.98     15.80
   15.09     14.42
   16.44     14.42
   14.37     14.43
    1.44      0.00
    0.72      0.00
    0.00      0.00
    0.00      0.00
    0.00      0.00
    0.00      0.00
    0.00      0.00
    0.00      0.00
    0.00      0.00
    0.00      0.00
    0.00      0.00
    0.00      0.00
    0.00      0.00
    0.00      0.00
    0.00      0.00
    0.00      0.00
    0.00      0.00
    0.00      0.00
    0.00      0.00
    0.00      0.00
    0.00      0.00
    0.00      0.00
    0.00      0.00
    0.00      0.00
    0.00      0.00
    0.00      0.00
    0.00      0.00
    0.00      0.00
    0.00      0.00
    0.00      0.00
    0.00      0.00
    0.00      0.00
    0.00      0.00
    1.04      0.00
    1.94      2.59
    7.27      9.16
    1.31     22.35
   12.52     53.97
   42.82     39.88
   45.46     86.66
   29.26      4.08
   67.40      8.40
   22.85      4.32
   15.45      0.72
    3.55     14.86
   33.02     35.39
   30.31     31.10
    0.00      0.00
   16.97     16.26
    1.37      0.72
   45.81     44.54
    0.00      0.00
    1.44      0.00
    0.72      0.00
    0.00      0.00
    0.00      0.00
    0.00      0.00
    0.00      0.00
    0.00      0.00
    0.00      0.00
    0.00      0.00
    0.00      0.00
    0.00      0.00
    0.00      0.00
    0.00      0.00
    0.00      0.00
    0.00      0.00
    0.00      0.00
    0.00      0.00
    0.00      0.00
    0.00      0.00
    0.00      0.00
    0.00      0.00
    0.00      0.00
    0.00      0.00
    0.00      0.00
    0.00      0.00
    0.00      0.00
    0.00      0.00
    0.00      0.00
    0.00      0.00
    0.00      0.00
    0.00      0.00
    0.00      0.00
    4.77      4.84
    4.57      6.35
    1.44      0.00
   16.96     14.21
    5.87     13.87
    9.41     16.10
    8.76      9.62
    8.52      6.81
    4.19      9.35
    4.77      2.16
   25.01     19.12
   20.04     17.67
   16.39     16.51
   16.44     15.79
   17.88     16.45
    1.44      0.65
   14.99     16.44
    1.44      0.00
   31.36     30.83
   16.42     15.78
    0.72      0.00
    0.00      0.00
    0.72      0.00
    0.00      0.00
    0.00      0.00
    0.00      0.00
    0.00      0.00
    0.00      0.00
    0.00      0.00
    0.00      0.00
    0.00      0.00
    0.00      0.00
    0.00      0.00
    0.00      0.00
    0.00      0.00
    0.00      0.00
    0.00      0.00
    0.00      0.00
    0.00      0.00
    0.00      0.00
    0.00      0.00
    0.00      0.00
    0.00      0.00
    0.00      0.00
    0.00      0.00
    0.00      0.00
    0.00      0.00
    0.00      0.00
    0.00      0.00
    0.00      0.00
    4.82      4.75
    2.16      4.57
    4.19      1.44
    0.00     16.74
    7.10      6.91
   18.00      7.12
    7.27      8.04
   12.03      7.08
    7.90      4.12
    8.95      4.86
    5.43      9.56
    4.87      4.33
    6.94      2.18
    2.16      2.03
    1.96      2.16
    0.65      0.72
    0.73      0.72
    0.72      0.65
    0.00      0.65
    0.00      0.00
    0.72      0.00
    0.65      0.72
    0.72      0.00
    0.00      0.00
    0.00      0.00
    0.00      0.00
    0.00      0.00
    0.68      0.00
    0.00      0.00
    0.00      0.00
    0.00      0.00
    0.00      0.00
    0.00      0.00
    0.00      0.00
    0.00      0.00
    0.00      0.00
    0.00      0.00
    0.00      0.00
    0.00      0.00
    0.00      0.00
    0.00      0.00
    0.00      0.00
    0.00      0.00
    0.00      0.00
    0.00      0.00
    0.00      0.00
    0.00      0.00
    0.00      0.00
    0.00      0.00
    0.00      0.00
    4.77      4.84
    4.57      2.88
    1.44      3.47
    0.00      0.00
    9.14      7.93
    7.83     14.73
    6.60      6.87
    6.29      7.66
    7.39      7.08
    8.17     10.85
    2.75      3.40
    4.33      2.68
    3.47      7.25
    4.26      2.09
    4.84      3.40
    5.79      0.72
    0.72      0.65
    2.16      0.65
    1.34      0.00
    0.72      0.72
    0.72      0.65
    0.00      0.00
    0.00      0.65
    0.00      0.00
    1.37      0.00
    0.72      0.72
    0.00      0.00
    0.00      0.00
    0.00      0.00
    0.00      0.00
    0.00      0.00
    0.00      0.00
    0.00      0.00
    0.00      0.00
    0.00      0.00
    0.00      0.00
    0.00      0.00
    0.00      0.00
    0.00      0.00
    0.00      0.00
    0.00      0.00
    0.00      0.00
    0.00      0.00
    0.00      0.00
    0.00      0.00
    0.00      0.00
    0.00      0.00
    0.00      0.00
    0.00      0.00
    0.00      0.00
    4.84      4.78
    1.44      4.55
    4.92      1.44
    0.00      0.00
    0.41     13.47
    6.42      3.88
   10.94      8.49
    4.95      7.98
    8.30      5.80
    5.71      4.06
    7.01      2.82
    5.43      5.57
    6.29      3.54
    2.75      2.09
    4.56      4.27
    0.72      5.36
    3.40      2.82
    6.94      2.88
    0.72      0.00
    0.41      1.06
    0.00      0.65
    0.00      0.00
    1.37      0.72
    0.72      0.65
    0.00      0.00
    0.00      0.65
    0.00      0.00
    1.37      0.00
    0.72      0.72
    0.00      0.00
    0.00      0.00
    0.00      0.00
    0.00      0.00
    0.00      0.00
    0.00      0.00
    0.00      0.00
    0.00      0.00
    0.00      0.00
    0.00      0.00
    0.00      0.00
    0.00      0.00
    0.00      0.00
    0.00      0.00
    0.00      0.00
    0.00      0.00
    0.00      0.00
    0.00      0.00
    0.00      0.00
    0.00      0.00
    2.61      1.96
    2.85      2.88
    4.57      2.16
    1.44      4.19
    0.00      0.00
    0.00      0.00
    8.49      6.49
    8.49     16.19
    0.72      0.65
   10.20      8.89
    1.96      4.33
    6.80      6.28
    5.43      5.49
    3.40      6.15
    3.47      4.71
    3.54      2.68
    3.61      1.31
    2.18      0.65
    4.19      7.32
    2.68      1.37
    0.72      1.44
    7.14      0.72
    0.72      0.00
    0.00      0.65
    0.00      0.65
    0.00      0.00
    1.37      0.72
    0.00      0.00
    0.72      0.65
    0.00      0.65
    0.00      0.00
    0.72      0.00
    1.37      0.72
    0.00      0.00
    0.00      0.00
    0.00      0.00
    0.00      0.00
    0.00      0.00
    0.00      0.00
    0.00      0.00
    0.41      0.00
    0.00      0.00
    0.00      0.00
    0.00      0.00
    0.00      0.00
    0.00      0.00
    0.00      0.00
    0.00      0.00
    0.00      0.00
    0.00      0.00
    4.83      4.77
    0.00      0.00
    0.72      4.57
    5.61      1.44
    0.00      0.00
    0.00      0.00
    0.00      9.12
    6.30      7.61
    7.59      1.37
    8.57     11.41
    2.68      1.38
    6.94      6.15
    4.33      4.06
    6.29      3.34
    3.33      4.33
    4.26      2.03
    4.71      4.19
    6.08      3.63
    0.72      2.09
    0.00      0.65
    1.96      4.71
    2.75      3.47
    2.68      2.81
    4.98      0.72
    0.00      0.00
    0.72      0.00
    0.00      0.65
    0.00      0.65
    0.00      0.00
    4.87      0.72
    3.15      0.00
    3.74      0.65
    0.00      0.65
    3.05      0.00
    3.69      0.00
    3.26      0.72
    0.72      0.00
    0.00      0.00
    0.00      0.00
    1.49      0.00
    0.00      0.00
    0.00      0.00
    0.00      0.00
    0.00      0.00
    0.00      0.00
    0.00      0.00
    0.00      0.00
    0.00      0.00
    0.00      0.00
    0.00      0.00
    4.77      4.84
    0.00      0.00
    1.96      2.16
    4.05      4.19
    0.00      0.00
    0.00      0.00
    0.00      0.00
    5.88      6.49
    7.83      9.03
    3.99      7.14
    3.54      3.26
    6.66      6.28
    4.12      4.33
    5.35      5.62
    2.09      2.61
    3.33      4.26
    5.56      5.43
    2.03      5.95
    1.37      0.72
    5.79      0.72
    1.44      1.96
    1.44      1.30
    1.31      0.65
    1.44      6.04
    4.19      1.44
    3.54      1.37
    2.09      0.72
    0.00      0.00
    0.72      0.00
    0.00      0.65
    0.00      0.00
    0.00      0.65
    1.37      0.00
    0.00      0.72
    0.72      0.65
    0.00      0.00
    0.00      0.65
    0.72      0.00
    0.65      0.72
    0.72      0.00
    0.00      0.00
    0.00      0.00
    0.00      0.00
    0.00      0.00
    0.00      0.00
    0.00      0.00
    0.00      0.00
    0.00      0.00
    0.00      0.00
    0.00      0.00
    4.83      4.76
    0.00      0.00
    0.00      4.52
    6.35      1.44
    0.00      0.00
    0.00      0.00
    0.00      0.00
    0.00      7.73
    5.77      7.83
    5.44      1.96
   10.20      6.02
    2.10      5.88
    1.96      3.54
    7.00      4.70
    4.29      2.68
    2.67      2.74
    5.57      4.85
    2.09      0.72
    3.54      2.03
    6.67      7.09
    3.40      2.16
    1.44      0.00
    0.00      0.00
    1.96      2.03
    0.65      2.09
    1.37      4.71
    2.75      1.37
    2.81      1.37
    2.82      0.72
    0.41      1.13
    0.72      0.00
    0.00      0.00
    0.00      0.65
    0.00      0.00
    0.00      0.65
    1.37      0.00
    0.00      0.72
    0.72      0.65
    0.00      0.00
    0.00      0.65
    0.72      0.00
    0.65      0.00
    0.72      0.72
    7.21      0.00
    0.00      0.00
    0.00      0.00
    0.00      0.00
    0.00      0.00
    0.00      0.00
    0.00      0.00
    4.78      4.85
    0.00      0.00
    1.96      2.16
    4.06      4.19
    1.80      0.00
    0.00      0.00
    0.00      0.00
    0.00      0.00
    5.88      6.49
    4.57      5.57
    7.25     10.61
    1.44      1.96
    4.84      2.03
    6.74      7.01
    2.03      2.89
    4.64      2.68
    1.44      4.91
    3.33      2.09
    2.82      5.43
    4.13      4.13
    0.65      2.61
    2.84      2.75
    4.98      0.72
    2.89      1.96
    0.00      0.00
    0.00      0.65
    0.00      1.31
    3.47      4.05
    1.44      1.31
    2.03      1.44
    4.26      0.72
    1.37      0.72
    0.00      0.00
    0.00      0.00
    0.00      0.00
    0.00      0.65
    0.00      0.00
    0.00      0.65
    4.22      0.00
    4.46      0.72
    0.72      0.65
    3.51      0.00
    3.07      0.65
    4.08      0.00
    0.00      0.00
    2.06      0.72
    0.00      0.00
    0.00      0.00
    1.31      0.00
    1.31      2.61
    6.36      2.16
    2.62      0.00
    2.46      1.89
    7.72      3.38
    0.00      0.00
    0.00      0.00
    0.00      0.00
    0.00      0.00
    0.00      7.18
    6.50      5.88
    4.91      4.64
    8.39      4.26
    3.61      3.92
    1.96      6.08
    2.82      0.72
    5.56      6.08
    2.89      0.00
    2.68      4.05
    4.91      4.12
    0.65      1.37
    5.56      0.72
    3.99      4.28
    2.75      4.19
    2.68      2.09
    2.16      0.72
    0.00      0.00
    1.96      2.16
    0.00      0.65
    0.00      1.31
    1.31      0.72
    1.44      5.29
    2.03      1.44
    2.89      0.00
    2.16      0.00
    0.65      0.72
    0.00      0.00
    0.00      0.00
    0.00      0.00
    0.00      0.65
    0.00      0.00
    0.00      0.65
    1.13      0.41
    0.65      0.72
    0.00      0.65
    0.72      0.00
    0.00      0.65
    0.72      0.00
    0.00      0.00
    1.37      0.72
    4.78      4.84
    0.00      0.00
    0.00      0.00
    1.96      2.16
    4.05      4.19
    0.00      0.00
    0.00      0.00
    0.00      0.00
    0.00      0.00
    0.00      0.00
    5.87      6.48
    3.26      4.90
    8.55      9.82
    0.72      2.09
    3.61      1.96
    3.27      2.82
    6.73      7.00
    0.72      1.44
    4.71      2.68
    1.37      4.92
    2.10      0.00
    4.12      4.84
    2.61      5.36
    1.44      1.44
    2.90      1.96
    2.03      3.40
    2.82      0.72
    3.61      1.96
    0.00      0.00
    0.00      0.00
    2.16      0.00
    0.00      1.31
    0.65      1.37
    2.75      4.06
    1.37      2.03
    2.10      0.72
    2.89      0.00
    0.65      0.00
    0.00      0.72
    0.00      0.00
    0.41      0.00
    0.00      0.00
    0.00      0.65
    0.00      0.00
    0.00      0.65
    0.72      0.00
    0.65      0.72
    0.00      0.65
    0.72      0.00
    0.00      0.65
    5.56      4.77
    0.00      0.00
    0.65      0.72
    0.72      1.95
    4.15      4.01
    2.16      0.00
    0.00      0.00
    0.00      0.00
    0.00      0.00
    0.00      0.00
    0.00      5.77
    6.50      4.57
    0.65      7.25
    9.76      1.44
    6.49      2.82
    1.96      6.08
    0.00      3.92
    2.82      0.72
    5.56      6.08
    2.88      0.00
    1.96      2.75
    6.28      4.21
    0.00      1.96
    2.03      1.37
    5.50      3.63
    3.40      2.16
    1.37      1.31
    2.68      4.19
    1.37      0.72
    1.44      0.00
    1.96      2.16
    0.00      0.00
    0.00      0.00
    0.00      1.96
    0.65      0.65
    0.65      4.05
    2.89      1.31
    1.31      1.44
    2.88      0.00
    1.44      0.00
    0.65      0.72
    0.00      0.00
    0.00      0.00
    0.00      0.00
    0.41      0.41
    0.00      0.65
    0.00      0.00
    0.00      0.00
    0.72      0.65
    0.65      0.00
    4.77      6.22
    0.72      0.00
    0.00      0.00
    2.68      1.37
    3.33      5.63
    1.37      0.00
    0.72      0.72
    0.00      0.00
    0.00      0.00
    0.00      0.00
    0.00      0.00
    5.87      6.49
    3.26      2.75
    4.64      9.10
    4.64      4.98
    3.61      1.96
    0.00      0.00
    6.08      2.81
    3.26      6.29
    1.37      2.16
    2.10      3.33
    3.33      4.19
    1.44      0.00
    3.40      1.37
    2.75      5.50
    2.61      4.78
    4.35      0.72
    0.00      1.96
    3.47      1.37
    0.72      2.03
    2.81      2.68
    1.44      0.00
    0.00      0.00
    2.16      0.00
    0.00      0.00
    0.65      0.00
    0.00      2.68
    1.31      0.72
    1.44      3.99
    1.37      1.37
    3.54      0.72
    1.44      0.00
    0.00      0.00
    0.65      0.72
    0.00      0.00
    0.00      0.00
    0.00      0.00
    0.00      0.00
    0.00      0.65
    0.00      0.00
    4.84      4.77
    0.72      0.65
    0.00      0.00
    0.65      3.33
    4.19      4.05
    2.88      0.00
    0.72      0.65
    0.00      0.00
    0.00      0.00
    1.37      0.72
    0.00      0.00
    0.00      5.87
    0.73      3.26
    6.42      5.95
    4.26      3.33
    8.38      3.54
    4.27      0.72
    1.31      6.08
    0.00      3.92
    2.82      0.72
    5.57      2.82
    2.88      2.61
    1.96      1.44
    2.03      4.78
    2.88      0.65
    0.65      1.31
    4.05      4.21
    4.19      2.16
    3.40      2.16
    0.72      0.65
    2.61      2.82
    0.72      2.03
    1.37      0.72
    3.40      2.16
    0.00      0.00
    0.00      0.65
    0.00      0.00
    0.00      0.00
    0.72      1.31
    0.65      1.37
    2.09      3.33
    1.37      1.31
    0.65      1.44
    2.88      0.00
    1.44      0.00
    0.00      0.00
    0.65      0.72
    0.00      0.00
    0.00      0.00
    0.00      0.00
    4.77      4.84
    0.00      0.65
    0.00      0.00
    1.30      0.00
    2.68      4.12
    2.75      2.88
    0.65      1.37
    0.00      0.00
    0.72      0.00
    0.72      0.65
    0.00      0.00
    0.00      0.00
    6.52      1.44
    2.03      6.42
    2.61      4.26
    8.62      9.82
    0.71      3.34
    2.89      0.65
    1.44      0.00
    4.64      3.54
    2.61      4.84
    2.03      2.89
    1.44      2.61
    3.99      1.37
    1.44      2.89
    1.44      0.65
    3.33      4.12
    0.00      2.03
    3.42      4.77
    4.19      0.74
    0.72      2.03
    2.16      0.65
    1.31      2.09
    2.16      3.27
    2.10      0.72
    0.74      0.00
    2.16      0.00
    0.00      0.00
    0.65      0.72
    0.00      0.00
    0.00      1.31
    0.65      0.65
    0.65      1.44
    2.16      3.26
    0.65      1.37
    3.55      0.74
    1.44      0.00
    0.00      0.00
    0.65      0.00
    0.00      0.72
    4.84      4.77
    0.00      0.00
    0.00      0.00
    0.00      1.96
    3.47      3.26
    2.89      1.44
    0.00      0.00
    0.72      0.00
    0.00      0.65
    0.65      0.65
    0.00      0.72
    0.72      0.00
    0.72      5.88
    0.00      1.96
    7.15      4.57
    4.91      7.40
    7.66      2.09
    5.04      1.44
    1.96      2.82
    0.00      3.26
    0.00      3.26
    2.82      1.37
    4.84      2.82
    3.60      2.61
    2.61      1.44
    1.37      2.16
    2.87      2.61
    0.00      0.00
    1.96      2.77
    4.19      3.40
    2.03      1.46
    3.49      2.16
    1.37      0.72
    1.96      2.10
    1.39      3.40
    0.65      0.00
    4.14      2.88
    0.00      0.00
    0.00      0.65
    0.00      0.00
    0.00      0.00
    0.72      0.00
    0.00      0.65
    0.00      1.31
    0.65      0.72
    2.10      3.34
    1.37      1.31
    0.65      1.46
    3.62      0.00
    3.33      2.67
    2.16      2.16
    0.65      0.72
    0.00      0.00
    0.00      0.00
    2.37      3.88
    4.05      2.89
    0.00      0.00
    0.00      0.65
    0.00      0.00
    0.00      0.00
    0.00      0.00
    0.72      0.65
    0.00      0.65
    3.92      0.74
    3.33      7.14
    3.26      4.26
    6.67      8.31
    3.34      4.98
    4.26      1.96
    0.74      0.74
    2.82      0.65
    3.26      3.61
    1.96      4.12
    2.68      2.89
    1.13      3.02
    2.09      1.37
    4.05      3.54
    1.44      0.00
    0.72      2.61
    3.32      2.88
    1.46      1.31
    3.40      4.13
    1.37      2.05
    0.74      0.65
    2.16      0.65
    2.03      2.11
    2.84      3.99
    1.37      0.72
    1.46      0.00
    2.16      0.00
    0.65      0.72
    0.00      0.00
    0.00      0.00
    0.00      0.00
    0.00      0.00
    0.00      1.31
    0.65      1.37
    1.37      3.35
    1.44      1.30
    0.86      0.49
    2.83      3.88
    0.00      0.00
    0.00      0.00
    0.00      0.00
    0.00      0.00
    0.00      0.00
    0.00      0.00
    0.00      0.00
    0.00      0.00
    0.00      0.00
    0.00      0.00
    0.00      0.00
    0.00      0.00
    0.00      0.00
    0.00      0.00
    0.00      0.00
    0.00      0.00
    0.00      0.00
    0.00      0.00
    0.00      0.00
    0.00      0.00
    0.00      0.00
    0.00      0.00
    0.00      0.00
    0.00      0.00
    0.00      0.00
    0.00      0.00
    0.00      0.00
